[2023-12-26T13:17:40.246+0545] {taskinstance.py:1957} INFO - Dependencies all met for dep_context=non-requeueable deps ti=<TaskInstance: metrics_pipeline.fetch_and_store_metrics scheduled__2023-05-29T00:00:00+00:00 [queued]>
[2023-12-26T13:17:40.251+0545] {taskinstance.py:1957} INFO - Dependencies all met for dep_context=requeueable deps ti=<TaskInstance: metrics_pipeline.fetch_and_store_metrics scheduled__2023-05-29T00:00:00+00:00 [queued]>
[2023-12-26T13:17:40.251+0545] {taskinstance.py:2171} INFO - Starting attempt 1 of 2
[2023-12-26T13:17:40.263+0545] {taskinstance.py:2192} INFO - Executing <Task(PythonOperator): fetch_and_store_metrics> on 2023-05-29 00:00:00+00:00
[2023-12-26T13:17:40.265+0545] {standard_task_runner.py:60} INFO - Started process 26980 to run task
[2023-12-26T13:17:40.267+0545] {standard_task_runner.py:87} INFO - Running: ['airflow', 'tasks', 'run', 'metrics_pipeline', 'fetch_and_store_metrics', 'scheduled__2023-05-29T00:00:00+00:00', '--job-id', '152', '--raw', '--subdir', 'DAGS_FOLDER/taxi_metrics_dag.py', '--cfg-path', '/tmp/tmpg76wdqwp']
[2023-12-26T13:17:40.268+0545] {standard_task_runner.py:88} INFO - Job 152: Subtask fetch_and_store_metrics
[2023-12-26T13:17:40.292+0545] {task_command.py:423} INFO - Running <TaskInstance: metrics_pipeline.fetch_and_store_metrics scheduled__2023-05-29T00:00:00+00:00 [running]> on host Sarita-Thinkpad
[2023-12-26T13:17:40.344+0545] {taskinstance.py:2481} INFO - Exporting env vars: AIRFLOW_CTX_DAG_OWNER='airflow' AIRFLOW_CTX_DAG_ID='metrics_pipeline' AIRFLOW_CTX_TASK_ID='fetch_and_store_metrics' AIRFLOW_CTX_EXECUTION_DATE='2023-05-29T00:00:00+00:00' AIRFLOW_CTX_TRY_NUMBER='1' AIRFLOW_CTX_DAG_RUN_ID='scheduled__2023-05-29T00:00:00+00:00'
[2023-12-26T13:17:40.358+0545] {python.py:201} INFO - Done. Returned value was: None
[2023-12-26T13:17:40.362+0545] {taskinstance.py:1138} INFO - Marking task as SUCCESS. dag_id=metrics_pipeline, task_id=fetch_and_store_metrics, execution_date=20230529T000000, start_date=20231226T073240, end_date=20231226T073240
[2023-12-26T13:17:40.399+0545] {local_task_job_runner.py:234} INFO - Task exited with return code 0
[2023-12-26T13:17:40.417+0545] {taskinstance.py:3281} INFO - 0 downstream tasks scheduled from follow-on schedule check
[2023-12-27T12:11:58.250+0545] {taskinstance.py:1957} INFO - Dependencies all met for dep_context=non-requeueable deps ti=<TaskInstance: metrics_pipeline.fetch_and_store_metrics scheduled__2023-05-29T00:00:00+00:00 [queued]>
[2023-12-27T12:11:58.255+0545] {taskinstance.py:1957} INFO - Dependencies all met for dep_context=requeueable deps ti=<TaskInstance: metrics_pipeline.fetch_and_store_metrics scheduled__2023-05-29T00:00:00+00:00 [queued]>
[2023-12-27T12:11:58.255+0545] {taskinstance.py:2171} INFO - Starting attempt 1 of 2
[2023-12-27T12:11:58.267+0545] {taskinstance.py:2192} INFO - Executing <Task(PythonOperator): fetch_and_store_metrics> on 2023-05-29 00:00:00+00:00
[2023-12-27T12:11:58.269+0545] {standard_task_runner.py:60} INFO - Started process 12574 to run task
[2023-12-27T12:11:58.271+0545] {standard_task_runner.py:87} INFO - Running: ['airflow', 'tasks', 'run', 'metrics_pipeline', 'fetch_and_store_metrics', 'scheduled__2023-05-29T00:00:00+00:00', '--job-id', '357', '--raw', '--subdir', 'DAGS_FOLDER/taxi_metrics_dag.py', '--cfg-path', '/tmp/tmpntcxqtjp']
[2023-12-27T12:11:58.272+0545] {standard_task_runner.py:88} INFO - Job 357: Subtask fetch_and_store_metrics
[2023-12-27T12:11:58.306+0545] {task_command.py:423} INFO - Running <TaskInstance: metrics_pipeline.fetch_and_store_metrics scheduled__2023-05-29T00:00:00+00:00 [running]> on host Sarita-Thinkpad
[2023-12-27T12:11:58.349+0545] {taskinstance.py:2481} INFO - Exporting env vars: AIRFLOW_CTX_DAG_OWNER='airflow' AIRFLOW_CTX_DAG_ID='metrics_pipeline' AIRFLOW_CTX_TASK_ID='fetch_and_store_metrics' AIRFLOW_CTX_EXECUTION_DATE='2023-05-29T00:00:00+00:00' AIRFLOW_CTX_TRY_NUMBER='1' AIRFLOW_CTX_DAG_RUN_ID='scheduled__2023-05-29T00:00:00+00:00'
[2023-12-27T12:11:58.350+0545] {taxi_metrics_dag.py:61} INFO - Getting Clickhouse Data.......
[2023-12-27T12:12:07.442+0545] {taxi_metrics_dag.py:67} ERROR - Could not complete the process..:HTTPDriver for https://github.demo.trial.altinity.cloud:8443 returned response code 400)
 Code: 62. DB::Exception: Syntax error (Multi-statements are not allowed): failed at position 1290 (end of query) (line 23, col 11): ;

 FORMAT Native. . (SYNTAX_ERROR) (version 23.10.5.20 (official build))

[2023-12-27T12:12:07.443+0545] {python.py:201} INFO - Done. Returned value was: None
[2023-12-27T12:12:07.455+0545] {taskinstance.py:1138} INFO - Marking task as SUCCESS. dag_id=metrics_pipeline, task_id=fetch_and_store_metrics, execution_date=20230529T000000, start_date=20231227T062658, end_date=20231227T062707
[2023-12-27T12:12:07.531+0545] {local_task_job_runner.py:234} INFO - Task exited with return code 0
[2023-12-27T12:12:07.559+0545] {taskinstance.py:3281} INFO - 0 downstream tasks scheduled from follow-on schedule check
