[2023-12-26T13:21:28.712+0545] {taskinstance.py:1957} INFO - Dependencies all met for dep_context=non-requeueable deps ti=<TaskInstance: metrics_pipeline.fetch_and_store_metrics scheduled__2023-08-13T00:00:00+00:00 [queued]>
[2023-12-26T13:21:28.716+0545] {taskinstance.py:1957} INFO - Dependencies all met for dep_context=requeueable deps ti=<TaskInstance: metrics_pipeline.fetch_and_store_metrics scheduled__2023-08-13T00:00:00+00:00 [queued]>
[2023-12-26T13:21:28.716+0545] {taskinstance.py:2171} INFO - Starting attempt 1 of 2
[2023-12-26T13:21:28.728+0545] {taskinstance.py:2192} INFO - Executing <Task(PythonOperator): fetch_and_store_metrics> on 2023-08-13 00:00:00+00:00
[2023-12-26T13:21:28.730+0545] {standard_task_runner.py:60} INFO - Started process 27559 to run task
[2023-12-26T13:21:28.732+0545] {standard_task_runner.py:87} INFO - Running: ['airflow', 'tasks', 'run', 'metrics_pipeline', 'fetch_and_store_metrics', 'scheduled__2023-08-13T00:00:00+00:00', '--job-id', '228', '--raw', '--subdir', 'DAGS_FOLDER/taxi_metrics_dag.py', '--cfg-path', '/tmp/tmpgk1gd7ny']
[2023-12-26T13:21:28.732+0545] {standard_task_runner.py:88} INFO - Job 228: Subtask fetch_and_store_metrics
[2023-12-26T13:21:28.756+0545] {task_command.py:423} INFO - Running <TaskInstance: metrics_pipeline.fetch_and_store_metrics scheduled__2023-08-13T00:00:00+00:00 [running]> on host Sarita-Thinkpad
[2023-12-26T13:21:28.807+0545] {taskinstance.py:2481} INFO - Exporting env vars: AIRFLOW_CTX_DAG_OWNER='airflow' AIRFLOW_CTX_DAG_ID='metrics_pipeline' AIRFLOW_CTX_TASK_ID='fetch_and_store_metrics' AIRFLOW_CTX_EXECUTION_DATE='2023-08-13T00:00:00+00:00' AIRFLOW_CTX_TRY_NUMBER='1' AIRFLOW_CTX_DAG_RUN_ID='scheduled__2023-08-13T00:00:00+00:00'
[2023-12-26T13:21:28.822+0545] {python.py:201} INFO - Done. Returned value was: None
[2023-12-26T13:21:28.825+0545] {taskinstance.py:1138} INFO - Marking task as SUCCESS. dag_id=metrics_pipeline, task_id=fetch_and_store_metrics, execution_date=20230813T000000, start_date=20231226T073628, end_date=20231226T073628
[2023-12-26T13:21:28.864+0545] {local_task_job_runner.py:234} INFO - Task exited with return code 0
[2023-12-26T13:21:28.875+0545] {taskinstance.py:3281} INFO - 0 downstream tasks scheduled from follow-on schedule check
[2023-12-27T09:53:14.427+0545] {taskinstance.py:1957} INFO - Dependencies all met for dep_context=non-requeueable deps ti=<TaskInstance: metrics_pipeline.fetch_and_store_metrics scheduled__2023-08-13T00:00:00+00:00 [queued]>
[2023-12-27T09:53:14.432+0545] {taskinstance.py:1957} INFO - Dependencies all met for dep_context=requeueable deps ti=<TaskInstance: metrics_pipeline.fetch_and_store_metrics scheduled__2023-08-13T00:00:00+00:00 [queued]>
[2023-12-27T09:53:14.432+0545] {taskinstance.py:2171} INFO - Starting attempt 1 of 2
[2023-12-27T09:53:14.444+0545] {taskinstance.py:2192} INFO - Executing <Task(PythonOperator): fetch_and_store_metrics> on 2023-08-13 00:00:00+00:00
[2023-12-27T09:53:14.447+0545] {standard_task_runner.py:60} INFO - Started process 9080 to run task
[2023-12-27T09:53:14.448+0545] {standard_task_runner.py:87} INFO - Running: ['airflow', 'tasks', 'run', 'metrics_pipeline', 'fetch_and_store_metrics', 'scheduled__2023-08-13T00:00:00+00:00', '--job-id', '329', '--raw', '--subdir', 'DAGS_FOLDER/taxi_metrics_dag.py', '--cfg-path', '/tmp/tmpia4p8sat']
[2023-12-27T09:53:14.449+0545] {standard_task_runner.py:88} INFO - Job 329: Subtask fetch_and_store_metrics
[2023-12-27T09:53:14.473+0545] {task_command.py:423} INFO - Running <TaskInstance: metrics_pipeline.fetch_and_store_metrics scheduled__2023-08-13T00:00:00+00:00 [running]> on host Sarita-Thinkpad
[2023-12-27T09:53:14.519+0545] {taskinstance.py:2481} INFO - Exporting env vars: AIRFLOW_CTX_DAG_OWNER='airflow' AIRFLOW_CTX_DAG_ID='metrics_pipeline' AIRFLOW_CTX_TASK_ID='fetch_and_store_metrics' AIRFLOW_CTX_EXECUTION_DATE='2023-08-13T00:00:00+00:00' AIRFLOW_CTX_TRY_NUMBER='1' AIRFLOW_CTX_DAG_RUN_ID='scheduled__2023-08-13T00:00:00+00:00'
[2023-12-27T09:53:17.118+0545] {logging_mixin.py:188} INFO - <sqlalchemy.engine.cursor.LegacyCursorResult object at 0x7fa94ee77040>
[2023-12-27T09:53:17.135+0545] {logging_mixin.py:188} INFO - <sqlalchemy.engine.cursor.LegacyCursorResult object at 0x7fa94ee60490>
[2023-12-27T09:53:17.164+0545] {logging_mixin.py:188} INFO - <sqlalchemy.engine.cursor.LegacyCursorResult object at 0x7fa94ee22d90>
[2023-12-27T09:53:17.179+0545] {logging_mixin.py:188} INFO - <sqlalchemy.engine.cursor.LegacyCursorResult object at 0x7fa94edd80a0>
[2023-12-27T09:53:17.193+0545] {logging_mixin.py:188} INFO - <sqlalchemy.engine.cursor.LegacyCursorResult object at 0x7fa94edfdfa0>
[2023-12-27T09:53:17.209+0545] {logging_mixin.py:188} INFO - <sqlalchemy.engine.cursor.LegacyCursorResult object at 0x7fa94edf3b80>
[2023-12-27T09:53:17.225+0545] {logging_mixin.py:188} INFO - <sqlalchemy.engine.cursor.LegacyCursorResult object at 0x7fa94ee22d90>
[2023-12-27T09:53:17.241+0545] {logging_mixin.py:188} INFO - <sqlalchemy.engine.cursor.LegacyCursorResult object at 0x7fa94edc3fd0>
[2023-12-27T09:53:17.258+0545] {logging_mixin.py:188} INFO - <sqlalchemy.engine.cursor.LegacyCursorResult object at 0x7fa94ee77040>
[2023-12-27T09:53:17.273+0545] {logging_mixin.py:188} INFO - <sqlalchemy.engine.cursor.LegacyCursorResult object at 0x7fa94edb1e20>
[2023-12-27T09:53:17.288+0545] {logging_mixin.py:188} INFO - <sqlalchemy.engine.cursor.LegacyCursorResult object at 0x7fa94edf8310>
[2023-12-27T09:53:17.303+0545] {logging_mixin.py:188} INFO - <sqlalchemy.engine.cursor.LegacyCursorResult object at 0x7fa94edf3b20>
[2023-12-27T09:53:17.319+0545] {logging_mixin.py:188} INFO - <sqlalchemy.engine.cursor.LegacyCursorResult object at 0x7fa94eb46250>
[2023-12-27T09:53:17.319+0545] {python.py:201} INFO - Done. Returned value was: None
[2023-12-27T09:53:17.323+0545] {taskinstance.py:1138} INFO - Marking task as SUCCESS. dag_id=metrics_pipeline, task_id=fetch_and_store_metrics, execution_date=20230813T000000, start_date=20231227T040814, end_date=20231227T040817
[2023-12-27T09:53:17.350+0545] {local_task_job_runner.py:234} INFO - Task exited with return code 0
[2023-12-27T09:53:17.359+0545] {taskinstance.py:3281} INFO - 0 downstream tasks scheduled from follow-on schedule check
[2023-12-27T12:41:56.487+0545] {taskinstance.py:1957} INFO - Dependencies all met for dep_context=non-requeueable deps ti=<TaskInstance: metrics_pipeline.fetch_and_store_metrics scheduled__2023-08-13T00:00:00+00:00 [queued]>
[2023-12-27T12:41:56.497+0545] {taskinstance.py:1957} INFO - Dependencies all met for dep_context=requeueable deps ti=<TaskInstance: metrics_pipeline.fetch_and_store_metrics scheduled__2023-08-13T00:00:00+00:00 [queued]>
[2023-12-27T12:41:56.497+0545] {taskinstance.py:2171} INFO - Starting attempt 1 of 2
[2023-12-27T12:41:56.517+0545] {taskinstance.py:2192} INFO - Executing <Task(PythonOperator): fetch_and_store_metrics> on 2023-08-13 00:00:00+00:00
[2023-12-27T12:41:56.521+0545] {standard_task_runner.py:60} INFO - Started process 16401 to run task
[2023-12-27T12:41:56.524+0545] {standard_task_runner.py:87} INFO - Running: ['airflow', 'tasks', 'run', 'metrics_pipeline', 'fetch_and_store_metrics', 'scheduled__2023-08-13T00:00:00+00:00', '--job-id', '448', '--raw', '--subdir', 'DAGS_FOLDER/taxi_metrics_dag.py', '--cfg-path', '/tmp/tmpm7n7cj82']
[2023-12-27T12:41:56.525+0545] {standard_task_runner.py:88} INFO - Job 448: Subtask fetch_and_store_metrics
[2023-12-27T12:41:56.573+0545] {task_command.py:423} INFO - Running <TaskInstance: metrics_pipeline.fetch_and_store_metrics scheduled__2023-08-13T00:00:00+00:00 [running]> on host Sarita-Thinkpad
[2023-12-27T12:41:56.646+0545] {taskinstance.py:2481} INFO - Exporting env vars: AIRFLOW_CTX_DAG_OWNER='airflow' AIRFLOW_CTX_DAG_ID='metrics_pipeline' AIRFLOW_CTX_TASK_ID='fetch_and_store_metrics' AIRFLOW_CTX_EXECUTION_DATE='2023-08-13T00:00:00+00:00' AIRFLOW_CTX_TRY_NUMBER='1' AIRFLOW_CTX_DAG_RUN_ID='scheduled__2023-08-13T00:00:00+00:00'
[2023-12-27T12:41:56.647+0545] {taxi_metrics_dag.py:61} INFO - Getting Clickhouse Data.......
[2023-12-27T12:41:59.203+0545] {taxi_metrics_dag.py:63} INFO - Inserting Data into SQLite.....
[2023-12-27T12:41:59.217+0545] {taxi_metrics_dag.py:56} INFO - Successfully inserted data into SQLite!!
[2023-12-27T12:41:59.218+0545] {taxi_metrics_dag.py:65} INFO - Task completed successfully!!
[2023-12-27T12:41:59.218+0545] {python.py:201} INFO - Done. Returned value was: None
[2023-12-27T12:41:59.221+0545] {taskinstance.py:1138} INFO - Marking task as SUCCESS. dag_id=metrics_pipeline, task_id=fetch_and_store_metrics, execution_date=20230813T000000, start_date=20231227T065656, end_date=20231227T065659
[2023-12-27T12:41:59.266+0545] {local_task_job_runner.py:234} INFO - Task exited with return code 0
[2023-12-27T12:41:59.278+0545] {taskinstance.py:3281} INFO - 0 downstream tasks scheduled from follow-on schedule check
