[2023-12-26T13:23:17.354+0545] {taskinstance.py:1957} INFO - Dependencies all met for dep_context=non-requeueable deps ti=<TaskInstance: metrics_pipeline.fetch_and_store_metrics scheduled__2023-09-19T00:00:00+00:00 [queued]>
[2023-12-26T13:23:17.358+0545] {taskinstance.py:1957} INFO - Dependencies all met for dep_context=requeueable deps ti=<TaskInstance: metrics_pipeline.fetch_and_store_metrics scheduled__2023-09-19T00:00:00+00:00 [queued]>
[2023-12-26T13:23:17.358+0545] {taskinstance.py:2171} INFO - Starting attempt 1 of 2
[2023-12-26T13:23:17.371+0545] {taskinstance.py:2192} INFO - Executing <Task(PythonOperator): fetch_and_store_metrics> on 2023-09-19 00:00:00+00:00
[2023-12-26T13:23:17.375+0545] {standard_task_runner.py:60} INFO - Started process 27833 to run task
[2023-12-26T13:23:17.379+0545] {standard_task_runner.py:87} INFO - Running: ['airflow', 'tasks', 'run', 'metrics_pipeline', 'fetch_and_store_metrics', 'scheduled__2023-09-19T00:00:00+00:00', '--job-id', '265', '--raw', '--subdir', 'DAGS_FOLDER/taxi_metrics_dag.py', '--cfg-path', '/tmp/tmp2u0jq1ri']
[2023-12-26T13:23:17.380+0545] {standard_task_runner.py:88} INFO - Job 265: Subtask fetch_and_store_metrics
[2023-12-26T13:23:17.404+0545] {task_command.py:423} INFO - Running <TaskInstance: metrics_pipeline.fetch_and_store_metrics scheduled__2023-09-19T00:00:00+00:00 [running]> on host Sarita-Thinkpad
[2023-12-26T13:23:17.457+0545] {taskinstance.py:2481} INFO - Exporting env vars: AIRFLOW_CTX_DAG_OWNER='airflow' AIRFLOW_CTX_DAG_ID='metrics_pipeline' AIRFLOW_CTX_TASK_ID='fetch_and_store_metrics' AIRFLOW_CTX_EXECUTION_DATE='2023-09-19T00:00:00+00:00' AIRFLOW_CTX_TRY_NUMBER='1' AIRFLOW_CTX_DAG_RUN_ID='scheduled__2023-09-19T00:00:00+00:00'
[2023-12-26T13:23:17.475+0545] {python.py:201} INFO - Done. Returned value was: None
[2023-12-26T13:23:17.481+0545] {taskinstance.py:1138} INFO - Marking task as SUCCESS. dag_id=metrics_pipeline, task_id=fetch_and_store_metrics, execution_date=20230919T000000, start_date=20231226T073817, end_date=20231226T073817
[2023-12-26T13:23:17.511+0545] {local_task_job_runner.py:234} INFO - Task exited with return code 0
[2023-12-26T13:23:17.519+0545] {taskinstance.py:3281} INFO - 0 downstream tasks scheduled from follow-on schedule check
[2023-12-27T12:47:28.785+0545] {taskinstance.py:1957} INFO - Dependencies all met for dep_context=non-requeueable deps ti=<TaskInstance: metrics_pipeline.fetch_and_store_metrics scheduled__2023-09-19T00:00:00+00:00 [queued]>
[2023-12-27T12:47:28.790+0545] {taskinstance.py:1957} INFO - Dependencies all met for dep_context=requeueable deps ti=<TaskInstance: metrics_pipeline.fetch_and_store_metrics scheduled__2023-09-19T00:00:00+00:00 [queued]>
[2023-12-27T12:47:28.790+0545] {taskinstance.py:2171} INFO - Starting attempt 1 of 2
[2023-12-27T12:47:28.803+0545] {taskinstance.py:2192} INFO - Executing <Task(PythonOperator): fetch_and_store_metrics> on 2023-09-19 00:00:00+00:00
[2023-12-27T12:47:28.805+0545] {standard_task_runner.py:60} INFO - Started process 17204 to run task
[2023-12-27T12:47:28.807+0545] {standard_task_runner.py:87} INFO - Running: ['airflow', 'tasks', 'run', 'metrics_pipeline', 'fetch_and_store_metrics', 'scheduled__2023-09-19T00:00:00+00:00', '--job-id', '487', '--raw', '--subdir', 'DAGS_FOLDER/taxi_metrics_dag.py', '--cfg-path', '/tmp/tmp3wbtkv42']
[2023-12-27T12:47:28.808+0545] {standard_task_runner.py:88} INFO - Job 487: Subtask fetch_and_store_metrics
[2023-12-27T12:47:28.834+0545] {task_command.py:423} INFO - Running <TaskInstance: metrics_pipeline.fetch_and_store_metrics scheduled__2023-09-19T00:00:00+00:00 [running]> on host Sarita-Thinkpad
[2023-12-27T12:47:28.898+0545] {taskinstance.py:2481} INFO - Exporting env vars: AIRFLOW_CTX_DAG_OWNER='airflow' AIRFLOW_CTX_DAG_ID='metrics_pipeline' AIRFLOW_CTX_TASK_ID='fetch_and_store_metrics' AIRFLOW_CTX_EXECUTION_DATE='2023-09-19T00:00:00+00:00' AIRFLOW_CTX_TRY_NUMBER='1' AIRFLOW_CTX_DAG_RUN_ID='scheduled__2023-09-19T00:00:00+00:00'
[2023-12-27T12:47:28.899+0545] {taxi_metrics_dag.py:62} INFO - Getting Clickhouse Data.......
[2023-12-27T12:47:34.730+0545] {taxi_metrics_dag.py:64} INFO - Inserting Data into SQLite.....
[2023-12-27T12:47:34.761+0545] {taxi_metrics_dag.py:57} INFO - Successfully inserted data into SQLite!!
[2023-12-27T12:47:34.761+0545] {taxi_metrics_dag.py:66} INFO - Task completed successfully!!
[2023-12-27T12:47:34.762+0545] {python.py:201} INFO - Done. Returned value was: None
[2023-12-27T12:47:34.768+0545] {taskinstance.py:1138} INFO - Marking task as SUCCESS. dag_id=metrics_pipeline, task_id=fetch_and_store_metrics, execution_date=20230919T000000, start_date=20231227T070228, end_date=20231227T070234
[2023-12-27T12:47:34.799+0545] {local_task_job_runner.py:234} INFO - Task exited with return code 0
[2023-12-27T12:47:34.813+0545] {taskinstance.py:3281} INFO - 0 downstream tasks scheduled from follow-on schedule check
