[2023-12-26T13:18:55.460+0545] {taskinstance.py:1957} INFO - Dependencies all met for dep_context=non-requeueable deps ti=<TaskInstance: metrics_pipeline.fetch_and_store_metrics scheduled__2023-06-22T00:00:00+00:00 [queued]>
[2023-12-26T13:18:55.465+0545] {taskinstance.py:1957} INFO - Dependencies all met for dep_context=requeueable deps ti=<TaskInstance: metrics_pipeline.fetch_and_store_metrics scheduled__2023-06-22T00:00:00+00:00 [queued]>
[2023-12-26T13:18:55.466+0545] {taskinstance.py:2171} INFO - Starting attempt 1 of 2
[2023-12-26T13:18:55.478+0545] {taskinstance.py:2192} INFO - Executing <Task(PythonOperator): fetch_and_store_metrics> on 2023-06-22 00:00:00+00:00
[2023-12-26T13:18:55.480+0545] {standard_task_runner.py:60} INFO - Started process 27166 to run task
[2023-12-26T13:18:55.482+0545] {standard_task_runner.py:87} INFO - Running: ['airflow', 'tasks', 'run', 'metrics_pipeline', 'fetch_and_store_metrics', 'scheduled__2023-06-22T00:00:00+00:00', '--job-id', '176', '--raw', '--subdir', 'DAGS_FOLDER/taxi_metrics_dag.py', '--cfg-path', '/tmp/tmps3l_87n3']
[2023-12-26T13:18:55.483+0545] {standard_task_runner.py:88} INFO - Job 176: Subtask fetch_and_store_metrics
[2023-12-26T13:18:55.506+0545] {task_command.py:423} INFO - Running <TaskInstance: metrics_pipeline.fetch_and_store_metrics scheduled__2023-06-22T00:00:00+00:00 [running]> on host Sarita-Thinkpad
[2023-12-26T13:18:55.565+0545] {taskinstance.py:2481} INFO - Exporting env vars: AIRFLOW_CTX_DAG_OWNER='airflow' AIRFLOW_CTX_DAG_ID='metrics_pipeline' AIRFLOW_CTX_TASK_ID='fetch_and_store_metrics' AIRFLOW_CTX_EXECUTION_DATE='2023-06-22T00:00:00+00:00' AIRFLOW_CTX_TRY_NUMBER='1' AIRFLOW_CTX_DAG_RUN_ID='scheduled__2023-06-22T00:00:00+00:00'
[2023-12-26T13:18:55.580+0545] {python.py:201} INFO - Done. Returned value was: None
[2023-12-26T13:18:55.583+0545] {taskinstance.py:1138} INFO - Marking task as SUCCESS. dag_id=metrics_pipeline, task_id=fetch_and_store_metrics, execution_date=20230622T000000, start_date=20231226T073355, end_date=20231226T073355
[2023-12-26T13:18:55.614+0545] {local_task_job_runner.py:234} INFO - Task exited with return code 0
[2023-12-26T13:18:55.623+0545] {taskinstance.py:3281} INFO - 0 downstream tasks scheduled from follow-on schedule check
[2023-12-27T12:17:39.259+0545] {taskinstance.py:1957} INFO - Dependencies all met for dep_context=non-requeueable deps ti=<TaskInstance: metrics_pipeline.fetch_and_store_metrics scheduled__2023-06-22T00:00:00+00:00 [queued]>
[2023-12-27T12:17:39.264+0545] {taskinstance.py:1957} INFO - Dependencies all met for dep_context=requeueable deps ti=<TaskInstance: metrics_pipeline.fetch_and_store_metrics scheduled__2023-06-22T00:00:00+00:00 [queued]>
[2023-12-27T12:17:39.264+0545] {taskinstance.py:2171} INFO - Starting attempt 1 of 2
[2023-12-27T12:17:39.277+0545] {taskinstance.py:2192} INFO - Executing <Task(PythonOperator): fetch_and_store_metrics> on 2023-06-22 00:00:00+00:00
[2023-12-27T12:17:39.281+0545] {standard_task_runner.py:60} INFO - Started process 13502 to run task
[2023-12-27T12:17:39.285+0545] {standard_task_runner.py:87} INFO - Running: ['airflow', 'tasks', 'run', 'metrics_pipeline', 'fetch_and_store_metrics', 'scheduled__2023-06-22T00:00:00+00:00', '--job-id', '382', '--raw', '--subdir', 'DAGS_FOLDER/taxi_metrics_dag.py', '--cfg-path', '/tmp/tmpntkfsnwu']
[2023-12-27T12:17:39.285+0545] {standard_task_runner.py:88} INFO - Job 382: Subtask fetch_and_store_metrics
[2023-12-27T12:17:39.315+0545] {task_command.py:423} INFO - Running <TaskInstance: metrics_pipeline.fetch_and_store_metrics scheduled__2023-06-22T00:00:00+00:00 [running]> on host Sarita-Thinkpad
[2023-12-27T12:17:39.372+0545] {taskinstance.py:2481} INFO - Exporting env vars: AIRFLOW_CTX_DAG_OWNER='airflow' AIRFLOW_CTX_DAG_ID='metrics_pipeline' AIRFLOW_CTX_TASK_ID='fetch_and_store_metrics' AIRFLOW_CTX_EXECUTION_DATE='2023-06-22T00:00:00+00:00' AIRFLOW_CTX_TRY_NUMBER='1' AIRFLOW_CTX_DAG_RUN_ID='scheduled__2023-06-22T00:00:00+00:00'
[2023-12-27T12:17:39.373+0545] {taxi_metrics_dag.py:61} INFO - Getting Clickhouse Data.......
[2023-12-27T12:17:45.831+0545] {taxi_metrics_dag.py:67} ERROR - Could not complete the process..:HTTPDriver for https://github.demo.trial.altinity.cloud:8443 returned response code 400)
 Code: 62. DB::Exception: Syntax error (Multi-statements are not allowed): failed at position 1290 (end of query) (line 23, col 11): ;

 FORMAT Native. . (SYNTAX_ERROR) (version 23.10.5.20 (official build))

[2023-12-27T12:17:45.832+0545] {python.py:201} INFO - Done. Returned value was: None
[2023-12-27T12:17:45.837+0545] {taskinstance.py:1138} INFO - Marking task as SUCCESS. dag_id=metrics_pipeline, task_id=fetch_and_store_metrics, execution_date=20230622T000000, start_date=20231227T063239, end_date=20231227T063245
[2023-12-27T12:17:45.887+0545] {local_task_job_runner.py:234} INFO - Task exited with return code 0
[2023-12-27T12:17:45.913+0545] {taskinstance.py:3281} INFO - 0 downstream tasks scheduled from follow-on schedule check
