[2023-12-26T13:21:49.680+0545] {taskinstance.py:1957} INFO - Dependencies all met for dep_context=non-requeueable deps ti=<TaskInstance: metrics_pipeline.fetch_and_store_metrics scheduled__2023-08-20T00:00:00+00:00 [queued]>
[2023-12-26T13:21:49.685+0545] {taskinstance.py:1957} INFO - Dependencies all met for dep_context=requeueable deps ti=<TaskInstance: metrics_pipeline.fetch_and_store_metrics scheduled__2023-08-20T00:00:00+00:00 [queued]>
[2023-12-26T13:21:49.685+0545] {taskinstance.py:2171} INFO - Starting attempt 1 of 2
[2023-12-26T13:21:49.697+0545] {taskinstance.py:2192} INFO - Executing <Task(PythonOperator): fetch_and_store_metrics> on 2023-08-20 00:00:00+00:00
[2023-12-26T13:21:49.699+0545] {standard_task_runner.py:60} INFO - Started process 27608 to run task
[2023-12-26T13:21:49.701+0545] {standard_task_runner.py:87} INFO - Running: ['airflow', 'tasks', 'run', 'metrics_pipeline', 'fetch_and_store_metrics', 'scheduled__2023-08-20T00:00:00+00:00', '--job-id', '235', '--raw', '--subdir', 'DAGS_FOLDER/taxi_metrics_dag.py', '--cfg-path', '/tmp/tmps90ge5lo']
[2023-12-26T13:21:49.702+0545] {standard_task_runner.py:88} INFO - Job 235: Subtask fetch_and_store_metrics
[2023-12-26T13:21:49.750+0545] {task_command.py:423} INFO - Running <TaskInstance: metrics_pipeline.fetch_and_store_metrics scheduled__2023-08-20T00:00:00+00:00 [running]> on host Sarita-Thinkpad
[2023-12-26T13:21:49.805+0545] {taskinstance.py:2481} INFO - Exporting env vars: AIRFLOW_CTX_DAG_OWNER='airflow' AIRFLOW_CTX_DAG_ID='metrics_pipeline' AIRFLOW_CTX_TASK_ID='fetch_and_store_metrics' AIRFLOW_CTX_EXECUTION_DATE='2023-08-20T00:00:00+00:00' AIRFLOW_CTX_TRY_NUMBER='1' AIRFLOW_CTX_DAG_RUN_ID='scheduled__2023-08-20T00:00:00+00:00'
[2023-12-26T13:21:49.820+0545] {python.py:201} INFO - Done. Returned value was: None
[2023-12-26T13:21:49.824+0545] {taskinstance.py:1138} INFO - Marking task as SUCCESS. dag_id=metrics_pipeline, task_id=fetch_and_store_metrics, execution_date=20230820T000000, start_date=20231226T073649, end_date=20231226T073649
[2023-12-26T13:21:49.873+0545] {local_task_job_runner.py:234} INFO - Task exited with return code 0
[2023-12-26T13:21:49.884+0545] {taskinstance.py:3281} INFO - 0 downstream tasks scheduled from follow-on schedule check
[2023-12-27T09:53:55.043+0545] {taskinstance.py:1957} INFO - Dependencies all met for dep_context=non-requeueable deps ti=<TaskInstance: metrics_pipeline.fetch_and_store_metrics scheduled__2023-08-20T00:00:00+00:00 [queued]>
[2023-12-27T09:53:55.048+0545] {taskinstance.py:1957} INFO - Dependencies all met for dep_context=requeueable deps ti=<TaskInstance: metrics_pipeline.fetch_and_store_metrics scheduled__2023-08-20T00:00:00+00:00 [queued]>
[2023-12-27T09:53:55.048+0545] {taskinstance.py:2171} INFO - Starting attempt 1 of 2
[2023-12-27T09:53:55.061+0545] {taskinstance.py:2192} INFO - Executing <Task(PythonOperator): fetch_and_store_metrics> on 2023-08-20 00:00:00+00:00
[2023-12-27T09:53:55.063+0545] {standard_task_runner.py:60} INFO - Started process 9136 to run task
[2023-12-27T09:53:55.065+0545] {standard_task_runner.py:87} INFO - Running: ['airflow', 'tasks', 'run', 'metrics_pipeline', 'fetch_and_store_metrics', 'scheduled__2023-08-20T00:00:00+00:00', '--job-id', '336', '--raw', '--subdir', 'DAGS_FOLDER/taxi_metrics_dag.py', '--cfg-path', '/tmp/tmp5u2hzb4x']
[2023-12-27T09:53:55.065+0545] {standard_task_runner.py:88} INFO - Job 336: Subtask fetch_and_store_metrics
[2023-12-27T09:53:55.089+0545] {task_command.py:423} INFO - Running <TaskInstance: metrics_pipeline.fetch_and_store_metrics scheduled__2023-08-20T00:00:00+00:00 [running]> on host Sarita-Thinkpad
[2023-12-27T09:53:55.134+0545] {taskinstance.py:2481} INFO - Exporting env vars: AIRFLOW_CTX_DAG_OWNER='airflow' AIRFLOW_CTX_DAG_ID='metrics_pipeline' AIRFLOW_CTX_TASK_ID='fetch_and_store_metrics' AIRFLOW_CTX_EXECUTION_DATE='2023-08-20T00:00:00+00:00' AIRFLOW_CTX_TRY_NUMBER='1' AIRFLOW_CTX_DAG_RUN_ID='scheduled__2023-08-20T00:00:00+00:00'
[2023-12-27T09:53:57.658+0545] {logging_mixin.py:188} INFO - <sqlalchemy.engine.cursor.LegacyCursorResult object at 0x7fb175d97070>
[2023-12-27T09:53:57.673+0545] {logging_mixin.py:188} INFO - <sqlalchemy.engine.cursor.LegacyCursorResult object at 0x7fb175d7e550>
[2023-12-27T09:53:57.694+0545] {logging_mixin.py:188} INFO - <sqlalchemy.engine.cursor.LegacyCursorResult object at 0x7fb175d97e50>
[2023-12-27T09:53:57.711+0545] {logging_mixin.py:188} INFO - <sqlalchemy.engine.cursor.LegacyCursorResult object at 0x7fb175cf60a0>
[2023-12-27T09:53:57.725+0545] {logging_mixin.py:188} INFO - <sqlalchemy.engine.cursor.LegacyCursorResult object at 0x7fb175d22a90>
[2023-12-27T09:53:57.740+0545] {logging_mixin.py:188} INFO - <sqlalchemy.engine.cursor.LegacyCursorResult object at 0x7fb175d22bb0>
[2023-12-27T09:53:57.755+0545] {logging_mixin.py:188} INFO - <sqlalchemy.engine.cursor.LegacyCursorResult object at 0x7fb175d3bf70>
[2023-12-27T09:53:57.771+0545] {logging_mixin.py:188} INFO - <sqlalchemy.engine.cursor.LegacyCursorResult object at 0x7fb175ce6160>
[2023-12-27T09:53:57.789+0545] {logging_mixin.py:188} INFO - <sqlalchemy.engine.cursor.LegacyCursorResult object at 0x7fb175d1aeb0>
[2023-12-27T09:53:57.805+0545] {logging_mixin.py:188} INFO - <sqlalchemy.engine.cursor.LegacyCursorResult object at 0x7fb175cd7df0>
[2023-12-27T09:53:57.820+0545] {logging_mixin.py:188} INFO - <sqlalchemy.engine.cursor.LegacyCursorResult object at 0x7fb175d14310>
[2023-12-27T09:53:57.837+0545] {logging_mixin.py:188} INFO - <sqlalchemy.engine.cursor.LegacyCursorResult object at 0x7fb175cdee50>
[2023-12-27T09:53:57.852+0545] {logging_mixin.py:188} INFO - <sqlalchemy.engine.cursor.LegacyCursorResult object at 0x7fb175d17dc0>
[2023-12-27T09:53:57.852+0545] {python.py:201} INFO - Done. Returned value was: None
[2023-12-27T09:53:57.856+0545] {taskinstance.py:1138} INFO - Marking task as SUCCESS. dag_id=metrics_pipeline, task_id=fetch_and_store_metrics, execution_date=20230820T000000, start_date=20231227T040855, end_date=20231227T040857
[2023-12-27T09:53:57.886+0545] {local_task_job_runner.py:234} INFO - Task exited with return code 0
[2023-12-27T09:53:57.898+0545] {taskinstance.py:3281} INFO - 0 downstream tasks scheduled from follow-on schedule check
[2023-12-27T12:42:39.552+0545] {taskinstance.py:1957} INFO - Dependencies all met for dep_context=non-requeueable deps ti=<TaskInstance: metrics_pipeline.fetch_and_store_metrics scheduled__2023-08-20T00:00:00+00:00 [queued]>
[2023-12-27T12:42:39.556+0545] {taskinstance.py:1957} INFO - Dependencies all met for dep_context=requeueable deps ti=<TaskInstance: metrics_pipeline.fetch_and_store_metrics scheduled__2023-08-20T00:00:00+00:00 [queued]>
[2023-12-27T12:42:39.556+0545] {taskinstance.py:2171} INFO - Starting attempt 1 of 2
[2023-12-27T12:42:39.568+0545] {taskinstance.py:2192} INFO - Executing <Task(PythonOperator): fetch_and_store_metrics> on 2023-08-20 00:00:00+00:00
[2023-12-27T12:42:39.571+0545] {standard_task_runner.py:60} INFO - Started process 16766 to run task
[2023-12-27T12:42:39.573+0545] {standard_task_runner.py:87} INFO - Running: ['airflow', 'tasks', 'run', 'metrics_pipeline', 'fetch_and_store_metrics', 'scheduled__2023-08-20T00:00:00+00:00', '--job-id', '455', '--raw', '--subdir', 'DAGS_FOLDER/taxi_metrics_dag.py', '--cfg-path', '/tmp/tmpu43ufmbk']
[2023-12-27T12:42:39.573+0545] {standard_task_runner.py:88} INFO - Job 455: Subtask fetch_and_store_metrics
[2023-12-27T12:42:39.597+0545] {task_command.py:423} INFO - Running <TaskInstance: metrics_pipeline.fetch_and_store_metrics scheduled__2023-08-20T00:00:00+00:00 [running]> on host Sarita-Thinkpad
[2023-12-27T12:42:39.644+0545] {taskinstance.py:2481} INFO - Exporting env vars: AIRFLOW_CTX_DAG_OWNER='airflow' AIRFLOW_CTX_DAG_ID='metrics_pipeline' AIRFLOW_CTX_TASK_ID='fetch_and_store_metrics' AIRFLOW_CTX_EXECUTION_DATE='2023-08-20T00:00:00+00:00' AIRFLOW_CTX_TRY_NUMBER='1' AIRFLOW_CTX_DAG_RUN_ID='scheduled__2023-08-20T00:00:00+00:00'
[2023-12-27T12:42:39.645+0545] {taxi_metrics_dag.py:61} INFO - Getting Clickhouse Data.......
[2023-12-27T12:42:42.657+0545] {taxi_metrics_dag.py:63} INFO - Inserting Data into SQLite.....
[2023-12-27T12:42:42.688+0545] {taxi_metrics_dag.py:56} INFO - Successfully inserted data into SQLite!!
[2023-12-27T12:42:42.689+0545] {taxi_metrics_dag.py:65} INFO - Task completed successfully!!
[2023-12-27T12:42:42.689+0545] {python.py:201} INFO - Done. Returned value was: None
[2023-12-27T12:42:42.694+0545] {taskinstance.py:1138} INFO - Marking task as SUCCESS. dag_id=metrics_pipeline, task_id=fetch_and_store_metrics, execution_date=20230820T000000, start_date=20231227T065739, end_date=20231227T065742
[2023-12-27T12:42:42.756+0545] {local_task_job_runner.py:234} INFO - Task exited with return code 0
[2023-12-27T12:42:42.773+0545] {taskinstance.py:3281} INFO - 0 downstream tasks scheduled from follow-on schedule check
