[2023-12-26T13:23:28.968+0545] {taskinstance.py:1957} INFO - Dependencies all met for dep_context=non-requeueable deps ti=<TaskInstance: metrics_pipeline.fetch_and_store_metrics scheduled__2023-09-23T00:00:00+00:00 [queued]>
[2023-12-26T13:23:28.972+0545] {taskinstance.py:1957} INFO - Dependencies all met for dep_context=requeueable deps ti=<TaskInstance: metrics_pipeline.fetch_and_store_metrics scheduled__2023-09-23T00:00:00+00:00 [queued]>
[2023-12-26T13:23:28.973+0545] {taskinstance.py:2171} INFO - Starting attempt 1 of 2
[2023-12-26T13:23:28.985+0545] {taskinstance.py:2192} INFO - Executing <Task(PythonOperator): fetch_and_store_metrics> on 2023-09-23 00:00:00+00:00
[2023-12-26T13:23:28.987+0545] {standard_task_runner.py:60} INFO - Started process 27863 to run task
[2023-12-26T13:23:28.989+0545] {standard_task_runner.py:87} INFO - Running: ['airflow', 'tasks', 'run', 'metrics_pipeline', 'fetch_and_store_metrics', 'scheduled__2023-09-23T00:00:00+00:00', '--job-id', '269', '--raw', '--subdir', 'DAGS_FOLDER/taxi_metrics_dag.py', '--cfg-path', '/tmp/tmp3ksk4aoc']
[2023-12-26T13:23:28.989+0545] {standard_task_runner.py:88} INFO - Job 269: Subtask fetch_and_store_metrics
[2023-12-26T13:23:29.013+0545] {task_command.py:423} INFO - Running <TaskInstance: metrics_pipeline.fetch_and_store_metrics scheduled__2023-09-23T00:00:00+00:00 [running]> on host Sarita-Thinkpad
[2023-12-26T13:23:29.083+0545] {taskinstance.py:2481} INFO - Exporting env vars: AIRFLOW_CTX_DAG_OWNER='airflow' AIRFLOW_CTX_DAG_ID='metrics_pipeline' AIRFLOW_CTX_TASK_ID='fetch_and_store_metrics' AIRFLOW_CTX_EXECUTION_DATE='2023-09-23T00:00:00+00:00' AIRFLOW_CTX_TRY_NUMBER='1' AIRFLOW_CTX_DAG_RUN_ID='scheduled__2023-09-23T00:00:00+00:00'
[2023-12-26T13:23:29.105+0545] {python.py:201} INFO - Done. Returned value was: None
[2023-12-26T13:23:29.116+0545] {taskinstance.py:1138} INFO - Marking task as SUCCESS. dag_id=metrics_pipeline, task_id=fetch_and_store_metrics, execution_date=20230923T000000, start_date=20231226T073828, end_date=20231226T073829
[2023-12-26T13:23:29.161+0545] {local_task_job_runner.py:234} INFO - Task exited with return code 0
[2023-12-26T13:23:29.181+0545] {taskinstance.py:3281} INFO - 0 downstream tasks scheduled from follow-on schedule check
[2023-12-27T12:53:59.038+0545] {taskinstance.py:1957} INFO - Dependencies all met for dep_context=non-requeueable deps ti=<TaskInstance: metrics_pipeline.fetch_and_store_metrics scheduled__2023-09-23T00:00:00+00:00 [queued]>
[2023-12-27T12:53:59.043+0545] {taskinstance.py:1957} INFO - Dependencies all met for dep_context=requeueable deps ti=<TaskInstance: metrics_pipeline.fetch_and_store_metrics scheduled__2023-09-23T00:00:00+00:00 [queued]>
[2023-12-27T12:53:59.043+0545] {taskinstance.py:2171} INFO - Starting attempt 1 of 2
[2023-12-27T12:53:59.055+0545] {taskinstance.py:2192} INFO - Executing <Task(PythonOperator): fetch_and_store_metrics> on 2023-09-23 00:00:00+00:00
[2023-12-27T12:53:59.057+0545] {standard_task_runner.py:60} INFO - Started process 17788 to run task
[2023-12-27T12:53:59.059+0545] {standard_task_runner.py:87} INFO - Running: ['airflow', 'tasks', 'run', 'metrics_pipeline', 'fetch_and_store_metrics', 'scheduled__2023-09-23T00:00:00+00:00', '--job-id', '493', '--raw', '--subdir', 'DAGS_FOLDER/taxi_metrics_dag.py', '--cfg-path', '/tmp/tmp31p14udg']
[2023-12-27T12:53:59.059+0545] {standard_task_runner.py:88} INFO - Job 493: Subtask fetch_and_store_metrics
[2023-12-27T12:53:59.083+0545] {task_command.py:423} INFO - Running <TaskInstance: metrics_pipeline.fetch_and_store_metrics scheduled__2023-09-23T00:00:00+00:00 [running]> on host Sarita-Thinkpad
[2023-12-27T12:53:59.129+0545] {taskinstance.py:2481} INFO - Exporting env vars: AIRFLOW_CTX_DAG_OWNER='airflow' AIRFLOW_CTX_DAG_ID='metrics_pipeline' AIRFLOW_CTX_TASK_ID='fetch_and_store_metrics' AIRFLOW_CTX_EXECUTION_DATE='2023-09-23T00:00:00+00:00' AIRFLOW_CTX_TRY_NUMBER='1' AIRFLOW_CTX_DAG_RUN_ID='scheduled__2023-09-23T00:00:00+00:00'
[2023-12-27T12:53:59.130+0545] {taxi_metrics_dag.py:62} INFO - Getting Clickhouse Data.......
[2023-12-27T12:54:07.492+0545] {taxi_metrics_dag.py:64} INFO - Inserting Data into SQLite.....
[2023-12-27T12:54:07.541+0545] {taxi_metrics_dag.py:57} INFO - Successfully inserted data into SQLite!!
[2023-12-27T12:54:07.542+0545] {taxi_metrics_dag.py:66} INFO - Task completed successfully!!
[2023-12-27T12:54:07.542+0545] {python.py:201} INFO - Done. Returned value was: None
[2023-12-27T12:54:07.550+0545] {taskinstance.py:1138} INFO - Marking task as SUCCESS. dag_id=metrics_pipeline, task_id=fetch_and_store_metrics, execution_date=20230923T000000, start_date=20231227T070859, end_date=20231227T070907
[2023-12-27T12:54:07.598+0545] {local_task_job_runner.py:234} INFO - Task exited with return code 0
[2023-12-27T12:54:07.614+0545] {taskinstance.py:3281} INFO - 0 downstream tasks scheduled from follow-on schedule check
