[2023-12-26T13:22:54.041+0545] {taskinstance.py:1957} INFO - Dependencies all met for dep_context=non-requeueable deps ti=<TaskInstance: metrics_pipeline.fetch_and_store_metrics scheduled__2023-09-11T00:00:00+00:00 [queued]>
[2023-12-26T13:22:54.046+0545] {taskinstance.py:1957} INFO - Dependencies all met for dep_context=requeueable deps ti=<TaskInstance: metrics_pipeline.fetch_and_store_metrics scheduled__2023-09-11T00:00:00+00:00 [queued]>
[2023-12-26T13:22:54.046+0545] {taskinstance.py:2171} INFO - Starting attempt 1 of 2
[2023-12-26T13:22:54.058+0545] {taskinstance.py:2192} INFO - Executing <Task(PythonOperator): fetch_and_store_metrics> on 2023-09-11 00:00:00+00:00
[2023-12-26T13:22:54.060+0545] {standard_task_runner.py:60} INFO - Started process 27773 to run task
[2023-12-26T13:22:54.062+0545] {standard_task_runner.py:87} INFO - Running: ['airflow', 'tasks', 'run', 'metrics_pipeline', 'fetch_and_store_metrics', 'scheduled__2023-09-11T00:00:00+00:00', '--job-id', '257', '--raw', '--subdir', 'DAGS_FOLDER/taxi_metrics_dag.py', '--cfg-path', '/tmp/tmp4ltxbwf_']
[2023-12-26T13:22:54.062+0545] {standard_task_runner.py:88} INFO - Job 257: Subtask fetch_and_store_metrics
[2023-12-26T13:22:54.086+0545] {task_command.py:423} INFO - Running <TaskInstance: metrics_pipeline.fetch_and_store_metrics scheduled__2023-09-11T00:00:00+00:00 [running]> on host Sarita-Thinkpad
[2023-12-26T13:22:54.136+0545] {taskinstance.py:2481} INFO - Exporting env vars: AIRFLOW_CTX_DAG_OWNER='airflow' AIRFLOW_CTX_DAG_ID='metrics_pipeline' AIRFLOW_CTX_TASK_ID='fetch_and_store_metrics' AIRFLOW_CTX_EXECUTION_DATE='2023-09-11T00:00:00+00:00' AIRFLOW_CTX_TRY_NUMBER='1' AIRFLOW_CTX_DAG_RUN_ID='scheduled__2023-09-11T00:00:00+00:00'
[2023-12-26T13:22:54.151+0545] {python.py:201} INFO - Done. Returned value was: None
[2023-12-26T13:22:54.155+0545] {taskinstance.py:1138} INFO - Marking task as SUCCESS. dag_id=metrics_pipeline, task_id=fetch_and_store_metrics, execution_date=20230911T000000, start_date=20231226T073754, end_date=20231226T073754
[2023-12-26T13:22:54.194+0545] {local_task_job_runner.py:234} INFO - Task exited with return code 0
[2023-12-26T13:22:54.206+0545] {taskinstance.py:3281} INFO - 0 downstream tasks scheduled from follow-on schedule check
[2023-12-27T12:46:16.812+0545] {taskinstance.py:1957} INFO - Dependencies all met for dep_context=non-requeueable deps ti=<TaskInstance: metrics_pipeline.fetch_and_store_metrics scheduled__2023-09-11T00:00:00+00:00 [queued]>
[2023-12-27T12:46:16.816+0545] {taskinstance.py:1957} INFO - Dependencies all met for dep_context=requeueable deps ti=<TaskInstance: metrics_pipeline.fetch_and_store_metrics scheduled__2023-09-11T00:00:00+00:00 [queued]>
[2023-12-27T12:46:16.817+0545] {taskinstance.py:2171} INFO - Starting attempt 1 of 2
[2023-12-27T12:46:16.829+0545] {taskinstance.py:2192} INFO - Executing <Task(PythonOperator): fetch_and_store_metrics> on 2023-09-11 00:00:00+00:00
[2023-12-27T12:46:16.831+0545] {standard_task_runner.py:60} INFO - Started process 17137 to run task
[2023-12-27T12:46:16.833+0545] {standard_task_runner.py:87} INFO - Running: ['airflow', 'tasks', 'run', 'metrics_pipeline', 'fetch_and_store_metrics', 'scheduled__2023-09-11T00:00:00+00:00', '--job-id', '479', '--raw', '--subdir', 'DAGS_FOLDER/taxi_metrics_dag.py', '--cfg-path', '/tmp/tmpfew_otkz']
[2023-12-27T12:46:16.833+0545] {standard_task_runner.py:88} INFO - Job 479: Subtask fetch_and_store_metrics
[2023-12-27T12:46:16.857+0545] {task_command.py:423} INFO - Running <TaskInstance: metrics_pipeline.fetch_and_store_metrics scheduled__2023-09-11T00:00:00+00:00 [running]> on host Sarita-Thinkpad
[2023-12-27T12:46:16.912+0545] {taskinstance.py:2481} INFO - Exporting env vars: AIRFLOW_CTX_DAG_OWNER='airflow' AIRFLOW_CTX_DAG_ID='metrics_pipeline' AIRFLOW_CTX_TASK_ID='fetch_and_store_metrics' AIRFLOW_CTX_EXECUTION_DATE='2023-09-11T00:00:00+00:00' AIRFLOW_CTX_TRY_NUMBER='1' AIRFLOW_CTX_DAG_RUN_ID='scheduled__2023-09-11T00:00:00+00:00'
[2023-12-27T12:46:16.916+0545] {taxi_metrics_dag.py:62} INFO - Getting Clickhouse Data.......
[2023-12-27T12:46:22.852+0545] {taxi_metrics_dag.py:64} INFO - Inserting Data into SQLite.....
[2023-12-27T12:46:22.866+0545] {taxi_metrics_dag.py:57} INFO - Successfully inserted data into SQLite!!
[2023-12-27T12:46:22.867+0545] {taxi_metrics_dag.py:66} INFO - Task completed successfully!!
[2023-12-27T12:46:22.867+0545] {python.py:201} INFO - Done. Returned value was: None
[2023-12-27T12:46:22.870+0545] {taskinstance.py:1138} INFO - Marking task as SUCCESS. dag_id=metrics_pipeline, task_id=fetch_and_store_metrics, execution_date=20230911T000000, start_date=20231227T070116, end_date=20231227T070122
[2023-12-27T12:46:22.923+0545] {local_task_job_runner.py:234} INFO - Task exited with return code 0
[2023-12-27T12:46:22.932+0545] {taskinstance.py:3281} INFO - 0 downstream tasks scheduled from follow-on schedule check
