[2023-12-26T13:18:24.898+0545] {taskinstance.py:1957} INFO - Dependencies all met for dep_context=non-requeueable deps ti=<TaskInstance: metrics_pipeline.fetch_and_store_metrics scheduled__2023-06-12T00:00:00+00:00 [queued]>
[2023-12-26T13:18:24.904+0545] {taskinstance.py:1957} INFO - Dependencies all met for dep_context=requeueable deps ti=<TaskInstance: metrics_pipeline.fetch_and_store_metrics scheduled__2023-06-12T00:00:00+00:00 [queued]>
[2023-12-26T13:18:24.904+0545] {taskinstance.py:2171} INFO - Starting attempt 1 of 2
[2023-12-26T13:18:24.915+0545] {taskinstance.py:2192} INFO - Executing <Task(PythonOperator): fetch_and_store_metrics> on 2023-06-12 00:00:00+00:00
[2023-12-26T13:18:24.918+0545] {standard_task_runner.py:60} INFO - Started process 27087 to run task
[2023-12-26T13:18:24.920+0545] {standard_task_runner.py:87} INFO - Running: ['airflow', 'tasks', 'run', 'metrics_pipeline', 'fetch_and_store_metrics', 'scheduled__2023-06-12T00:00:00+00:00', '--job-id', '166', '--raw', '--subdir', 'DAGS_FOLDER/taxi_metrics_dag.py', '--cfg-path', '/tmp/tmp7l9e7rga']
[2023-12-26T13:18:24.921+0545] {standard_task_runner.py:88} INFO - Job 166: Subtask fetch_and_store_metrics
[2023-12-26T13:18:24.944+0545] {task_command.py:423} INFO - Running <TaskInstance: metrics_pipeline.fetch_and_store_metrics scheduled__2023-06-12T00:00:00+00:00 [running]> on host Sarita-Thinkpad
[2023-12-26T13:18:25.000+0545] {taskinstance.py:2481} INFO - Exporting env vars: AIRFLOW_CTX_DAG_OWNER='airflow' AIRFLOW_CTX_DAG_ID='metrics_pipeline' AIRFLOW_CTX_TASK_ID='fetch_and_store_metrics' AIRFLOW_CTX_EXECUTION_DATE='2023-06-12T00:00:00+00:00' AIRFLOW_CTX_TRY_NUMBER='1' AIRFLOW_CTX_DAG_RUN_ID='scheduled__2023-06-12T00:00:00+00:00'
[2023-12-26T13:18:25.016+0545] {python.py:201} INFO - Done. Returned value was: None
[2023-12-26T13:18:25.024+0545] {taskinstance.py:1138} INFO - Marking task as SUCCESS. dag_id=metrics_pipeline, task_id=fetch_and_store_metrics, execution_date=20230612T000000, start_date=20231226T073324, end_date=20231226T073325
[2023-12-26T13:18:25.093+0545] {local_task_job_runner.py:234} INFO - Task exited with return code 0
[2023-12-26T13:18:25.115+0545] {taskinstance.py:3281} INFO - 0 downstream tasks scheduled from follow-on schedule check
[2023-12-27T12:15:57.116+0545] {taskinstance.py:1957} INFO - Dependencies all met for dep_context=non-requeueable deps ti=<TaskInstance: metrics_pipeline.fetch_and_store_metrics scheduled__2023-06-12T00:00:00+00:00 [queued]>
[2023-12-27T12:15:57.121+0545] {taskinstance.py:1957} INFO - Dependencies all met for dep_context=requeueable deps ti=<TaskInstance: metrics_pipeline.fetch_and_store_metrics scheduled__2023-06-12T00:00:00+00:00 [queued]>
[2023-12-27T12:15:57.121+0545] {taskinstance.py:2171} INFO - Starting attempt 1 of 2
[2023-12-27T12:15:57.133+0545] {taskinstance.py:2192} INFO - Executing <Task(PythonOperator): fetch_and_store_metrics> on 2023-06-12 00:00:00+00:00
[2023-12-27T12:15:57.135+0545] {standard_task_runner.py:60} INFO - Started process 12919 to run task
[2023-12-27T12:15:57.137+0545] {standard_task_runner.py:87} INFO - Running: ['airflow', 'tasks', 'run', 'metrics_pipeline', 'fetch_and_store_metrics', 'scheduled__2023-06-12T00:00:00+00:00', '--job-id', '372', '--raw', '--subdir', 'DAGS_FOLDER/taxi_metrics_dag.py', '--cfg-path', '/tmp/tmpj3fk5j31']
[2023-12-27T12:15:57.138+0545] {standard_task_runner.py:88} INFO - Job 372: Subtask fetch_and_store_metrics
[2023-12-27T12:15:57.162+0545] {task_command.py:423} INFO - Running <TaskInstance: metrics_pipeline.fetch_and_store_metrics scheduled__2023-06-12T00:00:00+00:00 [running]> on host Sarita-Thinkpad
[2023-12-27T12:15:57.204+0545] {taskinstance.py:2481} INFO - Exporting env vars: AIRFLOW_CTX_DAG_OWNER='airflow' AIRFLOW_CTX_DAG_ID='metrics_pipeline' AIRFLOW_CTX_TASK_ID='fetch_and_store_metrics' AIRFLOW_CTX_EXECUTION_DATE='2023-06-12T00:00:00+00:00' AIRFLOW_CTX_TRY_NUMBER='1' AIRFLOW_CTX_DAG_RUN_ID='scheduled__2023-06-12T00:00:00+00:00'
[2023-12-27T12:15:57.205+0545] {taxi_metrics_dag.py:61} INFO - Getting Clickhouse Data.......
[2023-12-27T12:16:03.471+0545] {taxi_metrics_dag.py:67} ERROR - Could not complete the process..:HTTPDriver for https://github.demo.trial.altinity.cloud:8443 returned response code 400)
 Code: 62. DB::Exception: Syntax error (Multi-statements are not allowed): failed at position 1290 (end of query) (line 23, col 11): ;

 FORMAT Native. . (SYNTAX_ERROR) (version 23.10.5.20 (official build))

[2023-12-27T12:16:03.472+0545] {python.py:201} INFO - Done. Returned value was: None
[2023-12-27T12:16:03.485+0545] {taskinstance.py:1138} INFO - Marking task as SUCCESS. dag_id=metrics_pipeline, task_id=fetch_and_store_metrics, execution_date=20230612T000000, start_date=20231227T063057, end_date=20231227T063103
[2023-12-27T12:16:03.538+0545] {local_task_job_runner.py:234} INFO - Task exited with return code 0
[2023-12-27T12:16:03.547+0545] {taskinstance.py:3281} INFO - 0 downstream tasks scheduled from follow-on schedule check
