[2023-12-26T13:20:35.338+0545] {taskinstance.py:1957} INFO - Dependencies all met for dep_context=non-requeueable deps ti=<TaskInstance: metrics_pipeline.fetch_and_store_metrics scheduled__2023-07-26T00:00:00+00:00 [queued]>
[2023-12-26T13:20:35.343+0545] {taskinstance.py:1957} INFO - Dependencies all met for dep_context=requeueable deps ti=<TaskInstance: metrics_pipeline.fetch_and_store_metrics scheduled__2023-07-26T00:00:00+00:00 [queued]>
[2023-12-26T13:20:35.343+0545] {taskinstance.py:2171} INFO - Starting attempt 1 of 2
[2023-12-26T13:20:35.354+0545] {taskinstance.py:2192} INFO - Executing <Task(PythonOperator): fetch_and_store_metrics> on 2023-07-26 00:00:00+00:00
[2023-12-26T13:20:35.357+0545] {standard_task_runner.py:60} INFO - Started process 27428 to run task
[2023-12-26T13:20:35.359+0545] {standard_task_runner.py:87} INFO - Running: ['airflow', 'tasks', 'run', 'metrics_pipeline', 'fetch_and_store_metrics', 'scheduled__2023-07-26T00:00:00+00:00', '--job-id', '210', '--raw', '--subdir', 'DAGS_FOLDER/taxi_metrics_dag.py', '--cfg-path', '/tmp/tmpwdgzee5k']
[2023-12-26T13:20:35.359+0545] {standard_task_runner.py:88} INFO - Job 210: Subtask fetch_and_store_metrics
[2023-12-26T13:20:35.383+0545] {task_command.py:423} INFO - Running <TaskInstance: metrics_pipeline.fetch_and_store_metrics scheduled__2023-07-26T00:00:00+00:00 [running]> on host Sarita-Thinkpad
[2023-12-26T13:20:35.433+0545] {taskinstance.py:2481} INFO - Exporting env vars: AIRFLOW_CTX_DAG_OWNER='airflow' AIRFLOW_CTX_DAG_ID='metrics_pipeline' AIRFLOW_CTX_TASK_ID='fetch_and_store_metrics' AIRFLOW_CTX_EXECUTION_DATE='2023-07-26T00:00:00+00:00' AIRFLOW_CTX_TRY_NUMBER='1' AIRFLOW_CTX_DAG_RUN_ID='scheduled__2023-07-26T00:00:00+00:00'
[2023-12-26T13:20:35.451+0545] {python.py:201} INFO - Done. Returned value was: None
[2023-12-26T13:20:35.461+0545] {taskinstance.py:1138} INFO - Marking task as SUCCESS. dag_id=metrics_pipeline, task_id=fetch_and_store_metrics, execution_date=20230726T000000, start_date=20231226T073535, end_date=20231226T073535
[2023-12-26T13:20:35.490+0545] {local_task_job_runner.py:234} INFO - Task exited with return code 0
[2023-12-26T13:20:35.505+0545] {taskinstance.py:3281} INFO - 0 downstream tasks scheduled from follow-on schedule check
[2023-12-27T12:35:45.508+0545] {taskinstance.py:1957} INFO - Dependencies all met for dep_context=non-requeueable deps ti=<TaskInstance: metrics_pipeline.fetch_and_store_metrics scheduled__2023-07-26T00:00:00+00:00 [queued]>
[2023-12-27T12:35:45.513+0545] {taskinstance.py:1957} INFO - Dependencies all met for dep_context=requeueable deps ti=<TaskInstance: metrics_pipeline.fetch_and_store_metrics scheduled__2023-07-26T00:00:00+00:00 [queued]>
[2023-12-27T12:35:45.513+0545] {taskinstance.py:2171} INFO - Starting attempt 1 of 2
[2023-12-27T12:35:45.525+0545] {taskinstance.py:2192} INFO - Executing <Task(PythonOperator): fetch_and_store_metrics> on 2023-07-26 00:00:00+00:00
[2023-12-27T12:35:45.528+0545] {standard_task_runner.py:60} INFO - Started process 15055 to run task
[2023-12-27T12:35:45.530+0545] {standard_task_runner.py:87} INFO - Running: ['airflow', 'tasks', 'run', 'metrics_pipeline', 'fetch_and_store_metrics', 'scheduled__2023-07-26T00:00:00+00:00', '--job-id', '429', '--raw', '--subdir', 'DAGS_FOLDER/taxi_metrics_dag.py', '--cfg-path', '/tmp/tmp7hpgu14j']
[2023-12-27T12:35:45.530+0545] {standard_task_runner.py:88} INFO - Job 429: Subtask fetch_and_store_metrics
[2023-12-27T12:35:45.556+0545] {task_command.py:423} INFO - Running <TaskInstance: metrics_pipeline.fetch_and_store_metrics scheduled__2023-07-26T00:00:00+00:00 [running]> on host Sarita-Thinkpad
[2023-12-27T12:35:45.604+0545] {taskinstance.py:2481} INFO - Exporting env vars: AIRFLOW_CTX_DAG_OWNER='airflow' AIRFLOW_CTX_DAG_ID='metrics_pipeline' AIRFLOW_CTX_TASK_ID='fetch_and_store_metrics' AIRFLOW_CTX_EXECUTION_DATE='2023-07-26T00:00:00+00:00' AIRFLOW_CTX_TRY_NUMBER='1' AIRFLOW_CTX_DAG_RUN_ID='scheduled__2023-07-26T00:00:00+00:00'
[2023-12-27T12:35:45.606+0545] {taxi_metrics_dag.py:61} INFO - Getting Clickhouse Data.......
[2023-12-27T12:35:50.305+0545] {taxi_metrics_dag.py:63} INFO - Inserting Data into SQLite.....
[2023-12-27T12:35:50.354+0545] {taxi_metrics_dag.py:56} INFO - Successfully inserted data into SQLite!!
[2023-12-27T12:35:50.354+0545] {taxi_metrics_dag.py:65} INFO - Task completed successfully!!
[2023-12-27T12:35:50.354+0545] {python.py:201} INFO - Done. Returned value was: None
[2023-12-27T12:35:50.360+0545] {taskinstance.py:1138} INFO - Marking task as SUCCESS. dag_id=metrics_pipeline, task_id=fetch_and_store_metrics, execution_date=20230726T000000, start_date=20231227T065045, end_date=20231227T065050
[2023-12-27T12:35:50.401+0545] {local_task_job_runner.py:234} INFO - Task exited with return code 0
[2023-12-27T12:35:50.425+0545] {taskinstance.py:3281} INFO - 0 downstream tasks scheduled from follow-on schedule check
