[2023-12-26T13:19:10.606+0545] {taskinstance.py:1957} INFO - Dependencies all met for dep_context=non-requeueable deps ti=<TaskInstance: metrics_pipeline.fetch_and_store_metrics scheduled__2023-06-27T00:00:00+00:00 [queued]>
[2023-12-26T13:19:10.611+0545] {taskinstance.py:1957} INFO - Dependencies all met for dep_context=requeueable deps ti=<TaskInstance: metrics_pipeline.fetch_and_store_metrics scheduled__2023-06-27T00:00:00+00:00 [queued]>
[2023-12-26T13:19:10.611+0545] {taskinstance.py:2171} INFO - Starting attempt 1 of 2
[2023-12-26T13:19:10.622+0545] {taskinstance.py:2192} INFO - Executing <Task(PythonOperator): fetch_and_store_metrics> on 2023-06-27 00:00:00+00:00
[2023-12-26T13:19:10.625+0545] {standard_task_runner.py:60} INFO - Started process 27202 to run task
[2023-12-26T13:19:10.627+0545] {standard_task_runner.py:87} INFO - Running: ['airflow', 'tasks', 'run', 'metrics_pipeline', 'fetch_and_store_metrics', 'scheduled__2023-06-27T00:00:00+00:00', '--job-id', '181', '--raw', '--subdir', 'DAGS_FOLDER/taxi_metrics_dag.py', '--cfg-path', '/tmp/tmpm9sqb0cd']
[2023-12-26T13:19:10.627+0545] {standard_task_runner.py:88} INFO - Job 181: Subtask fetch_and_store_metrics
[2023-12-26T13:19:10.653+0545] {task_command.py:423} INFO - Running <TaskInstance: metrics_pipeline.fetch_and_store_metrics scheduled__2023-06-27T00:00:00+00:00 [running]> on host Sarita-Thinkpad
[2023-12-26T13:19:10.716+0545] {taskinstance.py:2481} INFO - Exporting env vars: AIRFLOW_CTX_DAG_OWNER='airflow' AIRFLOW_CTX_DAG_ID='metrics_pipeline' AIRFLOW_CTX_TASK_ID='fetch_and_store_metrics' AIRFLOW_CTX_EXECUTION_DATE='2023-06-27T00:00:00+00:00' AIRFLOW_CTX_TRY_NUMBER='1' AIRFLOW_CTX_DAG_RUN_ID='scheduled__2023-06-27T00:00:00+00:00'
[2023-12-26T13:19:10.735+0545] {python.py:201} INFO - Done. Returned value was: None
[2023-12-26T13:19:10.743+0545] {taskinstance.py:1138} INFO - Marking task as SUCCESS. dag_id=metrics_pipeline, task_id=fetch_and_store_metrics, execution_date=20230627T000000, start_date=20231226T073410, end_date=20231226T073410
[2023-12-26T13:19:10.798+0545] {local_task_job_runner.py:234} INFO - Task exited with return code 0
[2023-12-26T13:19:10.811+0545] {taskinstance.py:3281} INFO - 0 downstream tasks scheduled from follow-on schedule check
[2023-12-27T12:18:22.884+0545] {taskinstance.py:1957} INFO - Dependencies all met for dep_context=non-requeueable deps ti=<TaskInstance: metrics_pipeline.fetch_and_store_metrics scheduled__2023-06-27T00:00:00+00:00 [queued]>
[2023-12-27T12:18:22.890+0545] {taskinstance.py:1957} INFO - Dependencies all met for dep_context=requeueable deps ti=<TaskInstance: metrics_pipeline.fetch_and_store_metrics scheduled__2023-06-27T00:00:00+00:00 [queued]>
[2023-12-27T12:18:22.890+0545] {taskinstance.py:2171} INFO - Starting attempt 1 of 2
[2023-12-27T12:18:22.904+0545] {taskinstance.py:2192} INFO - Executing <Task(PythonOperator): fetch_and_store_metrics> on 2023-06-27 00:00:00+00:00
[2023-12-27T12:18:22.907+0545] {standard_task_runner.py:60} INFO - Started process 13601 to run task
[2023-12-27T12:18:22.909+0545] {standard_task_runner.py:87} INFO - Running: ['airflow', 'tasks', 'run', 'metrics_pipeline', 'fetch_and_store_metrics', 'scheduled__2023-06-27T00:00:00+00:00', '--job-id', '387', '--raw', '--subdir', 'DAGS_FOLDER/taxi_metrics_dag.py', '--cfg-path', '/tmp/tmpwwe_n1mo']
[2023-12-27T12:18:22.910+0545] {standard_task_runner.py:88} INFO - Job 387: Subtask fetch_and_store_metrics
[2023-12-27T12:18:22.941+0545] {task_command.py:423} INFO - Running <TaskInstance: metrics_pipeline.fetch_and_store_metrics scheduled__2023-06-27T00:00:00+00:00 [running]> on host Sarita-Thinkpad
[2023-12-27T12:18:22.997+0545] {taskinstance.py:2481} INFO - Exporting env vars: AIRFLOW_CTX_DAG_OWNER='airflow' AIRFLOW_CTX_DAG_ID='metrics_pipeline' AIRFLOW_CTX_TASK_ID='fetch_and_store_metrics' AIRFLOW_CTX_EXECUTION_DATE='2023-06-27T00:00:00+00:00' AIRFLOW_CTX_TRY_NUMBER='1' AIRFLOW_CTX_DAG_RUN_ID='scheduled__2023-06-27T00:00:00+00:00'
[2023-12-27T12:18:22.998+0545] {taxi_metrics_dag.py:61} INFO - Getting Clickhouse Data.......
[2023-12-27T12:18:29.104+0545] {taxi_metrics_dag.py:67} ERROR - Could not complete the process..:HTTPDriver for https://github.demo.trial.altinity.cloud:8443 returned response code 400)
 Code: 62. DB::Exception: Syntax error (Multi-statements are not allowed): failed at position 1290 (end of query) (line 23, col 11): ;

 FORMAT Native. . (SYNTAX_ERROR) (version 23.10.5.20 (official build))

[2023-12-27T12:18:29.105+0545] {python.py:201} INFO - Done. Returned value was: None
[2023-12-27T12:18:29.118+0545] {taskinstance.py:1138} INFO - Marking task as SUCCESS. dag_id=metrics_pipeline, task_id=fetch_and_store_metrics, execution_date=20230627T000000, start_date=20231227T063322, end_date=20231227T063329
[2023-12-27T12:18:29.177+0545] {local_task_job_runner.py:234} INFO - Task exited with return code 0
[2023-12-27T12:18:29.187+0545] {taskinstance.py:3281} INFO - 0 downstream tasks scheduled from follow-on schedule check
