[2023-12-26T13:18:49.303+0545] {taskinstance.py:1957} INFO - Dependencies all met for dep_context=non-requeueable deps ti=<TaskInstance: metrics_pipeline.fetch_and_store_metrics scheduled__2023-06-20T00:00:00+00:00 [queued]>
[2023-12-26T13:18:49.308+0545] {taskinstance.py:1957} INFO - Dependencies all met for dep_context=requeueable deps ti=<TaskInstance: metrics_pipeline.fetch_and_store_metrics scheduled__2023-06-20T00:00:00+00:00 [queued]>
[2023-12-26T13:18:49.308+0545] {taskinstance.py:2171} INFO - Starting attempt 1 of 2
[2023-12-26T13:18:49.320+0545] {taskinstance.py:2192} INFO - Executing <Task(PythonOperator): fetch_and_store_metrics> on 2023-06-20 00:00:00+00:00
[2023-12-26T13:18:49.322+0545] {standard_task_runner.py:60} INFO - Started process 27148 to run task
[2023-12-26T13:18:49.324+0545] {standard_task_runner.py:87} INFO - Running: ['airflow', 'tasks', 'run', 'metrics_pipeline', 'fetch_and_store_metrics', 'scheduled__2023-06-20T00:00:00+00:00', '--job-id', '174', '--raw', '--subdir', 'DAGS_FOLDER/taxi_metrics_dag.py', '--cfg-path', '/tmp/tmpd0yxhv8n']
[2023-12-26T13:18:49.324+0545] {standard_task_runner.py:88} INFO - Job 174: Subtask fetch_and_store_metrics
[2023-12-26T13:18:49.366+0545] {task_command.py:423} INFO - Running <TaskInstance: metrics_pipeline.fetch_and_store_metrics scheduled__2023-06-20T00:00:00+00:00 [running]> on host Sarita-Thinkpad
[2023-12-26T13:18:49.426+0545] {taskinstance.py:2481} INFO - Exporting env vars: AIRFLOW_CTX_DAG_OWNER='airflow' AIRFLOW_CTX_DAG_ID='metrics_pipeline' AIRFLOW_CTX_TASK_ID='fetch_and_store_metrics' AIRFLOW_CTX_EXECUTION_DATE='2023-06-20T00:00:00+00:00' AIRFLOW_CTX_TRY_NUMBER='1' AIRFLOW_CTX_DAG_RUN_ID='scheduled__2023-06-20T00:00:00+00:00'
[2023-12-26T13:18:49.445+0545] {python.py:201} INFO - Done. Returned value was: None
[2023-12-26T13:18:49.455+0545] {taskinstance.py:1138} INFO - Marking task as SUCCESS. dag_id=metrics_pipeline, task_id=fetch_and_store_metrics, execution_date=20230620T000000, start_date=20231226T073349, end_date=20231226T073349
[2023-12-26T13:18:49.496+0545] {local_task_job_runner.py:234} INFO - Task exited with return code 0
[2023-12-26T13:18:49.516+0545] {taskinstance.py:3281} INFO - 0 downstream tasks scheduled from follow-on schedule check
[2023-12-27T12:17:19.105+0545] {taskinstance.py:1957} INFO - Dependencies all met for dep_context=non-requeueable deps ti=<TaskInstance: metrics_pipeline.fetch_and_store_metrics scheduled__2023-06-20T00:00:00+00:00 [queued]>
[2023-12-27T12:17:19.109+0545] {taskinstance.py:1957} INFO - Dependencies all met for dep_context=requeueable deps ti=<TaskInstance: metrics_pipeline.fetch_and_store_metrics scheduled__2023-06-20T00:00:00+00:00 [queued]>
[2023-12-27T12:17:19.109+0545] {taskinstance.py:2171} INFO - Starting attempt 1 of 2
[2023-12-27T12:17:19.121+0545] {taskinstance.py:2192} INFO - Executing <Task(PythonOperator): fetch_and_store_metrics> on 2023-06-20 00:00:00+00:00
[2023-12-27T12:17:19.124+0545] {standard_task_runner.py:60} INFO - Started process 13388 to run task
[2023-12-27T12:17:19.125+0545] {standard_task_runner.py:87} INFO - Running: ['airflow', 'tasks', 'run', 'metrics_pipeline', 'fetch_and_store_metrics', 'scheduled__2023-06-20T00:00:00+00:00', '--job-id', '380', '--raw', '--subdir', 'DAGS_FOLDER/taxi_metrics_dag.py', '--cfg-path', '/tmp/tmp6_film8v']
[2023-12-27T12:17:19.126+0545] {standard_task_runner.py:88} INFO - Job 380: Subtask fetch_and_store_metrics
[2023-12-27T12:17:19.150+0545] {task_command.py:423} INFO - Running <TaskInstance: metrics_pipeline.fetch_and_store_metrics scheduled__2023-06-20T00:00:00+00:00 [running]> on host Sarita-Thinkpad
[2023-12-27T12:17:19.203+0545] {taskinstance.py:2481} INFO - Exporting env vars: AIRFLOW_CTX_DAG_OWNER='airflow' AIRFLOW_CTX_DAG_ID='metrics_pipeline' AIRFLOW_CTX_TASK_ID='fetch_and_store_metrics' AIRFLOW_CTX_EXECUTION_DATE='2023-06-20T00:00:00+00:00' AIRFLOW_CTX_TRY_NUMBER='1' AIRFLOW_CTX_DAG_RUN_ID='scheduled__2023-06-20T00:00:00+00:00'
[2023-12-27T12:17:19.204+0545] {taxi_metrics_dag.py:61} INFO - Getting Clickhouse Data.......
[2023-12-27T12:17:25.382+0545] {taxi_metrics_dag.py:67} ERROR - Could not complete the process..:HTTPDriver for https://github.demo.trial.altinity.cloud:8443 returned response code 400)
 Code: 62. DB::Exception: Syntax error (Multi-statements are not allowed): failed at position 1290 (end of query) (line 23, col 11): ;

 FORMAT Native. . (SYNTAX_ERROR) (version 23.10.5.20 (official build))

[2023-12-27T12:17:25.382+0545] {python.py:201} INFO - Done. Returned value was: None
[2023-12-27T12:17:25.394+0545] {taskinstance.py:1138} INFO - Marking task as SUCCESS. dag_id=metrics_pipeline, task_id=fetch_and_store_metrics, execution_date=20230620T000000, start_date=20231227T063219, end_date=20231227T063225
[2023-12-27T12:17:25.430+0545] {local_task_job_runner.py:234} INFO - Task exited with return code 0
[2023-12-27T12:17:25.443+0545] {taskinstance.py:3281} INFO - 0 downstream tasks scheduled from follow-on schedule check
