[2023-12-26T13:22:24.521+0545] {taskinstance.py:1957} INFO - Dependencies all met for dep_context=non-requeueable deps ti=<TaskInstance: metrics_pipeline.fetch_and_store_metrics scheduled__2023-09-01T00:00:00+00:00 [queued]>
[2023-12-26T13:22:24.526+0545] {taskinstance.py:1957} INFO - Dependencies all met for dep_context=requeueable deps ti=<TaskInstance: metrics_pipeline.fetch_and_store_metrics scheduled__2023-09-01T00:00:00+00:00 [queued]>
[2023-12-26T13:22:24.526+0545] {taskinstance.py:2171} INFO - Starting attempt 1 of 2
[2023-12-26T13:22:24.538+0545] {taskinstance.py:2192} INFO - Executing <Task(PythonOperator): fetch_and_store_metrics> on 2023-09-01 00:00:00+00:00
[2023-12-26T13:22:24.540+0545] {standard_task_runner.py:60} INFO - Started process 27697 to run task
[2023-12-26T13:22:24.542+0545] {standard_task_runner.py:87} INFO - Running: ['airflow', 'tasks', 'run', 'metrics_pipeline', 'fetch_and_store_metrics', 'scheduled__2023-09-01T00:00:00+00:00', '--job-id', '247', '--raw', '--subdir', 'DAGS_FOLDER/taxi_metrics_dag.py', '--cfg-path', '/tmp/tmp8axj_2d0']
[2023-12-26T13:22:24.542+0545] {standard_task_runner.py:88} INFO - Job 247: Subtask fetch_and_store_metrics
[2023-12-26T13:22:24.575+0545] {task_command.py:423} INFO - Running <TaskInstance: metrics_pipeline.fetch_and_store_metrics scheduled__2023-09-01T00:00:00+00:00 [running]> on host Sarita-Thinkpad
[2023-12-26T13:22:24.627+0545] {taskinstance.py:2481} INFO - Exporting env vars: AIRFLOW_CTX_DAG_OWNER='airflow' AIRFLOW_CTX_DAG_ID='metrics_pipeline' AIRFLOW_CTX_TASK_ID='fetch_and_store_metrics' AIRFLOW_CTX_EXECUTION_DATE='2023-09-01T00:00:00+00:00' AIRFLOW_CTX_TRY_NUMBER='1' AIRFLOW_CTX_DAG_RUN_ID='scheduled__2023-09-01T00:00:00+00:00'
[2023-12-26T13:22:24.642+0545] {python.py:201} INFO - Done. Returned value was: None
[2023-12-26T13:22:24.645+0545] {taskinstance.py:1138} INFO - Marking task as SUCCESS. dag_id=metrics_pipeline, task_id=fetch_and_store_metrics, execution_date=20230901T000000, start_date=20231226T073724, end_date=20231226T073724
[2023-12-26T13:22:24.674+0545] {local_task_job_runner.py:234} INFO - Task exited with return code 0
[2023-12-26T13:22:24.682+0545] {taskinstance.py:3281} INFO - 0 downstream tasks scheduled from follow-on schedule check
[2023-12-27T12:44:08.477+0545] {taskinstance.py:1957} INFO - Dependencies all met for dep_context=non-requeueable deps ti=<TaskInstance: metrics_pipeline.fetch_and_store_metrics scheduled__2023-09-01T00:00:00+00:00 [queued]>
[2023-12-27T12:44:08.481+0545] {taskinstance.py:1957} INFO - Dependencies all met for dep_context=requeueable deps ti=<TaskInstance: metrics_pipeline.fetch_and_store_metrics scheduled__2023-09-01T00:00:00+00:00 [queued]>
[2023-12-27T12:44:08.482+0545] {taskinstance.py:2171} INFO - Starting attempt 1 of 2
[2023-12-27T12:44:08.494+0545] {taskinstance.py:2192} INFO - Executing <Task(PythonOperator): fetch_and_store_metrics> on 2023-09-01 00:00:00+00:00
[2023-12-27T12:44:08.496+0545] {standard_task_runner.py:60} INFO - Started process 16880 to run task
[2023-12-27T12:44:08.498+0545] {standard_task_runner.py:87} INFO - Running: ['airflow', 'tasks', 'run', 'metrics_pipeline', 'fetch_and_store_metrics', 'scheduled__2023-09-01T00:00:00+00:00', '--job-id', '468', '--raw', '--subdir', 'DAGS_FOLDER/taxi_metrics_dag.py', '--cfg-path', '/tmp/tmp0kudpvkq']
[2023-12-27T12:44:08.498+0545] {standard_task_runner.py:88} INFO - Job 468: Subtask fetch_and_store_metrics
[2023-12-27T12:44:08.522+0545] {task_command.py:423} INFO - Running <TaskInstance: metrics_pipeline.fetch_and_store_metrics scheduled__2023-09-01T00:00:00+00:00 [running]> on host Sarita-Thinkpad
[2023-12-27T12:44:08.574+0545] {taskinstance.py:2481} INFO - Exporting env vars: AIRFLOW_CTX_DAG_OWNER='airflow' AIRFLOW_CTX_DAG_ID='metrics_pipeline' AIRFLOW_CTX_TASK_ID='fetch_and_store_metrics' AIRFLOW_CTX_EXECUTION_DATE='2023-09-01T00:00:00+00:00' AIRFLOW_CTX_TRY_NUMBER='1' AIRFLOW_CTX_DAG_RUN_ID='scheduled__2023-09-01T00:00:00+00:00'
[2023-12-27T12:44:08.576+0545] {taxi_metrics_dag.py:61} INFO - Getting Clickhouse Data.......
[2023-12-27T12:44:13.507+0545] {taxi_metrics_dag.py:63} INFO - Inserting Data into SQLite.....
[2023-12-27T12:44:13.526+0545] {taxi_metrics_dag.py:56} INFO - Successfully inserted data into SQLite!!
[2023-12-27T12:44:13.526+0545] {taxi_metrics_dag.py:65} INFO - Task completed successfully!!
[2023-12-27T12:44:13.526+0545] {python.py:201} INFO - Done. Returned value was: None
[2023-12-27T12:44:13.531+0545] {taskinstance.py:1138} INFO - Marking task as SUCCESS. dag_id=metrics_pipeline, task_id=fetch_and_store_metrics, execution_date=20230901T000000, start_date=20231227T065908, end_date=20231227T065913
