[2023-12-26T13:22:42.231+0545] {taskinstance.py:1957} INFO - Dependencies all met for dep_context=non-requeueable deps ti=<TaskInstance: metrics_pipeline.fetch_and_store_metrics scheduled__2023-09-07T00:00:00+00:00 [queued]>
[2023-12-26T13:22:42.236+0545] {taskinstance.py:1957} INFO - Dependencies all met for dep_context=requeueable deps ti=<TaskInstance: metrics_pipeline.fetch_and_store_metrics scheduled__2023-09-07T00:00:00+00:00 [queued]>
[2023-12-26T13:22:42.236+0545] {taskinstance.py:2171} INFO - Starting attempt 1 of 2
[2023-12-26T13:22:42.248+0545] {taskinstance.py:2192} INFO - Executing <Task(PythonOperator): fetch_and_store_metrics> on 2023-09-07 00:00:00+00:00
[2023-12-26T13:22:42.251+0545] {standard_task_runner.py:60} INFO - Started process 27746 to run task
[2023-12-26T13:22:42.253+0545] {standard_task_runner.py:87} INFO - Running: ['airflow', 'tasks', 'run', 'metrics_pipeline', 'fetch_and_store_metrics', 'scheduled__2023-09-07T00:00:00+00:00', '--job-id', '253', '--raw', '--subdir', 'DAGS_FOLDER/taxi_metrics_dag.py', '--cfg-path', '/tmp/tmp1t0dwkfm']
[2023-12-26T13:22:42.253+0545] {standard_task_runner.py:88} INFO - Job 253: Subtask fetch_and_store_metrics
[2023-12-26T13:22:42.277+0545] {task_command.py:423} INFO - Running <TaskInstance: metrics_pipeline.fetch_and_store_metrics scheduled__2023-09-07T00:00:00+00:00 [running]> on host Sarita-Thinkpad
[2023-12-26T13:22:42.327+0545] {taskinstance.py:2481} INFO - Exporting env vars: AIRFLOW_CTX_DAG_OWNER='airflow' AIRFLOW_CTX_DAG_ID='metrics_pipeline' AIRFLOW_CTX_TASK_ID='fetch_and_store_metrics' AIRFLOW_CTX_EXECUTION_DATE='2023-09-07T00:00:00+00:00' AIRFLOW_CTX_TRY_NUMBER='1' AIRFLOW_CTX_DAG_RUN_ID='scheduled__2023-09-07T00:00:00+00:00'
[2023-12-26T13:22:42.342+0545] {python.py:201} INFO - Done. Returned value was: None
[2023-12-26T13:22:42.346+0545] {taskinstance.py:1138} INFO - Marking task as SUCCESS. dag_id=metrics_pipeline, task_id=fetch_and_store_metrics, execution_date=20230907T000000, start_date=20231226T073742, end_date=20231226T073742
[2023-12-26T13:22:42.384+0545] {local_task_job_runner.py:234} INFO - Task exited with return code 0
[2023-12-26T13:22:42.395+0545] {taskinstance.py:3281} INFO - 0 downstream tasks scheduled from follow-on schedule check
[2023-12-27T12:45:44.556+0545] {taskinstance.py:1957} INFO - Dependencies all met for dep_context=non-requeueable deps ti=<TaskInstance: metrics_pipeline.fetch_and_store_metrics scheduled__2023-09-07T00:00:00+00:00 [queued]>
[2023-12-27T12:45:44.560+0545] {taskinstance.py:1957} INFO - Dependencies all met for dep_context=requeueable deps ti=<TaskInstance: metrics_pipeline.fetch_and_store_metrics scheduled__2023-09-07T00:00:00+00:00 [queued]>
[2023-12-27T12:45:44.561+0545] {taskinstance.py:2171} INFO - Starting attempt 1 of 2
[2023-12-27T12:45:44.573+0545] {taskinstance.py:2192} INFO - Executing <Task(PythonOperator): fetch_and_store_metrics> on 2023-09-07 00:00:00+00:00
[2023-12-27T12:45:44.575+0545] {standard_task_runner.py:60} INFO - Started process 17067 to run task
[2023-12-27T12:45:44.577+0545] {standard_task_runner.py:87} INFO - Running: ['airflow', 'tasks', 'run', 'metrics_pipeline', 'fetch_and_store_metrics', 'scheduled__2023-09-07T00:00:00+00:00', '--job-id', '475', '--raw', '--subdir', 'DAGS_FOLDER/taxi_metrics_dag.py', '--cfg-path', '/tmp/tmpeoaoswdt']
[2023-12-27T12:45:44.578+0545] {standard_task_runner.py:88} INFO - Job 475: Subtask fetch_and_store_metrics
[2023-12-27T12:45:44.601+0545] {task_command.py:423} INFO - Running <TaskInstance: metrics_pipeline.fetch_and_store_metrics scheduled__2023-09-07T00:00:00+00:00 [running]> on host Sarita-Thinkpad
[2023-12-27T12:45:44.660+0545] {taskinstance.py:2481} INFO - Exporting env vars: AIRFLOW_CTX_DAG_OWNER='airflow' AIRFLOW_CTX_DAG_ID='metrics_pipeline' AIRFLOW_CTX_TASK_ID='fetch_and_store_metrics' AIRFLOW_CTX_EXECUTION_DATE='2023-09-07T00:00:00+00:00' AIRFLOW_CTX_TRY_NUMBER='1' AIRFLOW_CTX_DAG_RUN_ID='scheduled__2023-09-07T00:00:00+00:00'
[2023-12-27T12:45:44.661+0545] {taxi_metrics_dag.py:62} INFO - Getting Clickhouse Data.......
[2023-12-27T12:45:49.219+0545] {taxi_metrics_dag.py:64} INFO - Inserting Data into SQLite.....
[2023-12-27T12:45:49.255+0545] {taxi_metrics_dag.py:57} INFO - Successfully inserted data into SQLite!!
[2023-12-27T12:45:49.255+0545] {taxi_metrics_dag.py:66} INFO - Task completed successfully!!
[2023-12-27T12:45:49.255+0545] {python.py:201} INFO - Done. Returned value was: None
[2023-12-27T12:45:49.263+0545] {taskinstance.py:1138} INFO - Marking task as SUCCESS. dag_id=metrics_pipeline, task_id=fetch_and_store_metrics, execution_date=20230907T000000, start_date=20231227T070044, end_date=20231227T070049
[2023-12-27T12:45:49.289+0545] {local_task_job_runner.py:234} INFO - Task exited with return code 0
[2023-12-27T12:45:49.302+0545] {taskinstance.py:3281} INFO - 0 downstream tasks scheduled from follow-on schedule check
