[2023-12-26T13:23:08.801+0545] {taskinstance.py:1957} INFO - Dependencies all met for dep_context=non-requeueable deps ti=<TaskInstance: metrics_pipeline.fetch_and_store_metrics scheduled__2023-09-16T00:00:00+00:00 [queued]>
[2023-12-26T13:23:08.805+0545] {taskinstance.py:1957} INFO - Dependencies all met for dep_context=requeueable deps ti=<TaskInstance: metrics_pipeline.fetch_and_store_metrics scheduled__2023-09-16T00:00:00+00:00 [queued]>
[2023-12-26T13:23:08.805+0545] {taskinstance.py:2171} INFO - Starting attempt 1 of 2
[2023-12-26T13:23:08.817+0545] {taskinstance.py:2192} INFO - Executing <Task(PythonOperator): fetch_and_store_metrics> on 2023-09-16 00:00:00+00:00
[2023-12-26T13:23:08.820+0545] {standard_task_runner.py:60} INFO - Started process 27809 to run task
[2023-12-26T13:23:08.822+0545] {standard_task_runner.py:87} INFO - Running: ['airflow', 'tasks', 'run', 'metrics_pipeline', 'fetch_and_store_metrics', 'scheduled__2023-09-16T00:00:00+00:00', '--job-id', '262', '--raw', '--subdir', 'DAGS_FOLDER/taxi_metrics_dag.py', '--cfg-path', '/tmp/tmpe25vztf7']
[2023-12-26T13:23:08.822+0545] {standard_task_runner.py:88} INFO - Job 262: Subtask fetch_and_store_metrics
[2023-12-26T13:23:08.869+0545] {task_command.py:423} INFO - Running <TaskInstance: metrics_pipeline.fetch_and_store_metrics scheduled__2023-09-16T00:00:00+00:00 [running]> on host Sarita-Thinkpad
[2023-12-26T13:23:08.931+0545] {taskinstance.py:2481} INFO - Exporting env vars: AIRFLOW_CTX_DAG_OWNER='airflow' AIRFLOW_CTX_DAG_ID='metrics_pipeline' AIRFLOW_CTX_TASK_ID='fetch_and_store_metrics' AIRFLOW_CTX_EXECUTION_DATE='2023-09-16T00:00:00+00:00' AIRFLOW_CTX_TRY_NUMBER='1' AIRFLOW_CTX_DAG_RUN_ID='scheduled__2023-09-16T00:00:00+00:00'
[2023-12-26T13:23:08.947+0545] {python.py:201} INFO - Done. Returned value was: None
[2023-12-26T13:23:08.951+0545] {taskinstance.py:1138} INFO - Marking task as SUCCESS. dag_id=metrics_pipeline, task_id=fetch_and_store_metrics, execution_date=20230916T000000, start_date=20231226T073808, end_date=20231226T073808
[2023-12-26T13:23:08.993+0545] {local_task_job_runner.py:234} INFO - Task exited with return code 0
[2023-12-26T13:23:09.002+0545] {taskinstance.py:3281} INFO - 0 downstream tasks scheduled from follow-on schedule check
[2023-12-27T12:47:02.630+0545] {taskinstance.py:1957} INFO - Dependencies all met for dep_context=non-requeueable deps ti=<TaskInstance: metrics_pipeline.fetch_and_store_metrics scheduled__2023-09-16T00:00:00+00:00 [queued]>
[2023-12-27T12:47:02.634+0545] {taskinstance.py:1957} INFO - Dependencies all met for dep_context=requeueable deps ti=<TaskInstance: metrics_pipeline.fetch_and_store_metrics scheduled__2023-09-16T00:00:00+00:00 [queued]>
[2023-12-27T12:47:02.634+0545] {taskinstance.py:2171} INFO - Starting attempt 1 of 2
[2023-12-27T12:47:02.647+0545] {taskinstance.py:2192} INFO - Executing <Task(PythonOperator): fetch_and_store_metrics> on 2023-09-16 00:00:00+00:00
[2023-12-27T12:47:02.652+0545] {standard_task_runner.py:60} INFO - Started process 17181 to run task
[2023-12-27T12:47:02.656+0545] {standard_task_runner.py:87} INFO - Running: ['airflow', 'tasks', 'run', 'metrics_pipeline', 'fetch_and_store_metrics', 'scheduled__2023-09-16T00:00:00+00:00', '--job-id', '484', '--raw', '--subdir', 'DAGS_FOLDER/taxi_metrics_dag.py', '--cfg-path', '/tmp/tmppxugp8r1']
[2023-12-27T12:47:02.657+0545] {standard_task_runner.py:88} INFO - Job 484: Subtask fetch_and_store_metrics
[2023-12-27T12:47:02.688+0545] {task_command.py:423} INFO - Running <TaskInstance: metrics_pipeline.fetch_and_store_metrics scheduled__2023-09-16T00:00:00+00:00 [running]> on host Sarita-Thinkpad
[2023-12-27T12:47:02.736+0545] {taskinstance.py:2481} INFO - Exporting env vars: AIRFLOW_CTX_DAG_OWNER='airflow' AIRFLOW_CTX_DAG_ID='metrics_pipeline' AIRFLOW_CTX_TASK_ID='fetch_and_store_metrics' AIRFLOW_CTX_EXECUTION_DATE='2023-09-16T00:00:00+00:00' AIRFLOW_CTX_TRY_NUMBER='1' AIRFLOW_CTX_DAG_RUN_ID='scheduled__2023-09-16T00:00:00+00:00'
[2023-12-27T12:47:02.739+0545] {taxi_metrics_dag.py:62} INFO - Getting Clickhouse Data.......
[2023-12-27T12:47:06.571+0545] {taxi_metrics_dag.py:64} INFO - Inserting Data into SQLite.....
[2023-12-27T12:47:06.603+0545] {taxi_metrics_dag.py:57} INFO - Successfully inserted data into SQLite!!
[2023-12-27T12:47:06.603+0545] {taxi_metrics_dag.py:66} INFO - Task completed successfully!!
[2023-12-27T12:47:06.603+0545] {python.py:201} INFO - Done. Returned value was: None
[2023-12-27T12:47:06.608+0545] {taskinstance.py:1138} INFO - Marking task as SUCCESS. dag_id=metrics_pipeline, task_id=fetch_and_store_metrics, execution_date=20230916T000000, start_date=20231227T070202, end_date=20231227T070206
[2023-12-27T12:47:06.643+0545] {local_task_job_runner.py:234} INFO - Task exited with return code 0
[2023-12-27T12:47:06.652+0545] {taskinstance.py:3281} INFO - 0 downstream tasks scheduled from follow-on schedule check
