[2023-12-26T13:23:34.947+0545] {taskinstance.py:1957} INFO - Dependencies all met for dep_context=non-requeueable deps ti=<TaskInstance: metrics_pipeline.fetch_and_store_metrics scheduled__2023-09-25T00:00:00+00:00 [queued]>
[2023-12-26T13:23:34.952+0545] {taskinstance.py:1957} INFO - Dependencies all met for dep_context=requeueable deps ti=<TaskInstance: metrics_pipeline.fetch_and_store_metrics scheduled__2023-09-25T00:00:00+00:00 [queued]>
[2023-12-26T13:23:34.952+0545] {taskinstance.py:2171} INFO - Starting attempt 1 of 2
[2023-12-26T13:23:34.963+0545] {taskinstance.py:2192} INFO - Executing <Task(PythonOperator): fetch_and_store_metrics> on 2023-09-25 00:00:00+00:00
[2023-12-26T13:23:34.966+0545] {standard_task_runner.py:60} INFO - Started process 27880 to run task
[2023-12-26T13:23:34.968+0545] {standard_task_runner.py:87} INFO - Running: ['airflow', 'tasks', 'run', 'metrics_pipeline', 'fetch_and_store_metrics', 'scheduled__2023-09-25T00:00:00+00:00', '--job-id', '271', '--raw', '--subdir', 'DAGS_FOLDER/taxi_metrics_dag.py', '--cfg-path', '/tmp/tmpfpo8f45f']
[2023-12-26T13:23:34.968+0545] {standard_task_runner.py:88} INFO - Job 271: Subtask fetch_and_store_metrics
[2023-12-26T13:23:35.013+0545] {task_command.py:423} INFO - Running <TaskInstance: metrics_pipeline.fetch_and_store_metrics scheduled__2023-09-25T00:00:00+00:00 [running]> on host Sarita-Thinkpad
[2023-12-26T13:23:35.068+0545] {taskinstance.py:2481} INFO - Exporting env vars: AIRFLOW_CTX_DAG_OWNER='airflow' AIRFLOW_CTX_DAG_ID='metrics_pipeline' AIRFLOW_CTX_TASK_ID='fetch_and_store_metrics' AIRFLOW_CTX_EXECUTION_DATE='2023-09-25T00:00:00+00:00' AIRFLOW_CTX_TRY_NUMBER='1' AIRFLOW_CTX_DAG_RUN_ID='scheduled__2023-09-25T00:00:00+00:00'
[2023-12-26T13:23:35.083+0545] {python.py:201} INFO - Done. Returned value was: None
[2023-12-26T13:23:35.093+0545] {taskinstance.py:1138} INFO - Marking task as SUCCESS. dag_id=metrics_pipeline, task_id=fetch_and_store_metrics, execution_date=20230925T000000, start_date=20231226T073834, end_date=20231226T073835
[2023-12-26T13:23:35.140+0545] {local_task_job_runner.py:234} INFO - Task exited with return code 0
[2023-12-26T13:23:35.162+0545] {taskinstance.py:3281} INFO - 0 downstream tasks scheduled from follow-on schedule check
[2023-12-27T12:54:21.941+0545] {taskinstance.py:1957} INFO - Dependencies all met for dep_context=non-requeueable deps ti=<TaskInstance: metrics_pipeline.fetch_and_store_metrics scheduled__2023-09-25T00:00:00+00:00 [queued]>
[2023-12-27T12:54:21.946+0545] {taskinstance.py:1957} INFO - Dependencies all met for dep_context=requeueable deps ti=<TaskInstance: metrics_pipeline.fetch_and_store_metrics scheduled__2023-09-25T00:00:00+00:00 [queued]>
[2023-12-27T12:54:21.946+0545] {taskinstance.py:2171} INFO - Starting attempt 1 of 2
[2023-12-27T12:54:21.958+0545] {taskinstance.py:2192} INFO - Executing <Task(PythonOperator): fetch_and_store_metrics> on 2023-09-25 00:00:00+00:00
[2023-12-27T12:54:21.960+0545] {standard_task_runner.py:60} INFO - Started process 17847 to run task
[2023-12-27T12:54:21.962+0545] {standard_task_runner.py:87} INFO - Running: ['airflow', 'tasks', 'run', 'metrics_pipeline', 'fetch_and_store_metrics', 'scheduled__2023-09-25T00:00:00+00:00', '--job-id', '495', '--raw', '--subdir', 'DAGS_FOLDER/taxi_metrics_dag.py', '--cfg-path', '/tmp/tmpr79vy0y9']
[2023-12-27T12:54:21.962+0545] {standard_task_runner.py:88} INFO - Job 495: Subtask fetch_and_store_metrics
[2023-12-27T12:54:21.986+0545] {task_command.py:423} INFO - Running <TaskInstance: metrics_pipeline.fetch_and_store_metrics scheduled__2023-09-25T00:00:00+00:00 [running]> on host Sarita-Thinkpad
[2023-12-27T12:54:22.032+0545] {taskinstance.py:2481} INFO - Exporting env vars: AIRFLOW_CTX_DAG_OWNER='airflow' AIRFLOW_CTX_DAG_ID='metrics_pipeline' AIRFLOW_CTX_TASK_ID='fetch_and_store_metrics' AIRFLOW_CTX_EXECUTION_DATE='2023-09-25T00:00:00+00:00' AIRFLOW_CTX_TRY_NUMBER='1' AIRFLOW_CTX_DAG_RUN_ID='scheduled__2023-09-25T00:00:00+00:00'
[2023-12-27T12:54:22.033+0545] {taxi_metrics_dag.py:62} INFO - Getting Clickhouse Data.......
[2023-12-27T12:54:27.496+0545] {taxi_metrics_dag.py:64} INFO - Inserting Data into SQLite.....
[2023-12-27T12:54:27.527+0545] {taxi_metrics_dag.py:57} INFO - Successfully inserted data into SQLite!!
[2023-12-27T12:54:27.528+0545] {taxi_metrics_dag.py:66} INFO - Task completed successfully!!
[2023-12-27T12:54:27.528+0545] {python.py:201} INFO - Done. Returned value was: None
[2023-12-27T12:54:27.535+0545] {taskinstance.py:1138} INFO - Marking task as SUCCESS. dag_id=metrics_pipeline, task_id=fetch_and_store_metrics, execution_date=20230925T000000, start_date=20231227T070921, end_date=20231227T070927
[2023-12-27T12:54:27.565+0545] {local_task_job_runner.py:234} INFO - Task exited with return code 0
[2023-12-27T12:54:27.573+0545] {taskinstance.py:3281} INFO - 0 downstream tasks scheduled from follow-on schedule check
