[2023-12-27T09:36:31.274+0545] {processor.py:161} INFO - Started process (PID=6834) to work on /home/sarita/Documents/apache-airflow-project/.venv/lib/python3.9/site-packages/airflow/example_dags/plugins/event_listener.py
[2023-12-27T09:36:31.275+0545] {processor.py:830} INFO - Processing file /home/sarita/Documents/apache-airflow-project/.venv/lib/python3.9/site-packages/airflow/example_dags/plugins/event_listener.py for tasks to queue
[2023-12-27T09:36:31.276+0545] {logging_mixin.py:188} INFO - [2023-12-27T09:36:31.275+0545] {dagbag.py:538} INFO - Filling up the DagBag from /home/sarita/Documents/apache-airflow-project/.venv/lib/python3.9/site-packages/airflow/example_dags/plugins/event_listener.py
[2023-12-27T09:36:31.278+0545] {processor.py:842} WARNING - No viable dags retrieved from /home/sarita/Documents/apache-airflow-project/.venv/lib/python3.9/site-packages/airflow/example_dags/plugins/event_listener.py
[2023-12-27T09:36:31.287+0545] {processor.py:183} INFO - Processing /home/sarita/Documents/apache-airflow-project/.venv/lib/python3.9/site-packages/airflow/example_dags/plugins/event_listener.py took 0.017 seconds
[2023-12-27T09:37:20.733+0545] {processor.py:161} INFO - Started process (PID=6950) to work on /home/sarita/Documents/apache-airflow-project/.venv/lib/python3.9/site-packages/airflow/example_dags/plugins/event_listener.py
[2023-12-27T09:37:20.735+0545] {processor.py:830} INFO - Processing file /home/sarita/Documents/apache-airflow-project/.venv/lib/python3.9/site-packages/airflow/example_dags/plugins/event_listener.py for tasks to queue
[2023-12-27T09:37:20.735+0545] {logging_mixin.py:188} INFO - [2023-12-27T09:37:20.735+0545] {dagbag.py:538} INFO - Filling up the DagBag from /home/sarita/Documents/apache-airflow-project/.venv/lib/python3.9/site-packages/airflow/example_dags/plugins/event_listener.py
[2023-12-27T09:37:20.737+0545] {processor.py:842} WARNING - No viable dags retrieved from /home/sarita/Documents/apache-airflow-project/.venv/lib/python3.9/site-packages/airflow/example_dags/plugins/event_listener.py
[2023-12-27T09:37:20.745+0545] {processor.py:183} INFO - Processing /home/sarita/Documents/apache-airflow-project/.venv/lib/python3.9/site-packages/airflow/example_dags/plugins/event_listener.py took 0.014 seconds
[2023-12-27T09:37:56.743+0545] {processor.py:161} INFO - Started process (PID=6995) to work on /home/sarita/Documents/apache-airflow-project/.venv/lib/python3.9/site-packages/airflow/example_dags/plugins/event_listener.py
[2023-12-27T09:37:56.746+0545] {processor.py:830} INFO - Processing file /home/sarita/Documents/apache-airflow-project/.venv/lib/python3.9/site-packages/airflow/example_dags/plugins/event_listener.py for tasks to queue
[2023-12-27T09:37:56.748+0545] {logging_mixin.py:188} INFO - [2023-12-27T09:37:56.747+0545] {dagbag.py:538} INFO - Filling up the DagBag from /home/sarita/Documents/apache-airflow-project/.venv/lib/python3.9/site-packages/airflow/example_dags/plugins/event_listener.py
[2023-12-27T09:37:56.753+0545] {processor.py:842} WARNING - No viable dags retrieved from /home/sarita/Documents/apache-airflow-project/.venv/lib/python3.9/site-packages/airflow/example_dags/plugins/event_listener.py
[2023-12-27T09:37:56.770+0545] {processor.py:183} INFO - Processing /home/sarita/Documents/apache-airflow-project/.venv/lib/python3.9/site-packages/airflow/example_dags/plugins/event_listener.py took 0.035 seconds
[2023-12-27T09:38:33.529+0545] {processor.py:161} INFO - Started process (PID=7097) to work on /home/sarita/Documents/apache-airflow-project/.venv/lib/python3.9/site-packages/airflow/example_dags/plugins/event_listener.py
[2023-12-27T09:38:33.531+0545] {processor.py:830} INFO - Processing file /home/sarita/Documents/apache-airflow-project/.venv/lib/python3.9/site-packages/airflow/example_dags/plugins/event_listener.py for tasks to queue
[2023-12-27T09:38:33.532+0545] {logging_mixin.py:188} INFO - [2023-12-27T09:38:33.531+0545] {dagbag.py:538} INFO - Filling up the DagBag from /home/sarita/Documents/apache-airflow-project/.venv/lib/python3.9/site-packages/airflow/example_dags/plugins/event_listener.py
[2023-12-27T09:38:33.533+0545] {processor.py:842} WARNING - No viable dags retrieved from /home/sarita/Documents/apache-airflow-project/.venv/lib/python3.9/site-packages/airflow/example_dags/plugins/event_listener.py
[2023-12-27T09:38:33.540+0545] {processor.py:183} INFO - Processing /home/sarita/Documents/apache-airflow-project/.venv/lib/python3.9/site-packages/airflow/example_dags/plugins/event_listener.py took 0.013 seconds
[2023-12-27T09:39:11.200+0545] {processor.py:161} INFO - Started process (PID=7137) to work on /home/sarita/Documents/apache-airflow-project/.venv/lib/python3.9/site-packages/airflow/example_dags/plugins/event_listener.py
[2023-12-27T09:39:11.203+0545] {processor.py:830} INFO - Processing file /home/sarita/Documents/apache-airflow-project/.venv/lib/python3.9/site-packages/airflow/example_dags/plugins/event_listener.py for tasks to queue
[2023-12-27T09:39:11.205+0545] {logging_mixin.py:188} INFO - [2023-12-27T09:39:11.204+0545] {dagbag.py:538} INFO - Filling up the DagBag from /home/sarita/Documents/apache-airflow-project/.venv/lib/python3.9/site-packages/airflow/example_dags/plugins/event_listener.py
[2023-12-27T09:39:11.209+0545] {processor.py:842} WARNING - No viable dags retrieved from /home/sarita/Documents/apache-airflow-project/.venv/lib/python3.9/site-packages/airflow/example_dags/plugins/event_listener.py
[2023-12-27T09:39:11.225+0545] {processor.py:183} INFO - Processing /home/sarita/Documents/apache-airflow-project/.venv/lib/python3.9/site-packages/airflow/example_dags/plugins/event_listener.py took 0.031 seconds
[2023-12-27T09:39:47.975+0545] {processor.py:161} INFO - Started process (PID=7180) to work on /home/sarita/Documents/apache-airflow-project/.venv/lib/python3.9/site-packages/airflow/example_dags/plugins/event_listener.py
[2023-12-27T09:39:47.977+0545] {processor.py:830} INFO - Processing file /home/sarita/Documents/apache-airflow-project/.venv/lib/python3.9/site-packages/airflow/example_dags/plugins/event_listener.py for tasks to queue
[2023-12-27T09:39:47.978+0545] {logging_mixin.py:188} INFO - [2023-12-27T09:39:47.978+0545] {dagbag.py:538} INFO - Filling up the DagBag from /home/sarita/Documents/apache-airflow-project/.venv/lib/python3.9/site-packages/airflow/example_dags/plugins/event_listener.py
[2023-12-27T09:39:47.980+0545] {processor.py:842} WARNING - No viable dags retrieved from /home/sarita/Documents/apache-airflow-project/.venv/lib/python3.9/site-packages/airflow/example_dags/plugins/event_listener.py
[2023-12-27T09:39:47.991+0545] {processor.py:183} INFO - Processing /home/sarita/Documents/apache-airflow-project/.venv/lib/python3.9/site-packages/airflow/example_dags/plugins/event_listener.py took 0.019 seconds
[2023-12-27T09:40:28.366+0545] {processor.py:161} INFO - Started process (PID=7268) to work on /home/sarita/Documents/apache-airflow-project/.venv/lib/python3.9/site-packages/airflow/example_dags/plugins/event_listener.py
[2023-12-27T09:40:28.368+0545] {processor.py:830} INFO - Processing file /home/sarita/Documents/apache-airflow-project/.venv/lib/python3.9/site-packages/airflow/example_dags/plugins/event_listener.py for tasks to queue
[2023-12-27T09:40:28.369+0545] {logging_mixin.py:188} INFO - [2023-12-27T09:40:28.368+0545] {dagbag.py:538} INFO - Filling up the DagBag from /home/sarita/Documents/apache-airflow-project/.venv/lib/python3.9/site-packages/airflow/example_dags/plugins/event_listener.py
[2023-12-27T09:40:28.370+0545] {processor.py:842} WARNING - No viable dags retrieved from /home/sarita/Documents/apache-airflow-project/.venv/lib/python3.9/site-packages/airflow/example_dags/plugins/event_listener.py
[2023-12-27T09:40:28.377+0545] {processor.py:183} INFO - Processing /home/sarita/Documents/apache-airflow-project/.venv/lib/python3.9/site-packages/airflow/example_dags/plugins/event_listener.py took 0.012 seconds
[2023-12-27T09:41:01.163+0545] {processor.py:161} INFO - Started process (PID=7462) to work on /home/sarita/Documents/apache-airflow-project/.venv/lib/python3.9/site-packages/airflow/example_dags/plugins/event_listener.py
[2023-12-27T09:41:01.166+0545] {processor.py:830} INFO - Processing file /home/sarita/Documents/apache-airflow-project/.venv/lib/python3.9/site-packages/airflow/example_dags/plugins/event_listener.py for tasks to queue
[2023-12-27T09:41:01.168+0545] {logging_mixin.py:188} INFO - [2023-12-27T09:41:01.167+0545] {dagbag.py:538} INFO - Filling up the DagBag from /home/sarita/Documents/apache-airflow-project/.venv/lib/python3.9/site-packages/airflow/example_dags/plugins/event_listener.py
[2023-12-27T09:41:01.174+0545] {processor.py:842} WARNING - No viable dags retrieved from /home/sarita/Documents/apache-airflow-project/.venv/lib/python3.9/site-packages/airflow/example_dags/plugins/event_listener.py
[2023-12-27T09:41:01.189+0545] {processor.py:183} INFO - Processing /home/sarita/Documents/apache-airflow-project/.venv/lib/python3.9/site-packages/airflow/example_dags/plugins/event_listener.py took 0.034 seconds
[2023-12-27T09:41:39.266+0545] {processor.py:161} INFO - Started process (PID=7553) to work on /home/sarita/Documents/apache-airflow-project/.venv/lib/python3.9/site-packages/airflow/example_dags/plugins/event_listener.py
[2023-12-27T09:41:39.270+0545] {processor.py:830} INFO - Processing file /home/sarita/Documents/apache-airflow-project/.venv/lib/python3.9/site-packages/airflow/example_dags/plugins/event_listener.py for tasks to queue
[2023-12-27T09:41:39.273+0545] {logging_mixin.py:188} INFO - [2023-12-27T09:41:39.272+0545] {dagbag.py:538} INFO - Filling up the DagBag from /home/sarita/Documents/apache-airflow-project/.venv/lib/python3.9/site-packages/airflow/example_dags/plugins/event_listener.py
[2023-12-27T09:41:39.278+0545] {processor.py:842} WARNING - No viable dags retrieved from /home/sarita/Documents/apache-airflow-project/.venv/lib/python3.9/site-packages/airflow/example_dags/plugins/event_listener.py
[2023-12-27T09:41:39.291+0545] {processor.py:183} INFO - Processing /home/sarita/Documents/apache-airflow-project/.venv/lib/python3.9/site-packages/airflow/example_dags/plugins/event_listener.py took 0.033 seconds
[2023-12-27T09:42:18.198+0545] {processor.py:161} INFO - Started process (PID=7756) to work on /home/sarita/Documents/apache-airflow-project/.venv/lib/python3.9/site-packages/airflow/example_dags/plugins/event_listener.py
[2023-12-27T09:42:18.199+0545] {processor.py:830} INFO - Processing file /home/sarita/Documents/apache-airflow-project/.venv/lib/python3.9/site-packages/airflow/example_dags/plugins/event_listener.py for tasks to queue
[2023-12-27T09:42:18.200+0545] {logging_mixin.py:188} INFO - [2023-12-27T09:42:18.200+0545] {dagbag.py:538} INFO - Filling up the DagBag from /home/sarita/Documents/apache-airflow-project/.venv/lib/python3.9/site-packages/airflow/example_dags/plugins/event_listener.py
[2023-12-27T09:42:18.201+0545] {processor.py:842} WARNING - No viable dags retrieved from /home/sarita/Documents/apache-airflow-project/.venv/lib/python3.9/site-packages/airflow/example_dags/plugins/event_listener.py
[2023-12-27T09:42:18.208+0545] {processor.py:183} INFO - Processing /home/sarita/Documents/apache-airflow-project/.venv/lib/python3.9/site-packages/airflow/example_dags/plugins/event_listener.py took 0.012 seconds
[2023-12-27T09:42:53.447+0545] {processor.py:161} INFO - Started process (PID=7826) to work on /home/sarita/Documents/apache-airflow-project/.venv/lib/python3.9/site-packages/airflow/example_dags/plugins/event_listener.py
[2023-12-27T09:42:53.449+0545] {processor.py:830} INFO - Processing file /home/sarita/Documents/apache-airflow-project/.venv/lib/python3.9/site-packages/airflow/example_dags/plugins/event_listener.py for tasks to queue
[2023-12-27T09:42:53.450+0545] {logging_mixin.py:188} INFO - [2023-12-27T09:42:53.450+0545] {dagbag.py:538} INFO - Filling up the DagBag from /home/sarita/Documents/apache-airflow-project/.venv/lib/python3.9/site-packages/airflow/example_dags/plugins/event_listener.py
[2023-12-27T09:42:53.453+0545] {processor.py:842} WARNING - No viable dags retrieved from /home/sarita/Documents/apache-airflow-project/.venv/lib/python3.9/site-packages/airflow/example_dags/plugins/event_listener.py
[2023-12-27T09:42:53.463+0545] {processor.py:183} INFO - Processing /home/sarita/Documents/apache-airflow-project/.venv/lib/python3.9/site-packages/airflow/example_dags/plugins/event_listener.py took 0.019 seconds
[2023-12-27T09:43:26.719+0545] {processor.py:161} INFO - Started process (PID=7877) to work on /home/sarita/Documents/apache-airflow-project/.venv/lib/python3.9/site-packages/airflow/example_dags/plugins/event_listener.py
[2023-12-27T09:43:26.721+0545] {processor.py:830} INFO - Processing file /home/sarita/Documents/apache-airflow-project/.venv/lib/python3.9/site-packages/airflow/example_dags/plugins/event_listener.py for tasks to queue
[2023-12-27T09:43:26.723+0545] {logging_mixin.py:188} INFO - [2023-12-27T09:43:26.723+0545] {dagbag.py:538} INFO - Filling up the DagBag from /home/sarita/Documents/apache-airflow-project/.venv/lib/python3.9/site-packages/airflow/example_dags/plugins/event_listener.py
[2023-12-27T09:43:26.727+0545] {processor.py:842} WARNING - No viable dags retrieved from /home/sarita/Documents/apache-airflow-project/.venv/lib/python3.9/site-packages/airflow/example_dags/plugins/event_listener.py
[2023-12-27T09:43:26.742+0545] {processor.py:183} INFO - Processing /home/sarita/Documents/apache-airflow-project/.venv/lib/python3.9/site-packages/airflow/example_dags/plugins/event_listener.py took 0.028 seconds
[2023-12-27T09:44:04.647+0545] {processor.py:161} INFO - Started process (PID=7922) to work on /home/sarita/Documents/apache-airflow-project/.venv/lib/python3.9/site-packages/airflow/example_dags/plugins/event_listener.py
[2023-12-27T09:44:04.650+0545] {processor.py:830} INFO - Processing file /home/sarita/Documents/apache-airflow-project/.venv/lib/python3.9/site-packages/airflow/example_dags/plugins/event_listener.py for tasks to queue
[2023-12-27T09:44:04.651+0545] {logging_mixin.py:188} INFO - [2023-12-27T09:44:04.651+0545] {dagbag.py:538} INFO - Filling up the DagBag from /home/sarita/Documents/apache-airflow-project/.venv/lib/python3.9/site-packages/airflow/example_dags/plugins/event_listener.py
[2023-12-27T09:44:04.654+0545] {processor.py:842} WARNING - No viable dags retrieved from /home/sarita/Documents/apache-airflow-project/.venv/lib/python3.9/site-packages/airflow/example_dags/plugins/event_listener.py
[2023-12-27T09:44:04.666+0545] {processor.py:183} INFO - Processing /home/sarita/Documents/apache-airflow-project/.venv/lib/python3.9/site-packages/airflow/example_dags/plugins/event_listener.py took 0.022 seconds
[2023-12-27T09:44:41.941+0545] {processor.py:161} INFO - Started process (PID=7973) to work on /home/sarita/Documents/apache-airflow-project/.venv/lib/python3.9/site-packages/airflow/example_dags/plugins/event_listener.py
[2023-12-27T09:44:41.944+0545] {processor.py:830} INFO - Processing file /home/sarita/Documents/apache-airflow-project/.venv/lib/python3.9/site-packages/airflow/example_dags/plugins/event_listener.py for tasks to queue
[2023-12-27T09:44:41.945+0545] {logging_mixin.py:188} INFO - [2023-12-27T09:44:41.944+0545] {dagbag.py:538} INFO - Filling up the DagBag from /home/sarita/Documents/apache-airflow-project/.venv/lib/python3.9/site-packages/airflow/example_dags/plugins/event_listener.py
[2023-12-27T09:44:41.947+0545] {processor.py:842} WARNING - No viable dags retrieved from /home/sarita/Documents/apache-airflow-project/.venv/lib/python3.9/site-packages/airflow/example_dags/plugins/event_listener.py
[2023-12-27T09:44:41.955+0545] {processor.py:183} INFO - Processing /home/sarita/Documents/apache-airflow-project/.venv/lib/python3.9/site-packages/airflow/example_dags/plugins/event_listener.py took 0.017 seconds
[2023-12-27T09:45:17.181+0545] {processor.py:161} INFO - Started process (PID=8026) to work on /home/sarita/Documents/apache-airflow-project/.venv/lib/python3.9/site-packages/airflow/example_dags/plugins/event_listener.py
[2023-12-27T09:45:17.184+0545] {processor.py:830} INFO - Processing file /home/sarita/Documents/apache-airflow-project/.venv/lib/python3.9/site-packages/airflow/example_dags/plugins/event_listener.py for tasks to queue
[2023-12-27T09:45:17.186+0545] {logging_mixin.py:188} INFO - [2023-12-27T09:45:17.185+0545] {dagbag.py:538} INFO - Filling up the DagBag from /home/sarita/Documents/apache-airflow-project/.venv/lib/python3.9/site-packages/airflow/example_dags/plugins/event_listener.py
[2023-12-27T09:45:17.192+0545] {processor.py:842} WARNING - No viable dags retrieved from /home/sarita/Documents/apache-airflow-project/.venv/lib/python3.9/site-packages/airflow/example_dags/plugins/event_listener.py
[2023-12-27T09:45:17.210+0545] {processor.py:183} INFO - Processing /home/sarita/Documents/apache-airflow-project/.venv/lib/python3.9/site-packages/airflow/example_dags/plugins/event_listener.py took 0.036 seconds
[2023-12-27T09:45:55.266+0545] {processor.py:161} INFO - Started process (PID=8456) to work on /home/sarita/Documents/apache-airflow-project/.venv/lib/python3.9/site-packages/airflow/example_dags/plugins/event_listener.py
[2023-12-27T09:45:55.269+0545] {processor.py:830} INFO - Processing file /home/sarita/Documents/apache-airflow-project/.venv/lib/python3.9/site-packages/airflow/example_dags/plugins/event_listener.py for tasks to queue
[2023-12-27T09:45:55.272+0545] {logging_mixin.py:188} INFO - [2023-12-27T09:45:55.271+0545] {dagbag.py:538} INFO - Filling up the DagBag from /home/sarita/Documents/apache-airflow-project/.venv/lib/python3.9/site-packages/airflow/example_dags/plugins/event_listener.py
[2023-12-27T09:45:55.279+0545] {processor.py:842} WARNING - No viable dags retrieved from /home/sarita/Documents/apache-airflow-project/.venv/lib/python3.9/site-packages/airflow/example_dags/plugins/event_listener.py
[2023-12-27T09:45:55.302+0545] {processor.py:183} INFO - Processing /home/sarita/Documents/apache-airflow-project/.venv/lib/python3.9/site-packages/airflow/example_dags/plugins/event_listener.py took 0.037 seconds
[2023-12-27T09:46:29.395+0545] {processor.py:161} INFO - Started process (PID=8502) to work on /home/sarita/Documents/apache-airflow-project/.venv/lib/python3.9/site-packages/airflow/example_dags/plugins/event_listener.py
[2023-12-27T09:46:29.397+0545] {processor.py:830} INFO - Processing file /home/sarita/Documents/apache-airflow-project/.venv/lib/python3.9/site-packages/airflow/example_dags/plugins/event_listener.py for tasks to queue
[2023-12-27T09:46:29.399+0545] {logging_mixin.py:188} INFO - [2023-12-27T09:46:29.398+0545] {dagbag.py:538} INFO - Filling up the DagBag from /home/sarita/Documents/apache-airflow-project/.venv/lib/python3.9/site-packages/airflow/example_dags/plugins/event_listener.py
[2023-12-27T09:46:29.403+0545] {processor.py:842} WARNING - No viable dags retrieved from /home/sarita/Documents/apache-airflow-project/.venv/lib/python3.9/site-packages/airflow/example_dags/plugins/event_listener.py
[2023-12-27T09:46:29.414+0545] {processor.py:183} INFO - Processing /home/sarita/Documents/apache-airflow-project/.venv/lib/python3.9/site-packages/airflow/example_dags/plugins/event_listener.py took 0.026 seconds
[2023-12-27T09:47:07.768+0545] {processor.py:161} INFO - Started process (PID=8540) to work on /home/sarita/Documents/apache-airflow-project/.venv/lib/python3.9/site-packages/airflow/example_dags/plugins/event_listener.py
[2023-12-27T09:47:07.772+0545] {processor.py:830} INFO - Processing file /home/sarita/Documents/apache-airflow-project/.venv/lib/python3.9/site-packages/airflow/example_dags/plugins/event_listener.py for tasks to queue
[2023-12-27T09:47:07.774+0545] {logging_mixin.py:188} INFO - [2023-12-27T09:47:07.773+0545] {dagbag.py:538} INFO - Filling up the DagBag from /home/sarita/Documents/apache-airflow-project/.venv/lib/python3.9/site-packages/airflow/example_dags/plugins/event_listener.py
[2023-12-27T09:47:07.779+0545] {processor.py:842} WARNING - No viable dags retrieved from /home/sarita/Documents/apache-airflow-project/.venv/lib/python3.9/site-packages/airflow/example_dags/plugins/event_listener.py
[2023-12-27T09:47:07.792+0545] {processor.py:183} INFO - Processing /home/sarita/Documents/apache-airflow-project/.venv/lib/python3.9/site-packages/airflow/example_dags/plugins/event_listener.py took 0.031 seconds
[2023-12-27T09:47:48.007+0545] {processor.py:161} INFO - Started process (PID=8600) to work on /home/sarita/Documents/apache-airflow-project/.venv/lib/python3.9/site-packages/airflow/example_dags/plugins/event_listener.py
[2023-12-27T09:47:48.010+0545] {processor.py:830} INFO - Processing file /home/sarita/Documents/apache-airflow-project/.venv/lib/python3.9/site-packages/airflow/example_dags/plugins/event_listener.py for tasks to queue
[2023-12-27T09:47:48.012+0545] {logging_mixin.py:188} INFO - [2023-12-27T09:47:48.011+0545] {dagbag.py:538} INFO - Filling up the DagBag from /home/sarita/Documents/apache-airflow-project/.venv/lib/python3.9/site-packages/airflow/example_dags/plugins/event_listener.py
[2023-12-27T09:47:48.015+0545] {processor.py:842} WARNING - No viable dags retrieved from /home/sarita/Documents/apache-airflow-project/.venv/lib/python3.9/site-packages/airflow/example_dags/plugins/event_listener.py
[2023-12-27T09:47:48.032+0545] {processor.py:183} INFO - Processing /home/sarita/Documents/apache-airflow-project/.venv/lib/python3.9/site-packages/airflow/example_dags/plugins/event_listener.py took 0.029 seconds
[2023-12-27T09:48:27.498+0545] {processor.py:161} INFO - Started process (PID=8647) to work on /home/sarita/Documents/apache-airflow-project/.venv/lib/python3.9/site-packages/airflow/example_dags/plugins/event_listener.py
[2023-12-27T09:48:27.500+0545] {processor.py:830} INFO - Processing file /home/sarita/Documents/apache-airflow-project/.venv/lib/python3.9/site-packages/airflow/example_dags/plugins/event_listener.py for tasks to queue
[2023-12-27T09:48:27.501+0545] {logging_mixin.py:188} INFO - [2023-12-27T09:48:27.500+0545] {dagbag.py:538} INFO - Filling up the DagBag from /home/sarita/Documents/apache-airflow-project/.venv/lib/python3.9/site-packages/airflow/example_dags/plugins/event_listener.py
[2023-12-27T09:48:27.502+0545] {processor.py:842} WARNING - No viable dags retrieved from /home/sarita/Documents/apache-airflow-project/.venv/lib/python3.9/site-packages/airflow/example_dags/plugins/event_listener.py
[2023-12-27T09:48:27.511+0545] {processor.py:183} INFO - Processing /home/sarita/Documents/apache-airflow-project/.venv/lib/python3.9/site-packages/airflow/example_dags/plugins/event_listener.py took 0.017 seconds
[2023-12-27T09:49:02.822+0545] {processor.py:161} INFO - Started process (PID=8685) to work on /home/sarita/Documents/apache-airflow-project/.venv/lib/python3.9/site-packages/airflow/example_dags/plugins/event_listener.py
[2023-12-27T09:49:02.824+0545] {processor.py:830} INFO - Processing file /home/sarita/Documents/apache-airflow-project/.venv/lib/python3.9/site-packages/airflow/example_dags/plugins/event_listener.py for tasks to queue
[2023-12-27T09:49:02.825+0545] {logging_mixin.py:188} INFO - [2023-12-27T09:49:02.824+0545] {dagbag.py:538} INFO - Filling up the DagBag from /home/sarita/Documents/apache-airflow-project/.venv/lib/python3.9/site-packages/airflow/example_dags/plugins/event_listener.py
[2023-12-27T09:49:02.827+0545] {processor.py:842} WARNING - No viable dags retrieved from /home/sarita/Documents/apache-airflow-project/.venv/lib/python3.9/site-packages/airflow/example_dags/plugins/event_listener.py
[2023-12-27T09:49:02.837+0545] {processor.py:183} INFO - Processing /home/sarita/Documents/apache-airflow-project/.venv/lib/python3.9/site-packages/airflow/example_dags/plugins/event_listener.py took 0.019 seconds
[2023-12-27T09:49:38.933+0545] {processor.py:161} INFO - Started process (PID=8724) to work on /home/sarita/Documents/apache-airflow-project/.venv/lib/python3.9/site-packages/airflow/example_dags/plugins/event_listener.py
[2023-12-27T09:49:38.937+0545] {processor.py:830} INFO - Processing file /home/sarita/Documents/apache-airflow-project/.venv/lib/python3.9/site-packages/airflow/example_dags/plugins/event_listener.py for tasks to queue
[2023-12-27T09:49:38.938+0545] {logging_mixin.py:188} INFO - [2023-12-27T09:49:38.938+0545] {dagbag.py:538} INFO - Filling up the DagBag from /home/sarita/Documents/apache-airflow-project/.venv/lib/python3.9/site-packages/airflow/example_dags/plugins/event_listener.py
[2023-12-27T09:49:38.942+0545] {processor.py:842} WARNING - No viable dags retrieved from /home/sarita/Documents/apache-airflow-project/.venv/lib/python3.9/site-packages/airflow/example_dags/plugins/event_listener.py
[2023-12-27T09:49:38.954+0545] {processor.py:183} INFO - Processing /home/sarita/Documents/apache-airflow-project/.venv/lib/python3.9/site-packages/airflow/example_dags/plugins/event_listener.py took 0.026 seconds
[2023-12-27T09:50:17.332+0545] {processor.py:161} INFO - Started process (PID=8774) to work on /home/sarita/Documents/apache-airflow-project/.venv/lib/python3.9/site-packages/airflow/example_dags/plugins/event_listener.py
[2023-12-27T09:50:17.334+0545] {processor.py:830} INFO - Processing file /home/sarita/Documents/apache-airflow-project/.venv/lib/python3.9/site-packages/airflow/example_dags/plugins/event_listener.py for tasks to queue
[2023-12-27T09:50:17.334+0545] {logging_mixin.py:188} INFO - [2023-12-27T09:50:17.334+0545] {dagbag.py:538} INFO - Filling up the DagBag from /home/sarita/Documents/apache-airflow-project/.venv/lib/python3.9/site-packages/airflow/example_dags/plugins/event_listener.py
[2023-12-27T09:50:17.336+0545] {processor.py:842} WARNING - No viable dags retrieved from /home/sarita/Documents/apache-airflow-project/.venv/lib/python3.9/site-packages/airflow/example_dags/plugins/event_listener.py
[2023-12-27T09:50:17.342+0545] {processor.py:183} INFO - Processing /home/sarita/Documents/apache-airflow-project/.venv/lib/python3.9/site-packages/airflow/example_dags/plugins/event_listener.py took 0.012 seconds
[2023-12-27T09:50:55.948+0545] {processor.py:161} INFO - Started process (PID=8846) to work on /home/sarita/Documents/apache-airflow-project/.venv/lib/python3.9/site-packages/airflow/example_dags/plugins/event_listener.py
[2023-12-27T09:50:55.951+0545] {processor.py:830} INFO - Processing file /home/sarita/Documents/apache-airflow-project/.venv/lib/python3.9/site-packages/airflow/example_dags/plugins/event_listener.py for tasks to queue
[2023-12-27T09:50:55.952+0545] {logging_mixin.py:188} INFO - [2023-12-27T09:50:55.952+0545] {dagbag.py:538} INFO - Filling up the DagBag from /home/sarita/Documents/apache-airflow-project/.venv/lib/python3.9/site-packages/airflow/example_dags/plugins/event_listener.py
[2023-12-27T09:50:55.956+0545] {processor.py:842} WARNING - No viable dags retrieved from /home/sarita/Documents/apache-airflow-project/.venv/lib/python3.9/site-packages/airflow/example_dags/plugins/event_listener.py
[2023-12-27T09:50:55.966+0545] {processor.py:183} INFO - Processing /home/sarita/Documents/apache-airflow-project/.venv/lib/python3.9/site-packages/airflow/example_dags/plugins/event_listener.py took 0.021 seconds
[2023-12-27T09:51:35.557+0545] {processor.py:161} INFO - Started process (PID=8897) to work on /home/sarita/Documents/apache-airflow-project/.venv/lib/python3.9/site-packages/airflow/example_dags/plugins/event_listener.py
[2023-12-27T09:51:35.559+0545] {processor.py:830} INFO - Processing file /home/sarita/Documents/apache-airflow-project/.venv/lib/python3.9/site-packages/airflow/example_dags/plugins/event_listener.py for tasks to queue
[2023-12-27T09:51:35.560+0545] {logging_mixin.py:188} INFO - [2023-12-27T09:51:35.560+0545] {dagbag.py:538} INFO - Filling up the DagBag from /home/sarita/Documents/apache-airflow-project/.venv/lib/python3.9/site-packages/airflow/example_dags/plugins/event_listener.py
[2023-12-27T09:51:35.562+0545] {processor.py:842} WARNING - No viable dags retrieved from /home/sarita/Documents/apache-airflow-project/.venv/lib/python3.9/site-packages/airflow/example_dags/plugins/event_listener.py
[2023-12-27T09:51:35.571+0545] {processor.py:183} INFO - Processing /home/sarita/Documents/apache-airflow-project/.venv/lib/python3.9/site-packages/airflow/example_dags/plugins/event_listener.py took 0.016 seconds
[2023-12-27T09:52:24.312+0545] {processor.py:161} INFO - Started process (PID=9004) to work on /home/sarita/Documents/apache-airflow-project/.venv/lib/python3.9/site-packages/airflow/example_dags/plugins/event_listener.py
[2023-12-27T09:52:24.313+0545] {processor.py:830} INFO - Processing file /home/sarita/Documents/apache-airflow-project/.venv/lib/python3.9/site-packages/airflow/example_dags/plugins/event_listener.py for tasks to queue
[2023-12-27T09:52:24.313+0545] {logging_mixin.py:188} INFO - [2023-12-27T09:52:24.313+0545] {dagbag.py:538} INFO - Filling up the DagBag from /home/sarita/Documents/apache-airflow-project/.venv/lib/python3.9/site-packages/airflow/example_dags/plugins/event_listener.py
[2023-12-27T09:52:24.315+0545] {processor.py:842} WARNING - No viable dags retrieved from /home/sarita/Documents/apache-airflow-project/.venv/lib/python3.9/site-packages/airflow/example_dags/plugins/event_listener.py
[2023-12-27T09:52:24.321+0545] {processor.py:183} INFO - Processing /home/sarita/Documents/apache-airflow-project/.venv/lib/python3.9/site-packages/airflow/example_dags/plugins/event_listener.py took 0.011 seconds
[2023-12-27T09:53:41.599+0545] {processor.py:161} INFO - Started process (PID=9114) to work on /home/sarita/Documents/apache-airflow-project/.venv/lib/python3.9/site-packages/airflow/example_dags/plugins/event_listener.py
[2023-12-27T09:53:41.601+0545] {processor.py:830} INFO - Processing file /home/sarita/Documents/apache-airflow-project/.venv/lib/python3.9/site-packages/airflow/example_dags/plugins/event_listener.py for tasks to queue
[2023-12-27T09:53:41.602+0545] {logging_mixin.py:188} INFO - [2023-12-27T09:53:41.602+0545] {dagbag.py:538} INFO - Filling up the DagBag from /home/sarita/Documents/apache-airflow-project/.venv/lib/python3.9/site-packages/airflow/example_dags/plugins/event_listener.py
[2023-12-27T09:53:41.604+0545] {processor.py:842} WARNING - No viable dags retrieved from /home/sarita/Documents/apache-airflow-project/.venv/lib/python3.9/site-packages/airflow/example_dags/plugins/event_listener.py
[2023-12-27T09:53:41.613+0545] {processor.py:183} INFO - Processing /home/sarita/Documents/apache-airflow-project/.venv/lib/python3.9/site-packages/airflow/example_dags/plugins/event_listener.py took 0.017 seconds
[2023-12-27T12:11:08.228+0545] {processor.py:161} INFO - Started process (PID=12500) to work on /home/sarita/Documents/apache-airflow-project/.venv/lib/python3.9/site-packages/airflow/example_dags/plugins/event_listener.py
[2023-12-27T12:11:08.232+0545] {processor.py:830} INFO - Processing file /home/sarita/Documents/apache-airflow-project/.venv/lib/python3.9/site-packages/airflow/example_dags/plugins/event_listener.py for tasks to queue
[2023-12-27T12:11:08.234+0545] {logging_mixin.py:188} INFO - [2023-12-27T12:11:08.233+0545] {dagbag.py:538} INFO - Filling up the DagBag from /home/sarita/Documents/apache-airflow-project/.venv/lib/python3.9/site-packages/airflow/example_dags/plugins/event_listener.py
[2023-12-27T12:11:08.240+0545] {processor.py:842} WARNING - No viable dags retrieved from /home/sarita/Documents/apache-airflow-project/.venv/lib/python3.9/site-packages/airflow/example_dags/plugins/event_listener.py
[2023-12-27T12:11:08.256+0545] {processor.py:183} INFO - Processing /home/sarita/Documents/apache-airflow-project/.venv/lib/python3.9/site-packages/airflow/example_dags/plugins/event_listener.py took 0.035 seconds
[2023-12-27T12:14:04.354+0545] {processor.py:161} INFO - Started process (PID=12710) to work on /home/sarita/Documents/apache-airflow-project/.venv/lib/python3.9/site-packages/airflow/example_dags/plugins/event_listener.py
[2023-12-27T12:14:04.358+0545] {processor.py:830} INFO - Processing file /home/sarita/Documents/apache-airflow-project/.venv/lib/python3.9/site-packages/airflow/example_dags/plugins/event_listener.py for tasks to queue
[2023-12-27T12:14:04.360+0545] {logging_mixin.py:188} INFO - [2023-12-27T12:14:04.360+0545] {dagbag.py:538} INFO - Filling up the DagBag from /home/sarita/Documents/apache-airflow-project/.venv/lib/python3.9/site-packages/airflow/example_dags/plugins/event_listener.py
[2023-12-27T12:14:04.366+0545] {processor.py:842} WARNING - No viable dags retrieved from /home/sarita/Documents/apache-airflow-project/.venv/lib/python3.9/site-packages/airflow/example_dags/plugins/event_listener.py
[2023-12-27T12:14:04.384+0545] {processor.py:183} INFO - Processing /home/sarita/Documents/apache-airflow-project/.venv/lib/python3.9/site-packages/airflow/example_dags/plugins/event_listener.py took 0.037 seconds
[2023-12-27T12:19:36.244+0545] {processor.py:161} INFO - Started process (PID=13678) to work on /home/sarita/Documents/apache-airflow-project/.venv/lib/python3.9/site-packages/airflow/example_dags/plugins/event_listener.py
[2023-12-27T12:19:36.246+0545] {processor.py:830} INFO - Processing file /home/sarita/Documents/apache-airflow-project/.venv/lib/python3.9/site-packages/airflow/example_dags/plugins/event_listener.py for tasks to queue
[2023-12-27T12:19:36.247+0545] {logging_mixin.py:188} INFO - [2023-12-27T12:19:36.246+0545] {dagbag.py:538} INFO - Filling up the DagBag from /home/sarita/Documents/apache-airflow-project/.venv/lib/python3.9/site-packages/airflow/example_dags/plugins/event_listener.py
[2023-12-27T12:19:36.248+0545] {processor.py:842} WARNING - No viable dags retrieved from /home/sarita/Documents/apache-airflow-project/.venv/lib/python3.9/site-packages/airflow/example_dags/plugins/event_listener.py
[2023-12-27T12:19:36.254+0545] {processor.py:183} INFO - Processing /home/sarita/Documents/apache-airflow-project/.venv/lib/python3.9/site-packages/airflow/example_dags/plugins/event_listener.py took 0.012 seconds
[2023-12-27T12:23:15.342+0545] {processor.py:161} INFO - Started process (PID=13949) to work on /home/sarita/Documents/apache-airflow-project/.venv/lib/python3.9/site-packages/airflow/example_dags/plugins/event_listener.py
[2023-12-27T12:23:15.343+0545] {processor.py:830} INFO - Processing file /home/sarita/Documents/apache-airflow-project/.venv/lib/python3.9/site-packages/airflow/example_dags/plugins/event_listener.py for tasks to queue
[2023-12-27T12:23:15.344+0545] {logging_mixin.py:188} INFO - [2023-12-27T12:23:15.343+0545] {dagbag.py:538} INFO - Filling up the DagBag from /home/sarita/Documents/apache-airflow-project/.venv/lib/python3.9/site-packages/airflow/example_dags/plugins/event_listener.py
[2023-12-27T12:23:15.345+0545] {processor.py:842} WARNING - No viable dags retrieved from /home/sarita/Documents/apache-airflow-project/.venv/lib/python3.9/site-packages/airflow/example_dags/plugins/event_listener.py
[2023-12-27T12:23:15.351+0545] {processor.py:183} INFO - Processing /home/sarita/Documents/apache-airflow-project/.venv/lib/python3.9/site-packages/airflow/example_dags/plugins/event_listener.py took 0.011 seconds
[2023-12-27T12:36:04.480+0545] {processor.py:161} INFO - Started process (PID=15099) to work on /home/sarita/Documents/apache-airflow-project/.venv/lib/python3.9/site-packages/airflow/example_dags/plugins/event_listener.py
[2023-12-27T12:36:04.482+0545] {processor.py:830} INFO - Processing file /home/sarita/Documents/apache-airflow-project/.venv/lib/python3.9/site-packages/airflow/example_dags/plugins/event_listener.py for tasks to queue
[2023-12-27T12:36:04.482+0545] {logging_mixin.py:188} INFO - [2023-12-27T12:36:04.482+0545] {dagbag.py:538} INFO - Filling up the DagBag from /home/sarita/Documents/apache-airflow-project/.venv/lib/python3.9/site-packages/airflow/example_dags/plugins/event_listener.py
[2023-12-27T12:36:04.484+0545] {processor.py:842} WARNING - No viable dags retrieved from /home/sarita/Documents/apache-airflow-project/.venv/lib/python3.9/site-packages/airflow/example_dags/plugins/event_listener.py
[2023-12-27T12:36:04.490+0545] {processor.py:183} INFO - Processing /home/sarita/Documents/apache-airflow-project/.venv/lib/python3.9/site-packages/airflow/example_dags/plugins/event_listener.py took 0.013 seconds
[2023-12-27T12:39:05.064+0545] {processor.py:161} INFO - Started process (PID=15337) to work on /home/sarita/Documents/apache-airflow-project/.venv/lib/python3.9/site-packages/airflow/example_dags/plugins/event_listener.py
[2023-12-27T12:39:05.067+0545] {processor.py:830} INFO - Processing file /home/sarita/Documents/apache-airflow-project/.venv/lib/python3.9/site-packages/airflow/example_dags/plugins/event_listener.py for tasks to queue
[2023-12-27T12:39:05.068+0545] {logging_mixin.py:188} INFO - [2023-12-27T12:39:05.067+0545] {dagbag.py:538} INFO - Filling up the DagBag from /home/sarita/Documents/apache-airflow-project/.venv/lib/python3.9/site-packages/airflow/example_dags/plugins/event_listener.py
[2023-12-27T12:39:05.070+0545] {processor.py:842} WARNING - No viable dags retrieved from /home/sarita/Documents/apache-airflow-project/.venv/lib/python3.9/site-packages/airflow/example_dags/plugins/event_listener.py
[2023-12-27T12:39:05.082+0545] {processor.py:183} INFO - Processing /home/sarita/Documents/apache-airflow-project/.venv/lib/python3.9/site-packages/airflow/example_dags/plugins/event_listener.py took 0.024 seconds
[2023-12-27T12:40:16.582+0545] {processor.py:161} INFO - Started process (PID=15584) to work on /home/sarita/Documents/apache-airflow-project/.venv/lib/python3.9/site-packages/airflow/example_dags/plugins/event_listener.py
[2023-12-27T12:40:16.583+0545] {processor.py:830} INFO - Processing file /home/sarita/Documents/apache-airflow-project/.venv/lib/python3.9/site-packages/airflow/example_dags/plugins/event_listener.py for tasks to queue
[2023-12-27T12:40:16.583+0545] {logging_mixin.py:188} INFO - [2023-12-27T12:40:16.583+0545] {dagbag.py:538} INFO - Filling up the DagBag from /home/sarita/Documents/apache-airflow-project/.venv/lib/python3.9/site-packages/airflow/example_dags/plugins/event_listener.py
[2023-12-27T12:40:16.585+0545] {processor.py:842} WARNING - No viable dags retrieved from /home/sarita/Documents/apache-airflow-project/.venv/lib/python3.9/site-packages/airflow/example_dags/plugins/event_listener.py
[2023-12-27T12:40:16.591+0545] {processor.py:183} INFO - Processing /home/sarita/Documents/apache-airflow-project/.venv/lib/python3.9/site-packages/airflow/example_dags/plugins/event_listener.py took 0.011 seconds
[2023-12-27T12:42:19.364+0545] {processor.py:161} INFO - Started process (PID=16670) to work on /home/sarita/Documents/apache-airflow-project/.venv/lib/python3.9/site-packages/airflow/example_dags/plugins/event_listener.py
[2023-12-27T12:42:19.367+0545] {processor.py:830} INFO - Processing file /home/sarita/Documents/apache-airflow-project/.venv/lib/python3.9/site-packages/airflow/example_dags/plugins/event_listener.py for tasks to queue
[2023-12-27T12:42:19.368+0545] {logging_mixin.py:188} INFO - [2023-12-27T12:42:19.367+0545] {dagbag.py:538} INFO - Filling up the DagBag from /home/sarita/Documents/apache-airflow-project/.venv/lib/python3.9/site-packages/airflow/example_dags/plugins/event_listener.py
[2023-12-27T12:42:19.370+0545] {processor.py:842} WARNING - No viable dags retrieved from /home/sarita/Documents/apache-airflow-project/.venv/lib/python3.9/site-packages/airflow/example_dags/plugins/event_listener.py
[2023-12-27T12:42:19.381+0545] {processor.py:183} INFO - Processing /home/sarita/Documents/apache-airflow-project/.venv/lib/python3.9/site-packages/airflow/example_dags/plugins/event_listener.py took 0.020 seconds
[2023-12-27T12:43:59.601+0545] {processor.py:161} INFO - Started process (PID=16872) to work on /home/sarita/Documents/apache-airflow-project/.venv/lib/python3.9/site-packages/airflow/example_dags/plugins/event_listener.py
[2023-12-27T12:43:59.604+0545] {processor.py:830} INFO - Processing file /home/sarita/Documents/apache-airflow-project/.venv/lib/python3.9/site-packages/airflow/example_dags/plugins/event_listener.py for tasks to queue
[2023-12-27T12:43:59.604+0545] {logging_mixin.py:188} INFO - [2023-12-27T12:43:59.604+0545] {dagbag.py:538} INFO - Filling up the DagBag from /home/sarita/Documents/apache-airflow-project/.venv/lib/python3.9/site-packages/airflow/example_dags/plugins/event_listener.py
[2023-12-27T12:43:59.606+0545] {processor.py:842} WARNING - No viable dags retrieved from /home/sarita/Documents/apache-airflow-project/.venv/lib/python3.9/site-packages/airflow/example_dags/plugins/event_listener.py
[2023-12-27T12:43:59.613+0545] {processor.py:183} INFO - Processing /home/sarita/Documents/apache-airflow-project/.venv/lib/python3.9/site-packages/airflow/example_dags/plugins/event_listener.py took 0.015 seconds
[2023-12-27T12:45:05.009+0545] {processor.py:161} INFO - Started process (PID=17036) to work on /home/sarita/Documents/apache-airflow-project/.venv/lib/python3.9/site-packages/airflow/example_dags/plugins/event_listener.py
[2023-12-27T12:45:05.011+0545] {processor.py:830} INFO - Processing file /home/sarita/Documents/apache-airflow-project/.venv/lib/python3.9/site-packages/airflow/example_dags/plugins/event_listener.py for tasks to queue
[2023-12-27T12:45:05.014+0545] {logging_mixin.py:188} INFO - [2023-12-27T12:45:05.013+0545] {dagbag.py:538} INFO - Filling up the DagBag from /home/sarita/Documents/apache-airflow-project/.venv/lib/python3.9/site-packages/airflow/example_dags/plugins/event_listener.py
[2023-12-27T12:45:05.019+0545] {processor.py:842} WARNING - No viable dags retrieved from /home/sarita/Documents/apache-airflow-project/.venv/lib/python3.9/site-packages/airflow/example_dags/plugins/event_listener.py
[2023-12-27T12:45:05.036+0545] {processor.py:183} INFO - Processing /home/sarita/Documents/apache-airflow-project/.venv/lib/python3.9/site-packages/airflow/example_dags/plugins/event_listener.py took 0.034 seconds
[2023-12-27T12:52:09.026+0545] {processor.py:161} INFO - Started process (PID=17581) to work on /home/sarita/Documents/apache-airflow-project/.venv/lib/python3.9/site-packages/airflow/example_dags/plugins/event_listener.py
[2023-12-27T12:52:09.031+0545] {processor.py:830} INFO - Processing file /home/sarita/Documents/apache-airflow-project/.venv/lib/python3.9/site-packages/airflow/example_dags/plugins/event_listener.py for tasks to queue
[2023-12-27T12:52:09.032+0545] {logging_mixin.py:188} INFO - [2023-12-27T12:52:09.032+0545] {dagbag.py:538} INFO - Filling up the DagBag from /home/sarita/Documents/apache-airflow-project/.venv/lib/python3.9/site-packages/airflow/example_dags/plugins/event_listener.py
[2023-12-27T12:52:09.034+0545] {processor.py:842} WARNING - No viable dags retrieved from /home/sarita/Documents/apache-airflow-project/.venv/lib/python3.9/site-packages/airflow/example_dags/plugins/event_listener.py
[2023-12-27T12:52:09.044+0545] {processor.py:183} INFO - Processing /home/sarita/Documents/apache-airflow-project/.venv/lib/python3.9/site-packages/airflow/example_dags/plugins/event_listener.py took 0.021 seconds
[2023-12-27T12:53:01.198+0545] {processor.py:161} INFO - Started process (PID=17651) to work on /home/sarita/Documents/apache-airflow-project/.venv/lib/python3.9/site-packages/airflow/example_dags/plugins/event_listener.py
[2023-12-27T12:53:01.200+0545] {processor.py:830} INFO - Processing file /home/sarita/Documents/apache-airflow-project/.venv/lib/python3.9/site-packages/airflow/example_dags/plugins/event_listener.py for tasks to queue
[2023-12-27T12:53:01.201+0545] {logging_mixin.py:188} INFO - [2023-12-27T12:53:01.200+0545] {dagbag.py:538} INFO - Filling up the DagBag from /home/sarita/Documents/apache-airflow-project/.venv/lib/python3.9/site-packages/airflow/example_dags/plugins/event_listener.py
[2023-12-27T12:53:01.202+0545] {processor.py:842} WARNING - No viable dags retrieved from /home/sarita/Documents/apache-airflow-project/.venv/lib/python3.9/site-packages/airflow/example_dags/plugins/event_listener.py
[2023-12-27T12:53:01.209+0545] {processor.py:183} INFO - Processing /home/sarita/Documents/apache-airflow-project/.venv/lib/python3.9/site-packages/airflow/example_dags/plugins/event_listener.py took 0.013 seconds
[2023-12-27T12:54:07.972+0545] {processor.py:161} INFO - Started process (PID=17832) to work on /home/sarita/Documents/apache-airflow-project/.venv/lib/python3.9/site-packages/airflow/example_dags/plugins/event_listener.py
[2023-12-27T12:54:07.973+0545] {processor.py:830} INFO - Processing file /home/sarita/Documents/apache-airflow-project/.venv/lib/python3.9/site-packages/airflow/example_dags/plugins/event_listener.py for tasks to queue
[2023-12-27T12:54:07.973+0545] {logging_mixin.py:188} INFO - [2023-12-27T12:54:07.973+0545] {dagbag.py:538} INFO - Filling up the DagBag from /home/sarita/Documents/apache-airflow-project/.venv/lib/python3.9/site-packages/airflow/example_dags/plugins/event_listener.py
[2023-12-27T12:54:07.975+0545] {processor.py:842} WARNING - No viable dags retrieved from /home/sarita/Documents/apache-airflow-project/.venv/lib/python3.9/site-packages/airflow/example_dags/plugins/event_listener.py
[2023-12-27T12:54:07.981+0545] {processor.py:183} INFO - Processing /home/sarita/Documents/apache-airflow-project/.venv/lib/python3.9/site-packages/airflow/example_dags/plugins/event_listener.py took 0.011 seconds
[2023-12-27T12:57:46.617+0545] {processor.py:161} INFO - Started process (PID=18040) to work on /home/sarita/Documents/apache-airflow-project/.venv/lib/python3.9/site-packages/airflow/example_dags/plugins/event_listener.py
[2023-12-27T12:57:46.619+0545] {processor.py:830} INFO - Processing file /home/sarita/Documents/apache-airflow-project/.venv/lib/python3.9/site-packages/airflow/example_dags/plugins/event_listener.py for tasks to queue
[2023-12-27T12:57:46.619+0545] {logging_mixin.py:188} INFO - [2023-12-27T12:57:46.619+0545] {dagbag.py:538} INFO - Filling up the DagBag from /home/sarita/Documents/apache-airflow-project/.venv/lib/python3.9/site-packages/airflow/example_dags/plugins/event_listener.py
[2023-12-27T12:57:46.621+0545] {processor.py:842} WARNING - No viable dags retrieved from /home/sarita/Documents/apache-airflow-project/.venv/lib/python3.9/site-packages/airflow/example_dags/plugins/event_listener.py
[2023-12-27T12:57:46.628+0545] {processor.py:183} INFO - Processing /home/sarita/Documents/apache-airflow-project/.venv/lib/python3.9/site-packages/airflow/example_dags/plugins/event_listener.py took 0.013 seconds
[2023-12-27T16:15:28.574+0545] {processor.py:161} INFO - Started process (PID=24737) to work on /home/sarita/Documents/apache-airflow-project/.venv/lib/python3.9/site-packages/airflow/example_dags/plugins/event_listener.py
[2023-12-27T16:15:28.578+0545] {processor.py:830} INFO - Processing file /home/sarita/Documents/apache-airflow-project/.venv/lib/python3.9/site-packages/airflow/example_dags/plugins/event_listener.py for tasks to queue
[2023-12-27T16:15:28.580+0545] {logging_mixin.py:188} INFO - [2023-12-27T16:15:28.579+0545] {dagbag.py:538} INFO - Filling up the DagBag from /home/sarita/Documents/apache-airflow-project/.venv/lib/python3.9/site-packages/airflow/example_dags/plugins/event_listener.py
[2023-12-27T16:15:28.586+0545] {processor.py:842} WARNING - No viable dags retrieved from /home/sarita/Documents/apache-airflow-project/.venv/lib/python3.9/site-packages/airflow/example_dags/plugins/event_listener.py
[2023-12-27T16:15:28.606+0545] {processor.py:183} INFO - Processing /home/sarita/Documents/apache-airflow-project/.venv/lib/python3.9/site-packages/airflow/example_dags/plugins/event_listener.py took 0.039 seconds
