[2023-12-27T09:36:30.106+0545] {processor.py:161} INFO - Started process (PID=6833) to work on /home/sarita/Documents/apache-airflow-project/.venv/lib/python3.9/site-packages/airflow/example_dags/plugins/listener_plugin.py
[2023-12-27T09:36:30.108+0545] {processor.py:830} INFO - Processing file /home/sarita/Documents/apache-airflow-project/.venv/lib/python3.9/site-packages/airflow/example_dags/plugins/listener_plugin.py for tasks to queue
[2023-12-27T09:36:30.110+0545] {logging_mixin.py:188} INFO - [2023-12-27T09:36:30.109+0545] {dagbag.py:538} INFO - Filling up the DagBag from /home/sarita/Documents/apache-airflow-project/.venv/lib/python3.9/site-packages/airflow/example_dags/plugins/listener_plugin.py
[2023-12-27T09:36:30.114+0545] {processor.py:842} WARNING - No viable dags retrieved from /home/sarita/Documents/apache-airflow-project/.venv/lib/python3.9/site-packages/airflow/example_dags/plugins/listener_plugin.py
[2023-12-27T09:36:30.125+0545] {processor.py:183} INFO - Processing /home/sarita/Documents/apache-airflow-project/.venv/lib/python3.9/site-packages/airflow/example_dags/plugins/listener_plugin.py took 0.025 seconds
[2023-12-27T09:37:19.601+0545] {processor.py:161} INFO - Started process (PID=6949) to work on /home/sarita/Documents/apache-airflow-project/.venv/lib/python3.9/site-packages/airflow/example_dags/plugins/listener_plugin.py
[2023-12-27T09:37:19.604+0545] {processor.py:830} INFO - Processing file /home/sarita/Documents/apache-airflow-project/.venv/lib/python3.9/site-packages/airflow/example_dags/plugins/listener_plugin.py for tasks to queue
[2023-12-27T09:37:19.605+0545] {logging_mixin.py:188} INFO - [2023-12-27T09:37:19.605+0545] {dagbag.py:538} INFO - Filling up the DagBag from /home/sarita/Documents/apache-airflow-project/.venv/lib/python3.9/site-packages/airflow/example_dags/plugins/listener_plugin.py
[2023-12-27T09:37:19.609+0545] {processor.py:842} WARNING - No viable dags retrieved from /home/sarita/Documents/apache-airflow-project/.venv/lib/python3.9/site-packages/airflow/example_dags/plugins/listener_plugin.py
[2023-12-27T09:37:19.623+0545] {processor.py:183} INFO - Processing /home/sarita/Documents/apache-airflow-project/.venv/lib/python3.9/site-packages/airflow/example_dags/plugins/listener_plugin.py took 0.026 seconds
[2023-12-27T09:37:55.599+0545] {processor.py:161} INFO - Started process (PID=6994) to work on /home/sarita/Documents/apache-airflow-project/.venv/lib/python3.9/site-packages/airflow/example_dags/plugins/listener_plugin.py
[2023-12-27T09:37:55.603+0545] {processor.py:830} INFO - Processing file /home/sarita/Documents/apache-airflow-project/.venv/lib/python3.9/site-packages/airflow/example_dags/plugins/listener_plugin.py for tasks to queue
[2023-12-27T09:37:55.604+0545] {logging_mixin.py:188} INFO - [2023-12-27T09:37:55.604+0545] {dagbag.py:538} INFO - Filling up the DagBag from /home/sarita/Documents/apache-airflow-project/.venv/lib/python3.9/site-packages/airflow/example_dags/plugins/listener_plugin.py
[2023-12-27T09:37:55.608+0545] {processor.py:842} WARNING - No viable dags retrieved from /home/sarita/Documents/apache-airflow-project/.venv/lib/python3.9/site-packages/airflow/example_dags/plugins/listener_plugin.py
[2023-12-27T09:37:55.619+0545] {processor.py:183} INFO - Processing /home/sarita/Documents/apache-airflow-project/.venv/lib/python3.9/site-packages/airflow/example_dags/plugins/listener_plugin.py took 0.028 seconds
[2023-12-27T09:38:32.813+0545] {processor.py:161} INFO - Started process (PID=7078) to work on /home/sarita/Documents/apache-airflow-project/.venv/lib/python3.9/site-packages/airflow/example_dags/plugins/listener_plugin.py
[2023-12-27T09:38:32.814+0545] {processor.py:830} INFO - Processing file /home/sarita/Documents/apache-airflow-project/.venv/lib/python3.9/site-packages/airflow/example_dags/plugins/listener_plugin.py for tasks to queue
[2023-12-27T09:38:32.814+0545] {logging_mixin.py:188} INFO - [2023-12-27T09:38:32.814+0545] {dagbag.py:538} INFO - Filling up the DagBag from /home/sarita/Documents/apache-airflow-project/.venv/lib/python3.9/site-packages/airflow/example_dags/plugins/listener_plugin.py
[2023-12-27T09:38:32.817+0545] {processor.py:842} WARNING - No viable dags retrieved from /home/sarita/Documents/apache-airflow-project/.venv/lib/python3.9/site-packages/airflow/example_dags/plugins/listener_plugin.py
[2023-12-27T09:38:32.826+0545] {processor.py:183} INFO - Processing /home/sarita/Documents/apache-airflow-project/.venv/lib/python3.9/site-packages/airflow/example_dags/plugins/listener_plugin.py took 0.015 seconds
[2023-12-27T09:39:10.763+0545] {processor.py:161} INFO - Started process (PID=7136) to work on /home/sarita/Documents/apache-airflow-project/.venv/lib/python3.9/site-packages/airflow/example_dags/plugins/listener_plugin.py
[2023-12-27T09:39:10.766+0545] {processor.py:830} INFO - Processing file /home/sarita/Documents/apache-airflow-project/.venv/lib/python3.9/site-packages/airflow/example_dags/plugins/listener_plugin.py for tasks to queue
[2023-12-27T09:39:10.767+0545] {logging_mixin.py:188} INFO - [2023-12-27T09:39:10.766+0545] {dagbag.py:538} INFO - Filling up the DagBag from /home/sarita/Documents/apache-airflow-project/.venv/lib/python3.9/site-packages/airflow/example_dags/plugins/listener_plugin.py
[2023-12-27T09:39:10.771+0545] {processor.py:842} WARNING - No viable dags retrieved from /home/sarita/Documents/apache-airflow-project/.venv/lib/python3.9/site-packages/airflow/example_dags/plugins/listener_plugin.py
[2023-12-27T09:39:10.785+0545] {processor.py:183} INFO - Processing /home/sarita/Documents/apache-airflow-project/.venv/lib/python3.9/site-packages/airflow/example_dags/plugins/listener_plugin.py took 0.027 seconds
[2023-12-27T09:39:46.783+0545] {processor.py:161} INFO - Started process (PID=7179) to work on /home/sarita/Documents/apache-airflow-project/.venv/lib/python3.9/site-packages/airflow/example_dags/plugins/listener_plugin.py
[2023-12-27T09:39:46.785+0545] {processor.py:830} INFO - Processing file /home/sarita/Documents/apache-airflow-project/.venv/lib/python3.9/site-packages/airflow/example_dags/plugins/listener_plugin.py for tasks to queue
[2023-12-27T09:39:46.786+0545] {logging_mixin.py:188} INFO - [2023-12-27T09:39:46.785+0545] {dagbag.py:538} INFO - Filling up the DagBag from /home/sarita/Documents/apache-airflow-project/.venv/lib/python3.9/site-packages/airflow/example_dags/plugins/listener_plugin.py
[2023-12-27T09:39:46.788+0545] {processor.py:842} WARNING - No viable dags retrieved from /home/sarita/Documents/apache-airflow-project/.venv/lib/python3.9/site-packages/airflow/example_dags/plugins/listener_plugin.py
[2023-12-27T09:39:46.795+0545] {processor.py:183} INFO - Processing /home/sarita/Documents/apache-airflow-project/.venv/lib/python3.9/site-packages/airflow/example_dags/plugins/listener_plugin.py took 0.014 seconds
[2023-12-27T09:40:27.221+0545] {processor.py:161} INFO - Started process (PID=7266) to work on /home/sarita/Documents/apache-airflow-project/.venv/lib/python3.9/site-packages/airflow/example_dags/plugins/listener_plugin.py
[2023-12-27T09:40:27.223+0545] {processor.py:830} INFO - Processing file /home/sarita/Documents/apache-airflow-project/.venv/lib/python3.9/site-packages/airflow/example_dags/plugins/listener_plugin.py for tasks to queue
[2023-12-27T09:40:27.224+0545] {logging_mixin.py:188} INFO - [2023-12-27T09:40:27.223+0545] {dagbag.py:538} INFO - Filling up the DagBag from /home/sarita/Documents/apache-airflow-project/.venv/lib/python3.9/site-packages/airflow/example_dags/plugins/listener_plugin.py
[2023-12-27T09:40:27.225+0545] {processor.py:842} WARNING - No viable dags retrieved from /home/sarita/Documents/apache-airflow-project/.venv/lib/python3.9/site-packages/airflow/example_dags/plugins/listener_plugin.py
[2023-12-27T09:40:27.233+0545] {processor.py:183} INFO - Processing /home/sarita/Documents/apache-airflow-project/.venv/lib/python3.9/site-packages/airflow/example_dags/plugins/listener_plugin.py took 0.014 seconds
[2023-12-27T09:41:00.822+0545] {processor.py:161} INFO - Started process (PID=7461) to work on /home/sarita/Documents/apache-airflow-project/.venv/lib/python3.9/site-packages/airflow/example_dags/plugins/listener_plugin.py
[2023-12-27T09:41:00.824+0545] {processor.py:830} INFO - Processing file /home/sarita/Documents/apache-airflow-project/.venv/lib/python3.9/site-packages/airflow/example_dags/plugins/listener_plugin.py for tasks to queue
[2023-12-27T09:41:00.824+0545] {logging_mixin.py:188} INFO - [2023-12-27T09:41:00.824+0545] {dagbag.py:538} INFO - Filling up the DagBag from /home/sarita/Documents/apache-airflow-project/.venv/lib/python3.9/site-packages/airflow/example_dags/plugins/listener_plugin.py
[2023-12-27T09:41:00.826+0545] {processor.py:842} WARNING - No viable dags retrieved from /home/sarita/Documents/apache-airflow-project/.venv/lib/python3.9/site-packages/airflow/example_dags/plugins/listener_plugin.py
[2023-12-27T09:41:00.833+0545] {processor.py:183} INFO - Processing /home/sarita/Documents/apache-airflow-project/.venv/lib/python3.9/site-packages/airflow/example_dags/plugins/listener_plugin.py took 0.013 seconds
[2023-12-27T09:41:38.081+0545] {processor.py:161} INFO - Started process (PID=7552) to work on /home/sarita/Documents/apache-airflow-project/.venv/lib/python3.9/site-packages/airflow/example_dags/plugins/listener_plugin.py
[2023-12-27T09:41:38.083+0545] {processor.py:830} INFO - Processing file /home/sarita/Documents/apache-airflow-project/.venv/lib/python3.9/site-packages/airflow/example_dags/plugins/listener_plugin.py for tasks to queue
[2023-12-27T09:41:38.083+0545] {logging_mixin.py:188} INFO - [2023-12-27T09:41:38.083+0545] {dagbag.py:538} INFO - Filling up the DagBag from /home/sarita/Documents/apache-airflow-project/.venv/lib/python3.9/site-packages/airflow/example_dags/plugins/listener_plugin.py
[2023-12-27T09:41:38.085+0545] {processor.py:842} WARNING - No viable dags retrieved from /home/sarita/Documents/apache-airflow-project/.venv/lib/python3.9/site-packages/airflow/example_dags/plugins/listener_plugin.py
[2023-12-27T09:41:38.092+0545] {processor.py:183} INFO - Processing /home/sarita/Documents/apache-airflow-project/.venv/lib/python3.9/site-packages/airflow/example_dags/plugins/listener_plugin.py took 0.013 seconds
[2023-12-27T09:42:17.047+0545] {processor.py:161} INFO - Started process (PID=7755) to work on /home/sarita/Documents/apache-airflow-project/.venv/lib/python3.9/site-packages/airflow/example_dags/plugins/listener_plugin.py
[2023-12-27T09:42:17.049+0545] {processor.py:830} INFO - Processing file /home/sarita/Documents/apache-airflow-project/.venv/lib/python3.9/site-packages/airflow/example_dags/plugins/listener_plugin.py for tasks to queue
[2023-12-27T09:42:17.050+0545] {logging_mixin.py:188} INFO - [2023-12-27T09:42:17.050+0545] {dagbag.py:538} INFO - Filling up the DagBag from /home/sarita/Documents/apache-airflow-project/.venv/lib/python3.9/site-packages/airflow/example_dags/plugins/listener_plugin.py
[2023-12-27T09:42:17.053+0545] {processor.py:842} WARNING - No viable dags retrieved from /home/sarita/Documents/apache-airflow-project/.venv/lib/python3.9/site-packages/airflow/example_dags/plugins/listener_plugin.py
[2023-12-27T09:42:17.062+0545] {processor.py:183} INFO - Processing /home/sarita/Documents/apache-airflow-project/.venv/lib/python3.9/site-packages/airflow/example_dags/plugins/listener_plugin.py took 0.020 seconds
[2023-12-27T09:42:52.254+0545] {processor.py:161} INFO - Started process (PID=7825) to work on /home/sarita/Documents/apache-airflow-project/.venv/lib/python3.9/site-packages/airflow/example_dags/plugins/listener_plugin.py
[2023-12-27T09:42:52.256+0545] {processor.py:830} INFO - Processing file /home/sarita/Documents/apache-airflow-project/.venv/lib/python3.9/site-packages/airflow/example_dags/plugins/listener_plugin.py for tasks to queue
[2023-12-27T09:42:52.257+0545] {logging_mixin.py:188} INFO - [2023-12-27T09:42:52.257+0545] {dagbag.py:538} INFO - Filling up the DagBag from /home/sarita/Documents/apache-airflow-project/.venv/lib/python3.9/site-packages/airflow/example_dags/plugins/listener_plugin.py
[2023-12-27T09:42:52.260+0545] {processor.py:842} WARNING - No viable dags retrieved from /home/sarita/Documents/apache-airflow-project/.venv/lib/python3.9/site-packages/airflow/example_dags/plugins/listener_plugin.py
[2023-12-27T09:42:52.269+0545] {processor.py:183} INFO - Processing /home/sarita/Documents/apache-airflow-project/.venv/lib/python3.9/site-packages/airflow/example_dags/plugins/listener_plugin.py took 0.018 seconds
[2023-12-27T09:43:25.547+0545] {processor.py:161} INFO - Started process (PID=7876) to work on /home/sarita/Documents/apache-airflow-project/.venv/lib/python3.9/site-packages/airflow/example_dags/plugins/listener_plugin.py
[2023-12-27T09:43:25.549+0545] {processor.py:830} INFO - Processing file /home/sarita/Documents/apache-airflow-project/.venv/lib/python3.9/site-packages/airflow/example_dags/plugins/listener_plugin.py for tasks to queue
[2023-12-27T09:43:25.550+0545] {logging_mixin.py:188} INFO - [2023-12-27T09:43:25.550+0545] {dagbag.py:538} INFO - Filling up the DagBag from /home/sarita/Documents/apache-airflow-project/.venv/lib/python3.9/site-packages/airflow/example_dags/plugins/listener_plugin.py
[2023-12-27T09:43:25.552+0545] {processor.py:842} WARNING - No viable dags retrieved from /home/sarita/Documents/apache-airflow-project/.venv/lib/python3.9/site-packages/airflow/example_dags/plugins/listener_plugin.py
[2023-12-27T09:43:25.559+0545] {processor.py:183} INFO - Processing /home/sarita/Documents/apache-airflow-project/.venv/lib/python3.9/site-packages/airflow/example_dags/plugins/listener_plugin.py took 0.014 seconds
[2023-12-27T09:44:04.087+0545] {processor.py:161} INFO - Started process (PID=7921) to work on /home/sarita/Documents/apache-airflow-project/.venv/lib/python3.9/site-packages/airflow/example_dags/plugins/listener_plugin.py
[2023-12-27T09:44:04.090+0545] {processor.py:830} INFO - Processing file /home/sarita/Documents/apache-airflow-project/.venv/lib/python3.9/site-packages/airflow/example_dags/plugins/listener_plugin.py for tasks to queue
[2023-12-27T09:44:04.091+0545] {logging_mixin.py:188} INFO - [2023-12-27T09:44:04.090+0545] {dagbag.py:538} INFO - Filling up the DagBag from /home/sarita/Documents/apache-airflow-project/.venv/lib/python3.9/site-packages/airflow/example_dags/plugins/listener_plugin.py
[2023-12-27T09:44:04.094+0545] {processor.py:842} WARNING - No viable dags retrieved from /home/sarita/Documents/apache-airflow-project/.venv/lib/python3.9/site-packages/airflow/example_dags/plugins/listener_plugin.py
[2023-12-27T09:44:04.105+0545] {processor.py:183} INFO - Processing /home/sarita/Documents/apache-airflow-project/.venv/lib/python3.9/site-packages/airflow/example_dags/plugins/listener_plugin.py took 0.022 seconds
[2023-12-27T09:44:40.745+0545] {processor.py:161} INFO - Started process (PID=7971) to work on /home/sarita/Documents/apache-airflow-project/.venv/lib/python3.9/site-packages/airflow/example_dags/plugins/listener_plugin.py
[2023-12-27T09:44:40.748+0545] {processor.py:830} INFO - Processing file /home/sarita/Documents/apache-airflow-project/.venv/lib/python3.9/site-packages/airflow/example_dags/plugins/listener_plugin.py for tasks to queue
[2023-12-27T09:44:40.749+0545] {logging_mixin.py:188} INFO - [2023-12-27T09:44:40.748+0545] {dagbag.py:538} INFO - Filling up the DagBag from /home/sarita/Documents/apache-airflow-project/.venv/lib/python3.9/site-packages/airflow/example_dags/plugins/listener_plugin.py
[2023-12-27T09:44:40.751+0545] {processor.py:842} WARNING - No viable dags retrieved from /home/sarita/Documents/apache-airflow-project/.venv/lib/python3.9/site-packages/airflow/example_dags/plugins/listener_plugin.py
[2023-12-27T09:44:40.762+0545] {processor.py:183} INFO - Processing /home/sarita/Documents/apache-airflow-project/.venv/lib/python3.9/site-packages/airflow/example_dags/plugins/listener_plugin.py took 0.020 seconds
[2023-12-27T09:45:16.876+0545] {processor.py:161} INFO - Started process (PID=8025) to work on /home/sarita/Documents/apache-airflow-project/.venv/lib/python3.9/site-packages/airflow/example_dags/plugins/listener_plugin.py
[2023-12-27T09:45:16.879+0545] {processor.py:830} INFO - Processing file /home/sarita/Documents/apache-airflow-project/.venv/lib/python3.9/site-packages/airflow/example_dags/plugins/listener_plugin.py for tasks to queue
[2023-12-27T09:45:16.883+0545] {logging_mixin.py:188} INFO - [2023-12-27T09:45:16.881+0545] {dagbag.py:538} INFO - Filling up the DagBag from /home/sarita/Documents/apache-airflow-project/.venv/lib/python3.9/site-packages/airflow/example_dags/plugins/listener_plugin.py
[2023-12-27T09:45:16.890+0545] {processor.py:842} WARNING - No viable dags retrieved from /home/sarita/Documents/apache-airflow-project/.venv/lib/python3.9/site-packages/airflow/example_dags/plugins/listener_plugin.py
[2023-12-27T09:45:16.903+0545] {processor.py:183} INFO - Processing /home/sarita/Documents/apache-airflow-project/.venv/lib/python3.9/site-packages/airflow/example_dags/plugins/listener_plugin.py took 0.035 seconds
[2023-12-27T09:45:54.103+0545] {processor.py:161} INFO - Started process (PID=8455) to work on /home/sarita/Documents/apache-airflow-project/.venv/lib/python3.9/site-packages/airflow/example_dags/plugins/listener_plugin.py
[2023-12-27T09:45:54.106+0545] {processor.py:830} INFO - Processing file /home/sarita/Documents/apache-airflow-project/.venv/lib/python3.9/site-packages/airflow/example_dags/plugins/listener_plugin.py for tasks to queue
[2023-12-27T09:45:54.108+0545] {logging_mixin.py:188} INFO - [2023-12-27T09:45:54.107+0545] {dagbag.py:538} INFO - Filling up the DagBag from /home/sarita/Documents/apache-airflow-project/.venv/lib/python3.9/site-packages/airflow/example_dags/plugins/listener_plugin.py
[2023-12-27T09:45:54.115+0545] {processor.py:842} WARNING - No viable dags retrieved from /home/sarita/Documents/apache-airflow-project/.venv/lib/python3.9/site-packages/airflow/example_dags/plugins/listener_plugin.py
[2023-12-27T09:45:54.129+0545] {processor.py:183} INFO - Processing /home/sarita/Documents/apache-airflow-project/.venv/lib/python3.9/site-packages/airflow/example_dags/plugins/listener_plugin.py took 0.033 seconds
[2023-12-27T09:46:29.034+0545] {processor.py:161} INFO - Started process (PID=8501) to work on /home/sarita/Documents/apache-airflow-project/.venv/lib/python3.9/site-packages/airflow/example_dags/plugins/listener_plugin.py
[2023-12-27T09:46:29.036+0545] {processor.py:830} INFO - Processing file /home/sarita/Documents/apache-airflow-project/.venv/lib/python3.9/site-packages/airflow/example_dags/plugins/listener_plugin.py for tasks to queue
[2023-12-27T09:46:29.037+0545] {logging_mixin.py:188} INFO - [2023-12-27T09:46:29.037+0545] {dagbag.py:538} INFO - Filling up the DagBag from /home/sarita/Documents/apache-airflow-project/.venv/lib/python3.9/site-packages/airflow/example_dags/plugins/listener_plugin.py
[2023-12-27T09:46:29.039+0545] {processor.py:842} WARNING - No viable dags retrieved from /home/sarita/Documents/apache-airflow-project/.venv/lib/python3.9/site-packages/airflow/example_dags/plugins/listener_plugin.py
[2023-12-27T09:46:29.046+0545] {processor.py:183} INFO - Processing /home/sarita/Documents/apache-airflow-project/.venv/lib/python3.9/site-packages/airflow/example_dags/plugins/listener_plugin.py took 0.013 seconds
[2023-12-27T09:47:06.578+0545] {processor.py:161} INFO - Started process (PID=8539) to work on /home/sarita/Documents/apache-airflow-project/.venv/lib/python3.9/site-packages/airflow/example_dags/plugins/listener_plugin.py
[2023-12-27T09:47:06.581+0545] {processor.py:830} INFO - Processing file /home/sarita/Documents/apache-airflow-project/.venv/lib/python3.9/site-packages/airflow/example_dags/plugins/listener_plugin.py for tasks to queue
[2023-12-27T09:47:06.581+0545] {logging_mixin.py:188} INFO - [2023-12-27T09:47:06.581+0545] {dagbag.py:538} INFO - Filling up the DagBag from /home/sarita/Documents/apache-airflow-project/.venv/lib/python3.9/site-packages/airflow/example_dags/plugins/listener_plugin.py
[2023-12-27T09:47:06.583+0545] {processor.py:842} WARNING - No viable dags retrieved from /home/sarita/Documents/apache-airflow-project/.venv/lib/python3.9/site-packages/airflow/example_dags/plugins/listener_plugin.py
[2023-12-27T09:47:06.591+0545] {processor.py:183} INFO - Processing /home/sarita/Documents/apache-airflow-project/.venv/lib/python3.9/site-packages/airflow/example_dags/plugins/listener_plugin.py took 0.015 seconds
[2023-12-27T09:47:46.832+0545] {processor.py:161} INFO - Started process (PID=8599) to work on /home/sarita/Documents/apache-airflow-project/.venv/lib/python3.9/site-packages/airflow/example_dags/plugins/listener_plugin.py
[2023-12-27T09:47:46.834+0545] {processor.py:830} INFO - Processing file /home/sarita/Documents/apache-airflow-project/.venv/lib/python3.9/site-packages/airflow/example_dags/plugins/listener_plugin.py for tasks to queue
[2023-12-27T09:47:46.836+0545] {logging_mixin.py:188} INFO - [2023-12-27T09:47:46.835+0545] {dagbag.py:538} INFO - Filling up the DagBag from /home/sarita/Documents/apache-airflow-project/.venv/lib/python3.9/site-packages/airflow/example_dags/plugins/listener_plugin.py
[2023-12-27T09:47:46.840+0545] {processor.py:842} WARNING - No viable dags retrieved from /home/sarita/Documents/apache-airflow-project/.venv/lib/python3.9/site-packages/airflow/example_dags/plugins/listener_plugin.py
[2023-12-27T09:47:46.853+0545] {processor.py:183} INFO - Processing /home/sarita/Documents/apache-airflow-project/.venv/lib/python3.9/site-packages/airflow/example_dags/plugins/listener_plugin.py took 0.026 seconds
[2023-12-27T09:48:26.343+0545] {processor.py:161} INFO - Started process (PID=8646) to work on /home/sarita/Documents/apache-airflow-project/.venv/lib/python3.9/site-packages/airflow/example_dags/plugins/listener_plugin.py
[2023-12-27T09:48:26.346+0545] {processor.py:830} INFO - Processing file /home/sarita/Documents/apache-airflow-project/.venv/lib/python3.9/site-packages/airflow/example_dags/plugins/listener_plugin.py for tasks to queue
[2023-12-27T09:48:26.348+0545] {logging_mixin.py:188} INFO - [2023-12-27T09:48:26.347+0545] {dagbag.py:538} INFO - Filling up the DagBag from /home/sarita/Documents/apache-airflow-project/.venv/lib/python3.9/site-packages/airflow/example_dags/plugins/listener_plugin.py
[2023-12-27T09:48:26.355+0545] {processor.py:842} WARNING - No viable dags retrieved from /home/sarita/Documents/apache-airflow-project/.venv/lib/python3.9/site-packages/airflow/example_dags/plugins/listener_plugin.py
[2023-12-27T09:48:26.369+0545] {processor.py:183} INFO - Processing /home/sarita/Documents/apache-airflow-project/.venv/lib/python3.9/site-packages/airflow/example_dags/plugins/listener_plugin.py took 0.034 seconds
[2023-12-27T09:49:01.649+0545] {processor.py:161} INFO - Started process (PID=8684) to work on /home/sarita/Documents/apache-airflow-project/.venv/lib/python3.9/site-packages/airflow/example_dags/plugins/listener_plugin.py
[2023-12-27T09:49:01.652+0545] {processor.py:830} INFO - Processing file /home/sarita/Documents/apache-airflow-project/.venv/lib/python3.9/site-packages/airflow/example_dags/plugins/listener_plugin.py for tasks to queue
[2023-12-27T09:49:01.654+0545] {logging_mixin.py:188} INFO - [2023-12-27T09:49:01.654+0545] {dagbag.py:538} INFO - Filling up the DagBag from /home/sarita/Documents/apache-airflow-project/.venv/lib/python3.9/site-packages/airflow/example_dags/plugins/listener_plugin.py
[2023-12-27T09:49:01.661+0545] {processor.py:842} WARNING - No viable dags retrieved from /home/sarita/Documents/apache-airflow-project/.venv/lib/python3.9/site-packages/airflow/example_dags/plugins/listener_plugin.py
[2023-12-27T09:49:01.675+0545] {processor.py:183} INFO - Processing /home/sarita/Documents/apache-airflow-project/.venv/lib/python3.9/site-packages/airflow/example_dags/plugins/listener_plugin.py took 0.033 seconds
[2023-12-27T09:49:37.770+0545] {processor.py:161} INFO - Started process (PID=8723) to work on /home/sarita/Documents/apache-airflow-project/.venv/lib/python3.9/site-packages/airflow/example_dags/plugins/listener_plugin.py
[2023-12-27T09:49:37.774+0545] {processor.py:830} INFO - Processing file /home/sarita/Documents/apache-airflow-project/.venv/lib/python3.9/site-packages/airflow/example_dags/plugins/listener_plugin.py for tasks to queue
[2023-12-27T09:49:37.776+0545] {logging_mixin.py:188} INFO - [2023-12-27T09:49:37.775+0545] {dagbag.py:538} INFO - Filling up the DagBag from /home/sarita/Documents/apache-airflow-project/.venv/lib/python3.9/site-packages/airflow/example_dags/plugins/listener_plugin.py
[2023-12-27T09:49:37.783+0545] {processor.py:842} WARNING - No viable dags retrieved from /home/sarita/Documents/apache-airflow-project/.venv/lib/python3.9/site-packages/airflow/example_dags/plugins/listener_plugin.py
[2023-12-27T09:49:37.794+0545] {processor.py:183} INFO - Processing /home/sarita/Documents/apache-airflow-project/.venv/lib/python3.9/site-packages/airflow/example_dags/plugins/listener_plugin.py took 0.033 seconds
[2023-12-27T09:50:16.189+0545] {processor.py:161} INFO - Started process (PID=8772) to work on /home/sarita/Documents/apache-airflow-project/.venv/lib/python3.9/site-packages/airflow/example_dags/plugins/listener_plugin.py
[2023-12-27T09:50:16.191+0545] {processor.py:830} INFO - Processing file /home/sarita/Documents/apache-airflow-project/.venv/lib/python3.9/site-packages/airflow/example_dags/plugins/listener_plugin.py for tasks to queue
[2023-12-27T09:50:16.192+0545] {logging_mixin.py:188} INFO - [2023-12-27T09:50:16.191+0545] {dagbag.py:538} INFO - Filling up the DagBag from /home/sarita/Documents/apache-airflow-project/.venv/lib/python3.9/site-packages/airflow/example_dags/plugins/listener_plugin.py
[2023-12-27T09:50:16.193+0545] {processor.py:842} WARNING - No viable dags retrieved from /home/sarita/Documents/apache-airflow-project/.venv/lib/python3.9/site-packages/airflow/example_dags/plugins/listener_plugin.py
[2023-12-27T09:50:16.201+0545] {processor.py:183} INFO - Processing /home/sarita/Documents/apache-airflow-project/.venv/lib/python3.9/site-packages/airflow/example_dags/plugins/listener_plugin.py took 0.013 seconds
[2023-12-27T09:50:54.783+0545] {processor.py:161} INFO - Started process (PID=8845) to work on /home/sarita/Documents/apache-airflow-project/.venv/lib/python3.9/site-packages/airflow/example_dags/plugins/listener_plugin.py
[2023-12-27T09:50:54.785+0545] {processor.py:830} INFO - Processing file /home/sarita/Documents/apache-airflow-project/.venv/lib/python3.9/site-packages/airflow/example_dags/plugins/listener_plugin.py for tasks to queue
[2023-12-27T09:50:54.786+0545] {logging_mixin.py:188} INFO - [2023-12-27T09:50:54.786+0545] {dagbag.py:538} INFO - Filling up the DagBag from /home/sarita/Documents/apache-airflow-project/.venv/lib/python3.9/site-packages/airflow/example_dags/plugins/listener_plugin.py
[2023-12-27T09:50:54.788+0545] {processor.py:842} WARNING - No viable dags retrieved from /home/sarita/Documents/apache-airflow-project/.venv/lib/python3.9/site-packages/airflow/example_dags/plugins/listener_plugin.py
[2023-12-27T09:50:54.796+0545] {processor.py:183} INFO - Processing /home/sarita/Documents/apache-airflow-project/.venv/lib/python3.9/site-packages/airflow/example_dags/plugins/listener_plugin.py took 0.016 seconds
[2023-12-27T09:51:34.424+0545] {processor.py:161} INFO - Started process (PID=8896) to work on /home/sarita/Documents/apache-airflow-project/.venv/lib/python3.9/site-packages/airflow/example_dags/plugins/listener_plugin.py
[2023-12-27T09:51:34.426+0545] {processor.py:830} INFO - Processing file /home/sarita/Documents/apache-airflow-project/.venv/lib/python3.9/site-packages/airflow/example_dags/plugins/listener_plugin.py for tasks to queue
[2023-12-27T09:51:34.427+0545] {logging_mixin.py:188} INFO - [2023-12-27T09:51:34.427+0545] {dagbag.py:538} INFO - Filling up the DagBag from /home/sarita/Documents/apache-airflow-project/.venv/lib/python3.9/site-packages/airflow/example_dags/plugins/listener_plugin.py
[2023-12-27T09:51:34.429+0545] {processor.py:842} WARNING - No viable dags retrieved from /home/sarita/Documents/apache-airflow-project/.venv/lib/python3.9/site-packages/airflow/example_dags/plugins/listener_plugin.py
[2023-12-27T09:51:34.436+0545] {processor.py:183} INFO - Processing /home/sarita/Documents/apache-airflow-project/.venv/lib/python3.9/site-packages/airflow/example_dags/plugins/listener_plugin.py took 0.013 seconds
[2023-12-27T09:52:18.934+0545] {processor.py:161} INFO - Started process (PID=8992) to work on /home/sarita/Documents/apache-airflow-project/.venv/lib/python3.9/site-packages/airflow/example_dags/plugins/listener_plugin.py
[2023-12-27T09:52:18.935+0545] {processor.py:830} INFO - Processing file /home/sarita/Documents/apache-airflow-project/.venv/lib/python3.9/site-packages/airflow/example_dags/plugins/listener_plugin.py for tasks to queue
[2023-12-27T09:52:18.935+0545] {logging_mixin.py:188} INFO - [2023-12-27T09:52:18.935+0545] {dagbag.py:538} INFO - Filling up the DagBag from /home/sarita/Documents/apache-airflow-project/.venv/lib/python3.9/site-packages/airflow/example_dags/plugins/listener_plugin.py
[2023-12-27T09:52:18.937+0545] {processor.py:842} WARNING - No viable dags retrieved from /home/sarita/Documents/apache-airflow-project/.venv/lib/python3.9/site-packages/airflow/example_dags/plugins/listener_plugin.py
[2023-12-27T09:52:18.944+0545] {processor.py:183} INFO - Processing /home/sarita/Documents/apache-airflow-project/.venv/lib/python3.9/site-packages/airflow/example_dags/plugins/listener_plugin.py took 0.012 seconds
[2023-12-27T09:53:40.434+0545] {processor.py:161} INFO - Started process (PID=9113) to work on /home/sarita/Documents/apache-airflow-project/.venv/lib/python3.9/site-packages/airflow/example_dags/plugins/listener_plugin.py
[2023-12-27T09:53:40.435+0545] {processor.py:830} INFO - Processing file /home/sarita/Documents/apache-airflow-project/.venv/lib/python3.9/site-packages/airflow/example_dags/plugins/listener_plugin.py for tasks to queue
[2023-12-27T09:53:40.436+0545] {logging_mixin.py:188} INFO - [2023-12-27T09:53:40.435+0545] {dagbag.py:538} INFO - Filling up the DagBag from /home/sarita/Documents/apache-airflow-project/.venv/lib/python3.9/site-packages/airflow/example_dags/plugins/listener_plugin.py
[2023-12-27T09:53:40.437+0545] {processor.py:842} WARNING - No viable dags retrieved from /home/sarita/Documents/apache-airflow-project/.venv/lib/python3.9/site-packages/airflow/example_dags/plugins/listener_plugin.py
[2023-12-27T09:53:40.445+0545] {processor.py:183} INFO - Processing /home/sarita/Documents/apache-airflow-project/.venv/lib/python3.9/site-packages/airflow/example_dags/plugins/listener_plugin.py took 0.013 seconds
[2023-12-27T09:55:55.594+0545] {processor.py:161} INFO - Started process (PID=9312) to work on /home/sarita/Documents/apache-airflow-project/.venv/lib/python3.9/site-packages/airflow/example_dags/plugins/listener_plugin.py
[2023-12-27T09:55:55.595+0545] {processor.py:830} INFO - Processing file /home/sarita/Documents/apache-airflow-project/.venv/lib/python3.9/site-packages/airflow/example_dags/plugins/listener_plugin.py for tasks to queue
[2023-12-27T09:55:55.596+0545] {logging_mixin.py:188} INFO - [2023-12-27T09:55:55.595+0545] {dagbag.py:538} INFO - Filling up the DagBag from /home/sarita/Documents/apache-airflow-project/.venv/lib/python3.9/site-packages/airflow/example_dags/plugins/listener_plugin.py
[2023-12-27T09:55:55.597+0545] {processor.py:842} WARNING - No viable dags retrieved from /home/sarita/Documents/apache-airflow-project/.venv/lib/python3.9/site-packages/airflow/example_dags/plugins/listener_plugin.py
[2023-12-27T09:55:55.604+0545] {processor.py:183} INFO - Processing /home/sarita/Documents/apache-airflow-project/.venv/lib/python3.9/site-packages/airflow/example_dags/plugins/listener_plugin.py took 0.011 seconds
[2023-12-27T12:10:11.494+0545] {processor.py:161} INFO - Started process (PID=12480) to work on /home/sarita/Documents/apache-airflow-project/.venv/lib/python3.9/site-packages/airflow/example_dags/plugins/listener_plugin.py
[2023-12-27T12:10:11.495+0545] {processor.py:830} INFO - Processing file /home/sarita/Documents/apache-airflow-project/.venv/lib/python3.9/site-packages/airflow/example_dags/plugins/listener_plugin.py for tasks to queue
[2023-12-27T12:10:11.495+0545] {logging_mixin.py:188} INFO - [2023-12-27T12:10:11.495+0545] {dagbag.py:538} INFO - Filling up the DagBag from /home/sarita/Documents/apache-airflow-project/.venv/lib/python3.9/site-packages/airflow/example_dags/plugins/listener_plugin.py
[2023-12-27T12:10:11.497+0545] {processor.py:842} WARNING - No viable dags retrieved from /home/sarita/Documents/apache-airflow-project/.venv/lib/python3.9/site-packages/airflow/example_dags/plugins/listener_plugin.py
[2023-12-27T12:10:11.504+0545] {processor.py:183} INFO - Processing /home/sarita/Documents/apache-airflow-project/.venv/lib/python3.9/site-packages/airflow/example_dags/plugins/listener_plugin.py took 0.012 seconds
[2023-12-27T12:11:07.018+0545] {processor.py:161} INFO - Started process (PID=12499) to work on /home/sarita/Documents/apache-airflow-project/.venv/lib/python3.9/site-packages/airflow/example_dags/plugins/listener_plugin.py
[2023-12-27T12:11:07.022+0545] {processor.py:830} INFO - Processing file /home/sarita/Documents/apache-airflow-project/.venv/lib/python3.9/site-packages/airflow/example_dags/plugins/listener_plugin.py for tasks to queue
[2023-12-27T12:11:07.023+0545] {logging_mixin.py:188} INFO - [2023-12-27T12:11:07.022+0545] {dagbag.py:538} INFO - Filling up the DagBag from /home/sarita/Documents/apache-airflow-project/.venv/lib/python3.9/site-packages/airflow/example_dags/plugins/listener_plugin.py
[2023-12-27T12:11:07.028+0545] {processor.py:842} WARNING - No viable dags retrieved from /home/sarita/Documents/apache-airflow-project/.venv/lib/python3.9/site-packages/airflow/example_dags/plugins/listener_plugin.py
[2023-12-27T12:11:07.040+0545] {processor.py:183} INFO - Processing /home/sarita/Documents/apache-airflow-project/.venv/lib/python3.9/site-packages/airflow/example_dags/plugins/listener_plugin.py took 0.026 seconds
[2023-12-27T12:14:03.849+0545] {processor.py:161} INFO - Started process (PID=12709) to work on /home/sarita/Documents/apache-airflow-project/.venv/lib/python3.9/site-packages/airflow/example_dags/plugins/listener_plugin.py
[2023-12-27T12:14:03.849+0545] {processor.py:830} INFO - Processing file /home/sarita/Documents/apache-airflow-project/.venv/lib/python3.9/site-packages/airflow/example_dags/plugins/listener_plugin.py for tasks to queue
[2023-12-27T12:14:03.850+0545] {logging_mixin.py:188} INFO - [2023-12-27T12:14:03.850+0545] {dagbag.py:538} INFO - Filling up the DagBag from /home/sarita/Documents/apache-airflow-project/.venv/lib/python3.9/site-packages/airflow/example_dags/plugins/listener_plugin.py
[2023-12-27T12:14:03.852+0545] {processor.py:842} WARNING - No viable dags retrieved from /home/sarita/Documents/apache-airflow-project/.venv/lib/python3.9/site-packages/airflow/example_dags/plugins/listener_plugin.py
[2023-12-27T12:14:03.859+0545] {processor.py:183} INFO - Processing /home/sarita/Documents/apache-airflow-project/.venv/lib/python3.9/site-packages/airflow/example_dags/plugins/listener_plugin.py took 0.012 seconds
[2023-12-27T12:19:35.071+0545] {processor.py:161} INFO - Started process (PID=13677) to work on /home/sarita/Documents/apache-airflow-project/.venv/lib/python3.9/site-packages/airflow/example_dags/plugins/listener_plugin.py
[2023-12-27T12:19:35.072+0545] {processor.py:830} INFO - Processing file /home/sarita/Documents/apache-airflow-project/.venv/lib/python3.9/site-packages/airflow/example_dags/plugins/listener_plugin.py for tasks to queue
[2023-12-27T12:19:35.073+0545] {logging_mixin.py:188} INFO - [2023-12-27T12:19:35.072+0545] {dagbag.py:538} INFO - Filling up the DagBag from /home/sarita/Documents/apache-airflow-project/.venv/lib/python3.9/site-packages/airflow/example_dags/plugins/listener_plugin.py
[2023-12-27T12:19:35.074+0545] {processor.py:842} WARNING - No viable dags retrieved from /home/sarita/Documents/apache-airflow-project/.venv/lib/python3.9/site-packages/airflow/example_dags/plugins/listener_plugin.py
[2023-12-27T12:19:35.081+0545] {processor.py:183} INFO - Processing /home/sarita/Documents/apache-airflow-project/.venv/lib/python3.9/site-packages/airflow/example_dags/plugins/listener_plugin.py took 0.012 seconds
[2023-12-27T12:23:03.780+0545] {processor.py:161} INFO - Started process (PID=13941) to work on /home/sarita/Documents/apache-airflow-project/.venv/lib/python3.9/site-packages/airflow/example_dags/plugins/listener_plugin.py
[2023-12-27T12:23:03.781+0545] {processor.py:830} INFO - Processing file /home/sarita/Documents/apache-airflow-project/.venv/lib/python3.9/site-packages/airflow/example_dags/plugins/listener_plugin.py for tasks to queue
[2023-12-27T12:23:03.782+0545] {logging_mixin.py:188} INFO - [2023-12-27T12:23:03.781+0545] {dagbag.py:538} INFO - Filling up the DagBag from /home/sarita/Documents/apache-airflow-project/.venv/lib/python3.9/site-packages/airflow/example_dags/plugins/listener_plugin.py
[2023-12-27T12:23:03.783+0545] {processor.py:842} WARNING - No viable dags retrieved from /home/sarita/Documents/apache-airflow-project/.venv/lib/python3.9/site-packages/airflow/example_dags/plugins/listener_plugin.py
[2023-12-27T12:23:03.791+0545] {processor.py:183} INFO - Processing /home/sarita/Documents/apache-airflow-project/.venv/lib/python3.9/site-packages/airflow/example_dags/plugins/listener_plugin.py took 0.012 seconds
[2023-12-27T12:36:03.289+0545] {processor.py:161} INFO - Started process (PID=15098) to work on /home/sarita/Documents/apache-airflow-project/.venv/lib/python3.9/site-packages/airflow/example_dags/plugins/listener_plugin.py
[2023-12-27T12:36:03.290+0545] {processor.py:830} INFO - Processing file /home/sarita/Documents/apache-airflow-project/.venv/lib/python3.9/site-packages/airflow/example_dags/plugins/listener_plugin.py for tasks to queue
[2023-12-27T12:36:03.290+0545] {logging_mixin.py:188} INFO - [2023-12-27T12:36:03.290+0545] {dagbag.py:538} INFO - Filling up the DagBag from /home/sarita/Documents/apache-airflow-project/.venv/lib/python3.9/site-packages/airflow/example_dags/plugins/listener_plugin.py
[2023-12-27T12:36:03.292+0545] {processor.py:842} WARNING - No viable dags retrieved from /home/sarita/Documents/apache-airflow-project/.venv/lib/python3.9/site-packages/airflow/example_dags/plugins/listener_plugin.py
[2023-12-27T12:36:03.298+0545] {processor.py:183} INFO - Processing /home/sarita/Documents/apache-airflow-project/.venv/lib/python3.9/site-packages/airflow/example_dags/plugins/listener_plugin.py took 0.011 seconds
[2023-12-27T12:39:03.885+0545] {processor.py:161} INFO - Started process (PID=15335) to work on /home/sarita/Documents/apache-airflow-project/.venv/lib/python3.9/site-packages/airflow/example_dags/plugins/listener_plugin.py
[2023-12-27T12:39:03.886+0545] {processor.py:830} INFO - Processing file /home/sarita/Documents/apache-airflow-project/.venv/lib/python3.9/site-packages/airflow/example_dags/plugins/listener_plugin.py for tasks to queue
[2023-12-27T12:39:03.887+0545] {logging_mixin.py:188} INFO - [2023-12-27T12:39:03.886+0545] {dagbag.py:538} INFO - Filling up the DagBag from /home/sarita/Documents/apache-airflow-project/.venv/lib/python3.9/site-packages/airflow/example_dags/plugins/listener_plugin.py
[2023-12-27T12:39:03.888+0545] {processor.py:842} WARNING - No viable dags retrieved from /home/sarita/Documents/apache-airflow-project/.venv/lib/python3.9/site-packages/airflow/example_dags/plugins/listener_plugin.py
[2023-12-27T12:39:03.895+0545] {processor.py:183} INFO - Processing /home/sarita/Documents/apache-airflow-project/.venv/lib/python3.9/site-packages/airflow/example_dags/plugins/listener_plugin.py took 0.011 seconds
[2023-12-27T12:40:04.608+0545] {processor.py:161} INFO - Started process (PID=15570) to work on /home/sarita/Documents/apache-airflow-project/.venv/lib/python3.9/site-packages/airflow/example_dags/plugins/listener_plugin.py
[2023-12-27T12:40:04.609+0545] {processor.py:830} INFO - Processing file /home/sarita/Documents/apache-airflow-project/.venv/lib/python3.9/site-packages/airflow/example_dags/plugins/listener_plugin.py for tasks to queue
[2023-12-27T12:40:04.609+0545] {logging_mixin.py:188} INFO - [2023-12-27T12:40:04.609+0545] {dagbag.py:538} INFO - Filling up the DagBag from /home/sarita/Documents/apache-airflow-project/.venv/lib/python3.9/site-packages/airflow/example_dags/plugins/listener_plugin.py
[2023-12-27T12:40:04.611+0545] {processor.py:842} WARNING - No viable dags retrieved from /home/sarita/Documents/apache-airflow-project/.venv/lib/python3.9/site-packages/airflow/example_dags/plugins/listener_plugin.py
[2023-12-27T12:40:04.618+0545] {processor.py:183} INFO - Processing /home/sarita/Documents/apache-airflow-project/.venv/lib/python3.9/site-packages/airflow/example_dags/plugins/listener_plugin.py took 0.012 seconds
[2023-12-27T12:42:18.157+0545] {processor.py:161} INFO - Started process (PID=16669) to work on /home/sarita/Documents/apache-airflow-project/.venv/lib/python3.9/site-packages/airflow/example_dags/plugins/listener_plugin.py
[2023-12-27T12:42:18.158+0545] {processor.py:830} INFO - Processing file /home/sarita/Documents/apache-airflow-project/.venv/lib/python3.9/site-packages/airflow/example_dags/plugins/listener_plugin.py for tasks to queue
[2023-12-27T12:42:18.159+0545] {logging_mixin.py:188} INFO - [2023-12-27T12:42:18.158+0545] {dagbag.py:538} INFO - Filling up the DagBag from /home/sarita/Documents/apache-airflow-project/.venv/lib/python3.9/site-packages/airflow/example_dags/plugins/listener_plugin.py
[2023-12-27T12:42:18.160+0545] {processor.py:842} WARNING - No viable dags retrieved from /home/sarita/Documents/apache-airflow-project/.venv/lib/python3.9/site-packages/airflow/example_dags/plugins/listener_plugin.py
[2023-12-27T12:42:18.167+0545] {processor.py:183} INFO - Processing /home/sarita/Documents/apache-airflow-project/.venv/lib/python3.9/site-packages/airflow/example_dags/plugins/listener_plugin.py took 0.011 seconds
[2023-12-27T12:43:58.401+0545] {processor.py:161} INFO - Started process (PID=16868) to work on /home/sarita/Documents/apache-airflow-project/.venv/lib/python3.9/site-packages/airflow/example_dags/plugins/listener_plugin.py
[2023-12-27T12:43:58.402+0545] {processor.py:830} INFO - Processing file /home/sarita/Documents/apache-airflow-project/.venv/lib/python3.9/site-packages/airflow/example_dags/plugins/listener_plugin.py for tasks to queue
[2023-12-27T12:43:58.402+0545] {logging_mixin.py:188} INFO - [2023-12-27T12:43:58.402+0545] {dagbag.py:538} INFO - Filling up the DagBag from /home/sarita/Documents/apache-airflow-project/.venv/lib/python3.9/site-packages/airflow/example_dags/plugins/listener_plugin.py
[2023-12-27T12:43:58.404+0545] {processor.py:842} WARNING - No viable dags retrieved from /home/sarita/Documents/apache-airflow-project/.venv/lib/python3.9/site-packages/airflow/example_dags/plugins/listener_plugin.py
[2023-12-27T12:43:58.410+0545] {processor.py:183} INFO - Processing /home/sarita/Documents/apache-airflow-project/.venv/lib/python3.9/site-packages/airflow/example_dags/plugins/listener_plugin.py took 0.011 seconds
[2023-12-27T12:44:58.227+0545] {processor.py:161} INFO - Started process (PID=17031) to work on /home/sarita/Documents/apache-airflow-project/.venv/lib/python3.9/site-packages/airflow/example_dags/plugins/listener_plugin.py
[2023-12-27T12:44:58.229+0545] {processor.py:830} INFO - Processing file /home/sarita/Documents/apache-airflow-project/.venv/lib/python3.9/site-packages/airflow/example_dags/plugins/listener_plugin.py for tasks to queue
[2023-12-27T12:44:58.230+0545] {logging_mixin.py:188} INFO - [2023-12-27T12:44:58.230+0545] {dagbag.py:538} INFO - Filling up the DagBag from /home/sarita/Documents/apache-airflow-project/.venv/lib/python3.9/site-packages/airflow/example_dags/plugins/listener_plugin.py
[2023-12-27T12:44:58.232+0545] {processor.py:842} WARNING - No viable dags retrieved from /home/sarita/Documents/apache-airflow-project/.venv/lib/python3.9/site-packages/airflow/example_dags/plugins/listener_plugin.py
[2023-12-27T12:44:58.238+0545] {processor.py:183} INFO - Processing /home/sarita/Documents/apache-airflow-project/.venv/lib/python3.9/site-packages/airflow/example_dags/plugins/listener_plugin.py took 0.013 seconds
[2023-12-27T12:52:07.856+0545] {processor.py:161} INFO - Started process (PID=17579) to work on /home/sarita/Documents/apache-airflow-project/.venv/lib/python3.9/site-packages/airflow/example_dags/plugins/listener_plugin.py
[2023-12-27T12:52:07.858+0545] {processor.py:830} INFO - Processing file /home/sarita/Documents/apache-airflow-project/.venv/lib/python3.9/site-packages/airflow/example_dags/plugins/listener_plugin.py for tasks to queue
[2023-12-27T12:52:07.859+0545] {logging_mixin.py:188} INFO - [2023-12-27T12:52:07.858+0545] {dagbag.py:538} INFO - Filling up the DagBag from /home/sarita/Documents/apache-airflow-project/.venv/lib/python3.9/site-packages/airflow/example_dags/plugins/listener_plugin.py
[2023-12-27T12:52:07.861+0545] {processor.py:842} WARNING - No viable dags retrieved from /home/sarita/Documents/apache-airflow-project/.venv/lib/python3.9/site-packages/airflow/example_dags/plugins/listener_plugin.py
[2023-12-27T12:52:07.867+0545] {processor.py:183} INFO - Processing /home/sarita/Documents/apache-airflow-project/.venv/lib/python3.9/site-packages/airflow/example_dags/plugins/listener_plugin.py took 0.013 seconds
[2023-12-27T12:53:00.066+0545] {processor.py:161} INFO - Started process (PID=17649) to work on /home/sarita/Documents/apache-airflow-project/.venv/lib/python3.9/site-packages/airflow/example_dags/plugins/listener_plugin.py
[2023-12-27T12:53:00.069+0545] {processor.py:830} INFO - Processing file /home/sarita/Documents/apache-airflow-project/.venv/lib/python3.9/site-packages/airflow/example_dags/plugins/listener_plugin.py for tasks to queue
[2023-12-27T12:53:00.072+0545] {logging_mixin.py:188} INFO - [2023-12-27T12:53:00.071+0545] {dagbag.py:538} INFO - Filling up the DagBag from /home/sarita/Documents/apache-airflow-project/.venv/lib/python3.9/site-packages/airflow/example_dags/plugins/listener_plugin.py
[2023-12-27T12:53:00.079+0545] {processor.py:842} WARNING - No viable dags retrieved from /home/sarita/Documents/apache-airflow-project/.venv/lib/python3.9/site-packages/airflow/example_dags/plugins/listener_plugin.py
[2023-12-27T12:53:00.097+0545] {processor.py:183} INFO - Processing /home/sarita/Documents/apache-airflow-project/.venv/lib/python3.9/site-packages/airflow/example_dags/plugins/listener_plugin.py took 0.038 seconds
[2023-12-27T12:53:57.299+0545] {processor.py:161} INFO - Started process (PID=17785) to work on /home/sarita/Documents/apache-airflow-project/.venv/lib/python3.9/site-packages/airflow/example_dags/plugins/listener_plugin.py
[2023-12-27T12:53:57.305+0545] {processor.py:830} INFO - Processing file /home/sarita/Documents/apache-airflow-project/.venv/lib/python3.9/site-packages/airflow/example_dags/plugins/listener_plugin.py for tasks to queue
[2023-12-27T12:53:57.306+0545] {logging_mixin.py:188} INFO - [2023-12-27T12:53:57.306+0545] {dagbag.py:538} INFO - Filling up the DagBag from /home/sarita/Documents/apache-airflow-project/.venv/lib/python3.9/site-packages/airflow/example_dags/plugins/listener_plugin.py
[2023-12-27T12:53:57.309+0545] {processor.py:842} WARNING - No viable dags retrieved from /home/sarita/Documents/apache-airflow-project/.venv/lib/python3.9/site-packages/airflow/example_dags/plugins/listener_plugin.py
[2023-12-27T12:53:57.329+0545] {processor.py:183} INFO - Processing /home/sarita/Documents/apache-airflow-project/.venv/lib/python3.9/site-packages/airflow/example_dags/plugins/listener_plugin.py took 0.033 seconds
[2023-12-27T12:57:45.915+0545] {processor.py:161} INFO - Started process (PID=18039) to work on /home/sarita/Documents/apache-airflow-project/.venv/lib/python3.9/site-packages/airflow/example_dags/plugins/listener_plugin.py
[2023-12-27T12:57:45.915+0545] {processor.py:830} INFO - Processing file /home/sarita/Documents/apache-airflow-project/.venv/lib/python3.9/site-packages/airflow/example_dags/plugins/listener_plugin.py for tasks to queue
[2023-12-27T12:57:45.916+0545] {logging_mixin.py:188} INFO - [2023-12-27T12:57:45.916+0545] {dagbag.py:538} INFO - Filling up the DagBag from /home/sarita/Documents/apache-airflow-project/.venv/lib/python3.9/site-packages/airflow/example_dags/plugins/listener_plugin.py
[2023-12-27T12:57:45.918+0545] {processor.py:842} WARNING - No viable dags retrieved from /home/sarita/Documents/apache-airflow-project/.venv/lib/python3.9/site-packages/airflow/example_dags/plugins/listener_plugin.py
[2023-12-27T12:57:45.925+0545] {processor.py:183} INFO - Processing /home/sarita/Documents/apache-airflow-project/.venv/lib/python3.9/site-packages/airflow/example_dags/plugins/listener_plugin.py took 0.012 seconds
[2023-12-27T16:15:27.374+0545] {processor.py:161} INFO - Started process (PID=24736) to work on /home/sarita/Documents/apache-airflow-project/.venv/lib/python3.9/site-packages/airflow/example_dags/plugins/listener_plugin.py
[2023-12-27T16:15:27.374+0545] {processor.py:830} INFO - Processing file /home/sarita/Documents/apache-airflow-project/.venv/lib/python3.9/site-packages/airflow/example_dags/plugins/listener_plugin.py for tasks to queue
[2023-12-27T16:15:27.375+0545] {logging_mixin.py:188} INFO - [2023-12-27T16:15:27.375+0545] {dagbag.py:538} INFO - Filling up the DagBag from /home/sarita/Documents/apache-airflow-project/.venv/lib/python3.9/site-packages/airflow/example_dags/plugins/listener_plugin.py
[2023-12-27T16:15:27.377+0545] {processor.py:842} WARNING - No viable dags retrieved from /home/sarita/Documents/apache-airflow-project/.venv/lib/python3.9/site-packages/airflow/example_dags/plugins/listener_plugin.py
[2023-12-27T16:15:27.384+0545] {processor.py:183} INFO - Processing /home/sarita/Documents/apache-airflow-project/.venv/lib/python3.9/site-packages/airflow/example_dags/plugins/listener_plugin.py took 0.012 seconds
