[2023-12-27T09:36:32.406+0545] {processor.py:161} INFO - Started process (PID=6875) to work on /home/sarita/Documents/apache-airflow-project/.venv/lib/python3.9/site-packages/airflow/example_dags/plugins/workday.py
[2023-12-27T09:36:32.407+0545] {processor.py:830} INFO - Processing file /home/sarita/Documents/apache-airflow-project/.venv/lib/python3.9/site-packages/airflow/example_dags/plugins/workday.py for tasks to queue
[2023-12-27T09:36:32.409+0545] {logging_mixin.py:188} INFO - [2023-12-27T09:36:32.408+0545] {dagbag.py:538} INFO - Filling up the DagBag from /home/sarita/Documents/apache-airflow-project/.venv/lib/python3.9/site-packages/airflow/example_dags/plugins/workday.py
[2023-12-27T09:36:32.412+0545] {logging_mixin.py:188} INFO - [2023-12-27T09:36:32.412+0545] {workday.py:40} WARNING - Could not import pandas. Holidays will not be considered.
[2023-12-27T09:36:32.413+0545] {processor.py:842} WARNING - No viable dags retrieved from /home/sarita/Documents/apache-airflow-project/.venv/lib/python3.9/site-packages/airflow/example_dags/plugins/workday.py
[2023-12-27T09:36:32.423+0545] {processor.py:183} INFO - Processing /home/sarita/Documents/apache-airflow-project/.venv/lib/python3.9/site-packages/airflow/example_dags/plugins/workday.py took 0.019 seconds
[2023-12-27T09:37:20.950+0545] {processor.py:161} INFO - Started process (PID=6951) to work on /home/sarita/Documents/apache-airflow-project/.venv/lib/python3.9/site-packages/airflow/example_dags/plugins/workday.py
[2023-12-27T09:37:20.953+0545] {processor.py:830} INFO - Processing file /home/sarita/Documents/apache-airflow-project/.venv/lib/python3.9/site-packages/airflow/example_dags/plugins/workday.py for tasks to queue
[2023-12-27T09:37:20.953+0545] {logging_mixin.py:188} INFO - [2023-12-27T09:37:20.953+0545] {dagbag.py:538} INFO - Filling up the DagBag from /home/sarita/Documents/apache-airflow-project/.venv/lib/python3.9/site-packages/airflow/example_dags/plugins/workday.py
[2023-12-27T09:37:20.955+0545] {logging_mixin.py:188} INFO - [2023-12-27T09:37:20.955+0545] {workday.py:40} WARNING - Could not import pandas. Holidays will not be considered.
[2023-12-27T09:37:20.955+0545] {processor.py:842} WARNING - No viable dags retrieved from /home/sarita/Documents/apache-airflow-project/.venv/lib/python3.9/site-packages/airflow/example_dags/plugins/workday.py
[2023-12-27T09:37:20.963+0545] {processor.py:183} INFO - Processing /home/sarita/Documents/apache-airflow-project/.venv/lib/python3.9/site-packages/airflow/example_dags/plugins/workday.py took 0.015 seconds
[2023-12-27T09:37:57.306+0545] {processor.py:161} INFO - Started process (PID=6996) to work on /home/sarita/Documents/apache-airflow-project/.venv/lib/python3.9/site-packages/airflow/example_dags/plugins/workday.py
[2023-12-27T09:37:57.308+0545] {processor.py:830} INFO - Processing file /home/sarita/Documents/apache-airflow-project/.venv/lib/python3.9/site-packages/airflow/example_dags/plugins/workday.py for tasks to queue
[2023-12-27T09:37:57.310+0545] {logging_mixin.py:188} INFO - [2023-12-27T09:37:57.309+0545] {dagbag.py:538} INFO - Filling up the DagBag from /home/sarita/Documents/apache-airflow-project/.venv/lib/python3.9/site-packages/airflow/example_dags/plugins/workday.py
[2023-12-27T09:37:57.315+0545] {logging_mixin.py:188} INFO - [2023-12-27T09:37:57.314+0545] {workday.py:40} WARNING - Could not import pandas. Holidays will not be considered.
[2023-12-27T09:37:57.316+0545] {processor.py:842} WARNING - No viable dags retrieved from /home/sarita/Documents/apache-airflow-project/.venv/lib/python3.9/site-packages/airflow/example_dags/plugins/workday.py
[2023-12-27T09:37:57.328+0545] {processor.py:183} INFO - Processing /home/sarita/Documents/apache-airflow-project/.venv/lib/python3.9/site-packages/airflow/example_dags/plugins/workday.py took 0.028 seconds
[2023-12-27T09:38:34.684+0545] {processor.py:161} INFO - Started process (PID=7098) to work on /home/sarita/Documents/apache-airflow-project/.venv/lib/python3.9/site-packages/airflow/example_dags/plugins/workday.py
[2023-12-27T09:38:34.686+0545] {processor.py:830} INFO - Processing file /home/sarita/Documents/apache-airflow-project/.venv/lib/python3.9/site-packages/airflow/example_dags/plugins/workday.py for tasks to queue
[2023-12-27T09:38:34.687+0545] {logging_mixin.py:188} INFO - [2023-12-27T09:38:34.687+0545] {dagbag.py:538} INFO - Filling up the DagBag from /home/sarita/Documents/apache-airflow-project/.venv/lib/python3.9/site-packages/airflow/example_dags/plugins/workday.py
[2023-12-27T09:38:34.689+0545] {logging_mixin.py:188} INFO - [2023-12-27T09:38:34.689+0545] {workday.py:40} WARNING - Could not import pandas. Holidays will not be considered.
[2023-12-27T09:38:34.690+0545] {processor.py:842} WARNING - No viable dags retrieved from /home/sarita/Documents/apache-airflow-project/.venv/lib/python3.9/site-packages/airflow/example_dags/plugins/workday.py
[2023-12-27T09:38:34.699+0545] {processor.py:183} INFO - Processing /home/sarita/Documents/apache-airflow-project/.venv/lib/python3.9/site-packages/airflow/example_dags/plugins/workday.py took 0.017 seconds
[2023-12-27T09:39:12.328+0545] {processor.py:161} INFO - Started process (PID=7138) to work on /home/sarita/Documents/apache-airflow-project/.venv/lib/python3.9/site-packages/airflow/example_dags/plugins/workday.py
[2023-12-27T09:39:12.330+0545] {processor.py:830} INFO - Processing file /home/sarita/Documents/apache-airflow-project/.venv/lib/python3.9/site-packages/airflow/example_dags/plugins/workday.py for tasks to queue
[2023-12-27T09:39:12.331+0545] {logging_mixin.py:188} INFO - [2023-12-27T09:39:12.331+0545] {dagbag.py:538} INFO - Filling up the DagBag from /home/sarita/Documents/apache-airflow-project/.venv/lib/python3.9/site-packages/airflow/example_dags/plugins/workday.py
[2023-12-27T09:39:12.333+0545] {logging_mixin.py:188} INFO - [2023-12-27T09:39:12.333+0545] {workday.py:40} WARNING - Could not import pandas. Holidays will not be considered.
[2023-12-27T09:39:12.334+0545] {processor.py:842} WARNING - No viable dags retrieved from /home/sarita/Documents/apache-airflow-project/.venv/lib/python3.9/site-packages/airflow/example_dags/plugins/workday.py
[2023-12-27T09:39:12.342+0545] {processor.py:183} INFO - Processing /home/sarita/Documents/apache-airflow-project/.venv/lib/python3.9/site-packages/airflow/example_dags/plugins/workday.py took 0.015 seconds
[2023-12-27T09:39:49.105+0545] {processor.py:161} INFO - Started process (PID=7190) to work on /home/sarita/Documents/apache-airflow-project/.venv/lib/python3.9/site-packages/airflow/example_dags/plugins/workday.py
[2023-12-27T09:39:49.108+0545] {processor.py:830} INFO - Processing file /home/sarita/Documents/apache-airflow-project/.venv/lib/python3.9/site-packages/airflow/example_dags/plugins/workday.py for tasks to queue
[2023-12-27T09:39:49.108+0545] {logging_mixin.py:188} INFO - [2023-12-27T09:39:49.108+0545] {dagbag.py:538} INFO - Filling up the DagBag from /home/sarita/Documents/apache-airflow-project/.venv/lib/python3.9/site-packages/airflow/example_dags/plugins/workday.py
[2023-12-27T09:39:49.110+0545] {logging_mixin.py:188} INFO - [2023-12-27T09:39:49.110+0545] {workday.py:40} WARNING - Could not import pandas. Holidays will not be considered.
[2023-12-27T09:39:49.110+0545] {processor.py:842} WARNING - No viable dags retrieved from /home/sarita/Documents/apache-airflow-project/.venv/lib/python3.9/site-packages/airflow/example_dags/plugins/workday.py
[2023-12-27T09:39:49.118+0545] {processor.py:183} INFO - Processing /home/sarita/Documents/apache-airflow-project/.venv/lib/python3.9/site-packages/airflow/example_dags/plugins/workday.py took 0.014 seconds
[2023-12-27T09:40:28.968+0545] {processor.py:161} INFO - Started process (PID=7269) to work on /home/sarita/Documents/apache-airflow-project/.venv/lib/python3.9/site-packages/airflow/example_dags/plugins/workday.py
[2023-12-27T09:40:28.971+0545] {processor.py:830} INFO - Processing file /home/sarita/Documents/apache-airflow-project/.venv/lib/python3.9/site-packages/airflow/example_dags/plugins/workday.py for tasks to queue
[2023-12-27T09:40:28.973+0545] {logging_mixin.py:188} INFO - [2023-12-27T09:40:28.972+0545] {dagbag.py:538} INFO - Filling up the DagBag from /home/sarita/Documents/apache-airflow-project/.venv/lib/python3.9/site-packages/airflow/example_dags/plugins/workday.py
[2023-12-27T09:40:28.979+0545] {logging_mixin.py:188} INFO - [2023-12-27T09:40:28.978+0545] {workday.py:40} WARNING - Could not import pandas. Holidays will not be considered.
[2023-12-27T09:40:28.980+0545] {processor.py:842} WARNING - No viable dags retrieved from /home/sarita/Documents/apache-airflow-project/.venv/lib/python3.9/site-packages/airflow/example_dags/plugins/workday.py
[2023-12-27T09:40:28.994+0545] {processor.py:183} INFO - Processing /home/sarita/Documents/apache-airflow-project/.venv/lib/python3.9/site-packages/airflow/example_dags/plugins/workday.py took 0.032 seconds
[2023-12-27T09:41:02.342+0545] {processor.py:161} INFO - Started process (PID=7463) to work on /home/sarita/Documents/apache-airflow-project/.venv/lib/python3.9/site-packages/airflow/example_dags/plugins/workday.py
[2023-12-27T09:41:02.345+0545] {processor.py:830} INFO - Processing file /home/sarita/Documents/apache-airflow-project/.venv/lib/python3.9/site-packages/airflow/example_dags/plugins/workday.py for tasks to queue
[2023-12-27T09:41:02.347+0545] {logging_mixin.py:188} INFO - [2023-12-27T09:41:02.346+0545] {dagbag.py:538} INFO - Filling up the DagBag from /home/sarita/Documents/apache-airflow-project/.venv/lib/python3.9/site-packages/airflow/example_dags/plugins/workday.py
[2023-12-27T09:41:02.352+0545] {logging_mixin.py:188} INFO - [2023-12-27T09:41:02.351+0545] {workday.py:40} WARNING - Could not import pandas. Holidays will not be considered.
[2023-12-27T09:41:02.352+0545] {processor.py:842} WARNING - No viable dags retrieved from /home/sarita/Documents/apache-airflow-project/.venv/lib/python3.9/site-packages/airflow/example_dags/plugins/workday.py
[2023-12-27T09:41:02.364+0545] {processor.py:183} INFO - Processing /home/sarita/Documents/apache-airflow-project/.venv/lib/python3.9/site-packages/airflow/example_dags/plugins/workday.py took 0.027 seconds
[2023-12-27T09:41:39.787+0545] {processor.py:161} INFO - Started process (PID=7554) to work on /home/sarita/Documents/apache-airflow-project/.venv/lib/python3.9/site-packages/airflow/example_dags/plugins/workday.py
[2023-12-27T09:41:39.789+0545] {processor.py:830} INFO - Processing file /home/sarita/Documents/apache-airflow-project/.venv/lib/python3.9/site-packages/airflow/example_dags/plugins/workday.py for tasks to queue
[2023-12-27T09:41:39.789+0545] {logging_mixin.py:188} INFO - [2023-12-27T09:41:39.789+0545] {dagbag.py:538} INFO - Filling up the DagBag from /home/sarita/Documents/apache-airflow-project/.venv/lib/python3.9/site-packages/airflow/example_dags/plugins/workday.py
[2023-12-27T09:41:39.791+0545] {logging_mixin.py:188} INFO - [2023-12-27T09:41:39.791+0545] {workday.py:40} WARNING - Could not import pandas. Holidays will not be considered.
[2023-12-27T09:41:39.792+0545] {processor.py:842} WARNING - No viable dags retrieved from /home/sarita/Documents/apache-airflow-project/.venv/lib/python3.9/site-packages/airflow/example_dags/plugins/workday.py
[2023-12-27T09:41:39.798+0545] {processor.py:183} INFO - Processing /home/sarita/Documents/apache-airflow-project/.venv/lib/python3.9/site-packages/airflow/example_dags/plugins/workday.py took 0.013 seconds
[2023-12-27T09:42:19.373+0545] {processor.py:161} INFO - Started process (PID=7757) to work on /home/sarita/Documents/apache-airflow-project/.venv/lib/python3.9/site-packages/airflow/example_dags/plugins/workday.py
[2023-12-27T09:42:19.375+0545] {processor.py:830} INFO - Processing file /home/sarita/Documents/apache-airflow-project/.venv/lib/python3.9/site-packages/airflow/example_dags/plugins/workday.py for tasks to queue
[2023-12-27T09:42:19.376+0545] {logging_mixin.py:188} INFO - [2023-12-27T09:42:19.376+0545] {dagbag.py:538} INFO - Filling up the DagBag from /home/sarita/Documents/apache-airflow-project/.venv/lib/python3.9/site-packages/airflow/example_dags/plugins/workday.py
[2023-12-27T09:42:19.379+0545] {logging_mixin.py:188} INFO - [2023-12-27T09:42:19.379+0545] {workday.py:40} WARNING - Could not import pandas. Holidays will not be considered.
[2023-12-27T09:42:19.379+0545] {processor.py:842} WARNING - No viable dags retrieved from /home/sarita/Documents/apache-airflow-project/.venv/lib/python3.9/site-packages/airflow/example_dags/plugins/workday.py
[2023-12-27T09:42:19.390+0545] {processor.py:183} INFO - Processing /home/sarita/Documents/apache-airflow-project/.venv/lib/python3.9/site-packages/airflow/example_dags/plugins/workday.py took 0.020 seconds
[2023-12-27T09:42:54.626+0545] {processor.py:161} INFO - Started process (PID=7827) to work on /home/sarita/Documents/apache-airflow-project/.venv/lib/python3.9/site-packages/airflow/example_dags/plugins/workday.py
[2023-12-27T09:42:54.628+0545] {processor.py:830} INFO - Processing file /home/sarita/Documents/apache-airflow-project/.venv/lib/python3.9/site-packages/airflow/example_dags/plugins/workday.py for tasks to queue
[2023-12-27T09:42:54.629+0545] {logging_mixin.py:188} INFO - [2023-12-27T09:42:54.629+0545] {dagbag.py:538} INFO - Filling up the DagBag from /home/sarita/Documents/apache-airflow-project/.venv/lib/python3.9/site-packages/airflow/example_dags/plugins/workday.py
[2023-12-27T09:42:54.631+0545] {logging_mixin.py:188} INFO - [2023-12-27T09:42:54.631+0545] {workday.py:40} WARNING - Could not import pandas. Holidays will not be considered.
[2023-12-27T09:42:54.632+0545] {processor.py:842} WARNING - No viable dags retrieved from /home/sarita/Documents/apache-airflow-project/.venv/lib/python3.9/site-packages/airflow/example_dags/plugins/workday.py
[2023-12-27T09:42:54.641+0545] {processor.py:183} INFO - Processing /home/sarita/Documents/apache-airflow-project/.venv/lib/python3.9/site-packages/airflow/example_dags/plugins/workday.py took 0.018 seconds
[2023-12-27T09:43:27.886+0545] {processor.py:161} INFO - Started process (PID=7878) to work on /home/sarita/Documents/apache-airflow-project/.venv/lib/python3.9/site-packages/airflow/example_dags/plugins/workday.py
[2023-12-27T09:43:27.888+0545] {processor.py:830} INFO - Processing file /home/sarita/Documents/apache-airflow-project/.venv/lib/python3.9/site-packages/airflow/example_dags/plugins/workday.py for tasks to queue
[2023-12-27T09:43:27.890+0545] {logging_mixin.py:188} INFO - [2023-12-27T09:43:27.889+0545] {dagbag.py:538} INFO - Filling up the DagBag from /home/sarita/Documents/apache-airflow-project/.venv/lib/python3.9/site-packages/airflow/example_dags/plugins/workday.py
[2023-12-27T09:43:27.894+0545] {logging_mixin.py:188} INFO - [2023-12-27T09:43:27.894+0545] {workday.py:40} WARNING - Could not import pandas. Holidays will not be considered.
[2023-12-27T09:43:27.895+0545] {processor.py:842} WARNING - No viable dags retrieved from /home/sarita/Documents/apache-airflow-project/.venv/lib/python3.9/site-packages/airflow/example_dags/plugins/workday.py
[2023-12-27T09:43:27.909+0545] {processor.py:183} INFO - Processing /home/sarita/Documents/apache-airflow-project/.venv/lib/python3.9/site-packages/airflow/example_dags/plugins/workday.py took 0.028 seconds
[2023-12-27T09:44:05.813+0545] {processor.py:161} INFO - Started process (PID=7924) to work on /home/sarita/Documents/apache-airflow-project/.venv/lib/python3.9/site-packages/airflow/example_dags/plugins/workday.py
[2023-12-27T09:44:05.816+0545] {processor.py:830} INFO - Processing file /home/sarita/Documents/apache-airflow-project/.venv/lib/python3.9/site-packages/airflow/example_dags/plugins/workday.py for tasks to queue
[2023-12-27T09:44:05.817+0545] {logging_mixin.py:188} INFO - [2023-12-27T09:44:05.817+0545] {dagbag.py:538} INFO - Filling up the DagBag from /home/sarita/Documents/apache-airflow-project/.venv/lib/python3.9/site-packages/airflow/example_dags/plugins/workday.py
[2023-12-27T09:44:05.821+0545] {logging_mixin.py:188} INFO - [2023-12-27T09:44:05.821+0545] {workday.py:40} WARNING - Could not import pandas. Holidays will not be considered.
[2023-12-27T09:44:05.821+0545] {processor.py:842} WARNING - No viable dags retrieved from /home/sarita/Documents/apache-airflow-project/.venv/lib/python3.9/site-packages/airflow/example_dags/plugins/workday.py
[2023-12-27T09:44:05.834+0545] {processor.py:183} INFO - Processing /home/sarita/Documents/apache-airflow-project/.venv/lib/python3.9/site-packages/airflow/example_dags/plugins/workday.py took 0.025 seconds
[2023-12-27T09:44:43.099+0545] {processor.py:161} INFO - Started process (PID=7974) to work on /home/sarita/Documents/apache-airflow-project/.venv/lib/python3.9/site-packages/airflow/example_dags/plugins/workday.py
[2023-12-27T09:44:43.101+0545] {processor.py:830} INFO - Processing file /home/sarita/Documents/apache-airflow-project/.venv/lib/python3.9/site-packages/airflow/example_dags/plugins/workday.py for tasks to queue
[2023-12-27T09:44:43.102+0545] {logging_mixin.py:188} INFO - [2023-12-27T09:44:43.101+0545] {dagbag.py:538} INFO - Filling up the DagBag from /home/sarita/Documents/apache-airflow-project/.venv/lib/python3.9/site-packages/airflow/example_dags/plugins/workday.py
[2023-12-27T09:44:43.105+0545] {logging_mixin.py:188} INFO - [2023-12-27T09:44:43.105+0545] {workday.py:40} WARNING - Could not import pandas. Holidays will not be considered.
[2023-12-27T09:44:43.105+0545] {processor.py:842} WARNING - No viable dags retrieved from /home/sarita/Documents/apache-airflow-project/.venv/lib/python3.9/site-packages/airflow/example_dags/plugins/workday.py
[2023-12-27T09:44:43.118+0545] {processor.py:183} INFO - Processing /home/sarita/Documents/apache-airflow-project/.venv/lib/python3.9/site-packages/airflow/example_dags/plugins/workday.py took 0.023 seconds
[2023-12-27T09:45:18.350+0545] {processor.py:161} INFO - Started process (PID=8029) to work on /home/sarita/Documents/apache-airflow-project/.venv/lib/python3.9/site-packages/airflow/example_dags/plugins/workday.py
[2023-12-27T09:45:18.353+0545] {processor.py:830} INFO - Processing file /home/sarita/Documents/apache-airflow-project/.venv/lib/python3.9/site-packages/airflow/example_dags/plugins/workday.py for tasks to queue
[2023-12-27T09:45:18.354+0545] {logging_mixin.py:188} INFO - [2023-12-27T09:45:18.354+0545] {dagbag.py:538} INFO - Filling up the DagBag from /home/sarita/Documents/apache-airflow-project/.venv/lib/python3.9/site-packages/airflow/example_dags/plugins/workday.py
[2023-12-27T09:45:18.357+0545] {logging_mixin.py:188} INFO - [2023-12-27T09:45:18.357+0545] {workday.py:40} WARNING - Could not import pandas. Holidays will not be considered.
[2023-12-27T09:45:18.358+0545] {processor.py:842} WARNING - No viable dags retrieved from /home/sarita/Documents/apache-airflow-project/.venv/lib/python3.9/site-packages/airflow/example_dags/plugins/workday.py
[2023-12-27T09:45:18.370+0545] {processor.py:183} INFO - Processing /home/sarita/Documents/apache-airflow-project/.venv/lib/python3.9/site-packages/airflow/example_dags/plugins/workday.py took 0.024 seconds
[2023-12-27T09:45:56.441+0545] {processor.py:161} INFO - Started process (PID=8457) to work on /home/sarita/Documents/apache-airflow-project/.venv/lib/python3.9/site-packages/airflow/example_dags/plugins/workday.py
[2023-12-27T09:45:56.443+0545] {processor.py:830} INFO - Processing file /home/sarita/Documents/apache-airflow-project/.venv/lib/python3.9/site-packages/airflow/example_dags/plugins/workday.py for tasks to queue
[2023-12-27T09:45:56.444+0545] {logging_mixin.py:188} INFO - [2023-12-27T09:45:56.443+0545] {dagbag.py:538} INFO - Filling up the DagBag from /home/sarita/Documents/apache-airflow-project/.venv/lib/python3.9/site-packages/airflow/example_dags/plugins/workday.py
[2023-12-27T09:45:56.446+0545] {logging_mixin.py:188} INFO - [2023-12-27T09:45:56.446+0545] {workday.py:40} WARNING - Could not import pandas. Holidays will not be considered.
[2023-12-27T09:45:56.446+0545] {processor.py:842} WARNING - No viable dags retrieved from /home/sarita/Documents/apache-airflow-project/.venv/lib/python3.9/site-packages/airflow/example_dags/plugins/workday.py
[2023-12-27T09:45:56.454+0545] {processor.py:183} INFO - Processing /home/sarita/Documents/apache-airflow-project/.venv/lib/python3.9/site-packages/airflow/example_dags/plugins/workday.py took 0.016 seconds
[2023-12-27T09:46:30.415+0545] {processor.py:161} INFO - Started process (PID=8503) to work on /home/sarita/Documents/apache-airflow-project/.venv/lib/python3.9/site-packages/airflow/example_dags/plugins/workday.py
[2023-12-27T09:46:30.417+0545] {processor.py:830} INFO - Processing file /home/sarita/Documents/apache-airflow-project/.venv/lib/python3.9/site-packages/airflow/example_dags/plugins/workday.py for tasks to queue
[2023-12-27T09:46:30.418+0545] {logging_mixin.py:188} INFO - [2023-12-27T09:46:30.418+0545] {dagbag.py:538} INFO - Filling up the DagBag from /home/sarita/Documents/apache-airflow-project/.venv/lib/python3.9/site-packages/airflow/example_dags/plugins/workday.py
[2023-12-27T09:46:30.421+0545] {logging_mixin.py:188} INFO - [2023-12-27T09:46:30.421+0545] {workday.py:40} WARNING - Could not import pandas. Holidays will not be considered.
[2023-12-27T09:46:30.422+0545] {processor.py:842} WARNING - No viable dags retrieved from /home/sarita/Documents/apache-airflow-project/.venv/lib/python3.9/site-packages/airflow/example_dags/plugins/workday.py
[2023-12-27T09:46:30.430+0545] {processor.py:183} INFO - Processing /home/sarita/Documents/apache-airflow-project/.venv/lib/python3.9/site-packages/airflow/example_dags/plugins/workday.py took 0.019 seconds
[2023-12-27T09:47:08.941+0545] {processor.py:161} INFO - Started process (PID=8541) to work on /home/sarita/Documents/apache-airflow-project/.venv/lib/python3.9/site-packages/airflow/example_dags/plugins/workday.py
[2023-12-27T09:47:08.943+0545] {processor.py:830} INFO - Processing file /home/sarita/Documents/apache-airflow-project/.venv/lib/python3.9/site-packages/airflow/example_dags/plugins/workday.py for tasks to queue
[2023-12-27T09:47:08.944+0545] {logging_mixin.py:188} INFO - [2023-12-27T09:47:08.944+0545] {dagbag.py:538} INFO - Filling up the DagBag from /home/sarita/Documents/apache-airflow-project/.venv/lib/python3.9/site-packages/airflow/example_dags/plugins/workday.py
[2023-12-27T09:47:08.947+0545] {logging_mixin.py:188} INFO - [2023-12-27T09:47:08.947+0545] {workday.py:40} WARNING - Could not import pandas. Holidays will not be considered.
[2023-12-27T09:47:08.947+0545] {processor.py:842} WARNING - No viable dags retrieved from /home/sarita/Documents/apache-airflow-project/.venv/lib/python3.9/site-packages/airflow/example_dags/plugins/workday.py
[2023-12-27T09:47:08.957+0545] {processor.py:183} INFO - Processing /home/sarita/Documents/apache-airflow-project/.venv/lib/python3.9/site-packages/airflow/example_dags/plugins/workday.py took 0.020 seconds
[2023-12-27T09:47:49.177+0545] {processor.py:161} INFO - Started process (PID=8601) to work on /home/sarita/Documents/apache-airflow-project/.venv/lib/python3.9/site-packages/airflow/example_dags/plugins/workday.py
[2023-12-27T09:47:49.180+0545] {processor.py:830} INFO - Processing file /home/sarita/Documents/apache-airflow-project/.venv/lib/python3.9/site-packages/airflow/example_dags/plugins/workday.py for tasks to queue
[2023-12-27T09:47:49.182+0545] {logging_mixin.py:188} INFO - [2023-12-27T09:47:49.181+0545] {dagbag.py:538} INFO - Filling up the DagBag from /home/sarita/Documents/apache-airflow-project/.venv/lib/python3.9/site-packages/airflow/example_dags/plugins/workday.py
[2023-12-27T09:47:49.187+0545] {logging_mixin.py:188} INFO - [2023-12-27T09:47:49.187+0545] {workday.py:40} WARNING - Could not import pandas. Holidays will not be considered.
[2023-12-27T09:47:49.188+0545] {processor.py:842} WARNING - No viable dags retrieved from /home/sarita/Documents/apache-airflow-project/.venv/lib/python3.9/site-packages/airflow/example_dags/plugins/workday.py
[2023-12-27T09:47:49.199+0545] {processor.py:183} INFO - Processing /home/sarita/Documents/apache-airflow-project/.venv/lib/python3.9/site-packages/airflow/example_dags/plugins/workday.py took 0.028 seconds
[2023-12-27T09:48:28.047+0545] {processor.py:161} INFO - Started process (PID=8648) to work on /home/sarita/Documents/apache-airflow-project/.venv/lib/python3.9/site-packages/airflow/example_dags/plugins/workday.py
[2023-12-27T09:48:28.050+0545] {processor.py:830} INFO - Processing file /home/sarita/Documents/apache-airflow-project/.venv/lib/python3.9/site-packages/airflow/example_dags/plugins/workday.py for tasks to queue
[2023-12-27T09:48:28.051+0545] {logging_mixin.py:188} INFO - [2023-12-27T09:48:28.050+0545] {dagbag.py:538} INFO - Filling up the DagBag from /home/sarita/Documents/apache-airflow-project/.venv/lib/python3.9/site-packages/airflow/example_dags/plugins/workday.py
[2023-12-27T09:48:28.054+0545] {logging_mixin.py:188} INFO - [2023-12-27T09:48:28.054+0545] {workday.py:40} WARNING - Could not import pandas. Holidays will not be considered.
[2023-12-27T09:48:28.055+0545] {processor.py:842} WARNING - No viable dags retrieved from /home/sarita/Documents/apache-airflow-project/.venv/lib/python3.9/site-packages/airflow/example_dags/plugins/workday.py
[2023-12-27T09:48:28.067+0545] {processor.py:183} INFO - Processing /home/sarita/Documents/apache-airflow-project/.venv/lib/python3.9/site-packages/airflow/example_dags/plugins/workday.py took 0.024 seconds
[2023-12-27T09:49:04.004+0545] {processor.py:161} INFO - Started process (PID=8686) to work on /home/sarita/Documents/apache-airflow-project/.venv/lib/python3.9/site-packages/airflow/example_dags/plugins/workday.py
[2023-12-27T09:49:04.007+0545] {processor.py:830} INFO - Processing file /home/sarita/Documents/apache-airflow-project/.venv/lib/python3.9/site-packages/airflow/example_dags/plugins/workday.py for tasks to queue
[2023-12-27T09:49:04.009+0545] {logging_mixin.py:188} INFO - [2023-12-27T09:49:04.008+0545] {dagbag.py:538} INFO - Filling up the DagBag from /home/sarita/Documents/apache-airflow-project/.venv/lib/python3.9/site-packages/airflow/example_dags/plugins/workday.py
[2023-12-27T09:49:04.017+0545] {logging_mixin.py:188} INFO - [2023-12-27T09:49:04.016+0545] {workday.py:40} WARNING - Could not import pandas. Holidays will not be considered.
[2023-12-27T09:49:04.018+0545] {processor.py:842} WARNING - No viable dags retrieved from /home/sarita/Documents/apache-airflow-project/.venv/lib/python3.9/site-packages/airflow/example_dags/plugins/workday.py
[2023-12-27T09:49:04.030+0545] {processor.py:183} INFO - Processing /home/sarita/Documents/apache-airflow-project/.venv/lib/python3.9/site-packages/airflow/example_dags/plugins/workday.py took 0.035 seconds
[2023-12-27T09:49:40.093+0545] {processor.py:161} INFO - Started process (PID=8725) to work on /home/sarita/Documents/apache-airflow-project/.venv/lib/python3.9/site-packages/airflow/example_dags/plugins/workday.py
[2023-12-27T09:49:40.095+0545] {processor.py:830} INFO - Processing file /home/sarita/Documents/apache-airflow-project/.venv/lib/python3.9/site-packages/airflow/example_dags/plugins/workday.py for tasks to queue
[2023-12-27T09:49:40.097+0545] {logging_mixin.py:188} INFO - [2023-12-27T09:49:40.097+0545] {dagbag.py:538} INFO - Filling up the DagBag from /home/sarita/Documents/apache-airflow-project/.venv/lib/python3.9/site-packages/airflow/example_dags/plugins/workday.py
[2023-12-27T09:49:40.102+0545] {logging_mixin.py:188} INFO - [2023-12-27T09:49:40.102+0545] {workday.py:40} WARNING - Could not import pandas. Holidays will not be considered.
[2023-12-27T09:49:40.103+0545] {processor.py:842} WARNING - No viable dags retrieved from /home/sarita/Documents/apache-airflow-project/.venv/lib/python3.9/site-packages/airflow/example_dags/plugins/workday.py
[2023-12-27T09:49:40.112+0545] {processor.py:183} INFO - Processing /home/sarita/Documents/apache-airflow-project/.venv/lib/python3.9/site-packages/airflow/example_dags/plugins/workday.py took 0.024 seconds
[2023-12-27T09:50:18.463+0545] {processor.py:161} INFO - Started process (PID=8775) to work on /home/sarita/Documents/apache-airflow-project/.venv/lib/python3.9/site-packages/airflow/example_dags/plugins/workday.py
[2023-12-27T09:50:18.465+0545] {processor.py:830} INFO - Processing file /home/sarita/Documents/apache-airflow-project/.venv/lib/python3.9/site-packages/airflow/example_dags/plugins/workday.py for tasks to queue
[2023-12-27T09:50:18.466+0545] {logging_mixin.py:188} INFO - [2023-12-27T09:50:18.466+0545] {dagbag.py:538} INFO - Filling up the DagBag from /home/sarita/Documents/apache-airflow-project/.venv/lib/python3.9/site-packages/airflow/example_dags/plugins/workday.py
[2023-12-27T09:50:18.468+0545] {logging_mixin.py:188} INFO - [2023-12-27T09:50:18.468+0545] {workday.py:40} WARNING - Could not import pandas. Holidays will not be considered.
[2023-12-27T09:50:18.468+0545] {processor.py:842} WARNING - No viable dags retrieved from /home/sarita/Documents/apache-airflow-project/.venv/lib/python3.9/site-packages/airflow/example_dags/plugins/workday.py
[2023-12-27T09:50:18.475+0545] {processor.py:183} INFO - Processing /home/sarita/Documents/apache-airflow-project/.venv/lib/python3.9/site-packages/airflow/example_dags/plugins/workday.py took 0.014 seconds
[2023-12-27T09:50:57.132+0545] {processor.py:161} INFO - Started process (PID=8848) to work on /home/sarita/Documents/apache-airflow-project/.venv/lib/python3.9/site-packages/airflow/example_dags/plugins/workday.py
[2023-12-27T09:50:57.136+0545] {processor.py:830} INFO - Processing file /home/sarita/Documents/apache-airflow-project/.venv/lib/python3.9/site-packages/airflow/example_dags/plugins/workday.py for tasks to queue
[2023-12-27T09:50:57.138+0545] {logging_mixin.py:188} INFO - [2023-12-27T09:50:57.137+0545] {dagbag.py:538} INFO - Filling up the DagBag from /home/sarita/Documents/apache-airflow-project/.venv/lib/python3.9/site-packages/airflow/example_dags/plugins/workday.py
[2023-12-27T09:50:57.144+0545] {logging_mixin.py:188} INFO - [2023-12-27T09:50:57.143+0545] {workday.py:40} WARNING - Could not import pandas. Holidays will not be considered.
[2023-12-27T09:50:57.144+0545] {processor.py:842} WARNING - No viable dags retrieved from /home/sarita/Documents/apache-airflow-project/.venv/lib/python3.9/site-packages/airflow/example_dags/plugins/workday.py
[2023-12-27T09:50:57.156+0545] {processor.py:183} INFO - Processing /home/sarita/Documents/apache-airflow-project/.venv/lib/python3.9/site-packages/airflow/example_dags/plugins/workday.py took 0.032 seconds
[2023-12-27T09:51:36.719+0545] {processor.py:161} INFO - Started process (PID=8898) to work on /home/sarita/Documents/apache-airflow-project/.venv/lib/python3.9/site-packages/airflow/example_dags/plugins/workday.py
[2023-12-27T09:51:36.721+0545] {processor.py:830} INFO - Processing file /home/sarita/Documents/apache-airflow-project/.venv/lib/python3.9/site-packages/airflow/example_dags/plugins/workday.py for tasks to queue
[2023-12-27T09:51:36.722+0545] {logging_mixin.py:188} INFO - [2023-12-27T09:51:36.722+0545] {dagbag.py:538} INFO - Filling up the DagBag from /home/sarita/Documents/apache-airflow-project/.venv/lib/python3.9/site-packages/airflow/example_dags/plugins/workday.py
[2023-12-27T09:51:36.725+0545] {logging_mixin.py:188} INFO - [2023-12-27T09:51:36.725+0545] {workday.py:40} WARNING - Could not import pandas. Holidays will not be considered.
[2023-12-27T09:51:36.725+0545] {processor.py:842} WARNING - No viable dags retrieved from /home/sarita/Documents/apache-airflow-project/.venv/lib/python3.9/site-packages/airflow/example_dags/plugins/workday.py
[2023-12-27T09:51:36.736+0545] {processor.py:183} INFO - Processing /home/sarita/Documents/apache-airflow-project/.venv/lib/python3.9/site-packages/airflow/example_dags/plugins/workday.py took 0.020 seconds
[2023-12-27T09:52:25.498+0545] {processor.py:161} INFO - Started process (PID=9005) to work on /home/sarita/Documents/apache-airflow-project/.venv/lib/python3.9/site-packages/airflow/example_dags/plugins/workday.py
[2023-12-27T09:52:25.500+0545] {processor.py:830} INFO - Processing file /home/sarita/Documents/apache-airflow-project/.venv/lib/python3.9/site-packages/airflow/example_dags/plugins/workday.py for tasks to queue
[2023-12-27T09:52:25.501+0545] {logging_mixin.py:188} INFO - [2023-12-27T09:52:25.501+0545] {dagbag.py:538} INFO - Filling up the DagBag from /home/sarita/Documents/apache-airflow-project/.venv/lib/python3.9/site-packages/airflow/example_dags/plugins/workday.py
[2023-12-27T09:52:25.505+0545] {logging_mixin.py:188} INFO - [2023-12-27T09:52:25.505+0545] {workday.py:40} WARNING - Could not import pandas. Holidays will not be considered.
[2023-12-27T09:52:25.505+0545] {processor.py:842} WARNING - No viable dags retrieved from /home/sarita/Documents/apache-airflow-project/.venv/lib/python3.9/site-packages/airflow/example_dags/plugins/workday.py
[2023-12-27T09:52:25.517+0545] {processor.py:183} INFO - Processing /home/sarita/Documents/apache-airflow-project/.venv/lib/python3.9/site-packages/airflow/example_dags/plugins/workday.py took 0.023 seconds
[2023-12-27T09:53:46.886+0545] {processor.py:161} INFO - Started process (PID=9123) to work on /home/sarita/Documents/apache-airflow-project/.venv/lib/python3.9/site-packages/airflow/example_dags/plugins/workday.py
[2023-12-27T09:53:46.887+0545] {processor.py:830} INFO - Processing file /home/sarita/Documents/apache-airflow-project/.venv/lib/python3.9/site-packages/airflow/example_dags/plugins/workday.py for tasks to queue
[2023-12-27T09:53:46.887+0545] {logging_mixin.py:188} INFO - [2023-12-27T09:53:46.887+0545] {dagbag.py:538} INFO - Filling up the DagBag from /home/sarita/Documents/apache-airflow-project/.venv/lib/python3.9/site-packages/airflow/example_dags/plugins/workday.py
[2023-12-27T09:53:46.889+0545] {logging_mixin.py:188} INFO - [2023-12-27T09:53:46.889+0545] {workday.py:40} WARNING - Could not import pandas. Holidays will not be considered.
[2023-12-27T09:53:46.889+0545] {processor.py:842} WARNING - No viable dags retrieved from /home/sarita/Documents/apache-airflow-project/.venv/lib/python3.9/site-packages/airflow/example_dags/plugins/workday.py
[2023-12-27T09:53:46.896+0545] {processor.py:183} INFO - Processing /home/sarita/Documents/apache-airflow-project/.venv/lib/python3.9/site-packages/airflow/example_dags/plugins/workday.py took 0.011 seconds
[2023-12-27T12:11:20.871+0545] {processor.py:161} INFO - Started process (PID=12505) to work on /home/sarita/Documents/apache-airflow-project/.venv/lib/python3.9/site-packages/airflow/example_dags/plugins/workday.py
[2023-12-27T12:11:20.873+0545] {processor.py:830} INFO - Processing file /home/sarita/Documents/apache-airflow-project/.venv/lib/python3.9/site-packages/airflow/example_dags/plugins/workday.py for tasks to queue
[2023-12-27T12:11:20.873+0545] {logging_mixin.py:188} INFO - [2023-12-27T12:11:20.873+0545] {dagbag.py:538} INFO - Filling up the DagBag from /home/sarita/Documents/apache-airflow-project/.venv/lib/python3.9/site-packages/airflow/example_dags/plugins/workday.py
[2023-12-27T12:11:20.875+0545] {logging_mixin.py:188} INFO - [2023-12-27T12:11:20.875+0545] {workday.py:40} WARNING - Could not import pandas. Holidays will not be considered.
[2023-12-27T12:11:20.876+0545] {processor.py:842} WARNING - No viable dags retrieved from /home/sarita/Documents/apache-airflow-project/.venv/lib/python3.9/site-packages/airflow/example_dags/plugins/workday.py
[2023-12-27T12:11:20.885+0545] {processor.py:183} INFO - Processing /home/sarita/Documents/apache-airflow-project/.venv/lib/python3.9/site-packages/airflow/example_dags/plugins/workday.py took 0.016 seconds
[2023-12-27T12:14:12.681+0545] {processor.py:161} INFO - Started process (PID=12721) to work on /home/sarita/Documents/apache-airflow-project/.venv/lib/python3.9/site-packages/airflow/example_dags/plugins/workday.py
[2023-12-27T12:14:12.681+0545] {processor.py:830} INFO - Processing file /home/sarita/Documents/apache-airflow-project/.venv/lib/python3.9/site-packages/airflow/example_dags/plugins/workday.py for tasks to queue
[2023-12-27T12:14:12.682+0545] {logging_mixin.py:188} INFO - [2023-12-27T12:14:12.682+0545] {dagbag.py:538} INFO - Filling up the DagBag from /home/sarita/Documents/apache-airflow-project/.venv/lib/python3.9/site-packages/airflow/example_dags/plugins/workday.py
[2023-12-27T12:14:12.684+0545] {logging_mixin.py:188} INFO - [2023-12-27T12:14:12.684+0545] {workday.py:40} WARNING - Could not import pandas. Holidays will not be considered.
[2023-12-27T12:14:12.684+0545] {processor.py:842} WARNING - No viable dags retrieved from /home/sarita/Documents/apache-airflow-project/.venv/lib/python3.9/site-packages/airflow/example_dags/plugins/workday.py
[2023-12-27T12:14:12.690+0545] {processor.py:183} INFO - Processing /home/sarita/Documents/apache-airflow-project/.venv/lib/python3.9/site-packages/airflow/example_dags/plugins/workday.py took 0.011 seconds
[2023-12-27T12:19:45.318+0545] {processor.py:161} INFO - Started process (PID=13705) to work on /home/sarita/Documents/apache-airflow-project/.venv/lib/python3.9/site-packages/airflow/example_dags/plugins/workday.py
[2023-12-27T12:19:45.319+0545] {processor.py:830} INFO - Processing file /home/sarita/Documents/apache-airflow-project/.venv/lib/python3.9/site-packages/airflow/example_dags/plugins/workday.py for tasks to queue
[2023-12-27T12:19:45.320+0545] {logging_mixin.py:188} INFO - [2023-12-27T12:19:45.319+0545] {dagbag.py:538} INFO - Filling up the DagBag from /home/sarita/Documents/apache-airflow-project/.venv/lib/python3.9/site-packages/airflow/example_dags/plugins/workday.py
[2023-12-27T12:19:45.321+0545] {logging_mixin.py:188} INFO - [2023-12-27T12:19:45.321+0545] {workday.py:40} WARNING - Could not import pandas. Holidays will not be considered.
[2023-12-27T12:19:45.322+0545] {processor.py:842} WARNING - No viable dags retrieved from /home/sarita/Documents/apache-airflow-project/.venv/lib/python3.9/site-packages/airflow/example_dags/plugins/workday.py
[2023-12-27T12:19:45.328+0545] {processor.py:183} INFO - Processing /home/sarita/Documents/apache-airflow-project/.venv/lib/python3.9/site-packages/airflow/example_dags/plugins/workday.py took 0.012 seconds
[2023-12-27T12:23:26.015+0545] {processor.py:161} INFO - Started process (PID=13953) to work on /home/sarita/Documents/apache-airflow-project/.venv/lib/python3.9/site-packages/airflow/example_dags/plugins/workday.py
[2023-12-27T12:23:26.016+0545] {processor.py:830} INFO - Processing file /home/sarita/Documents/apache-airflow-project/.venv/lib/python3.9/site-packages/airflow/example_dags/plugins/workday.py for tasks to queue
[2023-12-27T12:23:26.016+0545] {logging_mixin.py:188} INFO - [2023-12-27T12:23:26.016+0545] {dagbag.py:538} INFO - Filling up the DagBag from /home/sarita/Documents/apache-airflow-project/.venv/lib/python3.9/site-packages/airflow/example_dags/plugins/workday.py
[2023-12-27T12:23:26.018+0545] {logging_mixin.py:188} INFO - [2023-12-27T12:23:26.018+0545] {workday.py:40} WARNING - Could not import pandas. Holidays will not be considered.
[2023-12-27T12:23:26.019+0545] {processor.py:842} WARNING - No viable dags retrieved from /home/sarita/Documents/apache-airflow-project/.venv/lib/python3.9/site-packages/airflow/example_dags/plugins/workday.py
[2023-12-27T12:23:26.027+0545] {processor.py:183} INFO - Processing /home/sarita/Documents/apache-airflow-project/.venv/lib/python3.9/site-packages/airflow/example_dags/plugins/workday.py took 0.014 seconds
[2023-12-27T12:36:13.506+0545] {processor.py:161} INFO - Started process (PID=15108) to work on /home/sarita/Documents/apache-airflow-project/.venv/lib/python3.9/site-packages/airflow/example_dags/plugins/workday.py
[2023-12-27T12:36:13.507+0545] {processor.py:830} INFO - Processing file /home/sarita/Documents/apache-airflow-project/.venv/lib/python3.9/site-packages/airflow/example_dags/plugins/workday.py for tasks to queue
[2023-12-27T12:36:13.507+0545] {logging_mixin.py:188} INFO - [2023-12-27T12:36:13.507+0545] {dagbag.py:538} INFO - Filling up the DagBag from /home/sarita/Documents/apache-airflow-project/.venv/lib/python3.9/site-packages/airflow/example_dags/plugins/workday.py
[2023-12-27T12:36:13.509+0545] {logging_mixin.py:188} INFO - [2023-12-27T12:36:13.509+0545] {workday.py:40} WARNING - Could not import pandas. Holidays will not be considered.
[2023-12-27T12:36:13.510+0545] {processor.py:842} WARNING - No viable dags retrieved from /home/sarita/Documents/apache-airflow-project/.venv/lib/python3.9/site-packages/airflow/example_dags/plugins/workday.py
[2023-12-27T12:36:13.516+0545] {processor.py:183} INFO - Processing /home/sarita/Documents/apache-airflow-project/.venv/lib/python3.9/site-packages/airflow/example_dags/plugins/workday.py took 0.011 seconds
[2023-12-27T12:39:05.890+0545] {processor.py:161} INFO - Started process (PID=15338) to work on /home/sarita/Documents/apache-airflow-project/.venv/lib/python3.9/site-packages/airflow/example_dags/plugins/workday.py
[2023-12-27T12:39:05.893+0545] {processor.py:830} INFO - Processing file /home/sarita/Documents/apache-airflow-project/.venv/lib/python3.9/site-packages/airflow/example_dags/plugins/workday.py for tasks to queue
[2023-12-27T12:39:05.896+0545] {logging_mixin.py:188} INFO - [2023-12-27T12:39:05.895+0545] {dagbag.py:538} INFO - Filling up the DagBag from /home/sarita/Documents/apache-airflow-project/.venv/lib/python3.9/site-packages/airflow/example_dags/plugins/workday.py
[2023-12-27T12:39:05.903+0545] {logging_mixin.py:188} INFO - [2023-12-27T12:39:05.903+0545] {workday.py:40} WARNING - Could not import pandas. Holidays will not be considered.
[2023-12-27T12:39:05.904+0545] {processor.py:842} WARNING - No viable dags retrieved from /home/sarita/Documents/apache-airflow-project/.venv/lib/python3.9/site-packages/airflow/example_dags/plugins/workday.py
[2023-12-27T12:39:05.917+0545] {processor.py:183} INFO - Processing /home/sarita/Documents/apache-airflow-project/.venv/lib/python3.9/site-packages/airflow/example_dags/plugins/workday.py took 0.035 seconds
[2023-12-27T12:40:17.771+0545] {processor.py:161} INFO - Started process (PID=15585) to work on /home/sarita/Documents/apache-airflow-project/.venv/lib/python3.9/site-packages/airflow/example_dags/plugins/workday.py
[2023-12-27T12:40:17.773+0545] {processor.py:830} INFO - Processing file /home/sarita/Documents/apache-airflow-project/.venv/lib/python3.9/site-packages/airflow/example_dags/plugins/workday.py for tasks to queue
[2023-12-27T12:40:17.775+0545] {logging_mixin.py:188} INFO - [2023-12-27T12:40:17.774+0545] {dagbag.py:538} INFO - Filling up the DagBag from /home/sarita/Documents/apache-airflow-project/.venv/lib/python3.9/site-packages/airflow/example_dags/plugins/workday.py
[2023-12-27T12:40:17.778+0545] {logging_mixin.py:188} INFO - [2023-12-27T12:40:17.778+0545] {workday.py:40} WARNING - Could not import pandas. Holidays will not be considered.
[2023-12-27T12:40:17.779+0545] {processor.py:842} WARNING - No viable dags retrieved from /home/sarita/Documents/apache-airflow-project/.venv/lib/python3.9/site-packages/airflow/example_dags/plugins/workday.py
[2023-12-27T12:40:17.791+0545] {processor.py:183} INFO - Processing /home/sarita/Documents/apache-airflow-project/.venv/lib/python3.9/site-packages/airflow/example_dags/plugins/workday.py took 0.024 seconds
[2023-12-27T12:42:24.179+0545] {processor.py:161} INFO - Started process (PID=16748) to work on /home/sarita/Documents/apache-airflow-project/.venv/lib/python3.9/site-packages/airflow/example_dags/plugins/workday.py
[2023-12-27T12:42:24.180+0545] {processor.py:830} INFO - Processing file /home/sarita/Documents/apache-airflow-project/.venv/lib/python3.9/site-packages/airflow/example_dags/plugins/workday.py for tasks to queue
[2023-12-27T12:42:24.180+0545] {logging_mixin.py:188} INFO - [2023-12-27T12:42:24.180+0545] {dagbag.py:538} INFO - Filling up the DagBag from /home/sarita/Documents/apache-airflow-project/.venv/lib/python3.9/site-packages/airflow/example_dags/plugins/workday.py
[2023-12-27T12:42:24.182+0545] {logging_mixin.py:188} INFO - [2023-12-27T12:42:24.182+0545] {workday.py:40} WARNING - Could not import pandas. Holidays will not be considered.
[2023-12-27T12:42:24.182+0545] {processor.py:842} WARNING - No viable dags retrieved from /home/sarita/Documents/apache-airflow-project/.venv/lib/python3.9/site-packages/airflow/example_dags/plugins/workday.py
[2023-12-27T12:42:24.189+0545] {processor.py:183} INFO - Processing /home/sarita/Documents/apache-airflow-project/.venv/lib/python3.9/site-packages/airflow/example_dags/plugins/workday.py took 0.011 seconds
[2023-12-27T12:44:06.703+0545] {processor.py:161} INFO - Started process (PID=16878) to work on /home/sarita/Documents/apache-airflow-project/.venv/lib/python3.9/site-packages/airflow/example_dags/plugins/workday.py
[2023-12-27T12:44:06.704+0545] {processor.py:830} INFO - Processing file /home/sarita/Documents/apache-airflow-project/.venv/lib/python3.9/site-packages/airflow/example_dags/plugins/workday.py for tasks to queue
[2023-12-27T12:44:06.705+0545] {logging_mixin.py:188} INFO - [2023-12-27T12:44:06.704+0545] {dagbag.py:538} INFO - Filling up the DagBag from /home/sarita/Documents/apache-airflow-project/.venv/lib/python3.9/site-packages/airflow/example_dags/plugins/workday.py
[2023-12-27T12:44:06.706+0545] {logging_mixin.py:188} INFO - [2023-12-27T12:44:06.706+0545] {workday.py:40} WARNING - Could not import pandas. Holidays will not be considered.
[2023-12-27T12:44:06.706+0545] {processor.py:842} WARNING - No viable dags retrieved from /home/sarita/Documents/apache-airflow-project/.venv/lib/python3.9/site-packages/airflow/example_dags/plugins/workday.py
[2023-12-27T12:44:06.713+0545] {processor.py:183} INFO - Processing /home/sarita/Documents/apache-airflow-project/.venv/lib/python3.9/site-packages/airflow/example_dags/plugins/workday.py took 0.011 seconds
[2023-12-27T12:45:06.297+0545] {processor.py:161} INFO - Started process (PID=17037) to work on /home/sarita/Documents/apache-airflow-project/.venv/lib/python3.9/site-packages/airflow/example_dags/plugins/workday.py
[2023-12-27T12:45:06.305+0545] {processor.py:830} INFO - Processing file /home/sarita/Documents/apache-airflow-project/.venv/lib/python3.9/site-packages/airflow/example_dags/plugins/workday.py for tasks to queue
[2023-12-27T12:45:06.305+0545] {logging_mixin.py:188} INFO - [2023-12-27T12:45:06.305+0545] {dagbag.py:538} INFO - Filling up the DagBag from /home/sarita/Documents/apache-airflow-project/.venv/lib/python3.9/site-packages/airflow/example_dags/plugins/workday.py
[2023-12-27T12:45:06.307+0545] {logging_mixin.py:188} INFO - [2023-12-27T12:45:06.307+0545] {workday.py:40} WARNING - Could not import pandas. Holidays will not be considered.
[2023-12-27T12:45:06.307+0545] {processor.py:842} WARNING - No viable dags retrieved from /home/sarita/Documents/apache-airflow-project/.venv/lib/python3.9/site-packages/airflow/example_dags/plugins/workday.py
[2023-12-27T12:45:06.314+0545] {processor.py:183} INFO - Processing /home/sarita/Documents/apache-airflow-project/.venv/lib/python3.9/site-packages/airflow/example_dags/plugins/workday.py took 0.018 seconds
[2023-12-27T12:52:10.188+0545] {processor.py:161} INFO - Started process (PID=17586) to work on /home/sarita/Documents/apache-airflow-project/.venv/lib/python3.9/site-packages/airflow/example_dags/plugins/workday.py
[2023-12-27T12:52:10.191+0545] {processor.py:830} INFO - Processing file /home/sarita/Documents/apache-airflow-project/.venv/lib/python3.9/site-packages/airflow/example_dags/plugins/workday.py for tasks to queue
[2023-12-27T12:52:10.194+0545] {logging_mixin.py:188} INFO - [2023-12-27T12:52:10.193+0545] {dagbag.py:538} INFO - Filling up the DagBag from /home/sarita/Documents/apache-airflow-project/.venv/lib/python3.9/site-packages/airflow/example_dags/plugins/workday.py
[2023-12-27T12:52:10.200+0545] {logging_mixin.py:188} INFO - [2023-12-27T12:52:10.200+0545] {workday.py:40} WARNING - Could not import pandas. Holidays will not be considered.
[2023-12-27T12:52:10.202+0545] {processor.py:842} WARNING - No viable dags retrieved from /home/sarita/Documents/apache-airflow-project/.venv/lib/python3.9/site-packages/airflow/example_dags/plugins/workday.py
[2023-12-27T12:52:10.218+0545] {processor.py:183} INFO - Processing /home/sarita/Documents/apache-airflow-project/.venv/lib/python3.9/site-packages/airflow/example_dags/plugins/workday.py took 0.037 seconds
[2023-12-27T12:53:02.332+0545] {processor.py:161} INFO - Started process (PID=17652) to work on /home/sarita/Documents/apache-airflow-project/.venv/lib/python3.9/site-packages/airflow/example_dags/plugins/workday.py
[2023-12-27T12:53:02.334+0545] {processor.py:830} INFO - Processing file /home/sarita/Documents/apache-airflow-project/.venv/lib/python3.9/site-packages/airflow/example_dags/plugins/workday.py for tasks to queue
[2023-12-27T12:53:02.335+0545] {logging_mixin.py:188} INFO - [2023-12-27T12:53:02.334+0545] {dagbag.py:538} INFO - Filling up the DagBag from /home/sarita/Documents/apache-airflow-project/.venv/lib/python3.9/site-packages/airflow/example_dags/plugins/workday.py
[2023-12-27T12:53:02.337+0545] {logging_mixin.py:188} INFO - [2023-12-27T12:53:02.337+0545] {workday.py:40} WARNING - Could not import pandas. Holidays will not be considered.
[2023-12-27T12:53:02.338+0545] {processor.py:842} WARNING - No viable dags retrieved from /home/sarita/Documents/apache-airflow-project/.venv/lib/python3.9/site-packages/airflow/example_dags/plugins/workday.py
[2023-12-27T12:53:02.347+0545] {processor.py:183} INFO - Processing /home/sarita/Documents/apache-airflow-project/.venv/lib/python3.9/site-packages/airflow/example_dags/plugins/workday.py took 0.018 seconds
[2023-12-27T12:54:09.156+0545] {processor.py:161} INFO - Started process (PID=17833) to work on /home/sarita/Documents/apache-airflow-project/.venv/lib/python3.9/site-packages/airflow/example_dags/plugins/workday.py
[2023-12-27T12:54:09.160+0545] {processor.py:830} INFO - Processing file /home/sarita/Documents/apache-airflow-project/.venv/lib/python3.9/site-packages/airflow/example_dags/plugins/workday.py for tasks to queue
[2023-12-27T12:54:09.162+0545] {logging_mixin.py:188} INFO - [2023-12-27T12:54:09.161+0545] {dagbag.py:538} INFO - Filling up the DagBag from /home/sarita/Documents/apache-airflow-project/.venv/lib/python3.9/site-packages/airflow/example_dags/plugins/workday.py
[2023-12-27T12:54:09.169+0545] {logging_mixin.py:188} INFO - [2023-12-27T12:54:09.169+0545] {workday.py:40} WARNING - Could not import pandas. Holidays will not be considered.
[2023-12-27T12:54:09.170+0545] {processor.py:842} WARNING - No viable dags retrieved from /home/sarita/Documents/apache-airflow-project/.venv/lib/python3.9/site-packages/airflow/example_dags/plugins/workday.py
[2023-12-27T12:54:09.185+0545] {processor.py:183} INFO - Processing /home/sarita/Documents/apache-airflow-project/.venv/lib/python3.9/site-packages/airflow/example_dags/plugins/workday.py took 0.036 seconds
[2023-12-27T12:57:47.760+0545] {processor.py:161} INFO - Started process (PID=18041) to work on /home/sarita/Documents/apache-airflow-project/.venv/lib/python3.9/site-packages/airflow/example_dags/plugins/workday.py
[2023-12-27T12:57:47.762+0545] {processor.py:830} INFO - Processing file /home/sarita/Documents/apache-airflow-project/.venv/lib/python3.9/site-packages/airflow/example_dags/plugins/workday.py for tasks to queue
[2023-12-27T12:57:47.763+0545] {logging_mixin.py:188} INFO - [2023-12-27T12:57:47.763+0545] {dagbag.py:538} INFO - Filling up the DagBag from /home/sarita/Documents/apache-airflow-project/.venv/lib/python3.9/site-packages/airflow/example_dags/plugins/workday.py
[2023-12-27T12:57:47.766+0545] {logging_mixin.py:188} INFO - [2023-12-27T12:57:47.766+0545] {workday.py:40} WARNING - Could not import pandas. Holidays will not be considered.
[2023-12-27T12:57:47.767+0545] {processor.py:842} WARNING - No viable dags retrieved from /home/sarita/Documents/apache-airflow-project/.venv/lib/python3.9/site-packages/airflow/example_dags/plugins/workday.py
[2023-12-27T12:57:47.778+0545] {processor.py:183} INFO - Processing /home/sarita/Documents/apache-airflow-project/.venv/lib/python3.9/site-packages/airflow/example_dags/plugins/workday.py took 0.020 seconds
[2023-12-27T16:15:35.608+0545] {processor.py:161} INFO - Started process (PID=24781) to work on /home/sarita/Documents/apache-airflow-project/.venv/lib/python3.9/site-packages/airflow/example_dags/plugins/workday.py
[2023-12-27T16:15:35.608+0545] {processor.py:830} INFO - Processing file /home/sarita/Documents/apache-airflow-project/.venv/lib/python3.9/site-packages/airflow/example_dags/plugins/workday.py for tasks to queue
[2023-12-27T16:15:35.609+0545] {logging_mixin.py:188} INFO - [2023-12-27T16:15:35.609+0545] {dagbag.py:538} INFO - Filling up the DagBag from /home/sarita/Documents/apache-airflow-project/.venv/lib/python3.9/site-packages/airflow/example_dags/plugins/workday.py
[2023-12-27T16:15:35.611+0545] {logging_mixin.py:188} INFO - [2023-12-27T16:15:35.611+0545] {workday.py:40} WARNING - Could not import pandas. Holidays will not be considered.
[2023-12-27T16:15:35.611+0545] {processor.py:842} WARNING - No viable dags retrieved from /home/sarita/Documents/apache-airflow-project/.venv/lib/python3.9/site-packages/airflow/example_dags/plugins/workday.py
[2023-12-27T16:15:35.618+0545] {processor.py:183} INFO - Processing /home/sarita/Documents/apache-airflow-project/.venv/lib/python3.9/site-packages/airflow/example_dags/plugins/workday.py took 0.012 seconds
