[2023-12-26T13:20:08.825+0545] {taskinstance.py:1957} INFO - Dependencies all met for dep_context=non-requeueable deps ti=<TaskInstance: metrics_pipeline.fetch_and_store_metrics scheduled__2023-07-17T00:00:00+00:00 [queued]>
[2023-12-26T13:20:08.830+0545] {taskinstance.py:1957} INFO - Dependencies all met for dep_context=requeueable deps ti=<TaskInstance: metrics_pipeline.fetch_and_store_metrics scheduled__2023-07-17T00:00:00+00:00 [queued]>
[2023-12-26T13:20:08.830+0545] {taskinstance.py:2171} INFO - Starting attempt 1 of 2
[2023-12-26T13:20:08.842+0545] {taskinstance.py:2192} INFO - Executing <Task(PythonOperator): fetch_and_store_metrics> on 2023-07-17 00:00:00+00:00
[2023-12-26T13:20:08.844+0545] {standard_task_runner.py:60} INFO - Started process 27361 to run task
[2023-12-26T13:20:08.846+0545] {standard_task_runner.py:87} INFO - Running: ['airflow', 'tasks', 'run', 'metrics_pipeline', 'fetch_and_store_metrics', 'scheduled__2023-07-17T00:00:00+00:00', '--job-id', '201', '--raw', '--subdir', 'DAGS_FOLDER/taxi_metrics_dag.py', '--cfg-path', '/tmp/tmpyor5c062']
[2023-12-26T13:20:08.846+0545] {standard_task_runner.py:88} INFO - Job 201: Subtask fetch_and_store_metrics
[2023-12-26T13:20:08.880+0545] {task_command.py:423} INFO - Running <TaskInstance: metrics_pipeline.fetch_and_store_metrics scheduled__2023-07-17T00:00:00+00:00 [running]> on host Sarita-Thinkpad
[2023-12-26T13:20:08.935+0545] {taskinstance.py:2481} INFO - Exporting env vars: AIRFLOW_CTX_DAG_OWNER='airflow' AIRFLOW_CTX_DAG_ID='metrics_pipeline' AIRFLOW_CTX_TASK_ID='fetch_and_store_metrics' AIRFLOW_CTX_EXECUTION_DATE='2023-07-17T00:00:00+00:00' AIRFLOW_CTX_TRY_NUMBER='1' AIRFLOW_CTX_DAG_RUN_ID='scheduled__2023-07-17T00:00:00+00:00'
[2023-12-26T13:20:08.954+0545] {python.py:201} INFO - Done. Returned value was: None
[2023-12-26T13:20:08.958+0545] {taskinstance.py:1138} INFO - Marking task as SUCCESS. dag_id=metrics_pipeline, task_id=fetch_and_store_metrics, execution_date=20230717T000000, start_date=20231226T073508, end_date=20231226T073508
[2023-12-26T13:20:08.978+0545] {local_task_job_runner.py:234} INFO - Task exited with return code 0
[2023-12-26T13:20:08.989+0545] {taskinstance.py:3281} INFO - 0 downstream tasks scheduled from follow-on schedule check
[2023-12-27T12:21:28.098+0545] {taskinstance.py:1957} INFO - Dependencies all met for dep_context=non-requeueable deps ti=<TaskInstance: metrics_pipeline.fetch_and_store_metrics scheduled__2023-07-17T00:00:00+00:00 [queued]>
[2023-12-27T12:21:28.102+0545] {taskinstance.py:1957} INFO - Dependencies all met for dep_context=requeueable deps ti=<TaskInstance: metrics_pipeline.fetch_and_store_metrics scheduled__2023-07-17T00:00:00+00:00 [queued]>
[2023-12-27T12:21:28.103+0545] {taskinstance.py:2171} INFO - Starting attempt 1 of 2
[2023-12-27T12:21:28.115+0545] {taskinstance.py:2192} INFO - Executing <Task(PythonOperator): fetch_and_store_metrics> on 2023-07-17 00:00:00+00:00
[2023-12-27T12:21:28.121+0545] {standard_task_runner.py:60} INFO - Started process 13835 to run task
[2023-12-27T12:21:28.125+0545] {standard_task_runner.py:87} INFO - Running: ['airflow', 'tasks', 'run', 'metrics_pipeline', 'fetch_and_store_metrics', 'scheduled__2023-07-17T00:00:00+00:00', '--job-id', '407', '--raw', '--subdir', 'DAGS_FOLDER/taxi_metrics_dag.py', '--cfg-path', '/tmp/tmpl1gi2f8m']
[2023-12-27T12:21:28.125+0545] {standard_task_runner.py:88} INFO - Job 407: Subtask fetch_and_store_metrics
[2023-12-27T12:21:28.150+0545] {task_command.py:423} INFO - Running <TaskInstance: metrics_pipeline.fetch_and_store_metrics scheduled__2023-07-17T00:00:00+00:00 [running]> on host Sarita-Thinkpad
[2023-12-27T12:21:28.207+0545] {taskinstance.py:2481} INFO - Exporting env vars: AIRFLOW_CTX_DAG_OWNER='airflow' AIRFLOW_CTX_DAG_ID='metrics_pipeline' AIRFLOW_CTX_TASK_ID='fetch_and_store_metrics' AIRFLOW_CTX_EXECUTION_DATE='2023-07-17T00:00:00+00:00' AIRFLOW_CTX_TRY_NUMBER='1' AIRFLOW_CTX_DAG_RUN_ID='scheduled__2023-07-17T00:00:00+00:00'
[2023-12-27T12:21:28.208+0545] {taxi_metrics_dag.py:61} INFO - Getting Clickhouse Data.......
[2023-12-27T12:21:33.450+0545] {taxi_metrics_dag.py:67} ERROR - Could not complete the process..:HTTPDriver for https://github.demo.trial.altinity.cloud:8443 returned response code 400)
 Code: 62. DB::Exception: Syntax error (Multi-statements are not allowed): failed at position 1290 (end of query) (line 23, col 11): ;

 FORMAT Native. . (SYNTAX_ERROR) (version 23.10.5.20 (official build))

[2023-12-27T12:21:33.451+0545] {python.py:201} INFO - Done. Returned value was: None
[2023-12-27T12:21:33.467+0545] {taskinstance.py:1138} INFO - Marking task as SUCCESS. dag_id=metrics_pipeline, task_id=fetch_and_store_metrics, execution_date=20230717T000000, start_date=20231227T063628, end_date=20231227T063633
[2023-12-27T12:21:33.522+0545] {local_task_job_runner.py:234} INFO - Task exited with return code 0
[2023-12-27T12:21:33.531+0545] {taskinstance.py:3281} INFO - 0 downstream tasks scheduled from follow-on schedule check
