[2023-12-26T13:22:07.036+0545] {taskinstance.py:1957} INFO - Dependencies all met for dep_context=non-requeueable deps ti=<TaskInstance: metrics_pipeline.fetch_and_store_metrics scheduled__2023-08-26T00:00:00+00:00 [queued]>
[2023-12-26T13:22:07.041+0545] {taskinstance.py:1957} INFO - Dependencies all met for dep_context=requeueable deps ti=<TaskInstance: metrics_pipeline.fetch_and_store_metrics scheduled__2023-08-26T00:00:00+00:00 [queued]>
[2023-12-26T13:22:07.041+0545] {taskinstance.py:2171} INFO - Starting attempt 1 of 2
[2023-12-26T13:22:07.052+0545] {taskinstance.py:2192} INFO - Executing <Task(PythonOperator): fetch_and_store_metrics> on 2023-08-26 00:00:00+00:00
[2023-12-26T13:22:07.055+0545] {standard_task_runner.py:60} INFO - Started process 27656 to run task
[2023-12-26T13:22:07.057+0545] {standard_task_runner.py:87} INFO - Running: ['airflow', 'tasks', 'run', 'metrics_pipeline', 'fetch_and_store_metrics', 'scheduled__2023-08-26T00:00:00+00:00', '--job-id', '241', '--raw', '--subdir', 'DAGS_FOLDER/taxi_metrics_dag.py', '--cfg-path', '/tmp/tmpcskz2zb5']
[2023-12-26T13:22:07.057+0545] {standard_task_runner.py:88} INFO - Job 241: Subtask fetch_and_store_metrics
[2023-12-26T13:22:07.082+0545] {task_command.py:423} INFO - Running <TaskInstance: metrics_pipeline.fetch_and_store_metrics scheduled__2023-08-26T00:00:00+00:00 [running]> on host Sarita-Thinkpad
[2023-12-26T13:22:07.135+0545] {taskinstance.py:2481} INFO - Exporting env vars: AIRFLOW_CTX_DAG_OWNER='airflow' AIRFLOW_CTX_DAG_ID='metrics_pipeline' AIRFLOW_CTX_TASK_ID='fetch_and_store_metrics' AIRFLOW_CTX_EXECUTION_DATE='2023-08-26T00:00:00+00:00' AIRFLOW_CTX_TRY_NUMBER='1' AIRFLOW_CTX_DAG_RUN_ID='scheduled__2023-08-26T00:00:00+00:00'
[2023-12-26T13:22:07.151+0545] {python.py:201} INFO - Done. Returned value was: None
[2023-12-26T13:22:07.161+0545] {taskinstance.py:1138} INFO - Marking task as SUCCESS. dag_id=metrics_pipeline, task_id=fetch_and_store_metrics, execution_date=20230826T000000, start_date=20231226T073707, end_date=20231226T073707
[2023-12-26T13:22:07.189+0545] {local_task_job_runner.py:234} INFO - Task exited with return code 0
[2023-12-26T13:22:07.200+0545] {taskinstance.py:3281} INFO - 0 downstream tasks scheduled from follow-on schedule check
[2023-12-27T09:54:30.069+0545] {taskinstance.py:1957} INFO - Dependencies all met for dep_context=non-requeueable deps ti=<TaskInstance: metrics_pipeline.fetch_and_store_metrics scheduled__2023-08-26T00:00:00+00:00 [queued]>
[2023-12-27T09:54:30.074+0545] {taskinstance.py:1957} INFO - Dependencies all met for dep_context=requeueable deps ti=<TaskInstance: metrics_pipeline.fetch_and_store_metrics scheduled__2023-08-26T00:00:00+00:00 [queued]>
[2023-12-27T09:54:30.074+0545] {taskinstance.py:2171} INFO - Starting attempt 1 of 2
[2023-12-27T09:54:30.087+0545] {taskinstance.py:2192} INFO - Executing <Task(PythonOperator): fetch_and_store_metrics> on 2023-08-26 00:00:00+00:00
[2023-12-27T09:54:30.089+0545] {standard_task_runner.py:60} INFO - Started process 9230 to run task
[2023-12-27T09:54:30.091+0545] {standard_task_runner.py:87} INFO - Running: ['airflow', 'tasks', 'run', 'metrics_pipeline', 'fetch_and_store_metrics', 'scheduled__2023-08-26T00:00:00+00:00', '--job-id', '342', '--raw', '--subdir', 'DAGS_FOLDER/taxi_metrics_dag.py', '--cfg-path', '/tmp/tmpup_98jkx']
[2023-12-27T09:54:30.091+0545] {standard_task_runner.py:88} INFO - Job 342: Subtask fetch_and_store_metrics
[2023-12-27T09:54:30.116+0545] {task_command.py:423} INFO - Running <TaskInstance: metrics_pipeline.fetch_and_store_metrics scheduled__2023-08-26T00:00:00+00:00 [running]> on host Sarita-Thinkpad
[2023-12-27T09:54:30.170+0545] {taskinstance.py:2481} INFO - Exporting env vars: AIRFLOW_CTX_DAG_OWNER='airflow' AIRFLOW_CTX_DAG_ID='metrics_pipeline' AIRFLOW_CTX_TASK_ID='fetch_and_store_metrics' AIRFLOW_CTX_EXECUTION_DATE='2023-08-26T00:00:00+00:00' AIRFLOW_CTX_TRY_NUMBER='1' AIRFLOW_CTX_DAG_RUN_ID='scheduled__2023-08-26T00:00:00+00:00'
[2023-12-27T09:54:32.594+0545] {logging_mixin.py:188} INFO - <sqlalchemy.engine.cursor.LegacyCursorResult object at 0x7f83bba2b070>
[2023-12-27T09:54:32.610+0545] {logging_mixin.py:188} INFO - <sqlalchemy.engine.cursor.LegacyCursorResult object at 0x7f83bba14550>
[2023-12-27T09:54:32.625+0545] {logging_mixin.py:188} INFO - <sqlalchemy.engine.cursor.LegacyCursorResult object at 0x7f83bba2be50>
[2023-12-27T09:54:32.651+0545] {logging_mixin.py:188} INFO - <sqlalchemy.engine.cursor.LegacyCursorResult object at 0x7f83bb98b0a0>
[2023-12-27T09:54:32.675+0545] {logging_mixin.py:188} INFO - <sqlalchemy.engine.cursor.LegacyCursorResult object at 0x7f83bb9a8a90>
[2023-12-27T09:54:32.690+0545] {logging_mixin.py:188} INFO - <sqlalchemy.engine.cursor.LegacyCursorResult object at 0x7f83bb9a8bb0>
[2023-12-27T09:54:32.710+0545] {logging_mixin.py:188} INFO - <sqlalchemy.engine.cursor.LegacyCursorResult object at 0x7f83bb9a7f70>
[2023-12-27T09:54:32.726+0545] {logging_mixin.py:188} INFO - <sqlalchemy.engine.cursor.LegacyCursorResult object at 0x7f83bb97c160>
[2023-12-27T09:54:32.741+0545] {logging_mixin.py:188} INFO - <sqlalchemy.engine.cursor.LegacyCursorResult object at 0x7f83bb9aeeb0>
[2023-12-27T09:54:32.757+0545] {logging_mixin.py:188} INFO - <sqlalchemy.engine.cursor.LegacyCursorResult object at 0x7f83bb96cdf0>
[2023-12-27T09:54:32.772+0545] {logging_mixin.py:188} INFO - <sqlalchemy.engine.cursor.LegacyCursorResult object at 0x7f83bb9d4310>
[2023-12-27T09:54:32.787+0545] {logging_mixin.py:188} INFO - <sqlalchemy.engine.cursor.LegacyCursorResult object at 0x7f83bb972e50>
[2023-12-27T09:54:32.803+0545] {logging_mixin.py:188} INFO - <sqlalchemy.engine.cursor.LegacyCursorResult object at 0x7f83bb9b1dc0>
[2023-12-27T09:54:32.804+0545] {python.py:201} INFO - Done. Returned value was: None
[2023-12-27T09:54:32.808+0545] {taskinstance.py:1138} INFO - Marking task as SUCCESS. dag_id=metrics_pipeline, task_id=fetch_and_store_metrics, execution_date=20230826T000000, start_date=20231227T040930, end_date=20231227T040932
[2023-12-27T09:54:32.832+0545] {local_task_job_runner.py:234} INFO - Task exited with return code 0
[2023-12-27T09:54:32.840+0545] {taskinstance.py:3281} INFO - 0 downstream tasks scheduled from follow-on schedule check
[2023-12-27T12:43:15.573+0545] {taskinstance.py:1957} INFO - Dependencies all met for dep_context=non-requeueable deps ti=<TaskInstance: metrics_pipeline.fetch_and_store_metrics scheduled__2023-08-26T00:00:00+00:00 [queued]>
[2023-12-27T12:43:15.579+0545] {taskinstance.py:1957} INFO - Dependencies all met for dep_context=requeueable deps ti=<TaskInstance: metrics_pipeline.fetch_and_store_metrics scheduled__2023-08-26T00:00:00+00:00 [queued]>
[2023-12-27T12:43:15.579+0545] {taskinstance.py:2171} INFO - Starting attempt 1 of 2
[2023-12-27T12:43:15.592+0545] {taskinstance.py:2192} INFO - Executing <Task(PythonOperator): fetch_and_store_metrics> on 2023-08-26 00:00:00+00:00
[2023-12-27T12:43:15.594+0545] {standard_task_runner.py:60} INFO - Started process 16824 to run task
[2023-12-27T12:43:15.596+0545] {standard_task_runner.py:87} INFO - Running: ['airflow', 'tasks', 'run', 'metrics_pipeline', 'fetch_and_store_metrics', 'scheduled__2023-08-26T00:00:00+00:00', '--job-id', '461', '--raw', '--subdir', 'DAGS_FOLDER/taxi_metrics_dag.py', '--cfg-path', '/tmp/tmpcz7y40yw']
[2023-12-27T12:43:15.596+0545] {standard_task_runner.py:88} INFO - Job 461: Subtask fetch_and_store_metrics
[2023-12-27T12:43:15.622+0545] {task_command.py:423} INFO - Running <TaskInstance: metrics_pipeline.fetch_and_store_metrics scheduled__2023-08-26T00:00:00+00:00 [running]> on host Sarita-Thinkpad
[2023-12-27T12:43:15.670+0545] {taskinstance.py:2481} INFO - Exporting env vars: AIRFLOW_CTX_DAG_OWNER='airflow' AIRFLOW_CTX_DAG_ID='metrics_pipeline' AIRFLOW_CTX_TASK_ID='fetch_and_store_metrics' AIRFLOW_CTX_EXECUTION_DATE='2023-08-26T00:00:00+00:00' AIRFLOW_CTX_TRY_NUMBER='1' AIRFLOW_CTX_DAG_RUN_ID='scheduled__2023-08-26T00:00:00+00:00'
[2023-12-27T12:43:15.671+0545] {taxi_metrics_dag.py:61} INFO - Getting Clickhouse Data.......
[2023-12-27T12:43:18.319+0545] {taxi_metrics_dag.py:63} INFO - Inserting Data into SQLite.....
[2023-12-27T12:43:18.341+0545] {taxi_metrics_dag.py:56} INFO - Successfully inserted data into SQLite!!
[2023-12-27T12:43:18.341+0545] {taxi_metrics_dag.py:65} INFO - Task completed successfully!!
[2023-12-27T12:43:18.341+0545] {python.py:201} INFO - Done. Returned value was: None
[2023-12-27T12:43:18.346+0545] {taskinstance.py:1138} INFO - Marking task as SUCCESS. dag_id=metrics_pipeline, task_id=fetch_and_store_metrics, execution_date=20230826T000000, start_date=20231227T065815, end_date=20231227T065818
[2023-12-27T12:43:18.378+0545] {local_task_job_runner.py:234} INFO - Task exited with return code 0
[2023-12-27T12:43:18.386+0545] {taskinstance.py:3281} INFO - 0 downstream tasks scheduled from follow-on schedule check
