[2023-12-26T13:21:08.697+0545] {taskinstance.py:1957} INFO - Dependencies all met for dep_context=non-requeueable deps ti=<TaskInstance: metrics_pipeline.fetch_and_store_metrics scheduled__2023-08-06T00:00:00+00:00 [queued]>
[2023-12-26T13:21:08.703+0545] {taskinstance.py:1957} INFO - Dependencies all met for dep_context=requeueable deps ti=<TaskInstance: metrics_pipeline.fetch_and_store_metrics scheduled__2023-08-06T00:00:00+00:00 [queued]>
[2023-12-26T13:21:08.703+0545] {taskinstance.py:2171} INFO - Starting attempt 1 of 2
[2023-12-26T13:21:08.716+0545] {taskinstance.py:2192} INFO - Executing <Task(PythonOperator): fetch_and_store_metrics> on 2023-08-06 00:00:00+00:00
[2023-12-26T13:21:08.718+0545] {standard_task_runner.py:60} INFO - Started process 27514 to run task
[2023-12-26T13:21:08.720+0545] {standard_task_runner.py:87} INFO - Running: ['airflow', 'tasks', 'run', 'metrics_pipeline', 'fetch_and_store_metrics', 'scheduled__2023-08-06T00:00:00+00:00', '--job-id', '221', '--raw', '--subdir', 'DAGS_FOLDER/taxi_metrics_dag.py', '--cfg-path', '/tmp/tmpn5q5uhtb']
[2023-12-26T13:21:08.720+0545] {standard_task_runner.py:88} INFO - Job 221: Subtask fetch_and_store_metrics
[2023-12-26T13:21:08.743+0545] {task_command.py:423} INFO - Running <TaskInstance: metrics_pipeline.fetch_and_store_metrics scheduled__2023-08-06T00:00:00+00:00 [running]> on host Sarita-Thinkpad
[2023-12-26T13:21:08.795+0545] {taskinstance.py:2481} INFO - Exporting env vars: AIRFLOW_CTX_DAG_OWNER='airflow' AIRFLOW_CTX_DAG_ID='metrics_pipeline' AIRFLOW_CTX_TASK_ID='fetch_and_store_metrics' AIRFLOW_CTX_EXECUTION_DATE='2023-08-06T00:00:00+00:00' AIRFLOW_CTX_TRY_NUMBER='1' AIRFLOW_CTX_DAG_RUN_ID='scheduled__2023-08-06T00:00:00+00:00'
[2023-12-26T13:21:08.810+0545] {python.py:201} INFO - Done. Returned value was: None
[2023-12-26T13:21:08.821+0545] {taskinstance.py:1138} INFO - Marking task as SUCCESS. dag_id=metrics_pipeline, task_id=fetch_and_store_metrics, execution_date=20230806T000000, start_date=20231226T073608, end_date=20231226T073608
[2023-12-26T13:21:08.852+0545] {local_task_job_runner.py:234} INFO - Task exited with return code 0
[2023-12-26T13:21:08.868+0545] {taskinstance.py:3281} INFO - 0 downstream tasks scheduled from follow-on schedule check
[2023-12-27T09:52:33.020+0545] {taskinstance.py:1957} INFO - Dependencies all met for dep_context=non-requeueable deps ti=<TaskInstance: metrics_pipeline.fetch_and_store_metrics scheduled__2023-08-06T00:00:00+00:00 [queued]>
[2023-12-27T09:52:33.024+0545] {taskinstance.py:1957} INFO - Dependencies all met for dep_context=requeueable deps ti=<TaskInstance: metrics_pipeline.fetch_and_store_metrics scheduled__2023-08-06T00:00:00+00:00 [queued]>
[2023-12-27T09:52:33.024+0545] {taskinstance.py:2171} INFO - Starting attempt 1 of 2
[2023-12-27T09:52:33.038+0545] {taskinstance.py:2192} INFO - Executing <Task(PythonOperator): fetch_and_store_metrics> on 2023-08-06 00:00:00+00:00
[2023-12-27T09:52:33.040+0545] {standard_task_runner.py:60} INFO - Started process 9017 to run task
[2023-12-27T09:52:33.042+0545] {standard_task_runner.py:87} INFO - Running: ['airflow', 'tasks', 'run', 'metrics_pipeline', 'fetch_and_store_metrics', 'scheduled__2023-08-06T00:00:00+00:00', '--job-id', '322', '--raw', '--subdir', 'DAGS_FOLDER/taxi_metrics_dag.py', '--cfg-path', '/tmp/tmpbot2rg81']
[2023-12-27T09:52:33.042+0545] {standard_task_runner.py:88} INFO - Job 322: Subtask fetch_and_store_metrics
[2023-12-27T09:52:33.066+0545] {task_command.py:423} INFO - Running <TaskInstance: metrics_pipeline.fetch_and_store_metrics scheduled__2023-08-06T00:00:00+00:00 [running]> on host Sarita-Thinkpad
[2023-12-27T09:52:33.120+0545] {taskinstance.py:2481} INFO - Exporting env vars: AIRFLOW_CTX_DAG_OWNER='airflow' AIRFLOW_CTX_DAG_ID='metrics_pipeline' AIRFLOW_CTX_TASK_ID='fetch_and_store_metrics' AIRFLOW_CTX_EXECUTION_DATE='2023-08-06T00:00:00+00:00' AIRFLOW_CTX_TRY_NUMBER='1' AIRFLOW_CTX_DAG_RUN_ID='scheduled__2023-08-06T00:00:00+00:00'
[2023-12-27T09:52:35.845+0545] {logging_mixin.py:188} INFO - <sqlalchemy.engine.cursor.LegacyCursorResult object at 0x7fa145e2c100>
[2023-12-27T09:52:35.878+0545] {logging_mixin.py:188} INFO - <sqlalchemy.engine.cursor.LegacyCursorResult object at 0x7fa145e15460>
[2023-12-27T09:52:35.894+0545] {logging_mixin.py:188} INFO - <sqlalchemy.engine.cursor.LegacyCursorResult object at 0x7fa145e2cd00>
[2023-12-27T09:52:35.909+0545] {logging_mixin.py:188} INFO - <sqlalchemy.engine.cursor.LegacyCursorResult object at 0x7fa145db8af0>
[2023-12-27T09:52:35.923+0545] {logging_mixin.py:188} INFO - <sqlalchemy.engine.cursor.LegacyCursorResult object at 0x7fa145db5fd0>
[2023-12-27T09:52:35.939+0545] {logging_mixin.py:188} INFO - <sqlalchemy.engine.cursor.LegacyCursorResult object at 0x7fa145d6bf70>
[2023-12-27T09:52:35.956+0545] {logging_mixin.py:188} INFO - <sqlalchemy.engine.cursor.LegacyCursorResult object at 0x7fa145dacf10>
[2023-12-27T09:52:35.970+0545] {logging_mixin.py:188} INFO - <sqlalchemy.engine.cursor.LegacyCursorResult object at 0x7fa145e2c670>
[2023-12-27T09:52:35.986+0545] {logging_mixin.py:188} INFO - <sqlalchemy.engine.cursor.LegacyCursorResult object at 0x7fa145e2cdf0>
[2023-12-27T09:52:36.001+0545] {logging_mixin.py:188} INFO - <sqlalchemy.engine.cursor.LegacyCursorResult object at 0x7fa145d7f310>
[2023-12-27T09:52:36.016+0545] {logging_mixin.py:188} INFO - <sqlalchemy.engine.cursor.LegacyCursorResult object at 0x7fa145ddb2e0>
[2023-12-27T09:52:36.030+0545] {logging_mixin.py:188} INFO - <sqlalchemy.engine.cursor.LegacyCursorResult object at 0x7fa145d89eb0>
[2023-12-27T09:52:36.045+0545] {logging_mixin.py:188} INFO - <sqlalchemy.engine.cursor.LegacyCursorResult object at 0x7fa145db8a30>
[2023-12-27T09:52:36.046+0545] {python.py:201} INFO - Done. Returned value was: None
[2023-12-27T09:52:36.049+0545] {taskinstance.py:1138} INFO - Marking task as SUCCESS. dag_id=metrics_pipeline, task_id=fetch_and_store_metrics, execution_date=20230806T000000, start_date=20231227T040733, end_date=20231227T040736
[2023-12-27T09:52:36.064+0545] {local_task_job_runner.py:234} INFO - Task exited with return code 0
[2023-12-27T09:52:36.073+0545] {taskinstance.py:3281} INFO - 0 downstream tasks scheduled from follow-on schedule check
[2023-12-27T12:40:45.922+0545] {taskinstance.py:1957} INFO - Dependencies all met for dep_context=non-requeueable deps ti=<TaskInstance: metrics_pipeline.fetch_and_store_metrics scheduled__2023-08-06T00:00:00+00:00 [queued]>
[2023-12-27T12:40:45.927+0545] {taskinstance.py:1957} INFO - Dependencies all met for dep_context=requeueable deps ti=<TaskInstance: metrics_pipeline.fetch_and_store_metrics scheduled__2023-08-06T00:00:00+00:00 [queued]>
[2023-12-27T12:40:45.927+0545] {taskinstance.py:2171} INFO - Starting attempt 1 of 2
[2023-12-27T12:40:45.939+0545] {taskinstance.py:2192} INFO - Executing <Task(PythonOperator): fetch_and_store_metrics> on 2023-08-06 00:00:00+00:00
[2023-12-27T12:40:45.941+0545] {standard_task_runner.py:60} INFO - Started process 15616 to run task
[2023-12-27T12:40:45.943+0545] {standard_task_runner.py:87} INFO - Running: ['airflow', 'tasks', 'run', 'metrics_pipeline', 'fetch_and_store_metrics', 'scheduled__2023-08-06T00:00:00+00:00', '--job-id', '441', '--raw', '--subdir', 'DAGS_FOLDER/taxi_metrics_dag.py', '--cfg-path', '/tmp/tmpteg810up']
[2023-12-27T12:40:45.943+0545] {standard_task_runner.py:88} INFO - Job 441: Subtask fetch_and_store_metrics
[2023-12-27T12:40:45.967+0545] {task_command.py:423} INFO - Running <TaskInstance: metrics_pipeline.fetch_and_store_metrics scheduled__2023-08-06T00:00:00+00:00 [running]> on host Sarita-Thinkpad
[2023-12-27T12:40:46.014+0545] {taskinstance.py:2481} INFO - Exporting env vars: AIRFLOW_CTX_DAG_OWNER='airflow' AIRFLOW_CTX_DAG_ID='metrics_pipeline' AIRFLOW_CTX_TASK_ID='fetch_and_store_metrics' AIRFLOW_CTX_EXECUTION_DATE='2023-08-06T00:00:00+00:00' AIRFLOW_CTX_TRY_NUMBER='1' AIRFLOW_CTX_DAG_RUN_ID='scheduled__2023-08-06T00:00:00+00:00'
[2023-12-27T12:40:46.015+0545] {taxi_metrics_dag.py:61} INFO - Getting Clickhouse Data.......
[2023-12-27T12:40:53.314+0545] {taxi_metrics_dag.py:63} INFO - Inserting Data into SQLite.....
[2023-12-27T12:40:53.326+0545] {taxi_metrics_dag.py:56} INFO - Successfully inserted data into SQLite!!
[2023-12-27T12:40:53.326+0545] {taxi_metrics_dag.py:65} INFO - Task completed successfully!!
[2023-12-27T12:40:53.326+0545] {python.py:201} INFO - Done. Returned value was: None
[2023-12-27T12:40:53.329+0545] {taskinstance.py:1138} INFO - Marking task as SUCCESS. dag_id=metrics_pipeline, task_id=fetch_and_store_metrics, execution_date=20230806T000000, start_date=20231227T065545, end_date=20231227T065553
[2023-12-27T12:40:53.352+0545] {local_task_job_runner.py:234} INFO - Task exited with return code 0
[2023-12-27T12:40:53.359+0545] {taskinstance.py:3281} INFO - 0 downstream tasks scheduled from follow-on schedule check
