[2023-12-26T13:21:39.863+0545] {taskinstance.py:1957} INFO - Dependencies all met for dep_context=non-requeueable deps ti=<TaskInstance: metrics_pipeline.fetch_and_store_metrics scheduled__2023-08-17T00:00:00+00:00 [queued]>
[2023-12-26T13:21:39.867+0545] {taskinstance.py:1957} INFO - Dependencies all met for dep_context=requeueable deps ti=<TaskInstance: metrics_pipeline.fetch_and_store_metrics scheduled__2023-08-17T00:00:00+00:00 [queued]>
[2023-12-26T13:21:39.867+0545] {taskinstance.py:2171} INFO - Starting attempt 1 of 2
[2023-12-26T13:21:39.879+0545] {taskinstance.py:2192} INFO - Executing <Task(PythonOperator): fetch_and_store_metrics> on 2023-08-17 00:00:00+00:00
[2023-12-26T13:21:39.881+0545] {standard_task_runner.py:60} INFO - Started process 27588 to run task
[2023-12-26T13:21:39.883+0545] {standard_task_runner.py:87} INFO - Running: ['airflow', 'tasks', 'run', 'metrics_pipeline', 'fetch_and_store_metrics', 'scheduled__2023-08-17T00:00:00+00:00', '--job-id', '232', '--raw', '--subdir', 'DAGS_FOLDER/taxi_metrics_dag.py', '--cfg-path', '/tmp/tmppmz2hpk3']
[2023-12-26T13:21:39.884+0545] {standard_task_runner.py:88} INFO - Job 232: Subtask fetch_and_store_metrics
[2023-12-26T13:21:39.907+0545] {task_command.py:423} INFO - Running <TaskInstance: metrics_pipeline.fetch_and_store_metrics scheduled__2023-08-17T00:00:00+00:00 [running]> on host Sarita-Thinkpad
[2023-12-26T13:21:39.958+0545] {taskinstance.py:2481} INFO - Exporting env vars: AIRFLOW_CTX_DAG_OWNER='airflow' AIRFLOW_CTX_DAG_ID='metrics_pipeline' AIRFLOW_CTX_TASK_ID='fetch_and_store_metrics' AIRFLOW_CTX_EXECUTION_DATE='2023-08-17T00:00:00+00:00' AIRFLOW_CTX_TRY_NUMBER='1' AIRFLOW_CTX_DAG_RUN_ID='scheduled__2023-08-17T00:00:00+00:00'
[2023-12-26T13:21:39.974+0545] {python.py:201} INFO - Done. Returned value was: None
[2023-12-26T13:21:39.981+0545] {taskinstance.py:1138} INFO - Marking task as SUCCESS. dag_id=metrics_pipeline, task_id=fetch_and_store_metrics, execution_date=20230817T000000, start_date=20231226T073639, end_date=20231226T073639
[2023-12-26T13:21:40.015+0545] {local_task_job_runner.py:234} INFO - Task exited with return code 0
[2023-12-26T13:21:40.025+0545] {taskinstance.py:3281} INFO - 0 downstream tasks scheduled from follow-on schedule check
[2023-12-27T09:53:37.038+0545] {taskinstance.py:1957} INFO - Dependencies all met for dep_context=non-requeueable deps ti=<TaskInstance: metrics_pipeline.fetch_and_store_metrics scheduled__2023-08-17T00:00:00+00:00 [queued]>
[2023-12-27T09:53:37.043+0545] {taskinstance.py:1957} INFO - Dependencies all met for dep_context=requeueable deps ti=<TaskInstance: metrics_pipeline.fetch_and_store_metrics scheduled__2023-08-17T00:00:00+00:00 [queued]>
[2023-12-27T09:53:37.043+0545] {taskinstance.py:2171} INFO - Starting attempt 1 of 2
[2023-12-27T09:53:37.056+0545] {taskinstance.py:2192} INFO - Executing <Task(PythonOperator): fetch_and_store_metrics> on 2023-08-17 00:00:00+00:00
[2023-12-27T09:53:37.058+0545] {standard_task_runner.py:60} INFO - Started process 9109 to run task
[2023-12-27T09:53:37.060+0545] {standard_task_runner.py:87} INFO - Running: ['airflow', 'tasks', 'run', 'metrics_pipeline', 'fetch_and_store_metrics', 'scheduled__2023-08-17T00:00:00+00:00', '--job-id', '333', '--raw', '--subdir', 'DAGS_FOLDER/taxi_metrics_dag.py', '--cfg-path', '/tmp/tmp0f1iffz_']
[2023-12-27T09:53:37.060+0545] {standard_task_runner.py:88} INFO - Job 333: Subtask fetch_and_store_metrics
[2023-12-27T09:53:37.084+0545] {task_command.py:423} INFO - Running <TaskInstance: metrics_pipeline.fetch_and_store_metrics scheduled__2023-08-17T00:00:00+00:00 [running]> on host Sarita-Thinkpad
[2023-12-27T09:53:37.139+0545] {taskinstance.py:2481} INFO - Exporting env vars: AIRFLOW_CTX_DAG_OWNER='airflow' AIRFLOW_CTX_DAG_ID='metrics_pipeline' AIRFLOW_CTX_TASK_ID='fetch_and_store_metrics' AIRFLOW_CTX_EXECUTION_DATE='2023-08-17T00:00:00+00:00' AIRFLOW_CTX_TRY_NUMBER='1' AIRFLOW_CTX_DAG_RUN_ID='scheduled__2023-08-17T00:00:00+00:00'
[2023-12-27T09:53:39.848+0545] {logging_mixin.py:188} INFO - <sqlalchemy.engine.cursor.LegacyCursorResult object at 0x7f0a693f0040>
[2023-12-27T09:53:39.863+0545] {logging_mixin.py:188} INFO - <sqlalchemy.engine.cursor.LegacyCursorResult object at 0x7f0a6937cbb0>
[2023-12-27T09:53:39.877+0545] {logging_mixin.py:188} INFO - <sqlalchemy.engine.cursor.LegacyCursorResult object at 0x7f0a693f0dc0>
[2023-12-27T09:53:39.892+0545] {logging_mixin.py:188} INFO - <sqlalchemy.engine.cursor.LegacyCursorResult object at 0x7f0a6937ca90>
[2023-12-27T09:53:39.907+0545] {logging_mixin.py:188} INFO - <sqlalchemy.engine.cursor.LegacyCursorResult object at 0x7f0a69351070>
[2023-12-27T09:53:39.922+0545] {logging_mixin.py:188} INFO - <sqlalchemy.engine.cursor.LegacyCursorResult object at 0x7f0a693f0580>
[2023-12-27T09:53:39.939+0545] {logging_mixin.py:188} INFO - <sqlalchemy.engine.cursor.LegacyCursorResult object at 0x7f0a69396fa0>
[2023-12-27T09:53:39.956+0545] {logging_mixin.py:188} INFO - <sqlalchemy.engine.cursor.LegacyCursorResult object at 0x7f0a6933d0d0>
[2023-12-27T09:53:39.973+0545] {logging_mixin.py:188} INFO - <sqlalchemy.engine.cursor.LegacyCursorResult object at 0x7f0a6936ef10>
[2023-12-27T09:53:39.988+0545] {logging_mixin.py:188} INFO - <sqlalchemy.engine.cursor.LegacyCursorResult object at 0x7f0a6933d250>
[2023-12-27T09:53:40.003+0545] {logging_mixin.py:188} INFO - <sqlalchemy.engine.cursor.LegacyCursorResult object at 0x7f0a69395280>
[2023-12-27T09:53:40.019+0545] {logging_mixin.py:188} INFO - <sqlalchemy.engine.cursor.LegacyCursorResult object at 0x7f0a6933bee0>
[2023-12-27T09:53:40.033+0545] {logging_mixin.py:188} INFO - <sqlalchemy.engine.cursor.LegacyCursorResult object at 0x7f0a69372e50>
[2023-12-27T09:53:40.034+0545] {python.py:201} INFO - Done. Returned value was: None
[2023-12-27T09:53:40.038+0545] {taskinstance.py:1138} INFO - Marking task as SUCCESS. dag_id=metrics_pipeline, task_id=fetch_and_store_metrics, execution_date=20230817T000000, start_date=20231227T040837, end_date=20231227T040840
[2023-12-27T09:53:40.082+0545] {local_task_job_runner.py:234} INFO - Task exited with return code 0
[2023-12-27T09:53:40.091+0545] {taskinstance.py:3281} INFO - 0 downstream tasks scheduled from follow-on schedule check
[2023-12-27T12:42:21.302+0545] {taskinstance.py:1957} INFO - Dependencies all met for dep_context=non-requeueable deps ti=<TaskInstance: metrics_pipeline.fetch_and_store_metrics scheduled__2023-08-17T00:00:00+00:00 [queued]>
[2023-12-27T12:42:21.307+0545] {taskinstance.py:1957} INFO - Dependencies all met for dep_context=requeueable deps ti=<TaskInstance: metrics_pipeline.fetch_and_store_metrics scheduled__2023-08-17T00:00:00+00:00 [queued]>
[2023-12-27T12:42:21.307+0545] {taskinstance.py:2171} INFO - Starting attempt 1 of 2
[2023-12-27T12:42:21.319+0545] {taskinstance.py:2192} INFO - Executing <Task(PythonOperator): fetch_and_store_metrics> on 2023-08-17 00:00:00+00:00
[2023-12-27T12:42:21.322+0545] {standard_task_runner.py:60} INFO - Started process 16692 to run task
[2023-12-27T12:42:21.324+0545] {standard_task_runner.py:87} INFO - Running: ['airflow', 'tasks', 'run', 'metrics_pipeline', 'fetch_and_store_metrics', 'scheduled__2023-08-17T00:00:00+00:00', '--job-id', '452', '--raw', '--subdir', 'DAGS_FOLDER/taxi_metrics_dag.py', '--cfg-path', '/tmp/tmpsf7p10bl']
[2023-12-27T12:42:21.324+0545] {standard_task_runner.py:88} INFO - Job 452: Subtask fetch_and_store_metrics
[2023-12-27T12:42:21.349+0545] {task_command.py:423} INFO - Running <TaskInstance: metrics_pipeline.fetch_and_store_metrics scheduled__2023-08-17T00:00:00+00:00 [running]> on host Sarita-Thinkpad
[2023-12-27T12:42:21.401+0545] {taskinstance.py:2481} INFO - Exporting env vars: AIRFLOW_CTX_DAG_OWNER='airflow' AIRFLOW_CTX_DAG_ID='metrics_pipeline' AIRFLOW_CTX_TASK_ID='fetch_and_store_metrics' AIRFLOW_CTX_EXECUTION_DATE='2023-08-17T00:00:00+00:00' AIRFLOW_CTX_TRY_NUMBER='1' AIRFLOW_CTX_DAG_RUN_ID='scheduled__2023-08-17T00:00:00+00:00'
[2023-12-27T12:42:21.402+0545] {taxi_metrics_dag.py:61} INFO - Getting Clickhouse Data.......
[2023-12-27T12:42:23.751+0545] {taxi_metrics_dag.py:63} INFO - Inserting Data into SQLite.....
[2023-12-27T12:42:23.788+0545] {taxi_metrics_dag.py:56} INFO - Successfully inserted data into SQLite!!
[2023-12-27T12:42:23.789+0545] {taxi_metrics_dag.py:65} INFO - Task completed successfully!!
[2023-12-27T12:42:23.789+0545] {python.py:201} INFO - Done. Returned value was: None
[2023-12-27T12:42:23.793+0545] {taskinstance.py:1138} INFO - Marking task as SUCCESS. dag_id=metrics_pipeline, task_id=fetch_and_store_metrics, execution_date=20230817T000000, start_date=20231227T065721, end_date=20231227T065723
[2023-12-27T12:42:23.823+0545] {local_task_job_runner.py:234} INFO - Task exited with return code 0
[2023-12-27T12:42:23.834+0545] {taskinstance.py:3281} INFO - 0 downstream tasks scheduled from follow-on schedule check
