[2023-12-26T13:23:06.355+0545] {taskinstance.py:1957} INFO - Dependencies all met for dep_context=non-requeueable deps ti=<TaskInstance: metrics_pipeline.fetch_and_store_metrics scheduled__2023-09-15T00:00:00+00:00 [queued]>
[2023-12-26T13:23:06.359+0545] {taskinstance.py:1957} INFO - Dependencies all met for dep_context=requeueable deps ti=<TaskInstance: metrics_pipeline.fetch_and_store_metrics scheduled__2023-09-15T00:00:00+00:00 [queued]>
[2023-12-26T13:23:06.359+0545] {taskinstance.py:2171} INFO - Starting attempt 1 of 2
[2023-12-26T13:23:06.371+0545] {taskinstance.py:2192} INFO - Executing <Task(PythonOperator): fetch_and_store_metrics> on 2023-09-15 00:00:00+00:00
[2023-12-26T13:23:06.373+0545] {standard_task_runner.py:60} INFO - Started process 27802 to run task
[2023-12-26T13:23:06.375+0545] {standard_task_runner.py:87} INFO - Running: ['airflow', 'tasks', 'run', 'metrics_pipeline', 'fetch_and_store_metrics', 'scheduled__2023-09-15T00:00:00+00:00', '--job-id', '261', '--raw', '--subdir', 'DAGS_FOLDER/taxi_metrics_dag.py', '--cfg-path', '/tmp/tmp7dzpsjrj']
[2023-12-26T13:23:06.376+0545] {standard_task_runner.py:88} INFO - Job 261: Subtask fetch_and_store_metrics
[2023-12-26T13:23:06.400+0545] {task_command.py:423} INFO - Running <TaskInstance: metrics_pipeline.fetch_and_store_metrics scheduled__2023-09-15T00:00:00+00:00 [running]> on host Sarita-Thinkpad
[2023-12-26T13:23:06.452+0545] {taskinstance.py:2481} INFO - Exporting env vars: AIRFLOW_CTX_DAG_OWNER='airflow' AIRFLOW_CTX_DAG_ID='metrics_pipeline' AIRFLOW_CTX_TASK_ID='fetch_and_store_metrics' AIRFLOW_CTX_EXECUTION_DATE='2023-09-15T00:00:00+00:00' AIRFLOW_CTX_TRY_NUMBER='1' AIRFLOW_CTX_DAG_RUN_ID='scheduled__2023-09-15T00:00:00+00:00'
[2023-12-26T13:23:06.467+0545] {python.py:201} INFO - Done. Returned value was: None
[2023-12-26T13:23:06.471+0545] {taskinstance.py:1138} INFO - Marking task as SUCCESS. dag_id=metrics_pipeline, task_id=fetch_and_store_metrics, execution_date=20230915T000000, start_date=20231226T073806, end_date=20231226T073806
[2023-12-26T13:23:06.507+0545] {local_task_job_runner.py:234} INFO - Task exited with return code 0
[2023-12-26T13:23:06.517+0545] {taskinstance.py:3281} INFO - 0 downstream tasks scheduled from follow-on schedule check
[2023-12-27T12:46:53.353+0545] {taskinstance.py:1957} INFO - Dependencies all met for dep_context=non-requeueable deps ti=<TaskInstance: metrics_pipeline.fetch_and_store_metrics scheduled__2023-09-15T00:00:00+00:00 [queued]>
[2023-12-27T12:46:53.357+0545] {taskinstance.py:1957} INFO - Dependencies all met for dep_context=requeueable deps ti=<TaskInstance: metrics_pipeline.fetch_and_store_metrics scheduled__2023-09-15T00:00:00+00:00 [queued]>
[2023-12-27T12:46:53.358+0545] {taskinstance.py:2171} INFO - Starting attempt 1 of 2
[2023-12-27T12:46:53.370+0545] {taskinstance.py:2192} INFO - Executing <Task(PythonOperator): fetch_and_store_metrics> on 2023-09-15 00:00:00+00:00
[2023-12-27T12:46:53.375+0545] {standard_task_runner.py:60} INFO - Started process 17172 to run task
[2023-12-27T12:46:53.379+0545] {standard_task_runner.py:87} INFO - Running: ['airflow', 'tasks', 'run', 'metrics_pipeline', 'fetch_and_store_metrics', 'scheduled__2023-09-15T00:00:00+00:00', '--job-id', '483', '--raw', '--subdir', 'DAGS_FOLDER/taxi_metrics_dag.py', '--cfg-path', '/tmp/tmpr689sd2k']
[2023-12-27T12:46:53.380+0545] {standard_task_runner.py:88} INFO - Job 483: Subtask fetch_and_store_metrics
[2023-12-27T12:46:53.404+0545] {task_command.py:423} INFO - Running <TaskInstance: metrics_pipeline.fetch_and_store_metrics scheduled__2023-09-15T00:00:00+00:00 [running]> on host Sarita-Thinkpad
[2023-12-27T12:46:53.451+0545] {taskinstance.py:2481} INFO - Exporting env vars: AIRFLOW_CTX_DAG_OWNER='airflow' AIRFLOW_CTX_DAG_ID='metrics_pipeline' AIRFLOW_CTX_TASK_ID='fetch_and_store_metrics' AIRFLOW_CTX_EXECUTION_DATE='2023-09-15T00:00:00+00:00' AIRFLOW_CTX_TRY_NUMBER='1' AIRFLOW_CTX_DAG_RUN_ID='scheduled__2023-09-15T00:00:00+00:00'
[2023-12-27T12:46:53.453+0545] {taxi_metrics_dag.py:62} INFO - Getting Clickhouse Data.......
[2023-12-27T12:46:59.221+0545] {taxi_metrics_dag.py:64} INFO - Inserting Data into SQLite.....
[2023-12-27T12:46:59.255+0545] {taxi_metrics_dag.py:57} INFO - Successfully inserted data into SQLite!!
[2023-12-27T12:46:59.255+0545] {taxi_metrics_dag.py:66} INFO - Task completed successfully!!
[2023-12-27T12:46:59.255+0545] {python.py:201} INFO - Done. Returned value was: None
[2023-12-27T12:46:59.264+0545] {taskinstance.py:1138} INFO - Marking task as SUCCESS. dag_id=metrics_pipeline, task_id=fetch_and_store_metrics, execution_date=20230915T000000, start_date=20231227T070153, end_date=20231227T070159
[2023-12-27T12:46:59.308+0545] {local_task_job_runner.py:234} INFO - Task exited with return code 0
[2023-12-27T12:46:59.326+0545] {taskinstance.py:3281} INFO - 0 downstream tasks scheduled from follow-on schedule check
