[2023-12-26T13:19:36.462+0545] {taskinstance.py:1957} INFO - Dependencies all met for dep_context=non-requeueable deps ti=<TaskInstance: metrics_pipeline.fetch_and_store_metrics scheduled__2023-07-06T00:00:00+00:00 [queued]>
[2023-12-26T13:19:36.466+0545] {taskinstance.py:1957} INFO - Dependencies all met for dep_context=requeueable deps ti=<TaskInstance: metrics_pipeline.fetch_and_store_metrics scheduled__2023-07-06T00:00:00+00:00 [queued]>
[2023-12-26T13:19:36.467+0545] {taskinstance.py:2171} INFO - Starting attempt 1 of 2
[2023-12-26T13:19:36.479+0545] {taskinstance.py:2192} INFO - Executing <Task(PythonOperator): fetch_and_store_metrics> on 2023-07-06 00:00:00+00:00
[2023-12-26T13:19:36.481+0545] {standard_task_runner.py:60} INFO - Started process 27269 to run task
[2023-12-26T13:19:36.483+0545] {standard_task_runner.py:87} INFO - Running: ['airflow', 'tasks', 'run', 'metrics_pipeline', 'fetch_and_store_metrics', 'scheduled__2023-07-06T00:00:00+00:00', '--job-id', '190', '--raw', '--subdir', 'DAGS_FOLDER/taxi_metrics_dag.py', '--cfg-path', '/tmp/tmpo7gld2hz']
[2023-12-26T13:19:36.484+0545] {standard_task_runner.py:88} INFO - Job 190: Subtask fetch_and_store_metrics
[2023-12-26T13:19:36.508+0545] {task_command.py:423} INFO - Running <TaskInstance: metrics_pipeline.fetch_and_store_metrics scheduled__2023-07-06T00:00:00+00:00 [running]> on host Sarita-Thinkpad
[2023-12-26T13:19:36.560+0545] {taskinstance.py:2481} INFO - Exporting env vars: AIRFLOW_CTX_DAG_OWNER='airflow' AIRFLOW_CTX_DAG_ID='metrics_pipeline' AIRFLOW_CTX_TASK_ID='fetch_and_store_metrics' AIRFLOW_CTX_EXECUTION_DATE='2023-07-06T00:00:00+00:00' AIRFLOW_CTX_TRY_NUMBER='1' AIRFLOW_CTX_DAG_RUN_ID='scheduled__2023-07-06T00:00:00+00:00'
[2023-12-26T13:19:36.577+0545] {python.py:201} INFO - Done. Returned value was: None
[2023-12-26T13:19:36.586+0545] {taskinstance.py:1138} INFO - Marking task as SUCCESS. dag_id=metrics_pipeline, task_id=fetch_and_store_metrics, execution_date=20230706T000000, start_date=20231226T073436, end_date=20231226T073436
[2023-12-26T13:19:36.615+0545] {local_task_job_runner.py:234} INFO - Task exited with return code 0
[2023-12-26T13:19:36.633+0545] {taskinstance.py:3281} INFO - 0 downstream tasks scheduled from follow-on schedule check
[2023-12-27T12:19:47.104+0545] {taskinstance.py:1957} INFO - Dependencies all met for dep_context=non-requeueable deps ti=<TaskInstance: metrics_pipeline.fetch_and_store_metrics scheduled__2023-07-06T00:00:00+00:00 [queued]>
[2023-12-27T12:19:47.108+0545] {taskinstance.py:1957} INFO - Dependencies all met for dep_context=requeueable deps ti=<TaskInstance: metrics_pipeline.fetch_and_store_metrics scheduled__2023-07-06T00:00:00+00:00 [queued]>
[2023-12-27T12:19:47.108+0545] {taskinstance.py:2171} INFO - Starting attempt 1 of 2
[2023-12-27T12:19:47.120+0545] {taskinstance.py:2192} INFO - Executing <Task(PythonOperator): fetch_and_store_metrics> on 2023-07-06 00:00:00+00:00
[2023-12-27T12:19:47.123+0545] {standard_task_runner.py:60} INFO - Started process 13708 to run task
[2023-12-27T12:19:47.124+0545] {standard_task_runner.py:87} INFO - Running: ['airflow', 'tasks', 'run', 'metrics_pipeline', 'fetch_and_store_metrics', 'scheduled__2023-07-06T00:00:00+00:00', '--job-id', '396', '--raw', '--subdir', 'DAGS_FOLDER/taxi_metrics_dag.py', '--cfg-path', '/tmp/tmpr9lx7tol']
[2023-12-27T12:19:47.125+0545] {standard_task_runner.py:88} INFO - Job 396: Subtask fetch_and_store_metrics
[2023-12-27T12:19:47.148+0545] {task_command.py:423} INFO - Running <TaskInstance: metrics_pipeline.fetch_and_store_metrics scheduled__2023-07-06T00:00:00+00:00 [running]> on host Sarita-Thinkpad
[2023-12-27T12:19:47.207+0545] {taskinstance.py:2481} INFO - Exporting env vars: AIRFLOW_CTX_DAG_OWNER='airflow' AIRFLOW_CTX_DAG_ID='metrics_pipeline' AIRFLOW_CTX_TASK_ID='fetch_and_store_metrics' AIRFLOW_CTX_EXECUTION_DATE='2023-07-06T00:00:00+00:00' AIRFLOW_CTX_TRY_NUMBER='1' AIRFLOW_CTX_DAG_RUN_ID='scheduled__2023-07-06T00:00:00+00:00'
[2023-12-27T12:19:47.209+0545] {taxi_metrics_dag.py:61} INFO - Getting Clickhouse Data.......
[2023-12-27T12:19:53.526+0545] {taxi_metrics_dag.py:67} ERROR - Could not complete the process..:HTTPDriver for https://github.demo.trial.altinity.cloud:8443 returned response code 400)
 Code: 62. DB::Exception: Syntax error (Multi-statements are not allowed): failed at position 1290 (end of query) (line 23, col 11): ;

 FORMAT Native. . (SYNTAX_ERROR) (version 23.10.5.20 (official build))

[2023-12-27T12:19:53.527+0545] {python.py:201} INFO - Done. Returned value was: None
[2023-12-27T12:19:53.532+0545] {taskinstance.py:1138} INFO - Marking task as SUCCESS. dag_id=metrics_pipeline, task_id=fetch_and_store_metrics, execution_date=20230706T000000, start_date=20231227T063447, end_date=20231227T063453
[2023-12-27T12:19:53.581+0545] {local_task_job_runner.py:234} INFO - Task exited with return code 0
[2023-12-27T12:19:53.598+0545] {taskinstance.py:3281} INFO - 0 downstream tasks scheduled from follow-on schedule check
