[2023-12-26T13:21:34.849+0545] {taskinstance.py:1957} INFO - Dependencies all met for dep_context=non-requeueable deps ti=<TaskInstance: metrics_pipeline.fetch_and_store_metrics scheduled__2023-08-15T00:00:00+00:00 [queued]>
[2023-12-26T13:21:34.853+0545] {taskinstance.py:1957} INFO - Dependencies all met for dep_context=requeueable deps ti=<TaskInstance: metrics_pipeline.fetch_and_store_metrics scheduled__2023-08-15T00:00:00+00:00 [queued]>
[2023-12-26T13:21:34.853+0545] {taskinstance.py:2171} INFO - Starting attempt 1 of 2
[2023-12-26T13:21:34.866+0545] {taskinstance.py:2192} INFO - Executing <Task(PythonOperator): fetch_and_store_metrics> on 2023-08-15 00:00:00+00:00
[2023-12-26T13:21:34.868+0545] {standard_task_runner.py:60} INFO - Started process 27575 to run task
[2023-12-26T13:21:34.870+0545] {standard_task_runner.py:87} INFO - Running: ['airflow', 'tasks', 'run', 'metrics_pipeline', 'fetch_and_store_metrics', 'scheduled__2023-08-15T00:00:00+00:00', '--job-id', '230', '--raw', '--subdir', 'DAGS_FOLDER/taxi_metrics_dag.py', '--cfg-path', '/tmp/tmphz_5akrp']
[2023-12-26T13:21:34.870+0545] {standard_task_runner.py:88} INFO - Job 230: Subtask fetch_and_store_metrics
[2023-12-26T13:21:34.894+0545] {task_command.py:423} INFO - Running <TaskInstance: metrics_pipeline.fetch_and_store_metrics scheduled__2023-08-15T00:00:00+00:00 [running]> on host Sarita-Thinkpad
[2023-12-26T13:21:34.952+0545] {taskinstance.py:2481} INFO - Exporting env vars: AIRFLOW_CTX_DAG_OWNER='airflow' AIRFLOW_CTX_DAG_ID='metrics_pipeline' AIRFLOW_CTX_TASK_ID='fetch_and_store_metrics' AIRFLOW_CTX_EXECUTION_DATE='2023-08-15T00:00:00+00:00' AIRFLOW_CTX_TRY_NUMBER='1' AIRFLOW_CTX_DAG_RUN_ID='scheduled__2023-08-15T00:00:00+00:00'
[2023-12-26T13:21:34.967+0545] {python.py:201} INFO - Done. Returned value was: None
[2023-12-26T13:21:34.975+0545] {taskinstance.py:1138} INFO - Marking task as SUCCESS. dag_id=metrics_pipeline, task_id=fetch_and_store_metrics, execution_date=20230815T000000, start_date=20231226T073634, end_date=20231226T073634
[2023-12-26T13:21:35.001+0545] {local_task_job_runner.py:234} INFO - Task exited with return code 0
[2023-12-26T13:21:35.011+0545] {taskinstance.py:3281} INFO - 0 downstream tasks scheduled from follow-on schedule check
[2023-12-27T09:53:26.132+0545] {taskinstance.py:1957} INFO - Dependencies all met for dep_context=non-requeueable deps ti=<TaskInstance: metrics_pipeline.fetch_and_store_metrics scheduled__2023-08-15T00:00:00+00:00 [queued]>
[2023-12-27T09:53:26.137+0545] {taskinstance.py:1957} INFO - Dependencies all met for dep_context=requeueable deps ti=<TaskInstance: metrics_pipeline.fetch_and_store_metrics scheduled__2023-08-15T00:00:00+00:00 [queued]>
[2023-12-27T09:53:26.137+0545] {taskinstance.py:2171} INFO - Starting attempt 1 of 2
[2023-12-27T09:53:26.149+0545] {taskinstance.py:2192} INFO - Executing <Task(PythonOperator): fetch_and_store_metrics> on 2023-08-15 00:00:00+00:00
[2023-12-27T09:53:26.153+0545] {standard_task_runner.py:60} INFO - Started process 9095 to run task
[2023-12-27T09:53:26.155+0545] {standard_task_runner.py:87} INFO - Running: ['airflow', 'tasks', 'run', 'metrics_pipeline', 'fetch_and_store_metrics', 'scheduled__2023-08-15T00:00:00+00:00', '--job-id', '331', '--raw', '--subdir', 'DAGS_FOLDER/taxi_metrics_dag.py', '--cfg-path', '/tmp/tmp75due9_9']
[2023-12-27T09:53:26.155+0545] {standard_task_runner.py:88} INFO - Job 331: Subtask fetch_and_store_metrics
[2023-12-27T09:53:26.180+0545] {task_command.py:423} INFO - Running <TaskInstance: metrics_pipeline.fetch_and_store_metrics scheduled__2023-08-15T00:00:00+00:00 [running]> on host Sarita-Thinkpad
[2023-12-27T09:53:26.227+0545] {taskinstance.py:2481} INFO - Exporting env vars: AIRFLOW_CTX_DAG_OWNER='airflow' AIRFLOW_CTX_DAG_ID='metrics_pipeline' AIRFLOW_CTX_TASK_ID='fetch_and_store_metrics' AIRFLOW_CTX_EXECUTION_DATE='2023-08-15T00:00:00+00:00' AIRFLOW_CTX_TRY_NUMBER='1' AIRFLOW_CTX_DAG_RUN_ID='scheduled__2023-08-15T00:00:00+00:00'
[2023-12-27T09:53:29.046+0545] {logging_mixin.py:188} INFO - <sqlalchemy.engine.cursor.LegacyCursorResult object at 0x7f99f1dc8040>
[2023-12-27T09:53:29.085+0545] {logging_mixin.py:188} INFO - <sqlalchemy.engine.cursor.LegacyCursorResult object at 0x7f99f1db2490>
[2023-12-27T09:53:29.101+0545] {logging_mixin.py:188} INFO - <sqlalchemy.engine.cursor.LegacyCursorResult object at 0x7f99f1d73d90>
[2023-12-27T09:53:29.117+0545] {logging_mixin.py:188} INFO - <sqlalchemy.engine.cursor.LegacyCursorResult object at 0x7f99f1d290a0>
[2023-12-27T09:53:29.133+0545] {logging_mixin.py:188} INFO - <sqlalchemy.engine.cursor.LegacyCursorResult object at 0x7f99f1d51fa0>
[2023-12-27T09:53:29.150+0545] {logging_mixin.py:188} INFO - <sqlalchemy.engine.cursor.LegacyCursorResult object at 0x7f99f1d6db80>
[2023-12-27T09:53:29.166+0545] {logging_mixin.py:188} INFO - <sqlalchemy.engine.cursor.LegacyCursorResult object at 0x7f99f1d73d90>
[2023-12-27T09:53:29.182+0545] {logging_mixin.py:188} INFO - <sqlalchemy.engine.cursor.LegacyCursorResult object at 0x7f99f1d14fd0>
[2023-12-27T09:53:29.200+0545] {logging_mixin.py:188} INFO - <sqlalchemy.engine.cursor.LegacyCursorResult object at 0x7f99f1dc8040>
[2023-12-27T09:53:29.217+0545] {logging_mixin.py:188} INFO - <sqlalchemy.engine.cursor.LegacyCursorResult object at 0x7f99f1d03e20>
[2023-12-27T09:53:29.243+0545] {logging_mixin.py:188} INFO - <sqlalchemy.engine.cursor.LegacyCursorResult object at 0x7f99f1d46310>
[2023-12-27T09:53:29.266+0545] {logging_mixin.py:188} INFO - <sqlalchemy.engine.cursor.LegacyCursorResult object at 0x7f99f1d6db20>
[2023-12-27T09:53:29.291+0545] {logging_mixin.py:188} INFO - <sqlalchemy.engine.cursor.LegacyCursorResult object at 0x7f99f1d70dc0>
[2023-12-27T09:53:29.292+0545] {python.py:201} INFO - Done. Returned value was: None
[2023-12-27T09:53:29.297+0545] {taskinstance.py:1138} INFO - Marking task as SUCCESS. dag_id=metrics_pipeline, task_id=fetch_and_store_metrics, execution_date=20230815T000000, start_date=20231227T040826, end_date=20231227T040829
[2023-12-27T09:53:29.337+0545] {local_task_job_runner.py:234} INFO - Task exited with return code 0
[2023-12-27T09:53:29.350+0545] {taskinstance.py:3281} INFO - 0 downstream tasks scheduled from follow-on schedule check
[2023-12-27T12:42:08.359+0545] {taskinstance.py:1957} INFO - Dependencies all met for dep_context=non-requeueable deps ti=<TaskInstance: metrics_pipeline.fetch_and_store_metrics scheduled__2023-08-15T00:00:00+00:00 [queued]>
[2023-12-27T12:42:08.364+0545] {taskinstance.py:1957} INFO - Dependencies all met for dep_context=requeueable deps ti=<TaskInstance: metrics_pipeline.fetch_and_store_metrics scheduled__2023-08-15T00:00:00+00:00 [queued]>
[2023-12-27T12:42:08.364+0545] {taskinstance.py:2171} INFO - Starting attempt 1 of 2
[2023-12-27T12:42:08.378+0545] {taskinstance.py:2192} INFO - Executing <Task(PythonOperator): fetch_and_store_metrics> on 2023-08-15 00:00:00+00:00
[2023-12-27T12:42:08.385+0545] {standard_task_runner.py:60} INFO - Started process 16652 to run task
[2023-12-27T12:42:08.391+0545] {standard_task_runner.py:87} INFO - Running: ['airflow', 'tasks', 'run', 'metrics_pipeline', 'fetch_and_store_metrics', 'scheduled__2023-08-15T00:00:00+00:00', '--job-id', '450', '--raw', '--subdir', 'DAGS_FOLDER/taxi_metrics_dag.py', '--cfg-path', '/tmp/tmp85eu2zjh']
[2023-12-27T12:42:08.392+0545] {standard_task_runner.py:88} INFO - Job 450: Subtask fetch_and_store_metrics
[2023-12-27T12:42:08.464+0545] {task_command.py:423} INFO - Running <TaskInstance: metrics_pipeline.fetch_and_store_metrics scheduled__2023-08-15T00:00:00+00:00 [running]> on host Sarita-Thinkpad
[2023-12-27T12:42:08.531+0545] {taskinstance.py:2481} INFO - Exporting env vars: AIRFLOW_CTX_DAG_OWNER='airflow' AIRFLOW_CTX_DAG_ID='metrics_pipeline' AIRFLOW_CTX_TASK_ID='fetch_and_store_metrics' AIRFLOW_CTX_EXECUTION_DATE='2023-08-15T00:00:00+00:00' AIRFLOW_CTX_TRY_NUMBER='1' AIRFLOW_CTX_DAG_RUN_ID='scheduled__2023-08-15T00:00:00+00:00'
[2023-12-27T12:42:08.532+0545] {taxi_metrics_dag.py:61} INFO - Getting Clickhouse Data.......
[2023-12-27T12:42:11.509+0545] {taxi_metrics_dag.py:63} INFO - Inserting Data into SQLite.....
[2023-12-27T12:42:11.536+0545] {taxi_metrics_dag.py:56} INFO - Successfully inserted data into SQLite!!
[2023-12-27T12:42:11.536+0545] {taxi_metrics_dag.py:65} INFO - Task completed successfully!!
[2023-12-27T12:42:11.536+0545] {python.py:201} INFO - Done. Returned value was: None
[2023-12-27T12:42:11.543+0545] {taskinstance.py:1138} INFO - Marking task as SUCCESS. dag_id=metrics_pipeline, task_id=fetch_and_store_metrics, execution_date=20230815T000000, start_date=20231227T065708, end_date=20231227T065711
[2023-12-27T12:42:11.574+0545] {local_task_job_runner.py:234} INFO - Task exited with return code 0
[2023-12-27T12:42:11.582+0545] {taskinstance.py:3281} INFO - 0 downstream tasks scheduled from follow-on schedule check
