[2023-12-26T13:22:30.091+0545] {taskinstance.py:1957} INFO - Dependencies all met for dep_context=non-requeueable deps ti=<TaskInstance: metrics_pipeline.fetch_and_store_metrics scheduled__2023-09-03T00:00:00+00:00 [queued]>
[2023-12-26T13:22:30.096+0545] {taskinstance.py:1957} INFO - Dependencies all met for dep_context=requeueable deps ti=<TaskInstance: metrics_pipeline.fetch_and_store_metrics scheduled__2023-09-03T00:00:00+00:00 [queued]>
[2023-12-26T13:22:30.096+0545] {taskinstance.py:2171} INFO - Starting attempt 1 of 2
[2023-12-26T13:22:30.108+0545] {taskinstance.py:2192} INFO - Executing <Task(PythonOperator): fetch_and_store_metrics> on 2023-09-03 00:00:00+00:00
[2023-12-26T13:22:30.110+0545] {standard_task_runner.py:60} INFO - Started process 27711 to run task
[2023-12-26T13:22:30.112+0545] {standard_task_runner.py:87} INFO - Running: ['airflow', 'tasks', 'run', 'metrics_pipeline', 'fetch_and_store_metrics', 'scheduled__2023-09-03T00:00:00+00:00', '--job-id', '249', '--raw', '--subdir', 'DAGS_FOLDER/taxi_metrics_dag.py', '--cfg-path', '/tmp/tmpdumkb8yw']
[2023-12-26T13:22:30.112+0545] {standard_task_runner.py:88} INFO - Job 249: Subtask fetch_and_store_metrics
[2023-12-26T13:22:30.136+0545] {task_command.py:423} INFO - Running <TaskInstance: metrics_pipeline.fetch_and_store_metrics scheduled__2023-09-03T00:00:00+00:00 [running]> on host Sarita-Thinkpad
[2023-12-26T13:22:30.187+0545] {taskinstance.py:2481} INFO - Exporting env vars: AIRFLOW_CTX_DAG_OWNER='airflow' AIRFLOW_CTX_DAG_ID='metrics_pipeline' AIRFLOW_CTX_TASK_ID='fetch_and_store_metrics' AIRFLOW_CTX_EXECUTION_DATE='2023-09-03T00:00:00+00:00' AIRFLOW_CTX_TRY_NUMBER='1' AIRFLOW_CTX_DAG_RUN_ID='scheduled__2023-09-03T00:00:00+00:00'
[2023-12-26T13:22:30.202+0545] {python.py:201} INFO - Done. Returned value was: None
[2023-12-26T13:22:30.205+0545] {taskinstance.py:1138} INFO - Marking task as SUCCESS. dag_id=metrics_pipeline, task_id=fetch_and_store_metrics, execution_date=20230903T000000, start_date=20231226T073730, end_date=20231226T073730
[2023-12-26T13:22:30.244+0545] {local_task_job_runner.py:234} INFO - Task exited with return code 0
[2023-12-26T13:22:30.253+0545] {taskinstance.py:3281} INFO - 0 downstream tasks scheduled from follow-on schedule check
[2023-12-27T12:45:08.892+0545] {taskinstance.py:1957} INFO - Dependencies all met for dep_context=non-requeueable deps ti=<TaskInstance: metrics_pipeline.fetch_and_store_metrics scheduled__2023-09-03T00:00:00+00:00 [queued]>
[2023-12-27T12:45:08.900+0545] {taskinstance.py:1957} INFO - Dependencies all met for dep_context=requeueable deps ti=<TaskInstance: metrics_pipeline.fetch_and_store_metrics scheduled__2023-09-03T00:00:00+00:00 [queued]>
[2023-12-27T12:45:08.900+0545] {taskinstance.py:2171} INFO - Starting attempt 1 of 2
[2023-12-27T12:45:09.020+0545] {taskinstance.py:2192} INFO - Executing <Task(PythonOperator): fetch_and_store_metrics> on 2023-09-03 00:00:00+00:00
[2023-12-27T12:45:09.024+0545] {standard_task_runner.py:60} INFO - Started process 17039 to run task
[2023-12-27T12:45:09.026+0545] {standard_task_runner.py:87} INFO - Running: ['airflow', 'tasks', 'run', 'metrics_pipeline', 'fetch_and_store_metrics', 'scheduled__2023-09-03T00:00:00+00:00', '--job-id', '471', '--raw', '--subdir', 'DAGS_FOLDER/taxi_metrics_dag.py', '--cfg-path', '/tmp/tmpi0ex1g05']
[2023-12-27T12:45:09.026+0545] {standard_task_runner.py:88} INFO - Job 471: Subtask fetch_and_store_metrics
[2023-12-27T12:45:09.177+0545] {task_command.py:423} INFO - Running <TaskInstance: metrics_pipeline.fetch_and_store_metrics scheduled__2023-09-03T00:00:00+00:00 [running]> on host Sarita-Thinkpad
[2023-12-27T12:45:09.499+0545] {taskinstance.py:2481} INFO - Exporting env vars: AIRFLOW_CTX_DAG_OWNER='airflow' AIRFLOW_CTX_DAG_ID='metrics_pipeline' AIRFLOW_CTX_TASK_ID='fetch_and_store_metrics' AIRFLOW_CTX_EXECUTION_DATE='2023-09-03T00:00:00+00:00' AIRFLOW_CTX_TRY_NUMBER='1' AIRFLOW_CTX_DAG_RUN_ID='scheduled__2023-09-03T00:00:00+00:00'
[2023-12-27T12:45:09.503+0545] {taxi_metrics_dag.py:62} INFO - Getting Clickhouse Data.......
[2023-12-27T12:45:15.874+0545] {taxi_metrics_dag.py:64} INFO - Inserting Data into SQLite.....
[2023-12-27T12:45:15.913+0545] {taxi_metrics_dag.py:57} INFO - Successfully inserted data into SQLite!!
[2023-12-27T12:45:15.913+0545] {taxi_metrics_dag.py:66} INFO - Task completed successfully!!
[2023-12-27T12:45:15.913+0545] {python.py:201} INFO - Done. Returned value was: None
[2023-12-27T12:45:15.921+0545] {taskinstance.py:1138} INFO - Marking task as SUCCESS. dag_id=metrics_pipeline, task_id=fetch_and_store_metrics, execution_date=20230903T000000, start_date=20231227T070008, end_date=20231227T070015
[2023-12-27T12:45:15.969+0545] {local_task_job_runner.py:234} INFO - Task exited with return code 0
[2023-12-27T12:45:15.977+0545] {taskinstance.py:3281} INFO - 0 downstream tasks scheduled from follow-on schedule check
