[2023-12-26T13:17:55.235+0545] {taskinstance.py:1957} INFO - Dependencies all met for dep_context=non-requeueable deps ti=<TaskInstance: metrics_pipeline.fetch_and_store_metrics scheduled__2023-06-03T00:00:00+00:00 [queued]>
[2023-12-26T13:17:55.240+0545] {taskinstance.py:1957} INFO - Dependencies all met for dep_context=requeueable deps ti=<TaskInstance: metrics_pipeline.fetch_and_store_metrics scheduled__2023-06-03T00:00:00+00:00 [queued]>
[2023-12-26T13:17:55.240+0545] {taskinstance.py:2171} INFO - Starting attempt 1 of 2
[2023-12-26T13:17:55.251+0545] {taskinstance.py:2192} INFO - Executing <Task(PythonOperator): fetch_and_store_metrics> on 2023-06-03 00:00:00+00:00
[2023-12-26T13:17:55.254+0545] {standard_task_runner.py:60} INFO - Started process 27019 to run task
[2023-12-26T13:17:55.256+0545] {standard_task_runner.py:87} INFO - Running: ['airflow', 'tasks', 'run', 'metrics_pipeline', 'fetch_and_store_metrics', 'scheduled__2023-06-03T00:00:00+00:00', '--job-id', '157', '--raw', '--subdir', 'DAGS_FOLDER/taxi_metrics_dag.py', '--cfg-path', '/tmp/tmp90e5hb28']
[2023-12-26T13:17:55.256+0545] {standard_task_runner.py:88} INFO - Job 157: Subtask fetch_and_store_metrics
[2023-12-26T13:17:55.280+0545] {task_command.py:423} INFO - Running <TaskInstance: metrics_pipeline.fetch_and_store_metrics scheduled__2023-06-03T00:00:00+00:00 [running]> on host Sarita-Thinkpad
[2023-12-26T13:17:55.331+0545] {taskinstance.py:2481} INFO - Exporting env vars: AIRFLOW_CTX_DAG_OWNER='airflow' AIRFLOW_CTX_DAG_ID='metrics_pipeline' AIRFLOW_CTX_TASK_ID='fetch_and_store_metrics' AIRFLOW_CTX_EXECUTION_DATE='2023-06-03T00:00:00+00:00' AIRFLOW_CTX_TRY_NUMBER='1' AIRFLOW_CTX_DAG_RUN_ID='scheduled__2023-06-03T00:00:00+00:00'
[2023-12-26T13:17:55.348+0545] {python.py:201} INFO - Done. Returned value was: None
[2023-12-26T13:17:55.356+0545] {taskinstance.py:1138} INFO - Marking task as SUCCESS. dag_id=metrics_pipeline, task_id=fetch_and_store_metrics, execution_date=20230603T000000, start_date=20231226T073255, end_date=20231226T073255
[2023-12-26T13:17:55.388+0545] {local_task_job_runner.py:234} INFO - Task exited with return code 0
[2023-12-26T13:17:55.400+0545] {taskinstance.py:3281} INFO - 0 downstream tasks scheduled from follow-on schedule check
[2023-12-27T12:14:14.428+0545] {taskinstance.py:1957} INFO - Dependencies all met for dep_context=non-requeueable deps ti=<TaskInstance: metrics_pipeline.fetch_and_store_metrics scheduled__2023-06-03T00:00:00+00:00 [queued]>
[2023-12-27T12:14:14.432+0545] {taskinstance.py:1957} INFO - Dependencies all met for dep_context=requeueable deps ti=<TaskInstance: metrics_pipeline.fetch_and_store_metrics scheduled__2023-06-03T00:00:00+00:00 [queued]>
[2023-12-27T12:14:14.432+0545] {taskinstance.py:2171} INFO - Starting attempt 1 of 2
[2023-12-27T12:14:14.445+0545] {taskinstance.py:2192} INFO - Executing <Task(PythonOperator): fetch_and_store_metrics> on 2023-06-03 00:00:00+00:00
[2023-12-27T12:14:14.447+0545] {standard_task_runner.py:60} INFO - Started process 12724 to run task
[2023-12-27T12:14:14.449+0545] {standard_task_runner.py:87} INFO - Running: ['airflow', 'tasks', 'run', 'metrics_pipeline', 'fetch_and_store_metrics', 'scheduled__2023-06-03T00:00:00+00:00', '--job-id', '363', '--raw', '--subdir', 'DAGS_FOLDER/taxi_metrics_dag.py', '--cfg-path', '/tmp/tmpe8d3m7_p']
[2023-12-27T12:14:14.449+0545] {standard_task_runner.py:88} INFO - Job 363: Subtask fetch_and_store_metrics
[2023-12-27T12:14:14.473+0545] {task_command.py:423} INFO - Running <TaskInstance: metrics_pipeline.fetch_and_store_metrics scheduled__2023-06-03T00:00:00+00:00 [running]> on host Sarita-Thinkpad
[2023-12-27T12:14:14.516+0545] {taskinstance.py:2481} INFO - Exporting env vars: AIRFLOW_CTX_DAG_OWNER='airflow' AIRFLOW_CTX_DAG_ID='metrics_pipeline' AIRFLOW_CTX_TASK_ID='fetch_and_store_metrics' AIRFLOW_CTX_EXECUTION_DATE='2023-06-03T00:00:00+00:00' AIRFLOW_CTX_TRY_NUMBER='1' AIRFLOW_CTX_DAG_RUN_ID='scheduled__2023-06-03T00:00:00+00:00'
[2023-12-27T12:14:14.517+0545] {taxi_metrics_dag.py:61} INFO - Getting Clickhouse Data.......
[2023-12-27T12:14:23.469+0545] {taxi_metrics_dag.py:67} ERROR - Could not complete the process..:HTTPDriver for https://github.demo.trial.altinity.cloud:8443 returned response code 400)
 Code: 62. DB::Exception: Syntax error (Multi-statements are not allowed): failed at position 1290 (end of query) (line 23, col 11): ;

 FORMAT Native. . (SYNTAX_ERROR) (version 23.10.5.20 (official build))

[2023-12-27T12:14:23.470+0545] {python.py:201} INFO - Done. Returned value was: None
[2023-12-27T12:14:23.475+0545] {taskinstance.py:1138} INFO - Marking task as SUCCESS. dag_id=metrics_pipeline, task_id=fetch_and_store_metrics, execution_date=20230603T000000, start_date=20231227T062914, end_date=20231227T062923
[2023-12-27T12:14:23.526+0545] {local_task_job_runner.py:234} INFO - Task exited with return code 0
[2023-12-27T12:14:23.537+0545] {taskinstance.py:3281} INFO - 0 downstream tasks scheduled from follow-on schedule check
