[2023-12-26T13:18:28.477+0545] {taskinstance.py:1957} INFO - Dependencies all met for dep_context=non-requeueable deps ti=<TaskInstance: metrics_pipeline.fetch_and_store_metrics scheduled__2023-06-13T00:00:00+00:00 [queued]>
[2023-12-26T13:18:28.481+0545] {taskinstance.py:1957} INFO - Dependencies all met for dep_context=requeueable deps ti=<TaskInstance: metrics_pipeline.fetch_and_store_metrics scheduled__2023-06-13T00:00:00+00:00 [queued]>
[2023-12-26T13:18:28.481+0545] {taskinstance.py:2171} INFO - Starting attempt 1 of 2
[2023-12-26T13:18:28.493+0545] {taskinstance.py:2192} INFO - Executing <Task(PythonOperator): fetch_and_store_metrics> on 2023-06-13 00:00:00+00:00
[2023-12-26T13:18:28.495+0545] {standard_task_runner.py:60} INFO - Started process 27097 to run task
[2023-12-26T13:18:28.497+0545] {standard_task_runner.py:87} INFO - Running: ['airflow', 'tasks', 'run', 'metrics_pipeline', 'fetch_and_store_metrics', 'scheduled__2023-06-13T00:00:00+00:00', '--job-id', '167', '--raw', '--subdir', 'DAGS_FOLDER/taxi_metrics_dag.py', '--cfg-path', '/tmp/tmpzsvz4zyq']
[2023-12-26T13:18:28.498+0545] {standard_task_runner.py:88} INFO - Job 167: Subtask fetch_and_store_metrics
[2023-12-26T13:18:28.522+0545] {task_command.py:423} INFO - Running <TaskInstance: metrics_pipeline.fetch_and_store_metrics scheduled__2023-06-13T00:00:00+00:00 [running]> on host Sarita-Thinkpad
[2023-12-26T13:18:28.571+0545] {taskinstance.py:2481} INFO - Exporting env vars: AIRFLOW_CTX_DAG_OWNER='airflow' AIRFLOW_CTX_DAG_ID='metrics_pipeline' AIRFLOW_CTX_TASK_ID='fetch_and_store_metrics' AIRFLOW_CTX_EXECUTION_DATE='2023-06-13T00:00:00+00:00' AIRFLOW_CTX_TRY_NUMBER='1' AIRFLOW_CTX_DAG_RUN_ID='scheduled__2023-06-13T00:00:00+00:00'
[2023-12-26T13:18:28.586+0545] {python.py:201} INFO - Done. Returned value was: None
[2023-12-26T13:18:28.590+0545] {taskinstance.py:1138} INFO - Marking task as SUCCESS. dag_id=metrics_pipeline, task_id=fetch_and_store_metrics, execution_date=20230613T000000, start_date=20231226T073328, end_date=20231226T073328
[2023-12-26T13:18:28.629+0545] {local_task_job_runner.py:234} INFO - Task exited with return code 0
[2023-12-26T13:18:28.648+0545] {taskinstance.py:3281} INFO - 0 downstream tasks scheduled from follow-on schedule check
[2023-12-27T12:16:05.813+0545] {taskinstance.py:1957} INFO - Dependencies all met for dep_context=non-requeueable deps ti=<TaskInstance: metrics_pipeline.fetch_and_store_metrics scheduled__2023-06-13T00:00:00+00:00 [queued]>
[2023-12-27T12:16:05.818+0545] {taskinstance.py:1957} INFO - Dependencies all met for dep_context=requeueable deps ti=<TaskInstance: metrics_pipeline.fetch_and_store_metrics scheduled__2023-06-13T00:00:00+00:00 [queued]>
[2023-12-27T12:16:05.819+0545] {taskinstance.py:2171} INFO - Starting attempt 1 of 2
[2023-12-27T12:16:05.831+0545] {taskinstance.py:2192} INFO - Executing <Task(PythonOperator): fetch_and_store_metrics> on 2023-06-13 00:00:00+00:00
[2023-12-27T12:16:05.834+0545] {standard_task_runner.py:60} INFO - Started process 13229 to run task
[2023-12-27T12:16:05.836+0545] {standard_task_runner.py:87} INFO - Running: ['airflow', 'tasks', 'run', 'metrics_pipeline', 'fetch_and_store_metrics', 'scheduled__2023-06-13T00:00:00+00:00', '--job-id', '373', '--raw', '--subdir', 'DAGS_FOLDER/taxi_metrics_dag.py', '--cfg-path', '/tmp/tmpn2nw_h37']
[2023-12-27T12:16:05.836+0545] {standard_task_runner.py:88} INFO - Job 373: Subtask fetch_and_store_metrics
[2023-12-27T12:16:05.861+0545] {task_command.py:423} INFO - Running <TaskInstance: metrics_pipeline.fetch_and_store_metrics scheduled__2023-06-13T00:00:00+00:00 [running]> on host Sarita-Thinkpad
[2023-12-27T12:16:05.906+0545] {taskinstance.py:2481} INFO - Exporting env vars: AIRFLOW_CTX_DAG_OWNER='airflow' AIRFLOW_CTX_DAG_ID='metrics_pipeline' AIRFLOW_CTX_TASK_ID='fetch_and_store_metrics' AIRFLOW_CTX_EXECUTION_DATE='2023-06-13T00:00:00+00:00' AIRFLOW_CTX_TRY_NUMBER='1' AIRFLOW_CTX_DAG_RUN_ID='scheduled__2023-06-13T00:00:00+00:00'
[2023-12-27T12:16:05.907+0545] {taxi_metrics_dag.py:61} INFO - Getting Clickhouse Data.......
[2023-12-27T12:16:15.401+0545] {taxi_metrics_dag.py:67} ERROR - Could not complete the process..:HTTPDriver for https://github.demo.trial.altinity.cloud:8443 returned response code 400)
 Code: 62. DB::Exception: Syntax error (Multi-statements are not allowed): failed at position 1290 (end of query) (line 23, col 11): ;

 FORMAT Native. . (SYNTAX_ERROR) (version 23.10.5.20 (official build))

[2023-12-27T12:16:15.402+0545] {python.py:201} INFO - Done. Returned value was: None
[2023-12-27T12:16:15.409+0545] {taskinstance.py:1138} INFO - Marking task as SUCCESS. dag_id=metrics_pipeline, task_id=fetch_and_store_metrics, execution_date=20230613T000000, start_date=20231227T063105, end_date=20231227T063115
[2023-12-27T12:16:15.478+0545] {local_task_job_runner.py:234} INFO - Task exited with return code 0
[2023-12-27T12:16:15.491+0545] {taskinstance.py:3281} INFO - 0 downstream tasks scheduled from follow-on schedule check
