[2023-12-27T09:36:36.532+0545] {processor.py:161} INFO - Started process (PID=6897) to work on /home/sarita/Documents/apache-airflow-project/.venv/lib/python3.9/site-packages/airflow/example_dags/example_setup_teardown_taskflow.py
[2023-12-27T09:36:36.533+0545] {processor.py:830} INFO - Processing file /home/sarita/Documents/apache-airflow-project/.venv/lib/python3.9/site-packages/airflow/example_dags/example_setup_teardown_taskflow.py for tasks to queue
[2023-12-27T09:36:36.534+0545] {logging_mixin.py:188} INFO - [2023-12-27T09:36:36.533+0545] {dagbag.py:538} INFO - Filling up the DagBag from /home/sarita/Documents/apache-airflow-project/.venv/lib/python3.9/site-packages/airflow/example_dags/example_setup_teardown_taskflow.py
[2023-12-27T09:36:36.549+0545] {processor.py:840} INFO - DAG(s) 'example_setup_teardown_taskflow' retrieved from /home/sarita/Documents/apache-airflow-project/.venv/lib/python3.9/site-packages/airflow/example_dags/example_setup_teardown_taskflow.py
[2023-12-27T09:36:36.635+0545] {logging_mixin.py:188} INFO - [2023-12-27T09:36:36.635+0545] {dag.py:3033} INFO - Sync 1 DAGs
[2023-12-27T09:36:36.649+0545] {logging_mixin.py:188} INFO - [2023-12-27T09:36:36.649+0545] {dag.py:3820} INFO - Setting next_dagrun for example_setup_teardown_taskflow to 2023-12-26T00:00:00+00:00, run_after=2023-12-27T00:00:00+00:00
[2023-12-27T09:36:36.667+0545] {processor.py:183} INFO - Processing /home/sarita/Documents/apache-airflow-project/.venv/lib/python3.9/site-packages/airflow/example_dags/example_setup_teardown_taskflow.py took 0.138 seconds
[2023-12-27T09:37:25.543+0545] {processor.py:161} INFO - Started process (PID=6956) to work on /home/sarita/Documents/apache-airflow-project/.venv/lib/python3.9/site-packages/airflow/example_dags/example_setup_teardown_taskflow.py
[2023-12-27T09:37:25.546+0545] {processor.py:830} INFO - Processing file /home/sarita/Documents/apache-airflow-project/.venv/lib/python3.9/site-packages/airflow/example_dags/example_setup_teardown_taskflow.py for tasks to queue
[2023-12-27T09:37:25.548+0545] {logging_mixin.py:188} INFO - [2023-12-27T09:37:25.547+0545] {dagbag.py:538} INFO - Filling up the DagBag from /home/sarita/Documents/apache-airflow-project/.venv/lib/python3.9/site-packages/airflow/example_dags/example_setup_teardown_taskflow.py
[2023-12-27T09:37:25.561+0545] {processor.py:840} INFO - DAG(s) 'example_setup_teardown_taskflow' retrieved from /home/sarita/Documents/apache-airflow-project/.venv/lib/python3.9/site-packages/airflow/example_dags/example_setup_teardown_taskflow.py
[2023-12-27T09:37:25.576+0545] {logging_mixin.py:188} INFO - [2023-12-27T09:37:25.576+0545] {dag.py:3033} INFO - Sync 1 DAGs
[2023-12-27T09:37:25.592+0545] {logging_mixin.py:188} INFO - [2023-12-27T09:37:25.592+0545] {dag.py:3820} INFO - Setting next_dagrun for example_setup_teardown_taskflow to 2023-12-26T00:00:00+00:00, run_after=2023-12-27T00:00:00+00:00
[2023-12-27T09:37:25.621+0545] {processor.py:183} INFO - Processing /home/sarita/Documents/apache-airflow-project/.venv/lib/python3.9/site-packages/airflow/example_dags/example_setup_teardown_taskflow.py took 0.084 seconds
[2023-12-27T09:38:13.848+0545] {processor.py:161} INFO - Started process (PID=7016) to work on /home/sarita/Documents/apache-airflow-project/.venv/lib/python3.9/site-packages/airflow/example_dags/example_setup_teardown_taskflow.py
[2023-12-27T09:38:13.850+0545] {processor.py:830} INFO - Processing file /home/sarita/Documents/apache-airflow-project/.venv/lib/python3.9/site-packages/airflow/example_dags/example_setup_teardown_taskflow.py for tasks to queue
[2023-12-27T09:38:13.851+0545] {logging_mixin.py:188} INFO - [2023-12-27T09:38:13.850+0545] {dagbag.py:538} INFO - Filling up the DagBag from /home/sarita/Documents/apache-airflow-project/.venv/lib/python3.9/site-packages/airflow/example_dags/example_setup_teardown_taskflow.py
[2023-12-27T09:38:13.858+0545] {processor.py:840} INFO - DAG(s) 'example_setup_teardown_taskflow' retrieved from /home/sarita/Documents/apache-airflow-project/.venv/lib/python3.9/site-packages/airflow/example_dags/example_setup_teardown_taskflow.py
[2023-12-27T09:38:13.870+0545] {logging_mixin.py:188} INFO - [2023-12-27T09:38:13.870+0545] {dag.py:3033} INFO - Sync 1 DAGs
[2023-12-27T09:38:13.885+0545] {logging_mixin.py:188} INFO - [2023-12-27T09:38:13.885+0545] {dag.py:3820} INFO - Setting next_dagrun for example_setup_teardown_taskflow to 2023-12-26T00:00:00+00:00, run_after=2023-12-27T00:00:00+00:00
[2023-12-27T09:38:13.904+0545] {processor.py:183} INFO - Processing /home/sarita/Documents/apache-airflow-project/.venv/lib/python3.9/site-packages/airflow/example_dags/example_setup_teardown_taskflow.py took 0.058 seconds
[2023-12-27T09:38:52.056+0545] {processor.py:161} INFO - Started process (PID=7115) to work on /home/sarita/Documents/apache-airflow-project/.venv/lib/python3.9/site-packages/airflow/example_dags/example_setup_teardown_taskflow.py
[2023-12-27T09:38:52.058+0545] {processor.py:830} INFO - Processing file /home/sarita/Documents/apache-airflow-project/.venv/lib/python3.9/site-packages/airflow/example_dags/example_setup_teardown_taskflow.py for tasks to queue
[2023-12-27T09:38:52.059+0545] {logging_mixin.py:188} INFO - [2023-12-27T09:38:52.059+0545] {dagbag.py:538} INFO - Filling up the DagBag from /home/sarita/Documents/apache-airflow-project/.venv/lib/python3.9/site-packages/airflow/example_dags/example_setup_teardown_taskflow.py
[2023-12-27T09:38:52.070+0545] {processor.py:840} INFO - DAG(s) 'example_setup_teardown_taskflow' retrieved from /home/sarita/Documents/apache-airflow-project/.venv/lib/python3.9/site-packages/airflow/example_dags/example_setup_teardown_taskflow.py
[2023-12-27T09:38:52.083+0545] {logging_mixin.py:188} INFO - [2023-12-27T09:38:52.082+0545] {dag.py:3033} INFO - Sync 1 DAGs
[2023-12-27T09:38:52.099+0545] {logging_mixin.py:188} INFO - [2023-12-27T09:38:52.099+0545] {dag.py:3820} INFO - Setting next_dagrun for example_setup_teardown_taskflow to 2023-12-26T00:00:00+00:00, run_after=2023-12-27T00:00:00+00:00
[2023-12-27T09:38:52.117+0545] {processor.py:183} INFO - Processing /home/sarita/Documents/apache-airflow-project/.venv/lib/python3.9/site-packages/airflow/example_dags/example_setup_teardown_taskflow.py took 0.064 seconds
[2023-12-27T09:39:29.313+0545] {processor.py:161} INFO - Started process (PID=7160) to work on /home/sarita/Documents/apache-airflow-project/.venv/lib/python3.9/site-packages/airflow/example_dags/example_setup_teardown_taskflow.py
[2023-12-27T09:39:29.316+0545] {processor.py:830} INFO - Processing file /home/sarita/Documents/apache-airflow-project/.venv/lib/python3.9/site-packages/airflow/example_dags/example_setup_teardown_taskflow.py for tasks to queue
[2023-12-27T09:39:29.318+0545] {logging_mixin.py:188} INFO - [2023-12-27T09:39:29.318+0545] {dagbag.py:538} INFO - Filling up the DagBag from /home/sarita/Documents/apache-airflow-project/.venv/lib/python3.9/site-packages/airflow/example_dags/example_setup_teardown_taskflow.py
[2023-12-27T09:39:29.337+0545] {processor.py:840} INFO - DAG(s) 'example_setup_teardown_taskflow' retrieved from /home/sarita/Documents/apache-airflow-project/.venv/lib/python3.9/site-packages/airflow/example_dags/example_setup_teardown_taskflow.py
[2023-12-27T09:39:29.352+0545] {logging_mixin.py:188} INFO - [2023-12-27T09:39:29.352+0545] {dag.py:3033} INFO - Sync 1 DAGs
[2023-12-27T09:39:29.367+0545] {logging_mixin.py:188} INFO - [2023-12-27T09:39:29.367+0545] {dag.py:3820} INFO - Setting next_dagrun for example_setup_teardown_taskflow to 2023-12-26T00:00:00+00:00, run_after=2023-12-27T00:00:00+00:00
[2023-12-27T09:39:29.385+0545] {processor.py:183} INFO - Processing /home/sarita/Documents/apache-airflow-project/.venv/lib/python3.9/site-packages/airflow/example_dags/example_setup_teardown_taskflow.py took 0.078 seconds
[2023-12-27T09:40:07.412+0545] {processor.py:161} INFO - Started process (PID=7239) to work on /home/sarita/Documents/apache-airflow-project/.venv/lib/python3.9/site-packages/airflow/example_dags/example_setup_teardown_taskflow.py
[2023-12-27T09:40:07.414+0545] {processor.py:830} INFO - Processing file /home/sarita/Documents/apache-airflow-project/.venv/lib/python3.9/site-packages/airflow/example_dags/example_setup_teardown_taskflow.py for tasks to queue
[2023-12-27T09:40:07.414+0545] {logging_mixin.py:188} INFO - [2023-12-27T09:40:07.414+0545] {dagbag.py:538} INFO - Filling up the DagBag from /home/sarita/Documents/apache-airflow-project/.venv/lib/python3.9/site-packages/airflow/example_dags/example_setup_teardown_taskflow.py
[2023-12-27T09:40:07.422+0545] {processor.py:840} INFO - DAG(s) 'example_setup_teardown_taskflow' retrieved from /home/sarita/Documents/apache-airflow-project/.venv/lib/python3.9/site-packages/airflow/example_dags/example_setup_teardown_taskflow.py
[2023-12-27T09:40:07.434+0545] {logging_mixin.py:188} INFO - [2023-12-27T09:40:07.434+0545] {dag.py:3033} INFO - Sync 1 DAGs
[2023-12-27T09:40:07.449+0545] {logging_mixin.py:188} INFO - [2023-12-27T09:40:07.449+0545] {dag.py:3820} INFO - Setting next_dagrun for example_setup_teardown_taskflow to 2023-12-26T00:00:00+00:00, run_after=2023-12-27T00:00:00+00:00
[2023-12-27T09:40:07.467+0545] {processor.py:183} INFO - Processing /home/sarita/Documents/apache-airflow-project/.venv/lib/python3.9/site-packages/airflow/example_dags/example_setup_teardown_taskflow.py took 0.058 seconds
[2023-12-27T09:40:46.006+0545] {processor.py:161} INFO - Started process (PID=7308) to work on /home/sarita/Documents/apache-airflow-project/.venv/lib/python3.9/site-packages/airflow/example_dags/example_setup_teardown_taskflow.py
[2023-12-27T09:40:46.008+0545] {processor.py:830} INFO - Processing file /home/sarita/Documents/apache-airflow-project/.venv/lib/python3.9/site-packages/airflow/example_dags/example_setup_teardown_taskflow.py for tasks to queue
[2023-12-27T09:40:46.008+0545] {logging_mixin.py:188} INFO - [2023-12-27T09:40:46.008+0545] {dagbag.py:538} INFO - Filling up the DagBag from /home/sarita/Documents/apache-airflow-project/.venv/lib/python3.9/site-packages/airflow/example_dags/example_setup_teardown_taskflow.py
[2023-12-27T09:40:46.015+0545] {processor.py:840} INFO - DAG(s) 'example_setup_teardown_taskflow' retrieved from /home/sarita/Documents/apache-airflow-project/.venv/lib/python3.9/site-packages/airflow/example_dags/example_setup_teardown_taskflow.py
[2023-12-27T09:40:46.026+0545] {logging_mixin.py:188} INFO - [2023-12-27T09:40:46.026+0545] {dag.py:3033} INFO - Sync 1 DAGs
[2023-12-27T09:40:46.042+0545] {logging_mixin.py:188} INFO - [2023-12-27T09:40:46.041+0545] {dag.py:3820} INFO - Setting next_dagrun for example_setup_teardown_taskflow to 2023-12-26T00:00:00+00:00, run_after=2023-12-27T00:00:00+00:00
[2023-12-27T09:40:46.058+0545] {processor.py:183} INFO - Processing /home/sarita/Documents/apache-airflow-project/.venv/lib/python3.9/site-packages/airflow/example_dags/example_setup_teardown_taskflow.py took 0.054 seconds
[2023-12-27T09:41:20.338+0545] {processor.py:161} INFO - Started process (PID=7522) to work on /home/sarita/Documents/apache-airflow-project/.venv/lib/python3.9/site-packages/airflow/example_dags/example_setup_teardown_taskflow.py
[2023-12-27T09:41:20.340+0545] {processor.py:830} INFO - Processing file /home/sarita/Documents/apache-airflow-project/.venv/lib/python3.9/site-packages/airflow/example_dags/example_setup_teardown_taskflow.py for tasks to queue
[2023-12-27T09:41:20.341+0545] {logging_mixin.py:188} INFO - [2023-12-27T09:41:20.341+0545] {dagbag.py:538} INFO - Filling up the DagBag from /home/sarita/Documents/apache-airflow-project/.venv/lib/python3.9/site-packages/airflow/example_dags/example_setup_teardown_taskflow.py
[2023-12-27T09:41:20.352+0545] {processor.py:840} INFO - DAG(s) 'example_setup_teardown_taskflow' retrieved from /home/sarita/Documents/apache-airflow-project/.venv/lib/python3.9/site-packages/airflow/example_dags/example_setup_teardown_taskflow.py
[2023-12-27T09:41:20.364+0545] {logging_mixin.py:188} INFO - [2023-12-27T09:41:20.364+0545] {dag.py:3033} INFO - Sync 1 DAGs
[2023-12-27T09:41:20.380+0545] {logging_mixin.py:188} INFO - [2023-12-27T09:41:20.380+0545] {dag.py:3820} INFO - Setting next_dagrun for example_setup_teardown_taskflow to 2023-12-26T00:00:00+00:00, run_after=2023-12-27T00:00:00+00:00
[2023-12-27T09:41:20.397+0545] {processor.py:183} INFO - Processing /home/sarita/Documents/apache-airflow-project/.venv/lib/python3.9/site-packages/airflow/example_dags/example_setup_teardown_taskflow.py took 0.062 seconds
[2023-12-27T09:42:00.420+0545] {processor.py:161} INFO - Started process (PID=7737) to work on /home/sarita/Documents/apache-airflow-project/.venv/lib/python3.9/site-packages/airflow/example_dags/example_setup_teardown_taskflow.py
[2023-12-27T09:42:00.423+0545] {processor.py:830} INFO - Processing file /home/sarita/Documents/apache-airflow-project/.venv/lib/python3.9/site-packages/airflow/example_dags/example_setup_teardown_taskflow.py for tasks to queue
[2023-12-27T09:42:00.424+0545] {logging_mixin.py:188} INFO - [2023-12-27T09:42:00.424+0545] {dagbag.py:538} INFO - Filling up the DagBag from /home/sarita/Documents/apache-airflow-project/.venv/lib/python3.9/site-packages/airflow/example_dags/example_setup_teardown_taskflow.py
[2023-12-27T09:42:00.435+0545] {processor.py:840} INFO - DAG(s) 'example_setup_teardown_taskflow' retrieved from /home/sarita/Documents/apache-airflow-project/.venv/lib/python3.9/site-packages/airflow/example_dags/example_setup_teardown_taskflow.py
[2023-12-27T09:42:00.448+0545] {logging_mixin.py:188} INFO - [2023-12-27T09:42:00.448+0545] {dag.py:3033} INFO - Sync 1 DAGs
[2023-12-27T09:42:00.463+0545] {logging_mixin.py:188} INFO - [2023-12-27T09:42:00.462+0545] {dag.py:3820} INFO - Setting next_dagrun for example_setup_teardown_taskflow to 2023-12-26T00:00:00+00:00, run_after=2023-12-27T00:00:00+00:00
[2023-12-27T09:42:00.489+0545] {processor.py:183} INFO - Processing /home/sarita/Documents/apache-airflow-project/.venv/lib/python3.9/site-packages/airflow/example_dags/example_setup_teardown_taskflow.py took 0.074 seconds
[2023-12-27T09:42:36.660+0545] {processor.py:161} INFO - Started process (PID=7804) to work on /home/sarita/Documents/apache-airflow-project/.venv/lib/python3.9/site-packages/airflow/example_dags/example_setup_teardown_taskflow.py
[2023-12-27T09:42:36.662+0545] {processor.py:830} INFO - Processing file /home/sarita/Documents/apache-airflow-project/.venv/lib/python3.9/site-packages/airflow/example_dags/example_setup_teardown_taskflow.py for tasks to queue
[2023-12-27T09:42:36.663+0545] {logging_mixin.py:188} INFO - [2023-12-27T09:42:36.662+0545] {dagbag.py:538} INFO - Filling up the DagBag from /home/sarita/Documents/apache-airflow-project/.venv/lib/python3.9/site-packages/airflow/example_dags/example_setup_teardown_taskflow.py
[2023-12-27T09:42:36.674+0545] {processor.py:840} INFO - DAG(s) 'example_setup_teardown_taskflow' retrieved from /home/sarita/Documents/apache-airflow-project/.venv/lib/python3.9/site-packages/airflow/example_dags/example_setup_teardown_taskflow.py
[2023-12-27T09:42:36.690+0545] {logging_mixin.py:188} INFO - [2023-12-27T09:42:36.690+0545] {dag.py:3033} INFO - Sync 1 DAGs
[2023-12-27T09:42:36.706+0545] {logging_mixin.py:188} INFO - [2023-12-27T09:42:36.706+0545] {dag.py:3820} INFO - Setting next_dagrun for example_setup_teardown_taskflow to 2023-12-26T00:00:00+00:00, run_after=2023-12-27T00:00:00+00:00
[2023-12-27T09:42:36.723+0545] {processor.py:183} INFO - Processing /home/sarita/Documents/apache-airflow-project/.venv/lib/python3.9/site-packages/airflow/example_dags/example_setup_teardown_taskflow.py took 0.066 seconds
[2023-12-27T09:43:10.196+0545] {processor.py:161} INFO - Started process (PID=7850) to work on /home/sarita/Documents/apache-airflow-project/.venv/lib/python3.9/site-packages/airflow/example_dags/example_setup_teardown_taskflow.py
[2023-12-27T09:43:10.198+0545] {processor.py:830} INFO - Processing file /home/sarita/Documents/apache-airflow-project/.venv/lib/python3.9/site-packages/airflow/example_dags/example_setup_teardown_taskflow.py for tasks to queue
[2023-12-27T09:43:10.199+0545] {logging_mixin.py:188} INFO - [2023-12-27T09:43:10.199+0545] {dagbag.py:538} INFO - Filling up the DagBag from /home/sarita/Documents/apache-airflow-project/.venv/lib/python3.9/site-packages/airflow/example_dags/example_setup_teardown_taskflow.py
[2023-12-27T09:43:10.211+0545] {processor.py:840} INFO - DAG(s) 'example_setup_teardown_taskflow' retrieved from /home/sarita/Documents/apache-airflow-project/.venv/lib/python3.9/site-packages/airflow/example_dags/example_setup_teardown_taskflow.py
[2023-12-27T09:43:10.226+0545] {logging_mixin.py:188} INFO - [2023-12-27T09:43:10.226+0545] {dag.py:3033} INFO - Sync 1 DAGs
[2023-12-27T09:43:10.242+0545] {logging_mixin.py:188} INFO - [2023-12-27T09:43:10.241+0545] {dag.py:3820} INFO - Setting next_dagrun for example_setup_teardown_taskflow to 2023-12-26T00:00:00+00:00, run_after=2023-12-27T00:00:00+00:00
[2023-12-27T09:43:10.259+0545] {processor.py:183} INFO - Processing /home/sarita/Documents/apache-airflow-project/.venv/lib/python3.9/site-packages/airflow/example_dags/example_setup_teardown_taskflow.py took 0.066 seconds
[2023-12-27T09:43:47.033+0545] {processor.py:161} INFO - Started process (PID=7901) to work on /home/sarita/Documents/apache-airflow-project/.venv/lib/python3.9/site-packages/airflow/example_dags/example_setup_teardown_taskflow.py
[2023-12-27T09:43:47.036+0545] {processor.py:830} INFO - Processing file /home/sarita/Documents/apache-airflow-project/.venv/lib/python3.9/site-packages/airflow/example_dags/example_setup_teardown_taskflow.py for tasks to queue
[2023-12-27T09:43:47.037+0545] {logging_mixin.py:188} INFO - [2023-12-27T09:43:47.037+0545] {dagbag.py:538} INFO - Filling up the DagBag from /home/sarita/Documents/apache-airflow-project/.venv/lib/python3.9/site-packages/airflow/example_dags/example_setup_teardown_taskflow.py
[2023-12-27T09:43:47.054+0545] {processor.py:840} INFO - DAG(s) 'example_setup_teardown_taskflow' retrieved from /home/sarita/Documents/apache-airflow-project/.venv/lib/python3.9/site-packages/airflow/example_dags/example_setup_teardown_taskflow.py
[2023-12-27T09:43:47.070+0545] {logging_mixin.py:188} INFO - [2023-12-27T09:43:47.069+0545] {dag.py:3033} INFO - Sync 1 DAGs
[2023-12-27T09:43:47.085+0545] {logging_mixin.py:188} INFO - [2023-12-27T09:43:47.084+0545] {dag.py:3820} INFO - Setting next_dagrun for example_setup_teardown_taskflow to 2023-12-26T00:00:00+00:00, run_after=2023-12-27T00:00:00+00:00
[2023-12-27T09:43:47.103+0545] {processor.py:183} INFO - Processing /home/sarita/Documents/apache-airflow-project/.venv/lib/python3.9/site-packages/airflow/example_dags/example_setup_teardown_taskflow.py took 0.076 seconds
[2023-12-27T09:44:26.433+0545] {processor.py:161} INFO - Started process (PID=7953) to work on /home/sarita/Documents/apache-airflow-project/.venv/lib/python3.9/site-packages/airflow/example_dags/example_setup_teardown_taskflow.py
[2023-12-27T09:44:26.436+0545] {processor.py:830} INFO - Processing file /home/sarita/Documents/apache-airflow-project/.venv/lib/python3.9/site-packages/airflow/example_dags/example_setup_teardown_taskflow.py for tasks to queue
[2023-12-27T09:44:26.439+0545] {logging_mixin.py:188} INFO - [2023-12-27T09:44:26.438+0545] {dagbag.py:538} INFO - Filling up the DagBag from /home/sarita/Documents/apache-airflow-project/.venv/lib/python3.9/site-packages/airflow/example_dags/example_setup_teardown_taskflow.py
[2023-12-27T09:44:26.462+0545] {processor.py:840} INFO - DAG(s) 'example_setup_teardown_taskflow' retrieved from /home/sarita/Documents/apache-airflow-project/.venv/lib/python3.9/site-packages/airflow/example_dags/example_setup_teardown_taskflow.py
[2023-12-27T09:44:26.479+0545] {logging_mixin.py:188} INFO - [2023-12-27T09:44:26.478+0545] {dag.py:3033} INFO - Sync 1 DAGs
[2023-12-27T09:44:26.494+0545] {logging_mixin.py:188} INFO - [2023-12-27T09:44:26.494+0545] {dag.py:3820} INFO - Setting next_dagrun for example_setup_teardown_taskflow to 2023-12-26T00:00:00+00:00, run_after=2023-12-27T00:00:00+00:00
[2023-12-27T09:44:26.513+0545] {processor.py:183} INFO - Processing /home/sarita/Documents/apache-airflow-project/.venv/lib/python3.9/site-packages/airflow/example_dags/example_setup_teardown_taskflow.py took 0.086 seconds
[2023-12-27T09:45:01.411+0545] {processor.py:161} INFO - Started process (PID=8001) to work on /home/sarita/Documents/apache-airflow-project/.venv/lib/python3.9/site-packages/airflow/example_dags/example_setup_teardown_taskflow.py
[2023-12-27T09:45:01.413+0545] {processor.py:830} INFO - Processing file /home/sarita/Documents/apache-airflow-project/.venv/lib/python3.9/site-packages/airflow/example_dags/example_setup_teardown_taskflow.py for tasks to queue
[2023-12-27T09:45:01.413+0545] {logging_mixin.py:188} INFO - [2023-12-27T09:45:01.413+0545] {dagbag.py:538} INFO - Filling up the DagBag from /home/sarita/Documents/apache-airflow-project/.venv/lib/python3.9/site-packages/airflow/example_dags/example_setup_teardown_taskflow.py
[2023-12-27T09:45:01.422+0545] {processor.py:840} INFO - DAG(s) 'example_setup_teardown_taskflow' retrieved from /home/sarita/Documents/apache-airflow-project/.venv/lib/python3.9/site-packages/airflow/example_dags/example_setup_teardown_taskflow.py
[2023-12-27T09:45:01.435+0545] {logging_mixin.py:188} INFO - [2023-12-27T09:45:01.435+0545] {dag.py:3033} INFO - Sync 1 DAGs
[2023-12-27T09:45:01.456+0545] {logging_mixin.py:188} INFO - [2023-12-27T09:45:01.456+0545] {dag.py:3820} INFO - Setting next_dagrun for example_setup_teardown_taskflow to 2023-12-26T00:00:00+00:00, run_after=2023-12-27T00:00:00+00:00
[2023-12-27T09:45:01.476+0545] {processor.py:183} INFO - Processing /home/sarita/Documents/apache-airflow-project/.venv/lib/python3.9/site-packages/airflow/example_dags/example_setup_teardown_taskflow.py took 0.067 seconds
[2023-12-27T09:45:39.789+0545] {processor.py:161} INFO - Started process (PID=8435) to work on /home/sarita/Documents/apache-airflow-project/.venv/lib/python3.9/site-packages/airflow/example_dags/example_setup_teardown_taskflow.py
[2023-12-27T09:45:39.791+0545] {processor.py:830} INFO - Processing file /home/sarita/Documents/apache-airflow-project/.venv/lib/python3.9/site-packages/airflow/example_dags/example_setup_teardown_taskflow.py for tasks to queue
[2023-12-27T09:45:39.792+0545] {logging_mixin.py:188} INFO - [2023-12-27T09:45:39.792+0545] {dagbag.py:538} INFO - Filling up the DagBag from /home/sarita/Documents/apache-airflow-project/.venv/lib/python3.9/site-packages/airflow/example_dags/example_setup_teardown_taskflow.py
[2023-12-27T09:45:39.799+0545] {processor.py:840} INFO - DAG(s) 'example_setup_teardown_taskflow' retrieved from /home/sarita/Documents/apache-airflow-project/.venv/lib/python3.9/site-packages/airflow/example_dags/example_setup_teardown_taskflow.py
[2023-12-27T09:45:39.811+0545] {logging_mixin.py:188} INFO - [2023-12-27T09:45:39.811+0545] {dag.py:3033} INFO - Sync 1 DAGs
[2023-12-27T09:45:39.828+0545] {logging_mixin.py:188} INFO - [2023-12-27T09:45:39.828+0545] {dag.py:3820} INFO - Setting next_dagrun for example_setup_teardown_taskflow to 2023-12-26T00:00:00+00:00, run_after=2023-12-27T00:00:00+00:00
[2023-12-27T09:45:39.845+0545] {processor.py:183} INFO - Processing /home/sarita/Documents/apache-airflow-project/.venv/lib/python3.9/site-packages/airflow/example_dags/example_setup_teardown_taskflow.py took 0.057 seconds
[2023-12-27T09:46:15.014+0545] {processor.py:161} INFO - Started process (PID=8487) to work on /home/sarita/Documents/apache-airflow-project/.venv/lib/python3.9/site-packages/airflow/example_dags/example_setup_teardown_taskflow.py
[2023-12-27T09:46:15.023+0545] {processor.py:830} INFO - Processing file /home/sarita/Documents/apache-airflow-project/.venv/lib/python3.9/site-packages/airflow/example_dags/example_setup_teardown_taskflow.py for tasks to queue
[2023-12-27T09:46:15.024+0545] {logging_mixin.py:188} INFO - [2023-12-27T09:46:15.024+0545] {dagbag.py:538} INFO - Filling up the DagBag from /home/sarita/Documents/apache-airflow-project/.venv/lib/python3.9/site-packages/airflow/example_dags/example_setup_teardown_taskflow.py
[2023-12-27T09:46:15.039+0545] {processor.py:840} INFO - DAG(s) 'example_setup_teardown_taskflow' retrieved from /home/sarita/Documents/apache-airflow-project/.venv/lib/python3.9/site-packages/airflow/example_dags/example_setup_teardown_taskflow.py
[2023-12-27T09:46:15.054+0545] {logging_mixin.py:188} INFO - [2023-12-27T09:46:15.053+0545] {dag.py:3033} INFO - Sync 1 DAGs
[2023-12-27T09:46:15.070+0545] {logging_mixin.py:188} INFO - [2023-12-27T09:46:15.069+0545] {dag.py:3820} INFO - Setting next_dagrun for example_setup_teardown_taskflow to 2023-12-26T00:00:00+00:00, run_after=2023-12-27T00:00:00+00:00
[2023-12-27T09:46:15.168+0545] {processor.py:183} INFO - Processing /home/sarita/Documents/apache-airflow-project/.venv/lib/python3.9/site-packages/airflow/example_dags/example_setup_teardown_taskflow.py took 0.159 seconds
[2023-12-27T09:46:51.069+0545] {processor.py:161} INFO - Started process (PID=8524) to work on /home/sarita/Documents/apache-airflow-project/.venv/lib/python3.9/site-packages/airflow/example_dags/example_setup_teardown_taskflow.py
[2023-12-27T09:46:51.071+0545] {processor.py:830} INFO - Processing file /home/sarita/Documents/apache-airflow-project/.venv/lib/python3.9/site-packages/airflow/example_dags/example_setup_teardown_taskflow.py for tasks to queue
[2023-12-27T09:46:51.072+0545] {logging_mixin.py:188} INFO - [2023-12-27T09:46:51.071+0545] {dagbag.py:538} INFO - Filling up the DagBag from /home/sarita/Documents/apache-airflow-project/.venv/lib/python3.9/site-packages/airflow/example_dags/example_setup_teardown_taskflow.py
[2023-12-27T09:46:51.078+0545] {processor.py:840} INFO - DAG(s) 'example_setup_teardown_taskflow' retrieved from /home/sarita/Documents/apache-airflow-project/.venv/lib/python3.9/site-packages/airflow/example_dags/example_setup_teardown_taskflow.py
[2023-12-27T09:46:51.090+0545] {logging_mixin.py:188} INFO - [2023-12-27T09:46:51.090+0545] {dag.py:3033} INFO - Sync 1 DAGs
[2023-12-27T09:46:51.105+0545] {logging_mixin.py:188} INFO - [2023-12-27T09:46:51.105+0545] {dag.py:3820} INFO - Setting next_dagrun for example_setup_teardown_taskflow to 2023-12-26T00:00:00+00:00, run_after=2023-12-27T00:00:00+00:00
[2023-12-27T09:46:51.123+0545] {processor.py:183} INFO - Processing /home/sarita/Documents/apache-airflow-project/.venv/lib/python3.9/site-packages/airflow/example_dags/example_setup_teardown_taskflow.py took 0.056 seconds
[2023-12-27T09:47:30.418+0545] {processor.py:161} INFO - Started process (PID=8563) to work on /home/sarita/Documents/apache-airflow-project/.venv/lib/python3.9/site-packages/airflow/example_dags/example_setup_teardown_taskflow.py
[2023-12-27T09:47:30.421+0545] {processor.py:830} INFO - Processing file /home/sarita/Documents/apache-airflow-project/.venv/lib/python3.9/site-packages/airflow/example_dags/example_setup_teardown_taskflow.py for tasks to queue
[2023-12-27T09:47:30.422+0545] {logging_mixin.py:188} INFO - [2023-12-27T09:47:30.422+0545] {dagbag.py:538} INFO - Filling up the DagBag from /home/sarita/Documents/apache-airflow-project/.venv/lib/python3.9/site-packages/airflow/example_dags/example_setup_teardown_taskflow.py
[2023-12-27T09:47:30.433+0545] {processor.py:840} INFO - DAG(s) 'example_setup_teardown_taskflow' retrieved from /home/sarita/Documents/apache-airflow-project/.venv/lib/python3.9/site-packages/airflow/example_dags/example_setup_teardown_taskflow.py
[2023-12-27T09:47:30.446+0545] {logging_mixin.py:188} INFO - [2023-12-27T09:47:30.446+0545] {dag.py:3033} INFO - Sync 1 DAGs
[2023-12-27T09:47:30.462+0545] {logging_mixin.py:188} INFO - [2023-12-27T09:47:30.462+0545] {dag.py:3820} INFO - Setting next_dagrun for example_setup_teardown_taskflow to 2023-12-26T00:00:00+00:00, run_after=2023-12-27T00:00:00+00:00
[2023-12-27T09:47:30.478+0545] {processor.py:183} INFO - Processing /home/sarita/Documents/apache-airflow-project/.venv/lib/python3.9/site-packages/airflow/example_dags/example_setup_teardown_taskflow.py took 0.065 seconds
[2023-12-27T09:48:08.582+0545] {processor.py:161} INFO - Started process (PID=8625) to work on /home/sarita/Documents/apache-airflow-project/.venv/lib/python3.9/site-packages/airflow/example_dags/example_setup_teardown_taskflow.py
[2023-12-27T09:48:08.584+0545] {processor.py:830} INFO - Processing file /home/sarita/Documents/apache-airflow-project/.venv/lib/python3.9/site-packages/airflow/example_dags/example_setup_teardown_taskflow.py for tasks to queue
[2023-12-27T09:48:08.585+0545] {logging_mixin.py:188} INFO - [2023-12-27T09:48:08.585+0545] {dagbag.py:538} INFO - Filling up the DagBag from /home/sarita/Documents/apache-airflow-project/.venv/lib/python3.9/site-packages/airflow/example_dags/example_setup_teardown_taskflow.py
[2023-12-27T09:48:08.597+0545] {processor.py:840} INFO - DAG(s) 'example_setup_teardown_taskflow' retrieved from /home/sarita/Documents/apache-airflow-project/.venv/lib/python3.9/site-packages/airflow/example_dags/example_setup_teardown_taskflow.py
[2023-12-27T09:48:08.613+0545] {logging_mixin.py:188} INFO - [2023-12-27T09:48:08.613+0545] {dag.py:3033} INFO - Sync 1 DAGs
[2023-12-27T09:48:08.630+0545] {logging_mixin.py:188} INFO - [2023-12-27T09:48:08.630+0545] {dag.py:3820} INFO - Setting next_dagrun for example_setup_teardown_taskflow to 2023-12-26T00:00:00+00:00, run_after=2023-12-27T00:00:00+00:00
[2023-12-27T09:48:08.648+0545] {processor.py:183} INFO - Processing /home/sarita/Documents/apache-airflow-project/.venv/lib/python3.9/site-packages/airflow/example_dags/example_setup_teardown_taskflow.py took 0.069 seconds
[2023-12-27T09:48:48.068+0545] {processor.py:161} INFO - Started process (PID=8669) to work on /home/sarita/Documents/apache-airflow-project/.venv/lib/python3.9/site-packages/airflow/example_dags/example_setup_teardown_taskflow.py
[2023-12-27T09:48:48.072+0545] {processor.py:830} INFO - Processing file /home/sarita/Documents/apache-airflow-project/.venv/lib/python3.9/site-packages/airflow/example_dags/example_setup_teardown_taskflow.py for tasks to queue
[2023-12-27T09:48:48.074+0545] {logging_mixin.py:188} INFO - [2023-12-27T09:48:48.073+0545] {dagbag.py:538} INFO - Filling up the DagBag from /home/sarita/Documents/apache-airflow-project/.venv/lib/python3.9/site-packages/airflow/example_dags/example_setup_teardown_taskflow.py
[2023-12-27T09:48:48.093+0545] {processor.py:840} INFO - DAG(s) 'example_setup_teardown_taskflow' retrieved from /home/sarita/Documents/apache-airflow-project/.venv/lib/python3.9/site-packages/airflow/example_dags/example_setup_teardown_taskflow.py
[2023-12-27T09:48:48.108+0545] {logging_mixin.py:188} INFO - [2023-12-27T09:48:48.108+0545] {dag.py:3033} INFO - Sync 1 DAGs
[2023-12-27T09:48:48.124+0545] {logging_mixin.py:188} INFO - [2023-12-27T09:48:48.123+0545] {dag.py:3820} INFO - Setting next_dagrun for example_setup_teardown_taskflow to 2023-12-26T00:00:00+00:00, run_after=2023-12-27T00:00:00+00:00
[2023-12-27T09:48:48.150+0545] {processor.py:183} INFO - Processing /home/sarita/Documents/apache-airflow-project/.venv/lib/python3.9/site-packages/airflow/example_dags/example_setup_teardown_taskflow.py took 0.090 seconds
[2023-12-27T09:49:22.623+0545] {processor.py:161} INFO - Started process (PID=8707) to work on /home/sarita/Documents/apache-airflow-project/.venv/lib/python3.9/site-packages/airflow/example_dags/example_setup_teardown_taskflow.py
[2023-12-27T09:49:22.624+0545] {processor.py:830} INFO - Processing file /home/sarita/Documents/apache-airflow-project/.venv/lib/python3.9/site-packages/airflow/example_dags/example_setup_teardown_taskflow.py for tasks to queue
[2023-12-27T09:49:22.625+0545] {logging_mixin.py:188} INFO - [2023-12-27T09:49:22.625+0545] {dagbag.py:538} INFO - Filling up the DagBag from /home/sarita/Documents/apache-airflow-project/.venv/lib/python3.9/site-packages/airflow/example_dags/example_setup_teardown_taskflow.py
[2023-12-27T09:49:22.635+0545] {processor.py:840} INFO - DAG(s) 'example_setup_teardown_taskflow' retrieved from /home/sarita/Documents/apache-airflow-project/.venv/lib/python3.9/site-packages/airflow/example_dags/example_setup_teardown_taskflow.py
[2023-12-27T09:49:22.647+0545] {logging_mixin.py:188} INFO - [2023-12-27T09:49:22.647+0545] {dag.py:3033} INFO - Sync 1 DAGs
[2023-12-27T09:49:22.662+0545] {logging_mixin.py:188} INFO - [2023-12-27T09:49:22.662+0545] {dag.py:3820} INFO - Setting next_dagrun for example_setup_teardown_taskflow to 2023-12-26T00:00:00+00:00, run_after=2023-12-27T00:00:00+00:00
[2023-12-27T09:49:22.679+0545] {processor.py:183} INFO - Processing /home/sarita/Documents/apache-airflow-project/.venv/lib/python3.9/site-packages/airflow/example_dags/example_setup_teardown_taskflow.py took 0.060 seconds
[2023-12-27T09:50:00.182+0545] {processor.py:161} INFO - Started process (PID=8746) to work on /home/sarita/Documents/apache-airflow-project/.venv/lib/python3.9/site-packages/airflow/example_dags/example_setup_teardown_taskflow.py
[2023-12-27T09:50:00.184+0545] {processor.py:830} INFO - Processing file /home/sarita/Documents/apache-airflow-project/.venv/lib/python3.9/site-packages/airflow/example_dags/example_setup_teardown_taskflow.py for tasks to queue
[2023-12-27T09:50:00.185+0545] {logging_mixin.py:188} INFO - [2023-12-27T09:50:00.185+0545] {dagbag.py:538} INFO - Filling up the DagBag from /home/sarita/Documents/apache-airflow-project/.venv/lib/python3.9/site-packages/airflow/example_dags/example_setup_teardown_taskflow.py
[2023-12-27T09:50:00.193+0545] {processor.py:840} INFO - DAG(s) 'example_setup_teardown_taskflow' retrieved from /home/sarita/Documents/apache-airflow-project/.venv/lib/python3.9/site-packages/airflow/example_dags/example_setup_teardown_taskflow.py
[2023-12-27T09:50:00.206+0545] {logging_mixin.py:188} INFO - [2023-12-27T09:50:00.206+0545] {dag.py:3033} INFO - Sync 1 DAGs
[2023-12-27T09:50:00.222+0545] {logging_mixin.py:188} INFO - [2023-12-27T09:50:00.222+0545] {dag.py:3820} INFO - Setting next_dagrun for example_setup_teardown_taskflow to 2023-12-26T00:00:00+00:00, run_after=2023-12-27T00:00:00+00:00
[2023-12-27T09:50:00.240+0545] {processor.py:183} INFO - Processing /home/sarita/Documents/apache-airflow-project/.venv/lib/python3.9/site-packages/airflow/example_dags/example_setup_teardown_taskflow.py took 0.060 seconds
[2023-12-27T09:50:38.314+0545] {processor.py:161} INFO - Started process (PID=8800) to work on /home/sarita/Documents/apache-airflow-project/.venv/lib/python3.9/site-packages/airflow/example_dags/example_setup_teardown_taskflow.py
[2023-12-27T09:50:38.316+0545] {processor.py:830} INFO - Processing file /home/sarita/Documents/apache-airflow-project/.venv/lib/python3.9/site-packages/airflow/example_dags/example_setup_teardown_taskflow.py for tasks to queue
[2023-12-27T09:50:38.317+0545] {logging_mixin.py:188} INFO - [2023-12-27T09:50:38.317+0545] {dagbag.py:538} INFO - Filling up the DagBag from /home/sarita/Documents/apache-airflow-project/.venv/lib/python3.9/site-packages/airflow/example_dags/example_setup_teardown_taskflow.py
[2023-12-27T09:50:38.326+0545] {processor.py:840} INFO - DAG(s) 'example_setup_teardown_taskflow' retrieved from /home/sarita/Documents/apache-airflow-project/.venv/lib/python3.9/site-packages/airflow/example_dags/example_setup_teardown_taskflow.py
[2023-12-27T09:50:38.341+0545] {logging_mixin.py:188} INFO - [2023-12-27T09:50:38.341+0545] {dag.py:3033} INFO - Sync 1 DAGs
[2023-12-27T09:50:38.356+0545] {logging_mixin.py:188} INFO - [2023-12-27T09:50:38.356+0545] {dag.py:3820} INFO - Setting next_dagrun for example_setup_teardown_taskflow to 2023-12-26T00:00:00+00:00, run_after=2023-12-27T00:00:00+00:00
[2023-12-27T09:50:38.373+0545] {processor.py:183} INFO - Processing /home/sarita/Documents/apache-airflow-project/.venv/lib/python3.9/site-packages/airflow/example_dags/example_setup_teardown_taskflow.py took 0.062 seconds
[2023-12-27T09:51:17.972+0545] {processor.py:161} INFO - Started process (PID=8874) to work on /home/sarita/Documents/apache-airflow-project/.venv/lib/python3.9/site-packages/airflow/example_dags/example_setup_teardown_taskflow.py
[2023-12-27T09:51:17.975+0545] {processor.py:830} INFO - Processing file /home/sarita/Documents/apache-airflow-project/.venv/lib/python3.9/site-packages/airflow/example_dags/example_setup_teardown_taskflow.py for tasks to queue
[2023-12-27T09:51:17.976+0545] {logging_mixin.py:188} INFO - [2023-12-27T09:51:17.975+0545] {dagbag.py:538} INFO - Filling up the DagBag from /home/sarita/Documents/apache-airflow-project/.venv/lib/python3.9/site-packages/airflow/example_dags/example_setup_teardown_taskflow.py
[2023-12-27T09:51:17.986+0545] {processor.py:840} INFO - DAG(s) 'example_setup_teardown_taskflow' retrieved from /home/sarita/Documents/apache-airflow-project/.venv/lib/python3.9/site-packages/airflow/example_dags/example_setup_teardown_taskflow.py
[2023-12-27T09:51:17.999+0545] {logging_mixin.py:188} INFO - [2023-12-27T09:51:17.998+0545] {dag.py:3033} INFO - Sync 1 DAGs
[2023-12-27T09:51:18.013+0545] {logging_mixin.py:188} INFO - [2023-12-27T09:51:18.013+0545] {dag.py:3820} INFO - Setting next_dagrun for example_setup_teardown_taskflow to 2023-12-26T00:00:00+00:00, run_after=2023-12-27T00:00:00+00:00
[2023-12-27T09:51:18.030+0545] {processor.py:183} INFO - Processing /home/sarita/Documents/apache-airflow-project/.venv/lib/python3.9/site-packages/airflow/example_dags/example_setup_teardown_taskflow.py took 0.062 seconds
[2023-12-27T09:51:57.578+0545] {processor.py:161} INFO - Started process (PID=8921) to work on /home/sarita/Documents/apache-airflow-project/.venv/lib/python3.9/site-packages/airflow/example_dags/example_setup_teardown_taskflow.py
[2023-12-27T09:51:57.581+0545] {processor.py:830} INFO - Processing file /home/sarita/Documents/apache-airflow-project/.venv/lib/python3.9/site-packages/airflow/example_dags/example_setup_teardown_taskflow.py for tasks to queue
[2023-12-27T09:51:57.582+0545] {logging_mixin.py:188} INFO - [2023-12-27T09:51:57.581+0545] {dagbag.py:538} INFO - Filling up the DagBag from /home/sarita/Documents/apache-airflow-project/.venv/lib/python3.9/site-packages/airflow/example_dags/example_setup_teardown_taskflow.py
[2023-12-27T09:51:57.589+0545] {processor.py:840} INFO - DAG(s) 'example_setup_teardown_taskflow' retrieved from /home/sarita/Documents/apache-airflow-project/.venv/lib/python3.9/site-packages/airflow/example_dags/example_setup_teardown_taskflow.py
[2023-12-27T09:51:57.601+0545] {logging_mixin.py:188} INFO - [2023-12-27T09:51:57.601+0545] {dag.py:3033} INFO - Sync 1 DAGs
[2023-12-27T09:51:57.617+0545] {logging_mixin.py:188} INFO - [2023-12-27T09:51:57.617+0545] {dag.py:3820} INFO - Setting next_dagrun for example_setup_teardown_taskflow to 2023-12-26T00:00:00+00:00, run_after=2023-12-27T00:00:00+00:00
[2023-12-27T09:51:57.636+0545] {processor.py:183} INFO - Processing /home/sarita/Documents/apache-airflow-project/.venv/lib/python3.9/site-packages/airflow/example_dags/example_setup_teardown_taskflow.py took 0.060 seconds
[2023-12-27T09:54:03.337+0545] {processor.py:161} INFO - Started process (PID=9153) to work on /home/sarita/Documents/apache-airflow-project/.venv/lib/python3.9/site-packages/airflow/example_dags/example_setup_teardown_taskflow.py
[2023-12-27T09:54:03.337+0545] {processor.py:830} INFO - Processing file /home/sarita/Documents/apache-airflow-project/.venv/lib/python3.9/site-packages/airflow/example_dags/example_setup_teardown_taskflow.py for tasks to queue
[2023-12-27T09:54:03.338+0545] {logging_mixin.py:188} INFO - [2023-12-27T09:54:03.337+0545] {dagbag.py:538} INFO - Filling up the DagBag from /home/sarita/Documents/apache-airflow-project/.venv/lib/python3.9/site-packages/airflow/example_dags/example_setup_teardown_taskflow.py
[2023-12-27T09:54:03.345+0545] {processor.py:840} INFO - DAG(s) 'example_setup_teardown_taskflow' retrieved from /home/sarita/Documents/apache-airflow-project/.venv/lib/python3.9/site-packages/airflow/example_dags/example_setup_teardown_taskflow.py
[2023-12-27T09:54:03.357+0545] {logging_mixin.py:188} INFO - [2023-12-27T09:54:03.357+0545] {dag.py:3033} INFO - Sync 1 DAGs
[2023-12-27T09:54:03.372+0545] {logging_mixin.py:188} INFO - [2023-12-27T09:54:03.372+0545] {dag.py:3820} INFO - Setting next_dagrun for example_setup_teardown_taskflow to 2023-12-26T00:00:00+00:00, run_after=2023-12-27T00:00:00+00:00
[2023-12-27T09:54:03.389+0545] {processor.py:183} INFO - Processing /home/sarita/Documents/apache-airflow-project/.venv/lib/python3.9/site-packages/airflow/example_dags/example_setup_teardown_taskflow.py took 0.054 seconds
[2023-12-27T12:11:55.637+0545] {processor.py:161} INFO - Started process (PID=12570) to work on /home/sarita/Documents/apache-airflow-project/.venv/lib/python3.9/site-packages/airflow/example_dags/example_setup_teardown_taskflow.py
[2023-12-27T12:11:55.639+0545] {processor.py:830} INFO - Processing file /home/sarita/Documents/apache-airflow-project/.venv/lib/python3.9/site-packages/airflow/example_dags/example_setup_teardown_taskflow.py for tasks to queue
[2023-12-27T12:11:55.640+0545] {logging_mixin.py:188} INFO - [2023-12-27T12:11:55.640+0545] {dagbag.py:538} INFO - Filling up the DagBag from /home/sarita/Documents/apache-airflow-project/.venv/lib/python3.9/site-packages/airflow/example_dags/example_setup_teardown_taskflow.py
[2023-12-27T12:11:55.649+0545] {processor.py:840} INFO - DAG(s) 'example_setup_teardown_taskflow' retrieved from /home/sarita/Documents/apache-airflow-project/.venv/lib/python3.9/site-packages/airflow/example_dags/example_setup_teardown_taskflow.py
[2023-12-27T12:11:55.740+0545] {logging_mixin.py:188} INFO - [2023-12-27T12:11:55.739+0545] {dag.py:3033} INFO - Sync 1 DAGs
[2023-12-27T12:11:55.756+0545] {logging_mixin.py:188} INFO - [2023-12-27T12:11:55.755+0545] {dag.py:3820} INFO - Setting next_dagrun for example_setup_teardown_taskflow to 2023-12-26T00:00:00+00:00, run_after=2023-12-27T00:00:00+00:00
[2023-12-27T12:11:55.776+0545] {processor.py:183} INFO - Processing /home/sarita/Documents/apache-airflow-project/.venv/lib/python3.9/site-packages/airflow/example_dags/example_setup_teardown_taskflow.py took 0.141 seconds
[2023-12-27T12:14:51.360+0545] {processor.py:161} INFO - Started process (PID=12756) to work on /home/sarita/Documents/apache-airflow-project/.venv/lib/python3.9/site-packages/airflow/example_dags/example_setup_teardown_taskflow.py
[2023-12-27T12:14:51.361+0545] {processor.py:830} INFO - Processing file /home/sarita/Documents/apache-airflow-project/.venv/lib/python3.9/site-packages/airflow/example_dags/example_setup_teardown_taskflow.py for tasks to queue
[2023-12-27T12:14:51.361+0545] {logging_mixin.py:188} INFO - [2023-12-27T12:14:51.361+0545] {dagbag.py:538} INFO - Filling up the DagBag from /home/sarita/Documents/apache-airflow-project/.venv/lib/python3.9/site-packages/airflow/example_dags/example_setup_teardown_taskflow.py
[2023-12-27T12:14:51.370+0545] {processor.py:840} INFO - DAG(s) 'example_setup_teardown_taskflow' retrieved from /home/sarita/Documents/apache-airflow-project/.venv/lib/python3.9/site-packages/airflow/example_dags/example_setup_teardown_taskflow.py
[2023-12-27T12:14:51.456+0545] {logging_mixin.py:188} INFO - [2023-12-27T12:14:51.456+0545] {dag.py:3033} INFO - Sync 1 DAGs
[2023-12-27T12:14:51.471+0545] {logging_mixin.py:188} INFO - [2023-12-27T12:14:51.471+0545] {dag.py:3820} INFO - Setting next_dagrun for example_setup_teardown_taskflow to 2023-12-26T00:00:00+00:00, run_after=2023-12-27T00:00:00+00:00
[2023-12-27T12:14:51.499+0545] {processor.py:183} INFO - Processing /home/sarita/Documents/apache-airflow-project/.venv/lib/python3.9/site-packages/airflow/example_dags/example_setup_teardown_taskflow.py took 0.141 seconds
[2023-12-27T12:20:16.402+0545] {processor.py:161} INFO - Started process (PID=13744) to work on /home/sarita/Documents/apache-airflow-project/.venv/lib/python3.9/site-packages/airflow/example_dags/example_setup_teardown_taskflow.py
[2023-12-27T12:20:16.403+0545] {processor.py:830} INFO - Processing file /home/sarita/Documents/apache-airflow-project/.venv/lib/python3.9/site-packages/airflow/example_dags/example_setup_teardown_taskflow.py for tasks to queue
[2023-12-27T12:20:16.404+0545] {logging_mixin.py:188} INFO - [2023-12-27T12:20:16.403+0545] {dagbag.py:538} INFO - Filling up the DagBag from /home/sarita/Documents/apache-airflow-project/.venv/lib/python3.9/site-packages/airflow/example_dags/example_setup_teardown_taskflow.py
[2023-12-27T12:20:16.411+0545] {processor.py:840} INFO - DAG(s) 'example_setup_teardown_taskflow' retrieved from /home/sarita/Documents/apache-airflow-project/.venv/lib/python3.9/site-packages/airflow/example_dags/example_setup_teardown_taskflow.py
[2023-12-27T12:20:16.422+0545] {logging_mixin.py:188} INFO - [2023-12-27T12:20:16.422+0545] {dag.py:3033} INFO - Sync 1 DAGs
[2023-12-27T12:20:16.436+0545] {logging_mixin.py:188} INFO - [2023-12-27T12:20:16.436+0545] {dag.py:3820} INFO - Setting next_dagrun for example_setup_teardown_taskflow to 2023-12-26T00:00:00+00:00, run_after=2023-12-27T00:00:00+00:00
[2023-12-27T12:20:16.461+0545] {processor.py:183} INFO - Processing /home/sarita/Documents/apache-airflow-project/.venv/lib/python3.9/site-packages/airflow/example_dags/example_setup_teardown_taskflow.py took 0.061 seconds
[2023-12-27T12:24:18.578+0545] {processor.py:161} INFO - Started process (PID=14051) to work on /home/sarita/Documents/apache-airflow-project/.venv/lib/python3.9/site-packages/airflow/example_dags/example_setup_teardown_taskflow.py
[2023-12-27T12:24:18.579+0545] {processor.py:830} INFO - Processing file /home/sarita/Documents/apache-airflow-project/.venv/lib/python3.9/site-packages/airflow/example_dags/example_setup_teardown_taskflow.py for tasks to queue
[2023-12-27T12:24:18.580+0545] {logging_mixin.py:188} INFO - [2023-12-27T12:24:18.579+0545] {dagbag.py:538} INFO - Filling up the DagBag from /home/sarita/Documents/apache-airflow-project/.venv/lib/python3.9/site-packages/airflow/example_dags/example_setup_teardown_taskflow.py
[2023-12-27T12:24:18.588+0545] {processor.py:840} INFO - DAG(s) 'example_setup_teardown_taskflow' retrieved from /home/sarita/Documents/apache-airflow-project/.venv/lib/python3.9/site-packages/airflow/example_dags/example_setup_teardown_taskflow.py
[2023-12-27T12:24:18.677+0545] {logging_mixin.py:188} INFO - [2023-12-27T12:24:18.676+0545] {dag.py:3033} INFO - Sync 1 DAGs
[2023-12-27T12:24:18.694+0545] {logging_mixin.py:188} INFO - [2023-12-27T12:24:18.693+0545] {dag.py:3820} INFO - Setting next_dagrun for example_setup_teardown_taskflow to 2023-12-26T00:00:00+00:00, run_after=2023-12-27T00:00:00+00:00
[2023-12-27T12:24:18.713+0545] {processor.py:183} INFO - Processing /home/sarita/Documents/apache-airflow-project/.venv/lib/python3.9/site-packages/airflow/example_dags/example_setup_teardown_taskflow.py took 0.136 seconds
[2023-12-27T12:39:10.176+0545] {processor.py:161} INFO - Started process (PID=15342) to work on /home/sarita/Documents/apache-airflow-project/.venv/lib/python3.9/site-packages/airflow/example_dags/example_setup_teardown_taskflow.py
[2023-12-27T12:39:10.178+0545] {processor.py:830} INFO - Processing file /home/sarita/Documents/apache-airflow-project/.venv/lib/python3.9/site-packages/airflow/example_dags/example_setup_teardown_taskflow.py for tasks to queue
[2023-12-27T12:39:10.179+0545] {logging_mixin.py:188} INFO - [2023-12-27T12:39:10.179+0545] {dagbag.py:538} INFO - Filling up the DagBag from /home/sarita/Documents/apache-airflow-project/.venv/lib/python3.9/site-packages/airflow/example_dags/example_setup_teardown_taskflow.py
[2023-12-27T12:39:10.188+0545] {processor.py:840} INFO - DAG(s) 'example_setup_teardown_taskflow' retrieved from /home/sarita/Documents/apache-airflow-project/.venv/lib/python3.9/site-packages/airflow/example_dags/example_setup_teardown_taskflow.py
[2023-12-27T12:39:10.279+0545] {logging_mixin.py:188} INFO - [2023-12-27T12:39:10.279+0545] {dag.py:3033} INFO - Sync 1 DAGs
[2023-12-27T12:39:10.295+0545] {logging_mixin.py:188} INFO - [2023-12-27T12:39:10.295+0545] {dag.py:3820} INFO - Setting next_dagrun for example_setup_teardown_taskflow to 2023-12-26T00:00:00+00:00, run_after=2023-12-27T00:00:00+00:00
[2023-12-27T12:39:10.314+0545] {processor.py:183} INFO - Processing /home/sarita/Documents/apache-airflow-project/.venv/lib/python3.9/site-packages/airflow/example_dags/example_setup_teardown_taskflow.py took 0.140 seconds
[2023-12-27T12:40:44.118+0545] {processor.py:161} INFO - Started process (PID=15614) to work on /home/sarita/Documents/apache-airflow-project/.venv/lib/python3.9/site-packages/airflow/example_dags/example_setup_teardown_taskflow.py
[2023-12-27T12:40:44.119+0545] {processor.py:830} INFO - Processing file /home/sarita/Documents/apache-airflow-project/.venv/lib/python3.9/site-packages/airflow/example_dags/example_setup_teardown_taskflow.py for tasks to queue
[2023-12-27T12:40:44.120+0545] {logging_mixin.py:188} INFO - [2023-12-27T12:40:44.119+0545] {dagbag.py:538} INFO - Filling up the DagBag from /home/sarita/Documents/apache-airflow-project/.venv/lib/python3.9/site-packages/airflow/example_dags/example_setup_teardown_taskflow.py
[2023-12-27T12:40:44.127+0545] {processor.py:840} INFO - DAG(s) 'example_setup_teardown_taskflow' retrieved from /home/sarita/Documents/apache-airflow-project/.venv/lib/python3.9/site-packages/airflow/example_dags/example_setup_teardown_taskflow.py
[2023-12-27T12:40:44.138+0545] {logging_mixin.py:188} INFO - [2023-12-27T12:40:44.138+0545] {dag.py:3033} INFO - Sync 1 DAGs
[2023-12-27T12:40:44.153+0545] {logging_mixin.py:188} INFO - [2023-12-27T12:40:44.153+0545] {dag.py:3820} INFO - Setting next_dagrun for example_setup_teardown_taskflow to 2023-12-26T00:00:00+00:00, run_after=2023-12-27T00:00:00+00:00
[2023-12-27T12:40:44.169+0545] {processor.py:183} INFO - Processing /home/sarita/Documents/apache-airflow-project/.venv/lib/python3.9/site-packages/airflow/example_dags/example_setup_teardown_taskflow.py took 0.053 seconds
[2023-12-27T12:42:43.160+0545] {processor.py:161} INFO - Started process (PID=16773) to work on /home/sarita/Documents/apache-airflow-project/.venv/lib/python3.9/site-packages/airflow/example_dags/example_setup_teardown_taskflow.py
[2023-12-27T12:42:43.161+0545] {processor.py:830} INFO - Processing file /home/sarita/Documents/apache-airflow-project/.venv/lib/python3.9/site-packages/airflow/example_dags/example_setup_teardown_taskflow.py for tasks to queue
[2023-12-27T12:42:43.162+0545] {logging_mixin.py:188} INFO - [2023-12-27T12:42:43.162+0545] {dagbag.py:538} INFO - Filling up the DagBag from /home/sarita/Documents/apache-airflow-project/.venv/lib/python3.9/site-packages/airflow/example_dags/example_setup_teardown_taskflow.py
[2023-12-27T12:42:43.170+0545] {processor.py:840} INFO - DAG(s) 'example_setup_teardown_taskflow' retrieved from /home/sarita/Documents/apache-airflow-project/.venv/lib/python3.9/site-packages/airflow/example_dags/example_setup_teardown_taskflow.py
[2023-12-27T12:42:43.183+0545] {logging_mixin.py:188} INFO - [2023-12-27T12:42:43.183+0545] {dag.py:3033} INFO - Sync 1 DAGs
[2023-12-27T12:42:43.200+0545] {logging_mixin.py:188} INFO - [2023-12-27T12:42:43.200+0545] {dag.py:3820} INFO - Setting next_dagrun for example_setup_teardown_taskflow to 2023-12-26T00:00:00+00:00, run_after=2023-12-27T00:00:00+00:00
[2023-12-27T12:42:43.218+0545] {processor.py:183} INFO - Processing /home/sarita/Documents/apache-airflow-project/.venv/lib/python3.9/site-packages/airflow/example_dags/example_setup_teardown_taskflow.py took 0.060 seconds
[2023-12-27T12:45:24.144+0545] {processor.py:161} INFO - Started process (PID=17050) to work on /home/sarita/Documents/apache-airflow-project/.venv/lib/python3.9/site-packages/airflow/example_dags/example_setup_teardown_taskflow.py
[2023-12-27T12:45:24.146+0545] {processor.py:830} INFO - Processing file /home/sarita/Documents/apache-airflow-project/.venv/lib/python3.9/site-packages/airflow/example_dags/example_setup_teardown_taskflow.py for tasks to queue
[2023-12-27T12:45:24.147+0545] {logging_mixin.py:188} INFO - [2023-12-27T12:45:24.146+0545] {dagbag.py:538} INFO - Filling up the DagBag from /home/sarita/Documents/apache-airflow-project/.venv/lib/python3.9/site-packages/airflow/example_dags/example_setup_teardown_taskflow.py
[2023-12-27T12:45:24.158+0545] {processor.py:840} INFO - DAG(s) 'example_setup_teardown_taskflow' retrieved from /home/sarita/Documents/apache-airflow-project/.venv/lib/python3.9/site-packages/airflow/example_dags/example_setup_teardown_taskflow.py
[2023-12-27T12:45:24.248+0545] {logging_mixin.py:188} INFO - [2023-12-27T12:45:24.248+0545] {dag.py:3033} INFO - Sync 1 DAGs
[2023-12-27T12:45:24.263+0545] {logging_mixin.py:188} INFO - [2023-12-27T12:45:24.263+0545] {dag.py:3820} INFO - Setting next_dagrun for example_setup_teardown_taskflow to 2023-12-26T00:00:00+00:00, run_after=2023-12-27T00:00:00+00:00
[2023-12-27T12:45:24.291+0545] {processor.py:183} INFO - Processing /home/sarita/Documents/apache-airflow-project/.venv/lib/python3.9/site-packages/airflow/example_dags/example_setup_teardown_taskflow.py took 0.150 seconds
[2023-12-27T12:52:15.105+0545] {processor.py:161} INFO - Started process (PID=17590) to work on /home/sarita/Documents/apache-airflow-project/.venv/lib/python3.9/site-packages/airflow/example_dags/example_setup_teardown_taskflow.py
[2023-12-27T12:52:15.107+0545] {processor.py:830} INFO - Processing file /home/sarita/Documents/apache-airflow-project/.venv/lib/python3.9/site-packages/airflow/example_dags/example_setup_teardown_taskflow.py for tasks to queue
[2023-12-27T12:52:15.108+0545] {logging_mixin.py:188} INFO - [2023-12-27T12:52:15.108+0545] {dagbag.py:538} INFO - Filling up the DagBag from /home/sarita/Documents/apache-airflow-project/.venv/lib/python3.9/site-packages/airflow/example_dags/example_setup_teardown_taskflow.py
[2023-12-27T12:52:15.119+0545] {processor.py:840} INFO - DAG(s) 'example_setup_teardown_taskflow' retrieved from /home/sarita/Documents/apache-airflow-project/.venv/lib/python3.9/site-packages/airflow/example_dags/example_setup_teardown_taskflow.py
[2023-12-27T12:52:15.210+0545] {logging_mixin.py:188} INFO - [2023-12-27T12:52:15.210+0545] {dag.py:3033} INFO - Sync 1 DAGs
[2023-12-27T12:52:15.224+0545] {logging_mixin.py:188} INFO - [2023-12-27T12:52:15.224+0545] {dag.py:3820} INFO - Setting next_dagrun for example_setup_teardown_taskflow to 2023-12-26T00:00:00+00:00, run_after=2023-12-27T00:00:00+00:00
[2023-12-27T12:52:15.241+0545] {processor.py:183} INFO - Processing /home/sarita/Documents/apache-airflow-project/.venv/lib/python3.9/site-packages/airflow/example_dags/example_setup_teardown_taskflow.py took 0.139 seconds
[2023-12-27T12:53:06.396+0545] {processor.py:161} INFO - Started process (PID=17695) to work on /home/sarita/Documents/apache-airflow-project/.venv/lib/python3.9/site-packages/airflow/example_dags/example_setup_teardown_taskflow.py
[2023-12-27T12:53:06.399+0545] {processor.py:830} INFO - Processing file /home/sarita/Documents/apache-airflow-project/.venv/lib/python3.9/site-packages/airflow/example_dags/example_setup_teardown_taskflow.py for tasks to queue
[2023-12-27T12:53:06.401+0545] {logging_mixin.py:188} INFO - [2023-12-27T12:53:06.400+0545] {dagbag.py:538} INFO - Filling up the DagBag from /home/sarita/Documents/apache-airflow-project/.venv/lib/python3.9/site-packages/airflow/example_dags/example_setup_teardown_taskflow.py
[2023-12-27T12:53:06.422+0545] {processor.py:840} INFO - DAG(s) 'example_setup_teardown_taskflow' retrieved from /home/sarita/Documents/apache-airflow-project/.venv/lib/python3.9/site-packages/airflow/example_dags/example_setup_teardown_taskflow.py
[2023-12-27T12:53:06.437+0545] {logging_mixin.py:188} INFO - [2023-12-27T12:53:06.437+0545] {dag.py:3033} INFO - Sync 1 DAGs
[2023-12-27T12:53:06.452+0545] {logging_mixin.py:188} INFO - [2023-12-27T12:53:06.452+0545] {dag.py:3820} INFO - Setting next_dagrun for example_setup_teardown_taskflow to 2023-12-26T00:00:00+00:00, run_after=2023-12-27T00:00:00+00:00
[2023-12-27T12:53:06.480+0545] {processor.py:183} INFO - Processing /home/sarita/Documents/apache-airflow-project/.venv/lib/python3.9/site-packages/airflow/example_dags/example_setup_teardown_taskflow.py took 0.091 seconds
[2023-12-27T12:54:28.884+0545] {processor.py:161} INFO - Started process (PID=17853) to work on /home/sarita/Documents/apache-airflow-project/.venv/lib/python3.9/site-packages/airflow/example_dags/example_setup_teardown_taskflow.py
[2023-12-27T12:54:28.886+0545] {processor.py:830} INFO - Processing file /home/sarita/Documents/apache-airflow-project/.venv/lib/python3.9/site-packages/airflow/example_dags/example_setup_teardown_taskflow.py for tasks to queue
[2023-12-27T12:54:28.887+0545] {logging_mixin.py:188} INFO - [2023-12-27T12:54:28.886+0545] {dagbag.py:538} INFO - Filling up the DagBag from /home/sarita/Documents/apache-airflow-project/.venv/lib/python3.9/site-packages/airflow/example_dags/example_setup_teardown_taskflow.py
[2023-12-27T12:54:28.895+0545] {processor.py:840} INFO - DAG(s) 'example_setup_teardown_taskflow' retrieved from /home/sarita/Documents/apache-airflow-project/.venv/lib/python3.9/site-packages/airflow/example_dags/example_setup_teardown_taskflow.py
[2023-12-27T12:54:28.980+0545] {logging_mixin.py:188} INFO - [2023-12-27T12:54:28.980+0545] {dag.py:3033} INFO - Sync 1 DAGs
[2023-12-27T12:54:28.995+0545] {logging_mixin.py:188} INFO - [2023-12-27T12:54:28.995+0545] {dag.py:3820} INFO - Setting next_dagrun for example_setup_teardown_taskflow to 2023-12-26T00:00:00+00:00, run_after=2023-12-27T00:00:00+00:00
[2023-12-27T12:54:29.012+0545] {processor.py:183} INFO - Processing /home/sarita/Documents/apache-airflow-project/.venv/lib/python3.9/site-packages/airflow/example_dags/example_setup_teardown_taskflow.py took 0.129 seconds
[2023-12-27T12:57:51.652+0545] {processor.py:161} INFO - Started process (PID=18046) to work on /home/sarita/Documents/apache-airflow-project/.venv/lib/python3.9/site-packages/airflow/example_dags/example_setup_teardown_taskflow.py
[2023-12-27T12:57:51.654+0545] {processor.py:830} INFO - Processing file /home/sarita/Documents/apache-airflow-project/.venv/lib/python3.9/site-packages/airflow/example_dags/example_setup_teardown_taskflow.py for tasks to queue
[2023-12-27T12:57:51.655+0545] {logging_mixin.py:188} INFO - [2023-12-27T12:57:51.654+0545] {dagbag.py:538} INFO - Filling up the DagBag from /home/sarita/Documents/apache-airflow-project/.venv/lib/python3.9/site-packages/airflow/example_dags/example_setup_teardown_taskflow.py
[2023-12-27T12:57:51.666+0545] {processor.py:840} INFO - DAG(s) 'example_setup_teardown_taskflow' retrieved from /home/sarita/Documents/apache-airflow-project/.venv/lib/python3.9/site-packages/airflow/example_dags/example_setup_teardown_taskflow.py
[2023-12-27T12:57:51.756+0545] {logging_mixin.py:188} INFO - [2023-12-27T12:57:51.756+0545] {dag.py:3033} INFO - Sync 1 DAGs
[2023-12-27T12:57:51.796+0545] {logging_mixin.py:188} INFO - [2023-12-27T12:57:51.796+0545] {dag.py:3820} INFO - Setting next_dagrun for example_setup_teardown_taskflow to 2023-12-26T00:00:00+00:00, run_after=2023-12-27T00:00:00+00:00
[2023-12-27T12:57:51.832+0545] {processor.py:183} INFO - Processing /home/sarita/Documents/apache-airflow-project/.venv/lib/python3.9/site-packages/airflow/example_dags/example_setup_teardown_taskflow.py took 0.183 seconds
[2023-12-27T16:15:40.467+0545] {processor.py:161} INFO - Started process (PID=24785) to work on /home/sarita/Documents/apache-airflow-project/.venv/lib/python3.9/site-packages/airflow/example_dags/example_setup_teardown_taskflow.py
[2023-12-27T16:15:40.469+0545] {processor.py:830} INFO - Processing file /home/sarita/Documents/apache-airflow-project/.venv/lib/python3.9/site-packages/airflow/example_dags/example_setup_teardown_taskflow.py for tasks to queue
[2023-12-27T16:15:40.469+0545] {logging_mixin.py:188} INFO - [2023-12-27T16:15:40.469+0545] {dagbag.py:538} INFO - Filling up the DagBag from /home/sarita/Documents/apache-airflow-project/.venv/lib/python3.9/site-packages/airflow/example_dags/example_setup_teardown_taskflow.py
[2023-12-27T16:15:40.480+0545] {processor.py:840} INFO - DAG(s) 'example_setup_teardown_taskflow' retrieved from /home/sarita/Documents/apache-airflow-project/.venv/lib/python3.9/site-packages/airflow/example_dags/example_setup_teardown_taskflow.py
[2023-12-27T16:15:40.571+0545] {logging_mixin.py:188} INFO - [2023-12-27T16:15:40.571+0545] {dag.py:3033} INFO - Sync 1 DAGs
[2023-12-27T16:15:40.586+0545] {logging_mixin.py:188} INFO - [2023-12-27T16:15:40.586+0545] {dag.py:3820} INFO - Setting next_dagrun for example_setup_teardown_taskflow to 2023-12-26T00:00:00+00:00, run_after=2023-12-27T00:00:00+00:00
[2023-12-27T16:15:40.605+0545] {processor.py:183} INFO - Processing /home/sarita/Documents/apache-airflow-project/.venv/lib/python3.9/site-packages/airflow/example_dags/example_setup_teardown_taskflow.py took 0.140 seconds
