[2023-12-27T09:36:58.764+0545] {processor.py:161} INFO - Started process (PID=6921) to work on /home/sarita/Documents/apache-airflow-project/.venv/lib/python3.9/site-packages/airflow/example_dags/example_python_decorator.py
[2023-12-27T09:36:58.765+0545] {processor.py:830} INFO - Processing file /home/sarita/Documents/apache-airflow-project/.venv/lib/python3.9/site-packages/airflow/example_dags/example_python_decorator.py for tasks to queue
[2023-12-27T09:36:58.766+0545] {logging_mixin.py:188} INFO - [2023-12-27T09:36:58.766+0545] {dagbag.py:538} INFO - Filling up the DagBag from /home/sarita/Documents/apache-airflow-project/.venv/lib/python3.9/site-packages/airflow/example_dags/example_python_decorator.py
[2023-12-27T09:36:58.777+0545] {processor.py:840} INFO - DAG(s) 'example_python_decorator' retrieved from /home/sarita/Documents/apache-airflow-project/.venv/lib/python3.9/site-packages/airflow/example_dags/example_python_decorator.py
[2023-12-27T09:36:58.792+0545] {logging_mixin.py:188} INFO - [2023-12-27T09:36:58.792+0545] {dag.py:3033} INFO - Sync 1 DAGs
[2023-12-27T09:36:58.802+0545] {logging_mixin.py:188} INFO - [2023-12-27T09:36:58.801+0545] {dag.py:3820} INFO - Setting next_dagrun for example_python_decorator to None, run_after=None
[2023-12-27T09:36:58.820+0545] {processor.py:183} INFO - Processing /home/sarita/Documents/apache-airflow-project/.venv/lib/python3.9/site-packages/airflow/example_dags/example_python_decorator.py took 0.061 seconds
[2023-12-27T09:37:44.521+0545] {processor.py:161} INFO - Started process (PID=6977) to work on /home/sarita/Documents/apache-airflow-project/.venv/lib/python3.9/site-packages/airflow/example_dags/example_python_decorator.py
[2023-12-27T09:37:44.522+0545] {processor.py:830} INFO - Processing file /home/sarita/Documents/apache-airflow-project/.venv/lib/python3.9/site-packages/airflow/example_dags/example_python_decorator.py for tasks to queue
[2023-12-27T09:37:44.523+0545] {logging_mixin.py:188} INFO - [2023-12-27T09:37:44.523+0545] {dagbag.py:538} INFO - Filling up the DagBag from /home/sarita/Documents/apache-airflow-project/.venv/lib/python3.9/site-packages/airflow/example_dags/example_python_decorator.py
[2023-12-27T09:37:44.532+0545] {processor.py:840} INFO - DAG(s) 'example_python_decorator' retrieved from /home/sarita/Documents/apache-airflow-project/.venv/lib/python3.9/site-packages/airflow/example_dags/example_python_decorator.py
[2023-12-27T09:37:44.546+0545] {logging_mixin.py:188} INFO - [2023-12-27T09:37:44.546+0545] {dag.py:3033} INFO - Sync 1 DAGs
[2023-12-27T09:37:44.558+0545] {logging_mixin.py:188} INFO - [2023-12-27T09:37:44.557+0545] {dag.py:3820} INFO - Setting next_dagrun for example_python_decorator to None, run_after=None
[2023-12-27T09:37:44.580+0545] {processor.py:183} INFO - Processing /home/sarita/Documents/apache-airflow-project/.venv/lib/python3.9/site-packages/airflow/example_dags/example_python_decorator.py took 0.062 seconds
[2023-12-27T09:38:39.840+0545] {processor.py:161} INFO - Started process (PID=7103) to work on /home/sarita/Documents/apache-airflow-project/.venv/lib/python3.9/site-packages/airflow/example_dags/example_python_decorator.py
[2023-12-27T09:38:39.842+0545] {processor.py:830} INFO - Processing file /home/sarita/Documents/apache-airflow-project/.venv/lib/python3.9/site-packages/airflow/example_dags/example_python_decorator.py for tasks to queue
[2023-12-27T09:38:39.843+0545] {logging_mixin.py:188} INFO - [2023-12-27T09:38:39.843+0545] {dagbag.py:538} INFO - Filling up the DagBag from /home/sarita/Documents/apache-airflow-project/.venv/lib/python3.9/site-packages/airflow/example_dags/example_python_decorator.py
[2023-12-27T09:38:39.853+0545] {processor.py:840} INFO - DAG(s) 'example_python_decorator' retrieved from /home/sarita/Documents/apache-airflow-project/.venv/lib/python3.9/site-packages/airflow/example_dags/example_python_decorator.py
[2023-12-27T09:38:39.866+0545] {logging_mixin.py:188} INFO - [2023-12-27T09:38:39.866+0545] {dag.py:3033} INFO - Sync 1 DAGs
[2023-12-27T09:38:39.876+0545] {logging_mixin.py:188} INFO - [2023-12-27T09:38:39.876+0545] {dag.py:3820} INFO - Setting next_dagrun for example_python_decorator to None, run_after=None
[2023-12-27T09:38:39.894+0545] {processor.py:183} INFO - Processing /home/sarita/Documents/apache-airflow-project/.venv/lib/python3.9/site-packages/airflow/example_dags/example_python_decorator.py took 0.058 seconds
[2023-12-27T09:39:35.160+0545] {processor.py:161} INFO - Started process (PID=7166) to work on /home/sarita/Documents/apache-airflow-project/.venv/lib/python3.9/site-packages/airflow/example_dags/example_python_decorator.py
[2023-12-27T09:39:35.163+0545] {processor.py:830} INFO - Processing file /home/sarita/Documents/apache-airflow-project/.venv/lib/python3.9/site-packages/airflow/example_dags/example_python_decorator.py for tasks to queue
[2023-12-27T09:39:35.164+0545] {logging_mixin.py:188} INFO - [2023-12-27T09:39:35.163+0545] {dagbag.py:538} INFO - Filling up the DagBag from /home/sarita/Documents/apache-airflow-project/.venv/lib/python3.9/site-packages/airflow/example_dags/example_python_decorator.py
[2023-12-27T09:39:35.181+0545] {processor.py:840} INFO - DAG(s) 'example_python_decorator' retrieved from /home/sarita/Documents/apache-airflow-project/.venv/lib/python3.9/site-packages/airflow/example_dags/example_python_decorator.py
[2023-12-27T09:39:35.198+0545] {logging_mixin.py:188} INFO - [2023-12-27T09:39:35.197+0545] {dag.py:3033} INFO - Sync 1 DAGs
[2023-12-27T09:39:35.207+0545] {logging_mixin.py:188} INFO - [2023-12-27T09:39:35.206+0545] {dag.py:3820} INFO - Setting next_dagrun for example_python_decorator to None, run_after=None
[2023-12-27T09:39:35.224+0545] {processor.py:183} INFO - Processing /home/sarita/Documents/apache-airflow-project/.venv/lib/python3.9/site-packages/airflow/example_dags/example_python_decorator.py took 0.069 seconds
[2023-12-27T09:40:25.918+0545] {processor.py:161} INFO - Started process (PID=7264) to work on /home/sarita/Documents/apache-airflow-project/.venv/lib/python3.9/site-packages/airflow/example_dags/example_python_decorator.py
[2023-12-27T09:40:25.921+0545] {processor.py:830} INFO - Processing file /home/sarita/Documents/apache-airflow-project/.venv/lib/python3.9/site-packages/airflow/example_dags/example_python_decorator.py for tasks to queue
[2023-12-27T09:40:25.922+0545] {logging_mixin.py:188} INFO - [2023-12-27T09:40:25.922+0545] {dagbag.py:538} INFO - Filling up the DagBag from /home/sarita/Documents/apache-airflow-project/.venv/lib/python3.9/site-packages/airflow/example_dags/example_python_decorator.py
[2023-12-27T09:40:25.937+0545] {processor.py:840} INFO - DAG(s) 'example_python_decorator' retrieved from /home/sarita/Documents/apache-airflow-project/.venv/lib/python3.9/site-packages/airflow/example_dags/example_python_decorator.py
[2023-12-27T09:40:25.951+0545] {logging_mixin.py:188} INFO - [2023-12-27T09:40:25.951+0545] {dag.py:3033} INFO - Sync 1 DAGs
[2023-12-27T09:40:25.960+0545] {logging_mixin.py:188} INFO - [2023-12-27T09:40:25.960+0545] {dag.py:3820} INFO - Setting next_dagrun for example_python_decorator to None, run_after=None
[2023-12-27T09:40:25.979+0545] {processor.py:183} INFO - Processing /home/sarita/Documents/apache-airflow-project/.venv/lib/python3.9/site-packages/airflow/example_dags/example_python_decorator.py took 0.069 seconds
[2023-12-27T09:41:16.330+0545] {processor.py:161} INFO - Started process (PID=7518) to work on /home/sarita/Documents/apache-airflow-project/.venv/lib/python3.9/site-packages/airflow/example_dags/example_python_decorator.py
[2023-12-27T09:41:16.334+0545] {processor.py:830} INFO - Processing file /home/sarita/Documents/apache-airflow-project/.venv/lib/python3.9/site-packages/airflow/example_dags/example_python_decorator.py for tasks to queue
[2023-12-27T09:41:16.336+0545] {logging_mixin.py:188} INFO - [2023-12-27T09:41:16.335+0545] {dagbag.py:538} INFO - Filling up the DagBag from /home/sarita/Documents/apache-airflow-project/.venv/lib/python3.9/site-packages/airflow/example_dags/example_python_decorator.py
[2023-12-27T09:41:16.352+0545] {processor.py:840} INFO - DAG(s) 'example_python_decorator' retrieved from /home/sarita/Documents/apache-airflow-project/.venv/lib/python3.9/site-packages/airflow/example_dags/example_python_decorator.py
[2023-12-27T09:41:16.367+0545] {logging_mixin.py:188} INFO - [2023-12-27T09:41:16.367+0545] {dag.py:3033} INFO - Sync 1 DAGs
[2023-12-27T09:41:16.376+0545] {logging_mixin.py:188} INFO - [2023-12-27T09:41:16.376+0545] {dag.py:3820} INFO - Setting next_dagrun for example_python_decorator to None, run_after=None
[2023-12-27T09:41:16.392+0545] {processor.py:183} INFO - Processing /home/sarita/Documents/apache-airflow-project/.venv/lib/python3.9/site-packages/airflow/example_dags/example_python_decorator.py took 0.069 seconds
[2023-12-27T09:42:14.200+0545] {processor.py:161} INFO - Started process (PID=7751) to work on /home/sarita/Documents/apache-airflow-project/.venv/lib/python3.9/site-packages/airflow/example_dags/example_python_decorator.py
[2023-12-27T09:42:14.204+0545] {processor.py:830} INFO - Processing file /home/sarita/Documents/apache-airflow-project/.venv/lib/python3.9/site-packages/airflow/example_dags/example_python_decorator.py for tasks to queue
[2023-12-27T09:42:14.206+0545] {logging_mixin.py:188} INFO - [2023-12-27T09:42:14.205+0545] {dagbag.py:538} INFO - Filling up the DagBag from /home/sarita/Documents/apache-airflow-project/.venv/lib/python3.9/site-packages/airflow/example_dags/example_python_decorator.py
[2023-12-27T09:42:14.220+0545] {processor.py:840} INFO - DAG(s) 'example_python_decorator' retrieved from /home/sarita/Documents/apache-airflow-project/.venv/lib/python3.9/site-packages/airflow/example_dags/example_python_decorator.py
[2023-12-27T09:42:14.235+0545] {logging_mixin.py:188} INFO - [2023-12-27T09:42:14.235+0545] {dag.py:3033} INFO - Sync 1 DAGs
[2023-12-27T09:42:14.245+0545] {logging_mixin.py:188} INFO - [2023-12-27T09:42:14.245+0545] {dag.py:3820} INFO - Setting next_dagrun for example_python_decorator to None, run_after=None
[2023-12-27T09:42:14.263+0545] {processor.py:183} INFO - Processing /home/sarita/Documents/apache-airflow-project/.venv/lib/python3.9/site-packages/airflow/example_dags/example_python_decorator.py took 0.068 seconds
[2023-12-27T09:43:05.018+0545] {processor.py:161} INFO - Started process (PID=7841) to work on /home/sarita/Documents/apache-airflow-project/.venv/lib/python3.9/site-packages/airflow/example_dags/example_python_decorator.py
[2023-12-27T09:43:05.022+0545] {processor.py:830} INFO - Processing file /home/sarita/Documents/apache-airflow-project/.venv/lib/python3.9/site-packages/airflow/example_dags/example_python_decorator.py for tasks to queue
[2023-12-27T09:43:05.024+0545] {logging_mixin.py:188} INFO - [2023-12-27T09:43:05.023+0545] {dagbag.py:538} INFO - Filling up the DagBag from /home/sarita/Documents/apache-airflow-project/.venv/lib/python3.9/site-packages/airflow/example_dags/example_python_decorator.py
[2023-12-27T09:43:05.043+0545] {processor.py:840} INFO - DAG(s) 'example_python_decorator' retrieved from /home/sarita/Documents/apache-airflow-project/.venv/lib/python3.9/site-packages/airflow/example_dags/example_python_decorator.py
[2023-12-27T09:43:05.058+0545] {logging_mixin.py:188} INFO - [2023-12-27T09:43:05.058+0545] {dag.py:3033} INFO - Sync 1 DAGs
[2023-12-27T09:43:05.067+0545] {logging_mixin.py:188} INFO - [2023-12-27T09:43:05.067+0545] {dag.py:3820} INFO - Setting next_dagrun for example_python_decorator to None, run_after=None
[2023-12-27T09:43:05.086+0545] {processor.py:183} INFO - Processing /home/sarita/Documents/apache-airflow-project/.venv/lib/python3.9/site-packages/airflow/example_dags/example_python_decorator.py took 0.075 seconds
[2023-12-27T09:43:59.484+0545] {processor.py:161} INFO - Started process (PID=7915) to work on /home/sarita/Documents/apache-airflow-project/.venv/lib/python3.9/site-packages/airflow/example_dags/example_python_decorator.py
[2023-12-27T09:43:59.486+0545] {processor.py:830} INFO - Processing file /home/sarita/Documents/apache-airflow-project/.venv/lib/python3.9/site-packages/airflow/example_dags/example_python_decorator.py for tasks to queue
[2023-12-27T09:43:59.487+0545] {logging_mixin.py:188} INFO - [2023-12-27T09:43:59.486+0545] {dagbag.py:538} INFO - Filling up the DagBag from /home/sarita/Documents/apache-airflow-project/.venv/lib/python3.9/site-packages/airflow/example_dags/example_python_decorator.py
[2023-12-27T09:43:59.498+0545] {processor.py:840} INFO - DAG(s) 'example_python_decorator' retrieved from /home/sarita/Documents/apache-airflow-project/.venv/lib/python3.9/site-packages/airflow/example_dags/example_python_decorator.py
[2023-12-27T09:43:59.512+0545] {logging_mixin.py:188} INFO - [2023-12-27T09:43:59.512+0545] {dag.py:3033} INFO - Sync 1 DAGs
[2023-12-27T09:43:59.521+0545] {logging_mixin.py:188} INFO - [2023-12-27T09:43:59.521+0545] {dag.py:3820} INFO - Setting next_dagrun for example_python_decorator to None, run_after=None
[2023-12-27T09:43:59.538+0545] {processor.py:183} INFO - Processing /home/sarita/Documents/apache-airflow-project/.venv/lib/python3.9/site-packages/airflow/example_dags/example_python_decorator.py took 0.058 seconds
[2023-12-27T09:44:54.602+0545] {processor.py:161} INFO - Started process (PID=7990) to work on /home/sarita/Documents/apache-airflow-project/.venv/lib/python3.9/site-packages/airflow/example_dags/example_python_decorator.py
[2023-12-27T09:44:54.605+0545] {processor.py:830} INFO - Processing file /home/sarita/Documents/apache-airflow-project/.venv/lib/python3.9/site-packages/airflow/example_dags/example_python_decorator.py for tasks to queue
[2023-12-27T09:44:54.607+0545] {logging_mixin.py:188} INFO - [2023-12-27T09:44:54.606+0545] {dagbag.py:538} INFO - Filling up the DagBag from /home/sarita/Documents/apache-airflow-project/.venv/lib/python3.9/site-packages/airflow/example_dags/example_python_decorator.py
[2023-12-27T09:44:54.619+0545] {processor.py:840} INFO - DAG(s) 'example_python_decorator' retrieved from /home/sarita/Documents/apache-airflow-project/.venv/lib/python3.9/site-packages/airflow/example_dags/example_python_decorator.py
[2023-12-27T09:44:54.633+0545] {logging_mixin.py:188} INFO - [2023-12-27T09:44:54.633+0545] {dag.py:3033} INFO - Sync 1 DAGs
[2023-12-27T09:44:54.642+0545] {logging_mixin.py:188} INFO - [2023-12-27T09:44:54.642+0545] {dag.py:3820} INFO - Setting next_dagrun for example_python_decorator to None, run_after=None
[2023-12-27T09:44:54.660+0545] {processor.py:183} INFO - Processing /home/sarita/Documents/apache-airflow-project/.venv/lib/python3.9/site-packages/airflow/example_dags/example_python_decorator.py took 0.067 seconds
[2023-12-27T09:45:50.415+0545] {processor.py:161} INFO - Started process (PID=8451) to work on /home/sarita/Documents/apache-airflow-project/.venv/lib/python3.9/site-packages/airflow/example_dags/example_python_decorator.py
[2023-12-27T09:45:50.418+0545] {processor.py:830} INFO - Processing file /home/sarita/Documents/apache-airflow-project/.venv/lib/python3.9/site-packages/airflow/example_dags/example_python_decorator.py for tasks to queue
[2023-12-27T09:45:50.421+0545] {logging_mixin.py:188} INFO - [2023-12-27T09:45:50.420+0545] {dagbag.py:538} INFO - Filling up the DagBag from /home/sarita/Documents/apache-airflow-project/.venv/lib/python3.9/site-packages/airflow/example_dags/example_python_decorator.py
[2023-12-27T09:45:50.439+0545] {processor.py:840} INFO - DAG(s) 'example_python_decorator' retrieved from /home/sarita/Documents/apache-airflow-project/.venv/lib/python3.9/site-packages/airflow/example_dags/example_python_decorator.py
[2023-12-27T09:45:50.454+0545] {logging_mixin.py:188} INFO - [2023-12-27T09:45:50.454+0545] {dag.py:3033} INFO - Sync 1 DAGs
[2023-12-27T09:45:50.463+0545] {logging_mixin.py:188} INFO - [2023-12-27T09:45:50.462+0545] {dag.py:3820} INFO - Setting next_dagrun for example_python_decorator to None, run_after=None
[2023-12-27T09:45:50.480+0545] {processor.py:183} INFO - Processing /home/sarita/Documents/apache-airflow-project/.venv/lib/python3.9/site-packages/airflow/example_dags/example_python_decorator.py took 0.072 seconds
[2023-12-27T09:46:44.341+0545] {processor.py:161} INFO - Started process (PID=8517) to work on /home/sarita/Documents/apache-airflow-project/.venv/lib/python3.9/site-packages/airflow/example_dags/example_python_decorator.py
[2023-12-27T09:46:44.343+0545] {processor.py:830} INFO - Processing file /home/sarita/Documents/apache-airflow-project/.venv/lib/python3.9/site-packages/airflow/example_dags/example_python_decorator.py for tasks to queue
[2023-12-27T09:46:44.345+0545] {logging_mixin.py:188} INFO - [2023-12-27T09:46:44.344+0545] {dagbag.py:538} INFO - Filling up the DagBag from /home/sarita/Documents/apache-airflow-project/.venv/lib/python3.9/site-packages/airflow/example_dags/example_python_decorator.py
[2023-12-27T09:46:44.356+0545] {processor.py:840} INFO - DAG(s) 'example_python_decorator' retrieved from /home/sarita/Documents/apache-airflow-project/.venv/lib/python3.9/site-packages/airflow/example_dags/example_python_decorator.py
[2023-12-27T09:46:44.370+0545] {logging_mixin.py:188} INFO - [2023-12-27T09:46:44.370+0545] {dag.py:3033} INFO - Sync 1 DAGs
[2023-12-27T09:46:44.380+0545] {logging_mixin.py:188} INFO - [2023-12-27T09:46:44.380+0545] {dag.py:3820} INFO - Setting next_dagrun for example_python_decorator to None, run_after=None
[2023-12-27T09:46:44.397+0545] {processor.py:183} INFO - Processing /home/sarita/Documents/apache-airflow-project/.venv/lib/python3.9/site-packages/airflow/example_dags/example_python_decorator.py took 0.061 seconds
[2023-12-27T09:47:42.829+0545] {processor.py:161} INFO - Started process (PID=8595) to work on /home/sarita/Documents/apache-airflow-project/.venv/lib/python3.9/site-packages/airflow/example_dags/example_python_decorator.py
[2023-12-27T09:47:42.831+0545] {processor.py:830} INFO - Processing file /home/sarita/Documents/apache-airflow-project/.venv/lib/python3.9/site-packages/airflow/example_dags/example_python_decorator.py for tasks to queue
[2023-12-27T09:47:42.832+0545] {logging_mixin.py:188} INFO - [2023-12-27T09:47:42.831+0545] {dagbag.py:538} INFO - Filling up the DagBag from /home/sarita/Documents/apache-airflow-project/.venv/lib/python3.9/site-packages/airflow/example_dags/example_python_decorator.py
[2023-12-27T09:47:42.840+0545] {processor.py:840} INFO - DAG(s) 'example_python_decorator' retrieved from /home/sarita/Documents/apache-airflow-project/.venv/lib/python3.9/site-packages/airflow/example_dags/example_python_decorator.py
[2023-12-27T09:47:42.853+0545] {logging_mixin.py:188} INFO - [2023-12-27T09:47:42.853+0545] {dag.py:3033} INFO - Sync 1 DAGs
[2023-12-27T09:47:42.862+0545] {logging_mixin.py:188} INFO - [2023-12-27T09:47:42.862+0545] {dag.py:3820} INFO - Setting next_dagrun for example_python_decorator to None, run_after=None
[2023-12-27T09:47:42.880+0545] {processor.py:183} INFO - Processing /home/sarita/Documents/apache-airflow-project/.venv/lib/python3.9/site-packages/airflow/example_dags/example_python_decorator.py took 0.055 seconds
[2023-12-27T09:48:40.165+0545] {processor.py:161} INFO - Started process (PID=8662) to work on /home/sarita/Documents/apache-airflow-project/.venv/lib/python3.9/site-packages/airflow/example_dags/example_python_decorator.py
[2023-12-27T09:48:40.167+0545] {processor.py:830} INFO - Processing file /home/sarita/Documents/apache-airflow-project/.venv/lib/python3.9/site-packages/airflow/example_dags/example_python_decorator.py for tasks to queue
[2023-12-27T09:48:40.167+0545] {logging_mixin.py:188} INFO - [2023-12-27T09:48:40.167+0545] {dagbag.py:538} INFO - Filling up the DagBag from /home/sarita/Documents/apache-airflow-project/.venv/lib/python3.9/site-packages/airflow/example_dags/example_python_decorator.py
[2023-12-27T09:48:40.175+0545] {processor.py:840} INFO - DAG(s) 'example_python_decorator' retrieved from /home/sarita/Documents/apache-airflow-project/.venv/lib/python3.9/site-packages/airflow/example_dags/example_python_decorator.py
[2023-12-27T09:48:40.189+0545] {logging_mixin.py:188} INFO - [2023-12-27T09:48:40.189+0545] {dag.py:3033} INFO - Sync 1 DAGs
[2023-12-27T09:48:40.198+0545] {logging_mixin.py:188} INFO - [2023-12-27T09:48:40.198+0545] {dag.py:3820} INFO - Setting next_dagrun for example_python_decorator to None, run_after=None
[2023-12-27T09:48:40.214+0545] {processor.py:183} INFO - Processing /home/sarita/Documents/apache-airflow-project/.venv/lib/python3.9/site-packages/airflow/example_dags/example_python_decorator.py took 0.052 seconds
[2023-12-27T09:49:34.252+0545] {processor.py:161} INFO - Started process (PID=8719) to work on /home/sarita/Documents/apache-airflow-project/.venv/lib/python3.9/site-packages/airflow/example_dags/example_python_decorator.py
[2023-12-27T09:49:34.254+0545] {processor.py:830} INFO - Processing file /home/sarita/Documents/apache-airflow-project/.venv/lib/python3.9/site-packages/airflow/example_dags/example_python_decorator.py for tasks to queue
[2023-12-27T09:49:34.255+0545] {logging_mixin.py:188} INFO - [2023-12-27T09:49:34.255+0545] {dagbag.py:538} INFO - Filling up the DagBag from /home/sarita/Documents/apache-airflow-project/.venv/lib/python3.9/site-packages/airflow/example_dags/example_python_decorator.py
[2023-12-27T09:49:34.262+0545] {processor.py:840} INFO - DAG(s) 'example_python_decorator' retrieved from /home/sarita/Documents/apache-airflow-project/.venv/lib/python3.9/site-packages/airflow/example_dags/example_python_decorator.py
[2023-12-27T09:49:34.276+0545] {logging_mixin.py:188} INFO - [2023-12-27T09:49:34.276+0545] {dag.py:3033} INFO - Sync 1 DAGs
[2023-12-27T09:49:34.285+0545] {logging_mixin.py:188} INFO - [2023-12-27T09:49:34.284+0545] {dag.py:3820} INFO - Setting next_dagrun for example_python_decorator to None, run_after=None
[2023-12-27T09:49:34.304+0545] {processor.py:183} INFO - Processing /home/sarita/Documents/apache-airflow-project/.venv/lib/python3.9/site-packages/airflow/example_dags/example_python_decorator.py took 0.053 seconds
[2023-12-27T09:50:31.652+0545] {processor.py:161} INFO - Started process (PID=8790) to work on /home/sarita/Documents/apache-airflow-project/.venv/lib/python3.9/site-packages/airflow/example_dags/example_python_decorator.py
[2023-12-27T09:50:31.654+0545] {processor.py:830} INFO - Processing file /home/sarita/Documents/apache-airflow-project/.venv/lib/python3.9/site-packages/airflow/example_dags/example_python_decorator.py for tasks to queue
[2023-12-27T09:50:31.655+0545] {logging_mixin.py:188} INFO - [2023-12-27T09:50:31.655+0545] {dagbag.py:538} INFO - Filling up the DagBag from /home/sarita/Documents/apache-airflow-project/.venv/lib/python3.9/site-packages/airflow/example_dags/example_python_decorator.py
[2023-12-27T09:50:31.662+0545] {processor.py:840} INFO - DAG(s) 'example_python_decorator' retrieved from /home/sarita/Documents/apache-airflow-project/.venv/lib/python3.9/site-packages/airflow/example_dags/example_python_decorator.py
[2023-12-27T09:50:31.676+0545] {logging_mixin.py:188} INFO - [2023-12-27T09:50:31.676+0545] {dag.py:3033} INFO - Sync 1 DAGs
[2023-12-27T09:50:31.686+0545] {logging_mixin.py:188} INFO - [2023-12-27T09:50:31.686+0545] {dag.py:3820} INFO - Setting next_dagrun for example_python_decorator to None, run_after=None
[2023-12-27T09:50:31.706+0545] {processor.py:183} INFO - Processing /home/sarita/Documents/apache-airflow-project/.venv/lib/python3.9/site-packages/airflow/example_dags/example_python_decorator.py took 0.056 seconds
[2023-12-27T09:51:30.979+0545] {processor.py:161} INFO - Started process (PID=8892) to work on /home/sarita/Documents/apache-airflow-project/.venv/lib/python3.9/site-packages/airflow/example_dags/example_python_decorator.py
[2023-12-27T09:51:30.981+0545] {processor.py:830} INFO - Processing file /home/sarita/Documents/apache-airflow-project/.venv/lib/python3.9/site-packages/airflow/example_dags/example_python_decorator.py for tasks to queue
[2023-12-27T09:51:30.982+0545] {logging_mixin.py:188} INFO - [2023-12-27T09:51:30.981+0545] {dagbag.py:538} INFO - Filling up the DagBag from /home/sarita/Documents/apache-airflow-project/.venv/lib/python3.9/site-packages/airflow/example_dags/example_python_decorator.py
[2023-12-27T09:51:30.989+0545] {processor.py:840} INFO - DAG(s) 'example_python_decorator' retrieved from /home/sarita/Documents/apache-airflow-project/.venv/lib/python3.9/site-packages/airflow/example_dags/example_python_decorator.py
[2023-12-27T09:51:31.001+0545] {logging_mixin.py:188} INFO - [2023-12-27T09:51:31.001+0545] {dag.py:3033} INFO - Sync 1 DAGs
[2023-12-27T09:51:31.010+0545] {logging_mixin.py:188} INFO - [2023-12-27T09:51:31.010+0545] {dag.py:3820} INFO - Setting next_dagrun for example_python_decorator to None, run_after=None
[2023-12-27T09:51:31.029+0545] {processor.py:183} INFO - Processing /home/sarita/Documents/apache-airflow-project/.venv/lib/python3.9/site-packages/airflow/example_dags/example_python_decorator.py took 0.052 seconds
[2023-12-27T09:53:17.724+0545] {processor.py:161} INFO - Started process (PID=9086) to work on /home/sarita/Documents/apache-airflow-project/.venv/lib/python3.9/site-packages/airflow/example_dags/example_python_decorator.py
[2023-12-27T09:53:17.725+0545] {processor.py:830} INFO - Processing file /home/sarita/Documents/apache-airflow-project/.venv/lib/python3.9/site-packages/airflow/example_dags/example_python_decorator.py for tasks to queue
[2023-12-27T09:53:17.725+0545] {logging_mixin.py:188} INFO - [2023-12-27T09:53:17.725+0545] {dagbag.py:538} INFO - Filling up the DagBag from /home/sarita/Documents/apache-airflow-project/.venv/lib/python3.9/site-packages/airflow/example_dags/example_python_decorator.py
[2023-12-27T09:53:17.732+0545] {processor.py:840} INFO - DAG(s) 'example_python_decorator' retrieved from /home/sarita/Documents/apache-airflow-project/.venv/lib/python3.9/site-packages/airflow/example_dags/example_python_decorator.py
[2023-12-27T09:53:17.744+0545] {logging_mixin.py:188} INFO - [2023-12-27T09:53:17.744+0545] {dag.py:3033} INFO - Sync 1 DAGs
[2023-12-27T09:53:17.753+0545] {logging_mixin.py:188} INFO - [2023-12-27T09:53:17.752+0545] {dag.py:3820} INFO - Setting next_dagrun for example_python_decorator to None, run_after=None
[2023-12-27T09:53:17.769+0545] {processor.py:183} INFO - Processing /home/sarita/Documents/apache-airflow-project/.venv/lib/python3.9/site-packages/airflow/example_dags/example_python_decorator.py took 0.047 seconds
[2023-12-27T12:17:16.250+0545] {processor.py:161} INFO - Started process (PID=13385) to work on /home/sarita/Documents/apache-airflow-project/.venv/lib/python3.9/site-packages/airflow/example_dags/example_python_decorator.py
[2023-12-27T12:17:16.251+0545] {processor.py:830} INFO - Processing file /home/sarita/Documents/apache-airflow-project/.venv/lib/python3.9/site-packages/airflow/example_dags/example_python_decorator.py for tasks to queue
[2023-12-27T12:17:16.251+0545] {logging_mixin.py:188} INFO - [2023-12-27T12:17:16.251+0545] {dagbag.py:538} INFO - Filling up the DagBag from /home/sarita/Documents/apache-airflow-project/.venv/lib/python3.9/site-packages/airflow/example_dags/example_python_decorator.py
[2023-12-27T12:17:16.259+0545] {processor.py:840} INFO - DAG(s) 'example_python_decorator' retrieved from /home/sarita/Documents/apache-airflow-project/.venv/lib/python3.9/site-packages/airflow/example_dags/example_python_decorator.py
[2023-12-27T12:17:16.273+0545] {logging_mixin.py:188} INFO - [2023-12-27T12:17:16.273+0545] {dag.py:3033} INFO - Sync 1 DAGs
[2023-12-27T12:17:16.283+0545] {logging_mixin.py:188} INFO - [2023-12-27T12:17:16.283+0545] {dag.py:3820} INFO - Setting next_dagrun for example_python_decorator to None, run_after=None
[2023-12-27T12:17:16.303+0545] {processor.py:183} INFO - Processing /home/sarita/Documents/apache-airflow-project/.venv/lib/python3.9/site-packages/airflow/example_dags/example_python_decorator.py took 0.056 seconds
[2023-12-27T12:39:36.083+0545] {processor.py:161} INFO - Started process (PID=15393) to work on /home/sarita/Documents/apache-airflow-project/.venv/lib/python3.9/site-packages/airflow/example_dags/example_python_decorator.py
[2023-12-27T12:39:36.086+0545] {processor.py:830} INFO - Processing file /home/sarita/Documents/apache-airflow-project/.venv/lib/python3.9/site-packages/airflow/example_dags/example_python_decorator.py for tasks to queue
[2023-12-27T12:39:36.089+0545] {logging_mixin.py:188} INFO - [2023-12-27T12:39:36.088+0545] {dagbag.py:538} INFO - Filling up the DagBag from /home/sarita/Documents/apache-airflow-project/.venv/lib/python3.9/site-packages/airflow/example_dags/example_python_decorator.py
[2023-12-27T12:39:36.110+0545] {processor.py:840} INFO - DAG(s) 'example_python_decorator' retrieved from /home/sarita/Documents/apache-airflow-project/.venv/lib/python3.9/site-packages/airflow/example_dags/example_python_decorator.py
[2023-12-27T12:39:36.128+0545] {logging_mixin.py:188} INFO - [2023-12-27T12:39:36.128+0545] {dag.py:3033} INFO - Sync 1 DAGs
[2023-12-27T12:39:36.140+0545] {logging_mixin.py:188} INFO - [2023-12-27T12:39:36.140+0545] {dag.py:3820} INFO - Setting next_dagrun for example_python_decorator to None, run_after=None
[2023-12-27T12:39:36.273+0545] {processor.py:183} INFO - Processing /home/sarita/Documents/apache-airflow-project/.venv/lib/python3.9/site-packages/airflow/example_dags/example_python_decorator.py took 0.199 seconds
[2023-12-27T12:46:59.690+0545] {processor.py:161} INFO - Started process (PID=17176) to work on /home/sarita/Documents/apache-airflow-project/.venv/lib/python3.9/site-packages/airflow/example_dags/example_python_decorator.py
[2023-12-27T12:46:59.691+0545] {processor.py:830} INFO - Processing file /home/sarita/Documents/apache-airflow-project/.venv/lib/python3.9/site-packages/airflow/example_dags/example_python_decorator.py for tasks to queue
[2023-12-27T12:46:59.691+0545] {logging_mixin.py:188} INFO - [2023-12-27T12:46:59.691+0545] {dagbag.py:538} INFO - Filling up the DagBag from /home/sarita/Documents/apache-airflow-project/.venv/lib/python3.9/site-packages/airflow/example_dags/example_python_decorator.py
[2023-12-27T12:46:59.698+0545] {processor.py:840} INFO - DAG(s) 'example_python_decorator' retrieved from /home/sarita/Documents/apache-airflow-project/.venv/lib/python3.9/site-packages/airflow/example_dags/example_python_decorator.py
[2023-12-27T12:46:59.712+0545] {logging_mixin.py:188} INFO - [2023-12-27T12:46:59.711+0545] {dag.py:3033} INFO - Sync 1 DAGs
[2023-12-27T12:46:59.721+0545] {logging_mixin.py:188} INFO - [2023-12-27T12:46:59.721+0545] {dag.py:3820} INFO - Setting next_dagrun for example_python_decorator to None, run_after=None
[2023-12-27T12:46:59.738+0545] {processor.py:183} INFO - Processing /home/sarita/Documents/apache-airflow-project/.venv/lib/python3.9/site-packages/airflow/example_dags/example_python_decorator.py took 0.050 seconds
[2023-12-27T12:52:36.938+0545] {processor.py:161} INFO - Started process (PID=17620) to work on /home/sarita/Documents/apache-airflow-project/.venv/lib/python3.9/site-packages/airflow/example_dags/example_python_decorator.py
[2023-12-27T12:52:36.942+0545] {processor.py:830} INFO - Processing file /home/sarita/Documents/apache-airflow-project/.venv/lib/python3.9/site-packages/airflow/example_dags/example_python_decorator.py for tasks to queue
[2023-12-27T12:52:36.944+0545] {logging_mixin.py:188} INFO - [2023-12-27T12:52:36.943+0545] {dagbag.py:538} INFO - Filling up the DagBag from /home/sarita/Documents/apache-airflow-project/.venv/lib/python3.9/site-packages/airflow/example_dags/example_python_decorator.py
[2023-12-27T12:52:36.963+0545] {processor.py:840} INFO - DAG(s) 'example_python_decorator' retrieved from /home/sarita/Documents/apache-airflow-project/.venv/lib/python3.9/site-packages/airflow/example_dags/example_python_decorator.py
[2023-12-27T12:52:36.980+0545] {logging_mixin.py:188} INFO - [2023-12-27T12:52:36.980+0545] {dag.py:3033} INFO - Sync 1 DAGs
[2023-12-27T12:52:36.989+0545] {logging_mixin.py:188} INFO - [2023-12-27T12:52:36.989+0545] {dag.py:3820} INFO - Setting next_dagrun for example_python_decorator to None, run_after=None
[2023-12-27T12:52:37.007+0545] {processor.py:183} INFO - Processing /home/sarita/Documents/apache-airflow-project/.venv/lib/python3.9/site-packages/airflow/example_dags/example_python_decorator.py took 0.077 seconds
[2023-12-27T12:53:27.343+0545] {processor.py:161} INFO - Started process (PID=17725) to work on /home/sarita/Documents/apache-airflow-project/.venv/lib/python3.9/site-packages/airflow/example_dags/example_python_decorator.py
[2023-12-27T12:53:27.345+0545] {processor.py:830} INFO - Processing file /home/sarita/Documents/apache-airflow-project/.venv/lib/python3.9/site-packages/airflow/example_dags/example_python_decorator.py for tasks to queue
[2023-12-27T12:53:27.346+0545] {logging_mixin.py:188} INFO - [2023-12-27T12:53:27.346+0545] {dagbag.py:538} INFO - Filling up the DagBag from /home/sarita/Documents/apache-airflow-project/.venv/lib/python3.9/site-packages/airflow/example_dags/example_python_decorator.py
[2023-12-27T12:53:27.353+0545] {processor.py:840} INFO - DAG(s) 'example_python_decorator' retrieved from /home/sarita/Documents/apache-airflow-project/.venv/lib/python3.9/site-packages/airflow/example_dags/example_python_decorator.py
[2023-12-27T12:53:27.365+0545] {logging_mixin.py:188} INFO - [2023-12-27T12:53:27.365+0545] {dag.py:3033} INFO - Sync 1 DAGs
[2023-12-27T12:53:27.374+0545] {logging_mixin.py:188} INFO - [2023-12-27T12:53:27.374+0545] {dag.py:3820} INFO - Setting next_dagrun for example_python_decorator to None, run_after=None
[2023-12-27T12:53:27.391+0545] {processor.py:183} INFO - Processing /home/sarita/Documents/apache-airflow-project/.venv/lib/python3.9/site-packages/airflow/example_dags/example_python_decorator.py took 0.050 seconds
