[2023-12-27T09:37:15.366+0545] {processor.py:161} INFO - Started process (PID=6944) to work on /home/sarita/Documents/apache-airflow-project/.venv/lib/python3.9/site-packages/airflow/example_dags/example_branch_python_dop_operator_3.py
[2023-12-27T09:37:15.366+0545] {processor.py:830} INFO - Processing file /home/sarita/Documents/apache-airflow-project/.venv/lib/python3.9/site-packages/airflow/example_dags/example_branch_python_dop_operator_3.py for tasks to queue
[2023-12-27T09:37:15.367+0545] {logging_mixin.py:188} INFO - [2023-12-27T09:37:15.367+0545] {dagbag.py:538} INFO - Filling up the DagBag from /home/sarita/Documents/apache-airflow-project/.venv/lib/python3.9/site-packages/airflow/example_dags/example_branch_python_dop_operator_3.py
[2023-12-27T09:37:15.375+0545] {processor.py:840} INFO - DAG(s) 'example_branch_dop_operator_v3' retrieved from /home/sarita/Documents/apache-airflow-project/.venv/lib/python3.9/site-packages/airflow/example_dags/example_branch_python_dop_operator_3.py
[2023-12-27T09:37:15.387+0545] {logging_mixin.py:188} INFO - [2023-12-27T09:37:15.387+0545] {dag.py:3033} INFO - Sync 1 DAGs
[2023-12-27T09:37:15.407+0545] {logging_mixin.py:188} INFO - [2023-12-27T09:37:15.407+0545] {dag.py:3820} INFO - Setting next_dagrun for example_branch_dop_operator_v3 to 2023-12-27T03:51:00+00:00, run_after=2023-12-27T03:52:00+00:00
[2023-12-27T09:37:15.426+0545] {processor.py:183} INFO - Processing /home/sarita/Documents/apache-airflow-project/.venv/lib/python3.9/site-packages/airflow/example_dags/example_branch_python_dop_operator_3.py took 0.062 seconds
[2023-12-27T09:38:08.764+0545] {processor.py:161} INFO - Started process (PID=7009) to work on /home/sarita/Documents/apache-airflow-project/.venv/lib/python3.9/site-packages/airflow/example_dags/example_branch_python_dop_operator_3.py
[2023-12-27T09:38:08.768+0545] {processor.py:830} INFO - Processing file /home/sarita/Documents/apache-airflow-project/.venv/lib/python3.9/site-packages/airflow/example_dags/example_branch_python_dop_operator_3.py for tasks to queue
[2023-12-27T09:38:08.771+0545] {logging_mixin.py:188} INFO - [2023-12-27T09:38:08.770+0545] {dagbag.py:538} INFO - Filling up the DagBag from /home/sarita/Documents/apache-airflow-project/.venv/lib/python3.9/site-packages/airflow/example_dags/example_branch_python_dop_operator_3.py
[2023-12-27T09:38:08.786+0545] {processor.py:840} INFO - DAG(s) 'example_branch_dop_operator_v3' retrieved from /home/sarita/Documents/apache-airflow-project/.venv/lib/python3.9/site-packages/airflow/example_dags/example_branch_python_dop_operator_3.py
[2023-12-27T09:38:08.800+0545] {logging_mixin.py:188} INFO - [2023-12-27T09:38:08.799+0545] {dag.py:3033} INFO - Sync 1 DAGs
[2023-12-27T09:38:08.819+0545] {logging_mixin.py:188} INFO - [2023-12-27T09:38:08.819+0545] {dag.py:3820} INFO - Setting next_dagrun for example_branch_dop_operator_v3 to 2023-12-27T03:52:00+00:00, run_after=2023-12-27T03:53:00+00:00
[2023-12-27T09:38:08.838+0545] {processor.py:183} INFO - Processing /home/sarita/Documents/apache-airflow-project/.venv/lib/python3.9/site-packages/airflow/example_dags/example_branch_python_dop_operator_3.py took 0.082 seconds
[2023-12-27T09:39:05.598+0545] {processor.py:161} INFO - Started process (PID=7131) to work on /home/sarita/Documents/apache-airflow-project/.venv/lib/python3.9/site-packages/airflow/example_dags/example_branch_python_dop_operator_3.py
[2023-12-27T09:39:05.602+0545] {processor.py:830} INFO - Processing file /home/sarita/Documents/apache-airflow-project/.venv/lib/python3.9/site-packages/airflow/example_dags/example_branch_python_dop_operator_3.py for tasks to queue
[2023-12-27T09:39:05.604+0545] {logging_mixin.py:188} INFO - [2023-12-27T09:39:05.603+0545] {dagbag.py:538} INFO - Filling up the DagBag from /home/sarita/Documents/apache-airflow-project/.venv/lib/python3.9/site-packages/airflow/example_dags/example_branch_python_dop_operator_3.py
[2023-12-27T09:39:05.622+0545] {processor.py:840} INFO - DAG(s) 'example_branch_dop_operator_v3' retrieved from /home/sarita/Documents/apache-airflow-project/.venv/lib/python3.9/site-packages/airflow/example_dags/example_branch_python_dop_operator_3.py
[2023-12-27T09:39:05.636+0545] {logging_mixin.py:188} INFO - [2023-12-27T09:39:05.636+0545] {dag.py:3033} INFO - Sync 1 DAGs
[2023-12-27T09:39:05.655+0545] {logging_mixin.py:188} INFO - [2023-12-27T09:39:05.654+0545] {dag.py:3820} INFO - Setting next_dagrun for example_branch_dop_operator_v3 to 2023-12-27T03:53:00+00:00, run_after=2023-12-27T03:54:00+00:00
[2023-12-27T09:39:05.673+0545] {processor.py:183} INFO - Processing /home/sarita/Documents/apache-airflow-project/.venv/lib/python3.9/site-packages/airflow/example_dags/example_branch_python_dop_operator_3.py took 0.081 seconds
[2023-12-27T09:40:01.127+0545] {processor.py:161} INFO - Started process (PID=7224) to work on /home/sarita/Documents/apache-airflow-project/.venv/lib/python3.9/site-packages/airflow/example_dags/example_branch_python_dop_operator_3.py
[2023-12-27T09:40:01.128+0545] {processor.py:830} INFO - Processing file /home/sarita/Documents/apache-airflow-project/.venv/lib/python3.9/site-packages/airflow/example_dags/example_branch_python_dop_operator_3.py for tasks to queue
[2023-12-27T09:40:01.129+0545] {logging_mixin.py:188} INFO - [2023-12-27T09:40:01.129+0545] {dagbag.py:538} INFO - Filling up the DagBag from /home/sarita/Documents/apache-airflow-project/.venv/lib/python3.9/site-packages/airflow/example_dags/example_branch_python_dop_operator_3.py
[2023-12-27T09:40:01.139+0545] {processor.py:840} INFO - DAG(s) 'example_branch_dop_operator_v3' retrieved from /home/sarita/Documents/apache-airflow-project/.venv/lib/python3.9/site-packages/airflow/example_dags/example_branch_python_dop_operator_3.py
[2023-12-27T09:40:01.153+0545] {logging_mixin.py:188} INFO - [2023-12-27T09:40:01.153+0545] {dag.py:3033} INFO - Sync 1 DAGs
[2023-12-27T09:40:01.173+0545] {logging_mixin.py:188} INFO - [2023-12-27T09:40:01.173+0545] {dag.py:3820} INFO - Setting next_dagrun for example_branch_dop_operator_v3 to 2023-12-27T03:54:00+00:00, run_after=2023-12-27T03:55:00+00:00
[2023-12-27T09:40:01.191+0545] {processor.py:183} INFO - Processing /home/sarita/Documents/apache-airflow-project/.venv/lib/python3.9/site-packages/airflow/example_dags/example_branch_python_dop_operator_3.py took 0.067 seconds
[2023-12-27T09:40:56.666+0545] {processor.py:161} INFO - Started process (PID=7457) to work on /home/sarita/Documents/apache-airflow-project/.venv/lib/python3.9/site-packages/airflow/example_dags/example_branch_python_dop_operator_3.py
[2023-12-27T09:40:56.668+0545] {processor.py:830} INFO - Processing file /home/sarita/Documents/apache-airflow-project/.venv/lib/python3.9/site-packages/airflow/example_dags/example_branch_python_dop_operator_3.py for tasks to queue
[2023-12-27T09:40:56.668+0545] {logging_mixin.py:188} INFO - [2023-12-27T09:40:56.668+0545] {dagbag.py:538} INFO - Filling up the DagBag from /home/sarita/Documents/apache-airflow-project/.venv/lib/python3.9/site-packages/airflow/example_dags/example_branch_python_dop_operator_3.py
[2023-12-27T09:40:56.676+0545] {processor.py:840} INFO - DAG(s) 'example_branch_dop_operator_v3' retrieved from /home/sarita/Documents/apache-airflow-project/.venv/lib/python3.9/site-packages/airflow/example_dags/example_branch_python_dop_operator_3.py
[2023-12-27T09:40:56.688+0545] {logging_mixin.py:188} INFO - [2023-12-27T09:40:56.688+0545] {dag.py:3033} INFO - Sync 1 DAGs
[2023-12-27T09:40:56.707+0545] {logging_mixin.py:188} INFO - [2023-12-27T09:40:56.707+0545] {dag.py:3820} INFO - Setting next_dagrun for example_branch_dop_operator_v3 to 2023-12-27T03:54:00+00:00, run_after=2023-12-27T03:55:00+00:00
[2023-12-27T09:40:56.726+0545] {processor.py:183} INFO - Processing /home/sarita/Documents/apache-airflow-project/.venv/lib/python3.9/site-packages/airflow/example_dags/example_branch_python_dop_operator_3.py took 0.063 seconds
[2023-12-27T09:41:54.280+0545] {processor.py:161} INFO - Started process (PID=7731) to work on /home/sarita/Documents/apache-airflow-project/.venv/lib/python3.9/site-packages/airflow/example_dags/example_branch_python_dop_operator_3.py
[2023-12-27T09:41:54.283+0545] {processor.py:830} INFO - Processing file /home/sarita/Documents/apache-airflow-project/.venv/lib/python3.9/site-packages/airflow/example_dags/example_branch_python_dop_operator_3.py for tasks to queue
[2023-12-27T09:41:54.286+0545] {logging_mixin.py:188} INFO - [2023-12-27T09:41:54.285+0545] {dagbag.py:538} INFO - Filling up the DagBag from /home/sarita/Documents/apache-airflow-project/.venv/lib/python3.9/site-packages/airflow/example_dags/example_branch_python_dop_operator_3.py
[2023-12-27T09:41:54.301+0545] {processor.py:840} INFO - DAG(s) 'example_branch_dop_operator_v3' retrieved from /home/sarita/Documents/apache-airflow-project/.venv/lib/python3.9/site-packages/airflow/example_dags/example_branch_python_dop_operator_3.py
[2023-12-27T09:41:54.315+0545] {logging_mixin.py:188} INFO - [2023-12-27T09:41:54.315+0545] {dag.py:3033} INFO - Sync 1 DAGs
[2023-12-27T09:41:54.335+0545] {logging_mixin.py:188} INFO - [2023-12-27T09:41:54.335+0545] {dag.py:3820} INFO - Setting next_dagrun for example_branch_dop_operator_v3 to 2023-12-27T03:55:00+00:00, run_after=2023-12-27T03:56:00+00:00
[2023-12-27T09:41:54.357+0545] {processor.py:183} INFO - Processing /home/sarita/Documents/apache-airflow-project/.venv/lib/python3.9/site-packages/airflow/example_dags/example_branch_python_dop_operator_3.py took 0.084 seconds
[2023-12-27T09:42:48.499+0545] {processor.py:161} INFO - Started process (PID=7821) to work on /home/sarita/Documents/apache-airflow-project/.venv/lib/python3.9/site-packages/airflow/example_dags/example_branch_python_dop_operator_3.py
[2023-12-27T09:42:48.502+0545] {processor.py:830} INFO - Processing file /home/sarita/Documents/apache-airflow-project/.venv/lib/python3.9/site-packages/airflow/example_dags/example_branch_python_dop_operator_3.py for tasks to queue
[2023-12-27T09:42:48.504+0545] {logging_mixin.py:188} INFO - [2023-12-27T09:42:48.503+0545] {dagbag.py:538} INFO - Filling up the DagBag from /home/sarita/Documents/apache-airflow-project/.venv/lib/python3.9/site-packages/airflow/example_dags/example_branch_python_dop_operator_3.py
[2023-12-27T09:42:48.520+0545] {processor.py:840} INFO - DAG(s) 'example_branch_dop_operator_v3' retrieved from /home/sarita/Documents/apache-airflow-project/.venv/lib/python3.9/site-packages/airflow/example_dags/example_branch_python_dop_operator_3.py
[2023-12-27T09:42:48.534+0545] {logging_mixin.py:188} INFO - [2023-12-27T09:42:48.534+0545] {dag.py:3033} INFO - Sync 1 DAGs
[2023-12-27T09:42:48.554+0545] {logging_mixin.py:188} INFO - [2023-12-27T09:42:48.554+0545] {dag.py:3820} INFO - Setting next_dagrun for example_branch_dop_operator_v3 to 2023-12-27T03:56:00+00:00, run_after=2023-12-27T03:57:00+00:00
[2023-12-27T09:42:48.574+0545] {processor.py:183} INFO - Processing /home/sarita/Documents/apache-airflow-project/.venv/lib/python3.9/site-packages/airflow/example_dags/example_branch_python_dop_operator_3.py took 0.085 seconds
[2023-12-27T09:43:39.964+0545] {processor.py:161} INFO - Started process (PID=7894) to work on /home/sarita/Documents/apache-airflow-project/.venv/lib/python3.9/site-packages/airflow/example_dags/example_branch_python_dop_operator_3.py
[2023-12-27T09:43:39.966+0545] {processor.py:830} INFO - Processing file /home/sarita/Documents/apache-airflow-project/.venv/lib/python3.9/site-packages/airflow/example_dags/example_branch_python_dop_operator_3.py for tasks to queue
[2023-12-27T09:43:39.967+0545] {logging_mixin.py:188} INFO - [2023-12-27T09:43:39.967+0545] {dagbag.py:538} INFO - Filling up the DagBag from /home/sarita/Documents/apache-airflow-project/.venv/lib/python3.9/site-packages/airflow/example_dags/example_branch_python_dop_operator_3.py
[2023-12-27T09:43:39.979+0545] {processor.py:840} INFO - DAG(s) 'example_branch_dop_operator_v3' retrieved from /home/sarita/Documents/apache-airflow-project/.venv/lib/python3.9/site-packages/airflow/example_dags/example_branch_python_dop_operator_3.py
[2023-12-27T09:43:39.996+0545] {logging_mixin.py:188} INFO - [2023-12-27T09:43:39.995+0545] {dag.py:3033} INFO - Sync 1 DAGs
[2023-12-27T09:43:40.014+0545] {logging_mixin.py:188} INFO - [2023-12-27T09:43:40.014+0545] {dag.py:3820} INFO - Setting next_dagrun for example_branch_dop_operator_v3 to 2023-12-27T03:57:00+00:00, run_after=2023-12-27T03:58:00+00:00
[2023-12-27T09:43:40.032+0545] {processor.py:183} INFO - Processing /home/sarita/Documents/apache-airflow-project/.venv/lib/python3.9/site-packages/airflow/example_dags/example_branch_python_dop_operator_3.py took 0.072 seconds
[2023-12-27T09:44:36.577+0545] {processor.py:161} INFO - Started process (PID=7967) to work on /home/sarita/Documents/apache-airflow-project/.venv/lib/python3.9/site-packages/airflow/example_dags/example_branch_python_dop_operator_3.py
[2023-12-27T09:44:36.581+0545] {processor.py:830} INFO - Processing file /home/sarita/Documents/apache-airflow-project/.venv/lib/python3.9/site-packages/airflow/example_dags/example_branch_python_dop_operator_3.py for tasks to queue
[2023-12-27T09:44:36.583+0545] {logging_mixin.py:188} INFO - [2023-12-27T09:44:36.582+0545] {dagbag.py:538} INFO - Filling up the DagBag from /home/sarita/Documents/apache-airflow-project/.venv/lib/python3.9/site-packages/airflow/example_dags/example_branch_python_dop_operator_3.py
[2023-12-27T09:44:36.602+0545] {processor.py:840} INFO - DAG(s) 'example_branch_dop_operator_v3' retrieved from /home/sarita/Documents/apache-airflow-project/.venv/lib/python3.9/site-packages/airflow/example_dags/example_branch_python_dop_operator_3.py
[2023-12-27T09:44:36.617+0545] {logging_mixin.py:188} INFO - [2023-12-27T09:44:36.617+0545] {dag.py:3033} INFO - Sync 1 DAGs
[2023-12-27T09:44:36.635+0545] {logging_mixin.py:188} INFO - [2023-12-27T09:44:36.635+0545] {dag.py:3820} INFO - Setting next_dagrun for example_branch_dop_operator_v3 to 2023-12-27T03:58:00+00:00, run_after=2023-12-27T03:59:00+00:00
[2023-12-27T09:44:36.654+0545] {processor.py:183} INFO - Processing /home/sarita/Documents/apache-airflow-project/.venv/lib/python3.9/site-packages/airflow/example_dags/example_branch_python_dop_operator_3.py took 0.083 seconds
[2023-12-27T09:45:32.478+0545] {processor.py:161} INFO - Started process (PID=8407) to work on /home/sarita/Documents/apache-airflow-project/.venv/lib/python3.9/site-packages/airflow/example_dags/example_branch_python_dop_operator_3.py
[2023-12-27T09:45:32.480+0545] {processor.py:830} INFO - Processing file /home/sarita/Documents/apache-airflow-project/.venv/lib/python3.9/site-packages/airflow/example_dags/example_branch_python_dop_operator_3.py for tasks to queue
[2023-12-27T09:45:32.481+0545] {logging_mixin.py:188} INFO - [2023-12-27T09:45:32.480+0545] {dagbag.py:538} INFO - Filling up the DagBag from /home/sarita/Documents/apache-airflow-project/.venv/lib/python3.9/site-packages/airflow/example_dags/example_branch_python_dop_operator_3.py
[2023-12-27T09:45:32.490+0545] {processor.py:840} INFO - DAG(s) 'example_branch_dop_operator_v3' retrieved from /home/sarita/Documents/apache-airflow-project/.venv/lib/python3.9/site-packages/airflow/example_dags/example_branch_python_dop_operator_3.py
[2023-12-27T09:45:32.504+0545] {logging_mixin.py:188} INFO - [2023-12-27T09:45:32.504+0545] {dag.py:3033} INFO - Sync 1 DAGs
[2023-12-27T09:45:32.532+0545] {logging_mixin.py:188} INFO - [2023-12-27T09:45:32.532+0545] {dag.py:3820} INFO - Setting next_dagrun for example_branch_dop_operator_v3 to 2023-12-27T03:59:00+00:00, run_after=2023-12-27T04:00:00+00:00
[2023-12-27T09:45:32.555+0545] {processor.py:183} INFO - Processing /home/sarita/Documents/apache-airflow-project/.venv/lib/python3.9/site-packages/airflow/example_dags/example_branch_python_dop_operator_3.py took 0.079 seconds
[2023-12-27T09:46:25.545+0545] {processor.py:161} INFO - Started process (PID=8497) to work on /home/sarita/Documents/apache-airflow-project/.venv/lib/python3.9/site-packages/airflow/example_dags/example_branch_python_dop_operator_3.py
[2023-12-27T09:46:25.547+0545] {processor.py:830} INFO - Processing file /home/sarita/Documents/apache-airflow-project/.venv/lib/python3.9/site-packages/airflow/example_dags/example_branch_python_dop_operator_3.py for tasks to queue
[2023-12-27T09:46:25.547+0545] {logging_mixin.py:188} INFO - [2023-12-27T09:46:25.547+0545] {dagbag.py:538} INFO - Filling up the DagBag from /home/sarita/Documents/apache-airflow-project/.venv/lib/python3.9/site-packages/airflow/example_dags/example_branch_python_dop_operator_3.py
[2023-12-27T09:46:25.554+0545] {processor.py:840} INFO - DAG(s) 'example_branch_dop_operator_v3' retrieved from /home/sarita/Documents/apache-airflow-project/.venv/lib/python3.9/site-packages/airflow/example_dags/example_branch_python_dop_operator_3.py
[2023-12-27T09:46:25.564+0545] {logging_mixin.py:188} INFO - [2023-12-27T09:46:25.564+0545] {dag.py:3033} INFO - Sync 1 DAGs
[2023-12-27T09:46:25.581+0545] {logging_mixin.py:188} INFO - [2023-12-27T09:46:25.581+0545] {dag.py:3820} INFO - Setting next_dagrun for example_branch_dop_operator_v3 to 2023-12-27T04:00:00+00:00, run_after=2023-12-27T04:01:00+00:00
[2023-12-27T09:46:25.599+0545] {processor.py:183} INFO - Processing /home/sarita/Documents/apache-airflow-project/.venv/lib/python3.9/site-packages/airflow/example_dags/example_branch_python_dop_operator_3.py took 0.056 seconds
[2023-12-27T09:47:23.241+0545] {processor.py:161} INFO - Started process (PID=8556) to work on /home/sarita/Documents/apache-airflow-project/.venv/lib/python3.9/site-packages/airflow/example_dags/example_branch_python_dop_operator_3.py
[2023-12-27T09:47:23.244+0545] {processor.py:830} INFO - Processing file /home/sarita/Documents/apache-airflow-project/.venv/lib/python3.9/site-packages/airflow/example_dags/example_branch_python_dop_operator_3.py for tasks to queue
[2023-12-27T09:47:23.247+0545] {logging_mixin.py:188} INFO - [2023-12-27T09:47:23.246+0545] {dagbag.py:538} INFO - Filling up the DagBag from /home/sarita/Documents/apache-airflow-project/.venv/lib/python3.9/site-packages/airflow/example_dags/example_branch_python_dop_operator_3.py
[2023-12-27T09:47:23.260+0545] {processor.py:840} INFO - DAG(s) 'example_branch_dop_operator_v3' retrieved from /home/sarita/Documents/apache-airflow-project/.venv/lib/python3.9/site-packages/airflow/example_dags/example_branch_python_dop_operator_3.py
[2023-12-27T09:47:23.272+0545] {logging_mixin.py:188} INFO - [2023-12-27T09:47:23.272+0545] {dag.py:3033} INFO - Sync 1 DAGs
[2023-12-27T09:47:23.293+0545] {logging_mixin.py:188} INFO - [2023-12-27T09:47:23.293+0545] {dag.py:3820} INFO - Setting next_dagrun for example_branch_dop_operator_v3 to 2023-12-27T04:01:00+00:00, run_after=2023-12-27T04:02:00+00:00
[2023-12-27T09:47:23.315+0545] {processor.py:183} INFO - Processing /home/sarita/Documents/apache-airflow-project/.venv/lib/python3.9/site-packages/airflow/example_dags/example_branch_python_dop_operator_3.py took 0.081 seconds
[2023-12-27T09:48:22.017+0545] {processor.py:161} INFO - Started process (PID=8642) to work on /home/sarita/Documents/apache-airflow-project/.venv/lib/python3.9/site-packages/airflow/example_dags/example_branch_python_dop_operator_3.py
[2023-12-27T09:48:22.020+0545] {processor.py:830} INFO - Processing file /home/sarita/Documents/apache-airflow-project/.venv/lib/python3.9/site-packages/airflow/example_dags/example_branch_python_dop_operator_3.py for tasks to queue
[2023-12-27T09:48:22.024+0545] {logging_mixin.py:188} INFO - [2023-12-27T09:48:22.022+0545] {dagbag.py:538} INFO - Filling up the DagBag from /home/sarita/Documents/apache-airflow-project/.venv/lib/python3.9/site-packages/airflow/example_dags/example_branch_python_dop_operator_3.py
[2023-12-27T09:48:22.051+0545] {processor.py:840} INFO - DAG(s) 'example_branch_dop_operator_v3' retrieved from /home/sarita/Documents/apache-airflow-project/.venv/lib/python3.9/site-packages/airflow/example_dags/example_branch_python_dop_operator_3.py
[2023-12-27T09:48:22.090+0545] {logging_mixin.py:188} INFO - [2023-12-27T09:48:22.090+0545] {dag.py:3033} INFO - Sync 1 DAGs
[2023-12-27T09:48:22.119+0545] {logging_mixin.py:188} INFO - [2023-12-27T09:48:22.118+0545] {dag.py:3820} INFO - Setting next_dagrun for example_branch_dop_operator_v3 to 2023-12-27T04:02:00+00:00, run_after=2023-12-27T04:03:00+00:00
[2023-12-27T09:48:22.140+0545] {processor.py:183} INFO - Processing /home/sarita/Documents/apache-airflow-project/.venv/lib/python3.9/site-packages/airflow/example_dags/example_branch_python_dop_operator_3.py took 0.131 seconds
[2023-12-27T09:49:15.484+0545] {processor.py:161} INFO - Started process (PID=8700) to work on /home/sarita/Documents/apache-airflow-project/.venv/lib/python3.9/site-packages/airflow/example_dags/example_branch_python_dop_operator_3.py
[2023-12-27T09:49:15.488+0545] {processor.py:830} INFO - Processing file /home/sarita/Documents/apache-airflow-project/.venv/lib/python3.9/site-packages/airflow/example_dags/example_branch_python_dop_operator_3.py for tasks to queue
[2023-12-27T09:49:15.490+0545] {logging_mixin.py:188} INFO - [2023-12-27T09:49:15.489+0545] {dagbag.py:538} INFO - Filling up the DagBag from /home/sarita/Documents/apache-airflow-project/.venv/lib/python3.9/site-packages/airflow/example_dags/example_branch_python_dop_operator_3.py
[2023-12-27T09:49:15.509+0545] {processor.py:840} INFO - DAG(s) 'example_branch_dop_operator_v3' retrieved from /home/sarita/Documents/apache-airflow-project/.venv/lib/python3.9/site-packages/airflow/example_dags/example_branch_python_dop_operator_3.py
[2023-12-27T09:49:15.524+0545] {logging_mixin.py:188} INFO - [2023-12-27T09:49:15.524+0545] {dag.py:3033} INFO - Sync 1 DAGs
[2023-12-27T09:49:15.543+0545] {logging_mixin.py:188} INFO - [2023-12-27T09:49:15.543+0545] {dag.py:3820} INFO - Setting next_dagrun for example_branch_dop_operator_v3 to 2023-12-27T04:03:00+00:00, run_after=2023-12-27T04:04:00+00:00
[2023-12-27T09:49:15.571+0545] {processor.py:183} INFO - Processing /home/sarita/Documents/apache-airflow-project/.venv/lib/python3.9/site-packages/airflow/example_dags/example_branch_python_dop_operator_3.py took 0.093 seconds
[2023-12-27T09:50:11.642+0545] {processor.py:161} INFO - Started process (PID=8763) to work on /home/sarita/Documents/apache-airflow-project/.venv/lib/python3.9/site-packages/airflow/example_dags/example_branch_python_dop_operator_3.py
[2023-12-27T09:50:11.644+0545] {processor.py:830} INFO - Processing file /home/sarita/Documents/apache-airflow-project/.venv/lib/python3.9/site-packages/airflow/example_dags/example_branch_python_dop_operator_3.py for tasks to queue
[2023-12-27T09:50:11.644+0545] {logging_mixin.py:188} INFO - [2023-12-27T09:50:11.644+0545] {dagbag.py:538} INFO - Filling up the DagBag from /home/sarita/Documents/apache-airflow-project/.venv/lib/python3.9/site-packages/airflow/example_dags/example_branch_python_dop_operator_3.py
[2023-12-27T09:50:11.651+0545] {processor.py:840} INFO - DAG(s) 'example_branch_dop_operator_v3' retrieved from /home/sarita/Documents/apache-airflow-project/.venv/lib/python3.9/site-packages/airflow/example_dags/example_branch_python_dop_operator_3.py
[2023-12-27T09:50:11.662+0545] {logging_mixin.py:188} INFO - [2023-12-27T09:50:11.661+0545] {dag.py:3033} INFO - Sync 1 DAGs
[2023-12-27T09:50:11.680+0545] {logging_mixin.py:188} INFO - [2023-12-27T09:50:11.680+0545] {dag.py:3820} INFO - Setting next_dagrun for example_branch_dop_operator_v3 to 2023-12-27T04:04:00+00:00, run_after=2023-12-27T04:05:00+00:00
[2023-12-27T09:50:11.698+0545] {processor.py:183} INFO - Processing /home/sarita/Documents/apache-airflow-project/.venv/lib/python3.9/site-packages/airflow/example_dags/example_branch_python_dop_operator_3.py took 0.059 seconds
[2023-12-27T09:51:11.082+0545] {processor.py:161} INFO - Started process (PID=8867) to work on /home/sarita/Documents/apache-airflow-project/.venv/lib/python3.9/site-packages/airflow/example_dags/example_branch_python_dop_operator_3.py
[2023-12-27T09:51:11.086+0545] {processor.py:830} INFO - Processing file /home/sarita/Documents/apache-airflow-project/.venv/lib/python3.9/site-packages/airflow/example_dags/example_branch_python_dop_operator_3.py for tasks to queue
[2023-12-27T09:51:11.088+0545] {logging_mixin.py:188} INFO - [2023-12-27T09:51:11.087+0545] {dagbag.py:538} INFO - Filling up the DagBag from /home/sarita/Documents/apache-airflow-project/.venv/lib/python3.9/site-packages/airflow/example_dags/example_branch_python_dop_operator_3.py
[2023-12-27T09:51:11.108+0545] {processor.py:840} INFO - DAG(s) 'example_branch_dop_operator_v3' retrieved from /home/sarita/Documents/apache-airflow-project/.venv/lib/python3.9/site-packages/airflow/example_dags/example_branch_python_dop_operator_3.py
[2023-12-27T09:51:11.124+0545] {logging_mixin.py:188} INFO - [2023-12-27T09:51:11.124+0545] {dag.py:3033} INFO - Sync 1 DAGs
[2023-12-27T09:51:11.142+0545] {logging_mixin.py:188} INFO - [2023-12-27T09:51:11.142+0545] {dag.py:3820} INFO - Setting next_dagrun for example_branch_dop_operator_v3 to 2023-12-27T04:05:00+00:00, run_after=2023-12-27T04:06:00+00:00
[2023-12-27T09:51:11.170+0545] {processor.py:183} INFO - Processing /home/sarita/Documents/apache-airflow-project/.venv/lib/python3.9/site-packages/airflow/example_dags/example_branch_python_dop_operator_3.py took 0.095 seconds
[2023-12-27T09:52:09.126+0545] {processor.py:161} INFO - Started process (PID=8970) to work on /home/sarita/Documents/apache-airflow-project/.venv/lib/python3.9/site-packages/airflow/example_dags/example_branch_python_dop_operator_3.py
[2023-12-27T09:52:09.128+0545] {processor.py:830} INFO - Processing file /home/sarita/Documents/apache-airflow-project/.venv/lib/python3.9/site-packages/airflow/example_dags/example_branch_python_dop_operator_3.py for tasks to queue
[2023-12-27T09:52:09.129+0545] {logging_mixin.py:188} INFO - [2023-12-27T09:52:09.128+0545] {dagbag.py:538} INFO - Filling up the DagBag from /home/sarita/Documents/apache-airflow-project/.venv/lib/python3.9/site-packages/airflow/example_dags/example_branch_python_dop_operator_3.py
[2023-12-27T09:52:09.136+0545] {processor.py:840} INFO - DAG(s) 'example_branch_dop_operator_v3' retrieved from /home/sarita/Documents/apache-airflow-project/.venv/lib/python3.9/site-packages/airflow/example_dags/example_branch_python_dop_operator_3.py
[2023-12-27T09:52:09.148+0545] {logging_mixin.py:188} INFO - [2023-12-27T09:52:09.148+0545] {dag.py:3033} INFO - Sync 1 DAGs
[2023-12-27T09:52:09.169+0545] {logging_mixin.py:188} INFO - [2023-12-27T09:52:09.168+0545] {dag.py:3820} INFO - Setting next_dagrun for example_branch_dop_operator_v3 to 2023-12-27T04:06:00+00:00, run_after=2023-12-27T04:07:00+00:00
[2023-12-27T09:52:09.194+0545] {processor.py:183} INFO - Processing /home/sarita/Documents/apache-airflow-project/.venv/lib/python3.9/site-packages/airflow/example_dags/example_branch_python_dop_operator_3.py took 0.070 seconds
[2023-12-27T12:18:58.300+0545] {processor.py:161} INFO - Started process (PID=13616) to work on /home/sarita/Documents/apache-airflow-project/.venv/lib/python3.9/site-packages/airflow/example_dags/example_branch_python_dop_operator_3.py
[2023-12-27T12:18:58.301+0545] {processor.py:830} INFO - Processing file /home/sarita/Documents/apache-airflow-project/.venv/lib/python3.9/site-packages/airflow/example_dags/example_branch_python_dop_operator_3.py for tasks to queue
[2023-12-27T12:18:58.302+0545] {logging_mixin.py:188} INFO - [2023-12-27T12:18:58.301+0545] {dagbag.py:538} INFO - Filling up the DagBag from /home/sarita/Documents/apache-airflow-project/.venv/lib/python3.9/site-packages/airflow/example_dags/example_branch_python_dop_operator_3.py
[2023-12-27T12:18:58.308+0545] {processor.py:840} INFO - DAG(s) 'example_branch_dop_operator_v3' retrieved from /home/sarita/Documents/apache-airflow-project/.venv/lib/python3.9/site-packages/airflow/example_dags/example_branch_python_dop_operator_3.py
[2023-12-27T12:18:58.319+0545] {logging_mixin.py:188} INFO - [2023-12-27T12:18:58.319+0545] {dag.py:3033} INFO - Sync 1 DAGs
[2023-12-27T12:18:58.337+0545] {logging_mixin.py:188} INFO - [2023-12-27T12:18:58.337+0545] {dag.py:3820} INFO - Setting next_dagrun for example_branch_dop_operator_v3 to 2023-12-27T06:32:00+00:00, run_after=2023-12-27T06:33:00+00:00
[2023-12-27T12:18:58.354+0545] {processor.py:183} INFO - Processing /home/sarita/Documents/apache-airflow-project/.venv/lib/python3.9/site-packages/airflow/example_dags/example_branch_python_dop_operator_3.py took 0.055 seconds
[2023-12-27T12:39:54.048+0545] {processor.py:161} INFO - Started process (PID=15518) to work on /home/sarita/Documents/apache-airflow-project/.venv/lib/python3.9/site-packages/airflow/example_dags/example_branch_python_dop_operator_3.py
[2023-12-27T12:39:54.052+0545] {processor.py:830} INFO - Processing file /home/sarita/Documents/apache-airflow-project/.venv/lib/python3.9/site-packages/airflow/example_dags/example_branch_python_dop_operator_3.py for tasks to queue
[2023-12-27T12:39:54.054+0545] {logging_mixin.py:188} INFO - [2023-12-27T12:39:54.053+0545] {dagbag.py:538} INFO - Filling up the DagBag from /home/sarita/Documents/apache-airflow-project/.venv/lib/python3.9/site-packages/airflow/example_dags/example_branch_python_dop_operator_3.py
[2023-12-27T12:39:54.075+0545] {processor.py:840} INFO - DAG(s) 'example_branch_dop_operator_v3' retrieved from /home/sarita/Documents/apache-airflow-project/.venv/lib/python3.9/site-packages/airflow/example_dags/example_branch_python_dop_operator_3.py
[2023-12-27T12:39:54.089+0545] {logging_mixin.py:188} INFO - [2023-12-27T12:39:54.089+0545] {dag.py:3033} INFO - Sync 1 DAGs
[2023-12-27T12:39:54.107+0545] {logging_mixin.py:188} INFO - [2023-12-27T12:39:54.107+0545] {dag.py:3820} INFO - Setting next_dagrun for example_branch_dop_operator_v3 to 2023-12-27T06:53:00+00:00, run_after=2023-12-27T06:54:00+00:00
[2023-12-27T12:39:54.125+0545] {processor.py:183} INFO - Processing /home/sarita/Documents/apache-airflow-project/.venv/lib/python3.9/site-packages/airflow/example_dags/example_branch_python_dop_operator_3.py took 0.085 seconds
[2023-12-27T12:52:54.801+0545] {processor.py:161} INFO - Started process (PID=17644) to work on /home/sarita/Documents/apache-airflow-project/.venv/lib/python3.9/site-packages/airflow/example_dags/example_branch_python_dop_operator_3.py
[2023-12-27T12:52:54.803+0545] {processor.py:830} INFO - Processing file /home/sarita/Documents/apache-airflow-project/.venv/lib/python3.9/site-packages/airflow/example_dags/example_branch_python_dop_operator_3.py for tasks to queue
[2023-12-27T12:52:54.804+0545] {logging_mixin.py:188} INFO - [2023-12-27T12:52:54.804+0545] {dagbag.py:538} INFO - Filling up the DagBag from /home/sarita/Documents/apache-airflow-project/.venv/lib/python3.9/site-packages/airflow/example_dags/example_branch_python_dop_operator_3.py
[2023-12-27T12:52:54.812+0545] {processor.py:840} INFO - DAG(s) 'example_branch_dop_operator_v3' retrieved from /home/sarita/Documents/apache-airflow-project/.venv/lib/python3.9/site-packages/airflow/example_dags/example_branch_python_dop_operator_3.py
[2023-12-27T12:52:54.822+0545] {logging_mixin.py:188} INFO - [2023-12-27T12:52:54.822+0545] {dag.py:3033} INFO - Sync 1 DAGs
[2023-12-27T12:52:54.839+0545] {logging_mixin.py:188} INFO - [2023-12-27T12:52:54.839+0545] {dag.py:3820} INFO - Setting next_dagrun for example_branch_dop_operator_v3 to 2023-12-27T07:06:00+00:00, run_after=2023-12-27T07:07:00+00:00
[2023-12-27T12:52:54.855+0545] {processor.py:183} INFO - Processing /home/sarita/Documents/apache-airflow-project/.venv/lib/python3.9/site-packages/airflow/example_dags/example_branch_python_dop_operator_3.py took 0.056 seconds
