[2023-12-27T09:36:49.813+0545] {processor.py:161} INFO - Started process (PID=6913) to work on /home/sarita/Documents/apache-airflow-project/.venv/lib/python3.9/site-packages/airflow/example_dags/example_params_ui_tutorial.py
[2023-12-27T09:36:49.815+0545] {processor.py:830} INFO - Processing file /home/sarita/Documents/apache-airflow-project/.venv/lib/python3.9/site-packages/airflow/example_dags/example_params_ui_tutorial.py for tasks to queue
[2023-12-27T09:36:49.818+0545] {logging_mixin.py:188} INFO - [2023-12-27T09:36:49.817+0545] {dagbag.py:538} INFO - Filling up the DagBag from /home/sarita/Documents/apache-airflow-project/.venv/lib/python3.9/site-packages/airflow/example_dags/example_params_ui_tutorial.py
[2023-12-27T09:36:49.852+0545] {processor.py:840} INFO - DAG(s) 'example_params_ui_tutorial' retrieved from /home/sarita/Documents/apache-airflow-project/.venv/lib/python3.9/site-packages/airflow/example_dags/example_params_ui_tutorial.py
[2023-12-27T09:36:50.026+0545] {logging_mixin.py:188} INFO - [2023-12-27T09:36:50.026+0545] {dag.py:3033} INFO - Sync 1 DAGs
[2023-12-27T09:36:50.033+0545] {logging_mixin.py:188} INFO - [2023-12-27T09:36:50.033+0545] {dag.py:3820} INFO - Setting next_dagrun for example_params_ui_tutorial to None, run_after=None
[2023-12-27T09:36:50.053+0545] {processor.py:183} INFO - Processing /home/sarita/Documents/apache-airflow-project/.venv/lib/python3.9/site-packages/airflow/example_dags/example_params_ui_tutorial.py took 0.247 seconds
[2023-12-27T09:37:36.439+0545] {processor.py:161} INFO - Started process (PID=6969) to work on /home/sarita/Documents/apache-airflow-project/.venv/lib/python3.9/site-packages/airflow/example_dags/example_params_ui_tutorial.py
[2023-12-27T09:37:36.441+0545] {processor.py:830} INFO - Processing file /home/sarita/Documents/apache-airflow-project/.venv/lib/python3.9/site-packages/airflow/example_dags/example_params_ui_tutorial.py for tasks to queue
[2023-12-27T09:37:36.442+0545] {logging_mixin.py:188} INFO - [2023-12-27T09:37:36.441+0545] {dagbag.py:538} INFO - Filling up the DagBag from /home/sarita/Documents/apache-airflow-project/.venv/lib/python3.9/site-packages/airflow/example_dags/example_params_ui_tutorial.py
[2023-12-27T09:37:36.451+0545] {processor.py:840} INFO - DAG(s) 'example_params_ui_tutorial' retrieved from /home/sarita/Documents/apache-airflow-project/.venv/lib/python3.9/site-packages/airflow/example_dags/example_params_ui_tutorial.py
[2023-12-27T09:37:36.496+0545] {logging_mixin.py:188} INFO - [2023-12-27T09:37:36.496+0545] {dag.py:3033} INFO - Sync 1 DAGs
[2023-12-27T09:37:36.508+0545] {logging_mixin.py:188} INFO - [2023-12-27T09:37:36.508+0545] {dag.py:3820} INFO - Setting next_dagrun for example_params_ui_tutorial to None, run_after=None
[2023-12-27T09:37:36.529+0545] {processor.py:183} INFO - Processing /home/sarita/Documents/apache-airflow-project/.venv/lib/python3.9/site-packages/airflow/example_dags/example_params_ui_tutorial.py took 0.092 seconds
[2023-12-27T09:38:27.804+0545] {processor.py:161} INFO - Started process (PID=7030) to work on /home/sarita/Documents/apache-airflow-project/.venv/lib/python3.9/site-packages/airflow/example_dags/example_params_ui_tutorial.py
[2023-12-27T09:38:27.806+0545] {processor.py:830} INFO - Processing file /home/sarita/Documents/apache-airflow-project/.venv/lib/python3.9/site-packages/airflow/example_dags/example_params_ui_tutorial.py for tasks to queue
[2023-12-27T09:38:27.807+0545] {logging_mixin.py:188} INFO - [2023-12-27T09:38:27.807+0545] {dagbag.py:538} INFO - Filling up the DagBag from /home/sarita/Documents/apache-airflow-project/.venv/lib/python3.9/site-packages/airflow/example_dags/example_params_ui_tutorial.py
[2023-12-27T09:38:27.818+0545] {processor.py:840} INFO - DAG(s) 'example_params_ui_tutorial' retrieved from /home/sarita/Documents/apache-airflow-project/.venv/lib/python3.9/site-packages/airflow/example_dags/example_params_ui_tutorial.py
[2023-12-27T09:38:27.856+0545] {logging_mixin.py:188} INFO - [2023-12-27T09:38:27.856+0545] {dag.py:3033} INFO - Sync 1 DAGs
[2023-12-27T09:38:27.865+0545] {logging_mixin.py:188} INFO - [2023-12-27T09:38:27.864+0545] {dag.py:3820} INFO - Setting next_dagrun for example_params_ui_tutorial to None, run_after=None
[2023-12-27T09:38:27.883+0545] {processor.py:183} INFO - Processing /home/sarita/Documents/apache-airflow-project/.venv/lib/python3.9/site-packages/airflow/example_dags/example_params_ui_tutorial.py took 0.083 seconds
[2023-12-27T09:39:21.072+0545] {processor.py:161} INFO - Started process (PID=7147) to work on /home/sarita/Documents/apache-airflow-project/.venv/lib/python3.9/site-packages/airflow/example_dags/example_params_ui_tutorial.py
[2023-12-27T09:39:21.074+0545] {processor.py:830} INFO - Processing file /home/sarita/Documents/apache-airflow-project/.venv/lib/python3.9/site-packages/airflow/example_dags/example_params_ui_tutorial.py for tasks to queue
[2023-12-27T09:39:21.075+0545] {logging_mixin.py:188} INFO - [2023-12-27T09:39:21.075+0545] {dagbag.py:538} INFO - Filling up the DagBag from /home/sarita/Documents/apache-airflow-project/.venv/lib/python3.9/site-packages/airflow/example_dags/example_params_ui_tutorial.py
[2023-12-27T09:39:21.086+0545] {processor.py:840} INFO - DAG(s) 'example_params_ui_tutorial' retrieved from /home/sarita/Documents/apache-airflow-project/.venv/lib/python3.9/site-packages/airflow/example_dags/example_params_ui_tutorial.py
[2023-12-27T09:39:21.124+0545] {logging_mixin.py:188} INFO - [2023-12-27T09:39:21.124+0545] {dag.py:3033} INFO - Sync 1 DAGs
[2023-12-27T09:39:21.133+0545] {logging_mixin.py:188} INFO - [2023-12-27T09:39:21.133+0545] {dag.py:3820} INFO - Setting next_dagrun for example_params_ui_tutorial to None, run_after=None
[2023-12-27T09:39:21.154+0545] {processor.py:183} INFO - Processing /home/sarita/Documents/apache-airflow-project/.venv/lib/python3.9/site-packages/airflow/example_dags/example_params_ui_tutorial.py took 0.085 seconds
[2023-12-27T09:40:17.934+0545] {processor.py:161} INFO - Started process (PID=7253) to work on /home/sarita/Documents/apache-airflow-project/.venv/lib/python3.9/site-packages/airflow/example_dags/example_params_ui_tutorial.py
[2023-12-27T09:40:17.936+0545] {processor.py:830} INFO - Processing file /home/sarita/Documents/apache-airflow-project/.venv/lib/python3.9/site-packages/airflow/example_dags/example_params_ui_tutorial.py for tasks to queue
[2023-12-27T09:40:17.937+0545] {logging_mixin.py:188} INFO - [2023-12-27T09:40:17.936+0545] {dagbag.py:538} INFO - Filling up the DagBag from /home/sarita/Documents/apache-airflow-project/.venv/lib/python3.9/site-packages/airflow/example_dags/example_params_ui_tutorial.py
[2023-12-27T09:40:17.945+0545] {processor.py:840} INFO - DAG(s) 'example_params_ui_tutorial' retrieved from /home/sarita/Documents/apache-airflow-project/.venv/lib/python3.9/site-packages/airflow/example_dags/example_params_ui_tutorial.py
[2023-12-27T09:40:17.986+0545] {logging_mixin.py:188} INFO - [2023-12-27T09:40:17.986+0545] {dag.py:3033} INFO - Sync 1 DAGs
[2023-12-27T09:40:17.995+0545] {logging_mixin.py:188} INFO - [2023-12-27T09:40:17.995+0545] {dag.py:3820} INFO - Setting next_dagrun for example_params_ui_tutorial to None, run_after=None
[2023-12-27T09:40:18.016+0545] {processor.py:183} INFO - Processing /home/sarita/Documents/apache-airflow-project/.venv/lib/python3.9/site-packages/airflow/example_dags/example_params_ui_tutorial.py took 0.085 seconds
[2023-12-27T09:41:08.281+0545] {processor.py:161} INFO - Started process (PID=7510) to work on /home/sarita/Documents/apache-airflow-project/.venv/lib/python3.9/site-packages/airflow/example_dags/example_params_ui_tutorial.py
[2023-12-27T09:41:08.284+0545] {processor.py:830} INFO - Processing file /home/sarita/Documents/apache-airflow-project/.venv/lib/python3.9/site-packages/airflow/example_dags/example_params_ui_tutorial.py for tasks to queue
[2023-12-27T09:41:08.285+0545] {logging_mixin.py:188} INFO - [2023-12-27T09:41:08.285+0545] {dagbag.py:538} INFO - Filling up the DagBag from /home/sarita/Documents/apache-airflow-project/.venv/lib/python3.9/site-packages/airflow/example_dags/example_params_ui_tutorial.py
[2023-12-27T09:41:08.300+0545] {processor.py:840} INFO - DAG(s) 'example_params_ui_tutorial' retrieved from /home/sarita/Documents/apache-airflow-project/.venv/lib/python3.9/site-packages/airflow/example_dags/example_params_ui_tutorial.py
[2023-12-27T09:41:08.341+0545] {logging_mixin.py:188} INFO - [2023-12-27T09:41:08.340+0545] {dag.py:3033} INFO - Sync 1 DAGs
[2023-12-27T09:41:08.349+0545] {logging_mixin.py:188} INFO - [2023-12-27T09:41:08.349+0545] {dag.py:3820} INFO - Setting next_dagrun for example_params_ui_tutorial to None, run_after=None
[2023-12-27T09:41:08.368+0545] {processor.py:183} INFO - Processing /home/sarita/Documents/apache-airflow-project/.venv/lib/python3.9/site-packages/airflow/example_dags/example_params_ui_tutorial.py took 0.090 seconds
[2023-12-27T09:42:05.571+0545] {processor.py:161} INFO - Started process (PID=7743) to work on /home/sarita/Documents/apache-airflow-project/.venv/lib/python3.9/site-packages/airflow/example_dags/example_params_ui_tutorial.py
[2023-12-27T09:42:05.573+0545] {processor.py:830} INFO - Processing file /home/sarita/Documents/apache-airflow-project/.venv/lib/python3.9/site-packages/airflow/example_dags/example_params_ui_tutorial.py for tasks to queue
[2023-12-27T09:42:05.574+0545] {logging_mixin.py:188} INFO - [2023-12-27T09:42:05.573+0545] {dagbag.py:538} INFO - Filling up the DagBag from /home/sarita/Documents/apache-airflow-project/.venv/lib/python3.9/site-packages/airflow/example_dags/example_params_ui_tutorial.py
[2023-12-27T09:42:05.586+0545] {processor.py:840} INFO - DAG(s) 'example_params_ui_tutorial' retrieved from /home/sarita/Documents/apache-airflow-project/.venv/lib/python3.9/site-packages/airflow/example_dags/example_params_ui_tutorial.py
[2023-12-27T09:42:05.623+0545] {logging_mixin.py:188} INFO - [2023-12-27T09:42:05.623+0545] {dag.py:3033} INFO - Sync 1 DAGs
[2023-12-27T09:42:05.632+0545] {logging_mixin.py:188} INFO - [2023-12-27T09:42:05.632+0545] {dag.py:3820} INFO - Setting next_dagrun for example_params_ui_tutorial to None, run_after=None
[2023-12-27T09:42:05.664+0545] {processor.py:183} INFO - Processing /home/sarita/Documents/apache-airflow-project/.venv/lib/python3.9/site-packages/airflow/example_dags/example_params_ui_tutorial.py took 0.096 seconds
[2023-12-27T09:42:57.452+0545] {processor.py:161} INFO - Started process (PID=7830) to work on /home/sarita/Documents/apache-airflow-project/.venv/lib/python3.9/site-packages/airflow/example_dags/example_params_ui_tutorial.py
[2023-12-27T09:42:57.455+0545] {processor.py:830} INFO - Processing file /home/sarita/Documents/apache-airflow-project/.venv/lib/python3.9/site-packages/airflow/example_dags/example_params_ui_tutorial.py for tasks to queue
[2023-12-27T09:42:57.456+0545] {logging_mixin.py:188} INFO - [2023-12-27T09:42:57.456+0545] {dagbag.py:538} INFO - Filling up the DagBag from /home/sarita/Documents/apache-airflow-project/.venv/lib/python3.9/site-packages/airflow/example_dags/example_params_ui_tutorial.py
[2023-12-27T09:42:57.476+0545] {processor.py:840} INFO - DAG(s) 'example_params_ui_tutorial' retrieved from /home/sarita/Documents/apache-airflow-project/.venv/lib/python3.9/site-packages/airflow/example_dags/example_params_ui_tutorial.py
[2023-12-27T09:42:57.517+0545] {logging_mixin.py:188} INFO - [2023-12-27T09:42:57.517+0545] {dag.py:3033} INFO - Sync 1 DAGs
[2023-12-27T09:42:57.526+0545] {logging_mixin.py:188} INFO - [2023-12-27T09:42:57.525+0545] {dag.py:3820} INFO - Setting next_dagrun for example_params_ui_tutorial to None, run_after=None
[2023-12-27T09:42:57.546+0545] {processor.py:183} INFO - Processing /home/sarita/Documents/apache-airflow-project/.venv/lib/python3.9/site-packages/airflow/example_dags/example_params_ui_tutorial.py took 0.098 seconds
[2023-12-27T09:43:51.600+0545] {processor.py:161} INFO - Started process (PID=7905) to work on /home/sarita/Documents/apache-airflow-project/.venv/lib/python3.9/site-packages/airflow/example_dags/example_params_ui_tutorial.py
[2023-12-27T09:43:51.603+0545] {processor.py:830} INFO - Processing file /home/sarita/Documents/apache-airflow-project/.venv/lib/python3.9/site-packages/airflow/example_dags/example_params_ui_tutorial.py for tasks to queue
[2023-12-27T09:43:51.605+0545] {logging_mixin.py:188} INFO - [2023-12-27T09:43:51.604+0545] {dagbag.py:538} INFO - Filling up the DagBag from /home/sarita/Documents/apache-airflow-project/.venv/lib/python3.9/site-packages/airflow/example_dags/example_params_ui_tutorial.py
[2023-12-27T09:43:51.622+0545] {processor.py:840} INFO - DAG(s) 'example_params_ui_tutorial' retrieved from /home/sarita/Documents/apache-airflow-project/.venv/lib/python3.9/site-packages/airflow/example_dags/example_params_ui_tutorial.py
[2023-12-27T09:43:51.661+0545] {logging_mixin.py:188} INFO - [2023-12-27T09:43:51.661+0545] {dag.py:3033} INFO - Sync 1 DAGs
[2023-12-27T09:43:51.669+0545] {logging_mixin.py:188} INFO - [2023-12-27T09:43:51.669+0545] {dag.py:3820} INFO - Setting next_dagrun for example_params_ui_tutorial to None, run_after=None
[2023-12-27T09:43:51.688+0545] {processor.py:183} INFO - Processing /home/sarita/Documents/apache-airflow-project/.venv/lib/python3.9/site-packages/airflow/example_dags/example_params_ui_tutorial.py took 0.096 seconds
[2023-12-27T09:44:30.431+0545] {processor.py:161} INFO - Started process (PID=7959) to work on /home/sarita/Documents/apache-airflow-project/.venv/lib/python3.9/site-packages/airflow/example_dags/example_params_ui_tutorial.py
[2023-12-27T09:44:30.434+0545] {processor.py:830} INFO - Processing file /home/sarita/Documents/apache-airflow-project/.venv/lib/python3.9/site-packages/airflow/example_dags/example_params_ui_tutorial.py for tasks to queue
[2023-12-27T09:44:30.435+0545] {logging_mixin.py:188} INFO - [2023-12-27T09:44:30.434+0545] {dagbag.py:538} INFO - Filling up the DagBag from /home/sarita/Documents/apache-airflow-project/.venv/lib/python3.9/site-packages/airflow/example_dags/example_params_ui_tutorial.py
[2023-12-27T09:44:30.445+0545] {processor.py:840} INFO - DAG(s) 'example_params_ui_tutorial' retrieved from /home/sarita/Documents/apache-airflow-project/.venv/lib/python3.9/site-packages/airflow/example_dags/example_params_ui_tutorial.py
[2023-12-27T09:44:30.483+0545] {logging_mixin.py:188} INFO - [2023-12-27T09:44:30.483+0545] {dag.py:3033} INFO - Sync 1 DAGs
[2023-12-27T09:44:30.492+0545] {logging_mixin.py:188} INFO - [2023-12-27T09:44:30.492+0545] {dag.py:3820} INFO - Setting next_dagrun for example_params_ui_tutorial to None, run_after=None
[2023-12-27T09:44:30.511+0545] {processor.py:183} INFO - Processing /home/sarita/Documents/apache-airflow-project/.venv/lib/python3.9/site-packages/airflow/example_dags/example_params_ui_tutorial.py took 0.085 seconds
[2023-12-27T09:45:26.780+0545] {processor.py:161} INFO - Started process (PID=8070) to work on /home/sarita/Documents/apache-airflow-project/.venv/lib/python3.9/site-packages/airflow/example_dags/example_params_ui_tutorial.py
[2023-12-27T09:45:26.782+0545] {processor.py:830} INFO - Processing file /home/sarita/Documents/apache-airflow-project/.venv/lib/python3.9/site-packages/airflow/example_dags/example_params_ui_tutorial.py for tasks to queue
[2023-12-27T09:45:26.783+0545] {logging_mixin.py:188} INFO - [2023-12-27T09:45:26.782+0545] {dagbag.py:538} INFO - Filling up the DagBag from /home/sarita/Documents/apache-airflow-project/.venv/lib/python3.9/site-packages/airflow/example_dags/example_params_ui_tutorial.py
[2023-12-27T09:45:26.794+0545] {processor.py:840} INFO - DAG(s) 'example_params_ui_tutorial' retrieved from /home/sarita/Documents/apache-airflow-project/.venv/lib/python3.9/site-packages/airflow/example_dags/example_params_ui_tutorial.py
[2023-12-27T09:45:26.834+0545] {logging_mixin.py:188} INFO - [2023-12-27T09:45:26.834+0545] {dag.py:3033} INFO - Sync 1 DAGs
[2023-12-27T09:45:26.843+0545] {logging_mixin.py:188} INFO - [2023-12-27T09:45:26.843+0545] {dag.py:3820} INFO - Setting next_dagrun for example_params_ui_tutorial to None, run_after=None
[2023-12-27T09:45:26.862+0545] {processor.py:183} INFO - Processing /home/sarita/Documents/apache-airflow-project/.venv/lib/python3.9/site-packages/airflow/example_dags/example_params_ui_tutorial.py took 0.085 seconds
[2023-12-27T09:46:19.021+0545] {processor.py:161} INFO - Started process (PID=8491) to work on /home/sarita/Documents/apache-airflow-project/.venv/lib/python3.9/site-packages/airflow/example_dags/example_params_ui_tutorial.py
[2023-12-27T09:46:19.023+0545] {processor.py:830} INFO - Processing file /home/sarita/Documents/apache-airflow-project/.venv/lib/python3.9/site-packages/airflow/example_dags/example_params_ui_tutorial.py for tasks to queue
[2023-12-27T09:46:19.024+0545] {logging_mixin.py:188} INFO - [2023-12-27T09:46:19.024+0545] {dagbag.py:538} INFO - Filling up the DagBag from /home/sarita/Documents/apache-airflow-project/.venv/lib/python3.9/site-packages/airflow/example_dags/example_params_ui_tutorial.py
[2023-12-27T09:46:19.034+0545] {processor.py:840} INFO - DAG(s) 'example_params_ui_tutorial' retrieved from /home/sarita/Documents/apache-airflow-project/.venv/lib/python3.9/site-packages/airflow/example_dags/example_params_ui_tutorial.py
[2023-12-27T09:46:19.070+0545] {logging_mixin.py:188} INFO - [2023-12-27T09:46:19.070+0545] {dag.py:3033} INFO - Sync 1 DAGs
[2023-12-27T09:46:19.078+0545] {logging_mixin.py:188} INFO - [2023-12-27T09:46:19.078+0545] {dag.py:3820} INFO - Setting next_dagrun for example_params_ui_tutorial to None, run_after=None
[2023-12-27T09:46:19.178+0545] {processor.py:183} INFO - Processing /home/sarita/Documents/apache-airflow-project/.venv/lib/python3.9/site-packages/airflow/example_dags/example_params_ui_tutorial.py took 0.160 seconds
[2023-12-27T09:47:16.901+0545] {processor.py:161} INFO - Started process (PID=8550) to work on /home/sarita/Documents/apache-airflow-project/.venv/lib/python3.9/site-packages/airflow/example_dags/example_params_ui_tutorial.py
[2023-12-27T09:47:16.904+0545] {processor.py:830} INFO - Processing file /home/sarita/Documents/apache-airflow-project/.venv/lib/python3.9/site-packages/airflow/example_dags/example_params_ui_tutorial.py for tasks to queue
[2023-12-27T09:47:16.905+0545] {logging_mixin.py:188} INFO - [2023-12-27T09:47:16.905+0545] {dagbag.py:538} INFO - Filling up the DagBag from /home/sarita/Documents/apache-airflow-project/.venv/lib/python3.9/site-packages/airflow/example_dags/example_params_ui_tutorial.py
[2023-12-27T09:47:16.918+0545] {processor.py:840} INFO - DAG(s) 'example_params_ui_tutorial' retrieved from /home/sarita/Documents/apache-airflow-project/.venv/lib/python3.9/site-packages/airflow/example_dags/example_params_ui_tutorial.py
[2023-12-27T09:47:16.957+0545] {logging_mixin.py:188} INFO - [2023-12-27T09:47:16.957+0545] {dag.py:3033} INFO - Sync 1 DAGs
[2023-12-27T09:47:16.966+0545] {logging_mixin.py:188} INFO - [2023-12-27T09:47:16.966+0545] {dag.py:3820} INFO - Setting next_dagrun for example_params_ui_tutorial to None, run_after=None
[2023-12-27T09:47:16.986+0545] {processor.py:183} INFO - Processing /home/sarita/Documents/apache-airflow-project/.venv/lib/python3.9/site-packages/airflow/example_dags/example_params_ui_tutorial.py took 0.087 seconds
[2023-12-27T09:48:16.015+0545] {processor.py:161} INFO - Started process (PID=8635) to work on /home/sarita/Documents/apache-airflow-project/.venv/lib/python3.9/site-packages/airflow/example_dags/example_params_ui_tutorial.py
[2023-12-27T09:48:16.018+0545] {processor.py:830} INFO - Processing file /home/sarita/Documents/apache-airflow-project/.venv/lib/python3.9/site-packages/airflow/example_dags/example_params_ui_tutorial.py for tasks to queue
[2023-12-27T09:48:16.020+0545] {logging_mixin.py:188} INFO - [2023-12-27T09:48:16.019+0545] {dagbag.py:538} INFO - Filling up the DagBag from /home/sarita/Documents/apache-airflow-project/.venv/lib/python3.9/site-packages/airflow/example_dags/example_params_ui_tutorial.py
[2023-12-27T09:48:16.033+0545] {processor.py:840} INFO - DAG(s) 'example_params_ui_tutorial' retrieved from /home/sarita/Documents/apache-airflow-project/.venv/lib/python3.9/site-packages/airflow/example_dags/example_params_ui_tutorial.py
[2023-12-27T09:48:16.073+0545] {logging_mixin.py:188} INFO - [2023-12-27T09:48:16.073+0545] {dag.py:3033} INFO - Sync 1 DAGs
[2023-12-27T09:48:16.082+0545] {logging_mixin.py:188} INFO - [2023-12-27T09:48:16.082+0545] {dag.py:3820} INFO - Setting next_dagrun for example_params_ui_tutorial to None, run_after=None
[2023-12-27T09:48:16.101+0545] {processor.py:183} INFO - Processing /home/sarita/Documents/apache-airflow-project/.venv/lib/python3.9/site-packages/airflow/example_dags/example_params_ui_tutorial.py took 0.093 seconds
[2023-12-27T09:49:10.348+0545] {processor.py:161} INFO - Started process (PID=8693) to work on /home/sarita/Documents/apache-airflow-project/.venv/lib/python3.9/site-packages/airflow/example_dags/example_params_ui_tutorial.py
[2023-12-27T09:49:10.351+0545] {processor.py:830} INFO - Processing file /home/sarita/Documents/apache-airflow-project/.venv/lib/python3.9/site-packages/airflow/example_dags/example_params_ui_tutorial.py for tasks to queue
[2023-12-27T09:49:10.354+0545] {logging_mixin.py:188} INFO - [2023-12-27T09:49:10.353+0545] {dagbag.py:538} INFO - Filling up the DagBag from /home/sarita/Documents/apache-airflow-project/.venv/lib/python3.9/site-packages/airflow/example_dags/example_params_ui_tutorial.py
[2023-12-27T09:49:10.375+0545] {processor.py:840} INFO - DAG(s) 'example_params_ui_tutorial' retrieved from /home/sarita/Documents/apache-airflow-project/.venv/lib/python3.9/site-packages/airflow/example_dags/example_params_ui_tutorial.py
[2023-12-27T09:49:10.413+0545] {logging_mixin.py:188} INFO - [2023-12-27T09:49:10.413+0545] {dag.py:3033} INFO - Sync 1 DAGs
[2023-12-27T09:49:10.421+0545] {logging_mixin.py:188} INFO - [2023-12-27T09:49:10.421+0545] {dag.py:3820} INFO - Setting next_dagrun for example_params_ui_tutorial to None, run_after=None
[2023-12-27T09:49:10.446+0545] {processor.py:183} INFO - Processing /home/sarita/Documents/apache-airflow-project/.venv/lib/python3.9/site-packages/airflow/example_dags/example_params_ui_tutorial.py took 0.106 seconds
[2023-12-27T09:50:05.906+0545] {processor.py:161} INFO - Started process (PID=8753) to work on /home/sarita/Documents/apache-airflow-project/.venv/lib/python3.9/site-packages/airflow/example_dags/example_params_ui_tutorial.py
[2023-12-27T09:50:05.908+0545] {processor.py:830} INFO - Processing file /home/sarita/Documents/apache-airflow-project/.venv/lib/python3.9/site-packages/airflow/example_dags/example_params_ui_tutorial.py for tasks to queue
[2023-12-27T09:50:05.909+0545] {logging_mixin.py:188} INFO - [2023-12-27T09:50:05.908+0545] {dagbag.py:538} INFO - Filling up the DagBag from /home/sarita/Documents/apache-airflow-project/.venv/lib/python3.9/site-packages/airflow/example_dags/example_params_ui_tutorial.py
[2023-12-27T09:50:05.921+0545] {processor.py:840} INFO - DAG(s) 'example_params_ui_tutorial' retrieved from /home/sarita/Documents/apache-airflow-project/.venv/lib/python3.9/site-packages/airflow/example_dags/example_params_ui_tutorial.py
[2023-12-27T09:50:05.963+0545] {logging_mixin.py:188} INFO - [2023-12-27T09:50:05.963+0545] {dag.py:3033} INFO - Sync 1 DAGs
[2023-12-27T09:50:05.973+0545] {logging_mixin.py:188} INFO - [2023-12-27T09:50:05.973+0545] {dag.py:3820} INFO - Setting next_dagrun for example_params_ui_tutorial to None, run_after=None
[2023-12-27T09:50:05.992+0545] {processor.py:183} INFO - Processing /home/sarita/Documents/apache-airflow-project/.venv/lib/python3.9/site-packages/airflow/example_dags/example_params_ui_tutorial.py took 0.090 seconds
[2023-12-27T09:51:03.785+0545] {processor.py:161} INFO - Started process (PID=8857) to work on /home/sarita/Documents/apache-airflow-project/.venv/lib/python3.9/site-packages/airflow/example_dags/example_params_ui_tutorial.py
[2023-12-27T09:51:03.789+0545] {processor.py:830} INFO - Processing file /home/sarita/Documents/apache-airflow-project/.venv/lib/python3.9/site-packages/airflow/example_dags/example_params_ui_tutorial.py for tasks to queue
[2023-12-27T09:51:03.791+0545] {logging_mixin.py:188} INFO - [2023-12-27T09:51:03.790+0545] {dagbag.py:538} INFO - Filling up the DagBag from /home/sarita/Documents/apache-airflow-project/.venv/lib/python3.9/site-packages/airflow/example_dags/example_params_ui_tutorial.py
[2023-12-27T09:51:03.812+0545] {processor.py:840} INFO - DAG(s) 'example_params_ui_tutorial' retrieved from /home/sarita/Documents/apache-airflow-project/.venv/lib/python3.9/site-packages/airflow/example_dags/example_params_ui_tutorial.py
[2023-12-27T09:51:03.857+0545] {logging_mixin.py:188} INFO - [2023-12-27T09:51:03.857+0545] {dag.py:3033} INFO - Sync 1 DAGs
[2023-12-27T09:51:03.866+0545] {logging_mixin.py:188} INFO - [2023-12-27T09:51:03.866+0545] {dag.py:3820} INFO - Setting next_dagrun for example_params_ui_tutorial to None, run_after=None
[2023-12-27T09:51:03.885+0545] {processor.py:183} INFO - Processing /home/sarita/Documents/apache-airflow-project/.venv/lib/python3.9/site-packages/airflow/example_dags/example_params_ui_tutorial.py took 0.107 seconds
[2023-12-27T09:51:44.743+0545] {processor.py:161} INFO - Started process (PID=8906) to work on /home/sarita/Documents/apache-airflow-project/.venv/lib/python3.9/site-packages/airflow/example_dags/example_params_ui_tutorial.py
[2023-12-27T09:51:44.745+0545] {processor.py:830} INFO - Processing file /home/sarita/Documents/apache-airflow-project/.venv/lib/python3.9/site-packages/airflow/example_dags/example_params_ui_tutorial.py for tasks to queue
[2023-12-27T09:51:44.746+0545] {logging_mixin.py:188} INFO - [2023-12-27T09:51:44.745+0545] {dagbag.py:538} INFO - Filling up the DagBag from /home/sarita/Documents/apache-airflow-project/.venv/lib/python3.9/site-packages/airflow/example_dags/example_params_ui_tutorial.py
[2023-12-27T09:51:44.759+0545] {processor.py:840} INFO - DAG(s) 'example_params_ui_tutorial' retrieved from /home/sarita/Documents/apache-airflow-project/.venv/lib/python3.9/site-packages/airflow/example_dags/example_params_ui_tutorial.py
[2023-12-27T09:51:44.797+0545] {logging_mixin.py:188} INFO - [2023-12-27T09:51:44.797+0545] {dag.py:3033} INFO - Sync 1 DAGs
[2023-12-27T09:51:44.806+0545] {logging_mixin.py:188} INFO - [2023-12-27T09:51:44.806+0545] {dag.py:3820} INFO - Setting next_dagrun for example_params_ui_tutorial to None, run_after=None
[2023-12-27T09:51:44.825+0545] {processor.py:183} INFO - Processing /home/sarita/Documents/apache-airflow-project/.venv/lib/python3.9/site-packages/airflow/example_dags/example_params_ui_tutorial.py took 0.086 seconds
[2023-12-27T12:16:17.079+0545] {processor.py:161} INFO - Started process (PID=13343) to work on /home/sarita/Documents/apache-airflow-project/.venv/lib/python3.9/site-packages/airflow/example_dags/example_params_ui_tutorial.py
[2023-12-27T12:16:17.081+0545] {processor.py:830} INFO - Processing file /home/sarita/Documents/apache-airflow-project/.venv/lib/python3.9/site-packages/airflow/example_dags/example_params_ui_tutorial.py for tasks to queue
[2023-12-27T12:16:17.082+0545] {logging_mixin.py:188} INFO - [2023-12-27T12:16:17.082+0545] {dagbag.py:538} INFO - Filling up the DagBag from /home/sarita/Documents/apache-airflow-project/.venv/lib/python3.9/site-packages/airflow/example_dags/example_params_ui_tutorial.py
[2023-12-27T12:16:17.090+0545] {processor.py:840} INFO - DAG(s) 'example_params_ui_tutorial' retrieved from /home/sarita/Documents/apache-airflow-project/.venv/lib/python3.9/site-packages/airflow/example_dags/example_params_ui_tutorial.py
[2023-12-27T12:16:17.127+0545] {logging_mixin.py:188} INFO - [2023-12-27T12:16:17.127+0545] {dag.py:3033} INFO - Sync 1 DAGs
[2023-12-27T12:16:17.136+0545] {logging_mixin.py:188} INFO - [2023-12-27T12:16:17.136+0545] {dag.py:3820} INFO - Setting next_dagrun for example_params_ui_tutorial to None, run_after=None
[2023-12-27T12:16:17.154+0545] {processor.py:183} INFO - Processing /home/sarita/Documents/apache-airflow-project/.venv/lib/python3.9/site-packages/airflow/example_dags/example_params_ui_tutorial.py took 0.076 seconds
[2023-12-27T12:21:26.346+0545] {processor.py:161} INFO - Started process (PID=13832) to work on /home/sarita/Documents/apache-airflow-project/.venv/lib/python3.9/site-packages/airflow/example_dags/example_params_ui_tutorial.py
[2023-12-27T12:21:26.347+0545] {processor.py:830} INFO - Processing file /home/sarita/Documents/apache-airflow-project/.venv/lib/python3.9/site-packages/airflow/example_dags/example_params_ui_tutorial.py for tasks to queue
[2023-12-27T12:21:26.348+0545] {logging_mixin.py:188} INFO - [2023-12-27T12:21:26.348+0545] {dagbag.py:538} INFO - Filling up the DagBag from /home/sarita/Documents/apache-airflow-project/.venv/lib/python3.9/site-packages/airflow/example_dags/example_params_ui_tutorial.py
[2023-12-27T12:21:26.357+0545] {processor.py:840} INFO - DAG(s) 'example_params_ui_tutorial' retrieved from /home/sarita/Documents/apache-airflow-project/.venv/lib/python3.9/site-packages/airflow/example_dags/example_params_ui_tutorial.py
[2023-12-27T12:21:26.394+0545] {logging_mixin.py:188} INFO - [2023-12-27T12:21:26.394+0545] {dag.py:3033} INFO - Sync 1 DAGs
[2023-12-27T12:21:26.402+0545] {logging_mixin.py:188} INFO - [2023-12-27T12:21:26.402+0545] {dag.py:3820} INFO - Setting next_dagrun for example_params_ui_tutorial to None, run_after=None
[2023-12-27T12:21:26.422+0545] {processor.py:183} INFO - Processing /home/sarita/Documents/apache-airflow-project/.venv/lib/python3.9/site-packages/airflow/example_dags/example_params_ui_tutorial.py took 0.078 seconds
[2023-12-27T12:39:25.298+0545] {processor.py:161} INFO - Started process (PID=15382) to work on /home/sarita/Documents/apache-airflow-project/.venv/lib/python3.9/site-packages/airflow/example_dags/example_params_ui_tutorial.py
[2023-12-27T12:39:25.300+0545] {processor.py:830} INFO - Processing file /home/sarita/Documents/apache-airflow-project/.venv/lib/python3.9/site-packages/airflow/example_dags/example_params_ui_tutorial.py for tasks to queue
[2023-12-27T12:39:25.301+0545] {logging_mixin.py:188} INFO - [2023-12-27T12:39:25.301+0545] {dagbag.py:538} INFO - Filling up the DagBag from /home/sarita/Documents/apache-airflow-project/.venv/lib/python3.9/site-packages/airflow/example_dags/example_params_ui_tutorial.py
[2023-12-27T12:39:25.317+0545] {processor.py:840} INFO - DAG(s) 'example_params_ui_tutorial' retrieved from /home/sarita/Documents/apache-airflow-project/.venv/lib/python3.9/site-packages/airflow/example_dags/example_params_ui_tutorial.py
[2023-12-27T12:39:25.360+0545] {logging_mixin.py:188} INFO - [2023-12-27T12:39:25.360+0545] {dag.py:3033} INFO - Sync 1 DAGs
[2023-12-27T12:39:25.370+0545] {logging_mixin.py:188} INFO - [2023-12-27T12:39:25.370+0545] {dag.py:3820} INFO - Setting next_dagrun for example_params_ui_tutorial to None, run_after=None
[2023-12-27T12:39:25.399+0545] {processor.py:183} INFO - Processing /home/sarita/Documents/apache-airflow-project/.venv/lib/python3.9/site-packages/airflow/example_dags/example_params_ui_tutorial.py took 0.105 seconds
[2023-12-27T12:42:05.061+0545] {processor.py:161} INFO - Started process (PID=16574) to work on /home/sarita/Documents/apache-airflow-project/.venv/lib/python3.9/site-packages/airflow/example_dags/example_params_ui_tutorial.py
[2023-12-27T12:42:05.061+0545] {processor.py:830} INFO - Processing file /home/sarita/Documents/apache-airflow-project/.venv/lib/python3.9/site-packages/airflow/example_dags/example_params_ui_tutorial.py for tasks to queue
[2023-12-27T12:42:05.062+0545] {logging_mixin.py:188} INFO - [2023-12-27T12:42:05.062+0545] {dagbag.py:538} INFO - Filling up the DagBag from /home/sarita/Documents/apache-airflow-project/.venv/lib/python3.9/site-packages/airflow/example_dags/example_params_ui_tutorial.py
[2023-12-27T12:42:05.073+0545] {processor.py:840} INFO - DAG(s) 'example_params_ui_tutorial' retrieved from /home/sarita/Documents/apache-airflow-project/.venv/lib/python3.9/site-packages/airflow/example_dags/example_params_ui_tutorial.py
[2023-12-27T12:42:05.113+0545] {logging_mixin.py:188} INFO - [2023-12-27T12:42:05.113+0545] {dag.py:3033} INFO - Sync 1 DAGs
[2023-12-27T12:42:05.121+0545] {logging_mixin.py:188} INFO - [2023-12-27T12:42:05.121+0545] {dag.py:3820} INFO - Setting next_dagrun for example_params_ui_tutorial to None, run_after=None
[2023-12-27T12:42:05.155+0545] {processor.py:183} INFO - Processing /home/sarita/Documents/apache-airflow-project/.venv/lib/python3.9/site-packages/airflow/example_dags/example_params_ui_tutorial.py took 0.097 seconds
[2023-12-27T12:46:23.300+0545] {processor.py:161} INFO - Started process (PID=17141) to work on /home/sarita/Documents/apache-airflow-project/.venv/lib/python3.9/site-packages/airflow/example_dags/example_params_ui_tutorial.py
[2023-12-27T12:46:23.300+0545] {processor.py:830} INFO - Processing file /home/sarita/Documents/apache-airflow-project/.venv/lib/python3.9/site-packages/airflow/example_dags/example_params_ui_tutorial.py for tasks to queue
[2023-12-27T12:46:23.301+0545] {logging_mixin.py:188} INFO - [2023-12-27T12:46:23.301+0545] {dagbag.py:538} INFO - Filling up the DagBag from /home/sarita/Documents/apache-airflow-project/.venv/lib/python3.9/site-packages/airflow/example_dags/example_params_ui_tutorial.py
[2023-12-27T12:46:23.309+0545] {processor.py:840} INFO - DAG(s) 'example_params_ui_tutorial' retrieved from /home/sarita/Documents/apache-airflow-project/.venv/lib/python3.9/site-packages/airflow/example_dags/example_params_ui_tutorial.py
[2023-12-27T12:46:23.345+0545] {logging_mixin.py:188} INFO - [2023-12-27T12:46:23.345+0545] {dag.py:3033} INFO - Sync 1 DAGs
[2023-12-27T12:46:23.354+0545] {logging_mixin.py:188} INFO - [2023-12-27T12:46:23.354+0545] {dag.py:3820} INFO - Setting next_dagrun for example_params_ui_tutorial to None, run_after=None
[2023-12-27T12:46:23.384+0545] {processor.py:183} INFO - Processing /home/sarita/Documents/apache-airflow-project/.venv/lib/python3.9/site-packages/airflow/example_dags/example_params_ui_tutorial.py took 0.086 seconds
[2023-12-27T12:52:30.053+0545] {processor.py:161} INFO - Started process (PID=17606) to work on /home/sarita/Documents/apache-airflow-project/.venv/lib/python3.9/site-packages/airflow/example_dags/example_params_ui_tutorial.py
[2023-12-27T12:52:30.055+0545] {processor.py:830} INFO - Processing file /home/sarita/Documents/apache-airflow-project/.venv/lib/python3.9/site-packages/airflow/example_dags/example_params_ui_tutorial.py for tasks to queue
[2023-12-27T12:52:30.056+0545] {logging_mixin.py:188} INFO - [2023-12-27T12:52:30.055+0545] {dagbag.py:538} INFO - Filling up the DagBag from /home/sarita/Documents/apache-airflow-project/.venv/lib/python3.9/site-packages/airflow/example_dags/example_params_ui_tutorial.py
[2023-12-27T12:52:30.065+0545] {processor.py:840} INFO - DAG(s) 'example_params_ui_tutorial' retrieved from /home/sarita/Documents/apache-airflow-project/.venv/lib/python3.9/site-packages/airflow/example_dags/example_params_ui_tutorial.py
[2023-12-27T12:52:30.105+0545] {logging_mixin.py:188} INFO - [2023-12-27T12:52:30.105+0545] {dag.py:3033} INFO - Sync 1 DAGs
[2023-12-27T12:52:30.114+0545] {logging_mixin.py:188} INFO - [2023-12-27T12:52:30.114+0545] {dag.py:3820} INFO - Setting next_dagrun for example_params_ui_tutorial to None, run_after=None
[2023-12-27T12:52:30.131+0545] {processor.py:183} INFO - Processing /home/sarita/Documents/apache-airflow-project/.venv/lib/python3.9/site-packages/airflow/example_dags/example_params_ui_tutorial.py took 0.080 seconds
[2023-12-27T12:53:19.531+0545] {processor.py:161} INFO - Started process (PID=17715) to work on /home/sarita/Documents/apache-airflow-project/.venv/lib/python3.9/site-packages/airflow/example_dags/example_params_ui_tutorial.py
[2023-12-27T12:53:19.534+0545] {processor.py:830} INFO - Processing file /home/sarita/Documents/apache-airflow-project/.venv/lib/python3.9/site-packages/airflow/example_dags/example_params_ui_tutorial.py for tasks to queue
[2023-12-27T12:53:19.536+0545] {logging_mixin.py:188} INFO - [2023-12-27T12:53:19.535+0545] {dagbag.py:538} INFO - Filling up the DagBag from /home/sarita/Documents/apache-airflow-project/.venv/lib/python3.9/site-packages/airflow/example_dags/example_params_ui_tutorial.py
[2023-12-27T12:53:19.557+0545] {processor.py:840} INFO - DAG(s) 'example_params_ui_tutorial' retrieved from /home/sarita/Documents/apache-airflow-project/.venv/lib/python3.9/site-packages/airflow/example_dags/example_params_ui_tutorial.py
[2023-12-27T12:53:19.618+0545] {logging_mixin.py:188} INFO - [2023-12-27T12:53:19.618+0545] {dag.py:3033} INFO - Sync 1 DAGs
[2023-12-27T12:53:19.631+0545] {logging_mixin.py:188} INFO - [2023-12-27T12:53:19.630+0545] {dag.py:3820} INFO - Setting next_dagrun for example_params_ui_tutorial to None, run_after=None
[2023-12-27T12:53:19.657+0545] {processor.py:183} INFO - Processing /home/sarita/Documents/apache-airflow-project/.venv/lib/python3.9/site-packages/airflow/example_dags/example_params_ui_tutorial.py took 0.134 seconds
[2023-12-27T12:54:49.174+0545] {processor.py:161} INFO - Started process (PID=17877) to work on /home/sarita/Documents/apache-airflow-project/.venv/lib/python3.9/site-packages/airflow/example_dags/example_params_ui_tutorial.py
[2023-12-27T12:54:49.176+0545] {processor.py:830} INFO - Processing file /home/sarita/Documents/apache-airflow-project/.venv/lib/python3.9/site-packages/airflow/example_dags/example_params_ui_tutorial.py for tasks to queue
[2023-12-27T12:54:49.177+0545] {logging_mixin.py:188} INFO - [2023-12-27T12:54:49.177+0545] {dagbag.py:538} INFO - Filling up the DagBag from /home/sarita/Documents/apache-airflow-project/.venv/lib/python3.9/site-packages/airflow/example_dags/example_params_ui_tutorial.py
[2023-12-27T12:54:49.185+0545] {processor.py:840} INFO - DAG(s) 'example_params_ui_tutorial' retrieved from /home/sarita/Documents/apache-airflow-project/.venv/lib/python3.9/site-packages/airflow/example_dags/example_params_ui_tutorial.py
[2023-12-27T12:54:49.221+0545] {logging_mixin.py:188} INFO - [2023-12-27T12:54:49.221+0545] {dag.py:3033} INFO - Sync 1 DAGs
[2023-12-27T12:54:49.231+0545] {logging_mixin.py:188} INFO - [2023-12-27T12:54:49.230+0545] {dag.py:3820} INFO - Setting next_dagrun for example_params_ui_tutorial to None, run_after=None
[2023-12-27T12:54:49.256+0545] {processor.py:183} INFO - Processing /home/sarita/Documents/apache-airflow-project/.venv/lib/python3.9/site-packages/airflow/example_dags/example_params_ui_tutorial.py took 0.084 seconds
[2023-12-27T12:58:06.885+0545] {processor.py:161} INFO - Started process (PID=18064) to work on /home/sarita/Documents/apache-airflow-project/.venv/lib/python3.9/site-packages/airflow/example_dags/example_params_ui_tutorial.py
[2023-12-27T12:58:06.889+0545] {processor.py:830} INFO - Processing file /home/sarita/Documents/apache-airflow-project/.venv/lib/python3.9/site-packages/airflow/example_dags/example_params_ui_tutorial.py for tasks to queue
[2023-12-27T12:58:06.892+0545] {logging_mixin.py:188} INFO - [2023-12-27T12:58:06.891+0545] {dagbag.py:538} INFO - Filling up the DagBag from /home/sarita/Documents/apache-airflow-project/.venv/lib/python3.9/site-packages/airflow/example_dags/example_params_ui_tutorial.py
[2023-12-27T12:58:06.917+0545] {processor.py:840} INFO - DAG(s) 'example_params_ui_tutorial' retrieved from /home/sarita/Documents/apache-airflow-project/.venv/lib/python3.9/site-packages/airflow/example_dags/example_params_ui_tutorial.py
[2023-12-27T12:58:06.958+0545] {logging_mixin.py:188} INFO - [2023-12-27T12:58:06.958+0545] {dag.py:3033} INFO - Sync 1 DAGs
[2023-12-27T12:58:06.967+0545] {logging_mixin.py:188} INFO - [2023-12-27T12:58:06.967+0545] {dag.py:3820} INFO - Setting next_dagrun for example_params_ui_tutorial to None, run_after=None
[2023-12-27T12:58:07.068+0545] {processor.py:183} INFO - Processing /home/sarita/Documents/apache-airflow-project/.venv/lib/python3.9/site-packages/airflow/example_dags/example_params_ui_tutorial.py took 0.191 seconds
