[2023-12-27T09:37:13.171+0545] {processor.py:161} INFO - Started process (PID=6942) to work on /home/sarita/Documents/apache-airflow-project/.venv/lib/python3.9/site-packages/airflow/example_dags/example_branch_operator.py
[2023-12-27T09:37:13.173+0545] {processor.py:830} INFO - Processing file /home/sarita/Documents/apache-airflow-project/.venv/lib/python3.9/site-packages/airflow/example_dags/example_branch_operator.py for tasks to queue
[2023-12-27T09:37:13.175+0545] {logging_mixin.py:188} INFO - [2023-12-27T09:37:13.174+0545] {dagbag.py:538} INFO - Filling up the DagBag from /home/sarita/Documents/apache-airflow-project/.venv/lib/python3.9/site-packages/airflow/example_dags/example_branch_operator.py
[2023-12-27T09:37:13.205+0545] {processor.py:840} INFO - DAG(s) 'example_branch_operator' retrieved from /home/sarita/Documents/apache-airflow-project/.venv/lib/python3.9/site-packages/airflow/example_dags/example_branch_operator.py
[2023-12-27T09:37:13.285+0545] {logging_mixin.py:188} INFO - [2023-12-27T09:37:13.285+0545] {dag.py:3033} INFO - Sync 1 DAGs
[2023-12-27T09:37:13.301+0545] {logging_mixin.py:188} INFO - [2023-12-27T09:37:13.301+0545] {dag.py:3820} INFO - Setting next_dagrun for example_branch_operator to 2023-12-26T00:00:00+00:00, run_after=2023-12-27T00:00:00+00:00
[2023-12-27T09:37:13.322+0545] {processor.py:183} INFO - Processing /home/sarita/Documents/apache-airflow-project/.venv/lib/python3.9/site-packages/airflow/example_dags/example_branch_operator.py took 0.157 seconds
[2023-12-27T09:38:07.128+0545] {processor.py:161} INFO - Started process (PID=7007) to work on /home/sarita/Documents/apache-airflow-project/.venv/lib/python3.9/site-packages/airflow/example_dags/example_branch_operator.py
[2023-12-27T09:38:07.131+0545] {processor.py:830} INFO - Processing file /home/sarita/Documents/apache-airflow-project/.venv/lib/python3.9/site-packages/airflow/example_dags/example_branch_operator.py for tasks to queue
[2023-12-27T09:38:07.133+0545] {logging_mixin.py:188} INFO - [2023-12-27T09:38:07.132+0545] {dagbag.py:538} INFO - Filling up the DagBag from /home/sarita/Documents/apache-airflow-project/.venv/lib/python3.9/site-packages/airflow/example_dags/example_branch_operator.py
[2023-12-27T09:38:07.160+0545] {processor.py:840} INFO - DAG(s) 'example_branch_operator' retrieved from /home/sarita/Documents/apache-airflow-project/.venv/lib/python3.9/site-packages/airflow/example_dags/example_branch_operator.py
[2023-12-27T09:38:07.177+0545] {logging_mixin.py:188} INFO - [2023-12-27T09:38:07.177+0545] {dag.py:3033} INFO - Sync 1 DAGs
[2023-12-27T09:38:07.195+0545] {logging_mixin.py:188} INFO - [2023-12-27T09:38:07.194+0545] {dag.py:3820} INFO - Setting next_dagrun for example_branch_operator to 2023-12-26T00:00:00+00:00, run_after=2023-12-27T00:00:00+00:00
[2023-12-27T09:38:07.213+0545] {processor.py:183} INFO - Processing /home/sarita/Documents/apache-airflow-project/.venv/lib/python3.9/site-packages/airflow/example_dags/example_branch_operator.py took 0.093 seconds
[2023-12-27T09:39:03.429+0545] {processor.py:161} INFO - Started process (PID=7128) to work on /home/sarita/Documents/apache-airflow-project/.venv/lib/python3.9/site-packages/airflow/example_dags/example_branch_operator.py
[2023-12-27T09:39:03.431+0545] {processor.py:830} INFO - Processing file /home/sarita/Documents/apache-airflow-project/.venv/lib/python3.9/site-packages/airflow/example_dags/example_branch_operator.py for tasks to queue
[2023-12-27T09:39:03.434+0545] {logging_mixin.py:188} INFO - [2023-12-27T09:39:03.433+0545] {dagbag.py:538} INFO - Filling up the DagBag from /home/sarita/Documents/apache-airflow-project/.venv/lib/python3.9/site-packages/airflow/example_dags/example_branch_operator.py
[2023-12-27T09:39:03.469+0545] {processor.py:840} INFO - DAG(s) 'example_branch_operator' retrieved from /home/sarita/Documents/apache-airflow-project/.venv/lib/python3.9/site-packages/airflow/example_dags/example_branch_operator.py
[2023-12-27T09:39:03.487+0545] {logging_mixin.py:188} INFO - [2023-12-27T09:39:03.487+0545] {dag.py:3033} INFO - Sync 1 DAGs
[2023-12-27T09:39:03.504+0545] {logging_mixin.py:188} INFO - [2023-12-27T09:39:03.504+0545] {dag.py:3820} INFO - Setting next_dagrun for example_branch_operator to 2023-12-26T00:00:00+00:00, run_after=2023-12-27T00:00:00+00:00
[2023-12-27T09:39:03.523+0545] {processor.py:183} INFO - Processing /home/sarita/Documents/apache-airflow-project/.venv/lib/python3.9/site-packages/airflow/example_dags/example_branch_operator.py took 0.097 seconds
[2023-12-27T09:39:59.542+0545] {processor.py:161} INFO - Started process (PID=7219) to work on /home/sarita/Documents/apache-airflow-project/.venv/lib/python3.9/site-packages/airflow/example_dags/example_branch_operator.py
[2023-12-27T09:39:59.544+0545] {processor.py:830} INFO - Processing file /home/sarita/Documents/apache-airflow-project/.venv/lib/python3.9/site-packages/airflow/example_dags/example_branch_operator.py for tasks to queue
[2023-12-27T09:39:59.546+0545] {logging_mixin.py:188} INFO - [2023-12-27T09:39:59.545+0545] {dagbag.py:538} INFO - Filling up the DagBag from /home/sarita/Documents/apache-airflow-project/.venv/lib/python3.9/site-packages/airflow/example_dags/example_branch_operator.py
[2023-12-27T09:39:59.566+0545] {processor.py:840} INFO - DAG(s) 'example_branch_operator' retrieved from /home/sarita/Documents/apache-airflow-project/.venv/lib/python3.9/site-packages/airflow/example_dags/example_branch_operator.py
[2023-12-27T09:39:59.583+0545] {logging_mixin.py:188} INFO - [2023-12-27T09:39:59.583+0545] {dag.py:3033} INFO - Sync 1 DAGs
[2023-12-27T09:39:59.600+0545] {logging_mixin.py:188} INFO - [2023-12-27T09:39:59.600+0545] {dag.py:3820} INFO - Setting next_dagrun for example_branch_operator to 2023-12-26T00:00:00+00:00, run_after=2023-12-27T00:00:00+00:00
[2023-12-27T09:39:59.619+0545] {processor.py:183} INFO - Processing /home/sarita/Documents/apache-airflow-project/.venv/lib/python3.9/site-packages/airflow/example_dags/example_branch_operator.py took 0.082 seconds
[2023-12-27T09:40:54.389+0545] {processor.py:161} INFO - Started process (PID=7451) to work on /home/sarita/Documents/apache-airflow-project/.venv/lib/python3.9/site-packages/airflow/example_dags/example_branch_operator.py
[2023-12-27T09:40:54.392+0545] {processor.py:830} INFO - Processing file /home/sarita/Documents/apache-airflow-project/.venv/lib/python3.9/site-packages/airflow/example_dags/example_branch_operator.py for tasks to queue
[2023-12-27T09:40:54.392+0545] {logging_mixin.py:188} INFO - [2023-12-27T09:40:54.392+0545] {dagbag.py:538} INFO - Filling up the DagBag from /home/sarita/Documents/apache-airflow-project/.venv/lib/python3.9/site-packages/airflow/example_dags/example_branch_operator.py
[2023-12-27T09:40:54.406+0545] {processor.py:840} INFO - DAG(s) 'example_branch_operator' retrieved from /home/sarita/Documents/apache-airflow-project/.venv/lib/python3.9/site-packages/airflow/example_dags/example_branch_operator.py
[2023-12-27T09:40:54.424+0545] {logging_mixin.py:188} INFO - [2023-12-27T09:40:54.424+0545] {dag.py:3033} INFO - Sync 1 DAGs
[2023-12-27T09:40:54.443+0545] {logging_mixin.py:188} INFO - [2023-12-27T09:40:54.443+0545] {dag.py:3820} INFO - Setting next_dagrun for example_branch_operator to 2023-12-26T00:00:00+00:00, run_after=2023-12-27T00:00:00+00:00
[2023-12-27T09:40:54.477+0545] {processor.py:183} INFO - Processing /home/sarita/Documents/apache-airflow-project/.venv/lib/python3.9/site-packages/airflow/example_dags/example_branch_operator.py took 0.089 seconds
[2023-12-27T09:41:52.514+0545] {processor.py:161} INFO - Started process (PID=7729) to work on /home/sarita/Documents/apache-airflow-project/.venv/lib/python3.9/site-packages/airflow/example_dags/example_branch_operator.py
[2023-12-27T09:41:52.517+0545] {processor.py:830} INFO - Processing file /home/sarita/Documents/apache-airflow-project/.venv/lib/python3.9/site-packages/airflow/example_dags/example_branch_operator.py for tasks to queue
[2023-12-27T09:41:52.519+0545] {logging_mixin.py:188} INFO - [2023-12-27T09:41:52.518+0545] {dagbag.py:538} INFO - Filling up the DagBag from /home/sarita/Documents/apache-airflow-project/.venv/lib/python3.9/site-packages/airflow/example_dags/example_branch_operator.py
[2023-12-27T09:41:52.547+0545] {processor.py:840} INFO - DAG(s) 'example_branch_operator' retrieved from /home/sarita/Documents/apache-airflow-project/.venv/lib/python3.9/site-packages/airflow/example_dags/example_branch_operator.py
[2023-12-27T09:41:52.564+0545] {logging_mixin.py:188} INFO - [2023-12-27T09:41:52.564+0545] {dag.py:3033} INFO - Sync 1 DAGs
[2023-12-27T09:41:52.580+0545] {logging_mixin.py:188} INFO - [2023-12-27T09:41:52.580+0545] {dag.py:3820} INFO - Setting next_dagrun for example_branch_operator to 2023-12-26T00:00:00+00:00, run_after=2023-12-27T00:00:00+00:00
[2023-12-27T09:41:52.598+0545] {processor.py:183} INFO - Processing /home/sarita/Documents/apache-airflow-project/.venv/lib/python3.9/site-packages/airflow/example_dags/example_branch_operator.py took 0.091 seconds
[2023-12-27T09:42:46.982+0545] {processor.py:161} INFO - Started process (PID=7819) to work on /home/sarita/Documents/apache-airflow-project/.venv/lib/python3.9/site-packages/airflow/example_dags/example_branch_operator.py
[2023-12-27T09:42:46.986+0545] {processor.py:830} INFO - Processing file /home/sarita/Documents/apache-airflow-project/.venv/lib/python3.9/site-packages/airflow/example_dags/example_branch_operator.py for tasks to queue
[2023-12-27T09:42:46.989+0545] {logging_mixin.py:188} INFO - [2023-12-27T09:42:46.987+0545] {dagbag.py:538} INFO - Filling up the DagBag from /home/sarita/Documents/apache-airflow-project/.venv/lib/python3.9/site-packages/airflow/example_dags/example_branch_operator.py
[2023-12-27T09:42:47.014+0545] {processor.py:840} INFO - DAG(s) 'example_branch_operator' retrieved from /home/sarita/Documents/apache-airflow-project/.venv/lib/python3.9/site-packages/airflow/example_dags/example_branch_operator.py
[2023-12-27T09:42:47.031+0545] {logging_mixin.py:188} INFO - [2023-12-27T09:42:47.031+0545] {dag.py:3033} INFO - Sync 1 DAGs
[2023-12-27T09:42:47.048+0545] {logging_mixin.py:188} INFO - [2023-12-27T09:42:47.048+0545] {dag.py:3820} INFO - Setting next_dagrun for example_branch_operator to 2023-12-26T00:00:00+00:00, run_after=2023-12-27T00:00:00+00:00
[2023-12-27T09:42:47.067+0545] {processor.py:183} INFO - Processing /home/sarita/Documents/apache-airflow-project/.venv/lib/python3.9/site-packages/airflow/example_dags/example_branch_operator.py took 0.093 seconds
[2023-12-27T09:43:38.163+0545] {processor.py:161} INFO - Started process (PID=7891) to work on /home/sarita/Documents/apache-airflow-project/.venv/lib/python3.9/site-packages/airflow/example_dags/example_branch_operator.py
[2023-12-27T09:43:38.165+0545] {processor.py:830} INFO - Processing file /home/sarita/Documents/apache-airflow-project/.venv/lib/python3.9/site-packages/airflow/example_dags/example_branch_operator.py for tasks to queue
[2023-12-27T09:43:38.167+0545] {logging_mixin.py:188} INFO - [2023-12-27T09:43:38.167+0545] {dagbag.py:538} INFO - Filling up the DagBag from /home/sarita/Documents/apache-airflow-project/.venv/lib/python3.9/site-packages/airflow/example_dags/example_branch_operator.py
[2023-12-27T09:43:38.188+0545] {processor.py:840} INFO - DAG(s) 'example_branch_operator' retrieved from /home/sarita/Documents/apache-airflow-project/.venv/lib/python3.9/site-packages/airflow/example_dags/example_branch_operator.py
[2023-12-27T09:43:38.205+0545] {logging_mixin.py:188} INFO - [2023-12-27T09:43:38.205+0545] {dag.py:3033} INFO - Sync 1 DAGs
[2023-12-27T09:43:38.221+0545] {logging_mixin.py:188} INFO - [2023-12-27T09:43:38.221+0545] {dag.py:3820} INFO - Setting next_dagrun for example_branch_operator to 2023-12-26T00:00:00+00:00, run_after=2023-12-27T00:00:00+00:00
[2023-12-27T09:43:38.239+0545] {processor.py:183} INFO - Processing /home/sarita/Documents/apache-airflow-project/.venv/lib/python3.9/site-packages/airflow/example_dags/example_branch_operator.py took 0.082 seconds
[2023-12-27T09:44:34.454+0545] {processor.py:161} INFO - Started process (PID=7964) to work on /home/sarita/Documents/apache-airflow-project/.venv/lib/python3.9/site-packages/airflow/example_dags/example_branch_operator.py
[2023-12-27T09:44:34.456+0545] {processor.py:830} INFO - Processing file /home/sarita/Documents/apache-airflow-project/.venv/lib/python3.9/site-packages/airflow/example_dags/example_branch_operator.py for tasks to queue
[2023-12-27T09:44:34.457+0545] {logging_mixin.py:188} INFO - [2023-12-27T09:44:34.456+0545] {dagbag.py:538} INFO - Filling up the DagBag from /home/sarita/Documents/apache-airflow-project/.venv/lib/python3.9/site-packages/airflow/example_dags/example_branch_operator.py
[2023-12-27T09:44:34.473+0545] {processor.py:840} INFO - DAG(s) 'example_branch_operator' retrieved from /home/sarita/Documents/apache-airflow-project/.venv/lib/python3.9/site-packages/airflow/example_dags/example_branch_operator.py
[2023-12-27T09:44:34.493+0545] {logging_mixin.py:188} INFO - [2023-12-27T09:44:34.493+0545] {dag.py:3033} INFO - Sync 1 DAGs
[2023-12-27T09:44:34.509+0545] {logging_mixin.py:188} INFO - [2023-12-27T09:44:34.508+0545] {dag.py:3820} INFO - Setting next_dagrun for example_branch_operator to 2023-12-26T00:00:00+00:00, run_after=2023-12-27T00:00:00+00:00
[2023-12-27T09:44:34.535+0545] {processor.py:183} INFO - Processing /home/sarita/Documents/apache-airflow-project/.venv/lib/python3.9/site-packages/airflow/example_dags/example_branch_operator.py took 0.084 seconds
[2023-12-27T09:45:30.261+0545] {processor.py:161} INFO - Started process (PID=8199) to work on /home/sarita/Documents/apache-airflow-project/.venv/lib/python3.9/site-packages/airflow/example_dags/example_branch_operator.py
[2023-12-27T09:45:30.263+0545] {processor.py:830} INFO - Processing file /home/sarita/Documents/apache-airflow-project/.venv/lib/python3.9/site-packages/airflow/example_dags/example_branch_operator.py for tasks to queue
[2023-12-27T09:45:30.264+0545] {logging_mixin.py:188} INFO - [2023-12-27T09:45:30.263+0545] {dagbag.py:538} INFO - Filling up the DagBag from /home/sarita/Documents/apache-airflow-project/.venv/lib/python3.9/site-packages/airflow/example_dags/example_branch_operator.py
[2023-12-27T09:45:30.277+0545] {processor.py:840} INFO - DAG(s) 'example_branch_operator' retrieved from /home/sarita/Documents/apache-airflow-project/.venv/lib/python3.9/site-packages/airflow/example_dags/example_branch_operator.py
[2023-12-27T09:45:30.295+0545] {logging_mixin.py:188} INFO - [2023-12-27T09:45:30.294+0545] {dag.py:3033} INFO - Sync 1 DAGs
[2023-12-27T09:45:30.315+0545] {logging_mixin.py:188} INFO - [2023-12-27T09:45:30.315+0545] {dag.py:3820} INFO - Setting next_dagrun for example_branch_operator to 2023-12-26T00:00:00+00:00, run_after=2023-12-27T00:00:00+00:00
[2023-12-27T09:45:30.342+0545] {processor.py:183} INFO - Processing /home/sarita/Documents/apache-airflow-project/.venv/lib/python3.9/site-packages/airflow/example_dags/example_branch_operator.py took 0.083 seconds
[2023-12-27T09:46:23.401+0545] {processor.py:161} INFO - Started process (PID=8495) to work on /home/sarita/Documents/apache-airflow-project/.venv/lib/python3.9/site-packages/airflow/example_dags/example_branch_operator.py
[2023-12-27T09:46:23.404+0545] {processor.py:830} INFO - Processing file /home/sarita/Documents/apache-airflow-project/.venv/lib/python3.9/site-packages/airflow/example_dags/example_branch_operator.py for tasks to queue
[2023-12-27T09:46:23.406+0545] {logging_mixin.py:188} INFO - [2023-12-27T09:46:23.405+0545] {dagbag.py:538} INFO - Filling up the DagBag from /home/sarita/Documents/apache-airflow-project/.venv/lib/python3.9/site-packages/airflow/example_dags/example_branch_operator.py
[2023-12-27T09:46:23.439+0545] {processor.py:840} INFO - DAG(s) 'example_branch_operator' retrieved from /home/sarita/Documents/apache-airflow-project/.venv/lib/python3.9/site-packages/airflow/example_dags/example_branch_operator.py
[2023-12-27T09:46:23.457+0545] {logging_mixin.py:188} INFO - [2023-12-27T09:46:23.457+0545] {dag.py:3033} INFO - Sync 1 DAGs
[2023-12-27T09:46:23.474+0545] {logging_mixin.py:188} INFO - [2023-12-27T09:46:23.474+0545] {dag.py:3820} INFO - Setting next_dagrun for example_branch_operator to 2023-12-26T00:00:00+00:00, run_after=2023-12-27T00:00:00+00:00
[2023-12-27T09:46:23.501+0545] {processor.py:183} INFO - Processing /home/sarita/Documents/apache-airflow-project/.venv/lib/python3.9/site-packages/airflow/example_dags/example_branch_operator.py took 0.104 seconds
[2023-12-27T09:47:20.911+0545] {processor.py:161} INFO - Started process (PID=8554) to work on /home/sarita/Documents/apache-airflow-project/.venv/lib/python3.9/site-packages/airflow/example_dags/example_branch_operator.py
[2023-12-27T09:47:20.914+0545] {processor.py:830} INFO - Processing file /home/sarita/Documents/apache-airflow-project/.venv/lib/python3.9/site-packages/airflow/example_dags/example_branch_operator.py for tasks to queue
[2023-12-27T09:47:20.916+0545] {logging_mixin.py:188} INFO - [2023-12-27T09:47:20.915+0545] {dagbag.py:538} INFO - Filling up the DagBag from /home/sarita/Documents/apache-airflow-project/.venv/lib/python3.9/site-packages/airflow/example_dags/example_branch_operator.py
[2023-12-27T09:47:20.941+0545] {processor.py:840} INFO - DAG(s) 'example_branch_operator' retrieved from /home/sarita/Documents/apache-airflow-project/.venv/lib/python3.9/site-packages/airflow/example_dags/example_branch_operator.py
[2023-12-27T09:47:20.959+0545] {logging_mixin.py:188} INFO - [2023-12-27T09:47:20.958+0545] {dag.py:3033} INFO - Sync 1 DAGs
[2023-12-27T09:47:20.975+0545] {logging_mixin.py:188} INFO - [2023-12-27T09:47:20.975+0545] {dag.py:3820} INFO - Setting next_dagrun for example_branch_operator to 2023-12-26T00:00:00+00:00, run_after=2023-12-27T00:00:00+00:00
[2023-12-27T09:47:20.994+0545] {processor.py:183} INFO - Processing /home/sarita/Documents/apache-airflow-project/.venv/lib/python3.9/site-packages/airflow/example_dags/example_branch_operator.py took 0.091 seconds
[2023-12-27T09:48:19.871+0545] {processor.py:161} INFO - Started process (PID=8640) to work on /home/sarita/Documents/apache-airflow-project/.venv/lib/python3.9/site-packages/airflow/example_dags/example_branch_operator.py
[2023-12-27T09:48:19.874+0545] {processor.py:830} INFO - Processing file /home/sarita/Documents/apache-airflow-project/.venv/lib/python3.9/site-packages/airflow/example_dags/example_branch_operator.py for tasks to queue
[2023-12-27T09:48:19.875+0545] {logging_mixin.py:188} INFO - [2023-12-27T09:48:19.874+0545] {dagbag.py:538} INFO - Filling up the DagBag from /home/sarita/Documents/apache-airflow-project/.venv/lib/python3.9/site-packages/airflow/example_dags/example_branch_operator.py
[2023-12-27T09:48:19.893+0545] {processor.py:840} INFO - DAG(s) 'example_branch_operator' retrieved from /home/sarita/Documents/apache-airflow-project/.venv/lib/python3.9/site-packages/airflow/example_dags/example_branch_operator.py
[2023-12-27T09:48:19.910+0545] {logging_mixin.py:188} INFO - [2023-12-27T09:48:19.910+0545] {dag.py:3033} INFO - Sync 1 DAGs
[2023-12-27T09:48:19.928+0545] {logging_mixin.py:188} INFO - [2023-12-27T09:48:19.928+0545] {dag.py:3820} INFO - Setting next_dagrun for example_branch_operator to 2023-12-26T00:00:00+00:00, run_after=2023-12-27T00:00:00+00:00
[2023-12-27T09:48:19.947+0545] {processor.py:183} INFO - Processing /home/sarita/Documents/apache-airflow-project/.venv/lib/python3.9/site-packages/airflow/example_dags/example_branch_operator.py took 0.079 seconds
[2023-12-27T09:49:14.167+0545] {processor.py:161} INFO - Started process (PID=8698) to work on /home/sarita/Documents/apache-airflow-project/.venv/lib/python3.9/site-packages/airflow/example_dags/example_branch_operator.py
[2023-12-27T09:49:14.169+0545] {processor.py:830} INFO - Processing file /home/sarita/Documents/apache-airflow-project/.venv/lib/python3.9/site-packages/airflow/example_dags/example_branch_operator.py for tasks to queue
[2023-12-27T09:49:14.170+0545] {logging_mixin.py:188} INFO - [2023-12-27T09:49:14.169+0545] {dagbag.py:538} INFO - Filling up the DagBag from /home/sarita/Documents/apache-airflow-project/.venv/lib/python3.9/site-packages/airflow/example_dags/example_branch_operator.py
[2023-12-27T09:49:14.184+0545] {processor.py:840} INFO - DAG(s) 'example_branch_operator' retrieved from /home/sarita/Documents/apache-airflow-project/.venv/lib/python3.9/site-packages/airflow/example_dags/example_branch_operator.py
[2023-12-27T09:49:14.201+0545] {logging_mixin.py:188} INFO - [2023-12-27T09:49:14.201+0545] {dag.py:3033} INFO - Sync 1 DAGs
[2023-12-27T09:49:14.217+0545] {logging_mixin.py:188} INFO - [2023-12-27T09:49:14.217+0545] {dag.py:3820} INFO - Setting next_dagrun for example_branch_operator to 2023-12-26T00:00:00+00:00, run_after=2023-12-27T00:00:00+00:00
[2023-12-27T09:49:14.236+0545] {processor.py:183} INFO - Processing /home/sarita/Documents/apache-airflow-project/.venv/lib/python3.9/site-packages/airflow/example_dags/example_branch_operator.py took 0.071 seconds
[2023-12-27T09:50:10.466+0545] {processor.py:161} INFO - Started process (PID=8758) to work on /home/sarita/Documents/apache-airflow-project/.venv/lib/python3.9/site-packages/airflow/example_dags/example_branch_operator.py
[2023-12-27T09:50:10.467+0545] {processor.py:830} INFO - Processing file /home/sarita/Documents/apache-airflow-project/.venv/lib/python3.9/site-packages/airflow/example_dags/example_branch_operator.py for tasks to queue
[2023-12-27T09:50:10.468+0545] {logging_mixin.py:188} INFO - [2023-12-27T09:50:10.468+0545] {dagbag.py:538} INFO - Filling up the DagBag from /home/sarita/Documents/apache-airflow-project/.venv/lib/python3.9/site-packages/airflow/example_dags/example_branch_operator.py
[2023-12-27T09:50:10.483+0545] {processor.py:840} INFO - DAG(s) 'example_branch_operator' retrieved from /home/sarita/Documents/apache-airflow-project/.venv/lib/python3.9/site-packages/airflow/example_dags/example_branch_operator.py
[2023-12-27T09:50:10.502+0545] {logging_mixin.py:188} INFO - [2023-12-27T09:50:10.501+0545] {dag.py:3033} INFO - Sync 1 DAGs
[2023-12-27T09:50:10.518+0545] {logging_mixin.py:188} INFO - [2023-12-27T09:50:10.518+0545] {dag.py:3820} INFO - Setting next_dagrun for example_branch_operator to 2023-12-26T00:00:00+00:00, run_after=2023-12-27T00:00:00+00:00
[2023-12-27T09:50:10.539+0545] {processor.py:183} INFO - Processing /home/sarita/Documents/apache-airflow-project/.venv/lib/python3.9/site-packages/airflow/example_dags/example_branch_operator.py took 0.076 seconds
[2023-12-27T09:51:08.693+0545] {processor.py:161} INFO - Started process (PID=8864) to work on /home/sarita/Documents/apache-airflow-project/.venv/lib/python3.9/site-packages/airflow/example_dags/example_branch_operator.py
[2023-12-27T09:51:08.697+0545] {processor.py:830} INFO - Processing file /home/sarita/Documents/apache-airflow-project/.venv/lib/python3.9/site-packages/airflow/example_dags/example_branch_operator.py for tasks to queue
[2023-12-27T09:51:08.701+0545] {logging_mixin.py:188} INFO - [2023-12-27T09:51:08.699+0545] {dagbag.py:538} INFO - Filling up the DagBag from /home/sarita/Documents/apache-airflow-project/.venv/lib/python3.9/site-packages/airflow/example_dags/example_branch_operator.py
[2023-12-27T09:51:08.761+0545] {processor.py:840} INFO - DAG(s) 'example_branch_operator' retrieved from /home/sarita/Documents/apache-airflow-project/.venv/lib/python3.9/site-packages/airflow/example_dags/example_branch_operator.py
[2023-12-27T09:51:08.789+0545] {logging_mixin.py:188} INFO - [2023-12-27T09:51:08.789+0545] {dag.py:3033} INFO - Sync 1 DAGs
[2023-12-27T09:51:08.807+0545] {logging_mixin.py:188} INFO - [2023-12-27T09:51:08.807+0545] {dag.py:3820} INFO - Setting next_dagrun for example_branch_operator to 2023-12-26T00:00:00+00:00, run_after=2023-12-27T00:00:00+00:00
[2023-12-27T09:51:08.827+0545] {processor.py:183} INFO - Processing /home/sarita/Documents/apache-airflow-project/.venv/lib/python3.9/site-packages/airflow/example_dags/example_branch_operator.py took 0.145 seconds
[2023-12-27T09:52:06.851+0545] {processor.py:161} INFO - Started process (PID=8936) to work on /home/sarita/Documents/apache-airflow-project/.venv/lib/python3.9/site-packages/airflow/example_dags/example_branch_operator.py
[2023-12-27T09:52:06.853+0545] {processor.py:830} INFO - Processing file /home/sarita/Documents/apache-airflow-project/.venv/lib/python3.9/site-packages/airflow/example_dags/example_branch_operator.py for tasks to queue
[2023-12-27T09:52:06.854+0545] {logging_mixin.py:188} INFO - [2023-12-27T09:52:06.854+0545] {dagbag.py:538} INFO - Filling up the DagBag from /home/sarita/Documents/apache-airflow-project/.venv/lib/python3.9/site-packages/airflow/example_dags/example_branch_operator.py
[2023-12-27T09:52:06.872+0545] {processor.py:840} INFO - DAG(s) 'example_branch_operator' retrieved from /home/sarita/Documents/apache-airflow-project/.venv/lib/python3.9/site-packages/airflow/example_dags/example_branch_operator.py
[2023-12-27T09:52:06.889+0545] {logging_mixin.py:188} INFO - [2023-12-27T09:52:06.889+0545] {dag.py:3033} INFO - Sync 1 DAGs
[2023-12-27T09:52:06.908+0545] {logging_mixin.py:188} INFO - [2023-12-27T09:52:06.907+0545] {dag.py:3820} INFO - Setting next_dagrun for example_branch_operator to 2023-12-26T00:00:00+00:00, run_after=2023-12-27T00:00:00+00:00
[2023-12-27T09:52:06.929+0545] {processor.py:183} INFO - Processing /home/sarita/Documents/apache-airflow-project/.venv/lib/python3.9/site-packages/airflow/example_dags/example_branch_operator.py took 0.081 seconds
[2023-12-27T12:18:47.301+0545] {processor.py:161} INFO - Started process (PID=13612) to work on /home/sarita/Documents/apache-airflow-project/.venv/lib/python3.9/site-packages/airflow/example_dags/example_branch_operator.py
[2023-12-27T12:18:47.301+0545] {processor.py:830} INFO - Processing file /home/sarita/Documents/apache-airflow-project/.venv/lib/python3.9/site-packages/airflow/example_dags/example_branch_operator.py for tasks to queue
[2023-12-27T12:18:47.302+0545] {logging_mixin.py:188} INFO - [2023-12-27T12:18:47.302+0545] {dagbag.py:538} INFO - Filling up the DagBag from /home/sarita/Documents/apache-airflow-project/.venv/lib/python3.9/site-packages/airflow/example_dags/example_branch_operator.py
[2023-12-27T12:18:47.319+0545] {processor.py:840} INFO - DAG(s) 'example_branch_operator' retrieved from /home/sarita/Documents/apache-airflow-project/.venv/lib/python3.9/site-packages/airflow/example_dags/example_branch_operator.py
[2023-12-27T12:18:47.407+0545] {logging_mixin.py:188} INFO - [2023-12-27T12:18:47.406+0545] {dag.py:3033} INFO - Sync 1 DAGs
[2023-12-27T12:18:47.423+0545] {logging_mixin.py:188} INFO - [2023-12-27T12:18:47.422+0545] {dag.py:3820} INFO - Setting next_dagrun for example_branch_operator to 2023-12-26T00:00:00+00:00, run_after=2023-12-27T00:00:00+00:00
[2023-12-27T12:18:47.442+0545] {processor.py:183} INFO - Processing /home/sarita/Documents/apache-airflow-project/.venv/lib/python3.9/site-packages/airflow/example_dags/example_branch_operator.py took 0.144 seconds
[2023-12-27T12:39:51.635+0545] {processor.py:161} INFO - Started process (PID=15485) to work on /home/sarita/Documents/apache-airflow-project/.venv/lib/python3.9/site-packages/airflow/example_dags/example_branch_operator.py
[2023-12-27T12:39:51.636+0545] {processor.py:830} INFO - Processing file /home/sarita/Documents/apache-airflow-project/.venv/lib/python3.9/site-packages/airflow/example_dags/example_branch_operator.py for tasks to queue
[2023-12-27T12:39:51.637+0545] {logging_mixin.py:188} INFO - [2023-12-27T12:39:51.637+0545] {dagbag.py:538} INFO - Filling up the DagBag from /home/sarita/Documents/apache-airflow-project/.venv/lib/python3.9/site-packages/airflow/example_dags/example_branch_operator.py
[2023-12-27T12:39:51.654+0545] {processor.py:840} INFO - DAG(s) 'example_branch_operator' retrieved from /home/sarita/Documents/apache-airflow-project/.venv/lib/python3.9/site-packages/airflow/example_dags/example_branch_operator.py
[2023-12-27T12:39:51.744+0545] {logging_mixin.py:188} INFO - [2023-12-27T12:39:51.743+0545] {dag.py:3033} INFO - Sync 1 DAGs
[2023-12-27T12:39:51.764+0545] {logging_mixin.py:188} INFO - [2023-12-27T12:39:51.764+0545] {dag.py:3820} INFO - Setting next_dagrun for example_branch_operator to 2023-12-26T00:00:00+00:00, run_after=2023-12-27T00:00:00+00:00
[2023-12-27T12:39:51.796+0545] {processor.py:183} INFO - Processing /home/sarita/Documents/apache-airflow-project/.venv/lib/python3.9/site-packages/airflow/example_dags/example_branch_operator.py took 0.164 seconds
[2023-12-27T12:52:52.392+0545] {processor.py:161} INFO - Started process (PID=17642) to work on /home/sarita/Documents/apache-airflow-project/.venv/lib/python3.9/site-packages/airflow/example_dags/example_branch_operator.py
[2023-12-27T12:52:52.395+0545] {processor.py:830} INFO - Processing file /home/sarita/Documents/apache-airflow-project/.venv/lib/python3.9/site-packages/airflow/example_dags/example_branch_operator.py for tasks to queue
[2023-12-27T12:52:52.398+0545] {logging_mixin.py:188} INFO - [2023-12-27T12:52:52.397+0545] {dagbag.py:538} INFO - Filling up the DagBag from /home/sarita/Documents/apache-airflow-project/.venv/lib/python3.9/site-packages/airflow/example_dags/example_branch_operator.py
[2023-12-27T12:52:52.430+0545] {processor.py:840} INFO - DAG(s) 'example_branch_operator' retrieved from /home/sarita/Documents/apache-airflow-project/.venv/lib/python3.9/site-packages/airflow/example_dags/example_branch_operator.py
[2023-12-27T12:52:52.506+0545] {logging_mixin.py:188} INFO - [2023-12-27T12:52:52.506+0545] {dag.py:3033} INFO - Sync 1 DAGs
[2023-12-27T12:52:52.520+0545] {logging_mixin.py:188} INFO - [2023-12-27T12:52:52.519+0545] {dag.py:3820} INFO - Setting next_dagrun for example_branch_operator to 2023-12-26T00:00:00+00:00, run_after=2023-12-27T00:00:00+00:00
[2023-12-27T12:52:52.546+0545] {processor.py:183} INFO - Processing /home/sarita/Documents/apache-airflow-project/.venv/lib/python3.9/site-packages/airflow/example_dags/example_branch_operator.py took 0.162 seconds
