[2023-12-27T09:37:05.600+0545] {processor.py:161} INFO - Started process (PID=6935) to work on /home/sarita/Documents/apache-airflow-project/.venv/lib/python3.9/site-packages/airflow/example_dags/example_branch_day_of_week_operator.py
[2023-12-27T09:37:05.601+0545] {processor.py:830} INFO - Processing file /home/sarita/Documents/apache-airflow-project/.venv/lib/python3.9/site-packages/airflow/example_dags/example_branch_day_of_week_operator.py for tasks to queue
[2023-12-27T09:37:05.602+0545] {logging_mixin.py:188} INFO - [2023-12-27T09:37:05.601+0545] {dagbag.py:538} INFO - Filling up the DagBag from /home/sarita/Documents/apache-airflow-project/.venv/lib/python3.9/site-packages/airflow/example_dags/example_branch_day_of_week_operator.py
[2023-12-27T09:37:05.607+0545] {processor.py:840} INFO - DAG(s) 'example_weekday_branch_operator' retrieved from /home/sarita/Documents/apache-airflow-project/.venv/lib/python3.9/site-packages/airflow/example_dags/example_branch_day_of_week_operator.py
[2023-12-27T09:37:05.622+0545] {logging_mixin.py:188} INFO - [2023-12-27T09:37:05.622+0545] {dag.py:3033} INFO - Sync 1 DAGs
[2023-12-27T09:37:05.639+0545] {logging_mixin.py:188} INFO - [2023-12-27T09:37:05.639+0545] {dag.py:3820} INFO - Setting next_dagrun for example_weekday_branch_operator to 2023-12-26T00:00:00+00:00, run_after=2023-12-27T00:00:00+00:00
[2023-12-27T09:37:05.657+0545] {processor.py:183} INFO - Processing /home/sarita/Documents/apache-airflow-project/.venv/lib/python3.9/site-packages/airflow/example_dags/example_branch_day_of_week_operator.py took 0.059 seconds
[2023-12-27T09:37:53.304+0545] {processor.py:161} INFO - Started process (PID=6992) to work on /home/sarita/Documents/apache-airflow-project/.venv/lib/python3.9/site-packages/airflow/example_dags/example_branch_day_of_week_operator.py
[2023-12-27T09:37:53.307+0545] {processor.py:830} INFO - Processing file /home/sarita/Documents/apache-airflow-project/.venv/lib/python3.9/site-packages/airflow/example_dags/example_branch_day_of_week_operator.py for tasks to queue
[2023-12-27T09:37:53.308+0545] {logging_mixin.py:188} INFO - [2023-12-27T09:37:53.307+0545] {dagbag.py:538} INFO - Filling up the DagBag from /home/sarita/Documents/apache-airflow-project/.venv/lib/python3.9/site-packages/airflow/example_dags/example_branch_day_of_week_operator.py
[2023-12-27T09:37:53.317+0545] {processor.py:840} INFO - DAG(s) 'example_weekday_branch_operator' retrieved from /home/sarita/Documents/apache-airflow-project/.venv/lib/python3.9/site-packages/airflow/example_dags/example_branch_day_of_week_operator.py
[2023-12-27T09:37:53.331+0545] {logging_mixin.py:188} INFO - [2023-12-27T09:37:53.331+0545] {dag.py:3033} INFO - Sync 1 DAGs
[2023-12-27T09:37:53.347+0545] {logging_mixin.py:188} INFO - [2023-12-27T09:37:53.347+0545] {dag.py:3820} INFO - Setting next_dagrun for example_weekday_branch_operator to 2023-12-26T00:00:00+00:00, run_after=2023-12-27T00:00:00+00:00
[2023-12-27T09:37:53.374+0545] {processor.py:183} INFO - Processing /home/sarita/Documents/apache-airflow-project/.venv/lib/python3.9/site-packages/airflow/example_dags/example_branch_day_of_week_operator.py took 0.076 seconds
[2023-12-27T09:38:48.676+0545] {processor.py:161} INFO - Started process (PID=7111) to work on /home/sarita/Documents/apache-airflow-project/.venv/lib/python3.9/site-packages/airflow/example_dags/example_branch_day_of_week_operator.py
[2023-12-27T09:38:48.680+0545] {processor.py:830} INFO - Processing file /home/sarita/Documents/apache-airflow-project/.venv/lib/python3.9/site-packages/airflow/example_dags/example_branch_day_of_week_operator.py for tasks to queue
[2023-12-27T09:38:48.682+0545] {logging_mixin.py:188} INFO - [2023-12-27T09:38:48.681+0545] {dagbag.py:538} INFO - Filling up the DagBag from /home/sarita/Documents/apache-airflow-project/.venv/lib/python3.9/site-packages/airflow/example_dags/example_branch_day_of_week_operator.py
[2023-12-27T09:38:48.700+0545] {processor.py:840} INFO - DAG(s) 'example_weekday_branch_operator' retrieved from /home/sarita/Documents/apache-airflow-project/.venv/lib/python3.9/site-packages/airflow/example_dags/example_branch_day_of_week_operator.py
[2023-12-27T09:38:48.716+0545] {logging_mixin.py:188} INFO - [2023-12-27T09:38:48.716+0545] {dag.py:3033} INFO - Sync 1 DAGs
[2023-12-27T09:38:48.733+0545] {logging_mixin.py:188} INFO - [2023-12-27T09:38:48.733+0545] {dag.py:3820} INFO - Setting next_dagrun for example_weekday_branch_operator to 2023-12-26T00:00:00+00:00, run_after=2023-12-27T00:00:00+00:00
[2023-12-27T09:38:48.752+0545] {processor.py:183} INFO - Processing /home/sarita/Documents/apache-airflow-project/.venv/lib/python3.9/site-packages/airflow/example_dags/example_branch_day_of_week_operator.py took 0.082 seconds
[2023-12-27T09:39:43.011+0545] {processor.py:161} INFO - Started process (PID=7174) to work on /home/sarita/Documents/apache-airflow-project/.venv/lib/python3.9/site-packages/airflow/example_dags/example_branch_day_of_week_operator.py
[2023-12-27T09:39:43.014+0545] {processor.py:830} INFO - Processing file /home/sarita/Documents/apache-airflow-project/.venv/lib/python3.9/site-packages/airflow/example_dags/example_branch_day_of_week_operator.py for tasks to queue
[2023-12-27T09:39:43.016+0545] {logging_mixin.py:188} INFO - [2023-12-27T09:39:43.015+0545] {dagbag.py:538} INFO - Filling up the DagBag from /home/sarita/Documents/apache-airflow-project/.venv/lib/python3.9/site-packages/airflow/example_dags/example_branch_day_of_week_operator.py
[2023-12-27T09:39:43.031+0545] {processor.py:840} INFO - DAG(s) 'example_weekday_branch_operator' retrieved from /home/sarita/Documents/apache-airflow-project/.venv/lib/python3.9/site-packages/airflow/example_dags/example_branch_day_of_week_operator.py
[2023-12-27T09:39:43.046+0545] {logging_mixin.py:188} INFO - [2023-12-27T09:39:43.046+0545] {dag.py:3033} INFO - Sync 1 DAGs
[2023-12-27T09:39:43.062+0545] {logging_mixin.py:188} INFO - [2023-12-27T09:39:43.062+0545] {dag.py:3820} INFO - Setting next_dagrun for example_weekday_branch_operator to 2023-12-26T00:00:00+00:00, run_after=2023-12-27T00:00:00+00:00
[2023-12-27T09:39:43.080+0545] {processor.py:183} INFO - Processing /home/sarita/Documents/apache-airflow-project/.venv/lib/python3.9/site-packages/airflow/example_dags/example_branch_day_of_week_operator.py took 0.076 seconds
[2023-12-27T09:40:38.897+0545] {processor.py:161} INFO - Started process (PID=7295) to work on /home/sarita/Documents/apache-airflow-project/.venv/lib/python3.9/site-packages/airflow/example_dags/example_branch_day_of_week_operator.py
[2023-12-27T09:40:38.900+0545] {processor.py:830} INFO - Processing file /home/sarita/Documents/apache-airflow-project/.venv/lib/python3.9/site-packages/airflow/example_dags/example_branch_day_of_week_operator.py for tasks to queue
[2023-12-27T09:40:38.901+0545] {logging_mixin.py:188} INFO - [2023-12-27T09:40:38.901+0545] {dagbag.py:538} INFO - Filling up the DagBag from /home/sarita/Documents/apache-airflow-project/.venv/lib/python3.9/site-packages/airflow/example_dags/example_branch_day_of_week_operator.py
[2023-12-27T09:40:38.911+0545] {processor.py:840} INFO - DAG(s) 'example_weekday_branch_operator' retrieved from /home/sarita/Documents/apache-airflow-project/.venv/lib/python3.9/site-packages/airflow/example_dags/example_branch_day_of_week_operator.py
[2023-12-27T09:40:38.925+0545] {logging_mixin.py:188} INFO - [2023-12-27T09:40:38.925+0545] {dag.py:3033} INFO - Sync 1 DAGs
[2023-12-27T09:40:38.942+0545] {logging_mixin.py:188} INFO - [2023-12-27T09:40:38.942+0545] {dag.py:3820} INFO - Setting next_dagrun for example_weekday_branch_operator to 2023-12-26T00:00:00+00:00, run_after=2023-12-27T00:00:00+00:00
[2023-12-27T09:40:38.960+0545] {processor.py:183} INFO - Processing /home/sarita/Documents/apache-airflow-project/.venv/lib/python3.9/site-packages/airflow/example_dags/example_branch_day_of_week_operator.py took 0.069 seconds
[2023-12-27T09:41:32.819+0545] {processor.py:161} INFO - Started process (PID=7546) to work on /home/sarita/Documents/apache-airflow-project/.venv/lib/python3.9/site-packages/airflow/example_dags/example_branch_day_of_week_operator.py
[2023-12-27T09:41:32.823+0545] {processor.py:830} INFO - Processing file /home/sarita/Documents/apache-airflow-project/.venv/lib/python3.9/site-packages/airflow/example_dags/example_branch_day_of_week_operator.py for tasks to queue
[2023-12-27T09:41:32.826+0545] {logging_mixin.py:188} INFO - [2023-12-27T09:41:32.826+0545] {dagbag.py:538} INFO - Filling up the DagBag from /home/sarita/Documents/apache-airflow-project/.venv/lib/python3.9/site-packages/airflow/example_dags/example_branch_day_of_week_operator.py
[2023-12-27T09:41:32.837+0545] {processor.py:840} INFO - DAG(s) 'example_weekday_branch_operator' retrieved from /home/sarita/Documents/apache-airflow-project/.venv/lib/python3.9/site-packages/airflow/example_dags/example_branch_day_of_week_operator.py
[2023-12-27T09:41:32.852+0545] {logging_mixin.py:188} INFO - [2023-12-27T09:41:32.852+0545] {dag.py:3033} INFO - Sync 1 DAGs
[2023-12-27T09:41:32.869+0545] {logging_mixin.py:188} INFO - [2023-12-27T09:41:32.868+0545] {dag.py:3820} INFO - Setting next_dagrun for example_weekday_branch_operator to 2023-12-26T00:00:00+00:00, run_after=2023-12-27T00:00:00+00:00
[2023-12-27T09:41:32.887+0545] {processor.py:183} INFO - Processing /home/sarita/Documents/apache-airflow-project/.venv/lib/python3.9/site-packages/airflow/example_dags/example_branch_day_of_week_operator.py took 0.076 seconds
[2023-12-27T09:42:30.999+0545] {processor.py:161} INFO - Started process (PID=7787) to work on /home/sarita/Documents/apache-airflow-project/.venv/lib/python3.9/site-packages/airflow/example_dags/example_branch_day_of_week_operator.py
[2023-12-27T09:42:31.001+0545] {processor.py:830} INFO - Processing file /home/sarita/Documents/apache-airflow-project/.venv/lib/python3.9/site-packages/airflow/example_dags/example_branch_day_of_week_operator.py for tasks to queue
[2023-12-27T09:42:31.002+0545] {logging_mixin.py:188} INFO - [2023-12-27T09:42:31.002+0545] {dagbag.py:538} INFO - Filling up the DagBag from /home/sarita/Documents/apache-airflow-project/.venv/lib/python3.9/site-packages/airflow/example_dags/example_branch_day_of_week_operator.py
[2023-12-27T09:42:31.008+0545] {processor.py:840} INFO - DAG(s) 'example_weekday_branch_operator' retrieved from /home/sarita/Documents/apache-airflow-project/.venv/lib/python3.9/site-packages/airflow/example_dags/example_branch_day_of_week_operator.py
[2023-12-27T09:42:31.019+0545] {logging_mixin.py:188} INFO - [2023-12-27T09:42:31.019+0545] {dag.py:3033} INFO - Sync 1 DAGs
[2023-12-27T09:42:31.036+0545] {logging_mixin.py:188} INFO - [2023-12-27T09:42:31.035+0545] {dag.py:3820} INFO - Setting next_dagrun for example_weekday_branch_operator to 2023-12-26T00:00:00+00:00, run_after=2023-12-27T00:00:00+00:00
[2023-12-27T09:42:31.052+0545] {processor.py:183} INFO - Processing /home/sarita/Documents/apache-airflow-project/.venv/lib/python3.9/site-packages/airflow/example_dags/example_branch_day_of_week_operator.py took 0.056 seconds
[2023-12-27T09:43:20.711+0545] {processor.py:161} INFO - Started process (PID=7870) to work on /home/sarita/Documents/apache-airflow-project/.venv/lib/python3.9/site-packages/airflow/example_dags/example_branch_day_of_week_operator.py
[2023-12-27T09:43:20.713+0545] {processor.py:830} INFO - Processing file /home/sarita/Documents/apache-airflow-project/.venv/lib/python3.9/site-packages/airflow/example_dags/example_branch_day_of_week_operator.py for tasks to queue
[2023-12-27T09:43:20.715+0545] {logging_mixin.py:188} INFO - [2023-12-27T09:43:20.715+0545] {dagbag.py:538} INFO - Filling up the DagBag from /home/sarita/Documents/apache-airflow-project/.venv/lib/python3.9/site-packages/airflow/example_dags/example_branch_day_of_week_operator.py
[2023-12-27T09:43:20.729+0545] {processor.py:840} INFO - DAG(s) 'example_weekday_branch_operator' retrieved from /home/sarita/Documents/apache-airflow-project/.venv/lib/python3.9/site-packages/airflow/example_dags/example_branch_day_of_week_operator.py
[2023-12-27T09:43:20.745+0545] {logging_mixin.py:188} INFO - [2023-12-27T09:43:20.745+0545] {dag.py:3033} INFO - Sync 1 DAGs
[2023-12-27T09:43:20.761+0545] {logging_mixin.py:188} INFO - [2023-12-27T09:43:20.761+0545] {dag.py:3820} INFO - Setting next_dagrun for example_weekday_branch_operator to 2023-12-26T00:00:00+00:00, run_after=2023-12-27T00:00:00+00:00
[2023-12-27T09:43:20.789+0545] {processor.py:183} INFO - Processing /home/sarita/Documents/apache-airflow-project/.venv/lib/python3.9/site-packages/airflow/example_dags/example_branch_day_of_week_operator.py took 0.086 seconds
[2023-12-27T09:44:18.088+0545] {processor.py:161} INFO - Started process (PID=7943) to work on /home/sarita/Documents/apache-airflow-project/.venv/lib/python3.9/site-packages/airflow/example_dags/example_branch_day_of_week_operator.py
[2023-12-27T09:44:18.091+0545] {processor.py:830} INFO - Processing file /home/sarita/Documents/apache-airflow-project/.venv/lib/python3.9/site-packages/airflow/example_dags/example_branch_day_of_week_operator.py for tasks to queue
[2023-12-27T09:44:18.093+0545] {logging_mixin.py:188} INFO - [2023-12-27T09:44:18.092+0545] {dagbag.py:538} INFO - Filling up the DagBag from /home/sarita/Documents/apache-airflow-project/.venv/lib/python3.9/site-packages/airflow/example_dags/example_branch_day_of_week_operator.py
[2023-12-27T09:44:18.108+0545] {processor.py:840} INFO - DAG(s) 'example_weekday_branch_operator' retrieved from /home/sarita/Documents/apache-airflow-project/.venv/lib/python3.9/site-packages/airflow/example_dags/example_branch_day_of_week_operator.py
[2023-12-27T09:44:18.124+0545] {logging_mixin.py:188} INFO - [2023-12-27T09:44:18.124+0545] {dag.py:3033} INFO - Sync 1 DAGs
[2023-12-27T09:44:18.141+0545] {logging_mixin.py:188} INFO - [2023-12-27T09:44:18.141+0545] {dag.py:3820} INFO - Setting next_dagrun for example_weekday_branch_operator to 2023-12-26T00:00:00+00:00, run_after=2023-12-27T00:00:00+00:00
[2023-12-27T09:44:18.158+0545] {processor.py:183} INFO - Processing /home/sarita/Documents/apache-airflow-project/.venv/lib/python3.9/site-packages/airflow/example_dags/example_branch_day_of_week_operator.py took 0.077 seconds
[2023-12-27T09:45:11.706+0545] {processor.py:161} INFO - Started process (PID=8018) to work on /home/sarita/Documents/apache-airflow-project/.venv/lib/python3.9/site-packages/airflow/example_dags/example_branch_day_of_week_operator.py
[2023-12-27T09:45:11.708+0545] {processor.py:830} INFO - Processing file /home/sarita/Documents/apache-airflow-project/.venv/lib/python3.9/site-packages/airflow/example_dags/example_branch_day_of_week_operator.py for tasks to queue
[2023-12-27T09:45:11.709+0545] {logging_mixin.py:188} INFO - [2023-12-27T09:45:11.709+0545] {dagbag.py:538} INFO - Filling up the DagBag from /home/sarita/Documents/apache-airflow-project/.venv/lib/python3.9/site-packages/airflow/example_dags/example_branch_day_of_week_operator.py
[2023-12-27T09:45:11.716+0545] {processor.py:840} INFO - DAG(s) 'example_weekday_branch_operator' retrieved from /home/sarita/Documents/apache-airflow-project/.venv/lib/python3.9/site-packages/airflow/example_dags/example_branch_day_of_week_operator.py
[2023-12-27T09:45:11.732+0545] {logging_mixin.py:188} INFO - [2023-12-27T09:45:11.732+0545] {dag.py:3033} INFO - Sync 1 DAGs
[2023-12-27T09:45:11.750+0545] {logging_mixin.py:188} INFO - [2023-12-27T09:45:11.750+0545] {dag.py:3820} INFO - Setting next_dagrun for example_weekday_branch_operator to 2023-12-26T00:00:00+00:00, run_after=2023-12-27T00:00:00+00:00
[2023-12-27T09:45:11.768+0545] {processor.py:183} INFO - Processing /home/sarita/Documents/apache-airflow-project/.venv/lib/python3.9/site-packages/airflow/example_dags/example_branch_day_of_week_operator.py took 0.065 seconds
[2023-12-27T09:46:06.910+0545] {processor.py:161} INFO - Started process (PID=8479) to work on /home/sarita/Documents/apache-airflow-project/.venv/lib/python3.9/site-packages/airflow/example_dags/example_branch_day_of_week_operator.py
[2023-12-27T09:46:06.914+0545] {processor.py:830} INFO - Processing file /home/sarita/Documents/apache-airflow-project/.venv/lib/python3.9/site-packages/airflow/example_dags/example_branch_day_of_week_operator.py for tasks to queue
[2023-12-27T09:46:06.916+0545] {logging_mixin.py:188} INFO - [2023-12-27T09:46:06.915+0545] {dagbag.py:538} INFO - Filling up the DagBag from /home/sarita/Documents/apache-airflow-project/.venv/lib/python3.9/site-packages/airflow/example_dags/example_branch_day_of_week_operator.py
[2023-12-27T09:46:06.930+0545] {processor.py:840} INFO - DAG(s) 'example_weekday_branch_operator' retrieved from /home/sarita/Documents/apache-airflow-project/.venv/lib/python3.9/site-packages/airflow/example_dags/example_branch_day_of_week_operator.py
[2023-12-27T09:46:06.947+0545] {logging_mixin.py:188} INFO - [2023-12-27T09:46:06.947+0545] {dag.py:3033} INFO - Sync 1 DAGs
[2023-12-27T09:46:06.965+0545] {logging_mixin.py:188} INFO - [2023-12-27T09:46:06.965+0545] {dag.py:3820} INFO - Setting next_dagrun for example_weekday_branch_operator to 2023-12-26T00:00:00+00:00, run_after=2023-12-27T00:00:00+00:00
[2023-12-27T09:46:06.988+0545] {processor.py:183} INFO - Processing /home/sarita/Documents/apache-airflow-project/.venv/lib/python3.9/site-packages/airflow/example_dags/example_branch_day_of_week_operator.py took 0.083 seconds
[2023-12-27T09:47:01.434+0545] {processor.py:161} INFO - Started process (PID=8534) to work on /home/sarita/Documents/apache-airflow-project/.venv/lib/python3.9/site-packages/airflow/example_dags/example_branch_day_of_week_operator.py
[2023-12-27T09:47:01.437+0545] {processor.py:830} INFO - Processing file /home/sarita/Documents/apache-airflow-project/.venv/lib/python3.9/site-packages/airflow/example_dags/example_branch_day_of_week_operator.py for tasks to queue
[2023-12-27T09:47:01.439+0545] {logging_mixin.py:188} INFO - [2023-12-27T09:47:01.438+0545] {dagbag.py:538} INFO - Filling up the DagBag from /home/sarita/Documents/apache-airflow-project/.venv/lib/python3.9/site-packages/airflow/example_dags/example_branch_day_of_week_operator.py
[2023-12-27T09:47:01.452+0545] {processor.py:840} INFO - DAG(s) 'example_weekday_branch_operator' retrieved from /home/sarita/Documents/apache-airflow-project/.venv/lib/python3.9/site-packages/airflow/example_dags/example_branch_day_of_week_operator.py
[2023-12-27T09:47:01.468+0545] {logging_mixin.py:188} INFO - [2023-12-27T09:47:01.468+0545] {dag.py:3033} INFO - Sync 1 DAGs
[2023-12-27T09:47:01.485+0545] {logging_mixin.py:188} INFO - [2023-12-27T09:47:01.485+0545] {dag.py:3820} INFO - Setting next_dagrun for example_weekday_branch_operator to 2023-12-26T00:00:00+00:00, run_after=2023-12-27T00:00:00+00:00
[2023-12-27T09:47:01.506+0545] {processor.py:183} INFO - Processing /home/sarita/Documents/apache-airflow-project/.venv/lib/python3.9/site-packages/airflow/example_dags/example_branch_day_of_week_operator.py took 0.077 seconds
[2023-12-27T09:48:00.814+0545] {processor.py:161} INFO - Started process (PID=8617) to work on /home/sarita/Documents/apache-airflow-project/.venv/lib/python3.9/site-packages/airflow/example_dags/example_branch_day_of_week_operator.py
[2023-12-27T09:48:00.817+0545] {processor.py:830} INFO - Processing file /home/sarita/Documents/apache-airflow-project/.venv/lib/python3.9/site-packages/airflow/example_dags/example_branch_day_of_week_operator.py for tasks to queue
[2023-12-27T09:48:00.819+0545] {logging_mixin.py:188} INFO - [2023-12-27T09:48:00.818+0545] {dagbag.py:538} INFO - Filling up the DagBag from /home/sarita/Documents/apache-airflow-project/.venv/lib/python3.9/site-packages/airflow/example_dags/example_branch_day_of_week_operator.py
[2023-12-27T09:48:00.834+0545] {processor.py:840} INFO - DAG(s) 'example_weekday_branch_operator' retrieved from /home/sarita/Documents/apache-airflow-project/.venv/lib/python3.9/site-packages/airflow/example_dags/example_branch_day_of_week_operator.py
[2023-12-27T09:48:00.857+0545] {logging_mixin.py:188} INFO - [2023-12-27T09:48:00.857+0545] {dag.py:3033} INFO - Sync 1 DAGs
[2023-12-27T09:48:00.878+0545] {logging_mixin.py:188} INFO - [2023-12-27T09:48:00.877+0545] {dag.py:3820} INFO - Setting next_dagrun for example_weekday_branch_operator to 2023-12-26T00:00:00+00:00, run_after=2023-12-27T00:00:00+00:00
[2023-12-27T09:48:00.910+0545] {processor.py:183} INFO - Processing /home/sarita/Documents/apache-airflow-project/.venv/lib/python3.9/site-packages/airflow/example_dags/example_branch_day_of_week_operator.py took 0.101 seconds
[2023-12-27T09:48:57.428+0545] {processor.py:161} INFO - Started process (PID=8679) to work on /home/sarita/Documents/apache-airflow-project/.venv/lib/python3.9/site-packages/airflow/example_dags/example_branch_day_of_week_operator.py
[2023-12-27T09:48:57.432+0545] {processor.py:830} INFO - Processing file /home/sarita/Documents/apache-airflow-project/.venv/lib/python3.9/site-packages/airflow/example_dags/example_branch_day_of_week_operator.py for tasks to queue
[2023-12-27T09:48:57.434+0545] {logging_mixin.py:188} INFO - [2023-12-27T09:48:57.433+0545] {dagbag.py:538} INFO - Filling up the DagBag from /home/sarita/Documents/apache-airflow-project/.venv/lib/python3.9/site-packages/airflow/example_dags/example_branch_day_of_week_operator.py
[2023-12-27T09:48:57.453+0545] {processor.py:840} INFO - DAG(s) 'example_weekday_branch_operator' retrieved from /home/sarita/Documents/apache-airflow-project/.venv/lib/python3.9/site-packages/airflow/example_dags/example_branch_day_of_week_operator.py
[2023-12-27T09:48:57.472+0545] {logging_mixin.py:188} INFO - [2023-12-27T09:48:57.472+0545] {dag.py:3033} INFO - Sync 1 DAGs
[2023-12-27T09:48:57.488+0545] {logging_mixin.py:188} INFO - [2023-12-27T09:48:57.488+0545] {dag.py:3820} INFO - Setting next_dagrun for example_weekday_branch_operator to 2023-12-26T00:00:00+00:00, run_after=2023-12-27T00:00:00+00:00
[2023-12-27T09:48:57.506+0545] {processor.py:183} INFO - Processing /home/sarita/Documents/apache-airflow-project/.venv/lib/python3.9/site-packages/airflow/example_dags/example_branch_day_of_week_operator.py took 0.086 seconds
[2023-12-27T09:49:51.762+0545] {processor.py:161} INFO - Started process (PID=8738) to work on /home/sarita/Documents/apache-airflow-project/.venv/lib/python3.9/site-packages/airflow/example_dags/example_branch_day_of_week_operator.py
[2023-12-27T09:49:51.766+0545] {processor.py:830} INFO - Processing file /home/sarita/Documents/apache-airflow-project/.venv/lib/python3.9/site-packages/airflow/example_dags/example_branch_day_of_week_operator.py for tasks to queue
[2023-12-27T09:49:51.768+0545] {logging_mixin.py:188} INFO - [2023-12-27T09:49:51.767+0545] {dagbag.py:538} INFO - Filling up the DagBag from /home/sarita/Documents/apache-airflow-project/.venv/lib/python3.9/site-packages/airflow/example_dags/example_branch_day_of_week_operator.py
[2023-12-27T09:49:51.784+0545] {processor.py:840} INFO - DAG(s) 'example_weekday_branch_operator' retrieved from /home/sarita/Documents/apache-airflow-project/.venv/lib/python3.9/site-packages/airflow/example_dags/example_branch_day_of_week_operator.py
[2023-12-27T09:49:51.801+0545] {logging_mixin.py:188} INFO - [2023-12-27T09:49:51.801+0545] {dag.py:3033} INFO - Sync 1 DAGs
[2023-12-27T09:49:51.818+0545] {logging_mixin.py:188} INFO - [2023-12-27T09:49:51.818+0545] {dag.py:3820} INFO - Setting next_dagrun for example_weekday_branch_operator to 2023-12-26T00:00:00+00:00, run_after=2023-12-27T00:00:00+00:00
[2023-12-27T09:49:51.837+0545] {processor.py:183} INFO - Processing /home/sarita/Documents/apache-airflow-project/.venv/lib/python3.9/site-packages/airflow/example_dags/example_branch_day_of_week_operator.py took 0.081 seconds
[2023-12-27T09:50:51.835+0545] {processor.py:161} INFO - Started process (PID=8838) to work on /home/sarita/Documents/apache-airflow-project/.venv/lib/python3.9/site-packages/airflow/example_dags/example_branch_day_of_week_operator.py
[2023-12-27T09:50:51.838+0545] {processor.py:830} INFO - Processing file /home/sarita/Documents/apache-airflow-project/.venv/lib/python3.9/site-packages/airflow/example_dags/example_branch_day_of_week_operator.py for tasks to queue
[2023-12-27T09:50:51.840+0545] {logging_mixin.py:188} INFO - [2023-12-27T09:50:51.839+0545] {dagbag.py:538} INFO - Filling up the DagBag from /home/sarita/Documents/apache-airflow-project/.venv/lib/python3.9/site-packages/airflow/example_dags/example_branch_day_of_week_operator.py
[2023-12-27T09:50:51.854+0545] {processor.py:840} INFO - DAG(s) 'example_weekday_branch_operator' retrieved from /home/sarita/Documents/apache-airflow-project/.venv/lib/python3.9/site-packages/airflow/example_dags/example_branch_day_of_week_operator.py
[2023-12-27T09:50:51.869+0545] {logging_mixin.py:188} INFO - [2023-12-27T09:50:51.869+0545] {dag.py:3033} INFO - Sync 1 DAGs
[2023-12-27T09:50:51.886+0545] {logging_mixin.py:188} INFO - [2023-12-27T09:50:51.886+0545] {dag.py:3820} INFO - Setting next_dagrun for example_weekday_branch_operator to 2023-12-26T00:00:00+00:00, run_after=2023-12-27T00:00:00+00:00
[2023-12-27T09:50:51.905+0545] {processor.py:183} INFO - Processing /home/sarita/Documents/apache-airflow-project/.venv/lib/python3.9/site-packages/airflow/example_dags/example_branch_day_of_week_operator.py took 0.078 seconds
[2023-12-27T09:51:50.146+0545] {processor.py:161} INFO - Started process (PID=8912) to work on /home/sarita/Documents/apache-airflow-project/.venv/lib/python3.9/site-packages/airflow/example_dags/example_branch_day_of_week_operator.py
[2023-12-27T09:51:50.149+0545] {processor.py:830} INFO - Processing file /home/sarita/Documents/apache-airflow-project/.venv/lib/python3.9/site-packages/airflow/example_dags/example_branch_day_of_week_operator.py for tasks to queue
[2023-12-27T09:51:50.151+0545] {logging_mixin.py:188} INFO - [2023-12-27T09:51:50.151+0545] {dagbag.py:538} INFO - Filling up the DagBag from /home/sarita/Documents/apache-airflow-project/.venv/lib/python3.9/site-packages/airflow/example_dags/example_branch_day_of_week_operator.py
[2023-12-27T09:51:50.164+0545] {processor.py:840} INFO - DAG(s) 'example_weekday_branch_operator' retrieved from /home/sarita/Documents/apache-airflow-project/.venv/lib/python3.9/site-packages/airflow/example_dags/example_branch_day_of_week_operator.py
[2023-12-27T09:51:50.179+0545] {logging_mixin.py:188} INFO - [2023-12-27T09:51:50.179+0545] {dag.py:3033} INFO - Sync 1 DAGs
[2023-12-27T09:51:50.195+0545] {logging_mixin.py:188} INFO - [2023-12-27T09:51:50.195+0545] {dag.py:3820} INFO - Setting next_dagrun for example_weekday_branch_operator to 2023-12-26T00:00:00+00:00, run_after=2023-12-27T00:00:00+00:00
[2023-12-27T09:51:50.229+0545] {processor.py:183} INFO - Processing /home/sarita/Documents/apache-airflow-project/.venv/lib/python3.9/site-packages/airflow/example_dags/example_branch_day_of_week_operator.py took 0.091 seconds
[2023-12-27T12:18:04.267+0545] {processor.py:161} INFO - Started process (PID=13590) to work on /home/sarita/Documents/apache-airflow-project/.venv/lib/python3.9/site-packages/airflow/example_dags/example_branch_day_of_week_operator.py
[2023-12-27T12:18:04.268+0545] {processor.py:830} INFO - Processing file /home/sarita/Documents/apache-airflow-project/.venv/lib/python3.9/site-packages/airflow/example_dags/example_branch_day_of_week_operator.py for tasks to queue
[2023-12-27T12:18:04.268+0545] {logging_mixin.py:188} INFO - [2023-12-27T12:18:04.268+0545] {dagbag.py:538} INFO - Filling up the DagBag from /home/sarita/Documents/apache-airflow-project/.venv/lib/python3.9/site-packages/airflow/example_dags/example_branch_day_of_week_operator.py
[2023-12-27T12:18:04.273+0545] {processor.py:840} INFO - DAG(s) 'example_weekday_branch_operator' retrieved from /home/sarita/Documents/apache-airflow-project/.venv/lib/python3.9/site-packages/airflow/example_dags/example_branch_day_of_week_operator.py
[2023-12-27T12:18:04.289+0545] {logging_mixin.py:188} INFO - [2023-12-27T12:18:04.289+0545] {dag.py:3033} INFO - Sync 1 DAGs
[2023-12-27T12:18:04.305+0545] {logging_mixin.py:188} INFO - [2023-12-27T12:18:04.304+0545] {dag.py:3820} INFO - Setting next_dagrun for example_weekday_branch_operator to 2023-12-26T00:00:00+00:00, run_after=2023-12-27T00:00:00+00:00
[2023-12-27T12:18:04.320+0545] {processor.py:183} INFO - Processing /home/sarita/Documents/apache-airflow-project/.venv/lib/python3.9/site-packages/airflow/example_dags/example_branch_day_of_week_operator.py took 0.055 seconds
[2023-12-27T12:39:45.414+0545] {processor.py:161} INFO - Started process (PID=15448) to work on /home/sarita/Documents/apache-airflow-project/.venv/lib/python3.9/site-packages/airflow/example_dags/example_branch_day_of_week_operator.py
[2023-12-27T12:39:45.416+0545] {processor.py:830} INFO - Processing file /home/sarita/Documents/apache-airflow-project/.venv/lib/python3.9/site-packages/airflow/example_dags/example_branch_day_of_week_operator.py for tasks to queue
[2023-12-27T12:39:45.417+0545] {logging_mixin.py:188} INFO - [2023-12-27T12:39:45.417+0545] {dagbag.py:538} INFO - Filling up the DagBag from /home/sarita/Documents/apache-airflow-project/.venv/lib/python3.9/site-packages/airflow/example_dags/example_branch_day_of_week_operator.py
[2023-12-27T12:39:45.422+0545] {processor.py:840} INFO - DAG(s) 'example_weekday_branch_operator' retrieved from /home/sarita/Documents/apache-airflow-project/.venv/lib/python3.9/site-packages/airflow/example_dags/example_branch_day_of_week_operator.py
[2023-12-27T12:39:45.436+0545] {logging_mixin.py:188} INFO - [2023-12-27T12:39:45.436+0545] {dag.py:3033} INFO - Sync 1 DAGs
[2023-12-27T12:39:45.452+0545] {logging_mixin.py:188} INFO - [2023-12-27T12:39:45.452+0545] {dag.py:3820} INFO - Setting next_dagrun for example_weekday_branch_operator to 2023-12-26T00:00:00+00:00, run_after=2023-12-27T00:00:00+00:00
[2023-12-27T12:39:45.470+0545] {processor.py:183} INFO - Processing /home/sarita/Documents/apache-airflow-project/.venv/lib/python3.9/site-packages/airflow/example_dags/example_branch_day_of_week_operator.py took 0.057 seconds
[2023-12-27T12:47:35.145+0545] {processor.py:161} INFO - Started process (PID=17244) to work on /home/sarita/Documents/apache-airflow-project/.venv/lib/python3.9/site-packages/airflow/example_dags/example_branch_day_of_week_operator.py
[2023-12-27T12:47:35.145+0545] {processor.py:830} INFO - Processing file /home/sarita/Documents/apache-airflow-project/.venv/lib/python3.9/site-packages/airflow/example_dags/example_branch_day_of_week_operator.py for tasks to queue
[2023-12-27T12:47:35.146+0545] {logging_mixin.py:188} INFO - [2023-12-27T12:47:35.146+0545] {dagbag.py:538} INFO - Filling up the DagBag from /home/sarita/Documents/apache-airflow-project/.venv/lib/python3.9/site-packages/airflow/example_dags/example_branch_day_of_week_operator.py
[2023-12-27T12:47:35.151+0545] {processor.py:840} INFO - DAG(s) 'example_weekday_branch_operator' retrieved from /home/sarita/Documents/apache-airflow-project/.venv/lib/python3.9/site-packages/airflow/example_dags/example_branch_day_of_week_operator.py
[2023-12-27T12:47:35.164+0545] {logging_mixin.py:188} INFO - [2023-12-27T12:47:35.164+0545] {dag.py:3033} INFO - Sync 1 DAGs
[2023-12-27T12:47:35.179+0545] {logging_mixin.py:188} INFO - [2023-12-27T12:47:35.179+0545] {dag.py:3820} INFO - Setting next_dagrun for example_weekday_branch_operator to 2023-12-26T00:00:00+00:00, run_after=2023-12-27T00:00:00+00:00
[2023-12-27T12:47:35.195+0545] {processor.py:183} INFO - Processing /home/sarita/Documents/apache-airflow-project/.venv/lib/python3.9/site-packages/airflow/example_dags/example_branch_day_of_week_operator.py took 0.052 seconds
[2023-12-27T12:52:45.723+0545] {processor.py:161} INFO - Started process (PID=17634) to work on /home/sarita/Documents/apache-airflow-project/.venv/lib/python3.9/site-packages/airflow/example_dags/example_branch_day_of_week_operator.py
[2023-12-27T12:52:45.725+0545] {processor.py:830} INFO - Processing file /home/sarita/Documents/apache-airflow-project/.venv/lib/python3.9/site-packages/airflow/example_dags/example_branch_day_of_week_operator.py for tasks to queue
[2023-12-27T12:52:45.726+0545] {logging_mixin.py:188} INFO - [2023-12-27T12:52:45.725+0545] {dagbag.py:538} INFO - Filling up the DagBag from /home/sarita/Documents/apache-airflow-project/.venv/lib/python3.9/site-packages/airflow/example_dags/example_branch_day_of_week_operator.py
[2023-12-27T12:52:45.731+0545] {processor.py:840} INFO - DAG(s) 'example_weekday_branch_operator' retrieved from /home/sarita/Documents/apache-airflow-project/.venv/lib/python3.9/site-packages/airflow/example_dags/example_branch_day_of_week_operator.py
[2023-12-27T12:52:45.746+0545] {logging_mixin.py:188} INFO - [2023-12-27T12:52:45.746+0545] {dag.py:3033} INFO - Sync 1 DAGs
[2023-12-27T12:52:45.762+0545] {logging_mixin.py:188} INFO - [2023-12-27T12:52:45.762+0545] {dag.py:3820} INFO - Setting next_dagrun for example_weekday_branch_operator to 2023-12-26T00:00:00+00:00, run_after=2023-12-27T00:00:00+00:00
[2023-12-27T12:52:45.779+0545] {processor.py:183} INFO - Processing /home/sarita/Documents/apache-airflow-project/.venv/lib/python3.9/site-packages/airflow/example_dags/example_branch_day_of_week_operator.py took 0.058 seconds
[2023-12-27T12:53:36.167+0545] {processor.py:161} INFO - Started process (PID=17762) to work on /home/sarita/Documents/apache-airflow-project/.venv/lib/python3.9/site-packages/airflow/example_dags/example_branch_day_of_week_operator.py
[2023-12-27T12:53:36.169+0545] {processor.py:830} INFO - Processing file /home/sarita/Documents/apache-airflow-project/.venv/lib/python3.9/site-packages/airflow/example_dags/example_branch_day_of_week_operator.py for tasks to queue
[2023-12-27T12:53:36.170+0545] {logging_mixin.py:188} INFO - [2023-12-27T12:53:36.170+0545] {dagbag.py:538} INFO - Filling up the DagBag from /home/sarita/Documents/apache-airflow-project/.venv/lib/python3.9/site-packages/airflow/example_dags/example_branch_day_of_week_operator.py
[2023-12-27T12:53:36.177+0545] {processor.py:840} INFO - DAG(s) 'example_weekday_branch_operator' retrieved from /home/sarita/Documents/apache-airflow-project/.venv/lib/python3.9/site-packages/airflow/example_dags/example_branch_day_of_week_operator.py
[2023-12-27T12:53:36.191+0545] {logging_mixin.py:188} INFO - [2023-12-27T12:53:36.190+0545] {dag.py:3033} INFO - Sync 1 DAGs
[2023-12-27T12:53:36.208+0545] {logging_mixin.py:188} INFO - [2023-12-27T12:53:36.207+0545] {dag.py:3820} INFO - Setting next_dagrun for example_weekday_branch_operator to 2023-12-26T00:00:00+00:00, run_after=2023-12-27T00:00:00+00:00
[2023-12-27T12:53:36.223+0545] {processor.py:183} INFO - Processing /home/sarita/Documents/apache-airflow-project/.venv/lib/python3.9/site-packages/airflow/example_dags/example_branch_day_of_week_operator.py took 0.059 seconds
