[2023-12-27T09:36:52.298+0545] {processor.py:161} INFO - Started process (PID=6915) to work on /home/sarita/Documents/apache-airflow-project/.venv/lib/python3.9/site-packages/airflow/example_dags/example_time_delta_sensor_async.py
[2023-12-27T09:36:52.299+0545] {processor.py:830} INFO - Processing file /home/sarita/Documents/apache-airflow-project/.venv/lib/python3.9/site-packages/airflow/example_dags/example_time_delta_sensor_async.py for tasks to queue
[2023-12-27T09:36:52.300+0545] {logging_mixin.py:188} INFO - [2023-12-27T09:36:52.299+0545] {dagbag.py:538} INFO - Filling up the DagBag from /home/sarita/Documents/apache-airflow-project/.venv/lib/python3.9/site-packages/airflow/example_dags/example_time_delta_sensor_async.py
[2023-12-27T09:36:52.303+0545] {processor.py:840} INFO - DAG(s) 'example_time_delta_sensor_async' retrieved from /home/sarita/Documents/apache-airflow-project/.venv/lib/python3.9/site-packages/airflow/example_dags/example_time_delta_sensor_async.py
[2023-12-27T09:36:52.320+0545] {logging_mixin.py:188} INFO - [2023-12-27T09:36:52.320+0545] {dag.py:3033} INFO - Sync 1 DAGs
[2023-12-27T09:36:52.331+0545] {logging_mixin.py:188} INFO - [2023-12-27T09:36:52.330+0545] {dag.py:3820} INFO - Setting next_dagrun for example_time_delta_sensor_async to None, run_after=None
[2023-12-27T09:36:52.369+0545] {processor.py:183} INFO - Processing /home/sarita/Documents/apache-airflow-project/.venv/lib/python3.9/site-packages/airflow/example_dags/example_time_delta_sensor_async.py took 0.073 seconds
[2023-12-27T09:37:38.721+0545] {processor.py:161} INFO - Started process (PID=6971) to work on /home/sarita/Documents/apache-airflow-project/.venv/lib/python3.9/site-packages/airflow/example_dags/example_time_delta_sensor_async.py
[2023-12-27T09:37:38.723+0545] {processor.py:830} INFO - Processing file /home/sarita/Documents/apache-airflow-project/.venv/lib/python3.9/site-packages/airflow/example_dags/example_time_delta_sensor_async.py for tasks to queue
[2023-12-27T09:37:38.724+0545] {logging_mixin.py:188} INFO - [2023-12-27T09:37:38.724+0545] {dagbag.py:538} INFO - Filling up the DagBag from /home/sarita/Documents/apache-airflow-project/.venv/lib/python3.9/site-packages/airflow/example_dags/example_time_delta_sensor_async.py
[2023-12-27T09:37:38.729+0545] {processor.py:840} INFO - DAG(s) 'example_time_delta_sensor_async' retrieved from /home/sarita/Documents/apache-airflow-project/.venv/lib/python3.9/site-packages/airflow/example_dags/example_time_delta_sensor_async.py
[2023-12-27T09:37:38.744+0545] {logging_mixin.py:188} INFO - [2023-12-27T09:37:38.744+0545] {dag.py:3033} INFO - Sync 1 DAGs
[2023-12-27T09:37:38.755+0545] {logging_mixin.py:188} INFO - [2023-12-27T09:37:38.755+0545] {dag.py:3820} INFO - Setting next_dagrun for example_time_delta_sensor_async to None, run_after=None
[2023-12-27T09:37:38.772+0545] {processor.py:183} INFO - Processing /home/sarita/Documents/apache-airflow-project/.venv/lib/python3.9/site-packages/airflow/example_dags/example_time_delta_sensor_async.py took 0.053 seconds
[2023-12-27T09:38:28.793+0545] {processor.py:161} INFO - Started process (PID=7040) to work on /home/sarita/Documents/apache-airflow-project/.venv/lib/python3.9/site-packages/airflow/example_dags/example_time_delta_sensor_async.py
[2023-12-27T09:38:28.795+0545] {processor.py:830} INFO - Processing file /home/sarita/Documents/apache-airflow-project/.venv/lib/python3.9/site-packages/airflow/example_dags/example_time_delta_sensor_async.py for tasks to queue
[2023-12-27T09:38:28.795+0545] {logging_mixin.py:188} INFO - [2023-12-27T09:38:28.795+0545] {dagbag.py:538} INFO - Filling up the DagBag from /home/sarita/Documents/apache-airflow-project/.venv/lib/python3.9/site-packages/airflow/example_dags/example_time_delta_sensor_async.py
[2023-12-27T09:38:28.799+0545] {processor.py:840} INFO - DAG(s) 'example_time_delta_sensor_async' retrieved from /home/sarita/Documents/apache-airflow-project/.venv/lib/python3.9/site-packages/airflow/example_dags/example_time_delta_sensor_async.py
[2023-12-27T09:38:28.810+0545] {logging_mixin.py:188} INFO - [2023-12-27T09:38:28.809+0545] {dag.py:3033} INFO - Sync 1 DAGs
[2023-12-27T09:38:28.819+0545] {logging_mixin.py:188} INFO - [2023-12-27T09:38:28.819+0545] {dag.py:3820} INFO - Setting next_dagrun for example_time_delta_sensor_async to None, run_after=None
[2023-12-27T09:38:28.837+0545] {processor.py:183} INFO - Processing /home/sarita/Documents/apache-airflow-project/.venv/lib/python3.9/site-packages/airflow/example_dags/example_time_delta_sensor_async.py took 0.047 seconds
[2023-12-27T09:39:22.478+0545] {processor.py:161} INFO - Started process (PID=7149) to work on /home/sarita/Documents/apache-airflow-project/.venv/lib/python3.9/site-packages/airflow/example_dags/example_time_delta_sensor_async.py
[2023-12-27T09:39:22.481+0545] {processor.py:830} INFO - Processing file /home/sarita/Documents/apache-airflow-project/.venv/lib/python3.9/site-packages/airflow/example_dags/example_time_delta_sensor_async.py for tasks to queue
[2023-12-27T09:39:22.483+0545] {logging_mixin.py:188} INFO - [2023-12-27T09:39:22.482+0545] {dagbag.py:538} INFO - Filling up the DagBag from /home/sarita/Documents/apache-airflow-project/.venv/lib/python3.9/site-packages/airflow/example_dags/example_time_delta_sensor_async.py
[2023-12-27T09:39:22.491+0545] {processor.py:840} INFO - DAG(s) 'example_time_delta_sensor_async' retrieved from /home/sarita/Documents/apache-airflow-project/.venv/lib/python3.9/site-packages/airflow/example_dags/example_time_delta_sensor_async.py
[2023-12-27T09:39:22.508+0545] {logging_mixin.py:188} INFO - [2023-12-27T09:39:22.508+0545] {dag.py:3033} INFO - Sync 1 DAGs
[2023-12-27T09:39:22.518+0545] {logging_mixin.py:188} INFO - [2023-12-27T09:39:22.517+0545] {dag.py:3820} INFO - Setting next_dagrun for example_time_delta_sensor_async to None, run_after=None
[2023-12-27T09:39:22.536+0545] {processor.py:183} INFO - Processing /home/sarita/Documents/apache-airflow-project/.venv/lib/python3.9/site-packages/airflow/example_dags/example_time_delta_sensor_async.py took 0.063 seconds
[2023-12-27T09:40:20.244+0545] {processor.py:161} INFO - Started process (PID=7255) to work on /home/sarita/Documents/apache-airflow-project/.venv/lib/python3.9/site-packages/airflow/example_dags/example_time_delta_sensor_async.py
[2023-12-27T09:40:20.246+0545] {processor.py:830} INFO - Processing file /home/sarita/Documents/apache-airflow-project/.venv/lib/python3.9/site-packages/airflow/example_dags/example_time_delta_sensor_async.py for tasks to queue
[2023-12-27T09:40:20.247+0545] {logging_mixin.py:188} INFO - [2023-12-27T09:40:20.246+0545] {dagbag.py:538} INFO - Filling up the DagBag from /home/sarita/Documents/apache-airflow-project/.venv/lib/python3.9/site-packages/airflow/example_dags/example_time_delta_sensor_async.py
[2023-12-27T09:40:20.252+0545] {processor.py:840} INFO - DAG(s) 'example_time_delta_sensor_async' retrieved from /home/sarita/Documents/apache-airflow-project/.venv/lib/python3.9/site-packages/airflow/example_dags/example_time_delta_sensor_async.py
[2023-12-27T09:40:20.266+0545] {logging_mixin.py:188} INFO - [2023-12-27T09:40:20.266+0545] {dag.py:3033} INFO - Sync 1 DAGs
[2023-12-27T09:40:20.275+0545] {logging_mixin.py:188} INFO - [2023-12-27T09:40:20.275+0545] {dag.py:3820} INFO - Setting next_dagrun for example_time_delta_sensor_async to None, run_after=None
[2023-12-27T09:40:20.294+0545] {processor.py:183} INFO - Processing /home/sarita/Documents/apache-airflow-project/.venv/lib/python3.9/site-packages/airflow/example_dags/example_time_delta_sensor_async.py took 0.054 seconds
[2023-12-27T09:41:10.002+0545] {processor.py:161} INFO - Started process (PID=7512) to work on /home/sarita/Documents/apache-airflow-project/.venv/lib/python3.9/site-packages/airflow/example_dags/example_time_delta_sensor_async.py
[2023-12-27T09:41:10.005+0545] {processor.py:830} INFO - Processing file /home/sarita/Documents/apache-airflow-project/.venv/lib/python3.9/site-packages/airflow/example_dags/example_time_delta_sensor_async.py for tasks to queue
[2023-12-27T09:41:10.006+0545] {logging_mixin.py:188} INFO - [2023-12-27T09:41:10.005+0545] {dagbag.py:538} INFO - Filling up the DagBag from /home/sarita/Documents/apache-airflow-project/.venv/lib/python3.9/site-packages/airflow/example_dags/example_time_delta_sensor_async.py
[2023-12-27T09:41:10.010+0545] {processor.py:840} INFO - DAG(s) 'example_time_delta_sensor_async' retrieved from /home/sarita/Documents/apache-airflow-project/.venv/lib/python3.9/site-packages/airflow/example_dags/example_time_delta_sensor_async.py
[2023-12-27T09:41:10.022+0545] {logging_mixin.py:188} INFO - [2023-12-27T09:41:10.021+0545] {dag.py:3033} INFO - Sync 1 DAGs
[2023-12-27T09:41:10.031+0545] {logging_mixin.py:188} INFO - [2023-12-27T09:41:10.031+0545] {dag.py:3820} INFO - Setting next_dagrun for example_time_delta_sensor_async to None, run_after=None
[2023-12-27T09:41:10.048+0545] {processor.py:183} INFO - Processing /home/sarita/Documents/apache-airflow-project/.venv/lib/python3.9/site-packages/airflow/example_dags/example_time_delta_sensor_async.py took 0.049 seconds
[2023-12-27T09:42:07.900+0545] {processor.py:161} INFO - Started process (PID=7745) to work on /home/sarita/Documents/apache-airflow-project/.venv/lib/python3.9/site-packages/airflow/example_dags/example_time_delta_sensor_async.py
[2023-12-27T09:42:07.904+0545] {processor.py:830} INFO - Processing file /home/sarita/Documents/apache-airflow-project/.venv/lib/python3.9/site-packages/airflow/example_dags/example_time_delta_sensor_async.py for tasks to queue
[2023-12-27T09:42:07.906+0545] {logging_mixin.py:188} INFO - [2023-12-27T09:42:07.905+0545] {dagbag.py:538} INFO - Filling up the DagBag from /home/sarita/Documents/apache-airflow-project/.venv/lib/python3.9/site-packages/airflow/example_dags/example_time_delta_sensor_async.py
[2023-12-27T09:42:07.917+0545] {processor.py:840} INFO - DAG(s) 'example_time_delta_sensor_async' retrieved from /home/sarita/Documents/apache-airflow-project/.venv/lib/python3.9/site-packages/airflow/example_dags/example_time_delta_sensor_async.py
[2023-12-27T09:42:07.933+0545] {logging_mixin.py:188} INFO - [2023-12-27T09:42:07.933+0545] {dag.py:3033} INFO - Sync 1 DAGs
[2023-12-27T09:42:07.943+0545] {logging_mixin.py:188} INFO - [2023-12-27T09:42:07.942+0545] {dag.py:3820} INFO - Setting next_dagrun for example_time_delta_sensor_async to None, run_after=None
[2023-12-27T09:42:07.960+0545] {processor.py:183} INFO - Processing /home/sarita/Documents/apache-airflow-project/.venv/lib/python3.9/site-packages/airflow/example_dags/example_time_delta_sensor_async.py took 0.068 seconds
[2023-12-27T09:42:59.872+0545] {processor.py:161} INFO - Started process (PID=7834) to work on /home/sarita/Documents/apache-airflow-project/.venv/lib/python3.9/site-packages/airflow/example_dags/example_time_delta_sensor_async.py
[2023-12-27T09:42:59.876+0545] {processor.py:830} INFO - Processing file /home/sarita/Documents/apache-airflow-project/.venv/lib/python3.9/site-packages/airflow/example_dags/example_time_delta_sensor_async.py for tasks to queue
[2023-12-27T09:42:59.878+0545] {logging_mixin.py:188} INFO - [2023-12-27T09:42:59.877+0545] {dagbag.py:538} INFO - Filling up the DagBag from /home/sarita/Documents/apache-airflow-project/.venv/lib/python3.9/site-packages/airflow/example_dags/example_time_delta_sensor_async.py
[2023-12-27T09:42:59.887+0545] {processor.py:840} INFO - DAG(s) 'example_time_delta_sensor_async' retrieved from /home/sarita/Documents/apache-airflow-project/.venv/lib/python3.9/site-packages/airflow/example_dags/example_time_delta_sensor_async.py
[2023-12-27T09:42:59.906+0545] {logging_mixin.py:188} INFO - [2023-12-27T09:42:59.906+0545] {dag.py:3033} INFO - Sync 1 DAGs
[2023-12-27T09:42:59.916+0545] {logging_mixin.py:188} INFO - [2023-12-27T09:42:59.916+0545] {dag.py:3820} INFO - Setting next_dagrun for example_time_delta_sensor_async to None, run_after=None
[2023-12-27T09:42:59.933+0545] {processor.py:183} INFO - Processing /home/sarita/Documents/apache-airflow-project/.venv/lib/python3.9/site-packages/airflow/example_dags/example_time_delta_sensor_async.py took 0.068 seconds
[2023-12-27T09:43:54.013+0545] {processor.py:161} INFO - Started process (PID=7907) to work on /home/sarita/Documents/apache-airflow-project/.venv/lib/python3.9/site-packages/airflow/example_dags/example_time_delta_sensor_async.py
[2023-12-27T09:43:54.015+0545] {processor.py:830} INFO - Processing file /home/sarita/Documents/apache-airflow-project/.venv/lib/python3.9/site-packages/airflow/example_dags/example_time_delta_sensor_async.py for tasks to queue
[2023-12-27T09:43:54.017+0545] {logging_mixin.py:188} INFO - [2023-12-27T09:43:54.016+0545] {dagbag.py:538} INFO - Filling up the DagBag from /home/sarita/Documents/apache-airflow-project/.venv/lib/python3.9/site-packages/airflow/example_dags/example_time_delta_sensor_async.py
[2023-12-27T09:43:54.022+0545] {processor.py:840} INFO - DAG(s) 'example_time_delta_sensor_async' retrieved from /home/sarita/Documents/apache-airflow-project/.venv/lib/python3.9/site-packages/airflow/example_dags/example_time_delta_sensor_async.py
[2023-12-27T09:43:54.039+0545] {logging_mixin.py:188} INFO - [2023-12-27T09:43:54.039+0545] {dag.py:3033} INFO - Sync 1 DAGs
[2023-12-27T09:43:54.048+0545] {logging_mixin.py:188} INFO - [2023-12-27T09:43:54.048+0545] {dag.py:3820} INFO - Setting next_dagrun for example_time_delta_sensor_async to None, run_after=None
[2023-12-27T09:43:54.066+0545] {processor.py:183} INFO - Processing /home/sarita/Documents/apache-airflow-project/.venv/lib/python3.9/site-packages/airflow/example_dags/example_time_delta_sensor_async.py took 0.056 seconds
[2023-12-27T09:44:48.473+0545] {processor.py:161} INFO - Started process (PID=7983) to work on /home/sarita/Documents/apache-airflow-project/.venv/lib/python3.9/site-packages/airflow/example_dags/example_time_delta_sensor_async.py
[2023-12-27T09:44:48.476+0545] {processor.py:830} INFO - Processing file /home/sarita/Documents/apache-airflow-project/.venv/lib/python3.9/site-packages/airflow/example_dags/example_time_delta_sensor_async.py for tasks to queue
[2023-12-27T09:44:48.477+0545] {logging_mixin.py:188} INFO - [2023-12-27T09:44:48.477+0545] {dagbag.py:538} INFO - Filling up the DagBag from /home/sarita/Documents/apache-airflow-project/.venv/lib/python3.9/site-packages/airflow/example_dags/example_time_delta_sensor_async.py
[2023-12-27T09:44:48.485+0545] {processor.py:840} INFO - DAG(s) 'example_time_delta_sensor_async' retrieved from /home/sarita/Documents/apache-airflow-project/.venv/lib/python3.9/site-packages/airflow/example_dags/example_time_delta_sensor_async.py
[2023-12-27T09:44:48.505+0545] {logging_mixin.py:188} INFO - [2023-12-27T09:44:48.505+0545] {dag.py:3033} INFO - Sync 1 DAGs
[2023-12-27T09:44:48.515+0545] {logging_mixin.py:188} INFO - [2023-12-27T09:44:48.515+0545] {dag.py:3820} INFO - Setting next_dagrun for example_time_delta_sensor_async to None, run_after=None
[2023-12-27T09:44:48.543+0545] {processor.py:183} INFO - Processing /home/sarita/Documents/apache-airflow-project/.venv/lib/python3.9/site-packages/airflow/example_dags/example_time_delta_sensor_async.py took 0.075 seconds
[2023-12-27T09:45:46.222+0545] {processor.py:161} INFO - Started process (PID=8445) to work on /home/sarita/Documents/apache-airflow-project/.venv/lib/python3.9/site-packages/airflow/example_dags/example_time_delta_sensor_async.py
[2023-12-27T09:45:46.225+0545] {processor.py:830} INFO - Processing file /home/sarita/Documents/apache-airflow-project/.venv/lib/python3.9/site-packages/airflow/example_dags/example_time_delta_sensor_async.py for tasks to queue
[2023-12-27T09:45:46.226+0545] {logging_mixin.py:188} INFO - [2023-12-27T09:45:46.225+0545] {dagbag.py:538} INFO - Filling up the DagBag from /home/sarita/Documents/apache-airflow-project/.venv/lib/python3.9/site-packages/airflow/example_dags/example_time_delta_sensor_async.py
[2023-12-27T09:45:46.231+0545] {processor.py:840} INFO - DAG(s) 'example_time_delta_sensor_async' retrieved from /home/sarita/Documents/apache-airflow-project/.venv/lib/python3.9/site-packages/airflow/example_dags/example_time_delta_sensor_async.py
[2023-12-27T09:45:46.244+0545] {logging_mixin.py:188} INFO - [2023-12-27T09:45:46.244+0545] {dag.py:3033} INFO - Sync 1 DAGs
[2023-12-27T09:45:46.252+0545] {logging_mixin.py:188} INFO - [2023-12-27T09:45:46.252+0545] {dag.py:3820} INFO - Setting next_dagrun for example_time_delta_sensor_async to None, run_after=None
[2023-12-27T09:45:46.269+0545] {processor.py:183} INFO - Processing /home/sarita/Documents/apache-airflow-project/.venv/lib/python3.9/site-packages/airflow/example_dags/example_time_delta_sensor_async.py took 0.052 seconds
[2023-12-27T09:46:38.457+0545] {processor.py:161} INFO - Started process (PID=8511) to work on /home/sarita/Documents/apache-airflow-project/.venv/lib/python3.9/site-packages/airflow/example_dags/example_time_delta_sensor_async.py
[2023-12-27T09:46:38.461+0545] {processor.py:830} INFO - Processing file /home/sarita/Documents/apache-airflow-project/.venv/lib/python3.9/site-packages/airflow/example_dags/example_time_delta_sensor_async.py for tasks to queue
[2023-12-27T09:46:38.463+0545] {logging_mixin.py:188} INFO - [2023-12-27T09:46:38.462+0545] {dagbag.py:538} INFO - Filling up the DagBag from /home/sarita/Documents/apache-airflow-project/.venv/lib/python3.9/site-packages/airflow/example_dags/example_time_delta_sensor_async.py
[2023-12-27T09:46:38.473+0545] {processor.py:840} INFO - DAG(s) 'example_time_delta_sensor_async' retrieved from /home/sarita/Documents/apache-airflow-project/.venv/lib/python3.9/site-packages/airflow/example_dags/example_time_delta_sensor_async.py
[2023-12-27T09:46:38.489+0545] {logging_mixin.py:188} INFO - [2023-12-27T09:46:38.489+0545] {dag.py:3033} INFO - Sync 1 DAGs
[2023-12-27T09:46:38.499+0545] {logging_mixin.py:188} INFO - [2023-12-27T09:46:38.499+0545] {dag.py:3820} INFO - Setting next_dagrun for example_time_delta_sensor_async to None, run_after=None
[2023-12-27T09:46:38.516+0545] {processor.py:183} INFO - Processing /home/sarita/Documents/apache-airflow-project/.venv/lib/python3.9/site-packages/airflow/example_dags/example_time_delta_sensor_async.py took 0.066 seconds
[2023-12-27T09:47:36.551+0545] {processor.py:161} INFO - Started process (PID=8570) to work on /home/sarita/Documents/apache-airflow-project/.venv/lib/python3.9/site-packages/airflow/example_dags/example_time_delta_sensor_async.py
[2023-12-27T09:47:36.554+0545] {processor.py:830} INFO - Processing file /home/sarita/Documents/apache-airflow-project/.venv/lib/python3.9/site-packages/airflow/example_dags/example_time_delta_sensor_async.py for tasks to queue
[2023-12-27T09:47:36.555+0545] {logging_mixin.py:188} INFO - [2023-12-27T09:47:36.555+0545] {dagbag.py:538} INFO - Filling up the DagBag from /home/sarita/Documents/apache-airflow-project/.venv/lib/python3.9/site-packages/airflow/example_dags/example_time_delta_sensor_async.py
[2023-12-27T09:47:36.564+0545] {processor.py:840} INFO - DAG(s) 'example_time_delta_sensor_async' retrieved from /home/sarita/Documents/apache-airflow-project/.venv/lib/python3.9/site-packages/airflow/example_dags/example_time_delta_sensor_async.py
[2023-12-27T09:47:36.581+0545] {logging_mixin.py:188} INFO - [2023-12-27T09:47:36.581+0545] {dag.py:3033} INFO - Sync 1 DAGs
[2023-12-27T09:47:36.591+0545] {logging_mixin.py:188} INFO - [2023-12-27T09:47:36.590+0545] {dag.py:3820} INFO - Setting next_dagrun for example_time_delta_sensor_async to None, run_after=None
[2023-12-27T09:47:36.609+0545] {processor.py:183} INFO - Processing /home/sarita/Documents/apache-airflow-project/.venv/lib/python3.9/site-packages/airflow/example_dags/example_time_delta_sensor_async.py took 0.064 seconds
[2023-12-27T09:48:34.396+0545] {processor.py:161} INFO - Started process (PID=8656) to work on /home/sarita/Documents/apache-airflow-project/.venv/lib/python3.9/site-packages/airflow/example_dags/example_time_delta_sensor_async.py
[2023-12-27T09:48:34.398+0545] {processor.py:830} INFO - Processing file /home/sarita/Documents/apache-airflow-project/.venv/lib/python3.9/site-packages/airflow/example_dags/example_time_delta_sensor_async.py for tasks to queue
[2023-12-27T09:48:34.399+0545] {logging_mixin.py:188} INFO - [2023-12-27T09:48:34.399+0545] {dagbag.py:538} INFO - Filling up the DagBag from /home/sarita/Documents/apache-airflow-project/.venv/lib/python3.9/site-packages/airflow/example_dags/example_time_delta_sensor_async.py
[2023-12-27T09:48:34.404+0545] {processor.py:840} INFO - DAG(s) 'example_time_delta_sensor_async' retrieved from /home/sarita/Documents/apache-airflow-project/.venv/lib/python3.9/site-packages/airflow/example_dags/example_time_delta_sensor_async.py
[2023-12-27T09:48:34.420+0545] {logging_mixin.py:188} INFO - [2023-12-27T09:48:34.419+0545] {dag.py:3033} INFO - Sync 1 DAGs
[2023-12-27T09:48:34.429+0545] {logging_mixin.py:188} INFO - [2023-12-27T09:48:34.429+0545] {dag.py:3820} INFO - Setting next_dagrun for example_time_delta_sensor_async to None, run_after=None
[2023-12-27T09:48:34.448+0545] {processor.py:183} INFO - Processing /home/sarita/Documents/apache-airflow-project/.venv/lib/python3.9/site-packages/airflow/example_dags/example_time_delta_sensor_async.py took 0.054 seconds
[2023-12-27T09:49:28.226+0545] {processor.py:161} INFO - Started process (PID=8712) to work on /home/sarita/Documents/apache-airflow-project/.venv/lib/python3.9/site-packages/airflow/example_dags/example_time_delta_sensor_async.py
[2023-12-27T09:49:28.229+0545] {processor.py:830} INFO - Processing file /home/sarita/Documents/apache-airflow-project/.venv/lib/python3.9/site-packages/airflow/example_dags/example_time_delta_sensor_async.py for tasks to queue
[2023-12-27T09:49:28.229+0545] {logging_mixin.py:188} INFO - [2023-12-27T09:49:28.229+0545] {dagbag.py:538} INFO - Filling up the DagBag from /home/sarita/Documents/apache-airflow-project/.venv/lib/python3.9/site-packages/airflow/example_dags/example_time_delta_sensor_async.py
[2023-12-27T09:49:28.233+0545] {processor.py:840} INFO - DAG(s) 'example_time_delta_sensor_async' retrieved from /home/sarita/Documents/apache-airflow-project/.venv/lib/python3.9/site-packages/airflow/example_dags/example_time_delta_sensor_async.py
[2023-12-27T09:49:28.244+0545] {logging_mixin.py:188} INFO - [2023-12-27T09:49:28.244+0545] {dag.py:3033} INFO - Sync 1 DAGs
[2023-12-27T09:49:28.253+0545] {logging_mixin.py:188} INFO - [2023-12-27T09:49:28.253+0545] {dag.py:3820} INFO - Setting next_dagrun for example_time_delta_sensor_async to None, run_after=None
[2023-12-27T09:49:28.271+0545] {processor.py:183} INFO - Processing /home/sarita/Documents/apache-airflow-project/.venv/lib/python3.9/site-packages/airflow/example_dags/example_time_delta_sensor_async.py took 0.048 seconds
[2023-12-27T09:50:25.472+0545] {processor.py:161} INFO - Started process (PID=8783) to work on /home/sarita/Documents/apache-airflow-project/.venv/lib/python3.9/site-packages/airflow/example_dags/example_time_delta_sensor_async.py
[2023-12-27T09:50:25.475+0545] {processor.py:830} INFO - Processing file /home/sarita/Documents/apache-airflow-project/.venv/lib/python3.9/site-packages/airflow/example_dags/example_time_delta_sensor_async.py for tasks to queue
[2023-12-27T09:50:25.476+0545] {logging_mixin.py:188} INFO - [2023-12-27T09:50:25.476+0545] {dagbag.py:538} INFO - Filling up the DagBag from /home/sarita/Documents/apache-airflow-project/.venv/lib/python3.9/site-packages/airflow/example_dags/example_time_delta_sensor_async.py
[2023-12-27T09:50:25.483+0545] {processor.py:840} INFO - DAG(s) 'example_time_delta_sensor_async' retrieved from /home/sarita/Documents/apache-airflow-project/.venv/lib/python3.9/site-packages/airflow/example_dags/example_time_delta_sensor_async.py
[2023-12-27T09:50:25.499+0545] {logging_mixin.py:188} INFO - [2023-12-27T09:50:25.498+0545] {dag.py:3033} INFO - Sync 1 DAGs
[2023-12-27T09:50:25.508+0545] {logging_mixin.py:188} INFO - [2023-12-27T09:50:25.508+0545] {dag.py:3820} INFO - Setting next_dagrun for example_time_delta_sensor_async to None, run_after=None
[2023-12-27T09:50:25.526+0545] {processor.py:183} INFO - Processing /home/sarita/Documents/apache-airflow-project/.venv/lib/python3.9/site-packages/airflow/example_dags/example_time_delta_sensor_async.py took 0.062 seconds
[2023-12-27T09:51:25.303+0545] {processor.py:161} INFO - Started process (PID=8883) to work on /home/sarita/Documents/apache-airflow-project/.venv/lib/python3.9/site-packages/airflow/example_dags/example_time_delta_sensor_async.py
[2023-12-27T09:51:25.305+0545] {processor.py:830} INFO - Processing file /home/sarita/Documents/apache-airflow-project/.venv/lib/python3.9/site-packages/airflow/example_dags/example_time_delta_sensor_async.py for tasks to queue
[2023-12-27T09:51:25.306+0545] {logging_mixin.py:188} INFO - [2023-12-27T09:51:25.306+0545] {dagbag.py:538} INFO - Filling up the DagBag from /home/sarita/Documents/apache-airflow-project/.venv/lib/python3.9/site-packages/airflow/example_dags/example_time_delta_sensor_async.py
[2023-12-27T09:51:25.312+0545] {processor.py:840} INFO - DAG(s) 'example_time_delta_sensor_async' retrieved from /home/sarita/Documents/apache-airflow-project/.venv/lib/python3.9/site-packages/airflow/example_dags/example_time_delta_sensor_async.py
[2023-12-27T09:51:25.327+0545] {logging_mixin.py:188} INFO - [2023-12-27T09:51:25.327+0545] {dag.py:3033} INFO - Sync 1 DAGs
[2023-12-27T09:51:25.338+0545] {logging_mixin.py:188} INFO - [2023-12-27T09:51:25.338+0545] {dag.py:3820} INFO - Setting next_dagrun for example_time_delta_sensor_async to None, run_after=None
[2023-12-27T09:51:25.356+0545] {processor.py:183} INFO - Processing /home/sarita/Documents/apache-airflow-project/.venv/lib/python3.9/site-packages/airflow/example_dags/example_time_delta_sensor_async.py took 0.058 seconds
[2023-12-27T09:52:54.260+0545] {processor.py:161} INFO - Started process (PID=9050) to work on /home/sarita/Documents/apache-airflow-project/.venv/lib/python3.9/site-packages/airflow/example_dags/example_time_delta_sensor_async.py
[2023-12-27T09:52:54.261+0545] {processor.py:830} INFO - Processing file /home/sarita/Documents/apache-airflow-project/.venv/lib/python3.9/site-packages/airflow/example_dags/example_time_delta_sensor_async.py for tasks to queue
[2023-12-27T09:52:54.262+0545] {logging_mixin.py:188} INFO - [2023-12-27T09:52:54.261+0545] {dagbag.py:538} INFO - Filling up the DagBag from /home/sarita/Documents/apache-airflow-project/.venv/lib/python3.9/site-packages/airflow/example_dags/example_time_delta_sensor_async.py
[2023-12-27T09:52:54.265+0545] {processor.py:840} INFO - DAG(s) 'example_time_delta_sensor_async' retrieved from /home/sarita/Documents/apache-airflow-project/.venv/lib/python3.9/site-packages/airflow/example_dags/example_time_delta_sensor_async.py
[2023-12-27T09:52:54.276+0545] {logging_mixin.py:188} INFO - [2023-12-27T09:52:54.276+0545] {dag.py:3033} INFO - Sync 1 DAGs
[2023-12-27T09:52:54.286+0545] {logging_mixin.py:188} INFO - [2023-12-27T09:52:54.285+0545] {dag.py:3820} INFO - Setting next_dagrun for example_time_delta_sensor_async to None, run_after=None
[2023-12-27T09:52:54.304+0545] {processor.py:183} INFO - Processing /home/sarita/Documents/apache-airflow-project/.venv/lib/python3.9/site-packages/airflow/example_dags/example_time_delta_sensor_async.py took 0.046 seconds
[2023-12-27T12:16:35.729+0545] {processor.py:161} INFO - Started process (PID=13357) to work on /home/sarita/Documents/apache-airflow-project/.venv/lib/python3.9/site-packages/airflow/example_dags/example_time_delta_sensor_async.py
[2023-12-27T12:16:35.730+0545] {processor.py:830} INFO - Processing file /home/sarita/Documents/apache-airflow-project/.venv/lib/python3.9/site-packages/airflow/example_dags/example_time_delta_sensor_async.py for tasks to queue
[2023-12-27T12:16:35.730+0545] {logging_mixin.py:188} INFO - [2023-12-27T12:16:35.730+0545] {dagbag.py:538} INFO - Filling up the DagBag from /home/sarita/Documents/apache-airflow-project/.venv/lib/python3.9/site-packages/airflow/example_dags/example_time_delta_sensor_async.py
[2023-12-27T12:16:35.733+0545] {processor.py:840} INFO - DAG(s) 'example_time_delta_sensor_async' retrieved from /home/sarita/Documents/apache-airflow-project/.venv/lib/python3.9/site-packages/airflow/example_dags/example_time_delta_sensor_async.py
[2023-12-27T12:16:35.746+0545] {logging_mixin.py:188} INFO - [2023-12-27T12:16:35.746+0545] {dag.py:3033} INFO - Sync 1 DAGs
[2023-12-27T12:16:35.757+0545] {logging_mixin.py:188} INFO - [2023-12-27T12:16:35.757+0545] {dag.py:3820} INFO - Setting next_dagrun for example_time_delta_sensor_async to None, run_after=None
[2023-12-27T12:16:35.774+0545] {processor.py:183} INFO - Processing /home/sarita/Documents/apache-airflow-project/.venv/lib/python3.9/site-packages/airflow/example_dags/example_time_delta_sensor_async.py took 0.046 seconds
[2023-12-27T12:21:40.666+0545] {processor.py:161} INFO - Started process (PID=13904) to work on /home/sarita/Documents/apache-airflow-project/.venv/lib/python3.9/site-packages/airflow/example_dags/example_time_delta_sensor_async.py
[2023-12-27T12:21:40.667+0545] {processor.py:830} INFO - Processing file /home/sarita/Documents/apache-airflow-project/.venv/lib/python3.9/site-packages/airflow/example_dags/example_time_delta_sensor_async.py for tasks to queue
[2023-12-27T12:21:40.667+0545] {logging_mixin.py:188} INFO - [2023-12-27T12:21:40.667+0545] {dagbag.py:538} INFO - Filling up the DagBag from /home/sarita/Documents/apache-airflow-project/.venv/lib/python3.9/site-packages/airflow/example_dags/example_time_delta_sensor_async.py
[2023-12-27T12:21:40.670+0545] {processor.py:840} INFO - DAG(s) 'example_time_delta_sensor_async' retrieved from /home/sarita/Documents/apache-airflow-project/.venv/lib/python3.9/site-packages/airflow/example_dags/example_time_delta_sensor_async.py
[2023-12-27T12:21:40.682+0545] {logging_mixin.py:188} INFO - [2023-12-27T12:21:40.682+0545] {dag.py:3033} INFO - Sync 1 DAGs
[2023-12-27T12:21:40.691+0545] {logging_mixin.py:188} INFO - [2023-12-27T12:21:40.691+0545] {dag.py:3820} INFO - Setting next_dagrun for example_time_delta_sensor_async to None, run_after=None
[2023-12-27T12:21:40.707+0545] {processor.py:183} INFO - Processing /home/sarita/Documents/apache-airflow-project/.venv/lib/python3.9/site-packages/airflow/example_dags/example_time_delta_sensor_async.py took 0.043 seconds
[2023-12-27T12:39:27.819+0545] {processor.py:161} INFO - Started process (PID=15384) to work on /home/sarita/Documents/apache-airflow-project/.venv/lib/python3.9/site-packages/airflow/example_dags/example_time_delta_sensor_async.py
[2023-12-27T12:39:27.824+0545] {processor.py:830} INFO - Processing file /home/sarita/Documents/apache-airflow-project/.venv/lib/python3.9/site-packages/airflow/example_dags/example_time_delta_sensor_async.py for tasks to queue
[2023-12-27T12:39:27.826+0545] {logging_mixin.py:188} INFO - [2023-12-27T12:39:27.825+0545] {dagbag.py:538} INFO - Filling up the DagBag from /home/sarita/Documents/apache-airflow-project/.venv/lib/python3.9/site-packages/airflow/example_dags/example_time_delta_sensor_async.py
[2023-12-27T12:39:27.837+0545] {processor.py:840} INFO - DAG(s) 'example_time_delta_sensor_async' retrieved from /home/sarita/Documents/apache-airflow-project/.venv/lib/python3.9/site-packages/airflow/example_dags/example_time_delta_sensor_async.py
[2023-12-27T12:39:27.857+0545] {logging_mixin.py:188} INFO - [2023-12-27T12:39:27.857+0545] {dag.py:3033} INFO - Sync 1 DAGs
[2023-12-27T12:39:27.867+0545] {logging_mixin.py:188} INFO - [2023-12-27T12:39:27.867+0545] {dag.py:3820} INFO - Setting next_dagrun for example_time_delta_sensor_async to None, run_after=None
[2023-12-27T12:39:27.979+0545] {processor.py:183} INFO - Processing /home/sarita/Documents/apache-airflow-project/.venv/lib/python3.9/site-packages/airflow/example_dags/example_time_delta_sensor_async.py took 0.167 seconds
[2023-12-27T12:43:18.717+0545] {processor.py:161} INFO - Started process (PID=16827) to work on /home/sarita/Documents/apache-airflow-project/.venv/lib/python3.9/site-packages/airflow/example_dags/example_time_delta_sensor_async.py
[2023-12-27T12:43:18.718+0545] {processor.py:830} INFO - Processing file /home/sarita/Documents/apache-airflow-project/.venv/lib/python3.9/site-packages/airflow/example_dags/example_time_delta_sensor_async.py for tasks to queue
[2023-12-27T12:43:18.719+0545] {logging_mixin.py:188} INFO - [2023-12-27T12:43:18.718+0545] {dagbag.py:538} INFO - Filling up the DagBag from /home/sarita/Documents/apache-airflow-project/.venv/lib/python3.9/site-packages/airflow/example_dags/example_time_delta_sensor_async.py
[2023-12-27T12:43:18.722+0545] {processor.py:840} INFO - DAG(s) 'example_time_delta_sensor_async' retrieved from /home/sarita/Documents/apache-airflow-project/.venv/lib/python3.9/site-packages/airflow/example_dags/example_time_delta_sensor_async.py
[2023-12-27T12:43:18.732+0545] {logging_mixin.py:188} INFO - [2023-12-27T12:43:18.732+0545] {dag.py:3033} INFO - Sync 1 DAGs
[2023-12-27T12:43:18.741+0545] {logging_mixin.py:188} INFO - [2023-12-27T12:43:18.740+0545] {dag.py:3820} INFO - Setting next_dagrun for example_time_delta_sensor_async to None, run_after=None
[2023-12-27T12:43:18.758+0545] {processor.py:183} INFO - Processing /home/sarita/Documents/apache-airflow-project/.venv/lib/python3.9/site-packages/airflow/example_dags/example_time_delta_sensor_async.py took 0.042 seconds
[2023-12-27T12:46:31.456+0545] {processor.py:161} INFO - Started process (PID=17149) to work on /home/sarita/Documents/apache-airflow-project/.venv/lib/python3.9/site-packages/airflow/example_dags/example_time_delta_sensor_async.py
[2023-12-27T12:46:31.457+0545] {processor.py:830} INFO - Processing file /home/sarita/Documents/apache-airflow-project/.venv/lib/python3.9/site-packages/airflow/example_dags/example_time_delta_sensor_async.py for tasks to queue
[2023-12-27T12:46:31.457+0545] {logging_mixin.py:188} INFO - [2023-12-27T12:46:31.457+0545] {dagbag.py:538} INFO - Filling up the DagBag from /home/sarita/Documents/apache-airflow-project/.venv/lib/python3.9/site-packages/airflow/example_dags/example_time_delta_sensor_async.py
[2023-12-27T12:46:31.460+0545] {processor.py:840} INFO - DAG(s) 'example_time_delta_sensor_async' retrieved from /home/sarita/Documents/apache-airflow-project/.venv/lib/python3.9/site-packages/airflow/example_dags/example_time_delta_sensor_async.py
[2023-12-27T12:46:31.472+0545] {logging_mixin.py:188} INFO - [2023-12-27T12:46:31.472+0545] {dag.py:3033} INFO - Sync 1 DAGs
[2023-12-27T12:46:31.481+0545] {logging_mixin.py:188} INFO - [2023-12-27T12:46:31.481+0545] {dag.py:3820} INFO - Setting next_dagrun for example_time_delta_sensor_async to None, run_after=None
[2023-12-27T12:46:31.497+0545] {processor.py:183} INFO - Processing /home/sarita/Documents/apache-airflow-project/.venv/lib/python3.9/site-packages/airflow/example_dags/example_time_delta_sensor_async.py took 0.043 seconds
[2023-12-27T12:52:31.783+0545] {processor.py:161} INFO - Started process (PID=17611) to work on /home/sarita/Documents/apache-airflow-project/.venv/lib/python3.9/site-packages/airflow/example_dags/example_time_delta_sensor_async.py
[2023-12-27T12:52:31.787+0545] {processor.py:830} INFO - Processing file /home/sarita/Documents/apache-airflow-project/.venv/lib/python3.9/site-packages/airflow/example_dags/example_time_delta_sensor_async.py for tasks to queue
[2023-12-27T12:52:31.789+0545] {logging_mixin.py:188} INFO - [2023-12-27T12:52:31.788+0545] {dagbag.py:538} INFO - Filling up the DagBag from /home/sarita/Documents/apache-airflow-project/.venv/lib/python3.9/site-packages/airflow/example_dags/example_time_delta_sensor_async.py
[2023-12-27T12:52:31.801+0545] {processor.py:840} INFO - DAG(s) 'example_time_delta_sensor_async' retrieved from /home/sarita/Documents/apache-airflow-project/.venv/lib/python3.9/site-packages/airflow/example_dags/example_time_delta_sensor_async.py
[2023-12-27T12:52:31.823+0545] {logging_mixin.py:188} INFO - [2023-12-27T12:52:31.822+0545] {dag.py:3033} INFO - Sync 1 DAGs
[2023-12-27T12:52:31.833+0545] {logging_mixin.py:188} INFO - [2023-12-27T12:52:31.833+0545] {dag.py:3820} INFO - Setting next_dagrun for example_time_delta_sensor_async to None, run_after=None
[2023-12-27T12:52:31.851+0545] {processor.py:183} INFO - Processing /home/sarita/Documents/apache-airflow-project/.venv/lib/python3.9/site-packages/airflow/example_dags/example_time_delta_sensor_async.py took 0.076 seconds
[2023-12-27T12:53:22.023+0545] {processor.py:161} INFO - Started process (PID=17718) to work on /home/sarita/Documents/apache-airflow-project/.venv/lib/python3.9/site-packages/airflow/example_dags/example_time_delta_sensor_async.py
[2023-12-27T12:53:22.026+0545] {processor.py:830} INFO - Processing file /home/sarita/Documents/apache-airflow-project/.venv/lib/python3.9/site-packages/airflow/example_dags/example_time_delta_sensor_async.py for tasks to queue
[2023-12-27T12:53:22.028+0545] {logging_mixin.py:188} INFO - [2023-12-27T12:53:22.027+0545] {dagbag.py:538} INFO - Filling up the DagBag from /home/sarita/Documents/apache-airflow-project/.venv/lib/python3.9/site-packages/airflow/example_dags/example_time_delta_sensor_async.py
[2023-12-27T12:53:22.040+0545] {processor.py:840} INFO - DAG(s) 'example_time_delta_sensor_async' retrieved from /home/sarita/Documents/apache-airflow-project/.venv/lib/python3.9/site-packages/airflow/example_dags/example_time_delta_sensor_async.py
[2023-12-27T12:53:22.058+0545] {logging_mixin.py:188} INFO - [2023-12-27T12:53:22.058+0545] {dag.py:3033} INFO - Sync 1 DAGs
[2023-12-27T12:53:22.068+0545] {logging_mixin.py:188} INFO - [2023-12-27T12:53:22.067+0545] {dag.py:3820} INFO - Setting next_dagrun for example_time_delta_sensor_async to None, run_after=None
[2023-12-27T12:53:22.094+0545] {processor.py:183} INFO - Processing /home/sarita/Documents/apache-airflow-project/.venv/lib/python3.9/site-packages/airflow/example_dags/example_time_delta_sensor_async.py took 0.079 seconds
[2023-12-27T12:54:50.497+0545] {processor.py:161} INFO - Started process (PID=17880) to work on /home/sarita/Documents/apache-airflow-project/.venv/lib/python3.9/site-packages/airflow/example_dags/example_time_delta_sensor_async.py
[2023-12-27T12:54:50.501+0545] {processor.py:830} INFO - Processing file /home/sarita/Documents/apache-airflow-project/.venv/lib/python3.9/site-packages/airflow/example_dags/example_time_delta_sensor_async.py for tasks to queue
[2023-12-27T12:54:50.503+0545] {logging_mixin.py:188} INFO - [2023-12-27T12:54:50.502+0545] {dagbag.py:538} INFO - Filling up the DagBag from /home/sarita/Documents/apache-airflow-project/.venv/lib/python3.9/site-packages/airflow/example_dags/example_time_delta_sensor_async.py
[2023-12-27T12:54:50.515+0545] {processor.py:840} INFO - DAG(s) 'example_time_delta_sensor_async' retrieved from /home/sarita/Documents/apache-airflow-project/.venv/lib/python3.9/site-packages/airflow/example_dags/example_time_delta_sensor_async.py
[2023-12-27T12:54:50.537+0545] {logging_mixin.py:188} INFO - [2023-12-27T12:54:50.537+0545] {dag.py:3033} INFO - Sync 1 DAGs
[2023-12-27T12:54:50.548+0545] {logging_mixin.py:188} INFO - [2023-12-27T12:54:50.547+0545] {dag.py:3820} INFO - Setting next_dagrun for example_time_delta_sensor_async to None, run_after=None
[2023-12-27T12:54:50.576+0545] {processor.py:183} INFO - Processing /home/sarita/Documents/apache-airflow-project/.venv/lib/python3.9/site-packages/airflow/example_dags/example_time_delta_sensor_async.py took 0.086 seconds
[2023-12-27T12:58:09.506+0545] {processor.py:161} INFO - Started process (PID=18105) to work on /home/sarita/Documents/apache-airflow-project/.venv/lib/python3.9/site-packages/airflow/example_dags/example_time_delta_sensor_async.py
[2023-12-27T12:58:09.509+0545] {processor.py:830} INFO - Processing file /home/sarita/Documents/apache-airflow-project/.venv/lib/python3.9/site-packages/airflow/example_dags/example_time_delta_sensor_async.py for tasks to queue
[2023-12-27T12:58:09.510+0545] {logging_mixin.py:188} INFO - [2023-12-27T12:58:09.510+0545] {dagbag.py:538} INFO - Filling up the DagBag from /home/sarita/Documents/apache-airflow-project/.venv/lib/python3.9/site-packages/airflow/example_dags/example_time_delta_sensor_async.py
[2023-12-27T12:58:09.518+0545] {processor.py:840} INFO - DAG(s) 'example_time_delta_sensor_async' retrieved from /home/sarita/Documents/apache-airflow-project/.venv/lib/python3.9/site-packages/airflow/example_dags/example_time_delta_sensor_async.py
[2023-12-27T12:58:09.543+0545] {logging_mixin.py:188} INFO - [2023-12-27T12:58:09.543+0545] {dag.py:3033} INFO - Sync 1 DAGs
[2023-12-27T12:58:09.554+0545] {logging_mixin.py:188} INFO - [2023-12-27T12:58:09.554+0545] {dag.py:3820} INFO - Setting next_dagrun for example_time_delta_sensor_async to None, run_after=None
[2023-12-27T12:58:09.669+0545] {processor.py:183} INFO - Processing /home/sarita/Documents/apache-airflow-project/.venv/lib/python3.9/site-packages/airflow/example_dags/example_time_delta_sensor_async.py took 0.168 seconds
