[2023-12-27T09:37:04.034+0545] {processor.py:161} INFO - Started process (PID=6931) to work on /home/sarita/Documents/apache-airflow-project/.venv/lib/python3.9/site-packages/airflow/example_dags/example_complex.py
[2023-12-27T09:37:04.034+0545] {processor.py:830} INFO - Processing file /home/sarita/Documents/apache-airflow-project/.venv/lib/python3.9/site-packages/airflow/example_dags/example_complex.py for tasks to queue
[2023-12-27T09:37:04.035+0545] {logging_mixin.py:188} INFO - [2023-12-27T09:37:04.035+0545] {dagbag.py:538} INFO - Filling up the DagBag from /home/sarita/Documents/apache-airflow-project/.venv/lib/python3.9/site-packages/airflow/example_dags/example_complex.py
[2023-12-27T09:37:04.043+0545] {processor.py:840} INFO - DAG(s) 'example_complex' retrieved from /home/sarita/Documents/apache-airflow-project/.venv/lib/python3.9/site-packages/airflow/example_dags/example_complex.py
[2023-12-27T09:37:04.064+0545] {logging_mixin.py:188} INFO - [2023-12-27T09:37:04.064+0545] {dag.py:3033} INFO - Sync 1 DAGs
[2023-12-27T09:37:04.073+0545] {logging_mixin.py:188} INFO - [2023-12-27T09:37:04.073+0545] {dag.py:3820} INFO - Setting next_dagrun for example_complex to None, run_after=None
[2023-12-27T09:37:04.097+0545] {processor.py:183} INFO - Processing /home/sarita/Documents/apache-airflow-project/.venv/lib/python3.9/site-packages/airflow/example_dags/example_complex.py took 0.065 seconds
[2023-12-27T09:37:51.170+0545] {processor.py:161} INFO - Started process (PID=6990) to work on /home/sarita/Documents/apache-airflow-project/.venv/lib/python3.9/site-packages/airflow/example_dags/example_complex.py
[2023-12-27T09:37:51.173+0545] {processor.py:830} INFO - Processing file /home/sarita/Documents/apache-airflow-project/.venv/lib/python3.9/site-packages/airflow/example_dags/example_complex.py for tasks to queue
[2023-12-27T09:37:51.175+0545] {logging_mixin.py:188} INFO - [2023-12-27T09:37:51.174+0545] {dagbag.py:538} INFO - Filling up the DagBag from /home/sarita/Documents/apache-airflow-project/.venv/lib/python3.9/site-packages/airflow/example_dags/example_complex.py
[2023-12-27T09:37:51.189+0545] {processor.py:840} INFO - DAG(s) 'example_complex' retrieved from /home/sarita/Documents/apache-airflow-project/.venv/lib/python3.9/site-packages/airflow/example_dags/example_complex.py
[2023-12-27T09:37:51.210+0545] {logging_mixin.py:188} INFO - [2023-12-27T09:37:51.210+0545] {dag.py:3033} INFO - Sync 1 DAGs
[2023-12-27T09:37:51.219+0545] {logging_mixin.py:188} INFO - [2023-12-27T09:37:51.219+0545] {dag.py:3820} INFO - Setting next_dagrun for example_complex to None, run_after=None
[2023-12-27T09:37:51.236+0545] {processor.py:183} INFO - Processing /home/sarita/Documents/apache-airflow-project/.venv/lib/python3.9/site-packages/airflow/example_dags/example_complex.py took 0.074 seconds
[2023-12-27T09:38:46.148+0545] {processor.py:161} INFO - Started process (PID=7109) to work on /home/sarita/Documents/apache-airflow-project/.venv/lib/python3.9/site-packages/airflow/example_dags/example_complex.py
[2023-12-27T09:38:46.150+0545] {processor.py:830} INFO - Processing file /home/sarita/Documents/apache-airflow-project/.venv/lib/python3.9/site-packages/airflow/example_dags/example_complex.py for tasks to queue
[2023-12-27T09:38:46.151+0545] {logging_mixin.py:188} INFO - [2023-12-27T09:38:46.151+0545] {dagbag.py:538} INFO - Filling up the DagBag from /home/sarita/Documents/apache-airflow-project/.venv/lib/python3.9/site-packages/airflow/example_dags/example_complex.py
[2023-12-27T09:38:46.163+0545] {processor.py:840} INFO - DAG(s) 'example_complex' retrieved from /home/sarita/Documents/apache-airflow-project/.venv/lib/python3.9/site-packages/airflow/example_dags/example_complex.py
[2023-12-27T09:38:46.182+0545] {logging_mixin.py:188} INFO - [2023-12-27T09:38:46.182+0545] {dag.py:3033} INFO - Sync 1 DAGs
[2023-12-27T09:38:46.191+0545] {logging_mixin.py:188} INFO - [2023-12-27T09:38:46.191+0545] {dag.py:3820} INFO - Setting next_dagrun for example_complex to None, run_after=None
[2023-12-27T09:38:46.209+0545] {processor.py:183} INFO - Processing /home/sarita/Documents/apache-airflow-project/.venv/lib/python3.9/site-packages/airflow/example_dags/example_complex.py took 0.065 seconds
[2023-12-27T09:39:40.585+0545] {processor.py:161} INFO - Started process (PID=7172) to work on /home/sarita/Documents/apache-airflow-project/.venv/lib/python3.9/site-packages/airflow/example_dags/example_complex.py
[2023-12-27T09:39:40.586+0545] {processor.py:830} INFO - Processing file /home/sarita/Documents/apache-airflow-project/.venv/lib/python3.9/site-packages/airflow/example_dags/example_complex.py for tasks to queue
[2023-12-27T09:39:40.587+0545] {logging_mixin.py:188} INFO - [2023-12-27T09:39:40.586+0545] {dagbag.py:538} INFO - Filling up the DagBag from /home/sarita/Documents/apache-airflow-project/.venv/lib/python3.9/site-packages/airflow/example_dags/example_complex.py
[2023-12-27T09:39:40.598+0545] {processor.py:840} INFO - DAG(s) 'example_complex' retrieved from /home/sarita/Documents/apache-airflow-project/.venv/lib/python3.9/site-packages/airflow/example_dags/example_complex.py
[2023-12-27T09:39:40.618+0545] {logging_mixin.py:188} INFO - [2023-12-27T09:39:40.618+0545] {dag.py:3033} INFO - Sync 1 DAGs
[2023-12-27T09:39:40.627+0545] {logging_mixin.py:188} INFO - [2023-12-27T09:39:40.627+0545] {dag.py:3820} INFO - Setting next_dagrun for example_complex to None, run_after=None
[2023-12-27T09:39:40.646+0545] {processor.py:183} INFO - Processing /home/sarita/Documents/apache-airflow-project/.venv/lib/python3.9/site-packages/airflow/example_dags/example_complex.py took 0.065 seconds
[2023-12-27T09:40:37.168+0545] {processor.py:161} INFO - Started process (PID=7291) to work on /home/sarita/Documents/apache-airflow-project/.venv/lib/python3.9/site-packages/airflow/example_dags/example_complex.py
[2023-12-27T09:40:37.172+0545] {processor.py:830} INFO - Processing file /home/sarita/Documents/apache-airflow-project/.venv/lib/python3.9/site-packages/airflow/example_dags/example_complex.py for tasks to queue
[2023-12-27T09:40:37.174+0545] {logging_mixin.py:188} INFO - [2023-12-27T09:40:37.173+0545] {dagbag.py:538} INFO - Filling up the DagBag from /home/sarita/Documents/apache-airflow-project/.venv/lib/python3.9/site-packages/airflow/example_dags/example_complex.py
[2023-12-27T09:40:37.193+0545] {processor.py:840} INFO - DAG(s) 'example_complex' retrieved from /home/sarita/Documents/apache-airflow-project/.venv/lib/python3.9/site-packages/airflow/example_dags/example_complex.py
[2023-12-27T09:40:37.216+0545] {logging_mixin.py:188} INFO - [2023-12-27T09:40:37.216+0545] {dag.py:3033} INFO - Sync 1 DAGs
[2023-12-27T09:40:37.224+0545] {logging_mixin.py:188} INFO - [2023-12-27T09:40:37.224+0545] {dag.py:3820} INFO - Setting next_dagrun for example_complex to None, run_after=None
[2023-12-27T09:40:37.244+0545] {processor.py:183} INFO - Processing /home/sarita/Documents/apache-airflow-project/.venv/lib/python3.9/site-packages/airflow/example_dags/example_complex.py took 0.083 seconds
[2023-12-27T09:41:30.639+0545] {processor.py:161} INFO - Started process (PID=7544) to work on /home/sarita/Documents/apache-airflow-project/.venv/lib/python3.9/site-packages/airflow/example_dags/example_complex.py
[2023-12-27T09:41:30.641+0545] {processor.py:830} INFO - Processing file /home/sarita/Documents/apache-airflow-project/.venv/lib/python3.9/site-packages/airflow/example_dags/example_complex.py for tasks to queue
[2023-12-27T09:41:30.644+0545] {logging_mixin.py:188} INFO - [2023-12-27T09:41:30.643+0545] {dagbag.py:538} INFO - Filling up the DagBag from /home/sarita/Documents/apache-airflow-project/.venv/lib/python3.9/site-packages/airflow/example_dags/example_complex.py
[2023-12-27T09:41:30.672+0545] {processor.py:840} INFO - DAG(s) 'example_complex' retrieved from /home/sarita/Documents/apache-airflow-project/.venv/lib/python3.9/site-packages/airflow/example_dags/example_complex.py
[2023-12-27T09:41:30.694+0545] {logging_mixin.py:188} INFO - [2023-12-27T09:41:30.694+0545] {dag.py:3033} INFO - Sync 1 DAGs
[2023-12-27T09:41:30.703+0545] {logging_mixin.py:188} INFO - [2023-12-27T09:41:30.703+0545] {dag.py:3820} INFO - Setting next_dagrun for example_complex to None, run_after=None
[2023-12-27T09:41:30.730+0545] {processor.py:183} INFO - Processing /home/sarita/Documents/apache-airflow-project/.venv/lib/python3.9/site-packages/airflow/example_dags/example_complex.py took 0.093 seconds
[2023-12-27T09:42:29.101+0545] {processor.py:161} INFO - Started process (PID=7778) to work on /home/sarita/Documents/apache-airflow-project/.venv/lib/python3.9/site-packages/airflow/example_dags/example_complex.py
[2023-12-27T09:42:29.103+0545] {processor.py:830} INFO - Processing file /home/sarita/Documents/apache-airflow-project/.venv/lib/python3.9/site-packages/airflow/example_dags/example_complex.py for tasks to queue
[2023-12-27T09:42:29.104+0545] {logging_mixin.py:188} INFO - [2023-12-27T09:42:29.104+0545] {dagbag.py:538} INFO - Filling up the DagBag from /home/sarita/Documents/apache-airflow-project/.venv/lib/python3.9/site-packages/airflow/example_dags/example_complex.py
[2023-12-27T09:42:29.113+0545] {processor.py:840} INFO - DAG(s) 'example_complex' retrieved from /home/sarita/Documents/apache-airflow-project/.venv/lib/python3.9/site-packages/airflow/example_dags/example_complex.py
[2023-12-27T09:42:29.134+0545] {logging_mixin.py:188} INFO - [2023-12-27T09:42:29.134+0545] {dag.py:3033} INFO - Sync 1 DAGs
[2023-12-27T09:42:29.146+0545] {logging_mixin.py:188} INFO - [2023-12-27T09:42:29.146+0545] {dag.py:3820} INFO - Setting next_dagrun for example_complex to None, run_after=None
[2023-12-27T09:42:29.170+0545] {processor.py:183} INFO - Processing /home/sarita/Documents/apache-airflow-project/.venv/lib/python3.9/site-packages/airflow/example_dags/example_complex.py took 0.071 seconds
[2023-12-27T09:43:18.183+0545] {processor.py:161} INFO - Started process (PID=7867) to work on /home/sarita/Documents/apache-airflow-project/.venv/lib/python3.9/site-packages/airflow/example_dags/example_complex.py
[2023-12-27T09:43:18.186+0545] {processor.py:830} INFO - Processing file /home/sarita/Documents/apache-airflow-project/.venv/lib/python3.9/site-packages/airflow/example_dags/example_complex.py for tasks to queue
[2023-12-27T09:43:18.187+0545] {logging_mixin.py:188} INFO - [2023-12-27T09:43:18.186+0545] {dagbag.py:538} INFO - Filling up the DagBag from /home/sarita/Documents/apache-airflow-project/.venv/lib/python3.9/site-packages/airflow/example_dags/example_complex.py
[2023-12-27T09:43:18.202+0545] {processor.py:840} INFO - DAG(s) 'example_complex' retrieved from /home/sarita/Documents/apache-airflow-project/.venv/lib/python3.9/site-packages/airflow/example_dags/example_complex.py
[2023-12-27T09:43:18.223+0545] {logging_mixin.py:188} INFO - [2023-12-27T09:43:18.223+0545] {dag.py:3033} INFO - Sync 1 DAGs
[2023-12-27T09:43:18.231+0545] {logging_mixin.py:188} INFO - [2023-12-27T09:43:18.231+0545] {dag.py:3820} INFO - Setting next_dagrun for example_complex to None, run_after=None
[2023-12-27T09:43:18.249+0545] {processor.py:183} INFO - Processing /home/sarita/Documents/apache-airflow-project/.venv/lib/python3.9/site-packages/airflow/example_dags/example_complex.py took 0.070 seconds
[2023-12-27T09:44:16.340+0545] {processor.py:161} INFO - Started process (PID=7940) to work on /home/sarita/Documents/apache-airflow-project/.venv/lib/python3.9/site-packages/airflow/example_dags/example_complex.py
[2023-12-27T09:44:16.342+0545] {processor.py:830} INFO - Processing file /home/sarita/Documents/apache-airflow-project/.venv/lib/python3.9/site-packages/airflow/example_dags/example_complex.py for tasks to queue
[2023-12-27T09:44:16.343+0545] {logging_mixin.py:188} INFO - [2023-12-27T09:44:16.343+0545] {dagbag.py:538} INFO - Filling up the DagBag from /home/sarita/Documents/apache-airflow-project/.venv/lib/python3.9/site-packages/airflow/example_dags/example_complex.py
[2023-12-27T09:44:16.354+0545] {processor.py:840} INFO - DAG(s) 'example_complex' retrieved from /home/sarita/Documents/apache-airflow-project/.venv/lib/python3.9/site-packages/airflow/example_dags/example_complex.py
[2023-12-27T09:44:16.381+0545] {logging_mixin.py:188} INFO - [2023-12-27T09:44:16.381+0545] {dag.py:3033} INFO - Sync 1 DAGs
[2023-12-27T09:44:16.396+0545] {logging_mixin.py:188} INFO - [2023-12-27T09:44:16.396+0545] {dag.py:3820} INFO - Setting next_dagrun for example_complex to None, run_after=None
[2023-12-27T09:44:16.424+0545] {processor.py:183} INFO - Processing /home/sarita/Documents/apache-airflow-project/.venv/lib/python3.9/site-packages/airflow/example_dags/example_complex.py took 0.086 seconds
[2023-12-27T09:45:09.318+0545] {processor.py:161} INFO - Started process (PID=8013) to work on /home/sarita/Documents/apache-airflow-project/.venv/lib/python3.9/site-packages/airflow/example_dags/example_complex.py
[2023-12-27T09:45:09.321+0545] {processor.py:830} INFO - Processing file /home/sarita/Documents/apache-airflow-project/.venv/lib/python3.9/site-packages/airflow/example_dags/example_complex.py for tasks to queue
[2023-12-27T09:45:09.322+0545] {logging_mixin.py:188} INFO - [2023-12-27T09:45:09.322+0545] {dagbag.py:538} INFO - Filling up the DagBag from /home/sarita/Documents/apache-airflow-project/.venv/lib/python3.9/site-packages/airflow/example_dags/example_complex.py
[2023-12-27T09:45:09.340+0545] {processor.py:840} INFO - DAG(s) 'example_complex' retrieved from /home/sarita/Documents/apache-airflow-project/.venv/lib/python3.9/site-packages/airflow/example_dags/example_complex.py
[2023-12-27T09:45:09.363+0545] {logging_mixin.py:188} INFO - [2023-12-27T09:45:09.362+0545] {dag.py:3033} INFO - Sync 1 DAGs
[2023-12-27T09:45:09.371+0545] {logging_mixin.py:188} INFO - [2023-12-27T09:45:09.371+0545] {dag.py:3820} INFO - Setting next_dagrun for example_complex to None, run_after=None
[2023-12-27T09:45:09.390+0545] {processor.py:183} INFO - Processing /home/sarita/Documents/apache-airflow-project/.venv/lib/python3.9/site-packages/airflow/example_dags/example_complex.py took 0.076 seconds
[2023-12-27T09:46:04.411+0545] {processor.py:161} INFO - Started process (PID=8477) to work on /home/sarita/Documents/apache-airflow-project/.venv/lib/python3.9/site-packages/airflow/example_dags/example_complex.py
[2023-12-27T09:46:04.418+0545] {processor.py:830} INFO - Processing file /home/sarita/Documents/apache-airflow-project/.venv/lib/python3.9/site-packages/airflow/example_dags/example_complex.py for tasks to queue
[2023-12-27T09:46:04.420+0545] {logging_mixin.py:188} INFO - [2023-12-27T09:46:04.419+0545] {dagbag.py:538} INFO - Filling up the DagBag from /home/sarita/Documents/apache-airflow-project/.venv/lib/python3.9/site-packages/airflow/example_dags/example_complex.py
[2023-12-27T09:46:04.444+0545] {processor.py:840} INFO - DAG(s) 'example_complex' retrieved from /home/sarita/Documents/apache-airflow-project/.venv/lib/python3.9/site-packages/airflow/example_dags/example_complex.py
[2023-12-27T09:46:04.466+0545] {logging_mixin.py:188} INFO - [2023-12-27T09:46:04.466+0545] {dag.py:3033} INFO - Sync 1 DAGs
[2023-12-27T09:46:04.476+0545] {logging_mixin.py:188} INFO - [2023-12-27T09:46:04.476+0545] {dag.py:3820} INFO - Setting next_dagrun for example_complex to None, run_after=None
[2023-12-27T09:46:04.495+0545] {processor.py:183} INFO - Processing /home/sarita/Documents/apache-airflow-project/.venv/lib/python3.9/site-packages/airflow/example_dags/example_complex.py took 0.088 seconds
[2023-12-27T09:46:58.908+0545] {processor.py:161} INFO - Started process (PID=8532) to work on /home/sarita/Documents/apache-airflow-project/.venv/lib/python3.9/site-packages/airflow/example_dags/example_complex.py
[2023-12-27T09:46:58.911+0545] {processor.py:830} INFO - Processing file /home/sarita/Documents/apache-airflow-project/.venv/lib/python3.9/site-packages/airflow/example_dags/example_complex.py for tasks to queue
[2023-12-27T09:46:58.913+0545] {logging_mixin.py:188} INFO - [2023-12-27T09:46:58.912+0545] {dagbag.py:538} INFO - Filling up the DagBag from /home/sarita/Documents/apache-airflow-project/.venv/lib/python3.9/site-packages/airflow/example_dags/example_complex.py
[2023-12-27T09:46:58.929+0545] {processor.py:840} INFO - DAG(s) 'example_complex' retrieved from /home/sarita/Documents/apache-airflow-project/.venv/lib/python3.9/site-packages/airflow/example_dags/example_complex.py
[2023-12-27T09:46:58.950+0545] {logging_mixin.py:188} INFO - [2023-12-27T09:46:58.950+0545] {dag.py:3033} INFO - Sync 1 DAGs
[2023-12-27T09:46:58.959+0545] {logging_mixin.py:188} INFO - [2023-12-27T09:46:58.959+0545] {dag.py:3820} INFO - Setting next_dagrun for example_complex to None, run_after=None
[2023-12-27T09:46:58.992+0545] {processor.py:183} INFO - Processing /home/sarita/Documents/apache-airflow-project/.venv/lib/python3.9/site-packages/airflow/example_dags/example_complex.py took 0.090 seconds
[2023-12-27T09:47:58.288+0545] {processor.py:161} INFO - Started process (PID=8615) to work on /home/sarita/Documents/apache-airflow-project/.venv/lib/python3.9/site-packages/airflow/example_dags/example_complex.py
[2023-12-27T09:47:58.291+0545] {processor.py:830} INFO - Processing file /home/sarita/Documents/apache-airflow-project/.venv/lib/python3.9/site-packages/airflow/example_dags/example_complex.py for tasks to queue
[2023-12-27T09:47:58.292+0545] {logging_mixin.py:188} INFO - [2023-12-27T09:47:58.292+0545] {dagbag.py:538} INFO - Filling up the DagBag from /home/sarita/Documents/apache-airflow-project/.venv/lib/python3.9/site-packages/airflow/example_dags/example_complex.py
[2023-12-27T09:47:58.304+0545] {processor.py:840} INFO - DAG(s) 'example_complex' retrieved from /home/sarita/Documents/apache-airflow-project/.venv/lib/python3.9/site-packages/airflow/example_dags/example_complex.py
[2023-12-27T09:47:58.327+0545] {logging_mixin.py:188} INFO - [2023-12-27T09:47:58.327+0545] {dag.py:3033} INFO - Sync 1 DAGs
[2023-12-27T09:47:58.336+0545] {logging_mixin.py:188} INFO - [2023-12-27T09:47:58.335+0545] {dag.py:3820} INFO - Setting next_dagrun for example_complex to None, run_after=None
[2023-12-27T09:47:58.354+0545] {processor.py:183} INFO - Processing /home/sarita/Documents/apache-airflow-project/.venv/lib/python3.9/site-packages/airflow/example_dags/example_complex.py took 0.069 seconds
[2023-12-27T09:48:54.918+0545] {processor.py:161} INFO - Started process (PID=8677) to work on /home/sarita/Documents/apache-airflow-project/.venv/lib/python3.9/site-packages/airflow/example_dags/example_complex.py
[2023-12-27T09:48:54.921+0545] {processor.py:830} INFO - Processing file /home/sarita/Documents/apache-airflow-project/.venv/lib/python3.9/site-packages/airflow/example_dags/example_complex.py for tasks to queue
[2023-12-27T09:48:54.922+0545] {logging_mixin.py:188} INFO - [2023-12-27T09:48:54.922+0545] {dagbag.py:538} INFO - Filling up the DagBag from /home/sarita/Documents/apache-airflow-project/.venv/lib/python3.9/site-packages/airflow/example_dags/example_complex.py
[2023-12-27T09:48:54.938+0545] {processor.py:840} INFO - DAG(s) 'example_complex' retrieved from /home/sarita/Documents/apache-airflow-project/.venv/lib/python3.9/site-packages/airflow/example_dags/example_complex.py
[2023-12-27T09:48:54.959+0545] {logging_mixin.py:188} INFO - [2023-12-27T09:48:54.958+0545] {dag.py:3033} INFO - Sync 1 DAGs
[2023-12-27T09:48:54.967+0545] {logging_mixin.py:188} INFO - [2023-12-27T09:48:54.967+0545] {dag.py:3820} INFO - Setting next_dagrun for example_complex to None, run_after=None
[2023-12-27T09:48:54.985+0545] {processor.py:183} INFO - Processing /home/sarita/Documents/apache-airflow-project/.venv/lib/python3.9/site-packages/airflow/example_dags/example_complex.py took 0.070 seconds
[2023-12-27T09:49:50.404+0545] {processor.py:161} INFO - Started process (PID=8736) to work on /home/sarita/Documents/apache-airflow-project/.venv/lib/python3.9/site-packages/airflow/example_dags/example_complex.py
[2023-12-27T09:49:50.406+0545] {processor.py:830} INFO - Processing file /home/sarita/Documents/apache-airflow-project/.venv/lib/python3.9/site-packages/airflow/example_dags/example_complex.py for tasks to queue
[2023-12-27T09:49:50.407+0545] {logging_mixin.py:188} INFO - [2023-12-27T09:49:50.407+0545] {dagbag.py:538} INFO - Filling up the DagBag from /home/sarita/Documents/apache-airflow-project/.venv/lib/python3.9/site-packages/airflow/example_dags/example_complex.py
[2023-12-27T09:49:50.418+0545] {processor.py:840} INFO - DAG(s) 'example_complex' retrieved from /home/sarita/Documents/apache-airflow-project/.venv/lib/python3.9/site-packages/airflow/example_dags/example_complex.py
[2023-12-27T09:49:50.440+0545] {logging_mixin.py:188} INFO - [2023-12-27T09:49:50.440+0545] {dag.py:3033} INFO - Sync 1 DAGs
[2023-12-27T09:49:50.448+0545] {logging_mixin.py:188} INFO - [2023-12-27T09:49:50.448+0545] {dag.py:3820} INFO - Setting next_dagrun for example_complex to None, run_after=None
[2023-12-27T09:49:50.466+0545] {processor.py:183} INFO - Processing /home/sarita/Documents/apache-airflow-project/.venv/lib/python3.9/site-packages/airflow/example_dags/example_complex.py took 0.065 seconds
[2023-12-27T09:50:49.309+0545] {processor.py:161} INFO - Started process (PID=8836) to work on /home/sarita/Documents/apache-airflow-project/.venv/lib/python3.9/site-packages/airflow/example_dags/example_complex.py
[2023-12-27T09:50:49.311+0545] {processor.py:830} INFO - Processing file /home/sarita/Documents/apache-airflow-project/.venv/lib/python3.9/site-packages/airflow/example_dags/example_complex.py for tasks to queue
[2023-12-27T09:50:49.312+0545] {logging_mixin.py:188} INFO - [2023-12-27T09:50:49.312+0545] {dagbag.py:538} INFO - Filling up the DagBag from /home/sarita/Documents/apache-airflow-project/.venv/lib/python3.9/site-packages/airflow/example_dags/example_complex.py
[2023-12-27T09:50:49.328+0545] {processor.py:840} INFO - DAG(s) 'example_complex' retrieved from /home/sarita/Documents/apache-airflow-project/.venv/lib/python3.9/site-packages/airflow/example_dags/example_complex.py
[2023-12-27T09:50:49.358+0545] {logging_mixin.py:188} INFO - [2023-12-27T09:50:49.358+0545] {dag.py:3033} INFO - Sync 1 DAGs
[2023-12-27T09:50:49.371+0545] {logging_mixin.py:188} INFO - [2023-12-27T09:50:49.370+0545] {dag.py:3820} INFO - Setting next_dagrun for example_complex to None, run_after=None
[2023-12-27T09:50:49.393+0545] {processor.py:183} INFO - Processing /home/sarita/Documents/apache-airflow-project/.venv/lib/python3.9/site-packages/airflow/example_dags/example_complex.py took 0.088 seconds
[2023-12-27T09:51:48.176+0545] {processor.py:161} INFO - Started process (PID=8909) to work on /home/sarita/Documents/apache-airflow-project/.venv/lib/python3.9/site-packages/airflow/example_dags/example_complex.py
[2023-12-27T09:51:48.179+0545] {processor.py:830} INFO - Processing file /home/sarita/Documents/apache-airflow-project/.venv/lib/python3.9/site-packages/airflow/example_dags/example_complex.py for tasks to queue
[2023-12-27T09:51:48.182+0545] {logging_mixin.py:188} INFO - [2023-12-27T09:51:48.181+0545] {dagbag.py:538} INFO - Filling up the DagBag from /home/sarita/Documents/apache-airflow-project/.venv/lib/python3.9/site-packages/airflow/example_dags/example_complex.py
[2023-12-27T09:51:48.199+0545] {processor.py:840} INFO - DAG(s) 'example_complex' retrieved from /home/sarita/Documents/apache-airflow-project/.venv/lib/python3.9/site-packages/airflow/example_dags/example_complex.py
[2023-12-27T09:51:48.219+0545] {logging_mixin.py:188} INFO - [2023-12-27T09:51:48.219+0545] {dag.py:3033} INFO - Sync 1 DAGs
[2023-12-27T09:51:48.228+0545] {logging_mixin.py:188} INFO - [2023-12-27T09:51:48.227+0545] {dag.py:3820} INFO - Setting next_dagrun for example_complex to None, run_after=None
[2023-12-27T09:51:48.245+0545] {processor.py:183} INFO - Processing /home/sarita/Documents/apache-airflow-project/.venv/lib/python3.9/site-packages/airflow/example_dags/example_complex.py took 0.076 seconds
[2023-12-27T12:17:56.542+0545] {processor.py:161} INFO - Started process (PID=13585) to work on /home/sarita/Documents/apache-airflow-project/.venv/lib/python3.9/site-packages/airflow/example_dags/example_complex.py
[2023-12-27T12:17:56.543+0545] {processor.py:830} INFO - Processing file /home/sarita/Documents/apache-airflow-project/.venv/lib/python3.9/site-packages/airflow/example_dags/example_complex.py for tasks to queue
[2023-12-27T12:17:56.543+0545] {logging_mixin.py:188} INFO - [2023-12-27T12:17:56.543+0545] {dagbag.py:538} INFO - Filling up the DagBag from /home/sarita/Documents/apache-airflow-project/.venv/lib/python3.9/site-packages/airflow/example_dags/example_complex.py
[2023-12-27T12:17:56.551+0545] {processor.py:840} INFO - DAG(s) 'example_complex' retrieved from /home/sarita/Documents/apache-airflow-project/.venv/lib/python3.9/site-packages/airflow/example_dags/example_complex.py
[2023-12-27T12:17:56.572+0545] {logging_mixin.py:188} INFO - [2023-12-27T12:17:56.572+0545] {dag.py:3033} INFO - Sync 1 DAGs
[2023-12-27T12:17:56.580+0545] {logging_mixin.py:188} INFO - [2023-12-27T12:17:56.580+0545] {dag.py:3820} INFO - Setting next_dagrun for example_complex to None, run_after=None
[2023-12-27T12:17:56.608+0545] {processor.py:183} INFO - Processing /home/sarita/Documents/apache-airflow-project/.venv/lib/python3.9/site-packages/airflow/example_dags/example_complex.py took 0.068 seconds
[2023-12-27T12:39:44.053+0545] {processor.py:161} INFO - Started process (PID=15446) to work on /home/sarita/Documents/apache-airflow-project/.venv/lib/python3.9/site-packages/airflow/example_dags/example_complex.py
[2023-12-27T12:39:44.056+0545] {processor.py:830} INFO - Processing file /home/sarita/Documents/apache-airflow-project/.venv/lib/python3.9/site-packages/airflow/example_dags/example_complex.py for tasks to queue
[2023-12-27T12:39:44.058+0545] {logging_mixin.py:188} INFO - [2023-12-27T12:39:44.058+0545] {dagbag.py:538} INFO - Filling up the DagBag from /home/sarita/Documents/apache-airflow-project/.venv/lib/python3.9/site-packages/airflow/example_dags/example_complex.py
[2023-12-27T12:39:44.073+0545] {processor.py:840} INFO - DAG(s) 'example_complex' retrieved from /home/sarita/Documents/apache-airflow-project/.venv/lib/python3.9/site-packages/airflow/example_dags/example_complex.py
[2023-12-27T12:39:44.099+0545] {logging_mixin.py:188} INFO - [2023-12-27T12:39:44.099+0545] {dag.py:3033} INFO - Sync 1 DAGs
[2023-12-27T12:39:44.107+0545] {logging_mixin.py:188} INFO - [2023-12-27T12:39:44.107+0545] {dag.py:3820} INFO - Setting next_dagrun for example_complex to None, run_after=None
[2023-12-27T12:39:44.127+0545] {processor.py:183} INFO - Processing /home/sarita/Documents/apache-airflow-project/.venv/lib/python3.9/site-packages/airflow/example_dags/example_complex.py took 0.082 seconds
[2023-12-27T12:47:25.963+0545] {processor.py:161} INFO - Started process (PID=17201) to work on /home/sarita/Documents/apache-airflow-project/.venv/lib/python3.9/site-packages/airflow/example_dags/example_complex.py
[2023-12-27T12:47:25.964+0545] {processor.py:830} INFO - Processing file /home/sarita/Documents/apache-airflow-project/.venv/lib/python3.9/site-packages/airflow/example_dags/example_complex.py for tasks to queue
[2023-12-27T12:47:25.964+0545] {logging_mixin.py:188} INFO - [2023-12-27T12:47:25.964+0545] {dagbag.py:538} INFO - Filling up the DagBag from /home/sarita/Documents/apache-airflow-project/.venv/lib/python3.9/site-packages/airflow/example_dags/example_complex.py
[2023-12-27T12:47:25.972+0545] {processor.py:840} INFO - DAG(s) 'example_complex' retrieved from /home/sarita/Documents/apache-airflow-project/.venv/lib/python3.9/site-packages/airflow/example_dags/example_complex.py
[2023-12-27T12:47:25.993+0545] {logging_mixin.py:188} INFO - [2023-12-27T12:47:25.993+0545] {dag.py:3033} INFO - Sync 1 DAGs
[2023-12-27T12:47:26.001+0545] {logging_mixin.py:188} INFO - [2023-12-27T12:47:26.001+0545] {dag.py:3820} INFO - Setting next_dagrun for example_complex to None, run_after=None
[2023-12-27T12:47:26.018+0545] {processor.py:183} INFO - Processing /home/sarita/Documents/apache-airflow-project/.venv/lib/python3.9/site-packages/airflow/example_dags/example_complex.py took 0.057 seconds
[2023-12-27T12:52:43.220+0545] {processor.py:161} INFO - Started process (PID=17627) to work on /home/sarita/Documents/apache-airflow-project/.venv/lib/python3.9/site-packages/airflow/example_dags/example_complex.py
[2023-12-27T12:52:43.223+0545] {processor.py:830} INFO - Processing file /home/sarita/Documents/apache-airflow-project/.venv/lib/python3.9/site-packages/airflow/example_dags/example_complex.py for tasks to queue
[2023-12-27T12:52:43.224+0545] {logging_mixin.py:188} INFO - [2023-12-27T12:52:43.223+0545] {dagbag.py:538} INFO - Filling up the DagBag from /home/sarita/Documents/apache-airflow-project/.venv/lib/python3.9/site-packages/airflow/example_dags/example_complex.py
[2023-12-27T12:52:43.234+0545] {processor.py:840} INFO - DAG(s) 'example_complex' retrieved from /home/sarita/Documents/apache-airflow-project/.venv/lib/python3.9/site-packages/airflow/example_dags/example_complex.py
[2023-12-27T12:52:43.260+0545] {logging_mixin.py:188} INFO - [2023-12-27T12:52:43.260+0545] {dag.py:3033} INFO - Sync 1 DAGs
[2023-12-27T12:52:43.268+0545] {logging_mixin.py:188} INFO - [2023-12-27T12:52:43.268+0545] {dag.py:3820} INFO - Setting next_dagrun for example_complex to None, run_after=None
[2023-12-27T12:52:43.286+0545] {processor.py:183} INFO - Processing /home/sarita/Documents/apache-airflow-project/.venv/lib/python3.9/site-packages/airflow/example_dags/example_complex.py took 0.068 seconds
[2023-12-27T12:53:33.686+0545] {processor.py:161} INFO - Started process (PID=17758) to work on /home/sarita/Documents/apache-airflow-project/.venv/lib/python3.9/site-packages/airflow/example_dags/example_complex.py
[2023-12-27T12:53:33.688+0545] {processor.py:830} INFO - Processing file /home/sarita/Documents/apache-airflow-project/.venv/lib/python3.9/site-packages/airflow/example_dags/example_complex.py for tasks to queue
[2023-12-27T12:53:33.689+0545] {logging_mixin.py:188} INFO - [2023-12-27T12:53:33.688+0545] {dagbag.py:538} INFO - Filling up the DagBag from /home/sarita/Documents/apache-airflow-project/.venv/lib/python3.9/site-packages/airflow/example_dags/example_complex.py
[2023-12-27T12:53:33.697+0545] {processor.py:840} INFO - DAG(s) 'example_complex' retrieved from /home/sarita/Documents/apache-airflow-project/.venv/lib/python3.9/site-packages/airflow/example_dags/example_complex.py
[2023-12-27T12:53:33.715+0545] {logging_mixin.py:188} INFO - [2023-12-27T12:53:33.715+0545] {dag.py:3033} INFO - Sync 1 DAGs
[2023-12-27T12:53:33.723+0545] {logging_mixin.py:188} INFO - [2023-12-27T12:53:33.723+0545] {dag.py:3820} INFO - Setting next_dagrun for example_complex to None, run_after=None
[2023-12-27T12:53:33.740+0545] {processor.py:183} INFO - Processing /home/sarita/Documents/apache-airflow-project/.venv/lib/python3.9/site-packages/airflow/example_dags/example_complex.py took 0.056 seconds
