[2023-12-27T09:37:15.783+0545] {processor.py:161} INFO - Started process (PID=6945) to work on /home/sarita/Documents/apache-airflow-project/.venv/lib/python3.9/site-packages/airflow/example_dags/example_latest_only.py
[2023-12-27T09:37:15.784+0545] {processor.py:830} INFO - Processing file /home/sarita/Documents/apache-airflow-project/.venv/lib/python3.9/site-packages/airflow/example_dags/example_latest_only.py for tasks to queue
[2023-12-27T09:37:15.785+0545] {logging_mixin.py:188} INFO - [2023-12-27T09:37:15.784+0545] {dagbag.py:538} INFO - Filling up the DagBag from /home/sarita/Documents/apache-airflow-project/.venv/lib/python3.9/site-packages/airflow/example_dags/example_latest_only.py
[2023-12-27T09:37:15.790+0545] {processor.py:840} INFO - DAG(s) 'latest_only' retrieved from /home/sarita/Documents/apache-airflow-project/.venv/lib/python3.9/site-packages/airflow/example_dags/example_latest_only.py
[2023-12-27T09:37:15.801+0545] {logging_mixin.py:188} INFO - [2023-12-27T09:37:15.801+0545] {dag.py:3033} INFO - Sync 1 DAGs
[2023-12-27T09:37:15.816+0545] {logging_mixin.py:188} INFO - [2023-12-27T09:37:15.816+0545] {dag.py:3820} INFO - Setting next_dagrun for latest_only to 2023-12-26T20:00:00+00:00, run_after=2023-12-27T00:00:00+00:00
[2023-12-27T09:37:15.836+0545] {processor.py:183} INFO - Processing /home/sarita/Documents/apache-airflow-project/.venv/lib/python3.9/site-packages/airflow/example_dags/example_latest_only.py took 0.056 seconds
[2023-12-27T09:38:09.906+0545] {processor.py:161} INFO - Started process (PID=7010) to work on /home/sarita/Documents/apache-airflow-project/.venv/lib/python3.9/site-packages/airflow/example_dags/example_latest_only.py
[2023-12-27T09:38:09.910+0545] {processor.py:830} INFO - Processing file /home/sarita/Documents/apache-airflow-project/.venv/lib/python3.9/site-packages/airflow/example_dags/example_latest_only.py for tasks to queue
[2023-12-27T09:38:09.912+0545] {logging_mixin.py:188} INFO - [2023-12-27T09:38:09.911+0545] {dagbag.py:538} INFO - Filling up the DagBag from /home/sarita/Documents/apache-airflow-project/.venv/lib/python3.9/site-packages/airflow/example_dags/example_latest_only.py
[2023-12-27T09:38:09.920+0545] {processor.py:840} INFO - DAG(s) 'latest_only' retrieved from /home/sarita/Documents/apache-airflow-project/.venv/lib/python3.9/site-packages/airflow/example_dags/example_latest_only.py
[2023-12-27T09:38:09.936+0545] {logging_mixin.py:188} INFO - [2023-12-27T09:38:09.936+0545] {dag.py:3033} INFO - Sync 1 DAGs
[2023-12-27T09:38:09.951+0545] {logging_mixin.py:188} INFO - [2023-12-27T09:38:09.951+0545] {dag.py:3820} INFO - Setting next_dagrun for latest_only to 2023-12-26T20:00:00+00:00, run_after=2023-12-27T00:00:00+00:00
[2023-12-27T09:38:09.969+0545] {processor.py:183} INFO - Processing /home/sarita/Documents/apache-airflow-project/.venv/lib/python3.9/site-packages/airflow/example_dags/example_latest_only.py took 0.070 seconds
[2023-12-27T09:39:06.742+0545] {processor.py:161} INFO - Started process (PID=7132) to work on /home/sarita/Documents/apache-airflow-project/.venv/lib/python3.9/site-packages/airflow/example_dags/example_latest_only.py
[2023-12-27T09:39:06.745+0545] {processor.py:830} INFO - Processing file /home/sarita/Documents/apache-airflow-project/.venv/lib/python3.9/site-packages/airflow/example_dags/example_latest_only.py for tasks to queue
[2023-12-27T09:39:06.747+0545] {logging_mixin.py:188} INFO - [2023-12-27T09:39:06.746+0545] {dagbag.py:538} INFO - Filling up the DagBag from /home/sarita/Documents/apache-airflow-project/.venv/lib/python3.9/site-packages/airflow/example_dags/example_latest_only.py
[2023-12-27T09:39:06.759+0545] {processor.py:840} INFO - DAG(s) 'latest_only' retrieved from /home/sarita/Documents/apache-airflow-project/.venv/lib/python3.9/site-packages/airflow/example_dags/example_latest_only.py
[2023-12-27T09:39:06.775+0545] {logging_mixin.py:188} INFO - [2023-12-27T09:39:06.775+0545] {dag.py:3033} INFO - Sync 1 DAGs
[2023-12-27T09:39:06.793+0545] {logging_mixin.py:188} INFO - [2023-12-27T09:39:06.793+0545] {dag.py:3820} INFO - Setting next_dagrun for latest_only to 2023-12-26T20:00:00+00:00, run_after=2023-12-27T00:00:00+00:00
[2023-12-27T09:39:06.810+0545] {processor.py:183} INFO - Processing /home/sarita/Documents/apache-airflow-project/.venv/lib/python3.9/site-packages/airflow/example_dags/example_latest_only.py took 0.076 seconds
[2023-12-27T09:40:02.142+0545] {processor.py:161} INFO - Started process (PID=7225) to work on /home/sarita/Documents/apache-airflow-project/.venv/lib/python3.9/site-packages/airflow/example_dags/example_latest_only.py
[2023-12-27T09:40:02.145+0545] {processor.py:830} INFO - Processing file /home/sarita/Documents/apache-airflow-project/.venv/lib/python3.9/site-packages/airflow/example_dags/example_latest_only.py for tasks to queue
[2023-12-27T09:40:02.146+0545] {logging_mixin.py:188} INFO - [2023-12-27T09:40:02.145+0545] {dagbag.py:538} INFO - Filling up the DagBag from /home/sarita/Documents/apache-airflow-project/.venv/lib/python3.9/site-packages/airflow/example_dags/example_latest_only.py
[2023-12-27T09:40:02.151+0545] {processor.py:840} INFO - DAG(s) 'latest_only' retrieved from /home/sarita/Documents/apache-airflow-project/.venv/lib/python3.9/site-packages/airflow/example_dags/example_latest_only.py
[2023-12-27T09:40:02.164+0545] {logging_mixin.py:188} INFO - [2023-12-27T09:40:02.164+0545] {dag.py:3033} INFO - Sync 1 DAGs
[2023-12-27T09:40:02.179+0545] {logging_mixin.py:188} INFO - [2023-12-27T09:40:02.179+0545] {dag.py:3820} INFO - Setting next_dagrun for latest_only to 2023-12-26T20:00:00+00:00, run_after=2023-12-27T00:00:00+00:00
[2023-12-27T09:40:02.196+0545] {processor.py:183} INFO - Processing /home/sarita/Documents/apache-airflow-project/.venv/lib/python3.9/site-packages/airflow/example_dags/example_latest_only.py took 0.058 seconds
[2023-12-27T09:40:57.838+0545] {processor.py:161} INFO - Started process (PID=7458) to work on /home/sarita/Documents/apache-airflow-project/.venv/lib/python3.9/site-packages/airflow/example_dags/example_latest_only.py
[2023-12-27T09:40:57.841+0545] {processor.py:830} INFO - Processing file /home/sarita/Documents/apache-airflow-project/.venv/lib/python3.9/site-packages/airflow/example_dags/example_latest_only.py for tasks to queue
[2023-12-27T09:40:57.842+0545] {logging_mixin.py:188} INFO - [2023-12-27T09:40:57.842+0545] {dagbag.py:538} INFO - Filling up the DagBag from /home/sarita/Documents/apache-airflow-project/.venv/lib/python3.9/site-packages/airflow/example_dags/example_latest_only.py
[2023-12-27T09:40:57.847+0545] {processor.py:840} INFO - DAG(s) 'latest_only' retrieved from /home/sarita/Documents/apache-airflow-project/.venv/lib/python3.9/site-packages/airflow/example_dags/example_latest_only.py
[2023-12-27T09:40:57.858+0545] {logging_mixin.py:188} INFO - [2023-12-27T09:40:57.858+0545] {dag.py:3033} INFO - Sync 1 DAGs
[2023-12-27T09:40:57.874+0545] {logging_mixin.py:188} INFO - [2023-12-27T09:40:57.874+0545] {dag.py:3820} INFO - Setting next_dagrun for latest_only to 2023-12-26T20:00:00+00:00, run_after=2023-12-27T00:00:00+00:00
[2023-12-27T09:40:57.892+0545] {processor.py:183} INFO - Processing /home/sarita/Documents/apache-airflow-project/.venv/lib/python3.9/site-packages/airflow/example_dags/example_latest_only.py took 0.057 seconds
[2023-12-27T09:41:55.266+0545] {processor.py:161} INFO - Started process (PID=7732) to work on /home/sarita/Documents/apache-airflow-project/.venv/lib/python3.9/site-packages/airflow/example_dags/example_latest_only.py
[2023-12-27T09:41:55.269+0545] {processor.py:830} INFO - Processing file /home/sarita/Documents/apache-airflow-project/.venv/lib/python3.9/site-packages/airflow/example_dags/example_latest_only.py for tasks to queue
[2023-12-27T09:41:55.271+0545] {logging_mixin.py:188} INFO - [2023-12-27T09:41:55.270+0545] {dagbag.py:538} INFO - Filling up the DagBag from /home/sarita/Documents/apache-airflow-project/.venv/lib/python3.9/site-packages/airflow/example_dags/example_latest_only.py
[2023-12-27T09:41:55.280+0545] {processor.py:840} INFO - DAG(s) 'latest_only' retrieved from /home/sarita/Documents/apache-airflow-project/.venv/lib/python3.9/site-packages/airflow/example_dags/example_latest_only.py
[2023-12-27T09:41:55.296+0545] {logging_mixin.py:188} INFO - [2023-12-27T09:41:55.296+0545] {dag.py:3033} INFO - Sync 1 DAGs
[2023-12-27T09:41:55.311+0545] {logging_mixin.py:188} INFO - [2023-12-27T09:41:55.311+0545] {dag.py:3820} INFO - Setting next_dagrun for latest_only to 2023-12-26T20:00:00+00:00, run_after=2023-12-27T00:00:00+00:00
[2023-12-27T09:41:55.328+0545] {processor.py:183} INFO - Processing /home/sarita/Documents/apache-airflow-project/.venv/lib/python3.9/site-packages/airflow/example_dags/example_latest_only.py took 0.070 seconds
[2023-12-27T09:42:49.640+0545] {processor.py:161} INFO - Started process (PID=7822) to work on /home/sarita/Documents/apache-airflow-project/.venv/lib/python3.9/site-packages/airflow/example_dags/example_latest_only.py
[2023-12-27T09:42:49.643+0545] {processor.py:830} INFO - Processing file /home/sarita/Documents/apache-airflow-project/.venv/lib/python3.9/site-packages/airflow/example_dags/example_latest_only.py for tasks to queue
[2023-12-27T09:42:49.644+0545] {logging_mixin.py:188} INFO - [2023-12-27T09:42:49.644+0545] {dagbag.py:538} INFO - Filling up the DagBag from /home/sarita/Documents/apache-airflow-project/.venv/lib/python3.9/site-packages/airflow/example_dags/example_latest_only.py
[2023-12-27T09:42:49.651+0545] {processor.py:840} INFO - DAG(s) 'latest_only' retrieved from /home/sarita/Documents/apache-airflow-project/.venv/lib/python3.9/site-packages/airflow/example_dags/example_latest_only.py
[2023-12-27T09:42:49.665+0545] {logging_mixin.py:188} INFO - [2023-12-27T09:42:49.665+0545] {dag.py:3033} INFO - Sync 1 DAGs
[2023-12-27T09:42:49.681+0545] {logging_mixin.py:188} INFO - [2023-12-27T09:42:49.681+0545] {dag.py:3820} INFO - Setting next_dagrun for latest_only to 2023-12-26T20:00:00+00:00, run_after=2023-12-27T00:00:00+00:00
[2023-12-27T09:42:49.697+0545] {processor.py:183} INFO - Processing /home/sarita/Documents/apache-airflow-project/.venv/lib/python3.9/site-packages/airflow/example_dags/example_latest_only.py took 0.061 seconds
[2023-12-27T09:43:41.107+0545] {processor.py:161} INFO - Started process (PID=7895) to work on /home/sarita/Documents/apache-airflow-project/.venv/lib/python3.9/site-packages/airflow/example_dags/example_latest_only.py
[2023-12-27T09:43:41.109+0545] {processor.py:830} INFO - Processing file /home/sarita/Documents/apache-airflow-project/.venv/lib/python3.9/site-packages/airflow/example_dags/example_latest_only.py for tasks to queue
[2023-12-27T09:43:41.110+0545] {logging_mixin.py:188} INFO - [2023-12-27T09:43:41.110+0545] {dagbag.py:538} INFO - Filling up the DagBag from /home/sarita/Documents/apache-airflow-project/.venv/lib/python3.9/site-packages/airflow/example_dags/example_latest_only.py
[2023-12-27T09:43:41.115+0545] {processor.py:840} INFO - DAG(s) 'latest_only' retrieved from /home/sarita/Documents/apache-airflow-project/.venv/lib/python3.9/site-packages/airflow/example_dags/example_latest_only.py
[2023-12-27T09:43:41.126+0545] {logging_mixin.py:188} INFO - [2023-12-27T09:43:41.126+0545] {dag.py:3033} INFO - Sync 1 DAGs
[2023-12-27T09:43:41.142+0545] {logging_mixin.py:188} INFO - [2023-12-27T09:43:41.142+0545] {dag.py:3820} INFO - Setting next_dagrun for latest_only to 2023-12-26T20:00:00+00:00, run_after=2023-12-27T00:00:00+00:00
[2023-12-27T09:43:41.159+0545] {processor.py:183} INFO - Processing /home/sarita/Documents/apache-airflow-project/.venv/lib/python3.9/site-packages/airflow/example_dags/example_latest_only.py took 0.056 seconds
[2023-12-27T09:44:37.720+0545] {processor.py:161} INFO - Started process (PID=7968) to work on /home/sarita/Documents/apache-airflow-project/.venv/lib/python3.9/site-packages/airflow/example_dags/example_latest_only.py
[2023-12-27T09:44:37.722+0545] {processor.py:830} INFO - Processing file /home/sarita/Documents/apache-airflow-project/.venv/lib/python3.9/site-packages/airflow/example_dags/example_latest_only.py for tasks to queue
[2023-12-27T09:44:37.723+0545] {logging_mixin.py:188} INFO - [2023-12-27T09:44:37.723+0545] {dagbag.py:538} INFO - Filling up the DagBag from /home/sarita/Documents/apache-airflow-project/.venv/lib/python3.9/site-packages/airflow/example_dags/example_latest_only.py
[2023-12-27T09:44:37.728+0545] {processor.py:840} INFO - DAG(s) 'latest_only' retrieved from /home/sarita/Documents/apache-airflow-project/.venv/lib/python3.9/site-packages/airflow/example_dags/example_latest_only.py
[2023-12-27T09:44:37.741+0545] {logging_mixin.py:188} INFO - [2023-12-27T09:44:37.741+0545] {dag.py:3033} INFO - Sync 1 DAGs
[2023-12-27T09:44:37.759+0545] {logging_mixin.py:188} INFO - [2023-12-27T09:44:37.759+0545] {dag.py:3820} INFO - Setting next_dagrun for latest_only to 2023-12-26T20:00:00+00:00, run_after=2023-12-27T00:00:00+00:00
[2023-12-27T09:44:37.776+0545] {processor.py:183} INFO - Processing /home/sarita/Documents/apache-airflow-project/.venv/lib/python3.9/site-packages/airflow/example_dags/example_latest_only.py took 0.060 seconds
[2023-12-27T09:45:33.617+0545] {processor.py:161} INFO - Started process (PID=8411) to work on /home/sarita/Documents/apache-airflow-project/.venv/lib/python3.9/site-packages/airflow/example_dags/example_latest_only.py
[2023-12-27T09:45:33.619+0545] {processor.py:830} INFO - Processing file /home/sarita/Documents/apache-airflow-project/.venv/lib/python3.9/site-packages/airflow/example_dags/example_latest_only.py for tasks to queue
[2023-12-27T09:45:33.620+0545] {logging_mixin.py:188} INFO - [2023-12-27T09:45:33.620+0545] {dagbag.py:538} INFO - Filling up the DagBag from /home/sarita/Documents/apache-airflow-project/.venv/lib/python3.9/site-packages/airflow/example_dags/example_latest_only.py
[2023-12-27T09:45:33.623+0545] {processor.py:840} INFO - DAG(s) 'latest_only' retrieved from /home/sarita/Documents/apache-airflow-project/.venv/lib/python3.9/site-packages/airflow/example_dags/example_latest_only.py
[2023-12-27T09:45:33.634+0545] {logging_mixin.py:188} INFO - [2023-12-27T09:45:33.634+0545] {dag.py:3033} INFO - Sync 1 DAGs
[2023-12-27T09:45:33.650+0545] {logging_mixin.py:188} INFO - [2023-12-27T09:45:33.650+0545] {dag.py:3820} INFO - Setting next_dagrun for latest_only to 2023-12-27T00:00:00+00:00, run_after=2023-12-27T04:00:00+00:00
[2023-12-27T09:45:33.667+0545] {processor.py:183} INFO - Processing /home/sarita/Documents/apache-airflow-project/.venv/lib/python3.9/site-packages/airflow/example_dags/example_latest_only.py took 0.052 seconds
[2023-12-27T09:46:26.707+0545] {processor.py:161} INFO - Started process (PID=8498) to work on /home/sarita/Documents/apache-airflow-project/.venv/lib/python3.9/site-packages/airflow/example_dags/example_latest_only.py
[2023-12-27T09:46:26.711+0545] {processor.py:830} INFO - Processing file /home/sarita/Documents/apache-airflow-project/.venv/lib/python3.9/site-packages/airflow/example_dags/example_latest_only.py for tasks to queue
[2023-12-27T09:46:26.713+0545] {logging_mixin.py:188} INFO - [2023-12-27T09:46:26.712+0545] {dagbag.py:538} INFO - Filling up the DagBag from /home/sarita/Documents/apache-airflow-project/.venv/lib/python3.9/site-packages/airflow/example_dags/example_latest_only.py
[2023-12-27T09:46:26.723+0545] {processor.py:840} INFO - DAG(s) 'latest_only' retrieved from /home/sarita/Documents/apache-airflow-project/.venv/lib/python3.9/site-packages/airflow/example_dags/example_latest_only.py
[2023-12-27T09:46:26.739+0545] {logging_mixin.py:188} INFO - [2023-12-27T09:46:26.739+0545] {dag.py:3033} INFO - Sync 1 DAGs
[2023-12-27T09:46:26.755+0545] {logging_mixin.py:188} INFO - [2023-12-27T09:46:26.755+0545] {dag.py:3820} INFO - Setting next_dagrun for latest_only to 2023-12-27T00:00:00+00:00, run_after=2023-12-27T04:00:00+00:00
[2023-12-27T09:46:26.774+0545] {processor.py:183} INFO - Processing /home/sarita/Documents/apache-airflow-project/.venv/lib/python3.9/site-packages/airflow/example_dags/example_latest_only.py took 0.074 seconds
[2023-12-27T09:47:24.411+0545] {processor.py:161} INFO - Started process (PID=8557) to work on /home/sarita/Documents/apache-airflow-project/.venv/lib/python3.9/site-packages/airflow/example_dags/example_latest_only.py
[2023-12-27T09:47:24.414+0545] {processor.py:830} INFO - Processing file /home/sarita/Documents/apache-airflow-project/.venv/lib/python3.9/site-packages/airflow/example_dags/example_latest_only.py for tasks to queue
[2023-12-27T09:47:24.417+0545] {logging_mixin.py:188} INFO - [2023-12-27T09:47:24.416+0545] {dagbag.py:538} INFO - Filling up the DagBag from /home/sarita/Documents/apache-airflow-project/.venv/lib/python3.9/site-packages/airflow/example_dags/example_latest_only.py
[2023-12-27T09:47:24.429+0545] {processor.py:840} INFO - DAG(s) 'latest_only' retrieved from /home/sarita/Documents/apache-airflow-project/.venv/lib/python3.9/site-packages/airflow/example_dags/example_latest_only.py
[2023-12-27T09:47:24.446+0545] {logging_mixin.py:188} INFO - [2023-12-27T09:47:24.446+0545] {dag.py:3033} INFO - Sync 1 DAGs
[2023-12-27T09:47:24.462+0545] {logging_mixin.py:188} INFO - [2023-12-27T09:47:24.462+0545] {dag.py:3820} INFO - Setting next_dagrun for latest_only to 2023-12-27T00:00:00+00:00, run_after=2023-12-27T04:00:00+00:00
[2023-12-27T09:47:24.482+0545] {processor.py:183} INFO - Processing /home/sarita/Documents/apache-airflow-project/.venv/lib/python3.9/site-packages/airflow/example_dags/example_latest_only.py took 0.079 seconds
[2023-12-27T09:48:22.886+0545] {processor.py:161} INFO - Started process (PID=8643) to work on /home/sarita/Documents/apache-airflow-project/.venv/lib/python3.9/site-packages/airflow/example_dags/example_latest_only.py
[2023-12-27T09:48:22.888+0545] {processor.py:830} INFO - Processing file /home/sarita/Documents/apache-airflow-project/.venv/lib/python3.9/site-packages/airflow/example_dags/example_latest_only.py for tasks to queue
[2023-12-27T09:48:22.889+0545] {logging_mixin.py:188} INFO - [2023-12-27T09:48:22.889+0545] {dagbag.py:538} INFO - Filling up the DagBag from /home/sarita/Documents/apache-airflow-project/.venv/lib/python3.9/site-packages/airflow/example_dags/example_latest_only.py
[2023-12-27T09:48:22.893+0545] {processor.py:840} INFO - DAG(s) 'latest_only' retrieved from /home/sarita/Documents/apache-airflow-project/.venv/lib/python3.9/site-packages/airflow/example_dags/example_latest_only.py
[2023-12-27T09:48:22.903+0545] {logging_mixin.py:188} INFO - [2023-12-27T09:48:22.903+0545] {dag.py:3033} INFO - Sync 1 DAGs
[2023-12-27T09:48:22.919+0545] {logging_mixin.py:188} INFO - [2023-12-27T09:48:22.919+0545] {dag.py:3820} INFO - Setting next_dagrun for latest_only to 2023-12-27T00:00:00+00:00, run_after=2023-12-27T04:00:00+00:00
[2023-12-27T09:48:22.938+0545] {processor.py:183} INFO - Processing /home/sarita/Documents/apache-airflow-project/.venv/lib/python3.9/site-packages/airflow/example_dags/example_latest_only.py took 0.054 seconds
[2023-12-27T09:49:16.633+0545] {processor.py:161} INFO - Started process (PID=8701) to work on /home/sarita/Documents/apache-airflow-project/.venv/lib/python3.9/site-packages/airflow/example_dags/example_latest_only.py
[2023-12-27T09:49:16.636+0545] {processor.py:830} INFO - Processing file /home/sarita/Documents/apache-airflow-project/.venv/lib/python3.9/site-packages/airflow/example_dags/example_latest_only.py for tasks to queue
[2023-12-27T09:49:16.638+0545] {logging_mixin.py:188} INFO - [2023-12-27T09:49:16.637+0545] {dagbag.py:538} INFO - Filling up the DagBag from /home/sarita/Documents/apache-airflow-project/.venv/lib/python3.9/site-packages/airflow/example_dags/example_latest_only.py
[2023-12-27T09:49:16.649+0545] {processor.py:840} INFO - DAG(s) 'latest_only' retrieved from /home/sarita/Documents/apache-airflow-project/.venv/lib/python3.9/site-packages/airflow/example_dags/example_latest_only.py
[2023-12-27T09:49:16.666+0545] {logging_mixin.py:188} INFO - [2023-12-27T09:49:16.666+0545] {dag.py:3033} INFO - Sync 1 DAGs
[2023-12-27T09:49:16.682+0545] {logging_mixin.py:188} INFO - [2023-12-27T09:49:16.682+0545] {dag.py:3820} INFO - Setting next_dagrun for latest_only to 2023-12-27T00:00:00+00:00, run_after=2023-12-27T04:00:00+00:00
[2023-12-27T09:49:16.700+0545] {processor.py:183} INFO - Processing /home/sarita/Documents/apache-airflow-project/.venv/lib/python3.9/site-packages/airflow/example_dags/example_latest_only.py took 0.073 seconds
[2023-12-27T09:50:12.797+0545] {processor.py:161} INFO - Started process (PID=8764) to work on /home/sarita/Documents/apache-airflow-project/.venv/lib/python3.9/site-packages/airflow/example_dags/example_latest_only.py
[2023-12-27T09:50:12.800+0545] {processor.py:830} INFO - Processing file /home/sarita/Documents/apache-airflow-project/.venv/lib/python3.9/site-packages/airflow/example_dags/example_latest_only.py for tasks to queue
[2023-12-27T09:50:12.803+0545] {logging_mixin.py:188} INFO - [2023-12-27T09:50:12.802+0545] {dagbag.py:538} INFO - Filling up the DagBag from /home/sarita/Documents/apache-airflow-project/.venv/lib/python3.9/site-packages/airflow/example_dags/example_latest_only.py
[2023-12-27T09:50:12.812+0545] {processor.py:840} INFO - DAG(s) 'latest_only' retrieved from /home/sarita/Documents/apache-airflow-project/.venv/lib/python3.9/site-packages/airflow/example_dags/example_latest_only.py
[2023-12-27T09:50:12.827+0545] {logging_mixin.py:188} INFO - [2023-12-27T09:50:12.826+0545] {dag.py:3033} INFO - Sync 1 DAGs
[2023-12-27T09:50:12.843+0545] {logging_mixin.py:188} INFO - [2023-12-27T09:50:12.843+0545] {dag.py:3820} INFO - Setting next_dagrun for latest_only to 2023-12-27T00:00:00+00:00, run_after=2023-12-27T04:00:00+00:00
[2023-12-27T09:50:12.861+0545] {processor.py:183} INFO - Processing /home/sarita/Documents/apache-airflow-project/.venv/lib/python3.9/site-packages/airflow/example_dags/example_latest_only.py took 0.070 seconds
[2023-12-27T09:51:12.345+0545] {processor.py:161} INFO - Started process (PID=8868) to work on /home/sarita/Documents/apache-airflow-project/.venv/lib/python3.9/site-packages/airflow/example_dags/example_latest_only.py
[2023-12-27T09:51:12.347+0545] {processor.py:830} INFO - Processing file /home/sarita/Documents/apache-airflow-project/.venv/lib/python3.9/site-packages/airflow/example_dags/example_latest_only.py for tasks to queue
[2023-12-27T09:51:12.348+0545] {logging_mixin.py:188} INFO - [2023-12-27T09:51:12.348+0545] {dagbag.py:538} INFO - Filling up the DagBag from /home/sarita/Documents/apache-airflow-project/.venv/lib/python3.9/site-packages/airflow/example_dags/example_latest_only.py
[2023-12-27T09:51:12.354+0545] {processor.py:840} INFO - DAG(s) 'latest_only' retrieved from /home/sarita/Documents/apache-airflow-project/.venv/lib/python3.9/site-packages/airflow/example_dags/example_latest_only.py
[2023-12-27T09:51:12.369+0545] {logging_mixin.py:188} INFO - [2023-12-27T09:51:12.369+0545] {dag.py:3033} INFO - Sync 1 DAGs
[2023-12-27T09:51:12.386+0545] {logging_mixin.py:188} INFO - [2023-12-27T09:51:12.385+0545] {dag.py:3820} INFO - Setting next_dagrun for latest_only to 2023-12-27T00:00:00+00:00, run_after=2023-12-27T04:00:00+00:00
[2023-12-27T09:51:12.404+0545] {processor.py:183} INFO - Processing /home/sarita/Documents/apache-airflow-project/.venv/lib/python3.9/site-packages/airflow/example_dags/example_latest_only.py took 0.063 seconds
[2023-12-27T09:52:09.617+0545] {processor.py:161} INFO - Started process (PID=8972) to work on /home/sarita/Documents/apache-airflow-project/.venv/lib/python3.9/site-packages/airflow/example_dags/example_latest_only.py
[2023-12-27T09:52:09.620+0545] {processor.py:830} INFO - Processing file /home/sarita/Documents/apache-airflow-project/.venv/lib/python3.9/site-packages/airflow/example_dags/example_latest_only.py for tasks to queue
[2023-12-27T09:52:09.623+0545] {logging_mixin.py:188} INFO - [2023-12-27T09:52:09.622+0545] {dagbag.py:538} INFO - Filling up the DagBag from /home/sarita/Documents/apache-airflow-project/.venv/lib/python3.9/site-packages/airflow/example_dags/example_latest_only.py
[2023-12-27T09:52:09.634+0545] {processor.py:840} INFO - DAG(s) 'latest_only' retrieved from /home/sarita/Documents/apache-airflow-project/.venv/lib/python3.9/site-packages/airflow/example_dags/example_latest_only.py
[2023-12-27T09:52:09.652+0545] {logging_mixin.py:188} INFO - [2023-12-27T09:52:09.652+0545] {dag.py:3033} INFO - Sync 1 DAGs
[2023-12-27T09:52:09.669+0545] {logging_mixin.py:188} INFO - [2023-12-27T09:52:09.669+0545] {dag.py:3820} INFO - Setting next_dagrun for latest_only to 2023-12-27T00:00:00+00:00, run_after=2023-12-27T04:00:00+00:00
[2023-12-27T09:52:09.688+0545] {processor.py:183} INFO - Processing /home/sarita/Documents/apache-airflow-project/.venv/lib/python3.9/site-packages/airflow/example_dags/example_latest_only.py took 0.077 seconds
[2023-12-27T12:19:05.208+0545] {processor.py:161} INFO - Started process (PID=13621) to work on /home/sarita/Documents/apache-airflow-project/.venv/lib/python3.9/site-packages/airflow/example_dags/example_latest_only.py
[2023-12-27T12:19:05.209+0545] {processor.py:830} INFO - Processing file /home/sarita/Documents/apache-airflow-project/.venv/lib/python3.9/site-packages/airflow/example_dags/example_latest_only.py for tasks to queue
[2023-12-27T12:19:05.210+0545] {logging_mixin.py:188} INFO - [2023-12-27T12:19:05.209+0545] {dagbag.py:538} INFO - Filling up the DagBag from /home/sarita/Documents/apache-airflow-project/.venv/lib/python3.9/site-packages/airflow/example_dags/example_latest_only.py
[2023-12-27T12:19:05.213+0545] {processor.py:840} INFO - DAG(s) 'latest_only' retrieved from /home/sarita/Documents/apache-airflow-project/.venv/lib/python3.9/site-packages/airflow/example_dags/example_latest_only.py
[2023-12-27T12:19:05.223+0545] {logging_mixin.py:188} INFO - [2023-12-27T12:19:05.223+0545] {dag.py:3033} INFO - Sync 1 DAGs
[2023-12-27T12:19:05.237+0545] {logging_mixin.py:188} INFO - [2023-12-27T12:19:05.237+0545] {dag.py:3820} INFO - Setting next_dagrun for latest_only to 2023-12-27T00:00:00+00:00, run_after=2023-12-27T04:00:00+00:00
[2023-12-27T12:19:05.254+0545] {processor.py:183} INFO - Processing /home/sarita/Documents/apache-airflow-project/.venv/lib/python3.9/site-packages/airflow/example_dags/example_latest_only.py took 0.047 seconds
[2023-12-27T12:39:55.167+0545] {processor.py:161} INFO - Started process (PID=15538) to work on /home/sarita/Documents/apache-airflow-project/.venv/lib/python3.9/site-packages/airflow/example_dags/example_latest_only.py
[2023-12-27T12:39:55.169+0545] {processor.py:830} INFO - Processing file /home/sarita/Documents/apache-airflow-project/.venv/lib/python3.9/site-packages/airflow/example_dags/example_latest_only.py for tasks to queue
[2023-12-27T12:39:55.170+0545] {logging_mixin.py:188} INFO - [2023-12-27T12:39:55.169+0545] {dagbag.py:538} INFO - Filling up the DagBag from /home/sarita/Documents/apache-airflow-project/.venv/lib/python3.9/site-packages/airflow/example_dags/example_latest_only.py
[2023-12-27T12:39:55.174+0545] {processor.py:840} INFO - DAG(s) 'latest_only' retrieved from /home/sarita/Documents/apache-airflow-project/.venv/lib/python3.9/site-packages/airflow/example_dags/example_latest_only.py
[2023-12-27T12:39:55.185+0545] {logging_mixin.py:188} INFO - [2023-12-27T12:39:55.185+0545] {dag.py:3033} INFO - Sync 1 DAGs
[2023-12-27T12:39:55.208+0545] {logging_mixin.py:188} INFO - [2023-12-27T12:39:55.208+0545] {dag.py:3820} INFO - Setting next_dagrun for latest_only to 2023-12-27T00:00:00+00:00, run_after=2023-12-27T04:00:00+00:00
[2023-12-27T12:39:55.232+0545] {processor.py:183} INFO - Processing /home/sarita/Documents/apache-airflow-project/.venv/lib/python3.9/site-packages/airflow/example_dags/example_latest_only.py took 0.067 seconds
[2023-12-27T12:52:55.962+0545] {processor.py:161} INFO - Started process (PID=17645) to work on /home/sarita/Documents/apache-airflow-project/.venv/lib/python3.9/site-packages/airflow/example_dags/example_latest_only.py
[2023-12-27T12:52:55.965+0545] {processor.py:830} INFO - Processing file /home/sarita/Documents/apache-airflow-project/.venv/lib/python3.9/site-packages/airflow/example_dags/example_latest_only.py for tasks to queue
[2023-12-27T12:52:55.968+0545] {logging_mixin.py:188} INFO - [2023-12-27T12:52:55.967+0545] {dagbag.py:538} INFO - Filling up the DagBag from /home/sarita/Documents/apache-airflow-project/.venv/lib/python3.9/site-packages/airflow/example_dags/example_latest_only.py
[2023-12-27T12:52:55.984+0545] {processor.py:840} INFO - DAG(s) 'latest_only' retrieved from /home/sarita/Documents/apache-airflow-project/.venv/lib/python3.9/site-packages/airflow/example_dags/example_latest_only.py
[2023-12-27T12:52:56.001+0545] {logging_mixin.py:188} INFO - [2023-12-27T12:52:56.001+0545] {dag.py:3033} INFO - Sync 1 DAGs
[2023-12-27T12:52:56.017+0545] {logging_mixin.py:188} INFO - [2023-12-27T12:52:56.017+0545] {dag.py:3820} INFO - Setting next_dagrun for latest_only to 2023-12-27T00:00:00+00:00, run_after=2023-12-27T04:00:00+00:00
[2023-12-27T12:52:56.045+0545] {processor.py:183} INFO - Processing /home/sarita/Documents/apache-airflow-project/.venv/lib/python3.9/site-packages/airflow/example_dags/example_latest_only.py took 0.090 seconds
