[2023-12-27T09:37:11.794+0545] {processor.py:161} INFO - Started process (PID=6941) to work on /home/sarita/Documents/apache-airflow-project/.venv/lib/python3.9/site-packages/airflow/example_dags/example_dag_decorator.py
[2023-12-27T09:37:11.795+0545] {processor.py:830} INFO - Processing file /home/sarita/Documents/apache-airflow-project/.venv/lib/python3.9/site-packages/airflow/example_dags/example_dag_decorator.py for tasks to queue
[2023-12-27T09:37:11.796+0545] {logging_mixin.py:188} INFO - [2023-12-27T09:37:11.795+0545] {dagbag.py:538} INFO - Filling up the DagBag from /home/sarita/Documents/apache-airflow-project/.venv/lib/python3.9/site-packages/airflow/example_dags/example_dag_decorator.py
[2023-12-27T09:37:11.890+0545] {processor.py:840} INFO - DAG(s) 'example_dag_decorator' retrieved from /home/sarita/Documents/apache-airflow-project/.venv/lib/python3.9/site-packages/airflow/example_dags/example_dag_decorator.py
[2023-12-27T09:37:11.963+0545] {logging_mixin.py:188} INFO - [2023-12-27T09:37:11.963+0545] {dag.py:3033} INFO - Sync 1 DAGs
[2023-12-27T09:37:11.970+0545] {logging_mixin.py:188} INFO - [2023-12-27T09:37:11.970+0545] {dag.py:3820} INFO - Setting next_dagrun for example_dag_decorator to None, run_after=None
[2023-12-27T09:37:11.988+0545] {processor.py:183} INFO - Processing /home/sarita/Documents/apache-airflow-project/.venv/lib/python3.9/site-packages/airflow/example_dags/example_dag_decorator.py took 0.199 seconds
[2023-12-27T09:38:05.872+0545] {processor.py:161} INFO - Started process (PID=7006) to work on /home/sarita/Documents/apache-airflow-project/.venv/lib/python3.9/site-packages/airflow/example_dags/example_dag_decorator.py
[2023-12-27T09:38:05.874+0545] {processor.py:830} INFO - Processing file /home/sarita/Documents/apache-airflow-project/.venv/lib/python3.9/site-packages/airflow/example_dags/example_dag_decorator.py for tasks to queue
[2023-12-27T09:38:05.875+0545] {logging_mixin.py:188} INFO - [2023-12-27T09:38:05.875+0545] {dagbag.py:538} INFO - Filling up the DagBag from /home/sarita/Documents/apache-airflow-project/.venv/lib/python3.9/site-packages/airflow/example_dags/example_dag_decorator.py
[2023-12-27T09:38:05.950+0545] {processor.py:840} INFO - DAG(s) 'example_dag_decorator' retrieved from /home/sarita/Documents/apache-airflow-project/.venv/lib/python3.9/site-packages/airflow/example_dags/example_dag_decorator.py
[2023-12-27T09:38:06.022+0545] {logging_mixin.py:188} INFO - [2023-12-27T09:38:06.022+0545] {dag.py:3033} INFO - Sync 1 DAGs
[2023-12-27T09:38:06.030+0545] {logging_mixin.py:188} INFO - [2023-12-27T09:38:06.030+0545] {dag.py:3820} INFO - Setting next_dagrun for example_dag_decorator to None, run_after=None
[2023-12-27T09:38:06.050+0545] {processor.py:183} INFO - Processing /home/sarita/Documents/apache-airflow-project/.venv/lib/python3.9/site-packages/airflow/example_dags/example_dag_decorator.py took 0.180 seconds
[2023-12-27T09:39:02.201+0545] {processor.py:161} INFO - Started process (PID=7126) to work on /home/sarita/Documents/apache-airflow-project/.venv/lib/python3.9/site-packages/airflow/example_dags/example_dag_decorator.py
[2023-12-27T09:39:02.203+0545] {processor.py:830} INFO - Processing file /home/sarita/Documents/apache-airflow-project/.venv/lib/python3.9/site-packages/airflow/example_dags/example_dag_decorator.py for tasks to queue
[2023-12-27T09:39:02.204+0545] {logging_mixin.py:188} INFO - [2023-12-27T09:39:02.204+0545] {dagbag.py:538} INFO - Filling up the DagBag from /home/sarita/Documents/apache-airflow-project/.venv/lib/python3.9/site-packages/airflow/example_dags/example_dag_decorator.py
[2023-12-27T09:39:02.280+0545] {processor.py:840} INFO - DAG(s) 'example_dag_decorator' retrieved from /home/sarita/Documents/apache-airflow-project/.venv/lib/python3.9/site-packages/airflow/example_dags/example_dag_decorator.py
[2023-12-27T09:39:02.351+0545] {logging_mixin.py:188} INFO - [2023-12-27T09:39:02.351+0545] {dag.py:3033} INFO - Sync 1 DAGs
[2023-12-27T09:39:02.359+0545] {logging_mixin.py:188} INFO - [2023-12-27T09:39:02.359+0545] {dag.py:3820} INFO - Setting next_dagrun for example_dag_decorator to None, run_after=None
[2023-12-27T09:39:02.387+0545] {processor.py:183} INFO - Processing /home/sarita/Documents/apache-airflow-project/.venv/lib/python3.9/site-packages/airflow/example_dags/example_dag_decorator.py took 0.190 seconds
[2023-12-27T09:39:58.288+0545] {processor.py:161} INFO - Started process (PID=7218) to work on /home/sarita/Documents/apache-airflow-project/.venv/lib/python3.9/site-packages/airflow/example_dags/example_dag_decorator.py
[2023-12-27T09:39:58.290+0545] {processor.py:830} INFO - Processing file /home/sarita/Documents/apache-airflow-project/.venv/lib/python3.9/site-packages/airflow/example_dags/example_dag_decorator.py for tasks to queue
[2023-12-27T09:39:58.291+0545] {logging_mixin.py:188} INFO - [2023-12-27T09:39:58.291+0545] {dagbag.py:538} INFO - Filling up the DagBag from /home/sarita/Documents/apache-airflow-project/.venv/lib/python3.9/site-packages/airflow/example_dags/example_dag_decorator.py
[2023-12-27T09:39:58.364+0545] {processor.py:840} INFO - DAG(s) 'example_dag_decorator' retrieved from /home/sarita/Documents/apache-airflow-project/.venv/lib/python3.9/site-packages/airflow/example_dags/example_dag_decorator.py
[2023-12-27T09:39:58.438+0545] {logging_mixin.py:188} INFO - [2023-12-27T09:39:58.438+0545] {dag.py:3033} INFO - Sync 1 DAGs
[2023-12-27T09:39:58.446+0545] {logging_mixin.py:188} INFO - [2023-12-27T09:39:58.446+0545] {dag.py:3820} INFO - Setting next_dagrun for example_dag_decorator to None, run_after=None
[2023-12-27T09:39:58.473+0545] {processor.py:183} INFO - Processing /home/sarita/Documents/apache-airflow-project/.venv/lib/python3.9/site-packages/airflow/example_dags/example_dag_decorator.py took 0.189 seconds
[2023-12-27T09:40:53.041+0545] {processor.py:161} INFO - Started process (PID=7417) to work on /home/sarita/Documents/apache-airflow-project/.venv/lib/python3.9/site-packages/airflow/example_dags/example_dag_decorator.py
[2023-12-27T09:40:53.041+0545] {processor.py:830} INFO - Processing file /home/sarita/Documents/apache-airflow-project/.venv/lib/python3.9/site-packages/airflow/example_dags/example_dag_decorator.py for tasks to queue
[2023-12-27T09:40:53.042+0545] {logging_mixin.py:188} INFO - [2023-12-27T09:40:53.042+0545] {dagbag.py:538} INFO - Filling up the DagBag from /home/sarita/Documents/apache-airflow-project/.venv/lib/python3.9/site-packages/airflow/example_dags/example_dag_decorator.py
[2023-12-27T09:40:53.134+0545] {processor.py:840} INFO - DAG(s) 'example_dag_decorator' retrieved from /home/sarita/Documents/apache-airflow-project/.venv/lib/python3.9/site-packages/airflow/example_dags/example_dag_decorator.py
[2023-12-27T09:40:53.222+0545] {logging_mixin.py:188} INFO - [2023-12-27T09:40:53.222+0545] {dag.py:3033} INFO - Sync 1 DAGs
[2023-12-27T09:40:53.231+0545] {logging_mixin.py:188} INFO - [2023-12-27T09:40:53.231+0545] {dag.py:3820} INFO - Setting next_dagrun for example_dag_decorator to None, run_after=None
[2023-12-27T09:40:53.250+0545] {processor.py:183} INFO - Processing /home/sarita/Documents/apache-airflow-project/.venv/lib/python3.9/site-packages/airflow/example_dags/example_dag_decorator.py took 0.211 seconds
[2023-12-27T09:41:51.265+0545] {processor.py:161} INFO - Started process (PID=7728) to work on /home/sarita/Documents/apache-airflow-project/.venv/lib/python3.9/site-packages/airflow/example_dags/example_dag_decorator.py
[2023-12-27T09:41:51.269+0545] {processor.py:830} INFO - Processing file /home/sarita/Documents/apache-airflow-project/.venv/lib/python3.9/site-packages/airflow/example_dags/example_dag_decorator.py for tasks to queue
[2023-12-27T09:41:51.271+0545] {logging_mixin.py:188} INFO - [2023-12-27T09:41:51.270+0545] {dagbag.py:538} INFO - Filling up the DagBag from /home/sarita/Documents/apache-airflow-project/.venv/lib/python3.9/site-packages/airflow/example_dags/example_dag_decorator.py
[2023-12-27T09:41:51.350+0545] {processor.py:840} INFO - DAG(s) 'example_dag_decorator' retrieved from /home/sarita/Documents/apache-airflow-project/.venv/lib/python3.9/site-packages/airflow/example_dags/example_dag_decorator.py
[2023-12-27T09:41:51.424+0545] {logging_mixin.py:188} INFO - [2023-12-27T09:41:51.423+0545] {dag.py:3033} INFO - Sync 1 DAGs
[2023-12-27T09:41:51.431+0545] {logging_mixin.py:188} INFO - [2023-12-27T09:41:51.431+0545] {dag.py:3820} INFO - Setting next_dagrun for example_dag_decorator to None, run_after=None
[2023-12-27T09:41:51.451+0545] {processor.py:183} INFO - Processing /home/sarita/Documents/apache-airflow-project/.venv/lib/python3.9/site-packages/airflow/example_dags/example_dag_decorator.py took 0.192 seconds
[2023-12-27T09:42:46.168+0545] {processor.py:161} INFO - Started process (PID=7818) to work on /home/sarita/Documents/apache-airflow-project/.venv/lib/python3.9/site-packages/airflow/example_dags/example_dag_decorator.py
[2023-12-27T09:42:46.170+0545] {processor.py:830} INFO - Processing file /home/sarita/Documents/apache-airflow-project/.venv/lib/python3.9/site-packages/airflow/example_dags/example_dag_decorator.py for tasks to queue
[2023-12-27T09:42:46.171+0545] {logging_mixin.py:188} INFO - [2023-12-27T09:42:46.171+0545] {dagbag.py:538} INFO - Filling up the DagBag from /home/sarita/Documents/apache-airflow-project/.venv/lib/python3.9/site-packages/airflow/example_dags/example_dag_decorator.py
[2023-12-27T09:42:46.236+0545] {processor.py:840} INFO - DAG(s) 'example_dag_decorator' retrieved from /home/sarita/Documents/apache-airflow-project/.venv/lib/python3.9/site-packages/airflow/example_dags/example_dag_decorator.py
[2023-12-27T09:42:46.249+0545] {logging_mixin.py:188} INFO - [2023-12-27T09:42:46.249+0545] {dag.py:3033} INFO - Sync 1 DAGs
[2023-12-27T09:42:46.259+0545] {logging_mixin.py:188} INFO - [2023-12-27T09:42:46.258+0545] {dag.py:3820} INFO - Setting next_dagrun for example_dag_decorator to None, run_after=None
[2023-12-27T09:42:46.277+0545] {processor.py:183} INFO - Processing /home/sarita/Documents/apache-airflow-project/.venv/lib/python3.9/site-packages/airflow/example_dags/example_dag_decorator.py took 0.111 seconds
[2023-12-27T09:43:36.878+0545] {processor.py:161} INFO - Started process (PID=7890) to work on /home/sarita/Documents/apache-airflow-project/.venv/lib/python3.9/site-packages/airflow/example_dags/example_dag_decorator.py
[2023-12-27T09:43:36.881+0545] {processor.py:830} INFO - Processing file /home/sarita/Documents/apache-airflow-project/.venv/lib/python3.9/site-packages/airflow/example_dags/example_dag_decorator.py for tasks to queue
[2023-12-27T09:43:36.882+0545] {logging_mixin.py:188} INFO - [2023-12-27T09:43:36.881+0545] {dagbag.py:538} INFO - Filling up the DagBag from /home/sarita/Documents/apache-airflow-project/.venv/lib/python3.9/site-packages/airflow/example_dags/example_dag_decorator.py
[2023-12-27T09:43:36.951+0545] {processor.py:840} INFO - DAG(s) 'example_dag_decorator' retrieved from /home/sarita/Documents/apache-airflow-project/.venv/lib/python3.9/site-packages/airflow/example_dags/example_dag_decorator.py
[2023-12-27T09:43:36.965+0545] {logging_mixin.py:188} INFO - [2023-12-27T09:43:36.965+0545] {dag.py:3033} INFO - Sync 1 DAGs
[2023-12-27T09:43:36.973+0545] {logging_mixin.py:188} INFO - [2023-12-27T09:43:36.973+0545] {dag.py:3820} INFO - Setting next_dagrun for example_dag_decorator to None, run_after=None
[2023-12-27T09:43:36.992+0545] {processor.py:183} INFO - Processing /home/sarita/Documents/apache-airflow-project/.venv/lib/python3.9/site-packages/airflow/example_dags/example_dag_decorator.py took 0.118 seconds
[2023-12-27T09:44:33.216+0545] {processor.py:161} INFO - Started process (PID=7963) to work on /home/sarita/Documents/apache-airflow-project/.venv/lib/python3.9/site-packages/airflow/example_dags/example_dag_decorator.py
[2023-12-27T09:44:33.218+0545] {processor.py:830} INFO - Processing file /home/sarita/Documents/apache-airflow-project/.venv/lib/python3.9/site-packages/airflow/example_dags/example_dag_decorator.py for tasks to queue
[2023-12-27T09:44:33.218+0545] {logging_mixin.py:188} INFO - [2023-12-27T09:44:33.218+0545] {dagbag.py:538} INFO - Filling up the DagBag from /home/sarita/Documents/apache-airflow-project/.venv/lib/python3.9/site-packages/airflow/example_dags/example_dag_decorator.py
[2023-12-27T09:44:33.283+0545] {processor.py:840} INFO - DAG(s) 'example_dag_decorator' retrieved from /home/sarita/Documents/apache-airflow-project/.venv/lib/python3.9/site-packages/airflow/example_dags/example_dag_decorator.py
[2023-12-27T09:44:33.356+0545] {logging_mixin.py:188} INFO - [2023-12-27T09:44:33.355+0545] {dag.py:3033} INFO - Sync 1 DAGs
[2023-12-27T09:44:33.363+0545] {logging_mixin.py:188} INFO - [2023-12-27T09:44:33.363+0545] {dag.py:3820} INFO - Setting next_dagrun for example_dag_decorator to None, run_after=None
[2023-12-27T09:44:33.381+0545] {processor.py:183} INFO - Processing /home/sarita/Documents/apache-airflow-project/.venv/lib/python3.9/site-packages/airflow/example_dags/example_dag_decorator.py took 0.168 seconds
[2023-12-27T09:45:29.607+0545] {processor.py:161} INFO - Started process (PID=8153) to work on /home/sarita/Documents/apache-airflow-project/.venv/lib/python3.9/site-packages/airflow/example_dags/example_dag_decorator.py
[2023-12-27T09:45:29.609+0545] {processor.py:830} INFO - Processing file /home/sarita/Documents/apache-airflow-project/.venv/lib/python3.9/site-packages/airflow/example_dags/example_dag_decorator.py for tasks to queue
[2023-12-27T09:45:29.610+0545] {logging_mixin.py:188} INFO - [2023-12-27T09:45:29.610+0545] {dagbag.py:538} INFO - Filling up the DagBag from /home/sarita/Documents/apache-airflow-project/.venv/lib/python3.9/site-packages/airflow/example_dags/example_dag_decorator.py
[2023-12-27T09:45:29.680+0545] {processor.py:840} INFO - DAG(s) 'example_dag_decorator' retrieved from /home/sarita/Documents/apache-airflow-project/.venv/lib/python3.9/site-packages/airflow/example_dags/example_dag_decorator.py
[2023-12-27T09:45:29.757+0545] {logging_mixin.py:188} INFO - [2023-12-27T09:45:29.757+0545] {dag.py:3033} INFO - Sync 1 DAGs
[2023-12-27T09:45:29.765+0545] {logging_mixin.py:188} INFO - [2023-12-27T09:45:29.765+0545] {dag.py:3820} INFO - Setting next_dagrun for example_dag_decorator to None, run_after=None
[2023-12-27T09:45:29.786+0545] {processor.py:183} INFO - Processing /home/sarita/Documents/apache-airflow-project/.venv/lib/python3.9/site-packages/airflow/example_dags/example_dag_decorator.py took 0.180 seconds
[2023-12-27T09:46:22.128+0545] {processor.py:161} INFO - Started process (PID=8494) to work on /home/sarita/Documents/apache-airflow-project/.venv/lib/python3.9/site-packages/airflow/example_dags/example_dag_decorator.py
[2023-12-27T09:46:22.131+0545] {processor.py:830} INFO - Processing file /home/sarita/Documents/apache-airflow-project/.venv/lib/python3.9/site-packages/airflow/example_dags/example_dag_decorator.py for tasks to queue
[2023-12-27T09:46:22.132+0545] {logging_mixin.py:188} INFO - [2023-12-27T09:46:22.132+0545] {dagbag.py:538} INFO - Filling up the DagBag from /home/sarita/Documents/apache-airflow-project/.venv/lib/python3.9/site-packages/airflow/example_dags/example_dag_decorator.py
[2023-12-27T09:46:22.201+0545] {processor.py:840} INFO - DAG(s) 'example_dag_decorator' retrieved from /home/sarita/Documents/apache-airflow-project/.venv/lib/python3.9/site-packages/airflow/example_dags/example_dag_decorator.py
[2023-12-27T09:46:22.215+0545] {logging_mixin.py:188} INFO - [2023-12-27T09:46:22.214+0545] {dag.py:3033} INFO - Sync 1 DAGs
[2023-12-27T09:46:22.223+0545] {logging_mixin.py:188} INFO - [2023-12-27T09:46:22.223+0545] {dag.py:3820} INFO - Setting next_dagrun for example_dag_decorator to None, run_after=None
[2023-12-27T09:46:22.241+0545] {processor.py:183} INFO - Processing /home/sarita/Documents/apache-airflow-project/.venv/lib/python3.9/site-packages/airflow/example_dags/example_dag_decorator.py took 0.120 seconds
[2023-12-27T09:47:20.156+0545] {processor.py:161} INFO - Started process (PID=8553) to work on /home/sarita/Documents/apache-airflow-project/.venv/lib/python3.9/site-packages/airflow/example_dags/example_dag_decorator.py
[2023-12-27T09:47:20.160+0545] {processor.py:830} INFO - Processing file /home/sarita/Documents/apache-airflow-project/.venv/lib/python3.9/site-packages/airflow/example_dags/example_dag_decorator.py for tasks to queue
[2023-12-27T09:47:20.162+0545] {logging_mixin.py:188} INFO - [2023-12-27T09:47:20.161+0545] {dagbag.py:538} INFO - Filling up the DagBag from /home/sarita/Documents/apache-airflow-project/.venv/lib/python3.9/site-packages/airflow/example_dags/example_dag_decorator.py
[2023-12-27T09:47:20.243+0545] {processor.py:840} INFO - DAG(s) 'example_dag_decorator' retrieved from /home/sarita/Documents/apache-airflow-project/.venv/lib/python3.9/site-packages/airflow/example_dags/example_dag_decorator.py
[2023-12-27T09:47:20.257+0545] {logging_mixin.py:188} INFO - [2023-12-27T09:47:20.257+0545] {dag.py:3033} INFO - Sync 1 DAGs
[2023-12-27T09:47:20.266+0545] {logging_mixin.py:188} INFO - [2023-12-27T09:47:20.266+0545] {dag.py:3820} INFO - Setting next_dagrun for example_dag_decorator to None, run_after=None
[2023-12-27T09:47:20.284+0545] {processor.py:183} INFO - Processing /home/sarita/Documents/apache-airflow-project/.venv/lib/python3.9/site-packages/airflow/example_dags/example_dag_decorator.py took 0.136 seconds
[2023-12-27T09:48:18.887+0545] {processor.py:161} INFO - Started process (PID=8639) to work on /home/sarita/Documents/apache-airflow-project/.venv/lib/python3.9/site-packages/airflow/example_dags/example_dag_decorator.py
[2023-12-27T09:48:18.889+0545] {processor.py:830} INFO - Processing file /home/sarita/Documents/apache-airflow-project/.venv/lib/python3.9/site-packages/airflow/example_dags/example_dag_decorator.py for tasks to queue
[2023-12-27T09:48:18.890+0545] {logging_mixin.py:188} INFO - [2023-12-27T09:48:18.889+0545] {dagbag.py:538} INFO - Filling up the DagBag from /home/sarita/Documents/apache-airflow-project/.venv/lib/python3.9/site-packages/airflow/example_dags/example_dag_decorator.py
[2023-12-27T09:48:18.957+0545] {processor.py:840} INFO - DAG(s) 'example_dag_decorator' retrieved from /home/sarita/Documents/apache-airflow-project/.venv/lib/python3.9/site-packages/airflow/example_dags/example_dag_decorator.py
[2023-12-27T09:48:18.970+0545] {logging_mixin.py:188} INFO - [2023-12-27T09:48:18.970+0545] {dag.py:3033} INFO - Sync 1 DAGs
[2023-12-27T09:48:18.981+0545] {logging_mixin.py:188} INFO - [2023-12-27T09:48:18.981+0545] {dag.py:3820} INFO - Setting next_dagrun for example_dag_decorator to None, run_after=None
[2023-12-27T09:48:18.999+0545] {processor.py:183} INFO - Processing /home/sarita/Documents/apache-airflow-project/.venv/lib/python3.9/site-packages/airflow/example_dags/example_dag_decorator.py took 0.114 seconds
[2023-12-27T09:49:12.933+0545] {processor.py:161} INFO - Started process (PID=8696) to work on /home/sarita/Documents/apache-airflow-project/.venv/lib/python3.9/site-packages/airflow/example_dags/example_dag_decorator.py
[2023-12-27T09:49:12.937+0545] {processor.py:830} INFO - Processing file /home/sarita/Documents/apache-airflow-project/.venv/lib/python3.9/site-packages/airflow/example_dags/example_dag_decorator.py for tasks to queue
[2023-12-27T09:49:12.939+0545] {logging_mixin.py:188} INFO - [2023-12-27T09:49:12.938+0545] {dagbag.py:538} INFO - Filling up the DagBag from /home/sarita/Documents/apache-airflow-project/.venv/lib/python3.9/site-packages/airflow/example_dags/example_dag_decorator.py
[2023-12-27T09:49:13.020+0545] {processor.py:840} INFO - DAG(s) 'example_dag_decorator' retrieved from /home/sarita/Documents/apache-airflow-project/.venv/lib/python3.9/site-packages/airflow/example_dags/example_dag_decorator.py
[2023-12-27T09:49:13.033+0545] {logging_mixin.py:188} INFO - [2023-12-27T09:49:13.033+0545] {dag.py:3033} INFO - Sync 1 DAGs
[2023-12-27T09:49:13.042+0545] {logging_mixin.py:188} INFO - [2023-12-27T09:49:13.041+0545] {dag.py:3820} INFO - Setting next_dagrun for example_dag_decorator to None, run_after=None
[2023-12-27T09:49:13.074+0545] {processor.py:183} INFO - Processing /home/sarita/Documents/apache-airflow-project/.venv/lib/python3.9/site-packages/airflow/example_dags/example_dag_decorator.py took 0.147 seconds
[2023-12-27T09:50:09.246+0545] {processor.py:161} INFO - Started process (PID=8757) to work on /home/sarita/Documents/apache-airflow-project/.venv/lib/python3.9/site-packages/airflow/example_dags/example_dag_decorator.py
[2023-12-27T09:50:09.250+0545] {processor.py:830} INFO - Processing file /home/sarita/Documents/apache-airflow-project/.venv/lib/python3.9/site-packages/airflow/example_dags/example_dag_decorator.py for tasks to queue
[2023-12-27T09:50:09.252+0545] {logging_mixin.py:188} INFO - [2023-12-27T09:50:09.251+0545] {dagbag.py:538} INFO - Filling up the DagBag from /home/sarita/Documents/apache-airflow-project/.venv/lib/python3.9/site-packages/airflow/example_dags/example_dag_decorator.py
[2023-12-27T09:50:09.327+0545] {processor.py:840} INFO - DAG(s) 'example_dag_decorator' retrieved from /home/sarita/Documents/apache-airflow-project/.venv/lib/python3.9/site-packages/airflow/example_dags/example_dag_decorator.py
[2023-12-27T09:50:09.398+0545] {logging_mixin.py:188} INFO - [2023-12-27T09:50:09.398+0545] {dag.py:3033} INFO - Sync 1 DAGs
[2023-12-27T09:50:09.405+0545] {logging_mixin.py:188} INFO - [2023-12-27T09:50:09.405+0545] {dag.py:3820} INFO - Setting next_dagrun for example_dag_decorator to None, run_after=None
[2023-12-27T09:50:09.425+0545] {processor.py:183} INFO - Processing /home/sarita/Documents/apache-airflow-project/.venv/lib/python3.9/site-packages/airflow/example_dags/example_dag_decorator.py took 0.186 seconds
[2023-12-27T09:51:07.314+0545] {processor.py:161} INFO - Started process (PID=8862) to work on /home/sarita/Documents/apache-airflow-project/.venv/lib/python3.9/site-packages/airflow/example_dags/example_dag_decorator.py
[2023-12-27T09:51:07.317+0545] {processor.py:830} INFO - Processing file /home/sarita/Documents/apache-airflow-project/.venv/lib/python3.9/site-packages/airflow/example_dags/example_dag_decorator.py for tasks to queue
[2023-12-27T09:51:07.318+0545] {logging_mixin.py:188} INFO - [2023-12-27T09:51:07.318+0545] {dagbag.py:538} INFO - Filling up the DagBag from /home/sarita/Documents/apache-airflow-project/.venv/lib/python3.9/site-packages/airflow/example_dags/example_dag_decorator.py
[2023-12-27T09:51:07.404+0545] {processor.py:840} INFO - DAG(s) 'example_dag_decorator' retrieved from /home/sarita/Documents/apache-airflow-project/.venv/lib/python3.9/site-packages/airflow/example_dags/example_dag_decorator.py
[2023-12-27T09:51:07.487+0545] {logging_mixin.py:188} INFO - [2023-12-27T09:51:07.487+0545] {dag.py:3033} INFO - Sync 1 DAGs
[2023-12-27T09:51:07.495+0545] {logging_mixin.py:188} INFO - [2023-12-27T09:51:07.495+0545] {dag.py:3820} INFO - Setting next_dagrun for example_dag_decorator to None, run_after=None
[2023-12-27T09:51:07.520+0545] {processor.py:183} INFO - Processing /home/sarita/Documents/apache-airflow-project/.venv/lib/python3.9/site-packages/airflow/example_dags/example_dag_decorator.py took 0.209 seconds
[2023-12-27T09:52:05.617+0545] {processor.py:161} INFO - Started process (PID=8935) to work on /home/sarita/Documents/apache-airflow-project/.venv/lib/python3.9/site-packages/airflow/example_dags/example_dag_decorator.py
[2023-12-27T09:52:05.619+0545] {processor.py:830} INFO - Processing file /home/sarita/Documents/apache-airflow-project/.venv/lib/python3.9/site-packages/airflow/example_dags/example_dag_decorator.py for tasks to queue
[2023-12-27T09:52:05.620+0545] {logging_mixin.py:188} INFO - [2023-12-27T09:52:05.620+0545] {dagbag.py:538} INFO - Filling up the DagBag from /home/sarita/Documents/apache-airflow-project/.venv/lib/python3.9/site-packages/airflow/example_dags/example_dag_decorator.py
[2023-12-27T09:52:05.692+0545] {processor.py:840} INFO - DAG(s) 'example_dag_decorator' retrieved from /home/sarita/Documents/apache-airflow-project/.venv/lib/python3.9/site-packages/airflow/example_dags/example_dag_decorator.py
[2023-12-27T09:52:05.767+0545] {logging_mixin.py:188} INFO - [2023-12-27T09:52:05.767+0545] {dag.py:3033} INFO - Sync 1 DAGs
[2023-12-27T09:52:05.775+0545] {logging_mixin.py:188} INFO - [2023-12-27T09:52:05.775+0545] {dag.py:3820} INFO - Setting next_dagrun for example_dag_decorator to None, run_after=None
[2023-12-27T09:52:05.805+0545] {processor.py:183} INFO - Processing /home/sarita/Documents/apache-airflow-project/.venv/lib/python3.9/site-packages/airflow/example_dags/example_dag_decorator.py took 0.193 seconds
[2023-12-27T12:18:39.711+0545] {processor.py:161} INFO - Started process (PID=13608) to work on /home/sarita/Documents/apache-airflow-project/.venv/lib/python3.9/site-packages/airflow/example_dags/example_dag_decorator.py
[2023-12-27T12:18:39.712+0545] {processor.py:830} INFO - Processing file /home/sarita/Documents/apache-airflow-project/.venv/lib/python3.9/site-packages/airflow/example_dags/example_dag_decorator.py for tasks to queue
[2023-12-27T12:18:39.713+0545] {logging_mixin.py:188} INFO - [2023-12-27T12:18:39.712+0545] {dagbag.py:538} INFO - Filling up the DagBag from /home/sarita/Documents/apache-airflow-project/.venv/lib/python3.9/site-packages/airflow/example_dags/example_dag_decorator.py
[2023-12-27T12:18:39.797+0545] {processor.py:840} INFO - DAG(s) 'example_dag_decorator' retrieved from /home/sarita/Documents/apache-airflow-project/.venv/lib/python3.9/site-packages/airflow/example_dags/example_dag_decorator.py
[2023-12-27T12:18:39.875+0545] {logging_mixin.py:188} INFO - [2023-12-27T12:18:39.875+0545] {dag.py:3033} INFO - Sync 1 DAGs
[2023-12-27T12:18:39.883+0545] {logging_mixin.py:188} INFO - [2023-12-27T12:18:39.883+0545] {dag.py:3820} INFO - Setting next_dagrun for example_dag_decorator to None, run_after=None
[2023-12-27T12:18:39.902+0545] {processor.py:183} INFO - Processing /home/sarita/Documents/apache-airflow-project/.venv/lib/python3.9/site-packages/airflow/example_dags/example_dag_decorator.py took 0.193 seconds
[2023-12-27T12:39:50.863+0545] {processor.py:161} INFO - Started process (PID=15482) to work on /home/sarita/Documents/apache-airflow-project/.venv/lib/python3.9/site-packages/airflow/example_dags/example_dag_decorator.py
[2023-12-27T12:39:50.865+0545] {processor.py:830} INFO - Processing file /home/sarita/Documents/apache-airflow-project/.venv/lib/python3.9/site-packages/airflow/example_dags/example_dag_decorator.py for tasks to queue
[2023-12-27T12:39:50.866+0545] {logging_mixin.py:188} INFO - [2023-12-27T12:39:50.865+0545] {dagbag.py:538} INFO - Filling up the DagBag from /home/sarita/Documents/apache-airflow-project/.venv/lib/python3.9/site-packages/airflow/example_dags/example_dag_decorator.py
[2023-12-27T12:39:50.927+0545] {processor.py:840} INFO - DAG(s) 'example_dag_decorator' retrieved from /home/sarita/Documents/apache-airflow-project/.venv/lib/python3.9/site-packages/airflow/example_dags/example_dag_decorator.py
[2023-12-27T12:39:50.997+0545] {logging_mixin.py:188} INFO - [2023-12-27T12:39:50.997+0545] {dag.py:3033} INFO - Sync 1 DAGs
[2023-12-27T12:39:51.005+0545] {logging_mixin.py:188} INFO - [2023-12-27T12:39:51.005+0545] {dag.py:3820} INFO - Setting next_dagrun for example_dag_decorator to None, run_after=None
[2023-12-27T12:39:51.024+0545] {processor.py:183} INFO - Processing /home/sarita/Documents/apache-airflow-project/.venv/lib/python3.9/site-packages/airflow/example_dags/example_dag_decorator.py took 0.162 seconds
[2023-12-27T12:52:51.800+0545] {processor.py:161} INFO - Started process (PID=17641) to work on /home/sarita/Documents/apache-airflow-project/.venv/lib/python3.9/site-packages/airflow/example_dags/example_dag_decorator.py
[2023-12-27T12:52:51.802+0545] {processor.py:830} INFO - Processing file /home/sarita/Documents/apache-airflow-project/.venv/lib/python3.9/site-packages/airflow/example_dags/example_dag_decorator.py for tasks to queue
[2023-12-27T12:52:51.803+0545] {logging_mixin.py:188} INFO - [2023-12-27T12:52:51.803+0545] {dagbag.py:538} INFO - Filling up the DagBag from /home/sarita/Documents/apache-airflow-project/.venv/lib/python3.9/site-packages/airflow/example_dags/example_dag_decorator.py
[2023-12-27T12:52:51.871+0545] {processor.py:840} INFO - DAG(s) 'example_dag_decorator' retrieved from /home/sarita/Documents/apache-airflow-project/.venv/lib/python3.9/site-packages/airflow/example_dags/example_dag_decorator.py
[2023-12-27T12:52:51.943+0545] {logging_mixin.py:188} INFO - [2023-12-27T12:52:51.943+0545] {dag.py:3033} INFO - Sync 1 DAGs
[2023-12-27T12:52:51.952+0545] {logging_mixin.py:188} INFO - [2023-12-27T12:52:51.952+0545] {dag.py:3820} INFO - Setting next_dagrun for example_dag_decorator to None, run_after=None
[2023-12-27T12:52:51.971+0545] {processor.py:183} INFO - Processing /home/sarita/Documents/apache-airflow-project/.venv/lib/python3.9/site-packages/airflow/example_dags/example_dag_decorator.py took 0.172 seconds
