[2023-12-27T09:37:01.619+0545] {processor.py:161} INFO - Started process (PID=6928) to work on /home/sarita/Documents/apache-airflow-project/.venv/lib/python3.9/site-packages/airflow/example_dags/example_nested_branch_dag.py
[2023-12-27T09:37:01.620+0545] {processor.py:830} INFO - Processing file /home/sarita/Documents/apache-airflow-project/.venv/lib/python3.9/site-packages/airflow/example_dags/example_nested_branch_dag.py for tasks to queue
[2023-12-27T09:37:01.621+0545] {logging_mixin.py:188} INFO - [2023-12-27T09:37:01.621+0545] {dagbag.py:538} INFO - Filling up the DagBag from /home/sarita/Documents/apache-airflow-project/.venv/lib/python3.9/site-packages/airflow/example_dags/example_nested_branch_dag.py
[2023-12-27T09:37:01.635+0545] {processor.py:840} INFO - DAG(s) 'example_nested_branch_dag' retrieved from /home/sarita/Documents/apache-airflow-project/.venv/lib/python3.9/site-packages/airflow/example_dags/example_nested_branch_dag.py
[2023-12-27T09:37:01.653+0545] {logging_mixin.py:188} INFO - [2023-12-27T09:37:01.653+0545] {dag.py:3033} INFO - Sync 1 DAGs
[2023-12-27T09:37:01.669+0545] {logging_mixin.py:188} INFO - [2023-12-27T09:37:01.669+0545] {dag.py:3820} INFO - Setting next_dagrun for example_nested_branch_dag to 2023-12-26T00:00:00+00:00, run_after=2023-12-27T00:00:00+00:00
[2023-12-27T09:37:01.688+0545] {processor.py:183} INFO - Processing /home/sarita/Documents/apache-airflow-project/.venv/lib/python3.9/site-packages/airflow/example_dags/example_nested_branch_dag.py took 0.074 seconds
[2023-12-27T09:37:49.074+0545] {processor.py:161} INFO - Started process (PID=6988) to work on /home/sarita/Documents/apache-airflow-project/.venv/lib/python3.9/site-packages/airflow/example_dags/example_nested_branch_dag.py
[2023-12-27T09:37:49.078+0545] {processor.py:830} INFO - Processing file /home/sarita/Documents/apache-airflow-project/.venv/lib/python3.9/site-packages/airflow/example_dags/example_nested_branch_dag.py for tasks to queue
[2023-12-27T09:37:49.080+0545] {logging_mixin.py:188} INFO - [2023-12-27T09:37:49.079+0545] {dagbag.py:538} INFO - Filling up the DagBag from /home/sarita/Documents/apache-airflow-project/.venv/lib/python3.9/site-packages/airflow/example_dags/example_nested_branch_dag.py
[2023-12-27T09:37:49.098+0545] {processor.py:840} INFO - DAG(s) 'example_nested_branch_dag' retrieved from /home/sarita/Documents/apache-airflow-project/.venv/lib/python3.9/site-packages/airflow/example_dags/example_nested_branch_dag.py
[2023-12-27T09:37:49.113+0545] {logging_mixin.py:188} INFO - [2023-12-27T09:37:49.113+0545] {dag.py:3033} INFO - Sync 1 DAGs
[2023-12-27T09:37:49.129+0545] {logging_mixin.py:188} INFO - [2023-12-27T09:37:49.129+0545] {dag.py:3820} INFO - Setting next_dagrun for example_nested_branch_dag to 2023-12-26T00:00:00+00:00, run_after=2023-12-27T00:00:00+00:00
[2023-12-27T09:37:49.147+0545] {processor.py:183} INFO - Processing /home/sarita/Documents/apache-airflow-project/.venv/lib/python3.9/site-packages/airflow/example_dags/example_nested_branch_dag.py took 0.079 seconds
[2023-12-27T09:38:43.844+0545] {processor.py:161} INFO - Started process (PID=7107) to work on /home/sarita/Documents/apache-airflow-project/.venv/lib/python3.9/site-packages/airflow/example_dags/example_nested_branch_dag.py
[2023-12-27T09:38:43.846+0545] {processor.py:830} INFO - Processing file /home/sarita/Documents/apache-airflow-project/.venv/lib/python3.9/site-packages/airflow/example_dags/example_nested_branch_dag.py for tasks to queue
[2023-12-27T09:38:43.847+0545] {logging_mixin.py:188} INFO - [2023-12-27T09:38:43.847+0545] {dagbag.py:538} INFO - Filling up the DagBag from /home/sarita/Documents/apache-airflow-project/.venv/lib/python3.9/site-packages/airflow/example_dags/example_nested_branch_dag.py
[2023-12-27T09:38:43.859+0545] {processor.py:840} INFO - DAG(s) 'example_nested_branch_dag' retrieved from /home/sarita/Documents/apache-airflow-project/.venv/lib/python3.9/site-packages/airflow/example_dags/example_nested_branch_dag.py
[2023-12-27T09:38:43.871+0545] {logging_mixin.py:188} INFO - [2023-12-27T09:38:43.871+0545] {dag.py:3033} INFO - Sync 1 DAGs
[2023-12-27T09:38:43.888+0545] {logging_mixin.py:188} INFO - [2023-12-27T09:38:43.888+0545] {dag.py:3820} INFO - Setting next_dagrun for example_nested_branch_dag to 2023-12-26T00:00:00+00:00, run_after=2023-12-27T00:00:00+00:00
[2023-12-27T09:38:43.906+0545] {processor.py:183} INFO - Processing /home/sarita/Documents/apache-airflow-project/.venv/lib/python3.9/site-packages/airflow/example_dags/example_nested_branch_dag.py took 0.068 seconds
[2023-12-27T09:39:38.867+0545] {processor.py:161} INFO - Started process (PID=7170) to work on /home/sarita/Documents/apache-airflow-project/.venv/lib/python3.9/site-packages/airflow/example_dags/example_nested_branch_dag.py
[2023-12-27T09:39:38.871+0545] {processor.py:830} INFO - Processing file /home/sarita/Documents/apache-airflow-project/.venv/lib/python3.9/site-packages/airflow/example_dags/example_nested_branch_dag.py for tasks to queue
[2023-12-27T09:39:38.873+0545] {logging_mixin.py:188} INFO - [2023-12-27T09:39:38.872+0545] {dagbag.py:538} INFO - Filling up the DagBag from /home/sarita/Documents/apache-airflow-project/.venv/lib/python3.9/site-packages/airflow/example_dags/example_nested_branch_dag.py
[2023-12-27T09:39:38.890+0545] {processor.py:840} INFO - DAG(s) 'example_nested_branch_dag' retrieved from /home/sarita/Documents/apache-airflow-project/.venv/lib/python3.9/site-packages/airflow/example_dags/example_nested_branch_dag.py
[2023-12-27T09:39:38.904+0545] {logging_mixin.py:188} INFO - [2023-12-27T09:39:38.904+0545] {dag.py:3033} INFO - Sync 1 DAGs
[2023-12-27T09:39:38.921+0545] {logging_mixin.py:188} INFO - [2023-12-27T09:39:38.920+0545] {dag.py:3820} INFO - Setting next_dagrun for example_nested_branch_dag to 2023-12-26T00:00:00+00:00, run_after=2023-12-27T00:00:00+00:00
[2023-12-27T09:39:38.939+0545] {processor.py:183} INFO - Processing /home/sarita/Documents/apache-airflow-project/.venv/lib/python3.9/site-packages/airflow/example_dags/example_nested_branch_dag.py took 0.079 seconds
[2023-12-27T09:40:34.877+0545] {processor.py:161} INFO - Started process (PID=7279) to work on /home/sarita/Documents/apache-airflow-project/.venv/lib/python3.9/site-packages/airflow/example_dags/example_nested_branch_dag.py
[2023-12-27T09:40:34.880+0545] {processor.py:830} INFO - Processing file /home/sarita/Documents/apache-airflow-project/.venv/lib/python3.9/site-packages/airflow/example_dags/example_nested_branch_dag.py for tasks to queue
[2023-12-27T09:40:34.880+0545] {logging_mixin.py:188} INFO - [2023-12-27T09:40:34.880+0545] {dagbag.py:538} INFO - Filling up the DagBag from /home/sarita/Documents/apache-airflow-project/.venv/lib/python3.9/site-packages/airflow/example_dags/example_nested_branch_dag.py
[2023-12-27T09:40:34.887+0545] {processor.py:840} INFO - DAG(s) 'example_nested_branch_dag' retrieved from /home/sarita/Documents/apache-airflow-project/.venv/lib/python3.9/site-packages/airflow/example_dags/example_nested_branch_dag.py
[2023-12-27T09:40:34.899+0545] {logging_mixin.py:188} INFO - [2023-12-27T09:40:34.899+0545] {dag.py:3033} INFO - Sync 1 DAGs
[2023-12-27T09:40:34.915+0545] {logging_mixin.py:188} INFO - [2023-12-27T09:40:34.915+0545] {dag.py:3820} INFO - Setting next_dagrun for example_nested_branch_dag to 2023-12-26T00:00:00+00:00, run_after=2023-12-27T00:00:00+00:00
[2023-12-27T09:40:34.931+0545] {processor.py:183} INFO - Processing /home/sarita/Documents/apache-airflow-project/.venv/lib/python3.9/site-packages/airflow/example_dags/example_nested_branch_dag.py took 0.056 seconds
[2023-12-27T09:41:28.823+0545] {processor.py:161} INFO - Started process (PID=7542) to work on /home/sarita/Documents/apache-airflow-project/.venv/lib/python3.9/site-packages/airflow/example_dags/example_nested_branch_dag.py
[2023-12-27T09:41:28.825+0545] {processor.py:830} INFO - Processing file /home/sarita/Documents/apache-airflow-project/.venv/lib/python3.9/site-packages/airflow/example_dags/example_nested_branch_dag.py for tasks to queue
[2023-12-27T09:41:28.826+0545] {logging_mixin.py:188} INFO - [2023-12-27T09:41:28.826+0545] {dagbag.py:538} INFO - Filling up the DagBag from /home/sarita/Documents/apache-airflow-project/.venv/lib/python3.9/site-packages/airflow/example_dags/example_nested_branch_dag.py
[2023-12-27T09:41:28.833+0545] {processor.py:840} INFO - DAG(s) 'example_nested_branch_dag' retrieved from /home/sarita/Documents/apache-airflow-project/.venv/lib/python3.9/site-packages/airflow/example_dags/example_nested_branch_dag.py
[2023-12-27T09:41:28.845+0545] {logging_mixin.py:188} INFO - [2023-12-27T09:41:28.845+0545] {dag.py:3033} INFO - Sync 1 DAGs
[2023-12-27T09:41:28.861+0545] {logging_mixin.py:188} INFO - [2023-12-27T09:41:28.860+0545] {dag.py:3820} INFO - Setting next_dagrun for example_nested_branch_dag to 2023-12-26T00:00:00+00:00, run_after=2023-12-27T00:00:00+00:00
[2023-12-27T09:41:28.877+0545] {processor.py:183} INFO - Processing /home/sarita/Documents/apache-airflow-project/.venv/lib/python3.9/site-packages/airflow/example_dags/example_nested_branch_dag.py took 0.056 seconds
[2023-12-27T09:42:27.378+0545] {processor.py:161} INFO - Started process (PID=7765) to work on /home/sarita/Documents/apache-airflow-project/.venv/lib/python3.9/site-packages/airflow/example_dags/example_nested_branch_dag.py
[2023-12-27T09:42:27.381+0545] {processor.py:830} INFO - Processing file /home/sarita/Documents/apache-airflow-project/.venv/lib/python3.9/site-packages/airflow/example_dags/example_nested_branch_dag.py for tasks to queue
[2023-12-27T09:42:27.382+0545] {logging_mixin.py:188} INFO - [2023-12-27T09:42:27.382+0545] {dagbag.py:538} INFO - Filling up the DagBag from /home/sarita/Documents/apache-airflow-project/.venv/lib/python3.9/site-packages/airflow/example_dags/example_nested_branch_dag.py
[2023-12-27T09:42:27.400+0545] {processor.py:840} INFO - DAG(s) 'example_nested_branch_dag' retrieved from /home/sarita/Documents/apache-airflow-project/.venv/lib/python3.9/site-packages/airflow/example_dags/example_nested_branch_dag.py
[2023-12-27T09:42:27.419+0545] {logging_mixin.py:188} INFO - [2023-12-27T09:42:27.419+0545] {dag.py:3033} INFO - Sync 1 DAGs
[2023-12-27T09:42:27.435+0545] {logging_mixin.py:188} INFO - [2023-12-27T09:42:27.435+0545] {dag.py:3820} INFO - Setting next_dagrun for example_nested_branch_dag to 2023-12-26T00:00:00+00:00, run_after=2023-12-27T00:00:00+00:00
[2023-12-27T09:42:27.462+0545] {processor.py:183} INFO - Processing /home/sarita/Documents/apache-airflow-project/.venv/lib/python3.9/site-packages/airflow/example_dags/example_nested_branch_dag.py took 0.089 seconds
[2023-12-27T09:43:16.573+0545] {processor.py:161} INFO - Started process (PID=7857) to work on /home/sarita/Documents/apache-airflow-project/.venv/lib/python3.9/site-packages/airflow/example_dags/example_nested_branch_dag.py
[2023-12-27T09:43:16.576+0545] {processor.py:830} INFO - Processing file /home/sarita/Documents/apache-airflow-project/.venv/lib/python3.9/site-packages/airflow/example_dags/example_nested_branch_dag.py for tasks to queue
[2023-12-27T09:43:16.579+0545] {logging_mixin.py:188} INFO - [2023-12-27T09:43:16.578+0545] {dagbag.py:538} INFO - Filling up the DagBag from /home/sarita/Documents/apache-airflow-project/.venv/lib/python3.9/site-packages/airflow/example_dags/example_nested_branch_dag.py
[2023-12-27T09:43:16.602+0545] {processor.py:840} INFO - DAG(s) 'example_nested_branch_dag' retrieved from /home/sarita/Documents/apache-airflow-project/.venv/lib/python3.9/site-packages/airflow/example_dags/example_nested_branch_dag.py
[2023-12-27T09:43:16.618+0545] {logging_mixin.py:188} INFO - [2023-12-27T09:43:16.618+0545] {dag.py:3033} INFO - Sync 1 DAGs
[2023-12-27T09:43:16.636+0545] {logging_mixin.py:188} INFO - [2023-12-27T09:43:16.635+0545] {dag.py:3820} INFO - Setting next_dagrun for example_nested_branch_dag to 2023-12-26T00:00:00+00:00, run_after=2023-12-27T00:00:00+00:00
[2023-12-27T09:43:16.655+0545] {processor.py:183} INFO - Processing /home/sarita/Documents/apache-airflow-project/.venv/lib/python3.9/site-packages/airflow/example_dags/example_nested_branch_dag.py took 0.090 seconds
[2023-12-27T09:44:14.928+0545] {processor.py:161} INFO - Started process (PID=7937) to work on /home/sarita/Documents/apache-airflow-project/.venv/lib/python3.9/site-packages/airflow/example_dags/example_nested_branch_dag.py
[2023-12-27T09:44:14.931+0545] {processor.py:830} INFO - Processing file /home/sarita/Documents/apache-airflow-project/.venv/lib/python3.9/site-packages/airflow/example_dags/example_nested_branch_dag.py for tasks to queue
[2023-12-27T09:44:14.931+0545] {logging_mixin.py:188} INFO - [2023-12-27T09:44:14.931+0545] {dagbag.py:538} INFO - Filling up the DagBag from /home/sarita/Documents/apache-airflow-project/.venv/lib/python3.9/site-packages/airflow/example_dags/example_nested_branch_dag.py
[2023-12-27T09:44:14.939+0545] {processor.py:840} INFO - DAG(s) 'example_nested_branch_dag' retrieved from /home/sarita/Documents/apache-airflow-project/.venv/lib/python3.9/site-packages/airflow/example_dags/example_nested_branch_dag.py
[2023-12-27T09:44:14.953+0545] {logging_mixin.py:188} INFO - [2023-12-27T09:44:14.953+0545] {dag.py:3033} INFO - Sync 1 DAGs
[2023-12-27T09:44:14.970+0545] {logging_mixin.py:188} INFO - [2023-12-27T09:44:14.969+0545] {dag.py:3820} INFO - Setting next_dagrun for example_nested_branch_dag to 2023-12-26T00:00:00+00:00, run_after=2023-12-27T00:00:00+00:00
[2023-12-27T09:44:15.005+0545] {processor.py:183} INFO - Processing /home/sarita/Documents/apache-airflow-project/.venv/lib/python3.9/site-packages/airflow/example_dags/example_nested_branch_dag.py took 0.079 seconds
[2023-12-27T09:45:07.033+0545] {processor.py:161} INFO - Started process (PID=8011) to work on /home/sarita/Documents/apache-airflow-project/.venv/lib/python3.9/site-packages/airflow/example_dags/example_nested_branch_dag.py
[2023-12-27T09:45:07.037+0545] {processor.py:830} INFO - Processing file /home/sarita/Documents/apache-airflow-project/.venv/lib/python3.9/site-packages/airflow/example_dags/example_nested_branch_dag.py for tasks to queue
[2023-12-27T09:45:07.039+0545] {logging_mixin.py:188} INFO - [2023-12-27T09:45:07.038+0545] {dagbag.py:538} INFO - Filling up the DagBag from /home/sarita/Documents/apache-airflow-project/.venv/lib/python3.9/site-packages/airflow/example_dags/example_nested_branch_dag.py
[2023-12-27T09:45:07.059+0545] {processor.py:840} INFO - DAG(s) 'example_nested_branch_dag' retrieved from /home/sarita/Documents/apache-airflow-project/.venv/lib/python3.9/site-packages/airflow/example_dags/example_nested_branch_dag.py
[2023-12-27T09:45:07.074+0545] {logging_mixin.py:188} INFO - [2023-12-27T09:45:07.074+0545] {dag.py:3033} INFO - Sync 1 DAGs
[2023-12-27T09:45:07.089+0545] {logging_mixin.py:188} INFO - [2023-12-27T09:45:07.089+0545] {dag.py:3820} INFO - Setting next_dagrun for example_nested_branch_dag to 2023-12-26T00:00:00+00:00, run_after=2023-12-27T00:00:00+00:00
[2023-12-27T09:45:07.107+0545] {processor.py:183} INFO - Processing /home/sarita/Documents/apache-airflow-project/.venv/lib/python3.9/site-packages/airflow/example_dags/example_nested_branch_dag.py took 0.080 seconds
[2023-12-27T09:46:02.982+0545] {processor.py:161} INFO - Started process (PID=8472) to work on /home/sarita/Documents/apache-airflow-project/.venv/lib/python3.9/site-packages/airflow/example_dags/example_nested_branch_dag.py
[2023-12-27T09:46:02.987+0545] {processor.py:830} INFO - Processing file /home/sarita/Documents/apache-airflow-project/.venv/lib/python3.9/site-packages/airflow/example_dags/example_nested_branch_dag.py for tasks to queue
[2023-12-27T09:46:02.988+0545] {logging_mixin.py:188} INFO - [2023-12-27T09:46:02.988+0545] {dagbag.py:538} INFO - Filling up the DagBag from /home/sarita/Documents/apache-airflow-project/.venv/lib/python3.9/site-packages/airflow/example_dags/example_nested_branch_dag.py
[2023-12-27T09:46:02.998+0545] {processor.py:840} INFO - DAG(s) 'example_nested_branch_dag' retrieved from /home/sarita/Documents/apache-airflow-project/.venv/lib/python3.9/site-packages/airflow/example_dags/example_nested_branch_dag.py
[2023-12-27T09:46:03.010+0545] {logging_mixin.py:188} INFO - [2023-12-27T09:46:03.010+0545] {dag.py:3033} INFO - Sync 1 DAGs
[2023-12-27T09:46:03.027+0545] {logging_mixin.py:188} INFO - [2023-12-27T09:46:03.027+0545] {dag.py:3820} INFO - Setting next_dagrun for example_nested_branch_dag to 2023-12-26T00:00:00+00:00, run_after=2023-12-27T00:00:00+00:00
[2023-12-27T09:46:03.044+0545] {processor.py:183} INFO - Processing /home/sarita/Documents/apache-airflow-project/.venv/lib/python3.9/site-packages/airflow/example_dags/example_nested_branch_dag.py took 0.065 seconds
[2023-12-27T09:46:57.376+0545] {processor.py:161} INFO - Started process (PID=8530) to work on /home/sarita/Documents/apache-airflow-project/.venv/lib/python3.9/site-packages/airflow/example_dags/example_nested_branch_dag.py
[2023-12-27T09:46:57.379+0545] {processor.py:830} INFO - Processing file /home/sarita/Documents/apache-airflow-project/.venv/lib/python3.9/site-packages/airflow/example_dags/example_nested_branch_dag.py for tasks to queue
[2023-12-27T09:46:57.380+0545] {logging_mixin.py:188} INFO - [2023-12-27T09:46:57.380+0545] {dagbag.py:538} INFO - Filling up the DagBag from /home/sarita/Documents/apache-airflow-project/.venv/lib/python3.9/site-packages/airflow/example_dags/example_nested_branch_dag.py
[2023-12-27T09:46:57.399+0545] {processor.py:840} INFO - DAG(s) 'example_nested_branch_dag' retrieved from /home/sarita/Documents/apache-airflow-project/.venv/lib/python3.9/site-packages/airflow/example_dags/example_nested_branch_dag.py
[2023-12-27T09:46:57.415+0545] {logging_mixin.py:188} INFO - [2023-12-27T09:46:57.415+0545] {dag.py:3033} INFO - Sync 1 DAGs
[2023-12-27T09:46:57.432+0545] {logging_mixin.py:188} INFO - [2023-12-27T09:46:57.432+0545] {dag.py:3820} INFO - Setting next_dagrun for example_nested_branch_dag to 2023-12-26T00:00:00+00:00, run_after=2023-12-27T00:00:00+00:00
[2023-12-27T09:46:57.451+0545] {processor.py:183} INFO - Processing /home/sarita/Documents/apache-airflow-project/.venv/lib/python3.9/site-packages/airflow/example_dags/example_nested_branch_dag.py took 0.080 seconds
[2023-12-27T09:47:56.577+0545] {processor.py:161} INFO - Started process (PID=8609) to work on /home/sarita/Documents/apache-airflow-project/.venv/lib/python3.9/site-packages/airflow/example_dags/example_nested_branch_dag.py
[2023-12-27T09:47:56.579+0545] {processor.py:830} INFO - Processing file /home/sarita/Documents/apache-airflow-project/.venv/lib/python3.9/site-packages/airflow/example_dags/example_nested_branch_dag.py for tasks to queue
[2023-12-27T09:47:56.581+0545] {logging_mixin.py:188} INFO - [2023-12-27T09:47:56.580+0545] {dagbag.py:538} INFO - Filling up the DagBag from /home/sarita/Documents/apache-airflow-project/.venv/lib/python3.9/site-packages/airflow/example_dags/example_nested_branch_dag.py
[2023-12-27T09:47:56.597+0545] {processor.py:840} INFO - DAG(s) 'example_nested_branch_dag' retrieved from /home/sarita/Documents/apache-airflow-project/.venv/lib/python3.9/site-packages/airflow/example_dags/example_nested_branch_dag.py
[2023-12-27T09:47:56.613+0545] {logging_mixin.py:188} INFO - [2023-12-27T09:47:56.613+0545] {dag.py:3033} INFO - Sync 1 DAGs
[2023-12-27T09:47:56.629+0545] {logging_mixin.py:188} INFO - [2023-12-27T09:47:56.629+0545] {dag.py:3820} INFO - Setting next_dagrun for example_nested_branch_dag to 2023-12-26T00:00:00+00:00, run_after=2023-12-27T00:00:00+00:00
[2023-12-27T09:47:56.647+0545] {processor.py:183} INFO - Processing /home/sarita/Documents/apache-airflow-project/.venv/lib/python3.9/site-packages/airflow/example_dags/example_nested_branch_dag.py took 0.075 seconds
[2023-12-27T09:48:53.460+0545] {processor.py:161} INFO - Started process (PID=8675) to work on /home/sarita/Documents/apache-airflow-project/.venv/lib/python3.9/site-packages/airflow/example_dags/example_nested_branch_dag.py
[2023-12-27T09:48:53.463+0545] {processor.py:830} INFO - Processing file /home/sarita/Documents/apache-airflow-project/.venv/lib/python3.9/site-packages/airflow/example_dags/example_nested_branch_dag.py for tasks to queue
[2023-12-27T09:48:53.466+0545] {logging_mixin.py:188} INFO - [2023-12-27T09:48:53.465+0545] {dagbag.py:538} INFO - Filling up the DagBag from /home/sarita/Documents/apache-airflow-project/.venv/lib/python3.9/site-packages/airflow/example_dags/example_nested_branch_dag.py
[2023-12-27T09:48:53.488+0545] {processor.py:840} INFO - DAG(s) 'example_nested_branch_dag' retrieved from /home/sarita/Documents/apache-airflow-project/.venv/lib/python3.9/site-packages/airflow/example_dags/example_nested_branch_dag.py
[2023-12-27T09:48:53.503+0545] {logging_mixin.py:188} INFO - [2023-12-27T09:48:53.503+0545] {dag.py:3033} INFO - Sync 1 DAGs
[2023-12-27T09:48:53.520+0545] {logging_mixin.py:188} INFO - [2023-12-27T09:48:53.520+0545] {dag.py:3820} INFO - Setting next_dagrun for example_nested_branch_dag to 2023-12-26T00:00:00+00:00, run_after=2023-12-27T00:00:00+00:00
[2023-12-27T09:48:53.536+0545] {processor.py:183} INFO - Processing /home/sarita/Documents/apache-airflow-project/.venv/lib/python3.9/site-packages/airflow/example_dags/example_nested_branch_dag.py took 0.084 seconds
[2023-12-27T09:49:48.696+0545] {processor.py:161} INFO - Started process (PID=8734) to work on /home/sarita/Documents/apache-airflow-project/.venv/lib/python3.9/site-packages/airflow/example_dags/example_nested_branch_dag.py
[2023-12-27T09:49:48.699+0545] {processor.py:830} INFO - Processing file /home/sarita/Documents/apache-airflow-project/.venv/lib/python3.9/site-packages/airflow/example_dags/example_nested_branch_dag.py for tasks to queue
[2023-12-27T09:49:48.700+0545] {logging_mixin.py:188} INFO - [2023-12-27T09:49:48.699+0545] {dagbag.py:538} INFO - Filling up the DagBag from /home/sarita/Documents/apache-airflow-project/.venv/lib/python3.9/site-packages/airflow/example_dags/example_nested_branch_dag.py
[2023-12-27T09:49:48.712+0545] {processor.py:840} INFO - DAG(s) 'example_nested_branch_dag' retrieved from /home/sarita/Documents/apache-airflow-project/.venv/lib/python3.9/site-packages/airflow/example_dags/example_nested_branch_dag.py
[2023-12-27T09:49:48.725+0545] {logging_mixin.py:188} INFO - [2023-12-27T09:49:48.725+0545] {dag.py:3033} INFO - Sync 1 DAGs
[2023-12-27T09:49:48.742+0545] {logging_mixin.py:188} INFO - [2023-12-27T09:49:48.741+0545] {dag.py:3820} INFO - Setting next_dagrun for example_nested_branch_dag to 2023-12-26T00:00:00+00:00, run_after=2023-12-27T00:00:00+00:00
[2023-12-27T09:49:48.760+0545] {processor.py:183} INFO - Processing /home/sarita/Documents/apache-airflow-project/.venv/lib/python3.9/site-packages/airflow/example_dags/example_nested_branch_dag.py took 0.071 seconds
[2023-12-27T09:50:46.888+0545] {processor.py:161} INFO - Started process (PID=8830) to work on /home/sarita/Documents/apache-airflow-project/.venv/lib/python3.9/site-packages/airflow/example_dags/example_nested_branch_dag.py
[2023-12-27T09:50:46.901+0545] {processor.py:830} INFO - Processing file /home/sarita/Documents/apache-airflow-project/.venv/lib/python3.9/site-packages/airflow/example_dags/example_nested_branch_dag.py for tasks to queue
[2023-12-27T09:50:46.902+0545] {logging_mixin.py:188} INFO - [2023-12-27T09:50:46.902+0545] {dagbag.py:538} INFO - Filling up the DagBag from /home/sarita/Documents/apache-airflow-project/.venv/lib/python3.9/site-packages/airflow/example_dags/example_nested_branch_dag.py
[2023-12-27T09:50:46.914+0545] {processor.py:840} INFO - DAG(s) 'example_nested_branch_dag' retrieved from /home/sarita/Documents/apache-airflow-project/.venv/lib/python3.9/site-packages/airflow/example_dags/example_nested_branch_dag.py
[2023-12-27T09:50:46.932+0545] {logging_mixin.py:188} INFO - [2023-12-27T09:50:46.932+0545] {dag.py:3033} INFO - Sync 1 DAGs
[2023-12-27T09:50:46.957+0545] {logging_mixin.py:188} INFO - [2023-12-27T09:50:46.956+0545] {dag.py:3820} INFO - Setting next_dagrun for example_nested_branch_dag to 2023-12-26T00:00:00+00:00, run_after=2023-12-27T00:00:00+00:00
[2023-12-27T09:50:46.986+0545] {processor.py:183} INFO - Processing /home/sarita/Documents/apache-airflow-project/.venv/lib/python3.9/site-packages/airflow/example_dags/example_nested_branch_dag.py took 0.103 seconds
[2023-12-27T09:51:45.896+0545] {processor.py:161} INFO - Started process (PID=8907) to work on /home/sarita/Documents/apache-airflow-project/.venv/lib/python3.9/site-packages/airflow/example_dags/example_nested_branch_dag.py
[2023-12-27T09:51:45.900+0545] {processor.py:830} INFO - Processing file /home/sarita/Documents/apache-airflow-project/.venv/lib/python3.9/site-packages/airflow/example_dags/example_nested_branch_dag.py for tasks to queue
[2023-12-27T09:51:45.902+0545] {logging_mixin.py:188} INFO - [2023-12-27T09:51:45.901+0545] {dagbag.py:538} INFO - Filling up the DagBag from /home/sarita/Documents/apache-airflow-project/.venv/lib/python3.9/site-packages/airflow/example_dags/example_nested_branch_dag.py
[2023-12-27T09:51:45.919+0545] {processor.py:840} INFO - DAG(s) 'example_nested_branch_dag' retrieved from /home/sarita/Documents/apache-airflow-project/.venv/lib/python3.9/site-packages/airflow/example_dags/example_nested_branch_dag.py
[2023-12-27T09:51:45.933+0545] {logging_mixin.py:188} INFO - [2023-12-27T09:51:45.933+0545] {dag.py:3033} INFO - Sync 1 DAGs
[2023-12-27T09:51:45.949+0545] {logging_mixin.py:188} INFO - [2023-12-27T09:51:45.949+0545] {dag.py:3820} INFO - Setting next_dagrun for example_nested_branch_dag to 2023-12-26T00:00:00+00:00, run_after=2023-12-27T00:00:00+00:00
[2023-12-27T09:51:45.968+0545] {processor.py:183} INFO - Processing /home/sarita/Documents/apache-airflow-project/.venv/lib/python3.9/site-packages/airflow/example_dags/example_nested_branch_dag.py took 0.080 seconds
[2023-12-27T12:17:37.233+0545] {processor.py:161} INFO - Started process (PID=13499) to work on /home/sarita/Documents/apache-airflow-project/.venv/lib/python3.9/site-packages/airflow/example_dags/example_nested_branch_dag.py
[2023-12-27T12:17:37.237+0545] {processor.py:830} INFO - Processing file /home/sarita/Documents/apache-airflow-project/.venv/lib/python3.9/site-packages/airflow/example_dags/example_nested_branch_dag.py for tasks to queue
[2023-12-27T12:17:37.239+0545] {logging_mixin.py:188} INFO - [2023-12-27T12:17:37.238+0545] {dagbag.py:538} INFO - Filling up the DagBag from /home/sarita/Documents/apache-airflow-project/.venv/lib/python3.9/site-packages/airflow/example_dags/example_nested_branch_dag.py
[2023-12-27T12:17:37.262+0545] {processor.py:840} INFO - DAG(s) 'example_nested_branch_dag' retrieved from /home/sarita/Documents/apache-airflow-project/.venv/lib/python3.9/site-packages/airflow/example_dags/example_nested_branch_dag.py
[2023-12-27T12:17:37.279+0545] {logging_mixin.py:188} INFO - [2023-12-27T12:17:37.279+0545] {dag.py:3033} INFO - Sync 1 DAGs
[2023-12-27T12:17:37.295+0545] {logging_mixin.py:188} INFO - [2023-12-27T12:17:37.295+0545] {dag.py:3820} INFO - Setting next_dagrun for example_nested_branch_dag to 2023-12-26T00:00:00+00:00, run_after=2023-12-27T00:00:00+00:00
[2023-12-27T12:17:37.321+0545] {processor.py:183} INFO - Processing /home/sarita/Documents/apache-airflow-project/.venv/lib/python3.9/site-packages/airflow/example_dags/example_nested_branch_dag.py took 0.095 seconds
[2023-12-27T12:39:41.444+0545] {processor.py:161} INFO - Started process (PID=15428) to work on /home/sarita/Documents/apache-airflow-project/.venv/lib/python3.9/site-packages/airflow/example_dags/example_nested_branch_dag.py
[2023-12-27T12:39:41.448+0545] {processor.py:830} INFO - Processing file /home/sarita/Documents/apache-airflow-project/.venv/lib/python3.9/site-packages/airflow/example_dags/example_nested_branch_dag.py for tasks to queue
[2023-12-27T12:39:41.451+0545] {logging_mixin.py:188} INFO - [2023-12-27T12:39:41.451+0545] {dagbag.py:538} INFO - Filling up the DagBag from /home/sarita/Documents/apache-airflow-project/.venv/lib/python3.9/site-packages/airflow/example_dags/example_nested_branch_dag.py
[2023-12-27T12:39:41.466+0545] {processor.py:840} INFO - DAG(s) 'example_nested_branch_dag' retrieved from /home/sarita/Documents/apache-airflow-project/.venv/lib/python3.9/site-packages/airflow/example_dags/example_nested_branch_dag.py
[2023-12-27T12:39:41.481+0545] {logging_mixin.py:188} INFO - [2023-12-27T12:39:41.481+0545] {dag.py:3033} INFO - Sync 1 DAGs
[2023-12-27T12:39:41.498+0545] {logging_mixin.py:188} INFO - [2023-12-27T12:39:41.498+0545] {dag.py:3820} INFO - Setting next_dagrun for example_nested_branch_dag to 2023-12-26T00:00:00+00:00, run_after=2023-12-27T00:00:00+00:00
[2023-12-27T12:39:41.612+0545] {processor.py:183} INFO - Processing /home/sarita/Documents/apache-airflow-project/.venv/lib/python3.9/site-packages/airflow/example_dags/example_nested_branch_dag.py took 0.178 seconds
[2023-12-27T12:47:16.699+0545] {processor.py:161} INFO - Started process (PID=17195) to work on /home/sarita/Documents/apache-airflow-project/.venv/lib/python3.9/site-packages/airflow/example_dags/example_nested_branch_dag.py
[2023-12-27T12:47:16.699+0545] {processor.py:830} INFO - Processing file /home/sarita/Documents/apache-airflow-project/.venv/lib/python3.9/site-packages/airflow/example_dags/example_nested_branch_dag.py for tasks to queue
[2023-12-27T12:47:16.700+0545] {logging_mixin.py:188} INFO - [2023-12-27T12:47:16.700+0545] {dagbag.py:538} INFO - Filling up the DagBag from /home/sarita/Documents/apache-airflow-project/.venv/lib/python3.9/site-packages/airflow/example_dags/example_nested_branch_dag.py
[2023-12-27T12:47:16.708+0545] {processor.py:840} INFO - DAG(s) 'example_nested_branch_dag' retrieved from /home/sarita/Documents/apache-airflow-project/.venv/lib/python3.9/site-packages/airflow/example_dags/example_nested_branch_dag.py
[2023-12-27T12:47:16.721+0545] {logging_mixin.py:188} INFO - [2023-12-27T12:47:16.721+0545] {dag.py:3033} INFO - Sync 1 DAGs
[2023-12-27T12:47:16.739+0545] {logging_mixin.py:188} INFO - [2023-12-27T12:47:16.739+0545] {dag.py:3820} INFO - Setting next_dagrun for example_nested_branch_dag to 2023-12-26T00:00:00+00:00, run_after=2023-12-27T00:00:00+00:00
[2023-12-27T12:47:16.757+0545] {processor.py:183} INFO - Processing /home/sarita/Documents/apache-airflow-project/.venv/lib/python3.9/site-packages/airflow/example_dags/example_nested_branch_dag.py took 0.061 seconds
[2023-12-27T12:52:41.646+0545] {processor.py:161} INFO - Started process (PID=17625) to work on /home/sarita/Documents/apache-airflow-project/.venv/lib/python3.9/site-packages/airflow/example_dags/example_nested_branch_dag.py
[2023-12-27T12:52:41.650+0545] {processor.py:830} INFO - Processing file /home/sarita/Documents/apache-airflow-project/.venv/lib/python3.9/site-packages/airflow/example_dags/example_nested_branch_dag.py for tasks to queue
[2023-12-27T12:52:41.652+0545] {logging_mixin.py:188} INFO - [2023-12-27T12:52:41.651+0545] {dagbag.py:538} INFO - Filling up the DagBag from /home/sarita/Documents/apache-airflow-project/.venv/lib/python3.9/site-packages/airflow/example_dags/example_nested_branch_dag.py
[2023-12-27T12:52:41.670+0545] {processor.py:840} INFO - DAG(s) 'example_nested_branch_dag' retrieved from /home/sarita/Documents/apache-airflow-project/.venv/lib/python3.9/site-packages/airflow/example_dags/example_nested_branch_dag.py
[2023-12-27T12:52:41.686+0545] {logging_mixin.py:188} INFO - [2023-12-27T12:52:41.686+0545] {dag.py:3033} INFO - Sync 1 DAGs
[2023-12-27T12:52:41.702+0545] {logging_mixin.py:188} INFO - [2023-12-27T12:52:41.702+0545] {dag.py:3820} INFO - Setting next_dagrun for example_nested_branch_dag to 2023-12-26T00:00:00+00:00, run_after=2023-12-27T00:00:00+00:00
[2023-12-27T12:52:41.720+0545] {processor.py:183} INFO - Processing /home/sarita/Documents/apache-airflow-project/.venv/lib/python3.9/site-packages/airflow/example_dags/example_nested_branch_dag.py took 0.081 seconds
[2023-12-27T12:53:31.942+0545] {processor.py:161} INFO - Started process (PID=17752) to work on /home/sarita/Documents/apache-airflow-project/.venv/lib/python3.9/site-packages/airflow/example_dags/example_nested_branch_dag.py
[2023-12-27T12:53:31.944+0545] {processor.py:830} INFO - Processing file /home/sarita/Documents/apache-airflow-project/.venv/lib/python3.9/site-packages/airflow/example_dags/example_nested_branch_dag.py for tasks to queue
[2023-12-27T12:53:31.945+0545] {logging_mixin.py:188} INFO - [2023-12-27T12:53:31.944+0545] {dagbag.py:538} INFO - Filling up the DagBag from /home/sarita/Documents/apache-airflow-project/.venv/lib/python3.9/site-packages/airflow/example_dags/example_nested_branch_dag.py
[2023-12-27T12:53:31.952+0545] {processor.py:840} INFO - DAG(s) 'example_nested_branch_dag' retrieved from /home/sarita/Documents/apache-airflow-project/.venv/lib/python3.9/site-packages/airflow/example_dags/example_nested_branch_dag.py
[2023-12-27T12:53:31.965+0545] {logging_mixin.py:188} INFO - [2023-12-27T12:53:31.965+0545] {dag.py:3033} INFO - Sync 1 DAGs
[2023-12-27T12:53:31.989+0545] {logging_mixin.py:188} INFO - [2023-12-27T12:53:31.989+0545] {dag.py:3820} INFO - Setting next_dagrun for example_nested_branch_dag to 2023-12-26T00:00:00+00:00, run_after=2023-12-27T00:00:00+00:00
[2023-12-27T12:53:32.013+0545] {processor.py:183} INFO - Processing /home/sarita/Documents/apache-airflow-project/.venv/lib/python3.9/site-packages/airflow/example_dags/example_nested_branch_dag.py took 0.073 seconds
