[2023-12-27T09:36:59.083+0545] {processor.py:161} INFO - Started process (PID=6922) to work on /home/sarita/Documents/apache-airflow-project/.venv/lib/python3.9/site-packages/airflow/example_dags/example_short_circuit_operator.py
[2023-12-27T09:36:59.086+0545] {processor.py:830} INFO - Processing file /home/sarita/Documents/apache-airflow-project/.venv/lib/python3.9/site-packages/airflow/example_dags/example_short_circuit_operator.py for tasks to queue
[2023-12-27T09:36:59.088+0545] {logging_mixin.py:188} INFO - [2023-12-27T09:36:59.087+0545] {dagbag.py:538} INFO - Filling up the DagBag from /home/sarita/Documents/apache-airflow-project/.venv/lib/python3.9/site-packages/airflow/example_dags/example_short_circuit_operator.py
[2023-12-27T09:36:59.103+0545] {processor.py:840} INFO - DAG(s) 'example_short_circuit_operator' retrieved from /home/sarita/Documents/apache-airflow-project/.venv/lib/python3.9/site-packages/airflow/example_dags/example_short_circuit_operator.py
[2023-12-27T09:36:59.121+0545] {logging_mixin.py:188} INFO - [2023-12-27T09:36:59.121+0545] {dag.py:3033} INFO - Sync 1 DAGs
[2023-12-27T09:36:59.137+0545] {logging_mixin.py:188} INFO - [2023-12-27T09:36:59.137+0545] {dag.py:3820} INFO - Setting next_dagrun for example_short_circuit_operator to 2023-12-26T00:00:00+00:00, run_after=2023-12-27T00:00:00+00:00
[2023-12-27T09:36:59.166+0545] {processor.py:183} INFO - Processing /home/sarita/Documents/apache-airflow-project/.venv/lib/python3.9/site-packages/airflow/example_dags/example_short_circuit_operator.py took 0.091 seconds
[2023-12-27T09:37:45.695+0545] {processor.py:161} INFO - Started process (PID=6978) to work on /home/sarita/Documents/apache-airflow-project/.venv/lib/python3.9/site-packages/airflow/example_dags/example_short_circuit_operator.py
[2023-12-27T09:37:45.698+0545] {processor.py:830} INFO - Processing file /home/sarita/Documents/apache-airflow-project/.venv/lib/python3.9/site-packages/airflow/example_dags/example_short_circuit_operator.py for tasks to queue
[2023-12-27T09:37:45.700+0545] {logging_mixin.py:188} INFO - [2023-12-27T09:37:45.699+0545] {dagbag.py:538} INFO - Filling up the DagBag from /home/sarita/Documents/apache-airflow-project/.venv/lib/python3.9/site-packages/airflow/example_dags/example_short_circuit_operator.py
[2023-12-27T09:37:45.717+0545] {processor.py:840} INFO - DAG(s) 'example_short_circuit_operator' retrieved from /home/sarita/Documents/apache-airflow-project/.venv/lib/python3.9/site-packages/airflow/example_dags/example_short_circuit_operator.py
[2023-12-27T09:37:45.735+0545] {logging_mixin.py:188} INFO - [2023-12-27T09:37:45.735+0545] {dag.py:3033} INFO - Sync 1 DAGs
[2023-12-27T09:37:45.752+0545] {logging_mixin.py:188} INFO - [2023-12-27T09:37:45.751+0545] {dag.py:3820} INFO - Setting next_dagrun for example_short_circuit_operator to 2023-12-26T00:00:00+00:00, run_after=2023-12-27T00:00:00+00:00
[2023-12-27T09:37:45.770+0545] {processor.py:183} INFO - Processing /home/sarita/Documents/apache-airflow-project/.venv/lib/python3.9/site-packages/airflow/example_dags/example_short_circuit_operator.py took 0.082 seconds
[2023-12-27T09:38:40.672+0545] {processor.py:161} INFO - Started process (PID=7104) to work on /home/sarita/Documents/apache-airflow-project/.venv/lib/python3.9/site-packages/airflow/example_dags/example_short_circuit_operator.py
[2023-12-27T09:38:40.676+0545] {processor.py:830} INFO - Processing file /home/sarita/Documents/apache-airflow-project/.venv/lib/python3.9/site-packages/airflow/example_dags/example_short_circuit_operator.py for tasks to queue
[2023-12-27T09:38:40.678+0545] {logging_mixin.py:188} INFO - [2023-12-27T09:38:40.677+0545] {dagbag.py:538} INFO - Filling up the DagBag from /home/sarita/Documents/apache-airflow-project/.venv/lib/python3.9/site-packages/airflow/example_dags/example_short_circuit_operator.py
[2023-12-27T09:38:40.693+0545] {processor.py:840} INFO - DAG(s) 'example_short_circuit_operator' retrieved from /home/sarita/Documents/apache-airflow-project/.venv/lib/python3.9/site-packages/airflow/example_dags/example_short_circuit_operator.py
[2023-12-27T09:38:40.728+0545] {logging_mixin.py:188} INFO - [2023-12-27T09:38:40.728+0545] {dag.py:3033} INFO - Sync 1 DAGs
[2023-12-27T09:38:40.753+0545] {logging_mixin.py:188} INFO - [2023-12-27T09:38:40.752+0545] {dag.py:3820} INFO - Setting next_dagrun for example_short_circuit_operator to 2023-12-26T00:00:00+00:00, run_after=2023-12-27T00:00:00+00:00
[2023-12-27T09:38:40.774+0545] {processor.py:183} INFO - Processing /home/sarita/Documents/apache-airflow-project/.venv/lib/python3.9/site-packages/airflow/example_dags/example_short_circuit_operator.py took 0.110 seconds
[2023-12-27T09:39:35.418+0545] {processor.py:161} INFO - Started process (PID=7167) to work on /home/sarita/Documents/apache-airflow-project/.venv/lib/python3.9/site-packages/airflow/example_dags/example_short_circuit_operator.py
[2023-12-27T09:39:35.421+0545] {processor.py:830} INFO - Processing file /home/sarita/Documents/apache-airflow-project/.venv/lib/python3.9/site-packages/airflow/example_dags/example_short_circuit_operator.py for tasks to queue
[2023-12-27T09:39:35.423+0545] {logging_mixin.py:188} INFO - [2023-12-27T09:39:35.422+0545] {dagbag.py:538} INFO - Filling up the DagBag from /home/sarita/Documents/apache-airflow-project/.venv/lib/python3.9/site-packages/airflow/example_dags/example_short_circuit_operator.py
[2023-12-27T09:39:35.439+0545] {processor.py:840} INFO - DAG(s) 'example_short_circuit_operator' retrieved from /home/sarita/Documents/apache-airflow-project/.venv/lib/python3.9/site-packages/airflow/example_dags/example_short_circuit_operator.py
[2023-12-27T09:39:35.457+0545] {logging_mixin.py:188} INFO - [2023-12-27T09:39:35.457+0545] {dag.py:3033} INFO - Sync 1 DAGs
[2023-12-27T09:39:35.472+0545] {logging_mixin.py:188} INFO - [2023-12-27T09:39:35.472+0545] {dag.py:3820} INFO - Setting next_dagrun for example_short_circuit_operator to 2023-12-26T00:00:00+00:00, run_after=2023-12-27T00:00:00+00:00
[2023-12-27T09:39:35.489+0545] {processor.py:183} INFO - Processing /home/sarita/Documents/apache-airflow-project/.venv/lib/python3.9/site-packages/airflow/example_dags/example_short_circuit_operator.py took 0.078 seconds
[2023-12-27T09:40:27.042+0545] {processor.py:161} INFO - Started process (PID=7265) to work on /home/sarita/Documents/apache-airflow-project/.venv/lib/python3.9/site-packages/airflow/example_dags/example_short_circuit_operator.py
[2023-12-27T09:40:27.043+0545] {processor.py:830} INFO - Processing file /home/sarita/Documents/apache-airflow-project/.venv/lib/python3.9/site-packages/airflow/example_dags/example_short_circuit_operator.py for tasks to queue
[2023-12-27T09:40:27.044+0545] {logging_mixin.py:188} INFO - [2023-12-27T09:40:27.044+0545] {dagbag.py:538} INFO - Filling up the DagBag from /home/sarita/Documents/apache-airflow-project/.venv/lib/python3.9/site-packages/airflow/example_dags/example_short_circuit_operator.py
[2023-12-27T09:40:27.051+0545] {processor.py:840} INFO - DAG(s) 'example_short_circuit_operator' retrieved from /home/sarita/Documents/apache-airflow-project/.venv/lib/python3.9/site-packages/airflow/example_dags/example_short_circuit_operator.py
[2023-12-27T09:40:27.069+0545] {logging_mixin.py:188} INFO - [2023-12-27T09:40:27.069+0545] {dag.py:3033} INFO - Sync 1 DAGs
[2023-12-27T09:40:27.089+0545] {logging_mixin.py:188} INFO - [2023-12-27T09:40:27.089+0545] {dag.py:3820} INFO - Setting next_dagrun for example_short_circuit_operator to 2023-12-26T00:00:00+00:00, run_after=2023-12-27T00:00:00+00:00
[2023-12-27T09:40:27.113+0545] {processor.py:183} INFO - Processing /home/sarita/Documents/apache-airflow-project/.venv/lib/python3.9/site-packages/airflow/example_dags/example_short_circuit_operator.py took 0.074 seconds
[2023-12-27T09:41:17.469+0545] {processor.py:161} INFO - Started process (PID=7519) to work on /home/sarita/Documents/apache-airflow-project/.venv/lib/python3.9/site-packages/airflow/example_dags/example_short_circuit_operator.py
[2023-12-27T09:41:17.472+0545] {processor.py:830} INFO - Processing file /home/sarita/Documents/apache-airflow-project/.venv/lib/python3.9/site-packages/airflow/example_dags/example_short_circuit_operator.py for tasks to queue
[2023-12-27T09:41:17.474+0545] {logging_mixin.py:188} INFO - [2023-12-27T09:41:17.473+0545] {dagbag.py:538} INFO - Filling up the DagBag from /home/sarita/Documents/apache-airflow-project/.venv/lib/python3.9/site-packages/airflow/example_dags/example_short_circuit_operator.py
[2023-12-27T09:41:17.492+0545] {processor.py:840} INFO - DAG(s) 'example_short_circuit_operator' retrieved from /home/sarita/Documents/apache-airflow-project/.venv/lib/python3.9/site-packages/airflow/example_dags/example_short_circuit_operator.py
[2023-12-27T09:41:17.512+0545] {logging_mixin.py:188} INFO - [2023-12-27T09:41:17.512+0545] {dag.py:3033} INFO - Sync 1 DAGs
[2023-12-27T09:41:17.528+0545] {logging_mixin.py:188} INFO - [2023-12-27T09:41:17.527+0545] {dag.py:3820} INFO - Setting next_dagrun for example_short_circuit_operator to 2023-12-26T00:00:00+00:00, run_after=2023-12-27T00:00:00+00:00
[2023-12-27T09:41:17.546+0545] {processor.py:183} INFO - Processing /home/sarita/Documents/apache-airflow-project/.venv/lib/python3.9/site-packages/airflow/example_dags/example_short_circuit_operator.py took 0.080 seconds
[2023-12-27T09:42:14.577+0545] {processor.py:161} INFO - Started process (PID=7752) to work on /home/sarita/Documents/apache-airflow-project/.venv/lib/python3.9/site-packages/airflow/example_dags/example_short_circuit_operator.py
[2023-12-27T09:42:14.580+0545] {processor.py:830} INFO - Processing file /home/sarita/Documents/apache-airflow-project/.venv/lib/python3.9/site-packages/airflow/example_dags/example_short_circuit_operator.py for tasks to queue
[2023-12-27T09:42:14.581+0545] {logging_mixin.py:188} INFO - [2023-12-27T09:42:14.581+0545] {dagbag.py:538} INFO - Filling up the DagBag from /home/sarita/Documents/apache-airflow-project/.venv/lib/python3.9/site-packages/airflow/example_dags/example_short_circuit_operator.py
[2023-12-27T09:42:14.590+0545] {processor.py:840} INFO - DAG(s) 'example_short_circuit_operator' retrieved from /home/sarita/Documents/apache-airflow-project/.venv/lib/python3.9/site-packages/airflow/example_dags/example_short_circuit_operator.py
[2023-12-27T09:42:14.606+0545] {logging_mixin.py:188} INFO - [2023-12-27T09:42:14.606+0545] {dag.py:3033} INFO - Sync 1 DAGs
[2023-12-27T09:42:14.621+0545] {logging_mixin.py:188} INFO - [2023-12-27T09:42:14.621+0545] {dag.py:3820} INFO - Setting next_dagrun for example_short_circuit_operator to 2023-12-26T00:00:00+00:00, run_after=2023-12-27T00:00:00+00:00
[2023-12-27T09:42:14.638+0545] {processor.py:183} INFO - Processing /home/sarita/Documents/apache-airflow-project/.venv/lib/python3.9/site-packages/airflow/example_dags/example_short_circuit_operator.py took 0.067 seconds
[2023-12-27T09:43:05.334+0545] {processor.py:161} INFO - Started process (PID=7842) to work on /home/sarita/Documents/apache-airflow-project/.venv/lib/python3.9/site-packages/airflow/example_dags/example_short_circuit_operator.py
[2023-12-27T09:43:05.336+0545] {processor.py:830} INFO - Processing file /home/sarita/Documents/apache-airflow-project/.venv/lib/python3.9/site-packages/airflow/example_dags/example_short_circuit_operator.py for tasks to queue
[2023-12-27T09:43:05.337+0545] {logging_mixin.py:188} INFO - [2023-12-27T09:43:05.337+0545] {dagbag.py:538} INFO - Filling up the DagBag from /home/sarita/Documents/apache-airflow-project/.venv/lib/python3.9/site-packages/airflow/example_dags/example_short_circuit_operator.py
[2023-12-27T09:43:05.343+0545] {processor.py:840} INFO - DAG(s) 'example_short_circuit_operator' retrieved from /home/sarita/Documents/apache-airflow-project/.venv/lib/python3.9/site-packages/airflow/example_dags/example_short_circuit_operator.py
[2023-12-27T09:43:05.356+0545] {logging_mixin.py:188} INFO - [2023-12-27T09:43:05.356+0545] {dag.py:3033} INFO - Sync 1 DAGs
[2023-12-27T09:43:05.373+0545] {logging_mixin.py:188} INFO - [2023-12-27T09:43:05.373+0545] {dag.py:3820} INFO - Setting next_dagrun for example_short_circuit_operator to 2023-12-26T00:00:00+00:00, run_after=2023-12-27T00:00:00+00:00
[2023-12-27T09:43:05.390+0545] {processor.py:183} INFO - Processing /home/sarita/Documents/apache-airflow-project/.venv/lib/python3.9/site-packages/airflow/example_dags/example_short_circuit_operator.py took 0.058 seconds
[2023-12-27T09:44:00.653+0545] {processor.py:161} INFO - Started process (PID=7918) to work on /home/sarita/Documents/apache-airflow-project/.venv/lib/python3.9/site-packages/airflow/example_dags/example_short_circuit_operator.py
[2023-12-27T09:44:00.656+0545] {processor.py:830} INFO - Processing file /home/sarita/Documents/apache-airflow-project/.venv/lib/python3.9/site-packages/airflow/example_dags/example_short_circuit_operator.py for tasks to queue
[2023-12-27T09:44:00.659+0545] {logging_mixin.py:188} INFO - [2023-12-27T09:44:00.658+0545] {dagbag.py:538} INFO - Filling up the DagBag from /home/sarita/Documents/apache-airflow-project/.venv/lib/python3.9/site-packages/airflow/example_dags/example_short_circuit_operator.py
[2023-12-27T09:44:00.676+0545] {processor.py:840} INFO - DAG(s) 'example_short_circuit_operator' retrieved from /home/sarita/Documents/apache-airflow-project/.venv/lib/python3.9/site-packages/airflow/example_dags/example_short_circuit_operator.py
[2023-12-27T09:44:00.695+0545] {logging_mixin.py:188} INFO - [2023-12-27T09:44:00.695+0545] {dag.py:3033} INFO - Sync 1 DAGs
[2023-12-27T09:44:00.710+0545] {logging_mixin.py:188} INFO - [2023-12-27T09:44:00.710+0545] {dag.py:3820} INFO - Setting next_dagrun for example_short_circuit_operator to 2023-12-26T00:00:00+00:00, run_after=2023-12-27T00:00:00+00:00
[2023-12-27T09:44:00.729+0545] {processor.py:183} INFO - Processing /home/sarita/Documents/apache-airflow-project/.venv/lib/python3.9/site-packages/airflow/example_dags/example_short_circuit_operator.py took 0.083 seconds
[2023-12-27T09:44:55.733+0545] {processor.py:161} INFO - Started process (PID=7991) to work on /home/sarita/Documents/apache-airflow-project/.venv/lib/python3.9/site-packages/airflow/example_dags/example_short_circuit_operator.py
[2023-12-27T09:44:55.735+0545] {processor.py:830} INFO - Processing file /home/sarita/Documents/apache-airflow-project/.venv/lib/python3.9/site-packages/airflow/example_dags/example_short_circuit_operator.py for tasks to queue
[2023-12-27T09:44:55.736+0545] {logging_mixin.py:188} INFO - [2023-12-27T09:44:55.736+0545] {dagbag.py:538} INFO - Filling up the DagBag from /home/sarita/Documents/apache-airflow-project/.venv/lib/python3.9/site-packages/airflow/example_dags/example_short_circuit_operator.py
[2023-12-27T09:44:55.744+0545] {processor.py:840} INFO - DAG(s) 'example_short_circuit_operator' retrieved from /home/sarita/Documents/apache-airflow-project/.venv/lib/python3.9/site-packages/airflow/example_dags/example_short_circuit_operator.py
[2023-12-27T09:44:55.760+0545] {logging_mixin.py:188} INFO - [2023-12-27T09:44:55.760+0545] {dag.py:3033} INFO - Sync 1 DAGs
[2023-12-27T09:44:55.776+0545] {logging_mixin.py:188} INFO - [2023-12-27T09:44:55.776+0545] {dag.py:3820} INFO - Setting next_dagrun for example_short_circuit_operator to 2023-12-26T00:00:00+00:00, run_after=2023-12-27T00:00:00+00:00
[2023-12-27T09:44:55.794+0545] {processor.py:183} INFO - Processing /home/sarita/Documents/apache-airflow-project/.venv/lib/python3.9/site-packages/airflow/example_dags/example_short_circuit_operator.py took 0.064 seconds
[2023-12-27T09:45:51.563+0545] {processor.py:161} INFO - Started process (PID=8452) to work on /home/sarita/Documents/apache-airflow-project/.venv/lib/python3.9/site-packages/airflow/example_dags/example_short_circuit_operator.py
[2023-12-27T09:45:51.566+0545] {processor.py:830} INFO - Processing file /home/sarita/Documents/apache-airflow-project/.venv/lib/python3.9/site-packages/airflow/example_dags/example_short_circuit_operator.py for tasks to queue
[2023-12-27T09:45:51.569+0545] {logging_mixin.py:188} INFO - [2023-12-27T09:45:51.568+0545] {dagbag.py:538} INFO - Filling up the DagBag from /home/sarita/Documents/apache-airflow-project/.venv/lib/python3.9/site-packages/airflow/example_dags/example_short_circuit_operator.py
[2023-12-27T09:45:51.584+0545] {processor.py:840} INFO - DAG(s) 'example_short_circuit_operator' retrieved from /home/sarita/Documents/apache-airflow-project/.venv/lib/python3.9/site-packages/airflow/example_dags/example_short_circuit_operator.py
[2023-12-27T09:45:51.600+0545] {logging_mixin.py:188} INFO - [2023-12-27T09:45:51.600+0545] {dag.py:3033} INFO - Sync 1 DAGs
[2023-12-27T09:45:51.616+0545] {logging_mixin.py:188} INFO - [2023-12-27T09:45:51.616+0545] {dag.py:3820} INFO - Setting next_dagrun for example_short_circuit_operator to 2023-12-26T00:00:00+00:00, run_after=2023-12-27T00:00:00+00:00
[2023-12-27T09:45:51.643+0545] {processor.py:183} INFO - Processing /home/sarita/Documents/apache-airflow-project/.venv/lib/python3.9/site-packages/airflow/example_dags/example_short_circuit_operator.py took 0.088 seconds
[2023-12-27T09:46:44.903+0545] {processor.py:161} INFO - Started process (PID=8518) to work on /home/sarita/Documents/apache-airflow-project/.venv/lib/python3.9/site-packages/airflow/example_dags/example_short_circuit_operator.py
[2023-12-27T09:46:44.906+0545] {processor.py:830} INFO - Processing file /home/sarita/Documents/apache-airflow-project/.venv/lib/python3.9/site-packages/airflow/example_dags/example_short_circuit_operator.py for tasks to queue
[2023-12-27T09:46:44.908+0545] {logging_mixin.py:188} INFO - [2023-12-27T09:46:44.907+0545] {dagbag.py:538} INFO - Filling up the DagBag from /home/sarita/Documents/apache-airflow-project/.venv/lib/python3.9/site-packages/airflow/example_dags/example_short_circuit_operator.py
[2023-12-27T09:46:44.920+0545] {processor.py:840} INFO - DAG(s) 'example_short_circuit_operator' retrieved from /home/sarita/Documents/apache-airflow-project/.venv/lib/python3.9/site-packages/airflow/example_dags/example_short_circuit_operator.py
[2023-12-27T09:46:44.937+0545] {logging_mixin.py:188} INFO - [2023-12-27T09:46:44.937+0545] {dag.py:3033} INFO - Sync 1 DAGs
[2023-12-27T09:46:44.952+0545] {logging_mixin.py:188} INFO - [2023-12-27T09:46:44.952+0545] {dag.py:3820} INFO - Setting next_dagrun for example_short_circuit_operator to 2023-12-26T00:00:00+00:00, run_after=2023-12-27T00:00:00+00:00
[2023-12-27T09:46:44.970+0545] {processor.py:183} INFO - Processing /home/sarita/Documents/apache-airflow-project/.venv/lib/python3.9/site-packages/airflow/example_dags/example_short_circuit_operator.py took 0.072 seconds
[2023-12-27T09:47:43.966+0545] {processor.py:161} INFO - Started process (PID=8596) to work on /home/sarita/Documents/apache-airflow-project/.venv/lib/python3.9/site-packages/airflow/example_dags/example_short_circuit_operator.py
[2023-12-27T09:47:43.968+0545] {processor.py:830} INFO - Processing file /home/sarita/Documents/apache-airflow-project/.venv/lib/python3.9/site-packages/airflow/example_dags/example_short_circuit_operator.py for tasks to queue
[2023-12-27T09:47:43.969+0545] {logging_mixin.py:188} INFO - [2023-12-27T09:47:43.969+0545] {dagbag.py:538} INFO - Filling up the DagBag from /home/sarita/Documents/apache-airflow-project/.venv/lib/python3.9/site-packages/airflow/example_dags/example_short_circuit_operator.py
[2023-12-27T09:47:43.978+0545] {processor.py:840} INFO - DAG(s) 'example_short_circuit_operator' retrieved from /home/sarita/Documents/apache-airflow-project/.venv/lib/python3.9/site-packages/airflow/example_dags/example_short_circuit_operator.py
[2023-12-27T09:47:43.996+0545] {logging_mixin.py:188} INFO - [2023-12-27T09:47:43.995+0545] {dag.py:3033} INFO - Sync 1 DAGs
[2023-12-27T09:47:44.012+0545] {logging_mixin.py:188} INFO - [2023-12-27T09:47:44.012+0545] {dag.py:3820} INFO - Setting next_dagrun for example_short_circuit_operator to 2023-12-26T00:00:00+00:00, run_after=2023-12-27T00:00:00+00:00
[2023-12-27T09:47:44.032+0545] {processor.py:183} INFO - Processing /home/sarita/Documents/apache-airflow-project/.venv/lib/python3.9/site-packages/airflow/example_dags/example_short_circuit_operator.py took 0.069 seconds
[2023-12-27T09:48:41.345+0545] {processor.py:161} INFO - Started process (PID=8663) to work on /home/sarita/Documents/apache-airflow-project/.venv/lib/python3.9/site-packages/airflow/example_dags/example_short_circuit_operator.py
[2023-12-27T09:48:41.348+0545] {processor.py:830} INFO - Processing file /home/sarita/Documents/apache-airflow-project/.venv/lib/python3.9/site-packages/airflow/example_dags/example_short_circuit_operator.py for tasks to queue
[2023-12-27T09:48:41.348+0545] {logging_mixin.py:188} INFO - [2023-12-27T09:48:41.348+0545] {dagbag.py:538} INFO - Filling up the DagBag from /home/sarita/Documents/apache-airflow-project/.venv/lib/python3.9/site-packages/airflow/example_dags/example_short_circuit_operator.py
[2023-12-27T09:48:41.355+0545] {processor.py:840} INFO - DAG(s) 'example_short_circuit_operator' retrieved from /home/sarita/Documents/apache-airflow-project/.venv/lib/python3.9/site-packages/airflow/example_dags/example_short_circuit_operator.py
[2023-12-27T09:48:41.369+0545] {logging_mixin.py:188} INFO - [2023-12-27T09:48:41.368+0545] {dag.py:3033} INFO - Sync 1 DAGs
[2023-12-27T09:48:41.384+0545] {logging_mixin.py:188} INFO - [2023-12-27T09:48:41.384+0545] {dag.py:3820} INFO - Setting next_dagrun for example_short_circuit_operator to 2023-12-26T00:00:00+00:00, run_after=2023-12-27T00:00:00+00:00
[2023-12-27T09:48:41.402+0545] {processor.py:183} INFO - Processing /home/sarita/Documents/apache-airflow-project/.venv/lib/python3.9/site-packages/airflow/example_dags/example_short_circuit_operator.py took 0.060 seconds
[2023-12-27T09:49:34.965+0545] {processor.py:161} INFO - Started process (PID=8720) to work on /home/sarita/Documents/apache-airflow-project/.venv/lib/python3.9/site-packages/airflow/example_dags/example_short_circuit_operator.py
[2023-12-27T09:49:34.967+0545] {processor.py:830} INFO - Processing file /home/sarita/Documents/apache-airflow-project/.venv/lib/python3.9/site-packages/airflow/example_dags/example_short_circuit_operator.py for tasks to queue
[2023-12-27T09:49:34.968+0545] {logging_mixin.py:188} INFO - [2023-12-27T09:49:34.968+0545] {dagbag.py:538} INFO - Filling up the DagBag from /home/sarita/Documents/apache-airflow-project/.venv/lib/python3.9/site-packages/airflow/example_dags/example_short_circuit_operator.py
[2023-12-27T09:49:34.980+0545] {processor.py:840} INFO - DAG(s) 'example_short_circuit_operator' retrieved from /home/sarita/Documents/apache-airflow-project/.venv/lib/python3.9/site-packages/airflow/example_dags/example_short_circuit_operator.py
[2023-12-27T09:49:34.997+0545] {logging_mixin.py:188} INFO - [2023-12-27T09:49:34.997+0545] {dag.py:3033} INFO - Sync 1 DAGs
[2023-12-27T09:49:35.013+0545] {logging_mixin.py:188} INFO - [2023-12-27T09:49:35.013+0545] {dag.py:3820} INFO - Setting next_dagrun for example_short_circuit_operator to 2023-12-26T00:00:00+00:00, run_after=2023-12-27T00:00:00+00:00
[2023-12-27T09:49:35.033+0545] {processor.py:183} INFO - Processing /home/sarita/Documents/apache-airflow-project/.venv/lib/python3.9/site-packages/airflow/example_dags/example_short_circuit_operator.py took 0.072 seconds
[2023-12-27T09:50:32.151+0545] {processor.py:161} INFO - Started process (PID=8791) to work on /home/sarita/Documents/apache-airflow-project/.venv/lib/python3.9/site-packages/airflow/example_dags/example_short_circuit_operator.py
[2023-12-27T09:50:32.153+0545] {processor.py:830} INFO - Processing file /home/sarita/Documents/apache-airflow-project/.venv/lib/python3.9/site-packages/airflow/example_dags/example_short_circuit_operator.py for tasks to queue
[2023-12-27T09:50:32.154+0545] {logging_mixin.py:188} INFO - [2023-12-27T09:50:32.153+0545] {dagbag.py:538} INFO - Filling up the DagBag from /home/sarita/Documents/apache-airflow-project/.venv/lib/python3.9/site-packages/airflow/example_dags/example_short_circuit_operator.py
[2023-12-27T09:50:32.159+0545] {processor.py:840} INFO - DAG(s) 'example_short_circuit_operator' retrieved from /home/sarita/Documents/apache-airflow-project/.venv/lib/python3.9/site-packages/airflow/example_dags/example_short_circuit_operator.py
[2023-12-27T09:50:32.173+0545] {logging_mixin.py:188} INFO - [2023-12-27T09:50:32.173+0545] {dag.py:3033} INFO - Sync 1 DAGs
[2023-12-27T09:50:32.187+0545] {logging_mixin.py:188} INFO - [2023-12-27T09:50:32.187+0545] {dag.py:3820} INFO - Setting next_dagrun for example_short_circuit_operator to 2023-12-26T00:00:00+00:00, run_after=2023-12-27T00:00:00+00:00
[2023-12-27T09:50:32.206+0545] {processor.py:183} INFO - Processing /home/sarita/Documents/apache-airflow-project/.venv/lib/python3.9/site-packages/airflow/example_dags/example_short_circuit_operator.py took 0.057 seconds
[2023-12-27T09:51:32.134+0545] {processor.py:161} INFO - Started process (PID=8893) to work on /home/sarita/Documents/apache-airflow-project/.venv/lib/python3.9/site-packages/airflow/example_dags/example_short_circuit_operator.py
[2023-12-27T09:51:32.138+0545] {processor.py:830} INFO - Processing file /home/sarita/Documents/apache-airflow-project/.venv/lib/python3.9/site-packages/airflow/example_dags/example_short_circuit_operator.py for tasks to queue
[2023-12-27T09:51:32.139+0545] {logging_mixin.py:188} INFO - [2023-12-27T09:51:32.139+0545] {dagbag.py:538} INFO - Filling up the DagBag from /home/sarita/Documents/apache-airflow-project/.venv/lib/python3.9/site-packages/airflow/example_dags/example_short_circuit_operator.py
[2023-12-27T09:51:32.157+0545] {processor.py:840} INFO - DAG(s) 'example_short_circuit_operator' retrieved from /home/sarita/Documents/apache-airflow-project/.venv/lib/python3.9/site-packages/airflow/example_dags/example_short_circuit_operator.py
[2023-12-27T09:51:32.176+0545] {logging_mixin.py:188} INFO - [2023-12-27T09:51:32.176+0545] {dag.py:3033} INFO - Sync 1 DAGs
[2023-12-27T09:51:32.191+0545] {logging_mixin.py:188} INFO - [2023-12-27T09:51:32.191+0545] {dag.py:3820} INFO - Setting next_dagrun for example_short_circuit_operator to 2023-12-26T00:00:00+00:00, run_after=2023-12-27T00:00:00+00:00
[2023-12-27T09:51:32.210+0545] {processor.py:183} INFO - Processing /home/sarita/Documents/apache-airflow-project/.venv/lib/python3.9/site-packages/airflow/example_dags/example_short_circuit_operator.py took 0.082 seconds
[2023-12-27T09:53:23.090+0545] {processor.py:161} INFO - Started process (PID=9092) to work on /home/sarita/Documents/apache-airflow-project/.venv/lib/python3.9/site-packages/airflow/example_dags/example_short_circuit_operator.py
[2023-12-27T09:53:23.091+0545] {processor.py:830} INFO - Processing file /home/sarita/Documents/apache-airflow-project/.venv/lib/python3.9/site-packages/airflow/example_dags/example_short_circuit_operator.py for tasks to queue
[2023-12-27T09:53:23.091+0545] {logging_mixin.py:188} INFO - [2023-12-27T09:53:23.091+0545] {dagbag.py:538} INFO - Filling up the DagBag from /home/sarita/Documents/apache-airflow-project/.venv/lib/python3.9/site-packages/airflow/example_dags/example_short_circuit_operator.py
[2023-12-27T09:53:23.099+0545] {processor.py:840} INFO - DAG(s) 'example_short_circuit_operator' retrieved from /home/sarita/Documents/apache-airflow-project/.venv/lib/python3.9/site-packages/airflow/example_dags/example_short_circuit_operator.py
[2023-12-27T09:53:23.114+0545] {logging_mixin.py:188} INFO - [2023-12-27T09:53:23.114+0545] {dag.py:3033} INFO - Sync 1 DAGs
[2023-12-27T09:53:23.129+0545] {logging_mixin.py:188} INFO - [2023-12-27T09:53:23.129+0545] {dag.py:3820} INFO - Setting next_dagrun for example_short_circuit_operator to 2023-12-26T00:00:00+00:00, run_after=2023-12-27T00:00:00+00:00
[2023-12-27T09:53:23.147+0545] {processor.py:183} INFO - Processing /home/sarita/Documents/apache-airflow-project/.venv/lib/python3.9/site-packages/airflow/example_dags/example_short_circuit_operator.py took 0.059 seconds
[2023-12-27T12:17:17.414+0545] {processor.py:161} INFO - Started process (PID=13386) to work on /home/sarita/Documents/apache-airflow-project/.venv/lib/python3.9/site-packages/airflow/example_dags/example_short_circuit_operator.py
[2023-12-27T12:17:17.416+0545] {processor.py:830} INFO - Processing file /home/sarita/Documents/apache-airflow-project/.venv/lib/python3.9/site-packages/airflow/example_dags/example_short_circuit_operator.py for tasks to queue
[2023-12-27T12:17:17.416+0545] {logging_mixin.py:188} INFO - [2023-12-27T12:17:17.416+0545] {dagbag.py:538} INFO - Filling up the DagBag from /home/sarita/Documents/apache-airflow-project/.venv/lib/python3.9/site-packages/airflow/example_dags/example_short_circuit_operator.py
[2023-12-27T12:17:17.422+0545] {processor.py:840} INFO - DAG(s) 'example_short_circuit_operator' retrieved from /home/sarita/Documents/apache-airflow-project/.venv/lib/python3.9/site-packages/airflow/example_dags/example_short_circuit_operator.py
[2023-12-27T12:17:17.436+0545] {logging_mixin.py:188} INFO - [2023-12-27T12:17:17.436+0545] {dag.py:3033} INFO - Sync 1 DAGs
[2023-12-27T12:17:17.452+0545] {logging_mixin.py:188} INFO - [2023-12-27T12:17:17.451+0545] {dag.py:3820} INFO - Setting next_dagrun for example_short_circuit_operator to 2023-12-26T00:00:00+00:00, run_after=2023-12-27T00:00:00+00:00
[2023-12-27T12:17:17.467+0545] {processor.py:183} INFO - Processing /home/sarita/Documents/apache-airflow-project/.venv/lib/python3.9/site-packages/airflow/example_dags/example_short_circuit_operator.py took 0.055 seconds
[2023-12-27T12:39:37.648+0545] {processor.py:161} INFO - Started process (PID=15395) to work on /home/sarita/Documents/apache-airflow-project/.venv/lib/python3.9/site-packages/airflow/example_dags/example_short_circuit_operator.py
[2023-12-27T12:39:37.651+0545] {processor.py:830} INFO - Processing file /home/sarita/Documents/apache-airflow-project/.venv/lib/python3.9/site-packages/airflow/example_dags/example_short_circuit_operator.py for tasks to queue
[2023-12-27T12:39:37.652+0545] {logging_mixin.py:188} INFO - [2023-12-27T12:39:37.652+0545] {dagbag.py:538} INFO - Filling up the DagBag from /home/sarita/Documents/apache-airflow-project/.venv/lib/python3.9/site-packages/airflow/example_dags/example_short_circuit_operator.py
[2023-12-27T12:39:37.666+0545] {processor.py:840} INFO - DAG(s) 'example_short_circuit_operator' retrieved from /home/sarita/Documents/apache-airflow-project/.venv/lib/python3.9/site-packages/airflow/example_dags/example_short_circuit_operator.py
[2023-12-27T12:39:37.687+0545] {logging_mixin.py:188} INFO - [2023-12-27T12:39:37.687+0545] {dag.py:3033} INFO - Sync 1 DAGs
[2023-12-27T12:39:37.705+0545] {logging_mixin.py:188} INFO - [2023-12-27T12:39:37.705+0545] {dag.py:3820} INFO - Setting next_dagrun for example_short_circuit_operator to 2023-12-26T00:00:00+00:00, run_after=2023-12-27T00:00:00+00:00
[2023-12-27T12:39:37.838+0545] {processor.py:183} INFO - Processing /home/sarita/Documents/apache-airflow-project/.venv/lib/python3.9/site-packages/airflow/example_dags/example_short_circuit_operator.py took 0.195 seconds
[2023-12-27T12:47:00.844+0545] {processor.py:161} INFO - Started process (PID=17178) to work on /home/sarita/Documents/apache-airflow-project/.venv/lib/python3.9/site-packages/airflow/example_dags/example_short_circuit_operator.py
[2023-12-27T12:47:00.847+0545] {processor.py:830} INFO - Processing file /home/sarita/Documents/apache-airflow-project/.venv/lib/python3.9/site-packages/airflow/example_dags/example_short_circuit_operator.py for tasks to queue
[2023-12-27T12:47:00.847+0545] {logging_mixin.py:188} INFO - [2023-12-27T12:47:00.847+0545] {dagbag.py:538} INFO - Filling up the DagBag from /home/sarita/Documents/apache-airflow-project/.venv/lib/python3.9/site-packages/airflow/example_dags/example_short_circuit_operator.py
[2023-12-27T12:47:00.854+0545] {processor.py:840} INFO - DAG(s) 'example_short_circuit_operator' retrieved from /home/sarita/Documents/apache-airflow-project/.venv/lib/python3.9/site-packages/airflow/example_dags/example_short_circuit_operator.py
[2023-12-27T12:47:00.868+0545] {logging_mixin.py:188} INFO - [2023-12-27T12:47:00.868+0545] {dag.py:3033} INFO - Sync 1 DAGs
[2023-12-27T12:47:00.883+0545] {logging_mixin.py:188} INFO - [2023-12-27T12:47:00.883+0545] {dag.py:3820} INFO - Setting next_dagrun for example_short_circuit_operator to 2023-12-26T00:00:00+00:00, run_after=2023-12-27T00:00:00+00:00
[2023-12-27T12:47:00.899+0545] {processor.py:183} INFO - Processing /home/sarita/Documents/apache-airflow-project/.venv/lib/python3.9/site-packages/airflow/example_dags/example_short_circuit_operator.py took 0.057 seconds
[2023-12-27T12:52:38.091+0545] {processor.py:161} INFO - Started process (PID=17621) to work on /home/sarita/Documents/apache-airflow-project/.venv/lib/python3.9/site-packages/airflow/example_dags/example_short_circuit_operator.py
[2023-12-27T12:52:38.095+0545] {processor.py:830} INFO - Processing file /home/sarita/Documents/apache-airflow-project/.venv/lib/python3.9/site-packages/airflow/example_dags/example_short_circuit_operator.py for tasks to queue
[2023-12-27T12:52:38.097+0545] {logging_mixin.py:188} INFO - [2023-12-27T12:52:38.096+0545] {dagbag.py:538} INFO - Filling up the DagBag from /home/sarita/Documents/apache-airflow-project/.venv/lib/python3.9/site-packages/airflow/example_dags/example_short_circuit_operator.py
[2023-12-27T12:52:38.114+0545] {processor.py:840} INFO - DAG(s) 'example_short_circuit_operator' retrieved from /home/sarita/Documents/apache-airflow-project/.venv/lib/python3.9/site-packages/airflow/example_dags/example_short_circuit_operator.py
[2023-12-27T12:52:38.134+0545] {logging_mixin.py:188} INFO - [2023-12-27T12:52:38.134+0545] {dag.py:3033} INFO - Sync 1 DAGs
[2023-12-27T12:52:38.150+0545] {logging_mixin.py:188} INFO - [2023-12-27T12:52:38.150+0545] {dag.py:3820} INFO - Setting next_dagrun for example_short_circuit_operator to 2023-12-26T00:00:00+00:00, run_after=2023-12-27T00:00:00+00:00
[2023-12-27T12:52:38.176+0545] {processor.py:183} INFO - Processing /home/sarita/Documents/apache-airflow-project/.venv/lib/python3.9/site-packages/airflow/example_dags/example_short_circuit_operator.py took 0.092 seconds
[2023-12-27T12:53:28.513+0545] {processor.py:161} INFO - Started process (PID=17726) to work on /home/sarita/Documents/apache-airflow-project/.venv/lib/python3.9/site-packages/airflow/example_dags/example_short_circuit_operator.py
[2023-12-27T12:53:28.516+0545] {processor.py:830} INFO - Processing file /home/sarita/Documents/apache-airflow-project/.venv/lib/python3.9/site-packages/airflow/example_dags/example_short_circuit_operator.py for tasks to queue
[2023-12-27T12:53:28.518+0545] {logging_mixin.py:188} INFO - [2023-12-27T12:53:28.517+0545] {dagbag.py:538} INFO - Filling up the DagBag from /home/sarita/Documents/apache-airflow-project/.venv/lib/python3.9/site-packages/airflow/example_dags/example_short_circuit_operator.py
[2023-12-27T12:53:28.533+0545] {processor.py:840} INFO - DAG(s) 'example_short_circuit_operator' retrieved from /home/sarita/Documents/apache-airflow-project/.venv/lib/python3.9/site-packages/airflow/example_dags/example_short_circuit_operator.py
[2023-12-27T12:53:28.552+0545] {logging_mixin.py:188} INFO - [2023-12-27T12:53:28.552+0545] {dag.py:3033} INFO - Sync 1 DAGs
[2023-12-27T12:53:28.567+0545] {logging_mixin.py:188} INFO - [2023-12-27T12:53:28.567+0545] {dag.py:3820} INFO - Setting next_dagrun for example_short_circuit_operator to 2023-12-26T00:00:00+00:00, run_after=2023-12-27T00:00:00+00:00
[2023-12-27T12:53:28.586+0545] {processor.py:183} INFO - Processing /home/sarita/Documents/apache-airflow-project/.venv/lib/python3.9/site-packages/airflow/example_dags/example_short_circuit_operator.py took 0.078 seconds
