[2023-12-27T09:36:41.931+0545] {processor.py:161} INFO - Started process (PID=6902) to work on /home/sarita/Documents/apache-airflow-project/.venv/lib/python3.9/site-packages/airflow/example_dags/example_xcom.py
[2023-12-27T09:36:41.932+0545] {processor.py:830} INFO - Processing file /home/sarita/Documents/apache-airflow-project/.venv/lib/python3.9/site-packages/airflow/example_dags/example_xcom.py for tasks to queue
[2023-12-27T09:36:41.933+0545] {logging_mixin.py:188} INFO - [2023-12-27T09:36:41.932+0545] {dagbag.py:538} INFO - Filling up the DagBag from /home/sarita/Documents/apache-airflow-project/.venv/lib/python3.9/site-packages/airflow/example_dags/example_xcom.py
[2023-12-27T09:36:41.941+0545] {processor.py:840} INFO - DAG(s) 'example_xcom' retrieved from /home/sarita/Documents/apache-airflow-project/.venv/lib/python3.9/site-packages/airflow/example_dags/example_xcom.py
[2023-12-27T09:36:42.030+0545] {logging_mixin.py:188} INFO - [2023-12-27T09:36:42.029+0545] {dag.py:3033} INFO - Sync 1 DAGs
[2023-12-27T09:36:42.045+0545] {logging_mixin.py:188} INFO - [2023-12-27T09:36:42.045+0545] {dag.py:3820} INFO - Setting next_dagrun for example_xcom to 2021-01-01T00:00:00+00:00, run_after=2021-01-01T00:00:00+00:00
[2023-12-27T09:36:42.064+0545] {processor.py:183} INFO - Processing /home/sarita/Documents/apache-airflow-project/.venv/lib/python3.9/site-packages/airflow/example_dags/example_xcom.py took 0.136 seconds
[2023-12-27T09:37:29.381+0545] {processor.py:161} INFO - Started process (PID=6961) to work on /home/sarita/Documents/apache-airflow-project/.venv/lib/python3.9/site-packages/airflow/example_dags/example_xcom.py
[2023-12-27T09:37:29.382+0545] {processor.py:830} INFO - Processing file /home/sarita/Documents/apache-airflow-project/.venv/lib/python3.9/site-packages/airflow/example_dags/example_xcom.py for tasks to queue
[2023-12-27T09:37:29.383+0545] {logging_mixin.py:188} INFO - [2023-12-27T09:37:29.383+0545] {dagbag.py:538} INFO - Filling up the DagBag from /home/sarita/Documents/apache-airflow-project/.venv/lib/python3.9/site-packages/airflow/example_dags/example_xcom.py
[2023-12-27T09:37:29.390+0545] {processor.py:840} INFO - DAG(s) 'example_xcom' retrieved from /home/sarita/Documents/apache-airflow-project/.venv/lib/python3.9/site-packages/airflow/example_dags/example_xcom.py
[2023-12-27T09:37:29.402+0545] {logging_mixin.py:188} INFO - [2023-12-27T09:37:29.402+0545] {dag.py:3033} INFO - Sync 1 DAGs
[2023-12-27T09:37:29.419+0545] {logging_mixin.py:188} INFO - [2023-12-27T09:37:29.418+0545] {dag.py:3820} INFO - Setting next_dagrun for example_xcom to 2021-01-01T00:00:00+00:00, run_after=2021-01-01T00:00:00+00:00
[2023-12-27T09:37:29.439+0545] {processor.py:183} INFO - Processing /home/sarita/Documents/apache-airflow-project/.venv/lib/python3.9/site-packages/airflow/example_dags/example_xcom.py took 0.060 seconds
[2023-12-27T09:38:19.243+0545] {processor.py:161} INFO - Started process (PID=7022) to work on /home/sarita/Documents/apache-airflow-project/.venv/lib/python3.9/site-packages/airflow/example_dags/example_xcom.py
[2023-12-27T09:38:19.246+0545] {processor.py:830} INFO - Processing file /home/sarita/Documents/apache-airflow-project/.venv/lib/python3.9/site-packages/airflow/example_dags/example_xcom.py for tasks to queue
[2023-12-27T09:38:19.250+0545] {logging_mixin.py:188} INFO - [2023-12-27T09:38:19.248+0545] {dagbag.py:538} INFO - Filling up the DagBag from /home/sarita/Documents/apache-airflow-project/.venv/lib/python3.9/site-packages/airflow/example_dags/example_xcom.py
[2023-12-27T09:38:19.265+0545] {processor.py:840} INFO - DAG(s) 'example_xcom' retrieved from /home/sarita/Documents/apache-airflow-project/.venv/lib/python3.9/site-packages/airflow/example_dags/example_xcom.py
[2023-12-27T09:38:19.281+0545] {logging_mixin.py:188} INFO - [2023-12-27T09:38:19.281+0545] {dag.py:3033} INFO - Sync 1 DAGs
[2023-12-27T09:38:19.298+0545] {logging_mixin.py:188} INFO - [2023-12-27T09:38:19.297+0545] {dag.py:3820} INFO - Setting next_dagrun for example_xcom to 2021-01-01T00:00:00+00:00, run_after=2021-01-01T00:00:00+00:00
[2023-12-27T09:38:19.318+0545] {processor.py:183} INFO - Processing /home/sarita/Documents/apache-airflow-project/.venv/lib/python3.9/site-packages/airflow/example_dags/example_xcom.py took 0.083 seconds
[2023-12-27T09:38:57.753+0545] {processor.py:161} INFO - Started process (PID=7121) to work on /home/sarita/Documents/apache-airflow-project/.venv/lib/python3.9/site-packages/airflow/example_dags/example_xcom.py
[2023-12-27T09:38:57.756+0545] {processor.py:830} INFO - Processing file /home/sarita/Documents/apache-airflow-project/.venv/lib/python3.9/site-packages/airflow/example_dags/example_xcom.py for tasks to queue
[2023-12-27T09:38:57.757+0545] {logging_mixin.py:188} INFO - [2023-12-27T09:38:57.756+0545] {dagbag.py:538} INFO - Filling up the DagBag from /home/sarita/Documents/apache-airflow-project/.venv/lib/python3.9/site-packages/airflow/example_dags/example_xcom.py
[2023-12-27T09:38:57.766+0545] {processor.py:840} INFO - DAG(s) 'example_xcom' retrieved from /home/sarita/Documents/apache-airflow-project/.venv/lib/python3.9/site-packages/airflow/example_dags/example_xcom.py
[2023-12-27T09:38:57.783+0545] {logging_mixin.py:188} INFO - [2023-12-27T09:38:57.783+0545] {dag.py:3033} INFO - Sync 1 DAGs
[2023-12-27T09:38:57.806+0545] {logging_mixin.py:188} INFO - [2023-12-27T09:38:57.805+0545] {dag.py:3820} INFO - Setting next_dagrun for example_xcom to 2021-01-01T00:00:00+00:00, run_after=2021-01-01T00:00:00+00:00
[2023-12-27T09:38:57.832+0545] {processor.py:183} INFO - Processing /home/sarita/Documents/apache-airflow-project/.venv/lib/python3.9/site-packages/airflow/example_dags/example_xcom.py took 0.081 seconds
[2023-12-27T09:39:34.010+0545] {processor.py:161} INFO - Started process (PID=7165) to work on /home/sarita/Documents/apache-airflow-project/.venv/lib/python3.9/site-packages/airflow/example_dags/example_xcom.py
[2023-12-27T09:39:34.012+0545] {processor.py:830} INFO - Processing file /home/sarita/Documents/apache-airflow-project/.venv/lib/python3.9/site-packages/airflow/example_dags/example_xcom.py for tasks to queue
[2023-12-27T09:39:34.013+0545] {logging_mixin.py:188} INFO - [2023-12-27T09:39:34.013+0545] {dagbag.py:538} INFO - Filling up the DagBag from /home/sarita/Documents/apache-airflow-project/.venv/lib/python3.9/site-packages/airflow/example_dags/example_xcom.py
[2023-12-27T09:39:34.021+0545] {processor.py:840} INFO - DAG(s) 'example_xcom' retrieved from /home/sarita/Documents/apache-airflow-project/.venv/lib/python3.9/site-packages/airflow/example_dags/example_xcom.py
[2023-12-27T09:39:34.034+0545] {logging_mixin.py:188} INFO - [2023-12-27T09:39:34.034+0545] {dag.py:3033} INFO - Sync 1 DAGs
[2023-12-27T09:39:34.049+0545] {logging_mixin.py:188} INFO - [2023-12-27T09:39:34.049+0545] {dag.py:3820} INFO - Setting next_dagrun for example_xcom to 2021-01-01T00:00:00+00:00, run_after=2021-01-01T00:00:00+00:00
[2023-12-27T09:39:34.067+0545] {processor.py:183} INFO - Processing /home/sarita/Documents/apache-airflow-project/.venv/lib/python3.9/site-packages/airflow/example_dags/example_xcom.py took 0.060 seconds
[2023-12-27T09:40:12.287+0545] {processor.py:161} INFO - Started process (PID=7247) to work on /home/sarita/Documents/apache-airflow-project/.venv/lib/python3.9/site-packages/airflow/example_dags/example_xcom.py
[2023-12-27T09:40:12.290+0545] {processor.py:830} INFO - Processing file /home/sarita/Documents/apache-airflow-project/.venv/lib/python3.9/site-packages/airflow/example_dags/example_xcom.py for tasks to queue
[2023-12-27T09:40:12.291+0545] {logging_mixin.py:188} INFO - [2023-12-27T09:40:12.290+0545] {dagbag.py:538} INFO - Filling up the DagBag from /home/sarita/Documents/apache-airflow-project/.venv/lib/python3.9/site-packages/airflow/example_dags/example_xcom.py
[2023-12-27T09:40:12.301+0545] {processor.py:840} INFO - DAG(s) 'example_xcom' retrieved from /home/sarita/Documents/apache-airflow-project/.venv/lib/python3.9/site-packages/airflow/example_dags/example_xcom.py
[2023-12-27T09:40:12.315+0545] {logging_mixin.py:188} INFO - [2023-12-27T09:40:12.314+0545] {dag.py:3033} INFO - Sync 1 DAGs
[2023-12-27T09:40:12.330+0545] {logging_mixin.py:188} INFO - [2023-12-27T09:40:12.330+0545] {dag.py:3820} INFO - Setting next_dagrun for example_xcom to 2021-01-01T00:00:00+00:00, run_after=2021-01-01T00:00:00+00:00
[2023-12-27T09:40:12.348+0545] {processor.py:183} INFO - Processing /home/sarita/Documents/apache-airflow-project/.venv/lib/python3.9/site-packages/airflow/example_dags/example_xcom.py took 0.065 seconds
[2023-12-27T09:40:51.546+0545] {processor.py:161} INFO - Started process (PID=7362) to work on /home/sarita/Documents/apache-airflow-project/.venv/lib/python3.9/site-packages/airflow/example_dags/example_xcom.py
[2023-12-27T09:40:51.547+0545] {processor.py:830} INFO - Processing file /home/sarita/Documents/apache-airflow-project/.venv/lib/python3.9/site-packages/airflow/example_dags/example_xcom.py for tasks to queue
[2023-12-27T09:40:51.548+0545] {logging_mixin.py:188} INFO - [2023-12-27T09:40:51.548+0545] {dagbag.py:538} INFO - Filling up the DagBag from /home/sarita/Documents/apache-airflow-project/.venv/lib/python3.9/site-packages/airflow/example_dags/example_xcom.py
[2023-12-27T09:40:51.553+0545] {processor.py:840} INFO - DAG(s) 'example_xcom' retrieved from /home/sarita/Documents/apache-airflow-project/.venv/lib/python3.9/site-packages/airflow/example_dags/example_xcom.py
[2023-12-27T09:40:51.564+0545] {logging_mixin.py:188} INFO - [2023-12-27T09:40:51.564+0545] {dag.py:3033} INFO - Sync 1 DAGs
[2023-12-27T09:40:51.580+0545] {logging_mixin.py:188} INFO - [2023-12-27T09:40:51.579+0545] {dag.py:3820} INFO - Setting next_dagrun for example_xcom to 2021-01-01T00:00:00+00:00, run_after=2021-01-01T00:00:00+00:00
[2023-12-27T09:40:51.607+0545] {processor.py:183} INFO - Processing /home/sarita/Documents/apache-airflow-project/.venv/lib/python3.9/site-packages/airflow/example_dags/example_xcom.py took 0.064 seconds
[2023-12-27T09:41:44.965+0545] {processor.py:161} INFO - Started process (PID=7563) to work on /home/sarita/Documents/apache-airflow-project/.venv/lib/python3.9/site-packages/airflow/example_dags/example_xcom.py
[2023-12-27T09:41:44.967+0545] {processor.py:830} INFO - Processing file /home/sarita/Documents/apache-airflow-project/.venv/lib/python3.9/site-packages/airflow/example_dags/example_xcom.py for tasks to queue
[2023-12-27T09:41:44.968+0545] {logging_mixin.py:188} INFO - [2023-12-27T09:41:44.968+0545] {dagbag.py:538} INFO - Filling up the DagBag from /home/sarita/Documents/apache-airflow-project/.venv/lib/python3.9/site-packages/airflow/example_dags/example_xcom.py
[2023-12-27T09:41:44.976+0545] {processor.py:840} INFO - DAG(s) 'example_xcom' retrieved from /home/sarita/Documents/apache-airflow-project/.venv/lib/python3.9/site-packages/airflow/example_dags/example_xcom.py
[2023-12-27T09:41:44.988+0545] {logging_mixin.py:188} INFO - [2023-12-27T09:41:44.988+0545] {dag.py:3033} INFO - Sync 1 DAGs
[2023-12-27T09:41:45.003+0545] {logging_mixin.py:188} INFO - [2023-12-27T09:41:45.002+0545] {dag.py:3820} INFO - Setting next_dagrun for example_xcom to 2021-01-01T00:00:00+00:00, run_after=2021-01-01T00:00:00+00:00
[2023-12-27T09:41:45.031+0545] {processor.py:183} INFO - Processing /home/sarita/Documents/apache-airflow-project/.venv/lib/python3.9/site-packages/airflow/example_dags/example_xcom.py took 0.069 seconds
[2023-12-27T09:42:24.696+0545] {processor.py:161} INFO - Started process (PID=7762) to work on /home/sarita/Documents/apache-airflow-project/.venv/lib/python3.9/site-packages/airflow/example_dags/example_xcom.py
[2023-12-27T09:42:24.698+0545] {processor.py:830} INFO - Processing file /home/sarita/Documents/apache-airflow-project/.venv/lib/python3.9/site-packages/airflow/example_dags/example_xcom.py for tasks to queue
[2023-12-27T09:42:24.699+0545] {logging_mixin.py:188} INFO - [2023-12-27T09:42:24.699+0545] {dagbag.py:538} INFO - Filling up the DagBag from /home/sarita/Documents/apache-airflow-project/.venv/lib/python3.9/site-packages/airflow/example_dags/example_xcom.py
[2023-12-27T09:42:24.707+0545] {processor.py:840} INFO - DAG(s) 'example_xcom' retrieved from /home/sarita/Documents/apache-airflow-project/.venv/lib/python3.9/site-packages/airflow/example_dags/example_xcom.py
[2023-12-27T09:42:24.720+0545] {logging_mixin.py:188} INFO - [2023-12-27T09:42:24.720+0545] {dag.py:3033} INFO - Sync 1 DAGs
[2023-12-27T09:42:24.735+0545] {logging_mixin.py:188} INFO - [2023-12-27T09:42:24.735+0545] {dag.py:3820} INFO - Setting next_dagrun for example_xcom to 2021-01-01T00:00:00+00:00, run_after=2021-01-01T00:00:00+00:00
[2023-12-27T09:42:24.762+0545] {processor.py:183} INFO - Processing /home/sarita/Documents/apache-airflow-project/.venv/lib/python3.9/site-packages/airflow/example_dags/example_xcom.py took 0.070 seconds
[2023-12-27T09:43:13.024+0545] {processor.py:161} INFO - Started process (PID=7853) to work on /home/sarita/Documents/apache-airflow-project/.venv/lib/python3.9/site-packages/airflow/example_dags/example_xcom.py
[2023-12-27T09:43:13.026+0545] {processor.py:830} INFO - Processing file /home/sarita/Documents/apache-airflow-project/.venv/lib/python3.9/site-packages/airflow/example_dags/example_xcom.py for tasks to queue
[2023-12-27T09:43:13.027+0545] {logging_mixin.py:188} INFO - [2023-12-27T09:43:13.027+0545] {dagbag.py:538} INFO - Filling up the DagBag from /home/sarita/Documents/apache-airflow-project/.venv/lib/python3.9/site-packages/airflow/example_dags/example_xcom.py
[2023-12-27T09:43:13.038+0545] {processor.py:840} INFO - DAG(s) 'example_xcom' retrieved from /home/sarita/Documents/apache-airflow-project/.venv/lib/python3.9/site-packages/airflow/example_dags/example_xcom.py
[2023-12-27T09:43:13.057+0545] {logging_mixin.py:188} INFO - [2023-12-27T09:43:13.056+0545] {dag.py:3033} INFO - Sync 1 DAGs
[2023-12-27T09:43:13.073+0545] {logging_mixin.py:188} INFO - [2023-12-27T09:43:13.073+0545] {dag.py:3820} INFO - Setting next_dagrun for example_xcom to 2021-01-01T00:00:00+00:00, run_after=2021-01-01T00:00:00+00:00
[2023-12-27T09:43:13.092+0545] {processor.py:183} INFO - Processing /home/sarita/Documents/apache-airflow-project/.venv/lib/python3.9/site-packages/airflow/example_dags/example_xcom.py took 0.072 seconds
[2023-12-27T09:43:50.438+0545] {processor.py:161} INFO - Started process (PID=7904) to work on /home/sarita/Documents/apache-airflow-project/.venv/lib/python3.9/site-packages/airflow/example_dags/example_xcom.py
[2023-12-27T09:43:50.441+0545] {processor.py:830} INFO - Processing file /home/sarita/Documents/apache-airflow-project/.venv/lib/python3.9/site-packages/airflow/example_dags/example_xcom.py for tasks to queue
[2023-12-27T09:43:50.441+0545] {logging_mixin.py:188} INFO - [2023-12-27T09:43:50.441+0545] {dagbag.py:538} INFO - Filling up the DagBag from /home/sarita/Documents/apache-airflow-project/.venv/lib/python3.9/site-packages/airflow/example_dags/example_xcom.py
[2023-12-27T09:43:50.447+0545] {processor.py:840} INFO - DAG(s) 'example_xcom' retrieved from /home/sarita/Documents/apache-airflow-project/.venv/lib/python3.9/site-packages/airflow/example_dags/example_xcom.py
[2023-12-27T09:43:50.458+0545] {logging_mixin.py:188} INFO - [2023-12-27T09:43:50.458+0545] {dag.py:3033} INFO - Sync 1 DAGs
[2023-12-27T09:43:50.473+0545] {logging_mixin.py:188} INFO - [2023-12-27T09:43:50.473+0545] {dag.py:3820} INFO - Setting next_dagrun for example_xcom to 2021-01-01T00:00:00+00:00, run_after=2021-01-01T00:00:00+00:00
[2023-12-27T09:43:50.490+0545] {processor.py:183} INFO - Processing /home/sarita/Documents/apache-airflow-project/.venv/lib/python3.9/site-packages/airflow/example_dags/example_xcom.py took 0.053 seconds
[2023-12-27T09:44:29.235+0545] {processor.py:161} INFO - Started process (PID=7957) to work on /home/sarita/Documents/apache-airflow-project/.venv/lib/python3.9/site-packages/airflow/example_dags/example_xcom.py
[2023-12-27T09:44:29.237+0545] {processor.py:830} INFO - Processing file /home/sarita/Documents/apache-airflow-project/.venv/lib/python3.9/site-packages/airflow/example_dags/example_xcom.py for tasks to queue
[2023-12-27T09:44:29.239+0545] {logging_mixin.py:188} INFO - [2023-12-27T09:44:29.238+0545] {dagbag.py:538} INFO - Filling up the DagBag from /home/sarita/Documents/apache-airflow-project/.venv/lib/python3.9/site-packages/airflow/example_dags/example_xcom.py
[2023-12-27T09:44:29.259+0545] {processor.py:840} INFO - DAG(s) 'example_xcom' retrieved from /home/sarita/Documents/apache-airflow-project/.venv/lib/python3.9/site-packages/airflow/example_dags/example_xcom.py
[2023-12-27T09:44:29.279+0545] {logging_mixin.py:188} INFO - [2023-12-27T09:44:29.279+0545] {dag.py:3033} INFO - Sync 1 DAGs
[2023-12-27T09:44:29.295+0545] {logging_mixin.py:188} INFO - [2023-12-27T09:44:29.295+0545] {dag.py:3820} INFO - Setting next_dagrun for example_xcom to 2021-01-01T00:00:00+00:00, run_after=2021-01-01T00:00:00+00:00
[2023-12-27T09:44:29.314+0545] {processor.py:183} INFO - Processing /home/sarita/Documents/apache-airflow-project/.venv/lib/python3.9/site-packages/airflow/example_dags/example_xcom.py took 0.081 seconds
[2023-12-27T09:45:23.381+0545] {processor.py:161} INFO - Started process (PID=8040) to work on /home/sarita/Documents/apache-airflow-project/.venv/lib/python3.9/site-packages/airflow/example_dags/example_xcom.py
[2023-12-27T09:45:23.383+0545] {processor.py:830} INFO - Processing file /home/sarita/Documents/apache-airflow-project/.venv/lib/python3.9/site-packages/airflow/example_dags/example_xcom.py for tasks to queue
[2023-12-27T09:45:23.384+0545] {logging_mixin.py:188} INFO - [2023-12-27T09:45:23.384+0545] {dagbag.py:538} INFO - Filling up the DagBag from /home/sarita/Documents/apache-airflow-project/.venv/lib/python3.9/site-packages/airflow/example_dags/example_xcom.py
[2023-12-27T09:45:23.389+0545] {processor.py:840} INFO - DAG(s) 'example_xcom' retrieved from /home/sarita/Documents/apache-airflow-project/.venv/lib/python3.9/site-packages/airflow/example_dags/example_xcom.py
[2023-12-27T09:45:23.399+0545] {logging_mixin.py:188} INFO - [2023-12-27T09:45:23.399+0545] {dag.py:3033} INFO - Sync 1 DAGs
[2023-12-27T09:45:23.414+0545] {logging_mixin.py:188} INFO - [2023-12-27T09:45:23.413+0545] {dag.py:3820} INFO - Setting next_dagrun for example_xcom to 2021-01-01T00:00:00+00:00, run_after=2021-01-01T00:00:00+00:00
[2023-12-27T09:45:23.431+0545] {processor.py:183} INFO - Processing /home/sarita/Documents/apache-airflow-project/.venv/lib/python3.9/site-packages/airflow/example_dags/example_xcom.py took 0.052 seconds
[2023-12-27T09:46:00.692+0545] {processor.py:161} INFO - Started process (PID=8463) to work on /home/sarita/Documents/apache-airflow-project/.venv/lib/python3.9/site-packages/airflow/example_dags/example_xcom.py
[2023-12-27T09:46:00.696+0545] {processor.py:830} INFO - Processing file /home/sarita/Documents/apache-airflow-project/.venv/lib/python3.9/site-packages/airflow/example_dags/example_xcom.py for tasks to queue
[2023-12-27T09:46:00.698+0545] {logging_mixin.py:188} INFO - [2023-12-27T09:46:00.697+0545] {dagbag.py:538} INFO - Filling up the DagBag from /home/sarita/Documents/apache-airflow-project/.venv/lib/python3.9/site-packages/airflow/example_dags/example_xcom.py
[2023-12-27T09:46:00.711+0545] {processor.py:840} INFO - DAG(s) 'example_xcom' retrieved from /home/sarita/Documents/apache-airflow-project/.venv/lib/python3.9/site-packages/airflow/example_dags/example_xcom.py
[2023-12-27T09:46:00.728+0545] {logging_mixin.py:188} INFO - [2023-12-27T09:46:00.728+0545] {dag.py:3033} INFO - Sync 1 DAGs
[2023-12-27T09:46:00.744+0545] {logging_mixin.py:188} INFO - [2023-12-27T09:46:00.744+0545] {dag.py:3820} INFO - Setting next_dagrun for example_xcom to 2021-01-01T00:00:00+00:00, run_after=2021-01-01T00:00:00+00:00
[2023-12-27T09:46:00.763+0545] {processor.py:183} INFO - Processing /home/sarita/Documents/apache-airflow-project/.venv/lib/python3.9/site-packages/airflow/example_dags/example_xcom.py took 0.077 seconds
[2023-12-27T09:46:54.862+0545] {processor.py:161} INFO - Started process (PID=8527) to work on /home/sarita/Documents/apache-airflow-project/.venv/lib/python3.9/site-packages/airflow/example_dags/example_xcom.py
[2023-12-27T09:46:54.864+0545] {processor.py:830} INFO - Processing file /home/sarita/Documents/apache-airflow-project/.venv/lib/python3.9/site-packages/airflow/example_dags/example_xcom.py for tasks to queue
[2023-12-27T09:46:54.866+0545] {logging_mixin.py:188} INFO - [2023-12-27T09:46:54.865+0545] {dagbag.py:538} INFO - Filling up the DagBag from /home/sarita/Documents/apache-airflow-project/.venv/lib/python3.9/site-packages/airflow/example_dags/example_xcom.py
[2023-12-27T09:46:54.876+0545] {processor.py:840} INFO - DAG(s) 'example_xcom' retrieved from /home/sarita/Documents/apache-airflow-project/.venv/lib/python3.9/site-packages/airflow/example_dags/example_xcom.py
[2023-12-27T09:46:54.890+0545] {logging_mixin.py:188} INFO - [2023-12-27T09:46:54.890+0545] {dag.py:3033} INFO - Sync 1 DAGs
[2023-12-27T09:46:54.907+0545] {logging_mixin.py:188} INFO - [2023-12-27T09:46:54.907+0545] {dag.py:3820} INFO - Setting next_dagrun for example_xcom to 2021-01-01T00:00:00+00:00, run_after=2021-01-01T00:00:00+00:00
[2023-12-27T09:46:54.925+0545] {processor.py:183} INFO - Processing /home/sarita/Documents/apache-airflow-project/.venv/lib/python3.9/site-packages/airflow/example_dags/example_xcom.py took 0.067 seconds
[2023-12-27T09:47:32.582+0545] {processor.py:161} INFO - Started process (PID=8566) to work on /home/sarita/Documents/apache-airflow-project/.venv/lib/python3.9/site-packages/airflow/example_dags/example_xcom.py
[2023-12-27T09:47:32.584+0545] {processor.py:830} INFO - Processing file /home/sarita/Documents/apache-airflow-project/.venv/lib/python3.9/site-packages/airflow/example_dags/example_xcom.py for tasks to queue
[2023-12-27T09:47:32.585+0545] {logging_mixin.py:188} INFO - [2023-12-27T09:47:32.585+0545] {dagbag.py:538} INFO - Filling up the DagBag from /home/sarita/Documents/apache-airflow-project/.venv/lib/python3.9/site-packages/airflow/example_dags/example_xcom.py
[2023-12-27T09:47:32.594+0545] {processor.py:840} INFO - DAG(s) 'example_xcom' retrieved from /home/sarita/Documents/apache-airflow-project/.venv/lib/python3.9/site-packages/airflow/example_dags/example_xcom.py
[2023-12-27T09:47:32.610+0545] {logging_mixin.py:188} INFO - [2023-12-27T09:47:32.609+0545] {dag.py:3033} INFO - Sync 1 DAGs
[2023-12-27T09:47:32.626+0545] {logging_mixin.py:188} INFO - [2023-12-27T09:47:32.626+0545] {dag.py:3820} INFO - Setting next_dagrun for example_xcom to 2021-01-01T00:00:00+00:00, run_after=2021-01-01T00:00:00+00:00
[2023-12-27T09:47:32.654+0545] {processor.py:183} INFO - Processing /home/sarita/Documents/apache-airflow-project/.venv/lib/python3.9/site-packages/airflow/example_dags/example_xcom.py took 0.075 seconds
[2023-12-27T09:48:12.200+0545] {processor.py:161} INFO - Started process (PID=8631) to work on /home/sarita/Documents/apache-airflow-project/.venv/lib/python3.9/site-packages/airflow/example_dags/example_xcom.py
[2023-12-27T09:48:12.203+0545] {processor.py:830} INFO - Processing file /home/sarita/Documents/apache-airflow-project/.venv/lib/python3.9/site-packages/airflow/example_dags/example_xcom.py for tasks to queue
[2023-12-27T09:48:12.204+0545] {logging_mixin.py:188} INFO - [2023-12-27T09:48:12.203+0545] {dagbag.py:538} INFO - Filling up the DagBag from /home/sarita/Documents/apache-airflow-project/.venv/lib/python3.9/site-packages/airflow/example_dags/example_xcom.py
[2023-12-27T09:48:12.213+0545] {processor.py:840} INFO - DAG(s) 'example_xcom' retrieved from /home/sarita/Documents/apache-airflow-project/.venv/lib/python3.9/site-packages/airflow/example_dags/example_xcom.py
[2023-12-27T09:48:12.226+0545] {logging_mixin.py:188} INFO - [2023-12-27T09:48:12.226+0545] {dag.py:3033} INFO - Sync 1 DAGs
[2023-12-27T09:48:12.243+0545] {logging_mixin.py:188} INFO - [2023-12-27T09:48:12.243+0545] {dag.py:3820} INFO - Setting next_dagrun for example_xcom to 2021-01-01T00:00:00+00:00, run_after=2021-01-01T00:00:00+00:00
[2023-12-27T09:48:12.261+0545] {processor.py:183} INFO - Processing /home/sarita/Documents/apache-airflow-project/.venv/lib/python3.9/site-packages/airflow/example_dags/example_xcom.py took 0.064 seconds
[2023-12-27T09:48:50.354+0545] {processor.py:161} INFO - Started process (PID=8672) to work on /home/sarita/Documents/apache-airflow-project/.venv/lib/python3.9/site-packages/airflow/example_dags/example_xcom.py
[2023-12-27T09:48:50.357+0545] {processor.py:830} INFO - Processing file /home/sarita/Documents/apache-airflow-project/.venv/lib/python3.9/site-packages/airflow/example_dags/example_xcom.py for tasks to queue
[2023-12-27T09:48:50.359+0545] {logging_mixin.py:188} INFO - [2023-12-27T09:48:50.359+0545] {dagbag.py:538} INFO - Filling up the DagBag from /home/sarita/Documents/apache-airflow-project/.venv/lib/python3.9/site-packages/airflow/example_dags/example_xcom.py
[2023-12-27T09:48:50.373+0545] {processor.py:840} INFO - DAG(s) 'example_xcom' retrieved from /home/sarita/Documents/apache-airflow-project/.venv/lib/python3.9/site-packages/airflow/example_dags/example_xcom.py
[2023-12-27T09:48:50.388+0545] {logging_mixin.py:188} INFO - [2023-12-27T09:48:50.388+0545] {dag.py:3033} INFO - Sync 1 DAGs
[2023-12-27T09:48:50.403+0545] {logging_mixin.py:188} INFO - [2023-12-27T09:48:50.403+0545] {dag.py:3820} INFO - Setting next_dagrun for example_xcom to 2021-01-01T00:00:00+00:00, run_after=2021-01-01T00:00:00+00:00
[2023-12-27T09:48:50.431+0545] {processor.py:183} INFO - Processing /home/sarita/Documents/apache-airflow-project/.venv/lib/python3.9/site-packages/airflow/example_dags/example_xcom.py took 0.085 seconds
[2023-12-27T09:49:45.248+0545] {processor.py:161} INFO - Started process (PID=8730) to work on /home/sarita/Documents/apache-airflow-project/.venv/lib/python3.9/site-packages/airflow/example_dags/example_xcom.py
[2023-12-27T09:49:45.251+0545] {processor.py:830} INFO - Processing file /home/sarita/Documents/apache-airflow-project/.venv/lib/python3.9/site-packages/airflow/example_dags/example_xcom.py for tasks to queue
[2023-12-27T09:49:45.252+0545] {logging_mixin.py:188} INFO - [2023-12-27T09:49:45.251+0545] {dagbag.py:538} INFO - Filling up the DagBag from /home/sarita/Documents/apache-airflow-project/.venv/lib/python3.9/site-packages/airflow/example_dags/example_xcom.py
[2023-12-27T09:49:45.259+0545] {processor.py:840} INFO - DAG(s) 'example_xcom' retrieved from /home/sarita/Documents/apache-airflow-project/.venv/lib/python3.9/site-packages/airflow/example_dags/example_xcom.py
[2023-12-27T09:49:45.271+0545] {logging_mixin.py:188} INFO - [2023-12-27T09:49:45.271+0545] {dag.py:3033} INFO - Sync 1 DAGs
[2023-12-27T09:49:45.286+0545] {logging_mixin.py:188} INFO - [2023-12-27T09:49:45.286+0545] {dag.py:3820} INFO - Setting next_dagrun for example_xcom to 2021-01-01T00:00:00+00:00, run_after=2021-01-01T00:00:00+00:00
[2023-12-27T09:49:45.305+0545] {processor.py:183} INFO - Processing /home/sarita/Documents/apache-airflow-project/.venv/lib/python3.9/site-packages/airflow/example_dags/example_xcom.py took 0.061 seconds
[2023-12-27T09:50:23.177+0545] {processor.py:161} INFO - Started process (PID=8781) to work on /home/sarita/Documents/apache-airflow-project/.venv/lib/python3.9/site-packages/airflow/example_dags/example_xcom.py
[2023-12-27T09:50:23.180+0545] {processor.py:830} INFO - Processing file /home/sarita/Documents/apache-airflow-project/.venv/lib/python3.9/site-packages/airflow/example_dags/example_xcom.py for tasks to queue
[2023-12-27T09:50:23.181+0545] {logging_mixin.py:188} INFO - [2023-12-27T09:50:23.181+0545] {dagbag.py:538} INFO - Filling up the DagBag from /home/sarita/Documents/apache-airflow-project/.venv/lib/python3.9/site-packages/airflow/example_dags/example_xcom.py
[2023-12-27T09:50:23.195+0545] {processor.py:840} INFO - DAG(s) 'example_xcom' retrieved from /home/sarita/Documents/apache-airflow-project/.venv/lib/python3.9/site-packages/airflow/example_dags/example_xcom.py
[2023-12-27T09:50:23.212+0545] {logging_mixin.py:188} INFO - [2023-12-27T09:50:23.212+0545] {dag.py:3033} INFO - Sync 1 DAGs
[2023-12-27T09:50:23.227+0545] {logging_mixin.py:188} INFO - [2023-12-27T09:50:23.227+0545] {dag.py:3820} INFO - Setting next_dagrun for example_xcom to 2021-01-01T00:00:00+00:00, run_after=2021-01-01T00:00:00+00:00
[2023-12-27T09:50:23.245+0545] {processor.py:183} INFO - Processing /home/sarita/Documents/apache-airflow-project/.venv/lib/python3.9/site-packages/airflow/example_dags/example_xcom.py took 0.073 seconds
[2023-12-27T09:51:02.313+0545] {processor.py:161} INFO - Started process (PID=8854) to work on /home/sarita/Documents/apache-airflow-project/.venv/lib/python3.9/site-packages/airflow/example_dags/example_xcom.py
[2023-12-27T09:51:02.315+0545] {processor.py:830} INFO - Processing file /home/sarita/Documents/apache-airflow-project/.venv/lib/python3.9/site-packages/airflow/example_dags/example_xcom.py for tasks to queue
[2023-12-27T09:51:02.316+0545] {logging_mixin.py:188} INFO - [2023-12-27T09:51:02.316+0545] {dagbag.py:538} INFO - Filling up the DagBag from /home/sarita/Documents/apache-airflow-project/.venv/lib/python3.9/site-packages/airflow/example_dags/example_xcom.py
[2023-12-27T09:51:02.322+0545] {processor.py:840} INFO - DAG(s) 'example_xcom' retrieved from /home/sarita/Documents/apache-airflow-project/.venv/lib/python3.9/site-packages/airflow/example_dags/example_xcom.py
[2023-12-27T09:51:02.335+0545] {logging_mixin.py:188} INFO - [2023-12-27T09:51:02.334+0545] {dag.py:3033} INFO - Sync 1 DAGs
[2023-12-27T09:51:02.352+0545] {logging_mixin.py:188} INFO - [2023-12-27T09:51:02.352+0545] {dag.py:3820} INFO - Setting next_dagrun for example_xcom to 2021-01-01T00:00:00+00:00, run_after=2021-01-01T00:00:00+00:00
[2023-12-27T09:51:02.372+0545] {processor.py:183} INFO - Processing /home/sarita/Documents/apache-airflow-project/.venv/lib/python3.9/site-packages/airflow/example_dags/example_xcom.py took 0.061 seconds
[2023-12-27T09:51:42.120+0545] {processor.py:161} INFO - Started process (PID=8903) to work on /home/sarita/Documents/apache-airflow-project/.venv/lib/python3.9/site-packages/airflow/example_dags/example_xcom.py
[2023-12-27T09:51:42.122+0545] {processor.py:830} INFO - Processing file /home/sarita/Documents/apache-airflow-project/.venv/lib/python3.9/site-packages/airflow/example_dags/example_xcom.py for tasks to queue
[2023-12-27T09:51:42.123+0545] {logging_mixin.py:188} INFO - [2023-12-27T09:51:42.122+0545] {dagbag.py:538} INFO - Filling up the DagBag from /home/sarita/Documents/apache-airflow-project/.venv/lib/python3.9/site-packages/airflow/example_dags/example_xcom.py
[2023-12-27T09:51:42.131+0545] {processor.py:840} INFO - DAG(s) 'example_xcom' retrieved from /home/sarita/Documents/apache-airflow-project/.venv/lib/python3.9/site-packages/airflow/example_dags/example_xcom.py
[2023-12-27T09:51:42.143+0545] {logging_mixin.py:188} INFO - [2023-12-27T09:51:42.143+0545] {dag.py:3033} INFO - Sync 1 DAGs
[2023-12-27T09:51:42.159+0545] {logging_mixin.py:188} INFO - [2023-12-27T09:51:42.159+0545] {dag.py:3820} INFO - Setting next_dagrun for example_xcom to 2021-01-01T00:00:00+00:00, run_after=2021-01-01T00:00:00+00:00
[2023-12-27T09:51:42.178+0545] {processor.py:183} INFO - Processing /home/sarita/Documents/apache-airflow-project/.venv/lib/python3.9/site-packages/airflow/example_dags/example_xcom.py took 0.062 seconds
[2023-12-27T09:52:47.989+0545] {processor.py:161} INFO - Started process (PID=9043) to work on /home/sarita/Documents/apache-airflow-project/.venv/lib/python3.9/site-packages/airflow/example_dags/example_xcom.py
[2023-12-27T09:52:48.010+0545] {processor.py:830} INFO - Processing file /home/sarita/Documents/apache-airflow-project/.venv/lib/python3.9/site-packages/airflow/example_dags/example_xcom.py for tasks to queue
[2023-12-27T09:52:48.011+0545] {logging_mixin.py:188} INFO - [2023-12-27T09:52:48.011+0545] {dagbag.py:538} INFO - Filling up the DagBag from /home/sarita/Documents/apache-airflow-project/.venv/lib/python3.9/site-packages/airflow/example_dags/example_xcom.py
[2023-12-27T09:52:48.020+0545] {processor.py:840} INFO - DAG(s) 'example_xcom' retrieved from /home/sarita/Documents/apache-airflow-project/.venv/lib/python3.9/site-packages/airflow/example_dags/example_xcom.py
[2023-12-27T09:52:48.040+0545] {logging_mixin.py:188} INFO - [2023-12-27T09:52:48.040+0545] {dag.py:3033} INFO - Sync 1 DAGs
[2023-12-27T09:52:48.084+0545] {logging_mixin.py:188} INFO - [2023-12-27T09:52:48.084+0545] {dag.py:3820} INFO - Setting next_dagrun for example_xcom to 2021-01-01T00:00:00+00:00, run_after=2021-01-01T00:00:00+00:00
[2023-12-27T09:52:48.137+0545] {processor.py:183} INFO - Processing /home/sarita/Documents/apache-airflow-project/.venv/lib/python3.9/site-packages/airflow/example_dags/example_xcom.py took 0.151 seconds
[2023-12-27T09:54:21.525+0545] {processor.py:161} INFO - Started process (PID=9215) to work on /home/sarita/Documents/apache-airflow-project/.venv/lib/python3.9/site-packages/airflow/example_dags/example_xcom.py
[2023-12-27T09:54:21.526+0545] {processor.py:830} INFO - Processing file /home/sarita/Documents/apache-airflow-project/.venv/lib/python3.9/site-packages/airflow/example_dags/example_xcom.py for tasks to queue
[2023-12-27T09:54:21.526+0545] {logging_mixin.py:188} INFO - [2023-12-27T09:54:21.526+0545] {dagbag.py:538} INFO - Filling up the DagBag from /home/sarita/Documents/apache-airflow-project/.venv/lib/python3.9/site-packages/airflow/example_dags/example_xcom.py
[2023-12-27T09:54:21.531+0545] {processor.py:840} INFO - DAG(s) 'example_xcom' retrieved from /home/sarita/Documents/apache-airflow-project/.venv/lib/python3.9/site-packages/airflow/example_dags/example_xcom.py
[2023-12-27T09:54:21.543+0545] {logging_mixin.py:188} INFO - [2023-12-27T09:54:21.542+0545] {dag.py:3033} INFO - Sync 1 DAGs
[2023-12-27T09:54:21.558+0545] {logging_mixin.py:188} INFO - [2023-12-27T09:54:21.558+0545] {dag.py:3820} INFO - Setting next_dagrun for example_xcom to 2021-01-01T00:00:00+00:00, run_after=2021-01-01T00:00:00+00:00
[2023-12-27T09:54:21.576+0545] {processor.py:183} INFO - Processing /home/sarita/Documents/apache-airflow-project/.venv/lib/python3.9/site-packages/airflow/example_dags/example_xcom.py took 0.053 seconds
[2023-12-27T12:15:28.289+0545] {processor.py:161} INFO - Started process (PID=12841) to work on /home/sarita/Documents/apache-airflow-project/.venv/lib/python3.9/site-packages/airflow/example_dags/example_xcom.py
[2023-12-27T12:15:28.290+0545] {processor.py:830} INFO - Processing file /home/sarita/Documents/apache-airflow-project/.venv/lib/python3.9/site-packages/airflow/example_dags/example_xcom.py for tasks to queue
[2023-12-27T12:15:28.290+0545] {logging_mixin.py:188} INFO - [2023-12-27T12:15:28.290+0545] {dagbag.py:538} INFO - Filling up the DagBag from /home/sarita/Documents/apache-airflow-project/.venv/lib/python3.9/site-packages/airflow/example_dags/example_xcom.py
[2023-12-27T12:15:28.296+0545] {processor.py:840} INFO - DAG(s) 'example_xcom' retrieved from /home/sarita/Documents/apache-airflow-project/.venv/lib/python3.9/site-packages/airflow/example_dags/example_xcom.py
[2023-12-27T12:15:28.379+0545] {logging_mixin.py:188} INFO - [2023-12-27T12:15:28.379+0545] {dag.py:3033} INFO - Sync 1 DAGs
[2023-12-27T12:15:28.393+0545] {logging_mixin.py:188} INFO - [2023-12-27T12:15:28.393+0545] {dag.py:3820} INFO - Setting next_dagrun for example_xcom to 2021-01-01T00:00:00+00:00, run_after=2021-01-01T00:00:00+00:00
[2023-12-27T12:15:28.410+0545] {processor.py:183} INFO - Processing /home/sarita/Documents/apache-airflow-project/.venv/lib/python3.9/site-packages/airflow/example_dags/example_xcom.py took 0.122 seconds
[2023-12-27T12:20:45.083+0545] {processor.py:161} INFO - Started process (PID=13768) to work on /home/sarita/Documents/apache-airflow-project/.venv/lib/python3.9/site-packages/airflow/example_dags/example_xcom.py
[2023-12-27T12:20:45.084+0545] {processor.py:830} INFO - Processing file /home/sarita/Documents/apache-airflow-project/.venv/lib/python3.9/site-packages/airflow/example_dags/example_xcom.py for tasks to queue
[2023-12-27T12:20:45.084+0545] {logging_mixin.py:188} INFO - [2023-12-27T12:20:45.084+0545] {dagbag.py:538} INFO - Filling up the DagBag from /home/sarita/Documents/apache-airflow-project/.venv/lib/python3.9/site-packages/airflow/example_dags/example_xcom.py
[2023-12-27T12:20:45.090+0545] {processor.py:840} INFO - DAG(s) 'example_xcom' retrieved from /home/sarita/Documents/apache-airflow-project/.venv/lib/python3.9/site-packages/airflow/example_dags/example_xcom.py
[2023-12-27T12:20:45.102+0545] {logging_mixin.py:188} INFO - [2023-12-27T12:20:45.102+0545] {dag.py:3033} INFO - Sync 1 DAGs
[2023-12-27T12:20:45.118+0545] {logging_mixin.py:188} INFO - [2023-12-27T12:20:45.118+0545] {dag.py:3820} INFO - Setting next_dagrun for example_xcom to 2021-01-01T00:00:00+00:00, run_after=2021-01-01T00:00:00+00:00
[2023-12-27T12:20:45.136+0545] {processor.py:183} INFO - Processing /home/sarita/Documents/apache-airflow-project/.venv/lib/python3.9/site-packages/airflow/example_dags/example_xcom.py took 0.055 seconds
[2023-12-27T12:39:16.511+0545] {processor.py:161} INFO - Started process (PID=15348) to work on /home/sarita/Documents/apache-airflow-project/.venv/lib/python3.9/site-packages/airflow/example_dags/example_xcom.py
[2023-12-27T12:39:16.513+0545] {processor.py:830} INFO - Processing file /home/sarita/Documents/apache-airflow-project/.venv/lib/python3.9/site-packages/airflow/example_dags/example_xcom.py for tasks to queue
[2023-12-27T12:39:16.515+0545] {logging_mixin.py:188} INFO - [2023-12-27T12:39:16.514+0545] {dagbag.py:538} INFO - Filling up the DagBag from /home/sarita/Documents/apache-airflow-project/.venv/lib/python3.9/site-packages/airflow/example_dags/example_xcom.py
[2023-12-27T12:39:16.527+0545] {processor.py:840} INFO - DAG(s) 'example_xcom' retrieved from /home/sarita/Documents/apache-airflow-project/.venv/lib/python3.9/site-packages/airflow/example_dags/example_xcom.py
[2023-12-27T12:39:16.619+0545] {logging_mixin.py:188} INFO - [2023-12-27T12:39:16.618+0545] {dag.py:3033} INFO - Sync 1 DAGs
[2023-12-27T12:39:16.634+0545] {logging_mixin.py:188} INFO - [2023-12-27T12:39:16.633+0545] {dag.py:3820} INFO - Setting next_dagrun for example_xcom to 2021-01-01T00:00:00+00:00, run_after=2021-01-01T00:00:00+00:00
[2023-12-27T12:39:16.651+0545] {processor.py:183} INFO - Processing /home/sarita/Documents/apache-airflow-project/.venv/lib/python3.9/site-packages/airflow/example_dags/example_xcom.py took 0.145 seconds
[2023-12-27T12:41:16.453+0545] {processor.py:161} INFO - Started process (PID=15714) to work on /home/sarita/Documents/apache-airflow-project/.venv/lib/python3.9/site-packages/airflow/example_dags/example_xcom.py
[2023-12-27T12:41:16.454+0545] {processor.py:830} INFO - Processing file /home/sarita/Documents/apache-airflow-project/.venv/lib/python3.9/site-packages/airflow/example_dags/example_xcom.py for tasks to queue
[2023-12-27T12:41:16.455+0545] {logging_mixin.py:188} INFO - [2023-12-27T12:41:16.454+0545] {dagbag.py:538} INFO - Filling up the DagBag from /home/sarita/Documents/apache-airflow-project/.venv/lib/python3.9/site-packages/airflow/example_dags/example_xcom.py
[2023-12-27T12:41:16.460+0545] {processor.py:840} INFO - DAG(s) 'example_xcom' retrieved from /home/sarita/Documents/apache-airflow-project/.venv/lib/python3.9/site-packages/airflow/example_dags/example_xcom.py
[2023-12-27T12:41:16.472+0545] {logging_mixin.py:188} INFO - [2023-12-27T12:41:16.472+0545] {dag.py:3033} INFO - Sync 1 DAGs
[2023-12-27T12:41:16.492+0545] {logging_mixin.py:188} INFO - [2023-12-27T12:41:16.492+0545] {dag.py:3820} INFO - Setting next_dagrun for example_xcom to 2021-01-01T00:00:00+00:00, run_after=2021-01-01T00:00:00+00:00
[2023-12-27T12:41:16.519+0545] {processor.py:183} INFO - Processing /home/sarita/Documents/apache-airflow-project/.venv/lib/python3.9/site-packages/airflow/example_dags/example_xcom.py took 0.067 seconds
[2023-12-27T12:43:02.131+0545] {processor.py:161} INFO - Started process (PID=16799) to work on /home/sarita/Documents/apache-airflow-project/.venv/lib/python3.9/site-packages/airflow/example_dags/example_xcom.py
[2023-12-27T12:43:02.132+0545] {processor.py:830} INFO - Processing file /home/sarita/Documents/apache-airflow-project/.venv/lib/python3.9/site-packages/airflow/example_dags/example_xcom.py for tasks to queue
[2023-12-27T12:43:02.133+0545] {logging_mixin.py:188} INFO - [2023-12-27T12:43:02.132+0545] {dagbag.py:538} INFO - Filling up the DagBag from /home/sarita/Documents/apache-airflow-project/.venv/lib/python3.9/site-packages/airflow/example_dags/example_xcom.py
[2023-12-27T12:43:02.138+0545] {processor.py:840} INFO - DAG(s) 'example_xcom' retrieved from /home/sarita/Documents/apache-airflow-project/.venv/lib/python3.9/site-packages/airflow/example_dags/example_xcom.py
[2023-12-27T12:43:02.150+0545] {logging_mixin.py:188} INFO - [2023-12-27T12:43:02.150+0545] {dag.py:3033} INFO - Sync 1 DAGs
[2023-12-27T12:43:02.165+0545] {logging_mixin.py:188} INFO - [2023-12-27T12:43:02.165+0545] {dag.py:3820} INFO - Setting next_dagrun for example_xcom to 2021-01-01T00:00:00+00:00, run_after=2021-01-01T00:00:00+00:00
[2023-12-27T12:43:02.185+0545] {processor.py:183} INFO - Processing /home/sarita/Documents/apache-airflow-project/.venv/lib/python3.9/site-packages/airflow/example_dags/example_xcom.py took 0.055 seconds
[2023-12-27T12:45:49.644+0545] {processor.py:161} INFO - Started process (PID=17072) to work on /home/sarita/Documents/apache-airflow-project/.venv/lib/python3.9/site-packages/airflow/example_dags/example_xcom.py
[2023-12-27T12:45:49.645+0545] {processor.py:830} INFO - Processing file /home/sarita/Documents/apache-airflow-project/.venv/lib/python3.9/site-packages/airflow/example_dags/example_xcom.py for tasks to queue
[2023-12-27T12:45:49.645+0545] {logging_mixin.py:188} INFO - [2023-12-27T12:45:49.645+0545] {dagbag.py:538} INFO - Filling up the DagBag from /home/sarita/Documents/apache-airflow-project/.venv/lib/python3.9/site-packages/airflow/example_dags/example_xcom.py
[2023-12-27T12:45:49.651+0545] {processor.py:840} INFO - DAG(s) 'example_xcom' retrieved from /home/sarita/Documents/apache-airflow-project/.venv/lib/python3.9/site-packages/airflow/example_dags/example_xcom.py
[2023-12-27T12:45:49.734+0545] {logging_mixin.py:188} INFO - [2023-12-27T12:45:49.734+0545] {dag.py:3033} INFO - Sync 1 DAGs
[2023-12-27T12:45:49.748+0545] {logging_mixin.py:188} INFO - [2023-12-27T12:45:49.748+0545] {dag.py:3820} INFO - Setting next_dagrun for example_xcom to 2021-01-01T00:00:00+00:00, run_after=2021-01-01T00:00:00+00:00
[2023-12-27T12:45:49.775+0545] {processor.py:183} INFO - Processing /home/sarita/Documents/apache-airflow-project/.venv/lib/python3.9/site-packages/airflow/example_dags/example_xcom.py took 0.133 seconds
[2023-12-27T12:52:21.405+0545] {processor.py:161} INFO - Started process (PID=17595) to work on /home/sarita/Documents/apache-airflow-project/.venv/lib/python3.9/site-packages/airflow/example_dags/example_xcom.py
[2023-12-27T12:52:21.409+0545] {processor.py:830} INFO - Processing file /home/sarita/Documents/apache-airflow-project/.venv/lib/python3.9/site-packages/airflow/example_dags/example_xcom.py for tasks to queue
[2023-12-27T12:52:21.411+0545] {logging_mixin.py:188} INFO - [2023-12-27T12:52:21.410+0545] {dagbag.py:538} INFO - Filling up the DagBag from /home/sarita/Documents/apache-airflow-project/.venv/lib/python3.9/site-packages/airflow/example_dags/example_xcom.py
[2023-12-27T12:52:21.430+0545] {processor.py:840} INFO - DAG(s) 'example_xcom' retrieved from /home/sarita/Documents/apache-airflow-project/.venv/lib/python3.9/site-packages/airflow/example_dags/example_xcom.py
[2023-12-27T12:52:21.521+0545] {logging_mixin.py:188} INFO - [2023-12-27T12:52:21.521+0545] {dag.py:3033} INFO - Sync 1 DAGs
[2023-12-27T12:52:21.536+0545] {logging_mixin.py:188} INFO - [2023-12-27T12:52:21.536+0545] {dag.py:3820} INFO - Setting next_dagrun for example_xcom to 2021-01-01T00:00:00+00:00, run_after=2021-01-01T00:00:00+00:00
[2023-12-27T12:52:21.554+0545] {processor.py:183} INFO - Processing /home/sarita/Documents/apache-airflow-project/.venv/lib/python3.9/site-packages/airflow/example_dags/example_xcom.py took 0.156 seconds
[2023-12-27T12:53:11.735+0545] {processor.py:161} INFO - Started process (PID=17702) to work on /home/sarita/Documents/apache-airflow-project/.venv/lib/python3.9/site-packages/airflow/example_dags/example_xcom.py
[2023-12-27T12:53:11.737+0545] {processor.py:830} INFO - Processing file /home/sarita/Documents/apache-airflow-project/.venv/lib/python3.9/site-packages/airflow/example_dags/example_xcom.py for tasks to queue
[2023-12-27T12:53:11.738+0545] {logging_mixin.py:188} INFO - [2023-12-27T12:53:11.737+0545] {dagbag.py:538} INFO - Filling up the DagBag from /home/sarita/Documents/apache-airflow-project/.venv/lib/python3.9/site-packages/airflow/example_dags/example_xcom.py
[2023-12-27T12:53:11.743+0545] {processor.py:840} INFO - DAG(s) 'example_xcom' retrieved from /home/sarita/Documents/apache-airflow-project/.venv/lib/python3.9/site-packages/airflow/example_dags/example_xcom.py
[2023-12-27T12:53:11.754+0545] {logging_mixin.py:188} INFO - [2023-12-27T12:53:11.754+0545] {dag.py:3033} INFO - Sync 1 DAGs
[2023-12-27T12:53:11.768+0545] {logging_mixin.py:188} INFO - [2023-12-27T12:53:11.768+0545] {dag.py:3820} INFO - Setting next_dagrun for example_xcom to 2021-01-01T00:00:00+00:00, run_after=2021-01-01T00:00:00+00:00
[2023-12-27T12:53:11.784+0545] {processor.py:183} INFO - Processing /home/sarita/Documents/apache-airflow-project/.venv/lib/python3.9/site-packages/airflow/example_dags/example_xcom.py took 0.051 seconds
[2023-12-27T12:54:40.497+0545] {processor.py:161} INFO - Started process (PID=17867) to work on /home/sarita/Documents/apache-airflow-project/.venv/lib/python3.9/site-packages/airflow/example_dags/example_xcom.py
[2023-12-27T12:54:40.501+0545] {processor.py:830} INFO - Processing file /home/sarita/Documents/apache-airflow-project/.venv/lib/python3.9/site-packages/airflow/example_dags/example_xcom.py for tasks to queue
[2023-12-27T12:54:40.503+0545] {logging_mixin.py:188} INFO - [2023-12-27T12:54:40.502+0545] {dagbag.py:538} INFO - Filling up the DagBag from /home/sarita/Documents/apache-airflow-project/.venv/lib/python3.9/site-packages/airflow/example_dags/example_xcom.py
[2023-12-27T12:54:40.524+0545] {processor.py:840} INFO - DAG(s) 'example_xcom' retrieved from /home/sarita/Documents/apache-airflow-project/.venv/lib/python3.9/site-packages/airflow/example_dags/example_xcom.py
[2023-12-27T12:54:40.614+0545] {logging_mixin.py:188} INFO - [2023-12-27T12:54:40.614+0545] {dag.py:3033} INFO - Sync 1 DAGs
[2023-12-27T12:54:40.630+0545] {logging_mixin.py:188} INFO - [2023-12-27T12:54:40.630+0545] {dag.py:3820} INFO - Setting next_dagrun for example_xcom to 2021-01-01T00:00:00+00:00, run_after=2021-01-01T00:00:00+00:00
[2023-12-27T12:54:40.647+0545] {processor.py:183} INFO - Processing /home/sarita/Documents/apache-airflow-project/.venv/lib/python3.9/site-packages/airflow/example_dags/example_xcom.py took 0.157 seconds
[2023-12-27T12:57:56.764+0545] {processor.py:161} INFO - Started process (PID=18054) to work on /home/sarita/Documents/apache-airflow-project/.venv/lib/python3.9/site-packages/airflow/example_dags/example_xcom.py
[2023-12-27T12:57:56.766+0545] {processor.py:830} INFO - Processing file /home/sarita/Documents/apache-airflow-project/.venv/lib/python3.9/site-packages/airflow/example_dags/example_xcom.py for tasks to queue
[2023-12-27T12:57:56.767+0545] {logging_mixin.py:188} INFO - [2023-12-27T12:57:56.767+0545] {dagbag.py:538} INFO - Filling up the DagBag from /home/sarita/Documents/apache-airflow-project/.venv/lib/python3.9/site-packages/airflow/example_dags/example_xcom.py
[2023-12-27T12:57:56.775+0545] {processor.py:840} INFO - DAG(s) 'example_xcom' retrieved from /home/sarita/Documents/apache-airflow-project/.venv/lib/python3.9/site-packages/airflow/example_dags/example_xcom.py
[2023-12-27T12:57:56.856+0545] {logging_mixin.py:188} INFO - [2023-12-27T12:57:56.856+0545] {dag.py:3033} INFO - Sync 1 DAGs
[2023-12-27T12:57:56.869+0545] {logging_mixin.py:188} INFO - [2023-12-27T12:57:56.869+0545] {dag.py:3820} INFO - Setting next_dagrun for example_xcom to 2021-01-01T00:00:00+00:00, run_after=2021-01-01T00:00:00+00:00
[2023-12-27T12:57:56.886+0545] {processor.py:183} INFO - Processing /home/sarita/Documents/apache-airflow-project/.venv/lib/python3.9/site-packages/airflow/example_dags/example_xcom.py took 0.124 seconds
[2023-12-27T16:15:47.003+0545] {processor.py:161} INFO - Started process (PID=24791) to work on /home/sarita/Documents/apache-airflow-project/.venv/lib/python3.9/site-packages/airflow/example_dags/example_xcom.py
[2023-12-27T16:15:47.006+0545] {processor.py:830} INFO - Processing file /home/sarita/Documents/apache-airflow-project/.venv/lib/python3.9/site-packages/airflow/example_dags/example_xcom.py for tasks to queue
[2023-12-27T16:15:47.009+0545] {logging_mixin.py:188} INFO - [2023-12-27T16:15:47.008+0545] {dagbag.py:538} INFO - Filling up the DagBag from /home/sarita/Documents/apache-airflow-project/.venv/lib/python3.9/site-packages/airflow/example_dags/example_xcom.py
[2023-12-27T16:15:47.026+0545] {processor.py:840} INFO - DAG(s) 'example_xcom' retrieved from /home/sarita/Documents/apache-airflow-project/.venv/lib/python3.9/site-packages/airflow/example_dags/example_xcom.py
[2023-12-27T16:15:47.116+0545] {logging_mixin.py:188} INFO - [2023-12-27T16:15:47.115+0545] {dag.py:3033} INFO - Sync 1 DAGs
[2023-12-27T16:15:47.131+0545] {logging_mixin.py:188} INFO - [2023-12-27T16:15:47.131+0545] {dag.py:3820} INFO - Setting next_dagrun for example_xcom to 2021-01-01T00:00:00+00:00, run_after=2021-01-01T00:00:00+00:00
[2023-12-27T16:15:47.150+0545] {processor.py:183} INFO - Processing /home/sarita/Documents/apache-airflow-project/.venv/lib/python3.9/site-packages/airflow/example_dags/example_xcom.py took 0.155 seconds
