[2023-12-27T09:36:55.151+0545] {processor.py:161} INFO - Started process (PID=6918) to work on /home/sarita/Documents/apache-airflow-project/.venv/lib/python3.9/site-packages/airflow/example_dags/example_short_circuit_decorator.py
[2023-12-27T09:36:55.151+0545] {processor.py:830} INFO - Processing file /home/sarita/Documents/apache-airflow-project/.venv/lib/python3.9/site-packages/airflow/example_dags/example_short_circuit_decorator.py for tasks to queue
[2023-12-27T09:36:55.152+0545] {logging_mixin.py:188} INFO - [2023-12-27T09:36:55.152+0545] {dagbag.py:538} INFO - Filling up the DagBag from /home/sarita/Documents/apache-airflow-project/.venv/lib/python3.9/site-packages/airflow/example_dags/example_short_circuit_decorator.py
[2023-12-27T09:36:55.159+0545] {processor.py:840} INFO - DAG(s) 'example_short_circuit_decorator' retrieved from /home/sarita/Documents/apache-airflow-project/.venv/lib/python3.9/site-packages/airflow/example_dags/example_short_circuit_decorator.py
[2023-12-27T09:36:55.175+0545] {logging_mixin.py:188} INFO - [2023-12-27T09:36:55.174+0545] {dag.py:3033} INFO - Sync 1 DAGs
[2023-12-27T09:36:55.191+0545] {logging_mixin.py:188} INFO - [2023-12-27T09:36:55.191+0545] {dag.py:3820} INFO - Setting next_dagrun for example_short_circuit_decorator to 2023-12-26T00:00:00+00:00, run_after=2023-12-27T00:00:00+00:00
[2023-12-27T09:36:55.214+0545] {processor.py:183} INFO - Processing /home/sarita/Documents/apache-airflow-project/.venv/lib/python3.9/site-packages/airflow/example_dags/example_short_circuit_decorator.py took 0.065 seconds
[2023-12-27T09:37:41.599+0545] {processor.py:161} INFO - Started process (PID=6974) to work on /home/sarita/Documents/apache-airflow-project/.venv/lib/python3.9/site-packages/airflow/example_dags/example_short_circuit_decorator.py
[2023-12-27T09:37:41.601+0545] {processor.py:830} INFO - Processing file /home/sarita/Documents/apache-airflow-project/.venv/lib/python3.9/site-packages/airflow/example_dags/example_short_circuit_decorator.py for tasks to queue
[2023-12-27T09:37:41.603+0545] {logging_mixin.py:188} INFO - [2023-12-27T09:37:41.602+0545] {dagbag.py:538} INFO - Filling up the DagBag from /home/sarita/Documents/apache-airflow-project/.venv/lib/python3.9/site-packages/airflow/example_dags/example_short_circuit_decorator.py
[2023-12-27T09:37:41.614+0545] {processor.py:840} INFO - DAG(s) 'example_short_circuit_decorator' retrieved from /home/sarita/Documents/apache-airflow-project/.venv/lib/python3.9/site-packages/airflow/example_dags/example_short_circuit_decorator.py
[2023-12-27T09:37:41.629+0545] {logging_mixin.py:188} INFO - [2023-12-27T09:37:41.629+0545] {dag.py:3033} INFO - Sync 1 DAGs
[2023-12-27T09:37:41.645+0545] {logging_mixin.py:188} INFO - [2023-12-27T09:37:41.645+0545] {dag.py:3820} INFO - Setting next_dagrun for example_short_circuit_decorator to 2023-12-26T00:00:00+00:00, run_after=2023-12-27T00:00:00+00:00
[2023-12-27T09:37:41.662+0545] {processor.py:183} INFO - Processing /home/sarita/Documents/apache-airflow-project/.venv/lib/python3.9/site-packages/airflow/example_dags/example_short_circuit_decorator.py took 0.067 seconds
[2023-12-27T09:38:30.507+0545] {processor.py:161} INFO - Started process (PID=7043) to work on /home/sarita/Documents/apache-airflow-project/.venv/lib/python3.9/site-packages/airflow/example_dags/example_short_circuit_decorator.py
[2023-12-27T09:38:30.509+0545] {processor.py:830} INFO - Processing file /home/sarita/Documents/apache-airflow-project/.venv/lib/python3.9/site-packages/airflow/example_dags/example_short_circuit_decorator.py for tasks to queue
[2023-12-27T09:38:30.510+0545] {logging_mixin.py:188} INFO - [2023-12-27T09:38:30.509+0545] {dagbag.py:538} INFO - Filling up the DagBag from /home/sarita/Documents/apache-airflow-project/.venv/lib/python3.9/site-packages/airflow/example_dags/example_short_circuit_decorator.py
[2023-12-27T09:38:30.517+0545] {processor.py:840} INFO - DAG(s) 'example_short_circuit_decorator' retrieved from /home/sarita/Documents/apache-airflow-project/.venv/lib/python3.9/site-packages/airflow/example_dags/example_short_circuit_decorator.py
[2023-12-27T09:38:30.530+0545] {logging_mixin.py:188} INFO - [2023-12-27T09:38:30.530+0545] {dag.py:3033} INFO - Sync 1 DAGs
[2023-12-27T09:38:30.545+0545] {logging_mixin.py:188} INFO - [2023-12-27T09:38:30.545+0545] {dag.py:3820} INFO - Setting next_dagrun for example_short_circuit_decorator to 2023-12-26T00:00:00+00:00, run_after=2023-12-27T00:00:00+00:00
[2023-12-27T09:38:30.563+0545] {processor.py:183} INFO - Processing /home/sarita/Documents/apache-airflow-project/.venv/lib/python3.9/site-packages/airflow/example_dags/example_short_circuit_decorator.py took 0.058 seconds
[2023-12-27T09:39:25.078+0545] {processor.py:161} INFO - Started process (PID=7156) to work on /home/sarita/Documents/apache-airflow-project/.venv/lib/python3.9/site-packages/airflow/example_dags/example_short_circuit_decorator.py
[2023-12-27T09:39:25.081+0545] {processor.py:830} INFO - Processing file /home/sarita/Documents/apache-airflow-project/.venv/lib/python3.9/site-packages/airflow/example_dags/example_short_circuit_decorator.py for tasks to queue
[2023-12-27T09:39:25.082+0545] {logging_mixin.py:188} INFO - [2023-12-27T09:39:25.082+0545] {dagbag.py:538} INFO - Filling up the DagBag from /home/sarita/Documents/apache-airflow-project/.venv/lib/python3.9/site-packages/airflow/example_dags/example_short_circuit_decorator.py
[2023-12-27T09:39:25.096+0545] {processor.py:840} INFO - DAG(s) 'example_short_circuit_decorator' retrieved from /home/sarita/Documents/apache-airflow-project/.venv/lib/python3.9/site-packages/airflow/example_dags/example_short_circuit_decorator.py
[2023-12-27T09:39:25.112+0545] {logging_mixin.py:188} INFO - [2023-12-27T09:39:25.112+0545] {dag.py:3033} INFO - Sync 1 DAGs
[2023-12-27T09:39:25.128+0545] {logging_mixin.py:188} INFO - [2023-12-27T09:39:25.128+0545] {dag.py:3820} INFO - Setting next_dagrun for example_short_circuit_decorator to 2023-12-26T00:00:00+00:00, run_after=2023-12-27T00:00:00+00:00
[2023-12-27T09:39:25.148+0545] {processor.py:183} INFO - Processing /home/sarita/Documents/apache-airflow-project/.venv/lib/python3.9/site-packages/airflow/example_dags/example_short_circuit_decorator.py took 0.075 seconds
[2023-12-27T09:40:22.467+0545] {processor.py:161} INFO - Started process (PID=7261) to work on /home/sarita/Documents/apache-airflow-project/.venv/lib/python3.9/site-packages/airflow/example_dags/example_short_circuit_decorator.py
[2023-12-27T09:40:22.470+0545] {processor.py:830} INFO - Processing file /home/sarita/Documents/apache-airflow-project/.venv/lib/python3.9/site-packages/airflow/example_dags/example_short_circuit_decorator.py for tasks to queue
[2023-12-27T09:40:22.471+0545] {logging_mixin.py:188} INFO - [2023-12-27T09:40:22.471+0545] {dagbag.py:538} INFO - Filling up the DagBag from /home/sarita/Documents/apache-airflow-project/.venv/lib/python3.9/site-packages/airflow/example_dags/example_short_circuit_decorator.py
[2023-12-27T09:40:22.481+0545] {processor.py:840} INFO - DAG(s) 'example_short_circuit_decorator' retrieved from /home/sarita/Documents/apache-airflow-project/.venv/lib/python3.9/site-packages/airflow/example_dags/example_short_circuit_decorator.py
[2023-12-27T09:40:22.495+0545] {logging_mixin.py:188} INFO - [2023-12-27T09:40:22.495+0545] {dag.py:3033} INFO - Sync 1 DAGs
[2023-12-27T09:40:22.511+0545] {logging_mixin.py:188} INFO - [2023-12-27T09:40:22.511+0545] {dag.py:3820} INFO - Setting next_dagrun for example_short_circuit_decorator to 2023-12-26T00:00:00+00:00, run_after=2023-12-27T00:00:00+00:00
[2023-12-27T09:40:22.529+0545] {processor.py:183} INFO - Processing /home/sarita/Documents/apache-airflow-project/.venv/lib/python3.9/site-packages/airflow/example_dags/example_short_circuit_decorator.py took 0.066 seconds
[2023-12-27T09:41:13.245+0545] {processor.py:161} INFO - Started process (PID=7515) to work on /home/sarita/Documents/apache-airflow-project/.venv/lib/python3.9/site-packages/airflow/example_dags/example_short_circuit_decorator.py
[2023-12-27T09:41:13.249+0545] {processor.py:830} INFO - Processing file /home/sarita/Documents/apache-airflow-project/.venv/lib/python3.9/site-packages/airflow/example_dags/example_short_circuit_decorator.py for tasks to queue
[2023-12-27T09:41:13.252+0545] {logging_mixin.py:188} INFO - [2023-12-27T09:41:13.251+0545] {dagbag.py:538} INFO - Filling up the DagBag from /home/sarita/Documents/apache-airflow-project/.venv/lib/python3.9/site-packages/airflow/example_dags/example_short_circuit_decorator.py
[2023-12-27T09:41:13.291+0545] {processor.py:840} INFO - DAG(s) 'example_short_circuit_decorator' retrieved from /home/sarita/Documents/apache-airflow-project/.venv/lib/python3.9/site-packages/airflow/example_dags/example_short_circuit_decorator.py
[2023-12-27T09:41:13.323+0545] {logging_mixin.py:188} INFO - [2023-12-27T09:41:13.323+0545] {dag.py:3033} INFO - Sync 1 DAGs
[2023-12-27T09:41:13.344+0545] {logging_mixin.py:188} INFO - [2023-12-27T09:41:13.344+0545] {dag.py:3820} INFO - Setting next_dagrun for example_short_circuit_decorator to 2023-12-26T00:00:00+00:00, run_after=2023-12-27T00:00:00+00:00
[2023-12-27T09:41:13.366+0545] {processor.py:183} INFO - Processing /home/sarita/Documents/apache-airflow-project/.venv/lib/python3.9/site-packages/airflow/example_dags/example_short_circuit_decorator.py took 0.130 seconds
[2023-12-27T09:42:10.739+0545] {processor.py:161} INFO - Started process (PID=7748) to work on /home/sarita/Documents/apache-airflow-project/.venv/lib/python3.9/site-packages/airflow/example_dags/example_short_circuit_decorator.py
[2023-12-27T09:42:10.741+0545] {processor.py:830} INFO - Processing file /home/sarita/Documents/apache-airflow-project/.venv/lib/python3.9/site-packages/airflow/example_dags/example_short_circuit_decorator.py for tasks to queue
[2023-12-27T09:42:10.742+0545] {logging_mixin.py:188} INFO - [2023-12-27T09:42:10.741+0545] {dagbag.py:538} INFO - Filling up the DagBag from /home/sarita/Documents/apache-airflow-project/.venv/lib/python3.9/site-packages/airflow/example_dags/example_short_circuit_decorator.py
[2023-12-27T09:42:10.751+0545] {processor.py:840} INFO - DAG(s) 'example_short_circuit_decorator' retrieved from /home/sarita/Documents/apache-airflow-project/.venv/lib/python3.9/site-packages/airflow/example_dags/example_short_circuit_decorator.py
[2023-12-27T09:42:10.767+0545] {logging_mixin.py:188} INFO - [2023-12-27T09:42:10.767+0545] {dag.py:3033} INFO - Sync 1 DAGs
[2023-12-27T09:42:10.783+0545] {logging_mixin.py:188} INFO - [2023-12-27T09:42:10.783+0545] {dag.py:3820} INFO - Setting next_dagrun for example_short_circuit_decorator to 2023-12-26T00:00:00+00:00, run_after=2023-12-27T00:00:00+00:00
[2023-12-27T09:42:10.802+0545] {processor.py:183} INFO - Processing /home/sarita/Documents/apache-airflow-project/.venv/lib/python3.9/site-packages/airflow/example_dags/example_short_circuit_decorator.py took 0.065 seconds
[2023-12-27T09:43:02.473+0545] {processor.py:161} INFO - Started process (PID=7837) to work on /home/sarita/Documents/apache-airflow-project/.venv/lib/python3.9/site-packages/airflow/example_dags/example_short_circuit_decorator.py
[2023-12-27T09:43:02.475+0545] {processor.py:830} INFO - Processing file /home/sarita/Documents/apache-airflow-project/.venv/lib/python3.9/site-packages/airflow/example_dags/example_short_circuit_decorator.py for tasks to queue
[2023-12-27T09:43:02.476+0545] {logging_mixin.py:188} INFO - [2023-12-27T09:43:02.476+0545] {dagbag.py:538} INFO - Filling up the DagBag from /home/sarita/Documents/apache-airflow-project/.venv/lib/python3.9/site-packages/airflow/example_dags/example_short_circuit_decorator.py
[2023-12-27T09:43:02.484+0545] {processor.py:840} INFO - DAG(s) 'example_short_circuit_decorator' retrieved from /home/sarita/Documents/apache-airflow-project/.venv/lib/python3.9/site-packages/airflow/example_dags/example_short_circuit_decorator.py
[2023-12-27T09:43:02.497+0545] {logging_mixin.py:188} INFO - [2023-12-27T09:43:02.497+0545] {dag.py:3033} INFO - Sync 1 DAGs
[2023-12-27T09:43:02.513+0545] {logging_mixin.py:188} INFO - [2023-12-27T09:43:02.513+0545] {dag.py:3820} INFO - Setting next_dagrun for example_short_circuit_decorator to 2023-12-26T00:00:00+00:00, run_after=2023-12-27T00:00:00+00:00
[2023-12-27T09:43:02.531+0545] {processor.py:183} INFO - Processing /home/sarita/Documents/apache-airflow-project/.venv/lib/python3.9/site-packages/airflow/example_dags/example_short_circuit_decorator.py took 0.061 seconds
[2023-12-27T09:43:56.031+0545] {processor.py:161} INFO - Started process (PID=7911) to work on /home/sarita/Documents/apache-airflow-project/.venv/lib/python3.9/site-packages/airflow/example_dags/example_short_circuit_decorator.py
[2023-12-27T09:43:56.033+0545] {processor.py:830} INFO - Processing file /home/sarita/Documents/apache-airflow-project/.venv/lib/python3.9/site-packages/airflow/example_dags/example_short_circuit_decorator.py for tasks to queue
[2023-12-27T09:43:56.034+0545] {logging_mixin.py:188} INFO - [2023-12-27T09:43:56.034+0545] {dagbag.py:538} INFO - Filling up the DagBag from /home/sarita/Documents/apache-airflow-project/.venv/lib/python3.9/site-packages/airflow/example_dags/example_short_circuit_decorator.py
[2023-12-27T09:43:56.044+0545] {processor.py:840} INFO - DAG(s) 'example_short_circuit_decorator' retrieved from /home/sarita/Documents/apache-airflow-project/.venv/lib/python3.9/site-packages/airflow/example_dags/example_short_circuit_decorator.py
[2023-12-27T09:43:56.058+0545] {logging_mixin.py:188} INFO - [2023-12-27T09:43:56.057+0545] {dag.py:3033} INFO - Sync 1 DAGs
[2023-12-27T09:43:56.073+0545] {logging_mixin.py:188} INFO - [2023-12-27T09:43:56.073+0545] {dag.py:3820} INFO - Setting next_dagrun for example_short_circuit_decorator to 2023-12-26T00:00:00+00:00, run_after=2023-12-27T00:00:00+00:00
[2023-12-27T09:43:56.091+0545] {processor.py:183} INFO - Processing /home/sarita/Documents/apache-airflow-project/.venv/lib/python3.9/site-packages/airflow/example_dags/example_short_circuit_decorator.py took 0.064 seconds
[2023-12-27T09:44:51.088+0545] {processor.py:161} INFO - Started process (PID=7987) to work on /home/sarita/Documents/apache-airflow-project/.venv/lib/python3.9/site-packages/airflow/example_dags/example_short_circuit_decorator.py
[2023-12-27T09:44:51.090+0545] {processor.py:830} INFO - Processing file /home/sarita/Documents/apache-airflow-project/.venv/lib/python3.9/site-packages/airflow/example_dags/example_short_circuit_decorator.py for tasks to queue
[2023-12-27T09:44:51.091+0545] {logging_mixin.py:188} INFO - [2023-12-27T09:44:51.090+0545] {dagbag.py:538} INFO - Filling up the DagBag from /home/sarita/Documents/apache-airflow-project/.venv/lib/python3.9/site-packages/airflow/example_dags/example_short_circuit_decorator.py
[2023-12-27T09:44:51.099+0545] {processor.py:840} INFO - DAG(s) 'example_short_circuit_decorator' retrieved from /home/sarita/Documents/apache-airflow-project/.venv/lib/python3.9/site-packages/airflow/example_dags/example_short_circuit_decorator.py
[2023-12-27T09:44:51.113+0545] {logging_mixin.py:188} INFO - [2023-12-27T09:44:51.113+0545] {dag.py:3033} INFO - Sync 1 DAGs
[2023-12-27T09:44:51.129+0545] {logging_mixin.py:188} INFO - [2023-12-27T09:44:51.128+0545] {dag.py:3820} INFO - Setting next_dagrun for example_short_circuit_decorator to 2023-12-26T00:00:00+00:00, run_after=2023-12-27T00:00:00+00:00
[2023-12-27T09:44:51.146+0545] {processor.py:183} INFO - Processing /home/sarita/Documents/apache-airflow-project/.venv/lib/python3.9/site-packages/airflow/example_dags/example_short_circuit_decorator.py took 0.061 seconds
[2023-12-27T09:45:47.788+0545] {processor.py:161} INFO - Started process (PID=8448) to work on /home/sarita/Documents/apache-airflow-project/.venv/lib/python3.9/site-packages/airflow/example_dags/example_short_circuit_decorator.py
[2023-12-27T09:45:47.790+0545] {processor.py:830} INFO - Processing file /home/sarita/Documents/apache-airflow-project/.venv/lib/python3.9/site-packages/airflow/example_dags/example_short_circuit_decorator.py for tasks to queue
[2023-12-27T09:45:47.792+0545] {logging_mixin.py:188} INFO - [2023-12-27T09:45:47.792+0545] {dagbag.py:538} INFO - Filling up the DagBag from /home/sarita/Documents/apache-airflow-project/.venv/lib/python3.9/site-packages/airflow/example_dags/example_short_circuit_decorator.py
[2023-12-27T09:45:47.818+0545] {processor.py:840} INFO - DAG(s) 'example_short_circuit_decorator' retrieved from /home/sarita/Documents/apache-airflow-project/.venv/lib/python3.9/site-packages/airflow/example_dags/example_short_circuit_decorator.py
[2023-12-27T09:45:47.837+0545] {logging_mixin.py:188} INFO - [2023-12-27T09:45:47.837+0545] {dag.py:3033} INFO - Sync 1 DAGs
[2023-12-27T09:45:47.852+0545] {logging_mixin.py:188} INFO - [2023-12-27T09:45:47.852+0545] {dag.py:3820} INFO - Setting next_dagrun for example_short_circuit_decorator to 2023-12-26T00:00:00+00:00, run_after=2023-12-27T00:00:00+00:00
[2023-12-27T09:45:47.869+0545] {processor.py:183} INFO - Processing /home/sarita/Documents/apache-airflow-project/.venv/lib/python3.9/site-packages/airflow/example_dags/example_short_circuit_decorator.py took 0.085 seconds
[2023-12-27T09:46:40.900+0545] {processor.py:161} INFO - Started process (PID=8514) to work on /home/sarita/Documents/apache-airflow-project/.venv/lib/python3.9/site-packages/airflow/example_dags/example_short_circuit_decorator.py
[2023-12-27T09:46:40.902+0545] {processor.py:830} INFO - Processing file /home/sarita/Documents/apache-airflow-project/.venv/lib/python3.9/site-packages/airflow/example_dags/example_short_circuit_decorator.py for tasks to queue
[2023-12-27T09:46:40.903+0545] {logging_mixin.py:188} INFO - [2023-12-27T09:46:40.903+0545] {dagbag.py:538} INFO - Filling up the DagBag from /home/sarita/Documents/apache-airflow-project/.venv/lib/python3.9/site-packages/airflow/example_dags/example_short_circuit_decorator.py
[2023-12-27T09:46:40.912+0545] {processor.py:840} INFO - DAG(s) 'example_short_circuit_decorator' retrieved from /home/sarita/Documents/apache-airflow-project/.venv/lib/python3.9/site-packages/airflow/example_dags/example_short_circuit_decorator.py
[2023-12-27T09:46:40.927+0545] {logging_mixin.py:188} INFO - [2023-12-27T09:46:40.926+0545] {dag.py:3033} INFO - Sync 1 DAGs
[2023-12-27T09:46:40.943+0545] {logging_mixin.py:188} INFO - [2023-12-27T09:46:40.943+0545] {dag.py:3820} INFO - Setting next_dagrun for example_short_circuit_decorator to 2023-12-26T00:00:00+00:00, run_after=2023-12-27T00:00:00+00:00
[2023-12-27T09:46:40.961+0545] {processor.py:183} INFO - Processing /home/sarita/Documents/apache-airflow-project/.venv/lib/python3.9/site-packages/airflow/example_dags/example_short_circuit_decorator.py took 0.065 seconds
[2023-12-27T09:47:39.421+0545] {processor.py:161} INFO - Started process (PID=8574) to work on /home/sarita/Documents/apache-airflow-project/.venv/lib/python3.9/site-packages/airflow/example_dags/example_short_circuit_decorator.py
[2023-12-27T09:47:39.425+0545] {processor.py:830} INFO - Processing file /home/sarita/Documents/apache-airflow-project/.venv/lib/python3.9/site-packages/airflow/example_dags/example_short_circuit_decorator.py for tasks to queue
[2023-12-27T09:47:39.426+0545] {logging_mixin.py:188} INFO - [2023-12-27T09:47:39.426+0545] {dagbag.py:538} INFO - Filling up the DagBag from /home/sarita/Documents/apache-airflow-project/.venv/lib/python3.9/site-packages/airflow/example_dags/example_short_circuit_decorator.py
[2023-12-27T09:47:39.439+0545] {processor.py:840} INFO - DAG(s) 'example_short_circuit_decorator' retrieved from /home/sarita/Documents/apache-airflow-project/.venv/lib/python3.9/site-packages/airflow/example_dags/example_short_circuit_decorator.py
[2023-12-27T09:47:39.455+0545] {logging_mixin.py:188} INFO - [2023-12-27T09:47:39.455+0545] {dag.py:3033} INFO - Sync 1 DAGs
[2023-12-27T09:47:39.471+0545] {logging_mixin.py:188} INFO - [2023-12-27T09:47:39.471+0545] {dag.py:3820} INFO - Setting next_dagrun for example_short_circuit_decorator to 2023-12-26T00:00:00+00:00, run_after=2023-12-27T00:00:00+00:00
[2023-12-27T09:47:39.489+0545] {processor.py:183} INFO - Processing /home/sarita/Documents/apache-airflow-project/.venv/lib/python3.9/site-packages/airflow/example_dags/example_short_circuit_decorator.py took 0.076 seconds
[2023-12-27T09:48:37.149+0545] {processor.py:161} INFO - Started process (PID=8659) to work on /home/sarita/Documents/apache-airflow-project/.venv/lib/python3.9/site-packages/airflow/example_dags/example_short_circuit_decorator.py
[2023-12-27T09:48:37.151+0545] {processor.py:830} INFO - Processing file /home/sarita/Documents/apache-airflow-project/.venv/lib/python3.9/site-packages/airflow/example_dags/example_short_circuit_decorator.py for tasks to queue
[2023-12-27T09:48:37.153+0545] {logging_mixin.py:188} INFO - [2023-12-27T09:48:37.152+0545] {dagbag.py:538} INFO - Filling up the DagBag from /home/sarita/Documents/apache-airflow-project/.venv/lib/python3.9/site-packages/airflow/example_dags/example_short_circuit_decorator.py
[2023-12-27T09:48:37.167+0545] {processor.py:840} INFO - DAG(s) 'example_short_circuit_decorator' retrieved from /home/sarita/Documents/apache-airflow-project/.venv/lib/python3.9/site-packages/airflow/example_dags/example_short_circuit_decorator.py
[2023-12-27T09:48:37.188+0545] {logging_mixin.py:188} INFO - [2023-12-27T09:48:37.187+0545] {dag.py:3033} INFO - Sync 1 DAGs
[2023-12-27T09:48:37.204+0545] {logging_mixin.py:188} INFO - [2023-12-27T09:48:37.204+0545] {dag.py:3820} INFO - Setting next_dagrun for example_short_circuit_decorator to 2023-12-26T00:00:00+00:00, run_after=2023-12-27T00:00:00+00:00
[2023-12-27T09:48:37.222+0545] {processor.py:183} INFO - Processing /home/sarita/Documents/apache-airflow-project/.venv/lib/python3.9/site-packages/airflow/example_dags/example_short_circuit_decorator.py took 0.077 seconds
[2023-12-27T09:49:30.811+0545] {processor.py:161} INFO - Started process (PID=8715) to work on /home/sarita/Documents/apache-airflow-project/.venv/lib/python3.9/site-packages/airflow/example_dags/example_short_circuit_decorator.py
[2023-12-27T09:49:30.813+0545] {processor.py:830} INFO - Processing file /home/sarita/Documents/apache-airflow-project/.venv/lib/python3.9/site-packages/airflow/example_dags/example_short_circuit_decorator.py for tasks to queue
[2023-12-27T09:49:30.814+0545] {logging_mixin.py:188} INFO - [2023-12-27T09:49:30.813+0545] {dagbag.py:538} INFO - Filling up the DagBag from /home/sarita/Documents/apache-airflow-project/.venv/lib/python3.9/site-packages/airflow/example_dags/example_short_circuit_decorator.py
[2023-12-27T09:49:30.820+0545] {processor.py:840} INFO - DAG(s) 'example_short_circuit_decorator' retrieved from /home/sarita/Documents/apache-airflow-project/.venv/lib/python3.9/site-packages/airflow/example_dags/example_short_circuit_decorator.py
[2023-12-27T09:49:30.834+0545] {logging_mixin.py:188} INFO - [2023-12-27T09:49:30.834+0545] {dag.py:3033} INFO - Sync 1 DAGs
[2023-12-27T09:49:30.849+0545] {logging_mixin.py:188} INFO - [2023-12-27T09:49:30.849+0545] {dag.py:3820} INFO - Setting next_dagrun for example_short_circuit_decorator to 2023-12-26T00:00:00+00:00, run_after=2023-12-27T00:00:00+00:00
[2023-12-27T09:49:30.866+0545] {processor.py:183} INFO - Processing /home/sarita/Documents/apache-airflow-project/.venv/lib/python3.9/site-packages/airflow/example_dags/example_short_circuit_decorator.py took 0.057 seconds
[2023-12-27T09:50:28.801+0545] {processor.py:161} INFO - Started process (PID=8787) to work on /home/sarita/Documents/apache-airflow-project/.venv/lib/python3.9/site-packages/airflow/example_dags/example_short_circuit_decorator.py
[2023-12-27T09:50:28.804+0545] {processor.py:830} INFO - Processing file /home/sarita/Documents/apache-airflow-project/.venv/lib/python3.9/site-packages/airflow/example_dags/example_short_circuit_decorator.py for tasks to queue
[2023-12-27T09:50:28.806+0545] {logging_mixin.py:188} INFO - [2023-12-27T09:50:28.805+0545] {dagbag.py:538} INFO - Filling up the DagBag from /home/sarita/Documents/apache-airflow-project/.venv/lib/python3.9/site-packages/airflow/example_dags/example_short_circuit_decorator.py
[2023-12-27T09:50:28.825+0545] {processor.py:840} INFO - DAG(s) 'example_short_circuit_decorator' retrieved from /home/sarita/Documents/apache-airflow-project/.venv/lib/python3.9/site-packages/airflow/example_dags/example_short_circuit_decorator.py
[2023-12-27T09:50:28.844+0545] {logging_mixin.py:188} INFO - [2023-12-27T09:50:28.844+0545] {dag.py:3033} INFO - Sync 1 DAGs
[2023-12-27T09:50:28.860+0545] {logging_mixin.py:188} INFO - [2023-12-27T09:50:28.860+0545] {dag.py:3820} INFO - Setting next_dagrun for example_short_circuit_decorator to 2023-12-26T00:00:00+00:00, run_after=2023-12-27T00:00:00+00:00
[2023-12-27T09:50:28.880+0545] {processor.py:183} INFO - Processing /home/sarita/Documents/apache-airflow-project/.venv/lib/python3.9/site-packages/airflow/example_dags/example_short_circuit_decorator.py took 0.081 seconds
[2023-12-27T09:51:28.147+0545] {processor.py:161} INFO - Started process (PID=8887) to work on /home/sarita/Documents/apache-airflow-project/.venv/lib/python3.9/site-packages/airflow/example_dags/example_short_circuit_decorator.py
[2023-12-27T09:51:28.151+0545] {processor.py:830} INFO - Processing file /home/sarita/Documents/apache-airflow-project/.venv/lib/python3.9/site-packages/airflow/example_dags/example_short_circuit_decorator.py for tasks to queue
[2023-12-27T09:51:28.152+0545] {logging_mixin.py:188} INFO - [2023-12-27T09:51:28.152+0545] {dagbag.py:538} INFO - Filling up the DagBag from /home/sarita/Documents/apache-airflow-project/.venv/lib/python3.9/site-packages/airflow/example_dags/example_short_circuit_decorator.py
[2023-12-27T09:51:28.173+0545] {processor.py:840} INFO - DAG(s) 'example_short_circuit_decorator' retrieved from /home/sarita/Documents/apache-airflow-project/.venv/lib/python3.9/site-packages/airflow/example_dags/example_short_circuit_decorator.py
[2023-12-27T09:51:28.192+0545] {logging_mixin.py:188} INFO - [2023-12-27T09:51:28.191+0545] {dag.py:3033} INFO - Sync 1 DAGs
[2023-12-27T09:51:28.207+0545] {logging_mixin.py:188} INFO - [2023-12-27T09:51:28.207+0545] {dag.py:3820} INFO - Setting next_dagrun for example_short_circuit_decorator to 2023-12-26T00:00:00+00:00, run_after=2023-12-27T00:00:00+00:00
[2023-12-27T09:51:28.231+0545] {processor.py:183} INFO - Processing /home/sarita/Documents/apache-airflow-project/.venv/lib/python3.9/site-packages/airflow/example_dags/example_short_circuit_decorator.py took 0.090 seconds
[2023-12-27T09:53:06.016+0545] {processor.py:161} INFO - Started process (PID=9071) to work on /home/sarita/Documents/apache-airflow-project/.venv/lib/python3.9/site-packages/airflow/example_dags/example_short_circuit_decorator.py
[2023-12-27T09:53:06.016+0545] {processor.py:830} INFO - Processing file /home/sarita/Documents/apache-airflow-project/.venv/lib/python3.9/site-packages/airflow/example_dags/example_short_circuit_decorator.py for tasks to queue
[2023-12-27T09:53:06.017+0545] {logging_mixin.py:188} INFO - [2023-12-27T09:53:06.017+0545] {dagbag.py:538} INFO - Filling up the DagBag from /home/sarita/Documents/apache-airflow-project/.venv/lib/python3.9/site-packages/airflow/example_dags/example_short_circuit_decorator.py
[2023-12-27T09:53:06.024+0545] {processor.py:840} INFO - DAG(s) 'example_short_circuit_decorator' retrieved from /home/sarita/Documents/apache-airflow-project/.venv/lib/python3.9/site-packages/airflow/example_dags/example_short_circuit_decorator.py
[2023-12-27T09:53:06.037+0545] {logging_mixin.py:188} INFO - [2023-12-27T09:53:06.037+0545] {dag.py:3033} INFO - Sync 1 DAGs
[2023-12-27T09:53:06.052+0545] {logging_mixin.py:188} INFO - [2023-12-27T09:53:06.051+0545] {dag.py:3820} INFO - Setting next_dagrun for example_short_circuit_decorator to 2023-12-26T00:00:00+00:00, run_after=2023-12-27T00:00:00+00:00
[2023-12-27T09:53:06.069+0545] {processor.py:183} INFO - Processing /home/sarita/Documents/apache-airflow-project/.venv/lib/python3.9/site-packages/airflow/example_dags/example_short_circuit_decorator.py took 0.055 seconds
[2023-12-27T12:16:57.701+0545] {processor.py:161} INFO - Started process (PID=13365) to work on /home/sarita/Documents/apache-airflow-project/.venv/lib/python3.9/site-packages/airflow/example_dags/example_short_circuit_decorator.py
[2023-12-27T12:16:57.702+0545] {processor.py:830} INFO - Processing file /home/sarita/Documents/apache-airflow-project/.venv/lib/python3.9/site-packages/airflow/example_dags/example_short_circuit_decorator.py for tasks to queue
[2023-12-27T12:16:57.703+0545] {logging_mixin.py:188} INFO - [2023-12-27T12:16:57.702+0545] {dagbag.py:538} INFO - Filling up the DagBag from /home/sarita/Documents/apache-airflow-project/.venv/lib/python3.9/site-packages/airflow/example_dags/example_short_circuit_decorator.py
[2023-12-27T12:16:57.712+0545] {processor.py:840} INFO - DAG(s) 'example_short_circuit_decorator' retrieved from /home/sarita/Documents/apache-airflow-project/.venv/lib/python3.9/site-packages/airflow/example_dags/example_short_circuit_decorator.py
[2023-12-27T12:16:57.727+0545] {logging_mixin.py:188} INFO - [2023-12-27T12:16:57.727+0545] {dag.py:3033} INFO - Sync 1 DAGs
[2023-12-27T12:16:57.743+0545] {logging_mixin.py:188} INFO - [2023-12-27T12:16:57.743+0545] {dag.py:3820} INFO - Setting next_dagrun for example_short_circuit_decorator to 2023-12-26T00:00:00+00:00, run_after=2023-12-27T00:00:00+00:00
[2023-12-27T12:16:57.758+0545] {processor.py:183} INFO - Processing /home/sarita/Documents/apache-airflow-project/.venv/lib/python3.9/site-packages/airflow/example_dags/example_short_circuit_decorator.py took 0.059 seconds
[2023-12-27T12:21:57.888+0545] {processor.py:161} INFO - Started process (PID=13915) to work on /home/sarita/Documents/apache-airflow-project/.venv/lib/python3.9/site-packages/airflow/example_dags/example_short_circuit_decorator.py
[2023-12-27T12:21:57.888+0545] {processor.py:830} INFO - Processing file /home/sarita/Documents/apache-airflow-project/.venv/lib/python3.9/site-packages/airflow/example_dags/example_short_circuit_decorator.py for tasks to queue
[2023-12-27T12:21:57.889+0545] {logging_mixin.py:188} INFO - [2023-12-27T12:21:57.888+0545] {dagbag.py:538} INFO - Filling up the DagBag from /home/sarita/Documents/apache-airflow-project/.venv/lib/python3.9/site-packages/airflow/example_dags/example_short_circuit_decorator.py
[2023-12-27T12:21:57.896+0545] {processor.py:840} INFO - DAG(s) 'example_short_circuit_decorator' retrieved from /home/sarita/Documents/apache-airflow-project/.venv/lib/python3.9/site-packages/airflow/example_dags/example_short_circuit_decorator.py
[2023-12-27T12:21:57.908+0545] {logging_mixin.py:188} INFO - [2023-12-27T12:21:57.908+0545] {dag.py:3033} INFO - Sync 1 DAGs
[2023-12-27T12:21:57.923+0545] {logging_mixin.py:188} INFO - [2023-12-27T12:21:57.923+0545] {dag.py:3820} INFO - Setting next_dagrun for example_short_circuit_decorator to 2023-12-26T00:00:00+00:00, run_after=2023-12-27T00:00:00+00:00
[2023-12-27T12:21:57.951+0545] {processor.py:183} INFO - Processing /home/sarita/Documents/apache-airflow-project/.venv/lib/python3.9/site-packages/airflow/example_dags/example_short_circuit_decorator.py took 0.066 seconds
[2023-12-27T12:39:31.843+0545] {processor.py:161} INFO - Started process (PID=15387) to work on /home/sarita/Documents/apache-airflow-project/.venv/lib/python3.9/site-packages/airflow/example_dags/example_short_circuit_decorator.py
[2023-12-27T12:39:31.848+0545] {processor.py:830} INFO - Processing file /home/sarita/Documents/apache-airflow-project/.venv/lib/python3.9/site-packages/airflow/example_dags/example_short_circuit_decorator.py for tasks to queue
[2023-12-27T12:39:31.849+0545] {logging_mixin.py:188} INFO - [2023-12-27T12:39:31.849+0545] {dagbag.py:538} INFO - Filling up the DagBag from /home/sarita/Documents/apache-airflow-project/.venv/lib/python3.9/site-packages/airflow/example_dags/example_short_circuit_decorator.py
[2023-12-27T12:39:31.865+0545] {processor.py:840} INFO - DAG(s) 'example_short_circuit_decorator' retrieved from /home/sarita/Documents/apache-airflow-project/.venv/lib/python3.9/site-packages/airflow/example_dags/example_short_circuit_decorator.py
[2023-12-27T12:39:31.882+0545] {logging_mixin.py:188} INFO - [2023-12-27T12:39:31.882+0545] {dag.py:3033} INFO - Sync 1 DAGs
[2023-12-27T12:39:31.899+0545] {logging_mixin.py:188} INFO - [2023-12-27T12:39:31.899+0545] {dag.py:3820} INFO - Setting next_dagrun for example_short_circuit_decorator to 2023-12-26T00:00:00+00:00, run_after=2023-12-27T00:00:00+00:00
[2023-12-27T12:39:32.020+0545] {processor.py:183} INFO - Processing /home/sarita/Documents/apache-airflow-project/.venv/lib/python3.9/site-packages/airflow/example_dags/example_short_circuit_decorator.py took 0.182 seconds
[2023-12-27T12:43:30.837+0545] {processor.py:161} INFO - Started process (PID=16845) to work on /home/sarita/Documents/apache-airflow-project/.venv/lib/python3.9/site-packages/airflow/example_dags/example_short_circuit_decorator.py
[2023-12-27T12:43:30.838+0545] {processor.py:830} INFO - Processing file /home/sarita/Documents/apache-airflow-project/.venv/lib/python3.9/site-packages/airflow/example_dags/example_short_circuit_decorator.py for tasks to queue
[2023-12-27T12:43:30.838+0545] {logging_mixin.py:188} INFO - [2023-12-27T12:43:30.838+0545] {dagbag.py:538} INFO - Filling up the DagBag from /home/sarita/Documents/apache-airflow-project/.venv/lib/python3.9/site-packages/airflow/example_dags/example_short_circuit_decorator.py
[2023-12-27T12:43:30.845+0545] {processor.py:840} INFO - DAG(s) 'example_short_circuit_decorator' retrieved from /home/sarita/Documents/apache-airflow-project/.venv/lib/python3.9/site-packages/airflow/example_dags/example_short_circuit_decorator.py
[2023-12-27T12:43:30.857+0545] {logging_mixin.py:188} INFO - [2023-12-27T12:43:30.857+0545] {dag.py:3033} INFO - Sync 1 DAGs
[2023-12-27T12:43:30.873+0545] {logging_mixin.py:188} INFO - [2023-12-27T12:43:30.873+0545] {dag.py:3820} INFO - Setting next_dagrun for example_short_circuit_decorator to 2023-12-26T00:00:00+00:00, run_after=2023-12-27T00:00:00+00:00
[2023-12-27T12:43:30.889+0545] {processor.py:183} INFO - Processing /home/sarita/Documents/apache-airflow-project/.venv/lib/python3.9/site-packages/airflow/example_dags/example_short_circuit_decorator.py took 0.054 seconds
[2023-12-27T12:46:42.849+0545] {processor.py:161} INFO - Started process (PID=17160) to work on /home/sarita/Documents/apache-airflow-project/.venv/lib/python3.9/site-packages/airflow/example_dags/example_short_circuit_decorator.py
[2023-12-27T12:46:42.852+0545] {processor.py:830} INFO - Processing file /home/sarita/Documents/apache-airflow-project/.venv/lib/python3.9/site-packages/airflow/example_dags/example_short_circuit_decorator.py for tasks to queue
[2023-12-27T12:46:42.853+0545] {logging_mixin.py:188} INFO - [2023-12-27T12:46:42.853+0545] {dagbag.py:538} INFO - Filling up the DagBag from /home/sarita/Documents/apache-airflow-project/.venv/lib/python3.9/site-packages/airflow/example_dags/example_short_circuit_decorator.py
[2023-12-27T12:46:42.870+0545] {processor.py:840} INFO - DAG(s) 'example_short_circuit_decorator' retrieved from /home/sarita/Documents/apache-airflow-project/.venv/lib/python3.9/site-packages/airflow/example_dags/example_short_circuit_decorator.py
[2023-12-27T12:46:42.889+0545] {logging_mixin.py:188} INFO - [2023-12-27T12:46:42.889+0545] {dag.py:3033} INFO - Sync 1 DAGs
[2023-12-27T12:46:42.905+0545] {logging_mixin.py:188} INFO - [2023-12-27T12:46:42.905+0545] {dag.py:3820} INFO - Setting next_dagrun for example_short_circuit_decorator to 2023-12-26T00:00:00+00:00, run_after=2023-12-27T00:00:00+00:00
[2023-12-27T12:46:42.922+0545] {processor.py:183} INFO - Processing /home/sarita/Documents/apache-airflow-project/.venv/lib/python3.9/site-packages/airflow/example_dags/example_short_circuit_decorator.py took 0.078 seconds
[2023-12-27T12:52:35.187+0545] {processor.py:161} INFO - Started process (PID=17614) to work on /home/sarita/Documents/apache-airflow-project/.venv/lib/python3.9/site-packages/airflow/example_dags/example_short_circuit_decorator.py
[2023-12-27T12:52:35.188+0545] {processor.py:830} INFO - Processing file /home/sarita/Documents/apache-airflow-project/.venv/lib/python3.9/site-packages/airflow/example_dags/example_short_circuit_decorator.py for tasks to queue
[2023-12-27T12:52:35.189+0545] {logging_mixin.py:188} INFO - [2023-12-27T12:52:35.189+0545] {dagbag.py:538} INFO - Filling up the DagBag from /home/sarita/Documents/apache-airflow-project/.venv/lib/python3.9/site-packages/airflow/example_dags/example_short_circuit_decorator.py
[2023-12-27T12:52:35.197+0545] {processor.py:840} INFO - DAG(s) 'example_short_circuit_decorator' retrieved from /home/sarita/Documents/apache-airflow-project/.venv/lib/python3.9/site-packages/airflow/example_dags/example_short_circuit_decorator.py
[2023-12-27T12:52:35.213+0545] {logging_mixin.py:188} INFO - [2023-12-27T12:52:35.213+0545] {dag.py:3033} INFO - Sync 1 DAGs
[2023-12-27T12:52:35.230+0545] {logging_mixin.py:188} INFO - [2023-12-27T12:52:35.230+0545] {dag.py:3820} INFO - Setting next_dagrun for example_short_circuit_decorator to 2023-12-26T00:00:00+00:00, run_after=2023-12-27T00:00:00+00:00
[2023-12-27T12:52:35.255+0545] {processor.py:183} INFO - Processing /home/sarita/Documents/apache-airflow-project/.venv/lib/python3.9/site-packages/airflow/example_dags/example_short_circuit_decorator.py took 0.070 seconds
[2023-12-27T12:53:24.551+0545] {processor.py:161} INFO - Started process (PID=17721) to work on /home/sarita/Documents/apache-airflow-project/.venv/lib/python3.9/site-packages/airflow/example_dags/example_short_circuit_decorator.py
[2023-12-27T12:53:24.561+0545] {processor.py:830} INFO - Processing file /home/sarita/Documents/apache-airflow-project/.venv/lib/python3.9/site-packages/airflow/example_dags/example_short_circuit_decorator.py for tasks to queue
[2023-12-27T12:53:24.565+0545] {logging_mixin.py:188} INFO - [2023-12-27T12:53:24.563+0545] {dagbag.py:538} INFO - Filling up the DagBag from /home/sarita/Documents/apache-airflow-project/.venv/lib/python3.9/site-packages/airflow/example_dags/example_short_circuit_decorator.py
[2023-12-27T12:53:24.597+0545] {processor.py:840} INFO - DAG(s) 'example_short_circuit_decorator' retrieved from /home/sarita/Documents/apache-airflow-project/.venv/lib/python3.9/site-packages/airflow/example_dags/example_short_circuit_decorator.py
[2023-12-27T12:53:24.626+0545] {logging_mixin.py:188} INFO - [2023-12-27T12:53:24.626+0545] {dag.py:3033} INFO - Sync 1 DAGs
[2023-12-27T12:53:24.651+0545] {logging_mixin.py:188} INFO - [2023-12-27T12:53:24.651+0545] {dag.py:3820} INFO - Setting next_dagrun for example_short_circuit_decorator to 2023-12-26T00:00:00+00:00, run_after=2023-12-27T00:00:00+00:00
[2023-12-27T12:53:24.679+0545] {processor.py:183} INFO - Processing /home/sarita/Documents/apache-airflow-project/.venv/lib/python3.9/site-packages/airflow/example_dags/example_short_circuit_decorator.py took 0.138 seconds
