[2023-12-27T09:36:56.356+0545] {processor.py:161} INFO - Started process (PID=6919) to work on /home/sarita/Documents/apache-airflow-project/.venv/lib/python3.9/site-packages/airflow/example_dags/example_sensor_decorator.py
[2023-12-27T09:36:56.358+0545] {processor.py:830} INFO - Processing file /home/sarita/Documents/apache-airflow-project/.venv/lib/python3.9/site-packages/airflow/example_dags/example_sensor_decorator.py for tasks to queue
[2023-12-27T09:36:56.361+0545] {logging_mixin.py:188} INFO - [2023-12-27T09:36:56.360+0545] {dagbag.py:538} INFO - Filling up the DagBag from /home/sarita/Documents/apache-airflow-project/.venv/lib/python3.9/site-packages/airflow/example_dags/example_sensor_decorator.py
[2023-12-27T09:36:56.380+0545] {processor.py:840} INFO - DAG(s) 'example_sensor_decorator' retrieved from /home/sarita/Documents/apache-airflow-project/.venv/lib/python3.9/site-packages/airflow/example_dags/example_sensor_decorator.py
[2023-12-27T09:36:56.411+0545] {logging_mixin.py:188} INFO - [2023-12-27T09:36:56.411+0545] {dag.py:3033} INFO - Sync 1 DAGs
[2023-12-27T09:36:56.425+0545] {logging_mixin.py:188} INFO - [2023-12-27T09:36:56.425+0545] {dag.py:3820} INFO - Setting next_dagrun for example_sensor_decorator to None, run_after=None
[2023-12-27T09:36:56.459+0545] {processor.py:183} INFO - Processing /home/sarita/Documents/apache-airflow-project/.venv/lib/python3.9/site-packages/airflow/example_dags/example_sensor_decorator.py took 0.112 seconds
[2023-12-27T09:37:42.783+0545] {processor.py:161} INFO - Started process (PID=6975) to work on /home/sarita/Documents/apache-airflow-project/.venv/lib/python3.9/site-packages/airflow/example_dags/example_sensor_decorator.py
[2023-12-27T09:37:42.785+0545] {processor.py:830} INFO - Processing file /home/sarita/Documents/apache-airflow-project/.venv/lib/python3.9/site-packages/airflow/example_dags/example_sensor_decorator.py for tasks to queue
[2023-12-27T09:37:42.787+0545] {logging_mixin.py:188} INFO - [2023-12-27T09:37:42.786+0545] {dagbag.py:538} INFO - Filling up the DagBag from /home/sarita/Documents/apache-airflow-project/.venv/lib/python3.9/site-packages/airflow/example_dags/example_sensor_decorator.py
[2023-12-27T09:37:42.794+0545] {processor.py:840} INFO - DAG(s) 'example_sensor_decorator' retrieved from /home/sarita/Documents/apache-airflow-project/.venv/lib/python3.9/site-packages/airflow/example_dags/example_sensor_decorator.py
[2023-12-27T09:37:42.809+0545] {logging_mixin.py:188} INFO - [2023-12-27T09:37:42.809+0545] {dag.py:3033} INFO - Sync 1 DAGs
[2023-12-27T09:37:42.819+0545] {logging_mixin.py:188} INFO - [2023-12-27T09:37:42.819+0545] {dag.py:3820} INFO - Setting next_dagrun for example_sensor_decorator to None, run_after=None
[2023-12-27T09:37:42.840+0545] {processor.py:183} INFO - Processing /home/sarita/Documents/apache-airflow-project/.venv/lib/python3.9/site-packages/airflow/example_dags/example_sensor_decorator.py took 0.061 seconds
[2023-12-27T09:38:38.161+0545] {processor.py:161} INFO - Started process (PID=7101) to work on /home/sarita/Documents/apache-airflow-project/.venv/lib/python3.9/site-packages/airflow/example_dags/example_sensor_decorator.py
[2023-12-27T09:38:38.164+0545] {processor.py:830} INFO - Processing file /home/sarita/Documents/apache-airflow-project/.venv/lib/python3.9/site-packages/airflow/example_dags/example_sensor_decorator.py for tasks to queue
[2023-12-27T09:38:38.166+0545] {logging_mixin.py:188} INFO - [2023-12-27T09:38:38.165+0545] {dagbag.py:538} INFO - Filling up the DagBag from /home/sarita/Documents/apache-airflow-project/.venv/lib/python3.9/site-packages/airflow/example_dags/example_sensor_decorator.py
[2023-12-27T09:38:38.176+0545] {processor.py:840} INFO - DAG(s) 'example_sensor_decorator' retrieved from /home/sarita/Documents/apache-airflow-project/.venv/lib/python3.9/site-packages/airflow/example_dags/example_sensor_decorator.py
[2023-12-27T09:38:38.193+0545] {logging_mixin.py:188} INFO - [2023-12-27T09:38:38.193+0545] {dag.py:3033} INFO - Sync 1 DAGs
[2023-12-27T09:38:38.202+0545] {logging_mixin.py:188} INFO - [2023-12-27T09:38:38.202+0545] {dag.py:3820} INFO - Setting next_dagrun for example_sensor_decorator to None, run_after=None
[2023-12-27T09:38:38.219+0545] {processor.py:183} INFO - Processing /home/sarita/Documents/apache-airflow-project/.venv/lib/python3.9/site-packages/airflow/example_dags/example_sensor_decorator.py took 0.063 seconds
[2023-12-27T09:39:26.241+0545] {processor.py:161} INFO - Started process (PID=7157) to work on /home/sarita/Documents/apache-airflow-project/.venv/lib/python3.9/site-packages/airflow/example_dags/example_sensor_decorator.py
[2023-12-27T09:39:26.244+0545] {processor.py:830} INFO - Processing file /home/sarita/Documents/apache-airflow-project/.venv/lib/python3.9/site-packages/airflow/example_dags/example_sensor_decorator.py for tasks to queue
[2023-12-27T09:39:26.246+0545] {logging_mixin.py:188} INFO - [2023-12-27T09:39:26.245+0545] {dagbag.py:538} INFO - Filling up the DagBag from /home/sarita/Documents/apache-airflow-project/.venv/lib/python3.9/site-packages/airflow/example_dags/example_sensor_decorator.py
[2023-12-27T09:39:26.256+0545] {processor.py:840} INFO - DAG(s) 'example_sensor_decorator' retrieved from /home/sarita/Documents/apache-airflow-project/.venv/lib/python3.9/site-packages/airflow/example_dags/example_sensor_decorator.py
[2023-12-27T09:39:26.271+0545] {logging_mixin.py:188} INFO - [2023-12-27T09:39:26.270+0545] {dag.py:3033} INFO - Sync 1 DAGs
[2023-12-27T09:39:26.280+0545] {logging_mixin.py:188} INFO - [2023-12-27T09:39:26.279+0545] {dag.py:3820} INFO - Setting next_dagrun for example_sensor_decorator to None, run_after=None
[2023-12-27T09:39:26.307+0545] {processor.py:183} INFO - Processing /home/sarita/Documents/apache-airflow-project/.venv/lib/python3.9/site-packages/airflow/example_dags/example_sensor_decorator.py took 0.073 seconds
[2023-12-27T09:40:23.620+0545] {processor.py:161} INFO - Started process (PID=7262) to work on /home/sarita/Documents/apache-airflow-project/.venv/lib/python3.9/site-packages/airflow/example_dags/example_sensor_decorator.py
[2023-12-27T09:40:23.624+0545] {processor.py:830} INFO - Processing file /home/sarita/Documents/apache-airflow-project/.venv/lib/python3.9/site-packages/airflow/example_dags/example_sensor_decorator.py for tasks to queue
[2023-12-27T09:40:23.627+0545] {logging_mixin.py:188} INFO - [2023-12-27T09:40:23.626+0545] {dagbag.py:538} INFO - Filling up the DagBag from /home/sarita/Documents/apache-airflow-project/.venv/lib/python3.9/site-packages/airflow/example_dags/example_sensor_decorator.py
[2023-12-27T09:40:23.642+0545] {processor.py:840} INFO - DAG(s) 'example_sensor_decorator' retrieved from /home/sarita/Documents/apache-airflow-project/.venv/lib/python3.9/site-packages/airflow/example_dags/example_sensor_decorator.py
[2023-12-27T09:40:23.658+0545] {logging_mixin.py:188} INFO - [2023-12-27T09:40:23.658+0545] {dag.py:3033} INFO - Sync 1 DAGs
[2023-12-27T09:40:23.667+0545] {logging_mixin.py:188} INFO - [2023-12-27T09:40:23.667+0545] {dag.py:3820} INFO - Setting next_dagrun for example_sensor_decorator to None, run_after=None
[2023-12-27T09:40:23.685+0545] {processor.py:183} INFO - Processing /home/sarita/Documents/apache-airflow-project/.venv/lib/python3.9/site-packages/airflow/example_dags/example_sensor_decorator.py took 0.073 seconds
[2023-12-27T09:41:14.009+0545] {processor.py:161} INFO - Started process (PID=7516) to work on /home/sarita/Documents/apache-airflow-project/.venv/lib/python3.9/site-packages/airflow/example_dags/example_sensor_decorator.py
[2023-12-27T09:41:14.012+0545] {processor.py:830} INFO - Processing file /home/sarita/Documents/apache-airflow-project/.venv/lib/python3.9/site-packages/airflow/example_dags/example_sensor_decorator.py for tasks to queue
[2023-12-27T09:41:14.014+0545] {logging_mixin.py:188} INFO - [2023-12-27T09:41:14.013+0545] {dagbag.py:538} INFO - Filling up the DagBag from /home/sarita/Documents/apache-airflow-project/.venv/lib/python3.9/site-packages/airflow/example_dags/example_sensor_decorator.py
[2023-12-27T09:41:14.027+0545] {processor.py:840} INFO - DAG(s) 'example_sensor_decorator' retrieved from /home/sarita/Documents/apache-airflow-project/.venv/lib/python3.9/site-packages/airflow/example_dags/example_sensor_decorator.py
[2023-12-27T09:41:14.043+0545] {logging_mixin.py:188} INFO - [2023-12-27T09:41:14.043+0545] {dag.py:3033} INFO - Sync 1 DAGs
[2023-12-27T09:41:14.052+0545] {logging_mixin.py:188} INFO - [2023-12-27T09:41:14.052+0545] {dag.py:3820} INFO - Setting next_dagrun for example_sensor_decorator to None, run_after=None
[2023-12-27T09:41:14.070+0545] {processor.py:183} INFO - Processing /home/sarita/Documents/apache-airflow-project/.venv/lib/python3.9/site-packages/airflow/example_dags/example_sensor_decorator.py took 0.069 seconds
[2023-12-27T09:42:11.904+0545] {processor.py:161} INFO - Started process (PID=7749) to work on /home/sarita/Documents/apache-airflow-project/.venv/lib/python3.9/site-packages/airflow/example_dags/example_sensor_decorator.py
[2023-12-27T09:42:11.908+0545] {processor.py:830} INFO - Processing file /home/sarita/Documents/apache-airflow-project/.venv/lib/python3.9/site-packages/airflow/example_dags/example_sensor_decorator.py for tasks to queue
[2023-12-27T09:42:11.910+0545] {logging_mixin.py:188} INFO - [2023-12-27T09:42:11.909+0545] {dagbag.py:538} INFO - Filling up the DagBag from /home/sarita/Documents/apache-airflow-project/.venv/lib/python3.9/site-packages/airflow/example_dags/example_sensor_decorator.py
[2023-12-27T09:42:11.924+0545] {processor.py:840} INFO - DAG(s) 'example_sensor_decorator' retrieved from /home/sarita/Documents/apache-airflow-project/.venv/lib/python3.9/site-packages/airflow/example_dags/example_sensor_decorator.py
[2023-12-27T09:42:11.940+0545] {logging_mixin.py:188} INFO - [2023-12-27T09:42:11.939+0545] {dag.py:3033} INFO - Sync 1 DAGs
[2023-12-27T09:42:11.949+0545] {logging_mixin.py:188} INFO - [2023-12-27T09:42:11.949+0545] {dag.py:3820} INFO - Setting next_dagrun for example_sensor_decorator to None, run_after=None
[2023-12-27T09:42:11.981+0545] {processor.py:183} INFO - Processing /home/sarita/Documents/apache-airflow-project/.venv/lib/python3.9/site-packages/airflow/example_dags/example_sensor_decorator.py took 0.084 seconds
[2023-12-27T09:43:02.725+0545] {processor.py:161} INFO - Started process (PID=7838) to work on /home/sarita/Documents/apache-airflow-project/.venv/lib/python3.9/site-packages/airflow/example_dags/example_sensor_decorator.py
[2023-12-27T09:43:02.729+0545] {processor.py:830} INFO - Processing file /home/sarita/Documents/apache-airflow-project/.venv/lib/python3.9/site-packages/airflow/example_dags/example_sensor_decorator.py for tasks to queue
[2023-12-27T09:43:02.731+0545] {logging_mixin.py:188} INFO - [2023-12-27T09:43:02.730+0545] {dagbag.py:538} INFO - Filling up the DagBag from /home/sarita/Documents/apache-airflow-project/.venv/lib/python3.9/site-packages/airflow/example_dags/example_sensor_decorator.py
[2023-12-27T09:43:02.746+0545] {processor.py:840} INFO - DAG(s) 'example_sensor_decorator' retrieved from /home/sarita/Documents/apache-airflow-project/.venv/lib/python3.9/site-packages/airflow/example_dags/example_sensor_decorator.py
[2023-12-27T09:43:02.763+0545] {logging_mixin.py:188} INFO - [2023-12-27T09:43:02.763+0545] {dag.py:3033} INFO - Sync 1 DAGs
[2023-12-27T09:43:02.773+0545] {logging_mixin.py:188} INFO - [2023-12-27T09:43:02.773+0545] {dag.py:3820} INFO - Setting next_dagrun for example_sensor_decorator to None, run_after=None
[2023-12-27T09:43:02.802+0545] {processor.py:183} INFO - Processing /home/sarita/Documents/apache-airflow-project/.venv/lib/python3.9/site-packages/airflow/example_dags/example_sensor_decorator.py took 0.084 seconds
[2023-12-27T09:43:57.164+0545] {processor.py:161} INFO - Started process (PID=7913) to work on /home/sarita/Documents/apache-airflow-project/.venv/lib/python3.9/site-packages/airflow/example_dags/example_sensor_decorator.py
[2023-12-27T09:43:57.167+0545] {processor.py:830} INFO - Processing file /home/sarita/Documents/apache-airflow-project/.venv/lib/python3.9/site-packages/airflow/example_dags/example_sensor_decorator.py for tasks to queue
[2023-12-27T09:43:57.168+0545] {logging_mixin.py:188} INFO - [2023-12-27T09:43:57.167+0545] {dagbag.py:538} INFO - Filling up the DagBag from /home/sarita/Documents/apache-airflow-project/.venv/lib/python3.9/site-packages/airflow/example_dags/example_sensor_decorator.py
[2023-12-27T09:43:57.174+0545] {processor.py:840} INFO - DAG(s) 'example_sensor_decorator' retrieved from /home/sarita/Documents/apache-airflow-project/.venv/lib/python3.9/site-packages/airflow/example_dags/example_sensor_decorator.py
[2023-12-27T09:43:57.190+0545] {logging_mixin.py:188} INFO - [2023-12-27T09:43:57.190+0545] {dag.py:3033} INFO - Sync 1 DAGs
[2023-12-27T09:43:57.200+0545] {logging_mixin.py:188} INFO - [2023-12-27T09:43:57.200+0545] {dag.py:3820} INFO - Setting next_dagrun for example_sensor_decorator to None, run_after=None
[2023-12-27T09:43:57.227+0545] {processor.py:183} INFO - Processing /home/sarita/Documents/apache-airflow-project/.venv/lib/python3.9/site-packages/airflow/example_dags/example_sensor_decorator.py took 0.066 seconds
[2023-12-27T09:44:52.274+0545] {processor.py:161} INFO - Started process (PID=7988) to work on /home/sarita/Documents/apache-airflow-project/.venv/lib/python3.9/site-packages/airflow/example_dags/example_sensor_decorator.py
[2023-12-27T09:44:52.276+0545] {processor.py:830} INFO - Processing file /home/sarita/Documents/apache-airflow-project/.venv/lib/python3.9/site-packages/airflow/example_dags/example_sensor_decorator.py for tasks to queue
[2023-12-27T09:44:52.277+0545] {logging_mixin.py:188} INFO - [2023-12-27T09:44:52.277+0545] {dagbag.py:538} INFO - Filling up the DagBag from /home/sarita/Documents/apache-airflow-project/.venv/lib/python3.9/site-packages/airflow/example_dags/example_sensor_decorator.py
[2023-12-27T09:44:52.286+0545] {processor.py:840} INFO - DAG(s) 'example_sensor_decorator' retrieved from /home/sarita/Documents/apache-airflow-project/.venv/lib/python3.9/site-packages/airflow/example_dags/example_sensor_decorator.py
[2023-12-27T09:44:52.301+0545] {logging_mixin.py:188} INFO - [2023-12-27T09:44:52.300+0545] {dag.py:3033} INFO - Sync 1 DAGs
[2023-12-27T09:44:52.310+0545] {logging_mixin.py:188} INFO - [2023-12-27T09:44:52.310+0545] {dag.py:3820} INFO - Setting next_dagrun for example_sensor_decorator to None, run_after=None
[2023-12-27T09:44:52.329+0545] {processor.py:183} INFO - Processing /home/sarita/Documents/apache-airflow-project/.venv/lib/python3.9/site-packages/airflow/example_dags/example_sensor_decorator.py took 0.059 seconds
[2023-12-27T09:45:48.938+0545] {processor.py:161} INFO - Started process (PID=8449) to work on /home/sarita/Documents/apache-airflow-project/.venv/lib/python3.9/site-packages/airflow/example_dags/example_sensor_decorator.py
[2023-12-27T09:45:48.941+0545] {processor.py:830} INFO - Processing file /home/sarita/Documents/apache-airflow-project/.venv/lib/python3.9/site-packages/airflow/example_dags/example_sensor_decorator.py for tasks to queue
[2023-12-27T09:45:48.942+0545] {logging_mixin.py:188} INFO - [2023-12-27T09:45:48.942+0545] {dagbag.py:538} INFO - Filling up the DagBag from /home/sarita/Documents/apache-airflow-project/.venv/lib/python3.9/site-packages/airflow/example_dags/example_sensor_decorator.py
[2023-12-27T09:45:48.950+0545] {processor.py:840} INFO - DAG(s) 'example_sensor_decorator' retrieved from /home/sarita/Documents/apache-airflow-project/.venv/lib/python3.9/site-packages/airflow/example_dags/example_sensor_decorator.py
[2023-12-27T09:45:48.964+0545] {logging_mixin.py:188} INFO - [2023-12-27T09:45:48.964+0545] {dag.py:3033} INFO - Sync 1 DAGs
[2023-12-27T09:45:48.973+0545] {logging_mixin.py:188} INFO - [2023-12-27T09:45:48.973+0545] {dag.py:3820} INFO - Setting next_dagrun for example_sensor_decorator to None, run_after=None
[2023-12-27T09:45:48.990+0545] {processor.py:183} INFO - Processing /home/sarita/Documents/apache-airflow-project/.venv/lib/python3.9/site-packages/airflow/example_dags/example_sensor_decorator.py took 0.056 seconds
[2023-12-27T09:46:42.031+0545] {processor.py:161} INFO - Started process (PID=8515) to work on /home/sarita/Documents/apache-airflow-project/.venv/lib/python3.9/site-packages/airflow/example_dags/example_sensor_decorator.py
[2023-12-27T09:46:42.033+0545] {processor.py:830} INFO - Processing file /home/sarita/Documents/apache-airflow-project/.venv/lib/python3.9/site-packages/airflow/example_dags/example_sensor_decorator.py for tasks to queue
[2023-12-27T09:46:42.034+0545] {logging_mixin.py:188} INFO - [2023-12-27T09:46:42.034+0545] {dagbag.py:538} INFO - Filling up the DagBag from /home/sarita/Documents/apache-airflow-project/.venv/lib/python3.9/site-packages/airflow/example_dags/example_sensor_decorator.py
[2023-12-27T09:46:42.040+0545] {processor.py:840} INFO - DAG(s) 'example_sensor_decorator' retrieved from /home/sarita/Documents/apache-airflow-project/.venv/lib/python3.9/site-packages/airflow/example_dags/example_sensor_decorator.py
[2023-12-27T09:46:42.056+0545] {logging_mixin.py:188} INFO - [2023-12-27T09:46:42.056+0545] {dag.py:3033} INFO - Sync 1 DAGs
[2023-12-27T09:46:42.066+0545] {logging_mixin.py:188} INFO - [2023-12-27T09:46:42.066+0545] {dag.py:3820} INFO - Setting next_dagrun for example_sensor_decorator to None, run_after=None
[2023-12-27T09:46:42.083+0545] {processor.py:183} INFO - Processing /home/sarita/Documents/apache-airflow-project/.venv/lib/python3.9/site-packages/airflow/example_dags/example_sensor_decorator.py took 0.055 seconds
[2023-12-27T09:47:40.546+0545] {processor.py:161} INFO - Started process (PID=8588) to work on /home/sarita/Documents/apache-airflow-project/.venv/lib/python3.9/site-packages/airflow/example_dags/example_sensor_decorator.py
[2023-12-27T09:47:40.547+0545] {processor.py:830} INFO - Processing file /home/sarita/Documents/apache-airflow-project/.venv/lib/python3.9/site-packages/airflow/example_dags/example_sensor_decorator.py for tasks to queue
[2023-12-27T09:47:40.547+0545] {logging_mixin.py:188} INFO - [2023-12-27T09:47:40.547+0545] {dagbag.py:538} INFO - Filling up the DagBag from /home/sarita/Documents/apache-airflow-project/.venv/lib/python3.9/site-packages/airflow/example_dags/example_sensor_decorator.py
[2023-12-27T09:47:40.552+0545] {processor.py:840} INFO - DAG(s) 'example_sensor_decorator' retrieved from /home/sarita/Documents/apache-airflow-project/.venv/lib/python3.9/site-packages/airflow/example_dags/example_sensor_decorator.py
[2023-12-27T09:47:40.564+0545] {logging_mixin.py:188} INFO - [2023-12-27T09:47:40.564+0545] {dag.py:3033} INFO - Sync 1 DAGs
[2023-12-27T09:47:40.576+0545] {logging_mixin.py:188} INFO - [2023-12-27T09:47:40.576+0545] {dag.py:3820} INFO - Setting next_dagrun for example_sensor_decorator to None, run_after=None
[2023-12-27T09:47:40.606+0545] {processor.py:183} INFO - Processing /home/sarita/Documents/apache-airflow-project/.venv/lib/python3.9/site-packages/airflow/example_dags/example_sensor_decorator.py took 0.062 seconds
[2023-12-27T09:48:38.299+0545] {processor.py:161} INFO - Started process (PID=8660) to work on /home/sarita/Documents/apache-airflow-project/.venv/lib/python3.9/site-packages/airflow/example_dags/example_sensor_decorator.py
[2023-12-27T09:48:38.303+0545] {processor.py:830} INFO - Processing file /home/sarita/Documents/apache-airflow-project/.venv/lib/python3.9/site-packages/airflow/example_dags/example_sensor_decorator.py for tasks to queue
[2023-12-27T09:48:38.305+0545] {logging_mixin.py:188} INFO - [2023-12-27T09:48:38.304+0545] {dagbag.py:538} INFO - Filling up the DagBag from /home/sarita/Documents/apache-airflow-project/.venv/lib/python3.9/site-packages/airflow/example_dags/example_sensor_decorator.py
[2023-12-27T09:48:38.318+0545] {processor.py:840} INFO - DAG(s) 'example_sensor_decorator' retrieved from /home/sarita/Documents/apache-airflow-project/.venv/lib/python3.9/site-packages/airflow/example_dags/example_sensor_decorator.py
[2023-12-27T09:48:38.333+0545] {logging_mixin.py:188} INFO - [2023-12-27T09:48:38.333+0545] {dag.py:3033} INFO - Sync 1 DAGs
[2023-12-27T09:48:38.342+0545] {logging_mixin.py:188} INFO - [2023-12-27T09:48:38.342+0545] {dag.py:3820} INFO - Setting next_dagrun for example_sensor_decorator to None, run_after=None
[2023-12-27T09:48:38.359+0545] {processor.py:183} INFO - Processing /home/sarita/Documents/apache-airflow-project/.venv/lib/python3.9/site-packages/airflow/example_dags/example_sensor_decorator.py took 0.067 seconds
[2023-12-27T09:49:31.990+0545] {processor.py:161} INFO - Started process (PID=8716) to work on /home/sarita/Documents/apache-airflow-project/.venv/lib/python3.9/site-packages/airflow/example_dags/example_sensor_decorator.py
[2023-12-27T09:49:31.992+0545] {processor.py:830} INFO - Processing file /home/sarita/Documents/apache-airflow-project/.venv/lib/python3.9/site-packages/airflow/example_dags/example_sensor_decorator.py for tasks to queue
[2023-12-27T09:49:31.993+0545] {logging_mixin.py:188} INFO - [2023-12-27T09:49:31.993+0545] {dagbag.py:538} INFO - Filling up the DagBag from /home/sarita/Documents/apache-airflow-project/.venv/lib/python3.9/site-packages/airflow/example_dags/example_sensor_decorator.py
[2023-12-27T09:49:32.000+0545] {processor.py:840} INFO - DAG(s) 'example_sensor_decorator' retrieved from /home/sarita/Documents/apache-airflow-project/.venv/lib/python3.9/site-packages/airflow/example_dags/example_sensor_decorator.py
[2023-12-27T09:49:32.017+0545] {logging_mixin.py:188} INFO - [2023-12-27T09:49:32.017+0545] {dag.py:3033} INFO - Sync 1 DAGs
[2023-12-27T09:49:32.027+0545] {logging_mixin.py:188} INFO - [2023-12-27T09:49:32.027+0545] {dag.py:3820} INFO - Setting next_dagrun for example_sensor_decorator to None, run_after=None
[2023-12-27T09:49:32.047+0545] {processor.py:183} INFO - Processing /home/sarita/Documents/apache-airflow-project/.venv/lib/python3.9/site-packages/airflow/example_dags/example_sensor_decorator.py took 0.061 seconds
[2023-12-27T09:50:29.697+0545] {processor.py:161} INFO - Started process (PID=8788) to work on /home/sarita/Documents/apache-airflow-project/.venv/lib/python3.9/site-packages/airflow/example_dags/example_sensor_decorator.py
[2023-12-27T09:50:29.699+0545] {processor.py:830} INFO - Processing file /home/sarita/Documents/apache-airflow-project/.venv/lib/python3.9/site-packages/airflow/example_dags/example_sensor_decorator.py for tasks to queue
[2023-12-27T09:50:29.699+0545] {logging_mixin.py:188} INFO - [2023-12-27T09:50:29.699+0545] {dagbag.py:538} INFO - Filling up the DagBag from /home/sarita/Documents/apache-airflow-project/.venv/lib/python3.9/site-packages/airflow/example_dags/example_sensor_decorator.py
[2023-12-27T09:50:29.704+0545] {processor.py:840} INFO - DAG(s) 'example_sensor_decorator' retrieved from /home/sarita/Documents/apache-airflow-project/.venv/lib/python3.9/site-packages/airflow/example_dags/example_sensor_decorator.py
[2023-12-27T09:50:29.714+0545] {logging_mixin.py:188} INFO - [2023-12-27T09:50:29.714+0545] {dag.py:3033} INFO - Sync 1 DAGs
[2023-12-27T09:50:29.723+0545] {logging_mixin.py:188} INFO - [2023-12-27T09:50:29.723+0545] {dag.py:3820} INFO - Setting next_dagrun for example_sensor_decorator to None, run_after=None
[2023-12-27T09:50:29.741+0545] {processor.py:183} INFO - Processing /home/sarita/Documents/apache-airflow-project/.venv/lib/python3.9/site-packages/airflow/example_dags/example_sensor_decorator.py took 0.047 seconds
[2023-12-27T09:51:29.227+0545] {processor.py:161} INFO - Started process (PID=8888) to work on /home/sarita/Documents/apache-airflow-project/.venv/lib/python3.9/site-packages/airflow/example_dags/example_sensor_decorator.py
[2023-12-27T09:51:29.229+0545] {processor.py:830} INFO - Processing file /home/sarita/Documents/apache-airflow-project/.venv/lib/python3.9/site-packages/airflow/example_dags/example_sensor_decorator.py for tasks to queue
[2023-12-27T09:51:29.230+0545] {logging_mixin.py:188} INFO - [2023-12-27T09:51:29.230+0545] {dagbag.py:538} INFO - Filling up the DagBag from /home/sarita/Documents/apache-airflow-project/.venv/lib/python3.9/site-packages/airflow/example_dags/example_sensor_decorator.py
[2023-12-27T09:51:29.235+0545] {processor.py:840} INFO - DAG(s) 'example_sensor_decorator' retrieved from /home/sarita/Documents/apache-airflow-project/.venv/lib/python3.9/site-packages/airflow/example_dags/example_sensor_decorator.py
[2023-12-27T09:51:29.246+0545] {logging_mixin.py:188} INFO - [2023-12-27T09:51:29.246+0545] {dag.py:3033} INFO - Sync 1 DAGs
[2023-12-27T09:51:29.256+0545] {logging_mixin.py:188} INFO - [2023-12-27T09:51:29.256+0545] {dag.py:3820} INFO - Setting next_dagrun for example_sensor_decorator to None, run_after=None
[2023-12-27T09:51:29.282+0545] {processor.py:183} INFO - Processing /home/sarita/Documents/apache-airflow-project/.venv/lib/python3.9/site-packages/airflow/example_dags/example_sensor_decorator.py took 0.057 seconds
[2023-12-27T09:53:11.378+0545] {processor.py:161} INFO - Started process (PID=9077) to work on /home/sarita/Documents/apache-airflow-project/.venv/lib/python3.9/site-packages/airflow/example_dags/example_sensor_decorator.py
[2023-12-27T09:53:11.379+0545] {processor.py:830} INFO - Processing file /home/sarita/Documents/apache-airflow-project/.venv/lib/python3.9/site-packages/airflow/example_dags/example_sensor_decorator.py for tasks to queue
[2023-12-27T09:53:11.380+0545] {logging_mixin.py:188} INFO - [2023-12-27T09:53:11.379+0545] {dagbag.py:538} INFO - Filling up the DagBag from /home/sarita/Documents/apache-airflow-project/.venv/lib/python3.9/site-packages/airflow/example_dags/example_sensor_decorator.py
[2023-12-27T09:53:11.384+0545] {processor.py:840} INFO - DAG(s) 'example_sensor_decorator' retrieved from /home/sarita/Documents/apache-airflow-project/.venv/lib/python3.9/site-packages/airflow/example_dags/example_sensor_decorator.py
[2023-12-27T09:53:11.393+0545] {logging_mixin.py:188} INFO - [2023-12-27T09:53:11.393+0545] {dag.py:3033} INFO - Sync 1 DAGs
[2023-12-27T09:53:11.402+0545] {logging_mixin.py:188} INFO - [2023-12-27T09:53:11.402+0545] {dag.py:3820} INFO - Setting next_dagrun for example_sensor_decorator to None, run_after=None
[2023-12-27T09:53:11.419+0545] {processor.py:183} INFO - Processing /home/sarita/Documents/apache-airflow-project/.venv/lib/python3.9/site-packages/airflow/example_dags/example_sensor_decorator.py took 0.042 seconds
[2023-12-27T12:16:58.906+0545] {processor.py:161} INFO - Started process (PID=13366) to work on /home/sarita/Documents/apache-airflow-project/.venv/lib/python3.9/site-packages/airflow/example_dags/example_sensor_decorator.py
[2023-12-27T12:16:58.910+0545] {processor.py:830} INFO - Processing file /home/sarita/Documents/apache-airflow-project/.venv/lib/python3.9/site-packages/airflow/example_dags/example_sensor_decorator.py for tasks to queue
[2023-12-27T12:16:58.912+0545] {logging_mixin.py:188} INFO - [2023-12-27T12:16:58.911+0545] {dagbag.py:538} INFO - Filling up the DagBag from /home/sarita/Documents/apache-airflow-project/.venv/lib/python3.9/site-packages/airflow/example_dags/example_sensor_decorator.py
[2023-12-27T12:16:58.927+0545] {processor.py:840} INFO - DAG(s) 'example_sensor_decorator' retrieved from /home/sarita/Documents/apache-airflow-project/.venv/lib/python3.9/site-packages/airflow/example_dags/example_sensor_decorator.py
[2023-12-27T12:16:58.945+0545] {logging_mixin.py:188} INFO - [2023-12-27T12:16:58.945+0545] {dag.py:3033} INFO - Sync 1 DAGs
[2023-12-27T12:16:58.955+0545] {logging_mixin.py:188} INFO - [2023-12-27T12:16:58.955+0545] {dag.py:3820} INFO - Setting next_dagrun for example_sensor_decorator to None, run_after=None
[2023-12-27T12:16:58.973+0545] {processor.py:183} INFO - Processing /home/sarita/Documents/apache-airflow-project/.venv/lib/python3.9/site-packages/airflow/example_dags/example_sensor_decorator.py took 0.074 seconds
[2023-12-27T12:39:33.101+0545] {processor.py:161} INFO - Started process (PID=15388) to work on /home/sarita/Documents/apache-airflow-project/.venv/lib/python3.9/site-packages/airflow/example_dags/example_sensor_decorator.py
[2023-12-27T12:39:33.105+0545] {processor.py:830} INFO - Processing file /home/sarita/Documents/apache-airflow-project/.venv/lib/python3.9/site-packages/airflow/example_dags/example_sensor_decorator.py for tasks to queue
[2023-12-27T12:39:33.107+0545] {logging_mixin.py:188} INFO - [2023-12-27T12:39:33.106+0545] {dagbag.py:538} INFO - Filling up the DagBag from /home/sarita/Documents/apache-airflow-project/.venv/lib/python3.9/site-packages/airflow/example_dags/example_sensor_decorator.py
[2023-12-27T12:39:33.129+0545] {processor.py:840} INFO - DAG(s) 'example_sensor_decorator' retrieved from /home/sarita/Documents/apache-airflow-project/.venv/lib/python3.9/site-packages/airflow/example_dags/example_sensor_decorator.py
[2023-12-27T12:39:33.176+0545] {logging_mixin.py:188} INFO - [2023-12-27T12:39:33.175+0545] {dag.py:3033} INFO - Sync 1 DAGs
[2023-12-27T12:39:33.193+0545] {logging_mixin.py:188} INFO - [2023-12-27T12:39:33.193+0545] {dag.py:3820} INFO - Setting next_dagrun for example_sensor_decorator to None, run_after=None
[2023-12-27T12:39:33.294+0545] {processor.py:183} INFO - Processing /home/sarita/Documents/apache-airflow-project/.venv/lib/python3.9/site-packages/airflow/example_dags/example_sensor_decorator.py took 0.203 seconds
[2023-12-27T12:43:32.033+0545] {processor.py:161} INFO - Started process (PID=16847) to work on /home/sarita/Documents/apache-airflow-project/.venv/lib/python3.9/site-packages/airflow/example_dags/example_sensor_decorator.py
[2023-12-27T12:43:32.036+0545] {processor.py:830} INFO - Processing file /home/sarita/Documents/apache-airflow-project/.venv/lib/python3.9/site-packages/airflow/example_dags/example_sensor_decorator.py for tasks to queue
[2023-12-27T12:43:32.039+0545] {logging_mixin.py:188} INFO - [2023-12-27T12:43:32.038+0545] {dagbag.py:538} INFO - Filling up the DagBag from /home/sarita/Documents/apache-airflow-project/.venv/lib/python3.9/site-packages/airflow/example_dags/example_sensor_decorator.py
[2023-12-27T12:43:32.055+0545] {processor.py:840} INFO - DAG(s) 'example_sensor_decorator' retrieved from /home/sarita/Documents/apache-airflow-project/.venv/lib/python3.9/site-packages/airflow/example_dags/example_sensor_decorator.py
[2023-12-27T12:43:32.099+0545] {logging_mixin.py:188} INFO - [2023-12-27T12:43:32.098+0545] {dag.py:3033} INFO - Sync 1 DAGs
[2023-12-27T12:43:32.133+0545] {logging_mixin.py:188} INFO - [2023-12-27T12:43:32.132+0545] {dag.py:3820} INFO - Setting next_dagrun for example_sensor_decorator to None, run_after=None
[2023-12-27T12:43:32.165+0545] {processor.py:183} INFO - Processing /home/sarita/Documents/apache-airflow-project/.venv/lib/python3.9/site-packages/airflow/example_dags/example_sensor_decorator.py took 0.140 seconds
[2023-12-27T12:46:50.922+0545] {processor.py:161} INFO - Started process (PID=17169) to work on /home/sarita/Documents/apache-airflow-project/.venv/lib/python3.9/site-packages/airflow/example_dags/example_sensor_decorator.py
[2023-12-27T12:46:50.923+0545] {processor.py:830} INFO - Processing file /home/sarita/Documents/apache-airflow-project/.venv/lib/python3.9/site-packages/airflow/example_dags/example_sensor_decorator.py for tasks to queue
[2023-12-27T12:46:50.924+0545] {logging_mixin.py:188} INFO - [2023-12-27T12:46:50.924+0545] {dagbag.py:538} INFO - Filling up the DagBag from /home/sarita/Documents/apache-airflow-project/.venv/lib/python3.9/site-packages/airflow/example_dags/example_sensor_decorator.py
[2023-12-27T12:46:50.928+0545] {processor.py:840} INFO - DAG(s) 'example_sensor_decorator' retrieved from /home/sarita/Documents/apache-airflow-project/.venv/lib/python3.9/site-packages/airflow/example_dags/example_sensor_decorator.py
[2023-12-27T12:46:50.940+0545] {logging_mixin.py:188} INFO - [2023-12-27T12:46:50.939+0545] {dag.py:3033} INFO - Sync 1 DAGs
[2023-12-27T12:46:50.949+0545] {logging_mixin.py:188} INFO - [2023-12-27T12:46:50.948+0545] {dag.py:3820} INFO - Setting next_dagrun for example_sensor_decorator to None, run_after=None
[2023-12-27T12:46:50.965+0545] {processor.py:183} INFO - Processing /home/sarita/Documents/apache-airflow-project/.venv/lib/python3.9/site-packages/airflow/example_dags/example_sensor_decorator.py took 0.045 seconds
[2023-12-27T12:52:36.321+0545] {processor.py:161} INFO - Started process (PID=17615) to work on /home/sarita/Documents/apache-airflow-project/.venv/lib/python3.9/site-packages/airflow/example_dags/example_sensor_decorator.py
[2023-12-27T12:52:36.324+0545] {processor.py:830} INFO - Processing file /home/sarita/Documents/apache-airflow-project/.venv/lib/python3.9/site-packages/airflow/example_dags/example_sensor_decorator.py for tasks to queue
[2023-12-27T12:52:36.326+0545] {logging_mixin.py:188} INFO - [2023-12-27T12:52:36.325+0545] {dagbag.py:538} INFO - Filling up the DagBag from /home/sarita/Documents/apache-airflow-project/.venv/lib/python3.9/site-packages/airflow/example_dags/example_sensor_decorator.py
[2023-12-27T12:52:36.332+0545] {processor.py:840} INFO - DAG(s) 'example_sensor_decorator' retrieved from /home/sarita/Documents/apache-airflow-project/.venv/lib/python3.9/site-packages/airflow/example_dags/example_sensor_decorator.py
[2023-12-27T12:52:36.343+0545] {logging_mixin.py:188} INFO - [2023-12-27T12:52:36.343+0545] {dag.py:3033} INFO - Sync 1 DAGs
[2023-12-27T12:52:36.353+0545] {logging_mixin.py:188} INFO - [2023-12-27T12:52:36.352+0545] {dag.py:3820} INFO - Setting next_dagrun for example_sensor_decorator to None, run_after=None
[2023-12-27T12:52:36.369+0545] {processor.py:183} INFO - Processing /home/sarita/Documents/apache-airflow-project/.venv/lib/python3.9/site-packages/airflow/example_dags/example_sensor_decorator.py took 0.049 seconds
[2023-12-27T12:53:25.825+0545] {processor.py:161} INFO - Started process (PID=17722) to work on /home/sarita/Documents/apache-airflow-project/.venv/lib/python3.9/site-packages/airflow/example_dags/example_sensor_decorator.py
[2023-12-27T12:53:25.828+0545] {processor.py:830} INFO - Processing file /home/sarita/Documents/apache-airflow-project/.venv/lib/python3.9/site-packages/airflow/example_dags/example_sensor_decorator.py for tasks to queue
[2023-12-27T12:53:25.830+0545] {logging_mixin.py:188} INFO - [2023-12-27T12:53:25.829+0545] {dagbag.py:538} INFO - Filling up the DagBag from /home/sarita/Documents/apache-airflow-project/.venv/lib/python3.9/site-packages/airflow/example_dags/example_sensor_decorator.py
[2023-12-27T12:53:25.847+0545] {processor.py:840} INFO - DAG(s) 'example_sensor_decorator' retrieved from /home/sarita/Documents/apache-airflow-project/.venv/lib/python3.9/site-packages/airflow/example_dags/example_sensor_decorator.py
[2023-12-27T12:53:25.888+0545] {logging_mixin.py:188} INFO - [2023-12-27T12:53:25.887+0545] {dag.py:3033} INFO - Sync 1 DAGs
[2023-12-27T12:53:25.915+0545] {logging_mixin.py:188} INFO - [2023-12-27T12:53:25.914+0545] {dag.py:3820} INFO - Setting next_dagrun for example_sensor_decorator to None, run_after=None
[2023-12-27T12:53:25.938+0545] {processor.py:183} INFO - Processing /home/sarita/Documents/apache-airflow-project/.venv/lib/python3.9/site-packages/airflow/example_dags/example_sensor_decorator.py took 0.121 seconds
