[2023-12-27T09:36:33.851+0545] {processor.py:161} INFO - Started process (PID=6895) to work on /home/sarita/Documents/apache-airflow-project/.venv/lib/python3.9/site-packages/airflow/example_dags/example_sensors.py
[2023-12-27T09:36:33.853+0545] {processor.py:830} INFO - Processing file /home/sarita/Documents/apache-airflow-project/.venv/lib/python3.9/site-packages/airflow/example_dags/example_sensors.py for tasks to queue
[2023-12-27T09:36:33.856+0545] {logging_mixin.py:188} INFO - [2023-12-27T09:36:33.855+0545] {dagbag.py:538} INFO - Filling up the DagBag from /home/sarita/Documents/apache-airflow-project/.venv/lib/python3.9/site-packages/airflow/example_dags/example_sensors.py
[2023-12-27T09:36:33.892+0545] {processor.py:840} INFO - DAG(s) 'example_sensors' retrieved from /home/sarita/Documents/apache-airflow-project/.venv/lib/python3.9/site-packages/airflow/example_dags/example_sensors.py
[2023-12-27T09:36:33.936+0545] {logging_mixin.py:188} INFO - [2023-12-27T09:36:33.936+0545] {dag.py:3033} INFO - Sync 1 DAGs
[2023-12-27T09:36:34.019+0545] {logging_mixin.py:188} INFO - [2023-12-27T09:36:34.018+0545] {dag.py:3820} INFO - Setting next_dagrun for example_sensors to None, run_after=None
[2023-12-27T09:36:34.051+0545] {processor.py:183} INFO - Processing /home/sarita/Documents/apache-airflow-project/.venv/lib/python3.9/site-packages/airflow/example_dags/example_sensors.py took 0.208 seconds
[2023-12-27T09:37:23.249+0545] {processor.py:161} INFO - Started process (PID=6953) to work on /home/sarita/Documents/apache-airflow-project/.venv/lib/python3.9/site-packages/airflow/example_dags/example_sensors.py
[2023-12-27T09:37:23.251+0545] {processor.py:830} INFO - Processing file /home/sarita/Documents/apache-airflow-project/.venv/lib/python3.9/site-packages/airflow/example_dags/example_sensors.py for tasks to queue
[2023-12-27T09:37:23.252+0545] {logging_mixin.py:188} INFO - [2023-12-27T09:37:23.251+0545] {dagbag.py:538} INFO - Filling up the DagBag from /home/sarita/Documents/apache-airflow-project/.venv/lib/python3.9/site-packages/airflow/example_dags/example_sensors.py
[2023-12-27T09:37:23.258+0545] {processor.py:840} INFO - DAG(s) 'example_sensors' retrieved from /home/sarita/Documents/apache-airflow-project/.venv/lib/python3.9/site-packages/airflow/example_dags/example_sensors.py
[2023-12-27T09:37:23.274+0545] {logging_mixin.py:188} INFO - [2023-12-27T09:37:23.274+0545] {dag.py:3033} INFO - Sync 1 DAGs
[2023-12-27T09:37:23.283+0545] {logging_mixin.py:188} INFO - [2023-12-27T09:37:23.283+0545] {dag.py:3820} INFO - Setting next_dagrun for example_sensors to None, run_after=None
[2023-12-27T09:37:23.301+0545] {processor.py:183} INFO - Processing /home/sarita/Documents/apache-airflow-project/.venv/lib/python3.9/site-packages/airflow/example_dags/example_sensors.py took 0.054 seconds
[2023-12-27T09:37:59.635+0545] {processor.py:161} INFO - Started process (PID=6998) to work on /home/sarita/Documents/apache-airflow-project/.venv/lib/python3.9/site-packages/airflow/example_dags/example_sensors.py
[2023-12-27T09:37:59.638+0545] {processor.py:830} INFO - Processing file /home/sarita/Documents/apache-airflow-project/.venv/lib/python3.9/site-packages/airflow/example_dags/example_sensors.py for tasks to queue
[2023-12-27T09:37:59.639+0545] {logging_mixin.py:188} INFO - [2023-12-27T09:37:59.639+0545] {dagbag.py:538} INFO - Filling up the DagBag from /home/sarita/Documents/apache-airflow-project/.venv/lib/python3.9/site-packages/airflow/example_dags/example_sensors.py
[2023-12-27T09:37:59.653+0545] {processor.py:840} INFO - DAG(s) 'example_sensors' retrieved from /home/sarita/Documents/apache-airflow-project/.venv/lib/python3.9/site-packages/airflow/example_dags/example_sensors.py
[2023-12-27T09:37:59.672+0545] {logging_mixin.py:188} INFO - [2023-12-27T09:37:59.671+0545] {dag.py:3033} INFO - Sync 1 DAGs
[2023-12-27T09:37:59.681+0545] {logging_mixin.py:188} INFO - [2023-12-27T09:37:59.681+0545] {dag.py:3820} INFO - Setting next_dagrun for example_sensors to None, run_after=None
[2023-12-27T09:37:59.700+0545] {processor.py:183} INFO - Processing /home/sarita/Documents/apache-airflow-project/.venv/lib/python3.9/site-packages/airflow/example_dags/example_sensors.py took 0.071 seconds
[2023-12-27T09:38:37.007+0545] {processor.py:161} INFO - Started process (PID=7100) to work on /home/sarita/Documents/apache-airflow-project/.venv/lib/python3.9/site-packages/airflow/example_dags/example_sensors.py
[2023-12-27T09:38:37.009+0545] {processor.py:830} INFO - Processing file /home/sarita/Documents/apache-airflow-project/.venv/lib/python3.9/site-packages/airflow/example_dags/example_sensors.py for tasks to queue
[2023-12-27T09:38:37.010+0545] {logging_mixin.py:188} INFO - [2023-12-27T09:38:37.009+0545] {dagbag.py:538} INFO - Filling up the DagBag from /home/sarita/Documents/apache-airflow-project/.venv/lib/python3.9/site-packages/airflow/example_dags/example_sensors.py
[2023-12-27T09:38:37.018+0545] {processor.py:840} INFO - DAG(s) 'example_sensors' retrieved from /home/sarita/Documents/apache-airflow-project/.venv/lib/python3.9/site-packages/airflow/example_dags/example_sensors.py
[2023-12-27T09:38:37.035+0545] {logging_mixin.py:188} INFO - [2023-12-27T09:38:37.034+0545] {dag.py:3033} INFO - Sync 1 DAGs
[2023-12-27T09:38:37.043+0545] {logging_mixin.py:188} INFO - [2023-12-27T09:38:37.043+0545] {dag.py:3820} INFO - Setting next_dagrun for example_sensors to None, run_after=None
[2023-12-27T09:38:37.059+0545] {processor.py:183} INFO - Processing /home/sarita/Documents/apache-airflow-project/.venv/lib/python3.9/site-packages/airflow/example_dags/example_sensors.py took 0.055 seconds
[2023-12-27T09:39:14.602+0545] {processor.py:161} INFO - Started process (PID=7140) to work on /home/sarita/Documents/apache-airflow-project/.venv/lib/python3.9/site-packages/airflow/example_dags/example_sensors.py
[2023-12-27T09:39:14.604+0545] {processor.py:830} INFO - Processing file /home/sarita/Documents/apache-airflow-project/.venv/lib/python3.9/site-packages/airflow/example_dags/example_sensors.py for tasks to queue
[2023-12-27T09:39:14.605+0545] {logging_mixin.py:188} INFO - [2023-12-27T09:39:14.605+0545] {dagbag.py:538} INFO - Filling up the DagBag from /home/sarita/Documents/apache-airflow-project/.venv/lib/python3.9/site-packages/airflow/example_dags/example_sensors.py
[2023-12-27T09:39:14.613+0545] {processor.py:840} INFO - DAG(s) 'example_sensors' retrieved from /home/sarita/Documents/apache-airflow-project/.venv/lib/python3.9/site-packages/airflow/example_dags/example_sensors.py
[2023-12-27T09:39:14.627+0545] {logging_mixin.py:188} INFO - [2023-12-27T09:39:14.627+0545] {dag.py:3033} INFO - Sync 1 DAGs
[2023-12-27T09:39:14.638+0545] {logging_mixin.py:188} INFO - [2023-12-27T09:39:14.638+0545] {dag.py:3820} INFO - Setting next_dagrun for example_sensors to None, run_after=None
[2023-12-27T09:39:14.657+0545] {processor.py:183} INFO - Processing /home/sarita/Documents/apache-airflow-project/.venv/lib/python3.9/site-packages/airflow/example_dags/example_sensors.py took 0.057 seconds
[2023-12-27T09:39:50.806+0545] {processor.py:161} INFO - Started process (PID=7210) to work on /home/sarita/Documents/apache-airflow-project/.venv/lib/python3.9/site-packages/airflow/example_dags/example_sensors.py
[2023-12-27T09:39:50.807+0545] {processor.py:830} INFO - Processing file /home/sarita/Documents/apache-airflow-project/.venv/lib/python3.9/site-packages/airflow/example_dags/example_sensors.py for tasks to queue
[2023-12-27T09:39:50.809+0545] {logging_mixin.py:188} INFO - [2023-12-27T09:39:50.808+0545] {dagbag.py:538} INFO - Filling up the DagBag from /home/sarita/Documents/apache-airflow-project/.venv/lib/python3.9/site-packages/airflow/example_dags/example_sensors.py
[2023-12-27T09:39:50.823+0545] {processor.py:840} INFO - DAG(s) 'example_sensors' retrieved from /home/sarita/Documents/apache-airflow-project/.venv/lib/python3.9/site-packages/airflow/example_dags/example_sensors.py
[2023-12-27T09:39:50.841+0545] {logging_mixin.py:188} INFO - [2023-12-27T09:39:50.841+0545] {dag.py:3033} INFO - Sync 1 DAGs
[2023-12-27T09:39:50.850+0545] {logging_mixin.py:188} INFO - [2023-12-27T09:39:50.850+0545] {dag.py:3820} INFO - Setting next_dagrun for example_sensors to None, run_after=None
[2023-12-27T09:39:50.868+0545] {processor.py:183} INFO - Processing /home/sarita/Documents/apache-airflow-project/.venv/lib/python3.9/site-packages/airflow/example_dags/example_sensors.py took 0.067 seconds
[2023-12-27T09:40:30.597+0545] {processor.py:161} INFO - Started process (PID=7271) to work on /home/sarita/Documents/apache-airflow-project/.venv/lib/python3.9/site-packages/airflow/example_dags/example_sensors.py
[2023-12-27T09:40:30.600+0545] {processor.py:830} INFO - Processing file /home/sarita/Documents/apache-airflow-project/.venv/lib/python3.9/site-packages/airflow/example_dags/example_sensors.py for tasks to queue
[2023-12-27T09:40:30.602+0545] {logging_mixin.py:188} INFO - [2023-12-27T09:40:30.601+0545] {dagbag.py:538} INFO - Filling up the DagBag from /home/sarita/Documents/apache-airflow-project/.venv/lib/python3.9/site-packages/airflow/example_dags/example_sensors.py
[2023-12-27T09:40:30.625+0545] {processor.py:840} INFO - DAG(s) 'example_sensors' retrieved from /home/sarita/Documents/apache-airflow-project/.venv/lib/python3.9/site-packages/airflow/example_dags/example_sensors.py
[2023-12-27T09:40:30.645+0545] {logging_mixin.py:188} INFO - [2023-12-27T09:40:30.645+0545] {dag.py:3033} INFO - Sync 1 DAGs
[2023-12-27T09:40:30.654+0545] {logging_mixin.py:188} INFO - [2023-12-27T09:40:30.654+0545] {dag.py:3820} INFO - Setting next_dagrun for example_sensors to None, run_after=None
[2023-12-27T09:40:30.673+0545] {processor.py:183} INFO - Processing /home/sarita/Documents/apache-airflow-project/.venv/lib/python3.9/site-packages/airflow/example_dags/example_sensors.py took 0.078 seconds
[2023-12-27T09:41:03.687+0545] {processor.py:161} INFO - Started process (PID=7471) to work on /home/sarita/Documents/apache-airflow-project/.venv/lib/python3.9/site-packages/airflow/example_dags/example_sensors.py
[2023-12-27T09:41:03.688+0545] {processor.py:830} INFO - Processing file /home/sarita/Documents/apache-airflow-project/.venv/lib/python3.9/site-packages/airflow/example_dags/example_sensors.py for tasks to queue
[2023-12-27T09:41:03.689+0545] {logging_mixin.py:188} INFO - [2023-12-27T09:41:03.688+0545] {dagbag.py:538} INFO - Filling up the DagBag from /home/sarita/Documents/apache-airflow-project/.venv/lib/python3.9/site-packages/airflow/example_dags/example_sensors.py
[2023-12-27T09:41:03.699+0545] {processor.py:840} INFO - DAG(s) 'example_sensors' retrieved from /home/sarita/Documents/apache-airflow-project/.venv/lib/python3.9/site-packages/airflow/example_dags/example_sensors.py
[2023-12-27T09:41:03.716+0545] {logging_mixin.py:188} INFO - [2023-12-27T09:41:03.716+0545] {dag.py:3033} INFO - Sync 1 DAGs
[2023-12-27T09:41:03.727+0545] {logging_mixin.py:188} INFO - [2023-12-27T09:41:03.727+0545] {dag.py:3820} INFO - Setting next_dagrun for example_sensors to None, run_after=None
[2023-12-27T09:41:03.753+0545] {processor.py:183} INFO - Processing /home/sarita/Documents/apache-airflow-project/.venv/lib/python3.9/site-packages/airflow/example_dags/example_sensors.py took 0.070 seconds
[2023-12-27T09:41:42.074+0545] {processor.py:161} INFO - Started process (PID=7556) to work on /home/sarita/Documents/apache-airflow-project/.venv/lib/python3.9/site-packages/airflow/example_dags/example_sensors.py
[2023-12-27T09:41:42.076+0545] {processor.py:830} INFO - Processing file /home/sarita/Documents/apache-airflow-project/.venv/lib/python3.9/site-packages/airflow/example_dags/example_sensors.py for tasks to queue
[2023-12-27T09:41:42.077+0545] {logging_mixin.py:188} INFO - [2023-12-27T09:41:42.077+0545] {dagbag.py:538} INFO - Filling up the DagBag from /home/sarita/Documents/apache-airflow-project/.venv/lib/python3.9/site-packages/airflow/example_dags/example_sensors.py
[2023-12-27T09:41:42.083+0545] {processor.py:840} INFO - DAG(s) 'example_sensors' retrieved from /home/sarita/Documents/apache-airflow-project/.venv/lib/python3.9/site-packages/airflow/example_dags/example_sensors.py
[2023-12-27T09:41:42.099+0545] {logging_mixin.py:188} INFO - [2023-12-27T09:41:42.099+0545] {dag.py:3033} INFO - Sync 1 DAGs
[2023-12-27T09:41:42.109+0545] {logging_mixin.py:188} INFO - [2023-12-27T09:41:42.109+0545] {dag.py:3820} INFO - Setting next_dagrun for example_sensors to None, run_after=None
[2023-12-27T09:41:42.130+0545] {processor.py:183} INFO - Processing /home/sarita/Documents/apache-airflow-project/.venv/lib/python3.9/site-packages/airflow/example_dags/example_sensors.py took 0.057 seconds
[2023-12-27T09:42:21.046+0545] {processor.py:161} INFO - Started process (PID=7759) to work on /home/sarita/Documents/apache-airflow-project/.venv/lib/python3.9/site-packages/airflow/example_dags/example_sensors.py
[2023-12-27T09:42:21.049+0545] {processor.py:830} INFO - Processing file /home/sarita/Documents/apache-airflow-project/.venv/lib/python3.9/site-packages/airflow/example_dags/example_sensors.py for tasks to queue
[2023-12-27T09:42:21.050+0545] {logging_mixin.py:188} INFO - [2023-12-27T09:42:21.050+0545] {dagbag.py:538} INFO - Filling up the DagBag from /home/sarita/Documents/apache-airflow-project/.venv/lib/python3.9/site-packages/airflow/example_dags/example_sensors.py
[2023-12-27T09:42:21.062+0545] {processor.py:840} INFO - DAG(s) 'example_sensors' retrieved from /home/sarita/Documents/apache-airflow-project/.venv/lib/python3.9/site-packages/airflow/example_dags/example_sensors.py
[2023-12-27T09:42:21.078+0545] {logging_mixin.py:188} INFO - [2023-12-27T09:42:21.078+0545] {dag.py:3033} INFO - Sync 1 DAGs
[2023-12-27T09:42:21.086+0545] {logging_mixin.py:188} INFO - [2023-12-27T09:42:21.086+0545] {dag.py:3820} INFO - Setting next_dagrun for example_sensors to None, run_after=None
[2023-12-27T09:42:21.103+0545] {processor.py:183} INFO - Processing /home/sarita/Documents/apache-airflow-project/.venv/lib/python3.9/site-packages/airflow/example_dags/example_sensors.py took 0.063 seconds
[2023-12-27T09:42:56.338+0545] {processor.py:161} INFO - Started process (PID=7829) to work on /home/sarita/Documents/apache-airflow-project/.venv/lib/python3.9/site-packages/airflow/example_dags/example_sensors.py
[2023-12-27T09:42:56.341+0545] {processor.py:830} INFO - Processing file /home/sarita/Documents/apache-airflow-project/.venv/lib/python3.9/site-packages/airflow/example_dags/example_sensors.py for tasks to queue
[2023-12-27T09:42:56.341+0545] {logging_mixin.py:188} INFO - [2023-12-27T09:42:56.341+0545] {dagbag.py:538} INFO - Filling up the DagBag from /home/sarita/Documents/apache-airflow-project/.venv/lib/python3.9/site-packages/airflow/example_dags/example_sensors.py
[2023-12-27T09:42:56.351+0545] {processor.py:840} INFO - DAG(s) 'example_sensors' retrieved from /home/sarita/Documents/apache-airflow-project/.venv/lib/python3.9/site-packages/airflow/example_dags/example_sensors.py
[2023-12-27T09:42:56.370+0545] {logging_mixin.py:188} INFO - [2023-12-27T09:42:56.370+0545] {dag.py:3033} INFO - Sync 1 DAGs
[2023-12-27T09:42:56.379+0545] {logging_mixin.py:188} INFO - [2023-12-27T09:42:56.379+0545] {dag.py:3820} INFO - Setting next_dagrun for example_sensors to None, run_after=None
[2023-12-27T09:42:56.396+0545] {processor.py:183} INFO - Processing /home/sarita/Documents/apache-airflow-project/.venv/lib/python3.9/site-packages/airflow/example_dags/example_sensors.py took 0.061 seconds
[2023-12-27T09:43:45.174+0545] {processor.py:161} INFO - Started process (PID=7899) to work on /home/sarita/Documents/apache-airflow-project/.venv/lib/python3.9/site-packages/airflow/example_dags/example_sensors.py
[2023-12-27T09:43:45.176+0545] {processor.py:830} INFO - Processing file /home/sarita/Documents/apache-airflow-project/.venv/lib/python3.9/site-packages/airflow/example_dags/example_sensors.py for tasks to queue
[2023-12-27T09:43:45.177+0545] {logging_mixin.py:188} INFO - [2023-12-27T09:43:45.176+0545] {dagbag.py:538} INFO - Filling up the DagBag from /home/sarita/Documents/apache-airflow-project/.venv/lib/python3.9/site-packages/airflow/example_dags/example_sensors.py
[2023-12-27T09:43:45.190+0545] {processor.py:840} INFO - DAG(s) 'example_sensors' retrieved from /home/sarita/Documents/apache-airflow-project/.venv/lib/python3.9/site-packages/airflow/example_dags/example_sensors.py
[2023-12-27T09:43:45.208+0545] {logging_mixin.py:188} INFO - [2023-12-27T09:43:45.207+0545] {dag.py:3033} INFO - Sync 1 DAGs
[2023-12-27T09:43:45.216+0545] {logging_mixin.py:188} INFO - [2023-12-27T09:43:45.216+0545] {dag.py:3820} INFO - Setting next_dagrun for example_sensors to None, run_after=None
[2023-12-27T09:43:45.233+0545] {processor.py:183} INFO - Processing /home/sarita/Documents/apache-airflow-project/.venv/lib/python3.9/site-packages/airflow/example_dags/example_sensors.py took 0.063 seconds
[2023-12-27T09:44:24.705+0545] {processor.py:161} INFO - Started process (PID=7950) to work on /home/sarita/Documents/apache-airflow-project/.venv/lib/python3.9/site-packages/airflow/example_dags/example_sensors.py
[2023-12-27T09:44:24.707+0545] {processor.py:830} INFO - Processing file /home/sarita/Documents/apache-airflow-project/.venv/lib/python3.9/site-packages/airflow/example_dags/example_sensors.py for tasks to queue
[2023-12-27T09:44:24.710+0545] {logging_mixin.py:188} INFO - [2023-12-27T09:44:24.709+0545] {dagbag.py:538} INFO - Filling up the DagBag from /home/sarita/Documents/apache-airflow-project/.venv/lib/python3.9/site-packages/airflow/example_dags/example_sensors.py
[2023-12-27T09:44:24.725+0545] {processor.py:840} INFO - DAG(s) 'example_sensors' retrieved from /home/sarita/Documents/apache-airflow-project/.venv/lib/python3.9/site-packages/airflow/example_dags/example_sensors.py
[2023-12-27T09:44:24.742+0545] {logging_mixin.py:188} INFO - [2023-12-27T09:44:24.742+0545] {dag.py:3033} INFO - Sync 1 DAGs
[2023-12-27T09:44:24.752+0545] {logging_mixin.py:188} INFO - [2023-12-27T09:44:24.751+0545] {dag.py:3820} INFO - Setting next_dagrun for example_sensors to None, run_after=None
[2023-12-27T09:44:24.769+0545] {processor.py:183} INFO - Processing /home/sarita/Documents/apache-airflow-project/.venv/lib/python3.9/site-packages/airflow/example_dags/example_sensors.py took 0.068 seconds
[2023-12-27T09:44:59.196+0545] {processor.py:161} INFO - Started process (PID=7998) to work on /home/sarita/Documents/apache-airflow-project/.venv/lib/python3.9/site-packages/airflow/example_dags/example_sensors.py
[2023-12-27T09:44:59.198+0545] {processor.py:830} INFO - Processing file /home/sarita/Documents/apache-airflow-project/.venv/lib/python3.9/site-packages/airflow/example_dags/example_sensors.py for tasks to queue
[2023-12-27T09:44:59.199+0545] {logging_mixin.py:188} INFO - [2023-12-27T09:44:59.199+0545] {dagbag.py:538} INFO - Filling up the DagBag from /home/sarita/Documents/apache-airflow-project/.venv/lib/python3.9/site-packages/airflow/example_dags/example_sensors.py
[2023-12-27T09:44:59.209+0545] {processor.py:840} INFO - DAG(s) 'example_sensors' retrieved from /home/sarita/Documents/apache-airflow-project/.venv/lib/python3.9/site-packages/airflow/example_dags/example_sensors.py
[2023-12-27T09:44:59.227+0545] {logging_mixin.py:188} INFO - [2023-12-27T09:44:59.227+0545] {dag.py:3033} INFO - Sync 1 DAGs
[2023-12-27T09:44:59.236+0545] {logging_mixin.py:188} INFO - [2023-12-27T09:44:59.236+0545] {dag.py:3820} INFO - Setting next_dagrun for example_sensors to None, run_after=None
[2023-12-27T09:44:59.254+0545] {processor.py:183} INFO - Processing /home/sarita/Documents/apache-airflow-project/.venv/lib/python3.9/site-packages/airflow/example_dags/example_sensors.py took 0.061 seconds
[2023-12-27T09:45:37.498+0545] {processor.py:161} INFO - Started process (PID=8433) to work on /home/sarita/Documents/apache-airflow-project/.venv/lib/python3.9/site-packages/airflow/example_dags/example_sensors.py
[2023-12-27T09:45:37.501+0545] {processor.py:830} INFO - Processing file /home/sarita/Documents/apache-airflow-project/.venv/lib/python3.9/site-packages/airflow/example_dags/example_sensors.py for tasks to queue
[2023-12-27T09:45:37.503+0545] {logging_mixin.py:188} INFO - [2023-12-27T09:45:37.502+0545] {dagbag.py:538} INFO - Filling up the DagBag from /home/sarita/Documents/apache-airflow-project/.venv/lib/python3.9/site-packages/airflow/example_dags/example_sensors.py
[2023-12-27T09:45:37.521+0545] {processor.py:840} INFO - DAG(s) 'example_sensors' retrieved from /home/sarita/Documents/apache-airflow-project/.venv/lib/python3.9/site-packages/airflow/example_dags/example_sensors.py
[2023-12-27T09:45:37.538+0545] {logging_mixin.py:188} INFO - [2023-12-27T09:45:37.538+0545] {dag.py:3033} INFO - Sync 1 DAGs
[2023-12-27T09:45:37.547+0545] {logging_mixin.py:188} INFO - [2023-12-27T09:45:37.547+0545] {dag.py:3820} INFO - Setting next_dagrun for example_sensors to None, run_after=None
[2023-12-27T09:45:37.565+0545] {processor.py:183} INFO - Processing /home/sarita/Documents/apache-airflow-project/.venv/lib/python3.9/site-packages/airflow/example_dags/example_sensors.py took 0.074 seconds
[2023-12-27T09:46:13.337+0545] {processor.py:161} INFO - Started process (PID=8485) to work on /home/sarita/Documents/apache-airflow-project/.venv/lib/python3.9/site-packages/airflow/example_dags/example_sensors.py
[2023-12-27T09:46:13.340+0545] {processor.py:830} INFO - Processing file /home/sarita/Documents/apache-airflow-project/.venv/lib/python3.9/site-packages/airflow/example_dags/example_sensors.py for tasks to queue
[2023-12-27T09:46:13.341+0545] {logging_mixin.py:188} INFO - [2023-12-27T09:46:13.340+0545] {dagbag.py:538} INFO - Filling up the DagBag from /home/sarita/Documents/apache-airflow-project/.venv/lib/python3.9/site-packages/airflow/example_dags/example_sensors.py
[2023-12-27T09:46:13.348+0545] {processor.py:840} INFO - DAG(s) 'example_sensors' retrieved from /home/sarita/Documents/apache-airflow-project/.venv/lib/python3.9/site-packages/airflow/example_dags/example_sensors.py
[2023-12-27T09:46:13.365+0545] {logging_mixin.py:188} INFO - [2023-12-27T09:46:13.365+0545] {dag.py:3033} INFO - Sync 1 DAGs
[2023-12-27T09:46:13.374+0545] {logging_mixin.py:188} INFO - [2023-12-27T09:46:13.374+0545] {dag.py:3820} INFO - Setting next_dagrun for example_sensors to None, run_after=None
[2023-12-27T09:46:13.472+0545] {processor.py:183} INFO - Processing /home/sarita/Documents/apache-airflow-project/.venv/lib/python3.9/site-packages/airflow/example_dags/example_sensors.py took 0.137 seconds
[2023-12-27T09:46:48.756+0545] {processor.py:161} INFO - Started process (PID=8522) to work on /home/sarita/Documents/apache-airflow-project/.venv/lib/python3.9/site-packages/airflow/example_dags/example_sensors.py
[2023-12-27T09:46:48.759+0545] {processor.py:830} INFO - Processing file /home/sarita/Documents/apache-airflow-project/.venv/lib/python3.9/site-packages/airflow/example_dags/example_sensors.py for tasks to queue
[2023-12-27T09:46:48.760+0545] {logging_mixin.py:188} INFO - [2023-12-27T09:46:48.759+0545] {dagbag.py:538} INFO - Filling up the DagBag from /home/sarita/Documents/apache-airflow-project/.venv/lib/python3.9/site-packages/airflow/example_dags/example_sensors.py
[2023-12-27T09:46:48.771+0545] {processor.py:840} INFO - DAG(s) 'example_sensors' retrieved from /home/sarita/Documents/apache-airflow-project/.venv/lib/python3.9/site-packages/airflow/example_dags/example_sensors.py
[2023-12-27T09:46:48.787+0545] {logging_mixin.py:188} INFO - [2023-12-27T09:46:48.787+0545] {dag.py:3033} INFO - Sync 1 DAGs
[2023-12-27T09:46:48.796+0545] {logging_mixin.py:188} INFO - [2023-12-27T09:46:48.796+0545] {dag.py:3820} INFO - Setting next_dagrun for example_sensors to None, run_after=None
[2023-12-27T09:46:48.813+0545] {processor.py:183} INFO - Processing /home/sarita/Documents/apache-airflow-project/.venv/lib/python3.9/site-packages/airflow/example_dags/example_sensors.py took 0.061 seconds
[2023-12-27T09:47:28.374+0545] {processor.py:161} INFO - Started process (PID=8561) to work on /home/sarita/Documents/apache-airflow-project/.venv/lib/python3.9/site-packages/airflow/example_dags/example_sensors.py
[2023-12-27T09:47:28.376+0545] {processor.py:830} INFO - Processing file /home/sarita/Documents/apache-airflow-project/.venv/lib/python3.9/site-packages/airflow/example_dags/example_sensors.py for tasks to queue
[2023-12-27T09:47:28.377+0545] {logging_mixin.py:188} INFO - [2023-12-27T09:47:28.377+0545] {dagbag.py:538} INFO - Filling up the DagBag from /home/sarita/Documents/apache-airflow-project/.venv/lib/python3.9/site-packages/airflow/example_dags/example_sensors.py
[2023-12-27T09:47:28.387+0545] {processor.py:840} INFO - DAG(s) 'example_sensors' retrieved from /home/sarita/Documents/apache-airflow-project/.venv/lib/python3.9/site-packages/airflow/example_dags/example_sensors.py
[2023-12-27T09:47:28.403+0545] {logging_mixin.py:188} INFO - [2023-12-27T09:47:28.403+0545] {dag.py:3033} INFO - Sync 1 DAGs
[2023-12-27T09:47:28.412+0545] {logging_mixin.py:188} INFO - [2023-12-27T09:47:28.412+0545] {dag.py:3820} INFO - Setting next_dagrun for example_sensors to None, run_after=None
[2023-12-27T09:47:28.432+0545] {processor.py:183} INFO - Processing /home/sarita/Documents/apache-airflow-project/.venv/lib/python3.9/site-packages/airflow/example_dags/example_sensors.py took 0.061 seconds
[2023-12-27T09:48:06.839+0545] {processor.py:161} INFO - Started process (PID=8623) to work on /home/sarita/Documents/apache-airflow-project/.venv/lib/python3.9/site-packages/airflow/example_dags/example_sensors.py
[2023-12-27T09:48:06.841+0545] {processor.py:830} INFO - Processing file /home/sarita/Documents/apache-airflow-project/.venv/lib/python3.9/site-packages/airflow/example_dags/example_sensors.py for tasks to queue
[2023-12-27T09:48:06.842+0545] {logging_mixin.py:188} INFO - [2023-12-27T09:48:06.841+0545] {dagbag.py:538} INFO - Filling up the DagBag from /home/sarita/Documents/apache-airflow-project/.venv/lib/python3.9/site-packages/airflow/example_dags/example_sensors.py
[2023-12-27T09:48:06.848+0545] {processor.py:840} INFO - DAG(s) 'example_sensors' retrieved from /home/sarita/Documents/apache-airflow-project/.venv/lib/python3.9/site-packages/airflow/example_dags/example_sensors.py
[2023-12-27T09:48:06.864+0545] {logging_mixin.py:188} INFO - [2023-12-27T09:48:06.863+0545] {dag.py:3033} INFO - Sync 1 DAGs
[2023-12-27T09:48:06.872+0545] {logging_mixin.py:188} INFO - [2023-12-27T09:48:06.872+0545] {dag.py:3820} INFO - Setting next_dagrun for example_sensors to None, run_after=None
[2023-12-27T09:48:06.892+0545] {processor.py:183} INFO - Processing /home/sarita/Documents/apache-airflow-project/.venv/lib/python3.9/site-packages/airflow/example_dags/example_sensors.py took 0.055 seconds
[2023-12-27T09:48:45.766+0545] {processor.py:161} INFO - Started process (PID=8667) to work on /home/sarita/Documents/apache-airflow-project/.venv/lib/python3.9/site-packages/airflow/example_dags/example_sensors.py
[2023-12-27T09:48:45.768+0545] {processor.py:830} INFO - Processing file /home/sarita/Documents/apache-airflow-project/.venv/lib/python3.9/site-packages/airflow/example_dags/example_sensors.py for tasks to queue
[2023-12-27T09:48:45.769+0545] {logging_mixin.py:188} INFO - [2023-12-27T09:48:45.769+0545] {dagbag.py:538} INFO - Filling up the DagBag from /home/sarita/Documents/apache-airflow-project/.venv/lib/python3.9/site-packages/airflow/example_dags/example_sensors.py
[2023-12-27T09:48:45.778+0545] {processor.py:840} INFO - DAG(s) 'example_sensors' retrieved from /home/sarita/Documents/apache-airflow-project/.venv/lib/python3.9/site-packages/airflow/example_dags/example_sensors.py
[2023-12-27T09:48:45.795+0545] {logging_mixin.py:188} INFO - [2023-12-27T09:48:45.795+0545] {dag.py:3033} INFO - Sync 1 DAGs
[2023-12-27T09:48:45.804+0545] {logging_mixin.py:188} INFO - [2023-12-27T09:48:45.804+0545] {dag.py:3820} INFO - Setting next_dagrun for example_sensors to None, run_after=None
[2023-12-27T09:48:45.822+0545] {processor.py:183} INFO - Processing /home/sarita/Documents/apache-airflow-project/.venv/lib/python3.9/site-packages/airflow/example_dags/example_sensors.py took 0.059 seconds
[2023-12-27T09:49:20.661+0545] {processor.py:161} INFO - Started process (PID=8705) to work on /home/sarita/Documents/apache-airflow-project/.venv/lib/python3.9/site-packages/airflow/example_dags/example_sensors.py
[2023-12-27T09:49:20.663+0545] {processor.py:830} INFO - Processing file /home/sarita/Documents/apache-airflow-project/.venv/lib/python3.9/site-packages/airflow/example_dags/example_sensors.py for tasks to queue
[2023-12-27T09:49:20.664+0545] {logging_mixin.py:188} INFO - [2023-12-27T09:49:20.663+0545] {dagbag.py:538} INFO - Filling up the DagBag from /home/sarita/Documents/apache-airflow-project/.venv/lib/python3.9/site-packages/airflow/example_dags/example_sensors.py
[2023-12-27T09:49:20.673+0545] {processor.py:840} INFO - DAG(s) 'example_sensors' retrieved from /home/sarita/Documents/apache-airflow-project/.venv/lib/python3.9/site-packages/airflow/example_dags/example_sensors.py
[2023-12-27T09:49:20.689+0545] {logging_mixin.py:188} INFO - [2023-12-27T09:49:20.689+0545] {dag.py:3033} INFO - Sync 1 DAGs
[2023-12-27T09:49:20.697+0545] {logging_mixin.py:188} INFO - [2023-12-27T09:49:20.697+0545] {dag.py:3820} INFO - Setting next_dagrun for example_sensors to None, run_after=None
[2023-12-27T09:49:20.714+0545] {processor.py:183} INFO - Processing /home/sarita/Documents/apache-airflow-project/.venv/lib/python3.9/site-packages/airflow/example_dags/example_sensors.py took 0.057 seconds
[2023-12-27T09:49:57.888+0545] {processor.py:161} INFO - Started process (PID=8744) to work on /home/sarita/Documents/apache-airflow-project/.venv/lib/python3.9/site-packages/airflow/example_dags/example_sensors.py
[2023-12-27T09:49:57.891+0545] {processor.py:830} INFO - Processing file /home/sarita/Documents/apache-airflow-project/.venv/lib/python3.9/site-packages/airflow/example_dags/example_sensors.py for tasks to queue
[2023-12-27T09:49:57.892+0545] {logging_mixin.py:188} INFO - [2023-12-27T09:49:57.891+0545] {dagbag.py:538} INFO - Filling up the DagBag from /home/sarita/Documents/apache-airflow-project/.venv/lib/python3.9/site-packages/airflow/example_dags/example_sensors.py
[2023-12-27T09:49:57.904+0545] {processor.py:840} INFO - DAG(s) 'example_sensors' retrieved from /home/sarita/Documents/apache-airflow-project/.venv/lib/python3.9/site-packages/airflow/example_dags/example_sensors.py
[2023-12-27T09:49:57.924+0545] {logging_mixin.py:188} INFO - [2023-12-27T09:49:57.924+0545] {dag.py:3033} INFO - Sync 1 DAGs
[2023-12-27T09:49:57.934+0545] {logging_mixin.py:188} INFO - [2023-12-27T09:49:57.933+0545] {dag.py:3820} INFO - Setting next_dagrun for example_sensors to None, run_after=None
[2023-12-27T09:49:57.951+0545] {processor.py:183} INFO - Processing /home/sarita/Documents/apache-airflow-project/.venv/lib/python3.9/site-packages/airflow/example_dags/example_sensors.py took 0.067 seconds
[2023-12-27T09:50:36.726+0545] {processor.py:161} INFO - Started process (PID=8797) to work on /home/sarita/Documents/apache-airflow-project/.venv/lib/python3.9/site-packages/airflow/example_dags/example_sensors.py
[2023-12-27T09:50:36.728+0545] {processor.py:830} INFO - Processing file /home/sarita/Documents/apache-airflow-project/.venv/lib/python3.9/site-packages/airflow/example_dags/example_sensors.py for tasks to queue
[2023-12-27T09:50:36.729+0545] {logging_mixin.py:188} INFO - [2023-12-27T09:50:36.729+0545] {dagbag.py:538} INFO - Filling up the DagBag from /home/sarita/Documents/apache-airflow-project/.venv/lib/python3.9/site-packages/airflow/example_dags/example_sensors.py
[2023-12-27T09:50:36.738+0545] {processor.py:840} INFO - DAG(s) 'example_sensors' retrieved from /home/sarita/Documents/apache-airflow-project/.venv/lib/python3.9/site-packages/airflow/example_dags/example_sensors.py
[2023-12-27T09:50:36.753+0545] {logging_mixin.py:188} INFO - [2023-12-27T09:50:36.753+0545] {dag.py:3033} INFO - Sync 1 DAGs
[2023-12-27T09:50:36.762+0545] {logging_mixin.py:188} INFO - [2023-12-27T09:50:36.762+0545] {dag.py:3820} INFO - Setting next_dagrun for example_sensors to None, run_after=None
[2023-12-27T09:50:36.781+0545] {processor.py:183} INFO - Processing /home/sarita/Documents/apache-airflow-project/.venv/lib/python3.9/site-packages/airflow/example_dags/example_sensors.py took 0.057 seconds
[2023-12-27T09:51:16.416+0545] {processor.py:161} INFO - Started process (PID=8872) to work on /home/sarita/Documents/apache-airflow-project/.venv/lib/python3.9/site-packages/airflow/example_dags/example_sensors.py
[2023-12-27T09:51:16.418+0545] {processor.py:830} INFO - Processing file /home/sarita/Documents/apache-airflow-project/.venv/lib/python3.9/site-packages/airflow/example_dags/example_sensors.py for tasks to queue
[2023-12-27T09:51:16.419+0545] {logging_mixin.py:188} INFO - [2023-12-27T09:51:16.419+0545] {dagbag.py:538} INFO - Filling up the DagBag from /home/sarita/Documents/apache-airflow-project/.venv/lib/python3.9/site-packages/airflow/example_dags/example_sensors.py
[2023-12-27T09:51:16.429+0545] {processor.py:840} INFO - DAG(s) 'example_sensors' retrieved from /home/sarita/Documents/apache-airflow-project/.venv/lib/python3.9/site-packages/airflow/example_dags/example_sensors.py
[2023-12-27T09:51:16.445+0545] {logging_mixin.py:188} INFO - [2023-12-27T09:51:16.445+0545] {dag.py:3033} INFO - Sync 1 DAGs
[2023-12-27T09:51:16.454+0545] {logging_mixin.py:188} INFO - [2023-12-27T09:51:16.454+0545] {dag.py:3820} INFO - Setting next_dagrun for example_sensors to None, run_after=None
[2023-12-27T09:51:16.471+0545] {processor.py:183} INFO - Processing /home/sarita/Documents/apache-airflow-project/.venv/lib/python3.9/site-packages/airflow/example_dags/example_sensors.py took 0.059 seconds
[2023-12-27T09:51:55.305+0545] {processor.py:161} INFO - Started process (PID=8918) to work on /home/sarita/Documents/apache-airflow-project/.venv/lib/python3.9/site-packages/airflow/example_dags/example_sensors.py
[2023-12-27T09:51:55.308+0545] {processor.py:830} INFO - Processing file /home/sarita/Documents/apache-airflow-project/.venv/lib/python3.9/site-packages/airflow/example_dags/example_sensors.py for tasks to queue
[2023-12-27T09:51:55.308+0545] {logging_mixin.py:188} INFO - [2023-12-27T09:51:55.308+0545] {dagbag.py:538} INFO - Filling up the DagBag from /home/sarita/Documents/apache-airflow-project/.venv/lib/python3.9/site-packages/airflow/example_dags/example_sensors.py
[2023-12-27T09:51:55.315+0545] {processor.py:840} INFO - DAG(s) 'example_sensors' retrieved from /home/sarita/Documents/apache-airflow-project/.venv/lib/python3.9/site-packages/airflow/example_dags/example_sensors.py
[2023-12-27T09:51:55.331+0545] {logging_mixin.py:188} INFO - [2023-12-27T09:51:55.331+0545] {dag.py:3033} INFO - Sync 1 DAGs
[2023-12-27T09:51:55.342+0545] {logging_mixin.py:188} INFO - [2023-12-27T09:51:55.341+0545] {dag.py:3820} INFO - Setting next_dagrun for example_sensors to None, run_after=None
[2023-12-27T09:51:55.362+0545] {processor.py:183} INFO - Processing /home/sarita/Documents/apache-airflow-project/.venv/lib/python3.9/site-packages/airflow/example_dags/example_sensors.py took 0.058 seconds
[2023-12-27T09:53:53.189+0545] {processor.py:161} INFO - Started process (PID=9134) to work on /home/sarita/Documents/apache-airflow-project/.venv/lib/python3.9/site-packages/airflow/example_dags/example_sensors.py
[2023-12-27T09:53:53.192+0545] {processor.py:830} INFO - Processing file /home/sarita/Documents/apache-airflow-project/.venv/lib/python3.9/site-packages/airflow/example_dags/example_sensors.py for tasks to queue
[2023-12-27T09:53:53.194+0545] {logging_mixin.py:188} INFO - [2023-12-27T09:53:53.193+0545] {dagbag.py:538} INFO - Filling up the DagBag from /home/sarita/Documents/apache-airflow-project/.venv/lib/python3.9/site-packages/airflow/example_dags/example_sensors.py
[2023-12-27T09:53:53.207+0545] {processor.py:840} INFO - DAG(s) 'example_sensors' retrieved from /home/sarita/Documents/apache-airflow-project/.venv/lib/python3.9/site-packages/airflow/example_dags/example_sensors.py
[2023-12-27T09:53:53.224+0545] {logging_mixin.py:188} INFO - [2023-12-27T09:53:53.224+0545] {dag.py:3033} INFO - Sync 1 DAGs
[2023-12-27T09:53:53.233+0545] {logging_mixin.py:188} INFO - [2023-12-27T09:53:53.233+0545] {dag.py:3820} INFO - Setting next_dagrun for example_sensors to None, run_after=None
[2023-12-27T09:53:53.249+0545] {processor.py:183} INFO - Processing /home/sarita/Documents/apache-airflow-project/.venv/lib/python3.9/site-packages/airflow/example_dags/example_sensors.py took 0.065 seconds
[2023-12-27T12:11:34.540+0545] {processor.py:161} INFO - Started process (PID=12558) to work on /home/sarita/Documents/apache-airflow-project/.venv/lib/python3.9/site-packages/airflow/example_dags/example_sensors.py
[2023-12-27T12:11:34.542+0545] {processor.py:830} INFO - Processing file /home/sarita/Documents/apache-airflow-project/.venv/lib/python3.9/site-packages/airflow/example_dags/example_sensors.py for tasks to queue
[2023-12-27T12:11:34.543+0545] {logging_mixin.py:188} INFO - [2023-12-27T12:11:34.542+0545] {dagbag.py:538} INFO - Filling up the DagBag from /home/sarita/Documents/apache-airflow-project/.venv/lib/python3.9/site-packages/airflow/example_dags/example_sensors.py
[2023-12-27T12:11:34.552+0545] {processor.py:840} INFO - DAG(s) 'example_sensors' retrieved from /home/sarita/Documents/apache-airflow-project/.venv/lib/python3.9/site-packages/airflow/example_dags/example_sensors.py
[2023-12-27T12:11:34.573+0545] {logging_mixin.py:188} INFO - [2023-12-27T12:11:34.573+0545] {dag.py:3033} INFO - Sync 1 DAGs
[2023-12-27T12:11:34.650+0545] {logging_mixin.py:188} INFO - [2023-12-27T12:11:34.649+0545] {dag.py:3820} INFO - Setting next_dagrun for example_sensors to None, run_after=None
[2023-12-27T12:11:34.669+0545] {processor.py:183} INFO - Processing /home/sarita/Documents/apache-airflow-project/.venv/lib/python3.9/site-packages/airflow/example_dags/example_sensors.py took 0.132 seconds
[2023-12-27T12:14:25.094+0545] {processor.py:161} INFO - Started process (PID=12747) to work on /home/sarita/Documents/apache-airflow-project/.venv/lib/python3.9/site-packages/airflow/example_dags/example_sensors.py
[2023-12-27T12:14:25.096+0545] {processor.py:830} INFO - Processing file /home/sarita/Documents/apache-airflow-project/.venv/lib/python3.9/site-packages/airflow/example_dags/example_sensors.py for tasks to queue
[2023-12-27T12:14:25.096+0545] {logging_mixin.py:188} INFO - [2023-12-27T12:14:25.096+0545] {dagbag.py:538} INFO - Filling up the DagBag from /home/sarita/Documents/apache-airflow-project/.venv/lib/python3.9/site-packages/airflow/example_dags/example_sensors.py
[2023-12-27T12:14:25.104+0545] {processor.py:840} INFO - DAG(s) 'example_sensors' retrieved from /home/sarita/Documents/apache-airflow-project/.venv/lib/python3.9/site-packages/airflow/example_dags/example_sensors.py
[2023-12-27T12:14:25.125+0545] {logging_mixin.py:188} INFO - [2023-12-27T12:14:25.125+0545] {dag.py:3033} INFO - Sync 1 DAGs
[2023-12-27T12:14:25.200+0545] {logging_mixin.py:188} INFO - [2023-12-27T12:14:25.200+0545] {dag.py:3820} INFO - Setting next_dagrun for example_sensors to None, run_after=None
[2023-12-27T12:14:25.226+0545] {processor.py:183} INFO - Processing /home/sarita/Documents/apache-airflow-project/.venv/lib/python3.9/site-packages/airflow/example_dags/example_sensors.py took 0.134 seconds
[2023-12-27T12:19:55.216+0545] {processor.py:161} INFO - Started process (PID=13730) to work on /home/sarita/Documents/apache-airflow-project/.venv/lib/python3.9/site-packages/airflow/example_dags/example_sensors.py
[2023-12-27T12:19:55.220+0545] {processor.py:830} INFO - Processing file /home/sarita/Documents/apache-airflow-project/.venv/lib/python3.9/site-packages/airflow/example_dags/example_sensors.py for tasks to queue
[2023-12-27T12:19:55.222+0545] {logging_mixin.py:188} INFO - [2023-12-27T12:19:55.222+0545] {dagbag.py:538} INFO - Filling up the DagBag from /home/sarita/Documents/apache-airflow-project/.venv/lib/python3.9/site-packages/airflow/example_dags/example_sensors.py
[2023-12-27T12:19:55.242+0545] {processor.py:840} INFO - DAG(s) 'example_sensors' retrieved from /home/sarita/Documents/apache-airflow-project/.venv/lib/python3.9/site-packages/airflow/example_dags/example_sensors.py
[2023-12-27T12:19:55.260+0545] {logging_mixin.py:188} INFO - [2023-12-27T12:19:55.260+0545] {dag.py:3033} INFO - Sync 1 DAGs
[2023-12-27T12:19:55.268+0545] {logging_mixin.py:188} INFO - [2023-12-27T12:19:55.268+0545] {dag.py:3820} INFO - Setting next_dagrun for example_sensors to None, run_after=None
[2023-12-27T12:19:55.286+0545] {processor.py:183} INFO - Processing /home/sarita/Documents/apache-airflow-project/.venv/lib/python3.9/site-packages/airflow/example_dags/example_sensors.py took 0.077 seconds
[2023-12-27T12:23:41.870+0545] {processor.py:161} INFO - Started process (PID=14008) to work on /home/sarita/Documents/apache-airflow-project/.venv/lib/python3.9/site-packages/airflow/example_dags/example_sensors.py
[2023-12-27T12:23:41.871+0545] {processor.py:830} INFO - Processing file /home/sarita/Documents/apache-airflow-project/.venv/lib/python3.9/site-packages/airflow/example_dags/example_sensors.py for tasks to queue
[2023-12-27T12:23:41.871+0545] {logging_mixin.py:188} INFO - [2023-12-27T12:23:41.871+0545] {dagbag.py:538} INFO - Filling up the DagBag from /home/sarita/Documents/apache-airflow-project/.venv/lib/python3.9/site-packages/airflow/example_dags/example_sensors.py
[2023-12-27T12:23:41.879+0545] {processor.py:840} INFO - DAG(s) 'example_sensors' retrieved from /home/sarita/Documents/apache-airflow-project/.venv/lib/python3.9/site-packages/airflow/example_dags/example_sensors.py
[2023-12-27T12:23:41.901+0545] {logging_mixin.py:188} INFO - [2023-12-27T12:23:41.901+0545] {dag.py:3033} INFO - Sync 1 DAGs
[2023-12-27T12:23:41.984+0545] {logging_mixin.py:188} INFO - [2023-12-27T12:23:41.984+0545] {dag.py:3820} INFO - Setting next_dagrun for example_sensors to None, run_after=None
[2023-12-27T12:23:42.006+0545] {processor.py:183} INFO - Processing /home/sarita/Documents/apache-airflow-project/.venv/lib/python3.9/site-packages/airflow/example_dags/example_sensors.py took 0.138 seconds
[2023-12-27T12:36:21.276+0545] {processor.py:161} INFO - Started process (PID=15116) to work on /home/sarita/Documents/apache-airflow-project/.venv/lib/python3.9/site-packages/airflow/example_dags/example_sensors.py
[2023-12-27T12:36:21.278+0545] {processor.py:830} INFO - Processing file /home/sarita/Documents/apache-airflow-project/.venv/lib/python3.9/site-packages/airflow/example_dags/example_sensors.py for tasks to queue
[2023-12-27T12:36:21.279+0545] {logging_mixin.py:188} INFO - [2023-12-27T12:36:21.279+0545] {dagbag.py:538} INFO - Filling up the DagBag from /home/sarita/Documents/apache-airflow-project/.venv/lib/python3.9/site-packages/airflow/example_dags/example_sensors.py
[2023-12-27T12:36:21.286+0545] {processor.py:840} INFO - DAG(s) 'example_sensors' retrieved from /home/sarita/Documents/apache-airflow-project/.venv/lib/python3.9/site-packages/airflow/example_dags/example_sensors.py
[2023-12-27T12:36:21.307+0545] {logging_mixin.py:188} INFO - [2023-12-27T12:36:21.307+0545] {dag.py:3033} INFO - Sync 1 DAGs
[2023-12-27T12:36:21.315+0545] {logging_mixin.py:188} INFO - [2023-12-27T12:36:21.315+0545] {dag.py:3820} INFO - Setting next_dagrun for example_sensors to None, run_after=None
[2023-12-27T12:36:21.331+0545] {processor.py:183} INFO - Processing /home/sarita/Documents/apache-airflow-project/.venv/lib/python3.9/site-packages/airflow/example_dags/example_sensors.py took 0.057 seconds
[2023-12-27T12:39:08.240+0545] {processor.py:161} INFO - Started process (PID=15340) to work on /home/sarita/Documents/apache-airflow-project/.venv/lib/python3.9/site-packages/airflow/example_dags/example_sensors.py
[2023-12-27T12:39:08.242+0545] {processor.py:830} INFO - Processing file /home/sarita/Documents/apache-airflow-project/.venv/lib/python3.9/site-packages/airflow/example_dags/example_sensors.py for tasks to queue
[2023-12-27T12:39:08.243+0545] {logging_mixin.py:188} INFO - [2023-12-27T12:39:08.243+0545] {dagbag.py:538} INFO - Filling up the DagBag from /home/sarita/Documents/apache-airflow-project/.venv/lib/python3.9/site-packages/airflow/example_dags/example_sensors.py
[2023-12-27T12:39:08.257+0545] {processor.py:840} INFO - DAG(s) 'example_sensors' retrieved from /home/sarita/Documents/apache-airflow-project/.venv/lib/python3.9/site-packages/airflow/example_dags/example_sensors.py
[2023-12-27T12:39:08.278+0545] {logging_mixin.py:188} INFO - [2023-12-27T12:39:08.278+0545] {dag.py:3033} INFO - Sync 1 DAGs
[2023-12-27T12:39:08.357+0545] {logging_mixin.py:188} INFO - [2023-12-27T12:39:08.357+0545] {dag.py:3820} INFO - Setting next_dagrun for example_sensors to None, run_after=None
[2023-12-27T12:39:08.378+0545] {processor.py:183} INFO - Processing /home/sarita/Documents/apache-airflow-project/.venv/lib/python3.9/site-packages/airflow/example_dags/example_sensors.py took 0.140 seconds
[2023-12-27T12:40:35.052+0545] {processor.py:161} INFO - Started process (PID=15606) to work on /home/sarita/Documents/apache-airflow-project/.venv/lib/python3.9/site-packages/airflow/example_dags/example_sensors.py
[2023-12-27T12:40:35.052+0545] {processor.py:830} INFO - Processing file /home/sarita/Documents/apache-airflow-project/.venv/lib/python3.9/site-packages/airflow/example_dags/example_sensors.py for tasks to queue
[2023-12-27T12:40:35.053+0545] {logging_mixin.py:188} INFO - [2023-12-27T12:40:35.053+0545] {dagbag.py:538} INFO - Filling up the DagBag from /home/sarita/Documents/apache-airflow-project/.venv/lib/python3.9/site-packages/airflow/example_dags/example_sensors.py
[2023-12-27T12:40:35.059+0545] {processor.py:840} INFO - DAG(s) 'example_sensors' retrieved from /home/sarita/Documents/apache-airflow-project/.venv/lib/python3.9/site-packages/airflow/example_dags/example_sensors.py
[2023-12-27T12:40:35.073+0545] {logging_mixin.py:188} INFO - [2023-12-27T12:40:35.073+0545] {dag.py:3033} INFO - Sync 1 DAGs
[2023-12-27T12:40:35.081+0545] {logging_mixin.py:188} INFO - [2023-12-27T12:40:35.081+0545] {dag.py:3820} INFO - Setting next_dagrun for example_sensors to None, run_after=None
[2023-12-27T12:40:35.098+0545] {processor.py:183} INFO - Processing /home/sarita/Documents/apache-airflow-project/.venv/lib/python3.9/site-packages/airflow/example_dags/example_sensors.py took 0.048 seconds
[2023-12-27T12:42:31.451+0545] {processor.py:161} INFO - Started process (PID=16756) to work on /home/sarita/Documents/apache-airflow-project/.venv/lib/python3.9/site-packages/airflow/example_dags/example_sensors.py
[2023-12-27T12:42:31.453+0545] {processor.py:830} INFO - Processing file /home/sarita/Documents/apache-airflow-project/.venv/lib/python3.9/site-packages/airflow/example_dags/example_sensors.py for tasks to queue
[2023-12-27T12:42:31.454+0545] {logging_mixin.py:188} INFO - [2023-12-27T12:42:31.453+0545] {dagbag.py:538} INFO - Filling up the DagBag from /home/sarita/Documents/apache-airflow-project/.venv/lib/python3.9/site-packages/airflow/example_dags/example_sensors.py
[2023-12-27T12:42:31.461+0545] {processor.py:840} INFO - DAG(s) 'example_sensors' retrieved from /home/sarita/Documents/apache-airflow-project/.venv/lib/python3.9/site-packages/airflow/example_dags/example_sensors.py
[2023-12-27T12:42:31.478+0545] {logging_mixin.py:188} INFO - [2023-12-27T12:42:31.478+0545] {dag.py:3033} INFO - Sync 1 DAGs
[2023-12-27T12:42:31.488+0545] {logging_mixin.py:188} INFO - [2023-12-27T12:42:31.488+0545] {dag.py:3820} INFO - Setting next_dagrun for example_sensors to None, run_after=None
[2023-12-27T12:42:31.504+0545] {processor.py:183} INFO - Processing /home/sarita/Documents/apache-airflow-project/.venv/lib/python3.9/site-packages/airflow/example_dags/example_sensors.py took 0.055 seconds
[2023-12-27T12:45:17.499+0545] {processor.py:161} INFO - Started process (PID=17043) to work on /home/sarita/Documents/apache-airflow-project/.venv/lib/python3.9/site-packages/airflow/example_dags/example_sensors.py
[2023-12-27T12:45:17.505+0545] {processor.py:830} INFO - Processing file /home/sarita/Documents/apache-airflow-project/.venv/lib/python3.9/site-packages/airflow/example_dags/example_sensors.py for tasks to queue
[2023-12-27T12:45:17.507+0545] {logging_mixin.py:188} INFO - [2023-12-27T12:45:17.507+0545] {dagbag.py:538} INFO - Filling up the DagBag from /home/sarita/Documents/apache-airflow-project/.venv/lib/python3.9/site-packages/airflow/example_dags/example_sensors.py
[2023-12-27T12:45:17.536+0545] {processor.py:840} INFO - DAG(s) 'example_sensors' retrieved from /home/sarita/Documents/apache-airflow-project/.venv/lib/python3.9/site-packages/airflow/example_dags/example_sensors.py
[2023-12-27T12:45:17.561+0545] {logging_mixin.py:188} INFO - [2023-12-27T12:45:17.561+0545] {dag.py:3033} INFO - Sync 1 DAGs
[2023-12-27T12:45:17.636+0545] {logging_mixin.py:188} INFO - [2023-12-27T12:45:17.635+0545] {dag.py:3820} INFO - Setting next_dagrun for example_sensors to None, run_after=None
[2023-12-27T12:45:17.661+0545] {processor.py:183} INFO - Processing /home/sarita/Documents/apache-airflow-project/.venv/lib/python3.9/site-packages/airflow/example_dags/example_sensors.py took 0.164 seconds
[2023-12-27T12:52:12.567+0545] {processor.py:161} INFO - Started process (PID=17588) to work on /home/sarita/Documents/apache-airflow-project/.venv/lib/python3.9/site-packages/airflow/example_dags/example_sensors.py
[2023-12-27T12:52:12.569+0545] {processor.py:830} INFO - Processing file /home/sarita/Documents/apache-airflow-project/.venv/lib/python3.9/site-packages/airflow/example_dags/example_sensors.py for tasks to queue
[2023-12-27T12:52:12.570+0545] {logging_mixin.py:188} INFO - [2023-12-27T12:52:12.570+0545] {dagbag.py:538} INFO - Filling up the DagBag from /home/sarita/Documents/apache-airflow-project/.venv/lib/python3.9/site-packages/airflow/example_dags/example_sensors.py
[2023-12-27T12:52:12.578+0545] {processor.py:840} INFO - DAG(s) 'example_sensors' retrieved from /home/sarita/Documents/apache-airflow-project/.venv/lib/python3.9/site-packages/airflow/example_dags/example_sensors.py
[2023-12-27T12:52:12.597+0545] {logging_mixin.py:188} INFO - [2023-12-27T12:52:12.597+0545] {dag.py:3033} INFO - Sync 1 DAGs
[2023-12-27T12:52:12.671+0545] {logging_mixin.py:188} INFO - [2023-12-27T12:52:12.671+0545] {dag.py:3820} INFO - Setting next_dagrun for example_sensors to None, run_after=None
[2023-12-27T12:52:12.691+0545] {processor.py:183} INFO - Processing /home/sarita/Documents/apache-airflow-project/.venv/lib/python3.9/site-packages/airflow/example_dags/example_sensors.py took 0.126 seconds
[2023-12-27T12:53:04.097+0545] {processor.py:161} INFO - Started process (PID=17656) to work on /home/sarita/Documents/apache-airflow-project/.venv/lib/python3.9/site-packages/airflow/example_dags/example_sensors.py
[2023-12-27T12:53:04.099+0545] {processor.py:830} INFO - Processing file /home/sarita/Documents/apache-airflow-project/.venv/lib/python3.9/site-packages/airflow/example_dags/example_sensors.py for tasks to queue
[2023-12-27T12:53:04.099+0545] {logging_mixin.py:188} INFO - [2023-12-27T12:53:04.099+0545] {dagbag.py:538} INFO - Filling up the DagBag from /home/sarita/Documents/apache-airflow-project/.venv/lib/python3.9/site-packages/airflow/example_dags/example_sensors.py
[2023-12-27T12:53:04.106+0545] {processor.py:840} INFO - DAG(s) 'example_sensors' retrieved from /home/sarita/Documents/apache-airflow-project/.venv/lib/python3.9/site-packages/airflow/example_dags/example_sensors.py
[2023-12-27T12:53:04.121+0545] {logging_mixin.py:188} INFO - [2023-12-27T12:53:04.121+0545] {dag.py:3033} INFO - Sync 1 DAGs
[2023-12-27T12:53:04.130+0545] {logging_mixin.py:188} INFO - [2023-12-27T12:53:04.130+0545] {dag.py:3820} INFO - Setting next_dagrun for example_sensors to None, run_after=None
[2023-12-27T12:53:04.146+0545] {processor.py:183} INFO - Processing /home/sarita/Documents/apache-airflow-project/.venv/lib/python3.9/site-packages/airflow/example_dags/example_sensors.py took 0.052 seconds
[2023-12-27T12:54:20.070+0545] {processor.py:161} INFO - Started process (PID=17845) to work on /home/sarita/Documents/apache-airflow-project/.venv/lib/python3.9/site-packages/airflow/example_dags/example_sensors.py
[2023-12-27T12:54:20.072+0545] {processor.py:830} INFO - Processing file /home/sarita/Documents/apache-airflow-project/.venv/lib/python3.9/site-packages/airflow/example_dags/example_sensors.py for tasks to queue
[2023-12-27T12:54:20.072+0545] {logging_mixin.py:188} INFO - [2023-12-27T12:54:20.072+0545] {dagbag.py:538} INFO - Filling up the DagBag from /home/sarita/Documents/apache-airflow-project/.venv/lib/python3.9/site-packages/airflow/example_dags/example_sensors.py
[2023-12-27T12:54:20.080+0545] {processor.py:840} INFO - DAG(s) 'example_sensors' retrieved from /home/sarita/Documents/apache-airflow-project/.venv/lib/python3.9/site-packages/airflow/example_dags/example_sensors.py
[2023-12-27T12:54:20.099+0545] {logging_mixin.py:188} INFO - [2023-12-27T12:54:20.099+0545] {dag.py:3033} INFO - Sync 1 DAGs
[2023-12-27T12:54:20.176+0545] {logging_mixin.py:188} INFO - [2023-12-27T12:54:20.175+0545] {dag.py:3820} INFO - Setting next_dagrun for example_sensors to None, run_after=None
[2023-12-27T12:54:20.197+0545] {processor.py:183} INFO - Processing /home/sarita/Documents/apache-airflow-project/.venv/lib/python3.9/site-packages/airflow/example_dags/example_sensors.py took 0.129 seconds
[2023-12-27T12:57:50.107+0545] {processor.py:161} INFO - Started process (PID=18044) to work on /home/sarita/Documents/apache-airflow-project/.venv/lib/python3.9/site-packages/airflow/example_dags/example_sensors.py
[2023-12-27T12:57:50.109+0545] {processor.py:830} INFO - Processing file /home/sarita/Documents/apache-airflow-project/.venv/lib/python3.9/site-packages/airflow/example_dags/example_sensors.py for tasks to queue
[2023-12-27T12:57:50.110+0545] {logging_mixin.py:188} INFO - [2023-12-27T12:57:50.109+0545] {dagbag.py:538} INFO - Filling up the DagBag from /home/sarita/Documents/apache-airflow-project/.venv/lib/python3.9/site-packages/airflow/example_dags/example_sensors.py
[2023-12-27T12:57:50.118+0545] {processor.py:840} INFO - DAG(s) 'example_sensors' retrieved from /home/sarita/Documents/apache-airflow-project/.venv/lib/python3.9/site-packages/airflow/example_dags/example_sensors.py
[2023-12-27T12:57:50.139+0545] {logging_mixin.py:188} INFO - [2023-12-27T12:57:50.139+0545] {dag.py:3033} INFO - Sync 1 DAGs
[2023-12-27T12:57:50.214+0545] {logging_mixin.py:188} INFO - [2023-12-27T12:57:50.213+0545] {dag.py:3820} INFO - Setting next_dagrun for example_sensors to None, run_after=None
[2023-12-27T12:57:50.232+0545] {processor.py:183} INFO - Processing /home/sarita/Documents/apache-airflow-project/.venv/lib/python3.9/site-packages/airflow/example_dags/example_sensors.py took 0.127 seconds
[2023-12-27T16:15:37.966+0545] {processor.py:161} INFO - Started process (PID=24783) to work on /home/sarita/Documents/apache-airflow-project/.venv/lib/python3.9/site-packages/airflow/example_dags/example_sensors.py
[2023-12-27T16:15:37.969+0545] {processor.py:830} INFO - Processing file /home/sarita/Documents/apache-airflow-project/.venv/lib/python3.9/site-packages/airflow/example_dags/example_sensors.py for tasks to queue
[2023-12-27T16:15:37.969+0545] {logging_mixin.py:188} INFO - [2023-12-27T16:15:37.969+0545] {dagbag.py:538} INFO - Filling up the DagBag from /home/sarita/Documents/apache-airflow-project/.venv/lib/python3.9/site-packages/airflow/example_dags/example_sensors.py
[2023-12-27T16:15:37.983+0545] {processor.py:840} INFO - DAG(s) 'example_sensors' retrieved from /home/sarita/Documents/apache-airflow-project/.venv/lib/python3.9/site-packages/airflow/example_dags/example_sensors.py
[2023-12-27T16:15:38.010+0545] {logging_mixin.py:188} INFO - [2023-12-27T16:15:38.010+0545] {dag.py:3033} INFO - Sync 1 DAGs
[2023-12-27T16:15:38.085+0545] {logging_mixin.py:188} INFO - [2023-12-27T16:15:38.085+0545] {dag.py:3820} INFO - Setting next_dagrun for example_sensors to None, run_after=None
[2023-12-27T16:15:38.114+0545] {processor.py:183} INFO - Processing /home/sarita/Documents/apache-airflow-project/.venv/lib/python3.9/site-packages/airflow/example_dags/example_sensors.py took 0.150 seconds
