[2023-12-27T09:36:46.960+0545] {processor.py:161} INFO - Started process (PID=6907) to work on /home/sarita/Documents/apache-airflow-project/.venv/lib/python3.9/site-packages/airflow/example_dags/example_trigger_target_dag.py
[2023-12-27T09:36:46.962+0545] {processor.py:830} INFO - Processing file /home/sarita/Documents/apache-airflow-project/.venv/lib/python3.9/site-packages/airflow/example_dags/example_trigger_target_dag.py for tasks to queue
[2023-12-27T09:36:46.964+0545] {logging_mixin.py:188} INFO - [2023-12-27T09:36:46.963+0545] {dagbag.py:538} INFO - Filling up the DagBag from /home/sarita/Documents/apache-airflow-project/.venv/lib/python3.9/site-packages/airflow/example_dags/example_trigger_target_dag.py
[2023-12-27T09:36:46.977+0545] {processor.py:840} INFO - DAG(s) 'example_trigger_target_dag' retrieved from /home/sarita/Documents/apache-airflow-project/.venv/lib/python3.9/site-packages/airflow/example_dags/example_trigger_target_dag.py
[2023-12-27T09:36:46.999+0545] {logging_mixin.py:188} INFO - [2023-12-27T09:36:46.998+0545] {dag.py:3033} INFO - Sync 1 DAGs
[2023-12-27T09:36:47.007+0545] {logging_mixin.py:188} INFO - [2023-12-27T09:36:47.007+0545] {dag.py:3820} INFO - Setting next_dagrun for example_trigger_target_dag to None, run_after=None
[2023-12-27T09:36:47.027+0545] {processor.py:183} INFO - Processing /home/sarita/Documents/apache-airflow-project/.venv/lib/python3.9/site-packages/airflow/example_dags/example_trigger_target_dag.py took 0.075 seconds
[2023-12-27T09:37:33.588+0545] {processor.py:161} INFO - Started process (PID=6966) to work on /home/sarita/Documents/apache-airflow-project/.venv/lib/python3.9/site-packages/airflow/example_dags/example_trigger_target_dag.py
[2023-12-27T09:37:33.590+0545] {processor.py:830} INFO - Processing file /home/sarita/Documents/apache-airflow-project/.venv/lib/python3.9/site-packages/airflow/example_dags/example_trigger_target_dag.py for tasks to queue
[2023-12-27T09:37:33.591+0545] {logging_mixin.py:188} INFO - [2023-12-27T09:37:33.591+0545] {dagbag.py:538} INFO - Filling up the DagBag from /home/sarita/Documents/apache-airflow-project/.venv/lib/python3.9/site-packages/airflow/example_dags/example_trigger_target_dag.py
[2023-12-27T09:37:33.596+0545] {processor.py:840} INFO - DAG(s) 'example_trigger_target_dag' retrieved from /home/sarita/Documents/apache-airflow-project/.venv/lib/python3.9/site-packages/airflow/example_dags/example_trigger_target_dag.py
[2023-12-27T09:37:33.609+0545] {logging_mixin.py:188} INFO - [2023-12-27T09:37:33.609+0545] {dag.py:3033} INFO - Sync 1 DAGs
[2023-12-27T09:37:33.617+0545] {logging_mixin.py:188} INFO - [2023-12-27T09:37:33.617+0545] {dag.py:3820} INFO - Setting next_dagrun for example_trigger_target_dag to None, run_after=None
[2023-12-27T09:37:33.634+0545] {processor.py:183} INFO - Processing /home/sarita/Documents/apache-airflow-project/.venv/lib/python3.9/site-packages/airflow/example_dags/example_trigger_target_dag.py took 0.049 seconds
[2023-12-27T09:38:24.357+0545] {processor.py:161} INFO - Started process (PID=7027) to work on /home/sarita/Documents/apache-airflow-project/.venv/lib/python3.9/site-packages/airflow/example_dags/example_trigger_target_dag.py
[2023-12-27T09:38:24.359+0545] {processor.py:830} INFO - Processing file /home/sarita/Documents/apache-airflow-project/.venv/lib/python3.9/site-packages/airflow/example_dags/example_trigger_target_dag.py for tasks to queue
[2023-12-27T09:38:24.360+0545] {logging_mixin.py:188} INFO - [2023-12-27T09:38:24.360+0545] {dagbag.py:538} INFO - Filling up the DagBag from /home/sarita/Documents/apache-airflow-project/.venv/lib/python3.9/site-packages/airflow/example_dags/example_trigger_target_dag.py
[2023-12-27T09:38:24.363+0545] {processor.py:840} INFO - DAG(s) 'example_trigger_target_dag' retrieved from /home/sarita/Documents/apache-airflow-project/.venv/lib/python3.9/site-packages/airflow/example_dags/example_trigger_target_dag.py
[2023-12-27T09:38:24.374+0545] {logging_mixin.py:188} INFO - [2023-12-27T09:38:24.373+0545] {dag.py:3033} INFO - Sync 1 DAGs
[2023-12-27T09:38:24.382+0545] {logging_mixin.py:188} INFO - [2023-12-27T09:38:24.382+0545] {dag.py:3820} INFO - Setting next_dagrun for example_trigger_target_dag to None, run_after=None
[2023-12-27T09:38:24.399+0545] {processor.py:183} INFO - Processing /home/sarita/Documents/apache-airflow-project/.venv/lib/python3.9/site-packages/airflow/example_dags/example_trigger_target_dag.py took 0.044 seconds
[2023-12-27T09:39:17.733+0545] {processor.py:161} INFO - Started process (PID=7144) to work on /home/sarita/Documents/apache-airflow-project/.venv/lib/python3.9/site-packages/airflow/example_dags/example_trigger_target_dag.py
[2023-12-27T09:39:17.735+0545] {processor.py:830} INFO - Processing file /home/sarita/Documents/apache-airflow-project/.venv/lib/python3.9/site-packages/airflow/example_dags/example_trigger_target_dag.py for tasks to queue
[2023-12-27T09:39:17.736+0545] {logging_mixin.py:188} INFO - [2023-12-27T09:39:17.735+0545] {dagbag.py:538} INFO - Filling up the DagBag from /home/sarita/Documents/apache-airflow-project/.venv/lib/python3.9/site-packages/airflow/example_dags/example_trigger_target_dag.py
[2023-12-27T09:39:17.741+0545] {processor.py:840} INFO - DAG(s) 'example_trigger_target_dag' retrieved from /home/sarita/Documents/apache-airflow-project/.venv/lib/python3.9/site-packages/airflow/example_dags/example_trigger_target_dag.py
[2023-12-27T09:39:17.753+0545] {logging_mixin.py:188} INFO - [2023-12-27T09:39:17.753+0545] {dag.py:3033} INFO - Sync 1 DAGs
[2023-12-27T09:39:17.761+0545] {logging_mixin.py:188} INFO - [2023-12-27T09:39:17.761+0545] {dag.py:3820} INFO - Setting next_dagrun for example_trigger_target_dag to None, run_after=None
[2023-12-27T09:39:17.778+0545] {processor.py:183} INFO - Processing /home/sarita/Documents/apache-airflow-project/.venv/lib/python3.9/site-packages/airflow/example_dags/example_trigger_target_dag.py took 0.048 seconds
[2023-12-27T09:40:14.616+0545] {processor.py:161} INFO - Started process (PID=7249) to work on /home/sarita/Documents/apache-airflow-project/.venv/lib/python3.9/site-packages/airflow/example_dags/example_trigger_target_dag.py
[2023-12-27T09:40:14.619+0545] {processor.py:830} INFO - Processing file /home/sarita/Documents/apache-airflow-project/.venv/lib/python3.9/site-packages/airflow/example_dags/example_trigger_target_dag.py for tasks to queue
[2023-12-27T09:40:14.622+0545] {logging_mixin.py:188} INFO - [2023-12-27T09:40:14.621+0545] {dagbag.py:538} INFO - Filling up the DagBag from /home/sarita/Documents/apache-airflow-project/.venv/lib/python3.9/site-packages/airflow/example_dags/example_trigger_target_dag.py
[2023-12-27T09:40:14.631+0545] {processor.py:840} INFO - DAG(s) 'example_trigger_target_dag' retrieved from /home/sarita/Documents/apache-airflow-project/.venv/lib/python3.9/site-packages/airflow/example_dags/example_trigger_target_dag.py
[2023-12-27T09:40:14.645+0545] {logging_mixin.py:188} INFO - [2023-12-27T09:40:14.645+0545] {dag.py:3033} INFO - Sync 1 DAGs
[2023-12-27T09:40:14.654+0545] {logging_mixin.py:188} INFO - [2023-12-27T09:40:14.654+0545] {dag.py:3820} INFO - Setting next_dagrun for example_trigger_target_dag to None, run_after=None
[2023-12-27T09:40:14.672+0545] {processor.py:183} INFO - Processing /home/sarita/Documents/apache-airflow-project/.venv/lib/python3.9/site-packages/airflow/example_dags/example_trigger_target_dag.py took 0.064 seconds
[2023-12-27T09:41:04.838+0545] {processor.py:161} INFO - Started process (PID=7506) to work on /home/sarita/Documents/apache-airflow-project/.venv/lib/python3.9/site-packages/airflow/example_dags/example_trigger_target_dag.py
[2023-12-27T09:41:04.840+0545] {processor.py:830} INFO - Processing file /home/sarita/Documents/apache-airflow-project/.venv/lib/python3.9/site-packages/airflow/example_dags/example_trigger_target_dag.py for tasks to queue
[2023-12-27T09:41:04.841+0545] {logging_mixin.py:188} INFO - [2023-12-27T09:41:04.841+0545] {dagbag.py:538} INFO - Filling up the DagBag from /home/sarita/Documents/apache-airflow-project/.venv/lib/python3.9/site-packages/airflow/example_dags/example_trigger_target_dag.py
[2023-12-27T09:41:04.846+0545] {processor.py:840} INFO - DAG(s) 'example_trigger_target_dag' retrieved from /home/sarita/Documents/apache-airflow-project/.venv/lib/python3.9/site-packages/airflow/example_dags/example_trigger_target_dag.py
[2023-12-27T09:41:04.857+0545] {logging_mixin.py:188} INFO - [2023-12-27T09:41:04.857+0545] {dag.py:3033} INFO - Sync 1 DAGs
[2023-12-27T09:41:04.868+0545] {logging_mixin.py:188} INFO - [2023-12-27T09:41:04.867+0545] {dag.py:3820} INFO - Setting next_dagrun for example_trigger_target_dag to None, run_after=None
[2023-12-27T09:41:04.886+0545] {processor.py:183} INFO - Processing /home/sarita/Documents/apache-airflow-project/.venv/lib/python3.9/site-packages/airflow/example_dags/example_trigger_target_dag.py took 0.050 seconds
[2023-12-27T09:41:46.818+0545] {processor.py:161} INFO - Started process (PID=7566) to work on /home/sarita/Documents/apache-airflow-project/.venv/lib/python3.9/site-packages/airflow/example_dags/example_trigger_target_dag.py
[2023-12-27T09:41:46.822+0545] {processor.py:830} INFO - Processing file /home/sarita/Documents/apache-airflow-project/.venv/lib/python3.9/site-packages/airflow/example_dags/example_trigger_target_dag.py for tasks to queue
[2023-12-27T09:41:46.824+0545] {logging_mixin.py:188} INFO - [2023-12-27T09:41:46.823+0545] {dagbag.py:538} INFO - Filling up the DagBag from /home/sarita/Documents/apache-airflow-project/.venv/lib/python3.9/site-packages/airflow/example_dags/example_trigger_target_dag.py
[2023-12-27T09:41:46.834+0545] {processor.py:840} INFO - DAG(s) 'example_trigger_target_dag' retrieved from /home/sarita/Documents/apache-airflow-project/.venv/lib/python3.9/site-packages/airflow/example_dags/example_trigger_target_dag.py
[2023-12-27T09:41:46.849+0545] {logging_mixin.py:188} INFO - [2023-12-27T09:41:46.849+0545] {dag.py:3033} INFO - Sync 1 DAGs
[2023-12-27T09:41:46.858+0545] {logging_mixin.py:188} INFO - [2023-12-27T09:41:46.858+0545] {dag.py:3820} INFO - Setting next_dagrun for example_trigger_target_dag to None, run_after=None
[2023-12-27T09:41:46.875+0545] {processor.py:183} INFO - Processing /home/sarita/Documents/apache-airflow-project/.venv/lib/python3.9/site-packages/airflow/example_dags/example_trigger_target_dag.py took 0.065 seconds
[2023-12-27T09:42:26.196+0545] {processor.py:161} INFO - Started process (PID=7764) to work on /home/sarita/Documents/apache-airflow-project/.venv/lib/python3.9/site-packages/airflow/example_dags/example_trigger_target_dag.py
[2023-12-27T09:42:26.198+0545] {processor.py:830} INFO - Processing file /home/sarita/Documents/apache-airflow-project/.venv/lib/python3.9/site-packages/airflow/example_dags/example_trigger_target_dag.py for tasks to queue
[2023-12-27T09:42:26.199+0545] {logging_mixin.py:188} INFO - [2023-12-27T09:42:26.199+0545] {dagbag.py:538} INFO - Filling up the DagBag from /home/sarita/Documents/apache-airflow-project/.venv/lib/python3.9/site-packages/airflow/example_dags/example_trigger_target_dag.py
[2023-12-27T09:42:26.206+0545] {processor.py:840} INFO - DAG(s) 'example_trigger_target_dag' retrieved from /home/sarita/Documents/apache-airflow-project/.venv/lib/python3.9/site-packages/airflow/example_dags/example_trigger_target_dag.py
[2023-12-27T09:42:26.221+0545] {logging_mixin.py:188} INFO - [2023-12-27T09:42:26.221+0545] {dag.py:3033} INFO - Sync 1 DAGs
[2023-12-27T09:42:26.230+0545] {logging_mixin.py:188} INFO - [2023-12-27T09:42:26.230+0545] {dag.py:3820} INFO - Setting next_dagrun for example_trigger_target_dag to None, run_after=None
[2023-12-27T09:42:26.247+0545] {processor.py:183} INFO - Processing /home/sarita/Documents/apache-airflow-project/.venv/lib/python3.9/site-packages/airflow/example_dags/example_trigger_target_dag.py took 0.055 seconds
[2023-12-27T09:43:15.420+0545] {processor.py:161} INFO - Started process (PID=7856) to work on /home/sarita/Documents/apache-airflow-project/.venv/lib/python3.9/site-packages/airflow/example_dags/example_trigger_target_dag.py
[2023-12-27T09:43:15.423+0545] {processor.py:830} INFO - Processing file /home/sarita/Documents/apache-airflow-project/.venv/lib/python3.9/site-packages/airflow/example_dags/example_trigger_target_dag.py for tasks to queue
[2023-12-27T09:43:15.426+0545] {logging_mixin.py:188} INFO - [2023-12-27T09:43:15.425+0545] {dagbag.py:538} INFO - Filling up the DagBag from /home/sarita/Documents/apache-airflow-project/.venv/lib/python3.9/site-packages/airflow/example_dags/example_trigger_target_dag.py
[2023-12-27T09:43:15.438+0545] {processor.py:840} INFO - DAG(s) 'example_trigger_target_dag' retrieved from /home/sarita/Documents/apache-airflow-project/.venv/lib/python3.9/site-packages/airflow/example_dags/example_trigger_target_dag.py
[2023-12-27T09:43:15.454+0545] {logging_mixin.py:188} INFO - [2023-12-27T09:43:15.454+0545] {dag.py:3033} INFO - Sync 1 DAGs
[2023-12-27T09:43:15.464+0545] {logging_mixin.py:188} INFO - [2023-12-27T09:43:15.464+0545] {dag.py:3820} INFO - Setting next_dagrun for example_trigger_target_dag to None, run_after=None
[2023-12-27T09:43:15.481+0545] {processor.py:183} INFO - Processing /home/sarita/Documents/apache-airflow-project/.venv/lib/python3.9/site-packages/airflow/example_dags/example_trigger_target_dag.py took 0.069 seconds
[2023-12-27T09:44:13.225+0545] {processor.py:161} INFO - Started process (PID=7935) to work on /home/sarita/Documents/apache-airflow-project/.venv/lib/python3.9/site-packages/airflow/example_dags/example_trigger_target_dag.py
[2023-12-27T09:44:13.227+0545] {processor.py:830} INFO - Processing file /home/sarita/Documents/apache-airflow-project/.venv/lib/python3.9/site-packages/airflow/example_dags/example_trigger_target_dag.py for tasks to queue
[2023-12-27T09:44:13.228+0545] {logging_mixin.py:188} INFO - [2023-12-27T09:44:13.228+0545] {dagbag.py:538} INFO - Filling up the DagBag from /home/sarita/Documents/apache-airflow-project/.venv/lib/python3.9/site-packages/airflow/example_dags/example_trigger_target_dag.py
[2023-12-27T09:44:13.233+0545] {processor.py:840} INFO - DAG(s) 'example_trigger_target_dag' retrieved from /home/sarita/Documents/apache-airflow-project/.venv/lib/python3.9/site-packages/airflow/example_dags/example_trigger_target_dag.py
[2023-12-27T09:44:13.248+0545] {logging_mixin.py:188} INFO - [2023-12-27T09:44:13.248+0545] {dag.py:3033} INFO - Sync 1 DAGs
[2023-12-27T09:44:13.258+0545] {logging_mixin.py:188} INFO - [2023-12-27T09:44:13.258+0545] {dag.py:3820} INFO - Setting next_dagrun for example_trigger_target_dag to None, run_after=None
[2023-12-27T09:44:13.276+0545] {processor.py:183} INFO - Processing /home/sarita/Documents/apache-airflow-project/.venv/lib/python3.9/site-packages/airflow/example_dags/example_trigger_target_dag.py took 0.054 seconds
[2023-12-27T09:45:05.917+0545] {processor.py:161} INFO - Started process (PID=8009) to work on /home/sarita/Documents/apache-airflow-project/.venv/lib/python3.9/site-packages/airflow/example_dags/example_trigger_target_dag.py
[2023-12-27T09:45:05.920+0545] {processor.py:830} INFO - Processing file /home/sarita/Documents/apache-airflow-project/.venv/lib/python3.9/site-packages/airflow/example_dags/example_trigger_target_dag.py for tasks to queue
[2023-12-27T09:45:05.920+0545] {logging_mixin.py:188} INFO - [2023-12-27T09:45:05.920+0545] {dagbag.py:538} INFO - Filling up the DagBag from /home/sarita/Documents/apache-airflow-project/.venv/lib/python3.9/site-packages/airflow/example_dags/example_trigger_target_dag.py
[2023-12-27T09:45:05.925+0545] {processor.py:840} INFO - DAG(s) 'example_trigger_target_dag' retrieved from /home/sarita/Documents/apache-airflow-project/.venv/lib/python3.9/site-packages/airflow/example_dags/example_trigger_target_dag.py
[2023-12-27T09:45:05.937+0545] {logging_mixin.py:188} INFO - [2023-12-27T09:45:05.936+0545] {dag.py:3033} INFO - Sync 1 DAGs
[2023-12-27T09:45:05.946+0545] {logging_mixin.py:188} INFO - [2023-12-27T09:45:05.946+0545] {dag.py:3820} INFO - Setting next_dagrun for example_trigger_target_dag to None, run_after=None
[2023-12-27T09:45:05.963+0545] {processor.py:183} INFO - Processing /home/sarita/Documents/apache-airflow-project/.venv/lib/python3.9/site-packages/airflow/example_dags/example_trigger_target_dag.py took 0.048 seconds
[2023-12-27T09:45:45.079+0545] {processor.py:161} INFO - Started process (PID=8444) to work on /home/sarita/Documents/apache-airflow-project/.venv/lib/python3.9/site-packages/airflow/example_dags/example_trigger_target_dag.py
[2023-12-27T09:45:45.082+0545] {processor.py:830} INFO - Processing file /home/sarita/Documents/apache-airflow-project/.venv/lib/python3.9/site-packages/airflow/example_dags/example_trigger_target_dag.py for tasks to queue
[2023-12-27T09:45:45.084+0545] {logging_mixin.py:188} INFO - [2023-12-27T09:45:45.083+0545] {dagbag.py:538} INFO - Filling up the DagBag from /home/sarita/Documents/apache-airflow-project/.venv/lib/python3.9/site-packages/airflow/example_dags/example_trigger_target_dag.py
[2023-12-27T09:45:45.096+0545] {processor.py:840} INFO - DAG(s) 'example_trigger_target_dag' retrieved from /home/sarita/Documents/apache-airflow-project/.venv/lib/python3.9/site-packages/airflow/example_dags/example_trigger_target_dag.py
[2023-12-27T09:45:45.112+0545] {logging_mixin.py:188} INFO - [2023-12-27T09:45:45.112+0545] {dag.py:3033} INFO - Sync 1 DAGs
[2023-12-27T09:45:45.122+0545] {logging_mixin.py:188} INFO - [2023-12-27T09:45:45.122+0545] {dag.py:3820} INFO - Setting next_dagrun for example_trigger_target_dag to None, run_after=None
[2023-12-27T09:45:45.138+0545] {processor.py:183} INFO - Processing /home/sarita/Documents/apache-airflow-project/.venv/lib/python3.9/site-packages/airflow/example_dags/example_trigger_target_dag.py took 0.066 seconds
[2023-12-27T09:46:37.310+0545] {processor.py:161} INFO - Started process (PID=8510) to work on /home/sarita/Documents/apache-airflow-project/.venv/lib/python3.9/site-packages/airflow/example_dags/example_trigger_target_dag.py
[2023-12-27T09:46:37.314+0545] {processor.py:830} INFO - Processing file /home/sarita/Documents/apache-airflow-project/.venv/lib/python3.9/site-packages/airflow/example_dags/example_trigger_target_dag.py for tasks to queue
[2023-12-27T09:46:37.316+0545] {logging_mixin.py:188} INFO - [2023-12-27T09:46:37.315+0545] {dagbag.py:538} INFO - Filling up the DagBag from /home/sarita/Documents/apache-airflow-project/.venv/lib/python3.9/site-packages/airflow/example_dags/example_trigger_target_dag.py
[2023-12-27T09:46:37.326+0545] {processor.py:840} INFO - DAG(s) 'example_trigger_target_dag' retrieved from /home/sarita/Documents/apache-airflow-project/.venv/lib/python3.9/site-packages/airflow/example_dags/example_trigger_target_dag.py
[2023-12-27T09:46:37.341+0545] {logging_mixin.py:188} INFO - [2023-12-27T09:46:37.341+0545] {dag.py:3033} INFO - Sync 1 DAGs
[2023-12-27T09:46:37.351+0545] {logging_mixin.py:188} INFO - [2023-12-27T09:46:37.351+0545] {dag.py:3820} INFO - Setting next_dagrun for example_trigger_target_dag to None, run_after=None
[2023-12-27T09:46:37.368+0545] {processor.py:183} INFO - Processing /home/sarita/Documents/apache-airflow-project/.venv/lib/python3.9/site-packages/airflow/example_dags/example_trigger_target_dag.py took 0.066 seconds
[2023-12-27T09:47:34.878+0545] {processor.py:161} INFO - Started process (PID=8568) to work on /home/sarita/Documents/apache-airflow-project/.venv/lib/python3.9/site-packages/airflow/example_dags/example_trigger_target_dag.py
[2023-12-27T09:47:34.881+0545] {processor.py:830} INFO - Processing file /home/sarita/Documents/apache-airflow-project/.venv/lib/python3.9/site-packages/airflow/example_dags/example_trigger_target_dag.py for tasks to queue
[2023-12-27T09:47:34.882+0545] {logging_mixin.py:188} INFO - [2023-12-27T09:47:34.882+0545] {dagbag.py:538} INFO - Filling up the DagBag from /home/sarita/Documents/apache-airflow-project/.venv/lib/python3.9/site-packages/airflow/example_dags/example_trigger_target_dag.py
[2023-12-27T09:47:34.891+0545] {processor.py:840} INFO - DAG(s) 'example_trigger_target_dag' retrieved from /home/sarita/Documents/apache-airflow-project/.venv/lib/python3.9/site-packages/airflow/example_dags/example_trigger_target_dag.py
[2023-12-27T09:47:34.908+0545] {logging_mixin.py:188} INFO - [2023-12-27T09:47:34.908+0545] {dag.py:3033} INFO - Sync 1 DAGs
[2023-12-27T09:47:34.918+0545] {logging_mixin.py:188} INFO - [2023-12-27T09:47:34.918+0545] {dag.py:3820} INFO - Setting next_dagrun for example_trigger_target_dag to None, run_after=None
[2023-12-27T09:47:34.935+0545] {processor.py:183} INFO - Processing /home/sarita/Documents/apache-airflow-project/.venv/lib/python3.9/site-packages/airflow/example_dags/example_trigger_target_dag.py took 0.062 seconds
[2023-12-27T09:48:13.734+0545] {processor.py:161} INFO - Started process (PID=8633) to work on /home/sarita/Documents/apache-airflow-project/.venv/lib/python3.9/site-packages/airflow/example_dags/example_trigger_target_dag.py
[2023-12-27T09:48:13.736+0545] {processor.py:830} INFO - Processing file /home/sarita/Documents/apache-airflow-project/.venv/lib/python3.9/site-packages/airflow/example_dags/example_trigger_target_dag.py for tasks to queue
[2023-12-27T09:48:13.737+0545] {logging_mixin.py:188} INFO - [2023-12-27T09:48:13.737+0545] {dagbag.py:538} INFO - Filling up the DagBag from /home/sarita/Documents/apache-airflow-project/.venv/lib/python3.9/site-packages/airflow/example_dags/example_trigger_target_dag.py
[2023-12-27T09:48:13.746+0545] {processor.py:840} INFO - DAG(s) 'example_trigger_target_dag' retrieved from /home/sarita/Documents/apache-airflow-project/.venv/lib/python3.9/site-packages/airflow/example_dags/example_trigger_target_dag.py
[2023-12-27T09:48:13.761+0545] {logging_mixin.py:188} INFO - [2023-12-27T09:48:13.761+0545] {dag.py:3033} INFO - Sync 1 DAGs
[2023-12-27T09:48:13.770+0545] {logging_mixin.py:188} INFO - [2023-12-27T09:48:13.770+0545] {dag.py:3820} INFO - Setting next_dagrun for example_trigger_target_dag to None, run_after=None
[2023-12-27T09:48:13.788+0545] {processor.py:183} INFO - Processing /home/sarita/Documents/apache-airflow-project/.venv/lib/python3.9/site-packages/airflow/example_dags/example_trigger_target_dag.py took 0.058 seconds
[2023-12-27T09:48:52.312+0545] {processor.py:161} INFO - Started process (PID=8674) to work on /home/sarita/Documents/apache-airflow-project/.venv/lib/python3.9/site-packages/airflow/example_dags/example_trigger_target_dag.py
[2023-12-27T09:48:52.315+0545] {processor.py:830} INFO - Processing file /home/sarita/Documents/apache-airflow-project/.venv/lib/python3.9/site-packages/airflow/example_dags/example_trigger_target_dag.py for tasks to queue
[2023-12-27T09:48:52.317+0545] {logging_mixin.py:188} INFO - [2023-12-27T09:48:52.316+0545] {dagbag.py:538} INFO - Filling up the DagBag from /home/sarita/Documents/apache-airflow-project/.venv/lib/python3.9/site-packages/airflow/example_dags/example_trigger_target_dag.py
[2023-12-27T09:48:52.327+0545] {processor.py:840} INFO - DAG(s) 'example_trigger_target_dag' retrieved from /home/sarita/Documents/apache-airflow-project/.venv/lib/python3.9/site-packages/airflow/example_dags/example_trigger_target_dag.py
[2023-12-27T09:48:52.343+0545] {logging_mixin.py:188} INFO - [2023-12-27T09:48:52.343+0545] {dag.py:3033} INFO - Sync 1 DAGs
[2023-12-27T09:48:52.353+0545] {logging_mixin.py:188} INFO - [2023-12-27T09:48:52.353+0545] {dag.py:3820} INFO - Setting next_dagrun for example_trigger_target_dag to None, run_after=None
[2023-12-27T09:48:52.371+0545] {processor.py:183} INFO - Processing /home/sarita/Documents/apache-airflow-project/.venv/lib/python3.9/site-packages/airflow/example_dags/example_trigger_target_dag.py took 0.063 seconds
[2023-12-27T09:49:47.540+0545] {processor.py:161} INFO - Started process (PID=8733) to work on /home/sarita/Documents/apache-airflow-project/.venv/lib/python3.9/site-packages/airflow/example_dags/example_trigger_target_dag.py
[2023-12-27T09:49:47.543+0545] {processor.py:830} INFO - Processing file /home/sarita/Documents/apache-airflow-project/.venv/lib/python3.9/site-packages/airflow/example_dags/example_trigger_target_dag.py for tasks to queue
[2023-12-27T09:49:47.544+0545] {logging_mixin.py:188} INFO - [2023-12-27T09:49:47.543+0545] {dagbag.py:538} INFO - Filling up the DagBag from /home/sarita/Documents/apache-airflow-project/.venv/lib/python3.9/site-packages/airflow/example_dags/example_trigger_target_dag.py
[2023-12-27T09:49:47.552+0545] {processor.py:840} INFO - DAG(s) 'example_trigger_target_dag' retrieved from /home/sarita/Documents/apache-airflow-project/.venv/lib/python3.9/site-packages/airflow/example_dags/example_trigger_target_dag.py
[2023-12-27T09:49:47.571+0545] {logging_mixin.py:188} INFO - [2023-12-27T09:49:47.571+0545] {dag.py:3033} INFO - Sync 1 DAGs
[2023-12-27T09:49:47.582+0545] {logging_mixin.py:188} INFO - [2023-12-27T09:49:47.581+0545] {dag.py:3820} INFO - Setting next_dagrun for example_trigger_target_dag to None, run_after=None
[2023-12-27T09:49:47.599+0545] {processor.py:183} INFO - Processing /home/sarita/Documents/apache-airflow-project/.venv/lib/python3.9/site-packages/airflow/example_dags/example_trigger_target_dag.py took 0.063 seconds
[2023-12-27T09:50:44.627+0545] {processor.py:161} INFO - Started process (PID=8807) to work on /home/sarita/Documents/apache-airflow-project/.venv/lib/python3.9/site-packages/airflow/example_dags/example_trigger_target_dag.py
[2023-12-27T09:50:44.631+0545] {processor.py:830} INFO - Processing file /home/sarita/Documents/apache-airflow-project/.venv/lib/python3.9/site-packages/airflow/example_dags/example_trigger_target_dag.py for tasks to queue
[2023-12-27T09:50:44.633+0545] {logging_mixin.py:188} INFO - [2023-12-27T09:50:44.632+0545] {dagbag.py:538} INFO - Filling up the DagBag from /home/sarita/Documents/apache-airflow-project/.venv/lib/python3.9/site-packages/airflow/example_dags/example_trigger_target_dag.py
[2023-12-27T09:50:44.644+0545] {processor.py:840} INFO - DAG(s) 'example_trigger_target_dag' retrieved from /home/sarita/Documents/apache-airflow-project/.venv/lib/python3.9/site-packages/airflow/example_dags/example_trigger_target_dag.py
[2023-12-27T09:50:44.660+0545] {logging_mixin.py:188} INFO - [2023-12-27T09:50:44.660+0545] {dag.py:3033} INFO - Sync 1 DAGs
[2023-12-27T09:50:44.669+0545] {logging_mixin.py:188} INFO - [2023-12-27T09:50:44.669+0545] {dag.py:3820} INFO - Setting next_dagrun for example_trigger_target_dag to None, run_after=None
[2023-12-27T09:50:44.688+0545] {processor.py:183} INFO - Processing /home/sarita/Documents/apache-airflow-project/.venv/lib/python3.9/site-packages/airflow/example_dags/example_trigger_target_dag.py took 0.069 seconds
[2023-12-27T09:51:24.136+0545] {processor.py:161} INFO - Started process (PID=8881) to work on /home/sarita/Documents/apache-airflow-project/.venv/lib/python3.9/site-packages/airflow/example_dags/example_trigger_target_dag.py
[2023-12-27T09:51:24.138+0545] {processor.py:830} INFO - Processing file /home/sarita/Documents/apache-airflow-project/.venv/lib/python3.9/site-packages/airflow/example_dags/example_trigger_target_dag.py for tasks to queue
[2023-12-27T09:51:24.139+0545] {logging_mixin.py:188} INFO - [2023-12-27T09:51:24.139+0545] {dagbag.py:538} INFO - Filling up the DagBag from /home/sarita/Documents/apache-airflow-project/.venv/lib/python3.9/site-packages/airflow/example_dags/example_trigger_target_dag.py
[2023-12-27T09:51:24.146+0545] {processor.py:840} INFO - DAG(s) 'example_trigger_target_dag' retrieved from /home/sarita/Documents/apache-airflow-project/.venv/lib/python3.9/site-packages/airflow/example_dags/example_trigger_target_dag.py
[2023-12-27T09:51:24.163+0545] {logging_mixin.py:188} INFO - [2023-12-27T09:51:24.162+0545] {dag.py:3033} INFO - Sync 1 DAGs
[2023-12-27T09:51:24.175+0545] {logging_mixin.py:188} INFO - [2023-12-27T09:51:24.175+0545] {dag.py:3820} INFO - Setting next_dagrun for example_trigger_target_dag to None, run_after=None
[2023-12-27T09:51:24.202+0545] {processor.py:183} INFO - Processing /home/sarita/Documents/apache-airflow-project/.venv/lib/python3.9/site-packages/airflow/example_dags/example_trigger_target_dag.py took 0.070 seconds
[2023-12-27T09:52:49.272+0545] {processor.py:161} INFO - Started process (PID=9045) to work on /home/sarita/Documents/apache-airflow-project/.venv/lib/python3.9/site-packages/airflow/example_dags/example_trigger_target_dag.py
[2023-12-27T09:52:49.283+0545] {processor.py:830} INFO - Processing file /home/sarita/Documents/apache-airflow-project/.venv/lib/python3.9/site-packages/airflow/example_dags/example_trigger_target_dag.py for tasks to queue
[2023-12-27T09:52:49.285+0545] {logging_mixin.py:188} INFO - [2023-12-27T09:52:49.284+0545] {dagbag.py:538} INFO - Filling up the DagBag from /home/sarita/Documents/apache-airflow-project/.venv/lib/python3.9/site-packages/airflow/example_dags/example_trigger_target_dag.py
[2023-12-27T09:52:49.292+0545] {processor.py:840} INFO - DAG(s) 'example_trigger_target_dag' retrieved from /home/sarita/Documents/apache-airflow-project/.venv/lib/python3.9/site-packages/airflow/example_dags/example_trigger_target_dag.py
[2023-12-27T09:52:49.314+0545] {logging_mixin.py:188} INFO - [2023-12-27T09:52:49.314+0545] {dag.py:3033} INFO - Sync 1 DAGs
[2023-12-27T09:52:49.326+0545] {logging_mixin.py:188} INFO - [2023-12-27T09:52:49.326+0545] {dag.py:3820} INFO - Setting next_dagrun for example_trigger_target_dag to None, run_after=None
[2023-12-27T09:52:49.349+0545] {processor.py:183} INFO - Processing /home/sarita/Documents/apache-airflow-project/.venv/lib/python3.9/site-packages/airflow/example_dags/example_trigger_target_dag.py took 0.081 seconds
[2023-12-27T09:54:39.686+0545] {processor.py:161} INFO - Started process (PID=9249) to work on /home/sarita/Documents/apache-airflow-project/.venv/lib/python3.9/site-packages/airflow/example_dags/example_trigger_target_dag.py
[2023-12-27T09:54:39.691+0545] {processor.py:830} INFO - Processing file /home/sarita/Documents/apache-airflow-project/.venv/lib/python3.9/site-packages/airflow/example_dags/example_trigger_target_dag.py for tasks to queue
[2023-12-27T09:54:39.692+0545] {logging_mixin.py:188} INFO - [2023-12-27T09:54:39.691+0545] {dagbag.py:538} INFO - Filling up the DagBag from /home/sarita/Documents/apache-airflow-project/.venv/lib/python3.9/site-packages/airflow/example_dags/example_trigger_target_dag.py
[2023-12-27T09:54:39.696+0545] {processor.py:840} INFO - DAG(s) 'example_trigger_target_dag' retrieved from /home/sarita/Documents/apache-airflow-project/.venv/lib/python3.9/site-packages/airflow/example_dags/example_trigger_target_dag.py
[2023-12-27T09:54:39.706+0545] {logging_mixin.py:188} INFO - [2023-12-27T09:54:39.706+0545] {dag.py:3033} INFO - Sync 1 DAGs
[2023-12-27T09:54:39.715+0545] {logging_mixin.py:188} INFO - [2023-12-27T09:54:39.715+0545] {dag.py:3820} INFO - Setting next_dagrun for example_trigger_target_dag to None, run_after=None
[2023-12-27T09:54:39.733+0545] {processor.py:183} INFO - Processing /home/sarita/Documents/apache-airflow-project/.venv/lib/python3.9/site-packages/airflow/example_dags/example_trigger_target_dag.py took 0.049 seconds
[2023-12-27T12:15:55.401+0545] {processor.py:161} INFO - Started process (PID=12916) to work on /home/sarita/Documents/apache-airflow-project/.venv/lib/python3.9/site-packages/airflow/example_dags/example_trigger_target_dag.py
[2023-12-27T12:15:55.403+0545] {processor.py:830} INFO - Processing file /home/sarita/Documents/apache-airflow-project/.venv/lib/python3.9/site-packages/airflow/example_dags/example_trigger_target_dag.py for tasks to queue
[2023-12-27T12:15:55.403+0545] {logging_mixin.py:188} INFO - [2023-12-27T12:15:55.403+0545] {dagbag.py:538} INFO - Filling up the DagBag from /home/sarita/Documents/apache-airflow-project/.venv/lib/python3.9/site-packages/airflow/example_dags/example_trigger_target_dag.py
[2023-12-27T12:15:55.407+0545] {processor.py:840} INFO - DAG(s) 'example_trigger_target_dag' retrieved from /home/sarita/Documents/apache-airflow-project/.venv/lib/python3.9/site-packages/airflow/example_dags/example_trigger_target_dag.py
[2023-12-27T12:15:55.422+0545] {logging_mixin.py:188} INFO - [2023-12-27T12:15:55.421+0545] {dag.py:3033} INFO - Sync 1 DAGs
[2023-12-27T12:15:55.430+0545] {logging_mixin.py:188} INFO - [2023-12-27T12:15:55.430+0545] {dag.py:3820} INFO - Setting next_dagrun for example_trigger_target_dag to None, run_after=None
[2023-12-27T12:15:55.456+0545] {processor.py:183} INFO - Processing /home/sarita/Documents/apache-airflow-project/.venv/lib/python3.9/site-packages/airflow/example_dags/example_trigger_target_dag.py took 0.057 seconds
[2023-12-27T12:21:09.037+0545] {processor.py:161} INFO - Started process (PID=13814) to work on /home/sarita/Documents/apache-airflow-project/.venv/lib/python3.9/site-packages/airflow/example_dags/example_trigger_target_dag.py
[2023-12-27T12:21:09.039+0545] {processor.py:830} INFO - Processing file /home/sarita/Documents/apache-airflow-project/.venv/lib/python3.9/site-packages/airflow/example_dags/example_trigger_target_dag.py for tasks to queue
[2023-12-27T12:21:09.040+0545] {logging_mixin.py:188} INFO - [2023-12-27T12:21:09.040+0545] {dagbag.py:538} INFO - Filling up the DagBag from /home/sarita/Documents/apache-airflow-project/.venv/lib/python3.9/site-packages/airflow/example_dags/example_trigger_target_dag.py
[2023-12-27T12:21:09.046+0545] {processor.py:840} INFO - DAG(s) 'example_trigger_target_dag' retrieved from /home/sarita/Documents/apache-airflow-project/.venv/lib/python3.9/site-packages/airflow/example_dags/example_trigger_target_dag.py
[2023-12-27T12:21:09.057+0545] {logging_mixin.py:188} INFO - [2023-12-27T12:21:09.056+0545] {dag.py:3033} INFO - Sync 1 DAGs
[2023-12-27T12:21:09.065+0545] {logging_mixin.py:188} INFO - [2023-12-27T12:21:09.065+0545] {dag.py:3820} INFO - Setting next_dagrun for example_trigger_target_dag to None, run_after=None
[2023-12-27T12:21:09.083+0545] {processor.py:183} INFO - Processing /home/sarita/Documents/apache-airflow-project/.venv/lib/python3.9/site-packages/airflow/example_dags/example_trigger_target_dag.py took 0.049 seconds
[2023-12-27T12:39:22.309+0545] {processor.py:161} INFO - Started process (PID=15357) to work on /home/sarita/Documents/apache-airflow-project/.venv/lib/python3.9/site-packages/airflow/example_dags/example_trigger_target_dag.py
[2023-12-27T12:39:22.312+0545] {processor.py:830} INFO - Processing file /home/sarita/Documents/apache-airflow-project/.venv/lib/python3.9/site-packages/airflow/example_dags/example_trigger_target_dag.py for tasks to queue
[2023-12-27T12:39:22.314+0545] {logging_mixin.py:188} INFO - [2023-12-27T12:39:22.314+0545] {dagbag.py:538} INFO - Filling up the DagBag from /home/sarita/Documents/apache-airflow-project/.venv/lib/python3.9/site-packages/airflow/example_dags/example_trigger_target_dag.py
[2023-12-27T12:39:22.323+0545] {processor.py:840} INFO - DAG(s) 'example_trigger_target_dag' retrieved from /home/sarita/Documents/apache-airflow-project/.venv/lib/python3.9/site-packages/airflow/example_dags/example_trigger_target_dag.py
[2023-12-27T12:39:22.341+0545] {logging_mixin.py:188} INFO - [2023-12-27T12:39:22.341+0545] {dag.py:3033} INFO - Sync 1 DAGs
[2023-12-27T12:39:22.350+0545] {logging_mixin.py:188} INFO - [2023-12-27T12:39:22.350+0545] {dag.py:3820} INFO - Setting next_dagrun for example_trigger_target_dag to None, run_after=None
[2023-12-27T12:39:22.369+0545] {processor.py:183} INFO - Processing /home/sarita/Documents/apache-airflow-project/.venv/lib/python3.9/site-packages/airflow/example_dags/example_trigger_target_dag.py took 0.067 seconds
[2023-12-27T12:41:53.252+0545] {processor.py:161} INFO - Started process (PID=16127) to work on /home/sarita/Documents/apache-airflow-project/.venv/lib/python3.9/site-packages/airflow/example_dags/example_trigger_target_dag.py
[2023-12-27T12:41:53.253+0545] {processor.py:830} INFO - Processing file /home/sarita/Documents/apache-airflow-project/.venv/lib/python3.9/site-packages/airflow/example_dags/example_trigger_target_dag.py for tasks to queue
[2023-12-27T12:41:53.253+0545] {logging_mixin.py:188} INFO - [2023-12-27T12:41:53.253+0545] {dagbag.py:538} INFO - Filling up the DagBag from /home/sarita/Documents/apache-airflow-project/.venv/lib/python3.9/site-packages/airflow/example_dags/example_trigger_target_dag.py
[2023-12-27T12:41:53.258+0545] {processor.py:840} INFO - DAG(s) 'example_trigger_target_dag' retrieved from /home/sarita/Documents/apache-airflow-project/.venv/lib/python3.9/site-packages/airflow/example_dags/example_trigger_target_dag.py
[2023-12-27T12:41:53.269+0545] {logging_mixin.py:188} INFO - [2023-12-27T12:41:53.269+0545] {dag.py:3033} INFO - Sync 1 DAGs
[2023-12-27T12:41:53.277+0545] {logging_mixin.py:188} INFO - [2023-12-27T12:41:53.277+0545] {dag.py:3820} INFO - Setting next_dagrun for example_trigger_target_dag to None, run_after=None
[2023-12-27T12:41:53.295+0545] {processor.py:183} INFO - Processing /home/sarita/Documents/apache-airflow-project/.venv/lib/python3.9/site-packages/airflow/example_dags/example_trigger_target_dag.py took 0.045 seconds
[2023-12-27T12:46:06.989+0545] {processor.py:161} INFO - Started process (PID=17128) to work on /home/sarita/Documents/apache-airflow-project/.venv/lib/python3.9/site-packages/airflow/example_dags/example_trigger_target_dag.py
[2023-12-27T12:46:06.991+0545] {processor.py:830} INFO - Processing file /home/sarita/Documents/apache-airflow-project/.venv/lib/python3.9/site-packages/airflow/example_dags/example_trigger_target_dag.py for tasks to queue
[2023-12-27T12:46:06.992+0545] {logging_mixin.py:188} INFO - [2023-12-27T12:46:06.991+0545] {dagbag.py:538} INFO - Filling up the DagBag from /home/sarita/Documents/apache-airflow-project/.venv/lib/python3.9/site-packages/airflow/example_dags/example_trigger_target_dag.py
[2023-12-27T12:46:06.996+0545] {processor.py:840} INFO - DAG(s) 'example_trigger_target_dag' retrieved from /home/sarita/Documents/apache-airflow-project/.venv/lib/python3.9/site-packages/airflow/example_dags/example_trigger_target_dag.py
[2023-12-27T12:46:07.012+0545] {logging_mixin.py:188} INFO - [2023-12-27T12:46:07.011+0545] {dag.py:3033} INFO - Sync 1 DAGs
[2023-12-27T12:46:07.020+0545] {logging_mixin.py:188} INFO - [2023-12-27T12:46:07.020+0545] {dag.py:3820} INFO - Setting next_dagrun for example_trigger_target_dag to None, run_after=None
[2023-12-27T12:46:07.047+0545] {processor.py:183} INFO - Processing /home/sarita/Documents/apache-airflow-project/.venv/lib/python3.9/site-packages/airflow/example_dags/example_trigger_target_dag.py took 0.060 seconds
[2023-12-27T12:52:26.627+0545] {processor.py:161} INFO - Started process (PID=17602) to work on /home/sarita/Documents/apache-airflow-project/.venv/lib/python3.9/site-packages/airflow/example_dags/example_trigger_target_dag.py
[2023-12-27T12:52:26.631+0545] {processor.py:830} INFO - Processing file /home/sarita/Documents/apache-airflow-project/.venv/lib/python3.9/site-packages/airflow/example_dags/example_trigger_target_dag.py for tasks to queue
[2023-12-27T12:52:26.633+0545] {logging_mixin.py:188} INFO - [2023-12-27T12:52:26.632+0545] {dagbag.py:538} INFO - Filling up the DagBag from /home/sarita/Documents/apache-airflow-project/.venv/lib/python3.9/site-packages/airflow/example_dags/example_trigger_target_dag.py
[2023-12-27T12:52:26.646+0545] {processor.py:840} INFO - DAG(s) 'example_trigger_target_dag' retrieved from /home/sarita/Documents/apache-airflow-project/.venv/lib/python3.9/site-packages/airflow/example_dags/example_trigger_target_dag.py
[2023-12-27T12:52:26.668+0545] {logging_mixin.py:188} INFO - [2023-12-27T12:52:26.668+0545] {dag.py:3033} INFO - Sync 1 DAGs
[2023-12-27T12:52:26.677+0545] {logging_mixin.py:188} INFO - [2023-12-27T12:52:26.676+0545] {dag.py:3820} INFO - Setting next_dagrun for example_trigger_target_dag to None, run_after=None
[2023-12-27T12:52:26.705+0545] {processor.py:183} INFO - Processing /home/sarita/Documents/apache-airflow-project/.venv/lib/python3.9/site-packages/airflow/example_dags/example_trigger_target_dag.py took 0.085 seconds
[2023-12-27T12:53:16.706+0545] {processor.py:161} INFO - Started process (PID=17707) to work on /home/sarita/Documents/apache-airflow-project/.venv/lib/python3.9/site-packages/airflow/example_dags/example_trigger_target_dag.py
[2023-12-27T12:53:16.709+0545] {processor.py:830} INFO - Processing file /home/sarita/Documents/apache-airflow-project/.venv/lib/python3.9/site-packages/airflow/example_dags/example_trigger_target_dag.py for tasks to queue
[2023-12-27T12:53:16.711+0545] {logging_mixin.py:188} INFO - [2023-12-27T12:53:16.710+0545] {dagbag.py:538} INFO - Filling up the DagBag from /home/sarita/Documents/apache-airflow-project/.venv/lib/python3.9/site-packages/airflow/example_dags/example_trigger_target_dag.py
[2023-12-27T12:53:16.726+0545] {processor.py:840} INFO - DAG(s) 'example_trigger_target_dag' retrieved from /home/sarita/Documents/apache-airflow-project/.venv/lib/python3.9/site-packages/airflow/example_dags/example_trigger_target_dag.py
[2023-12-27T12:53:16.748+0545] {logging_mixin.py:188} INFO - [2023-12-27T12:53:16.748+0545] {dag.py:3033} INFO - Sync 1 DAGs
[2023-12-27T12:53:16.758+0545] {logging_mixin.py:188} INFO - [2023-12-27T12:53:16.758+0545] {dag.py:3820} INFO - Setting next_dagrun for example_trigger_target_dag to None, run_after=None
[2023-12-27T12:53:16.775+0545] {processor.py:183} INFO - Processing /home/sarita/Documents/apache-airflow-project/.venv/lib/python3.9/site-packages/airflow/example_dags/example_trigger_target_dag.py took 0.071 seconds
[2023-12-27T12:54:45.753+0545] {processor.py:161} INFO - Started process (PID=17873) to work on /home/sarita/Documents/apache-airflow-project/.venv/lib/python3.9/site-packages/airflow/example_dags/example_trigger_target_dag.py
[2023-12-27T12:54:45.757+0545] {processor.py:830} INFO - Processing file /home/sarita/Documents/apache-airflow-project/.venv/lib/python3.9/site-packages/airflow/example_dags/example_trigger_target_dag.py for tasks to queue
[2023-12-27T12:54:45.760+0545] {logging_mixin.py:188} INFO - [2023-12-27T12:54:45.759+0545] {dagbag.py:538} INFO - Filling up the DagBag from /home/sarita/Documents/apache-airflow-project/.venv/lib/python3.9/site-packages/airflow/example_dags/example_trigger_target_dag.py
[2023-12-27T12:54:45.775+0545] {processor.py:840} INFO - DAG(s) 'example_trigger_target_dag' retrieved from /home/sarita/Documents/apache-airflow-project/.venv/lib/python3.9/site-packages/airflow/example_dags/example_trigger_target_dag.py
[2023-12-27T12:54:45.798+0545] {logging_mixin.py:188} INFO - [2023-12-27T12:54:45.798+0545] {dag.py:3033} INFO - Sync 1 DAGs
[2023-12-27T12:54:45.807+0545] {logging_mixin.py:188} INFO - [2023-12-27T12:54:45.807+0545] {dag.py:3820} INFO - Setting next_dagrun for example_trigger_target_dag to None, run_after=None
[2023-12-27T12:54:45.826+0545] {processor.py:183} INFO - Processing /home/sarita/Documents/apache-airflow-project/.venv/lib/python3.9/site-packages/airflow/example_dags/example_trigger_target_dag.py took 0.080 seconds
[2023-12-27T12:58:03.135+0545] {processor.py:161} INFO - Started process (PID=18061) to work on /home/sarita/Documents/apache-airflow-project/.venv/lib/python3.9/site-packages/airflow/example_dags/example_trigger_target_dag.py
[2023-12-27T12:58:03.147+0545] {processor.py:830} INFO - Processing file /home/sarita/Documents/apache-airflow-project/.venv/lib/python3.9/site-packages/airflow/example_dags/example_trigger_target_dag.py for tasks to queue
[2023-12-27T12:58:03.149+0545] {logging_mixin.py:188} INFO - [2023-12-27T12:58:03.148+0545] {dagbag.py:538} INFO - Filling up the DagBag from /home/sarita/Documents/apache-airflow-project/.venv/lib/python3.9/site-packages/airflow/example_dags/example_trigger_target_dag.py
[2023-12-27T12:58:03.164+0545] {processor.py:840} INFO - DAG(s) 'example_trigger_target_dag' retrieved from /home/sarita/Documents/apache-airflow-project/.venv/lib/python3.9/site-packages/airflow/example_dags/example_trigger_target_dag.py
[2023-12-27T12:58:03.189+0545] {logging_mixin.py:188} INFO - [2023-12-27T12:58:03.189+0545] {dag.py:3033} INFO - Sync 1 DAGs
[2023-12-27T12:58:03.198+0545] {logging_mixin.py:188} INFO - [2023-12-27T12:58:03.198+0545] {dag.py:3820} INFO - Setting next_dagrun for example_trigger_target_dag to None, run_after=None
[2023-12-27T12:58:03.318+0545] {processor.py:183} INFO - Processing /home/sarita/Documents/apache-airflow-project/.venv/lib/python3.9/site-packages/airflow/example_dags/example_trigger_target_dag.py took 0.191 seconds
