[2023-12-27T09:37:09.181+0545] {processor.py:161} INFO - Started process (PID=6938) to work on /home/sarita/Documents/apache-airflow-project/.venv/lib/python3.9/site-packages/airflow/example_dags/example_external_task_marker_dag.py
[2023-12-27T09:37:09.183+0545] {processor.py:830} INFO - Processing file /home/sarita/Documents/apache-airflow-project/.venv/lib/python3.9/site-packages/airflow/example_dags/example_external_task_marker_dag.py for tasks to queue
[2023-12-27T09:37:09.184+0545] {logging_mixin.py:188} INFO - [2023-12-27T09:37:09.184+0545] {dagbag.py:538} INFO - Filling up the DagBag from /home/sarita/Documents/apache-airflow-project/.venv/lib/python3.9/site-packages/airflow/example_dags/example_external_task_marker_dag.py
[2023-12-27T09:37:09.197+0545] {processor.py:840} INFO - DAG(s) 'example_external_task_marker_child', 'example_external_task_marker_parent' retrieved from /home/sarita/Documents/apache-airflow-project/.venv/lib/python3.9/site-packages/airflow/example_dags/example_external_task_marker_dag.py
[2023-12-27T09:37:09.213+0545] {logging_mixin.py:188} INFO - [2023-12-27T09:37:09.212+0545] {dag.py:3033} INFO - Sync 2 DAGs
[2023-12-27T09:37:09.221+0545] {logging_mixin.py:188} INFO - [2023-12-27T09:37:09.221+0545] {dag.py:3820} INFO - Setting next_dagrun for example_external_task_marker_child to None, run_after=None
[2023-12-27T09:37:09.224+0545] {logging_mixin.py:188} INFO - [2023-12-27T09:37:09.224+0545] {dag.py:3820} INFO - Setting next_dagrun for example_external_task_marker_parent to None, run_after=None
[2023-12-27T09:37:09.250+0545] {processor.py:183} INFO - Processing /home/sarita/Documents/apache-airflow-project/.venv/lib/python3.9/site-packages/airflow/example_dags/example_external_task_marker_dag.py took 0.075 seconds
[2023-12-27T09:38:02.429+0545] {processor.py:161} INFO - Started process (PID=7003) to work on /home/sarita/Documents/apache-airflow-project/.venv/lib/python3.9/site-packages/airflow/example_dags/example_external_task_marker_dag.py
[2023-12-27T09:38:02.431+0545] {processor.py:830} INFO - Processing file /home/sarita/Documents/apache-airflow-project/.venv/lib/python3.9/site-packages/airflow/example_dags/example_external_task_marker_dag.py for tasks to queue
[2023-12-27T09:38:02.431+0545] {logging_mixin.py:188} INFO - [2023-12-27T09:38:02.431+0545] {dagbag.py:538} INFO - Filling up the DagBag from /home/sarita/Documents/apache-airflow-project/.venv/lib/python3.9/site-packages/airflow/example_dags/example_external_task_marker_dag.py
[2023-12-27T09:38:02.436+0545] {processor.py:840} INFO - DAG(s) 'example_external_task_marker_parent', 'example_external_task_marker_child' retrieved from /home/sarita/Documents/apache-airflow-project/.venv/lib/python3.9/site-packages/airflow/example_dags/example_external_task_marker_dag.py
[2023-12-27T09:38:02.448+0545] {logging_mixin.py:188} INFO - [2023-12-27T09:38:02.448+0545] {dag.py:3033} INFO - Sync 2 DAGs
[2023-12-27T09:38:02.457+0545] {logging_mixin.py:188} INFO - [2023-12-27T09:38:02.457+0545] {dag.py:3820} INFO - Setting next_dagrun for example_external_task_marker_child to None, run_after=None
[2023-12-27T09:38:02.459+0545] {logging_mixin.py:188} INFO - [2023-12-27T09:38:02.459+0545] {dag.py:3820} INFO - Setting next_dagrun for example_external_task_marker_parent to None, run_after=None
[2023-12-27T09:38:02.483+0545] {processor.py:183} INFO - Processing /home/sarita/Documents/apache-airflow-project/.venv/lib/python3.9/site-packages/airflow/example_dags/example_external_task_marker_dag.py took 0.056 seconds
[2023-12-27T09:38:59.287+0545] {processor.py:161} INFO - Started process (PID=7123) to work on /home/sarita/Documents/apache-airflow-project/.venv/lib/python3.9/site-packages/airflow/example_dags/example_external_task_marker_dag.py
[2023-12-27T09:38:59.291+0545] {processor.py:830} INFO - Processing file /home/sarita/Documents/apache-airflow-project/.venv/lib/python3.9/site-packages/airflow/example_dags/example_external_task_marker_dag.py for tasks to queue
[2023-12-27T09:38:59.294+0545] {logging_mixin.py:188} INFO - [2023-12-27T09:38:59.293+0545] {dagbag.py:538} INFO - Filling up the DagBag from /home/sarita/Documents/apache-airflow-project/.venv/lib/python3.9/site-packages/airflow/example_dags/example_external_task_marker_dag.py
[2023-12-27T09:38:59.306+0545] {processor.py:840} INFO - DAG(s) 'example_external_task_marker_parent', 'example_external_task_marker_child' retrieved from /home/sarita/Documents/apache-airflow-project/.venv/lib/python3.9/site-packages/airflow/example_dags/example_external_task_marker_dag.py
[2023-12-27T09:38:59.325+0545] {logging_mixin.py:188} INFO - [2023-12-27T09:38:59.325+0545] {dag.py:3033} INFO - Sync 2 DAGs
[2023-12-27T09:38:59.334+0545] {logging_mixin.py:188} INFO - [2023-12-27T09:38:59.334+0545] {dag.py:3820} INFO - Setting next_dagrun for example_external_task_marker_child to None, run_after=None
[2023-12-27T09:38:59.337+0545] {logging_mixin.py:188} INFO - [2023-12-27T09:38:59.337+0545] {dag.py:3820} INFO - Setting next_dagrun for example_external_task_marker_parent to None, run_after=None
[2023-12-27T09:38:59.354+0545] {processor.py:183} INFO - Processing /home/sarita/Documents/apache-airflow-project/.venv/lib/python3.9/site-packages/airflow/example_dags/example_external_task_marker_dag.py took 0.074 seconds
[2023-12-27T09:39:55.432+0545] {processor.py:161} INFO - Started process (PID=7214) to work on /home/sarita/Documents/apache-airflow-project/.venv/lib/python3.9/site-packages/airflow/example_dags/example_external_task_marker_dag.py
[2023-12-27T09:39:55.434+0545] {processor.py:830} INFO - Processing file /home/sarita/Documents/apache-airflow-project/.venv/lib/python3.9/site-packages/airflow/example_dags/example_external_task_marker_dag.py for tasks to queue
[2023-12-27T09:39:55.435+0545] {logging_mixin.py:188} INFO - [2023-12-27T09:39:55.435+0545] {dagbag.py:538} INFO - Filling up the DagBag from /home/sarita/Documents/apache-airflow-project/.venv/lib/python3.9/site-packages/airflow/example_dags/example_external_task_marker_dag.py
[2023-12-27T09:39:55.441+0545] {processor.py:840} INFO - DAG(s) 'example_external_task_marker_child', 'example_external_task_marker_parent' retrieved from /home/sarita/Documents/apache-airflow-project/.venv/lib/python3.9/site-packages/airflow/example_dags/example_external_task_marker_dag.py
[2023-12-27T09:39:55.458+0545] {logging_mixin.py:188} INFO - [2023-12-27T09:39:55.458+0545] {dag.py:3033} INFO - Sync 2 DAGs
[2023-12-27T09:39:55.467+0545] {logging_mixin.py:188} INFO - [2023-12-27T09:39:55.467+0545] {dag.py:3820} INFO - Setting next_dagrun for example_external_task_marker_child to None, run_after=None
[2023-12-27T09:39:55.470+0545] {logging_mixin.py:188} INFO - [2023-12-27T09:39:55.469+0545] {dag.py:3820} INFO - Setting next_dagrun for example_external_task_marker_parent to None, run_after=None
[2023-12-27T09:39:55.486+0545] {processor.py:183} INFO - Processing /home/sarita/Documents/apache-airflow-project/.venv/lib/python3.9/site-packages/airflow/example_dags/example_external_task_marker_dag.py took 0.058 seconds
[2023-12-27T09:40:42.368+0545] {processor.py:161} INFO - Started process (PID=7304) to work on /home/sarita/Documents/apache-airflow-project/.venv/lib/python3.9/site-packages/airflow/example_dags/example_external_task_marker_dag.py
[2023-12-27T09:40:42.370+0545] {processor.py:830} INFO - Processing file /home/sarita/Documents/apache-airflow-project/.venv/lib/python3.9/site-packages/airflow/example_dags/example_external_task_marker_dag.py for tasks to queue
[2023-12-27T09:40:42.371+0545] {logging_mixin.py:188} INFO - [2023-12-27T09:40:42.371+0545] {dagbag.py:538} INFO - Filling up the DagBag from /home/sarita/Documents/apache-airflow-project/.venv/lib/python3.9/site-packages/airflow/example_dags/example_external_task_marker_dag.py
[2023-12-27T09:40:42.376+0545] {processor.py:840} INFO - DAG(s) 'example_external_task_marker_child', 'example_external_task_marker_parent' retrieved from /home/sarita/Documents/apache-airflow-project/.venv/lib/python3.9/site-packages/airflow/example_dags/example_external_task_marker_dag.py
[2023-12-27T09:40:42.390+0545] {logging_mixin.py:188} INFO - [2023-12-27T09:40:42.390+0545] {dag.py:3033} INFO - Sync 2 DAGs
[2023-12-27T09:40:42.398+0545] {logging_mixin.py:188} INFO - [2023-12-27T09:40:42.398+0545] {dag.py:3820} INFO - Setting next_dagrun for example_external_task_marker_child to None, run_after=None
[2023-12-27T09:40:42.401+0545] {logging_mixin.py:188} INFO - [2023-12-27T09:40:42.400+0545] {dag.py:3820} INFO - Setting next_dagrun for example_external_task_marker_parent to None, run_after=None
[2023-12-27T09:40:42.419+0545] {processor.py:183} INFO - Processing /home/sarita/Documents/apache-airflow-project/.venv/lib/python3.9/site-packages/airflow/example_dags/example_external_task_marker_dag.py took 0.054 seconds
[2023-12-27T09:41:35.806+0545] {processor.py:161} INFO - Started process (PID=7549) to work on /home/sarita/Documents/apache-airflow-project/.venv/lib/python3.9/site-packages/airflow/example_dags/example_external_task_marker_dag.py
[2023-12-27T09:41:35.809+0545] {processor.py:830} INFO - Processing file /home/sarita/Documents/apache-airflow-project/.venv/lib/python3.9/site-packages/airflow/example_dags/example_external_task_marker_dag.py for tasks to queue
[2023-12-27T09:41:35.810+0545] {logging_mixin.py:188} INFO - [2023-12-27T09:41:35.810+0545] {dagbag.py:538} INFO - Filling up the DagBag from /home/sarita/Documents/apache-airflow-project/.venv/lib/python3.9/site-packages/airflow/example_dags/example_external_task_marker_dag.py
[2023-12-27T09:41:35.821+0545] {processor.py:840} INFO - DAG(s) 'example_external_task_marker_child', 'example_external_task_marker_parent' retrieved from /home/sarita/Documents/apache-airflow-project/.venv/lib/python3.9/site-packages/airflow/example_dags/example_external_task_marker_dag.py
[2023-12-27T09:41:35.842+0545] {logging_mixin.py:188} INFO - [2023-12-27T09:41:35.842+0545] {dag.py:3033} INFO - Sync 2 DAGs
[2023-12-27T09:41:35.852+0545] {logging_mixin.py:188} INFO - [2023-12-27T09:41:35.851+0545] {dag.py:3820} INFO - Setting next_dagrun for example_external_task_marker_child to None, run_after=None
[2023-12-27T09:41:35.854+0545] {logging_mixin.py:188} INFO - [2023-12-27T09:41:35.854+0545] {dag.py:3820} INFO - Setting next_dagrun for example_external_task_marker_parent to None, run_after=None
[2023-12-27T09:41:35.869+0545] {processor.py:183} INFO - Processing /home/sarita/Documents/apache-airflow-project/.venv/lib/python3.9/site-packages/airflow/example_dags/example_external_task_marker_dag.py took 0.067 seconds
[2023-12-27T09:42:33.359+0545] {processor.py:161} INFO - Started process (PID=7792) to work on /home/sarita/Documents/apache-airflow-project/.venv/lib/python3.9/site-packages/airflow/example_dags/example_external_task_marker_dag.py
[2023-12-27T09:42:33.361+0545] {processor.py:830} INFO - Processing file /home/sarita/Documents/apache-airflow-project/.venv/lib/python3.9/site-packages/airflow/example_dags/example_external_task_marker_dag.py for tasks to queue
[2023-12-27T09:42:33.363+0545] {logging_mixin.py:188} INFO - [2023-12-27T09:42:33.362+0545] {dagbag.py:538} INFO - Filling up the DagBag from /home/sarita/Documents/apache-airflow-project/.venv/lib/python3.9/site-packages/airflow/example_dags/example_external_task_marker_dag.py
[2023-12-27T09:42:33.373+0545] {processor.py:840} INFO - DAG(s) 'example_external_task_marker_child', 'example_external_task_marker_parent' retrieved from /home/sarita/Documents/apache-airflow-project/.venv/lib/python3.9/site-packages/airflow/example_dags/example_external_task_marker_dag.py
[2023-12-27T09:42:33.395+0545] {logging_mixin.py:188} INFO - [2023-12-27T09:42:33.395+0545] {dag.py:3033} INFO - Sync 2 DAGs
[2023-12-27T09:42:33.404+0545] {logging_mixin.py:188} INFO - [2023-12-27T09:42:33.404+0545] {dag.py:3820} INFO - Setting next_dagrun for example_external_task_marker_child to None, run_after=None
[2023-12-27T09:42:33.407+0545] {logging_mixin.py:188} INFO - [2023-12-27T09:42:33.406+0545] {dag.py:3820} INFO - Setting next_dagrun for example_external_task_marker_parent to None, run_after=None
[2023-12-27T09:42:33.421+0545] {processor.py:183} INFO - Processing /home/sarita/Documents/apache-airflow-project/.venv/lib/python3.9/site-packages/airflow/example_dags/example_external_task_marker_dag.py took 0.067 seconds
[2023-12-27T09:43:23.338+0545] {processor.py:161} INFO - Started process (PID=7873) to work on /home/sarita/Documents/apache-airflow-project/.venv/lib/python3.9/site-packages/airflow/example_dags/example_external_task_marker_dag.py
[2023-12-27T09:43:23.340+0545] {processor.py:830} INFO - Processing file /home/sarita/Documents/apache-airflow-project/.venv/lib/python3.9/site-packages/airflow/example_dags/example_external_task_marker_dag.py for tasks to queue
[2023-12-27T09:43:23.342+0545] {logging_mixin.py:188} INFO - [2023-12-27T09:43:23.341+0545] {dagbag.py:538} INFO - Filling up the DagBag from /home/sarita/Documents/apache-airflow-project/.venv/lib/python3.9/site-packages/airflow/example_dags/example_external_task_marker_dag.py
[2023-12-27T09:43:23.347+0545] {processor.py:840} INFO - DAG(s) 'example_external_task_marker_child', 'example_external_task_marker_parent' retrieved from /home/sarita/Documents/apache-airflow-project/.venv/lib/python3.9/site-packages/airflow/example_dags/example_external_task_marker_dag.py
[2023-12-27T09:43:23.362+0545] {logging_mixin.py:188} INFO - [2023-12-27T09:43:23.362+0545] {dag.py:3033} INFO - Sync 2 DAGs
[2023-12-27T09:43:23.372+0545] {logging_mixin.py:188} INFO - [2023-12-27T09:43:23.372+0545] {dag.py:3820} INFO - Setting next_dagrun for example_external_task_marker_child to None, run_after=None
[2023-12-27T09:43:23.374+0545] {logging_mixin.py:188} INFO - [2023-12-27T09:43:23.374+0545] {dag.py:3820} INFO - Setting next_dagrun for example_external_task_marker_parent to None, run_after=None
[2023-12-27T09:43:23.391+0545] {processor.py:183} INFO - Processing /home/sarita/Documents/apache-airflow-project/.venv/lib/python3.9/site-packages/airflow/example_dags/example_external_task_marker_dag.py took 0.058 seconds
[2023-12-27T09:44:21.243+0545] {processor.py:161} INFO - Started process (PID=7947) to work on /home/sarita/Documents/apache-airflow-project/.venv/lib/python3.9/site-packages/airflow/example_dags/example_external_task_marker_dag.py
[2023-12-27T09:44:21.246+0545] {processor.py:830} INFO - Processing file /home/sarita/Documents/apache-airflow-project/.venv/lib/python3.9/site-packages/airflow/example_dags/example_external_task_marker_dag.py for tasks to queue
[2023-12-27T09:44:21.247+0545] {logging_mixin.py:188} INFO - [2023-12-27T09:44:21.246+0545] {dagbag.py:538} INFO - Filling up the DagBag from /home/sarita/Documents/apache-airflow-project/.venv/lib/python3.9/site-packages/airflow/example_dags/example_external_task_marker_dag.py
[2023-12-27T09:44:21.253+0545] {processor.py:840} INFO - DAG(s) 'example_external_task_marker_parent', 'example_external_task_marker_child' retrieved from /home/sarita/Documents/apache-airflow-project/.venv/lib/python3.9/site-packages/airflow/example_dags/example_external_task_marker_dag.py
[2023-12-27T09:44:21.271+0545] {logging_mixin.py:188} INFO - [2023-12-27T09:44:21.271+0545] {dag.py:3033} INFO - Sync 2 DAGs
[2023-12-27T09:44:21.280+0545] {logging_mixin.py:188} INFO - [2023-12-27T09:44:21.280+0545] {dag.py:3820} INFO - Setting next_dagrun for example_external_task_marker_child to None, run_after=None
[2023-12-27T09:44:21.283+0545] {logging_mixin.py:188} INFO - [2023-12-27T09:44:21.283+0545] {dag.py:3820} INFO - Setting next_dagrun for example_external_task_marker_parent to None, run_after=None
[2023-12-27T09:44:21.312+0545] {processor.py:183} INFO - Processing /home/sarita/Documents/apache-airflow-project/.venv/lib/python3.9/site-packages/airflow/example_dags/example_external_task_marker_dag.py took 0.072 seconds
[2023-12-27T09:45:15.166+0545] {processor.py:161} INFO - Started process (PID=8023) to work on /home/sarita/Documents/apache-airflow-project/.venv/lib/python3.9/site-packages/airflow/example_dags/example_external_task_marker_dag.py
[2023-12-27T09:45:15.168+0545] {processor.py:830} INFO - Processing file /home/sarita/Documents/apache-airflow-project/.venv/lib/python3.9/site-packages/airflow/example_dags/example_external_task_marker_dag.py for tasks to queue
[2023-12-27T09:45:15.169+0545] {logging_mixin.py:188} INFO - [2023-12-27T09:45:15.169+0545] {dagbag.py:538} INFO - Filling up the DagBag from /home/sarita/Documents/apache-airflow-project/.venv/lib/python3.9/site-packages/airflow/example_dags/example_external_task_marker_dag.py
[2023-12-27T09:45:15.176+0545] {processor.py:840} INFO - DAG(s) 'example_external_task_marker_parent', 'example_external_task_marker_child' retrieved from /home/sarita/Documents/apache-airflow-project/.venv/lib/python3.9/site-packages/airflow/example_dags/example_external_task_marker_dag.py
[2023-12-27T09:45:15.192+0545] {logging_mixin.py:188} INFO - [2023-12-27T09:45:15.192+0545] {dag.py:3033} INFO - Sync 2 DAGs
[2023-12-27T09:45:15.201+0545] {logging_mixin.py:188} INFO - [2023-12-27T09:45:15.201+0545] {dag.py:3820} INFO - Setting next_dagrun for example_external_task_marker_child to None, run_after=None
[2023-12-27T09:45:15.204+0545] {logging_mixin.py:188} INFO - [2023-12-27T09:45:15.204+0545] {dag.py:3820} INFO - Setting next_dagrun for example_external_task_marker_parent to None, run_after=None
[2023-12-27T09:45:15.220+0545] {processor.py:183} INFO - Processing /home/sarita/Documents/apache-airflow-project/.venv/lib/python3.9/site-packages/airflow/example_dags/example_external_task_marker_dag.py took 0.057 seconds
[2023-12-27T09:46:09.666+0545] {processor.py:161} INFO - Started process (PID=8482) to work on /home/sarita/Documents/apache-airflow-project/.venv/lib/python3.9/site-packages/airflow/example_dags/example_external_task_marker_dag.py
[2023-12-27T09:46:09.676+0545] {processor.py:830} INFO - Processing file /home/sarita/Documents/apache-airflow-project/.venv/lib/python3.9/site-packages/airflow/example_dags/example_external_task_marker_dag.py for tasks to queue
[2023-12-27T09:46:09.679+0545] {logging_mixin.py:188} INFO - [2023-12-27T09:46:09.678+0545] {dagbag.py:538} INFO - Filling up the DagBag from /home/sarita/Documents/apache-airflow-project/.venv/lib/python3.9/site-packages/airflow/example_dags/example_external_task_marker_dag.py
[2023-12-27T09:46:09.694+0545] {processor.py:840} INFO - DAG(s) 'example_external_task_marker_parent', 'example_external_task_marker_child' retrieved from /home/sarita/Documents/apache-airflow-project/.venv/lib/python3.9/site-packages/airflow/example_dags/example_external_task_marker_dag.py
[2023-12-27T09:46:09.717+0545] {logging_mixin.py:188} INFO - [2023-12-27T09:46:09.717+0545] {dag.py:3033} INFO - Sync 2 DAGs
[2023-12-27T09:46:09.729+0545] {logging_mixin.py:188} INFO - [2023-12-27T09:46:09.728+0545] {dag.py:3820} INFO - Setting next_dagrun for example_external_task_marker_child to None, run_after=None
[2023-12-27T09:46:09.731+0545] {logging_mixin.py:188} INFO - [2023-12-27T09:46:09.731+0545] {dag.py:3820} INFO - Setting next_dagrun for example_external_task_marker_parent to None, run_after=None
[2023-12-27T09:46:09.757+0545] {processor.py:183} INFO - Processing /home/sarita/Documents/apache-airflow-project/.venv/lib/python3.9/site-packages/airflow/example_dags/example_external_task_marker_dag.py took 0.101 seconds
[2023-12-27T09:47:04.980+0545] {processor.py:161} INFO - Started process (PID=8537) to work on /home/sarita/Documents/apache-airflow-project/.venv/lib/python3.9/site-packages/airflow/example_dags/example_external_task_marker_dag.py
[2023-12-27T09:47:04.982+0545] {processor.py:830} INFO - Processing file /home/sarita/Documents/apache-airflow-project/.venv/lib/python3.9/site-packages/airflow/example_dags/example_external_task_marker_dag.py for tasks to queue
[2023-12-27T09:47:04.984+0545] {logging_mixin.py:188} INFO - [2023-12-27T09:47:04.983+0545] {dagbag.py:538} INFO - Filling up the DagBag from /home/sarita/Documents/apache-airflow-project/.venv/lib/python3.9/site-packages/airflow/example_dags/example_external_task_marker_dag.py
[2023-12-27T09:47:04.991+0545] {processor.py:840} INFO - DAG(s) 'example_external_task_marker_parent', 'example_external_task_marker_child' retrieved from /home/sarita/Documents/apache-airflow-project/.venv/lib/python3.9/site-packages/airflow/example_dags/example_external_task_marker_dag.py
[2023-12-27T09:47:05.009+0545] {logging_mixin.py:188} INFO - [2023-12-27T09:47:05.009+0545] {dag.py:3033} INFO - Sync 2 DAGs
[2023-12-27T09:47:05.018+0545] {logging_mixin.py:188} INFO - [2023-12-27T09:47:05.018+0545] {dag.py:3820} INFO - Setting next_dagrun for example_external_task_marker_child to None, run_after=None
[2023-12-27T09:47:05.020+0545] {logging_mixin.py:188} INFO - [2023-12-27T09:47:05.020+0545] {dag.py:3820} INFO - Setting next_dagrun for example_external_task_marker_parent to None, run_after=None
[2023-12-27T09:47:05.049+0545] {processor.py:183} INFO - Processing /home/sarita/Documents/apache-airflow-project/.venv/lib/python3.9/site-packages/airflow/example_dags/example_external_task_marker_dag.py took 0.073 seconds
[2023-12-27T09:48:03.428+0545] {processor.py:161} INFO - Started process (PID=8620) to work on /home/sarita/Documents/apache-airflow-project/.venv/lib/python3.9/site-packages/airflow/example_dags/example_external_task_marker_dag.py
[2023-12-27T09:48:03.430+0545] {processor.py:830} INFO - Processing file /home/sarita/Documents/apache-airflow-project/.venv/lib/python3.9/site-packages/airflow/example_dags/example_external_task_marker_dag.py for tasks to queue
[2023-12-27T09:48:03.431+0545] {logging_mixin.py:188} INFO - [2023-12-27T09:48:03.431+0545] {dagbag.py:538} INFO - Filling up the DagBag from /home/sarita/Documents/apache-airflow-project/.venv/lib/python3.9/site-packages/airflow/example_dags/example_external_task_marker_dag.py
[2023-12-27T09:48:03.435+0545] {processor.py:840} INFO - DAG(s) 'example_external_task_marker_child', 'example_external_task_marker_parent' retrieved from /home/sarita/Documents/apache-airflow-project/.venv/lib/python3.9/site-packages/airflow/example_dags/example_external_task_marker_dag.py
[2023-12-27T09:48:03.450+0545] {logging_mixin.py:188} INFO - [2023-12-27T09:48:03.449+0545] {dag.py:3033} INFO - Sync 2 DAGs
[2023-12-27T09:48:03.459+0545] {logging_mixin.py:188} INFO - [2023-12-27T09:48:03.459+0545] {dag.py:3820} INFO - Setting next_dagrun for example_external_task_marker_child to None, run_after=None
[2023-12-27T09:48:03.463+0545] {logging_mixin.py:188} INFO - [2023-12-27T09:48:03.463+0545] {dag.py:3820} INFO - Setting next_dagrun for example_external_task_marker_parent to None, run_after=None
[2023-12-27T09:48:03.480+0545] {processor.py:183} INFO - Processing /home/sarita/Documents/apache-airflow-project/.venv/lib/python3.9/site-packages/airflow/example_dags/example_external_task_marker_dag.py took 0.054 seconds
[2023-12-27T09:49:00.061+0545] {processor.py:161} INFO - Started process (PID=8682) to work on /home/sarita/Documents/apache-airflow-project/.venv/lib/python3.9/site-packages/airflow/example_dags/example_external_task_marker_dag.py
[2023-12-27T09:49:00.064+0545] {processor.py:830} INFO - Processing file /home/sarita/Documents/apache-airflow-project/.venv/lib/python3.9/site-packages/airflow/example_dags/example_external_task_marker_dag.py for tasks to queue
[2023-12-27T09:49:00.065+0545] {logging_mixin.py:188} INFO - [2023-12-27T09:49:00.065+0545] {dagbag.py:538} INFO - Filling up the DagBag from /home/sarita/Documents/apache-airflow-project/.venv/lib/python3.9/site-packages/airflow/example_dags/example_external_task_marker_dag.py
[2023-12-27T09:49:00.071+0545] {processor.py:840} INFO - DAG(s) 'example_external_task_marker_child', 'example_external_task_marker_parent' retrieved from /home/sarita/Documents/apache-airflow-project/.venv/lib/python3.9/site-packages/airflow/example_dags/example_external_task_marker_dag.py
[2023-12-27T09:49:00.089+0545] {logging_mixin.py:188} INFO - [2023-12-27T09:49:00.088+0545] {dag.py:3033} INFO - Sync 2 DAGs
[2023-12-27T09:49:00.097+0545] {logging_mixin.py:188} INFO - [2023-12-27T09:49:00.097+0545] {dag.py:3820} INFO - Setting next_dagrun for example_external_task_marker_child to None, run_after=None
[2023-12-27T09:49:00.100+0545] {logging_mixin.py:188} INFO - [2023-12-27T09:49:00.100+0545] {dag.py:3820} INFO - Setting next_dagrun for example_external_task_marker_parent to None, run_after=None
[2023-12-27T09:49:00.127+0545] {processor.py:183} INFO - Processing /home/sarita/Documents/apache-airflow-project/.venv/lib/python3.9/site-packages/airflow/example_dags/example_external_task_marker_dag.py took 0.069 seconds
[2023-12-27T09:49:55.182+0545] {processor.py:161} INFO - Started process (PID=8741) to work on /home/sarita/Documents/apache-airflow-project/.venv/lib/python3.9/site-packages/airflow/example_dags/example_external_task_marker_dag.py
[2023-12-27T09:49:55.184+0545] {processor.py:830} INFO - Processing file /home/sarita/Documents/apache-airflow-project/.venv/lib/python3.9/site-packages/airflow/example_dags/example_external_task_marker_dag.py for tasks to queue
[2023-12-27T09:49:55.185+0545] {logging_mixin.py:188} INFO - [2023-12-27T09:49:55.185+0545] {dagbag.py:538} INFO - Filling up the DagBag from /home/sarita/Documents/apache-airflow-project/.venv/lib/python3.9/site-packages/airflow/example_dags/example_external_task_marker_dag.py
[2023-12-27T09:49:55.191+0545] {processor.py:840} INFO - DAG(s) 'example_external_task_marker_parent', 'example_external_task_marker_child' retrieved from /home/sarita/Documents/apache-airflow-project/.venv/lib/python3.9/site-packages/airflow/example_dags/example_external_task_marker_dag.py
[2023-12-27T09:49:55.206+0545] {logging_mixin.py:188} INFO - [2023-12-27T09:49:55.206+0545] {dag.py:3033} INFO - Sync 2 DAGs
[2023-12-27T09:49:55.216+0545] {logging_mixin.py:188} INFO - [2023-12-27T09:49:55.216+0545] {dag.py:3820} INFO - Setting next_dagrun for example_external_task_marker_child to None, run_after=None
[2023-12-27T09:49:55.219+0545] {logging_mixin.py:188} INFO - [2023-12-27T09:49:55.219+0545] {dag.py:3820} INFO - Setting next_dagrun for example_external_task_marker_parent to None, run_after=None
[2023-12-27T09:49:55.236+0545] {processor.py:183} INFO - Processing /home/sarita/Documents/apache-airflow-project/.venv/lib/python3.9/site-packages/airflow/example_dags/example_external_task_marker_dag.py took 0.058 seconds
[2023-12-27T09:50:52.452+0545] {processor.py:161} INFO - Started process (PID=8841) to work on /home/sarita/Documents/apache-airflow-project/.venv/lib/python3.9/site-packages/airflow/example_dags/example_external_task_marker_dag.py
[2023-12-27T09:50:52.454+0545] {processor.py:830} INFO - Processing file /home/sarita/Documents/apache-airflow-project/.venv/lib/python3.9/site-packages/airflow/example_dags/example_external_task_marker_dag.py for tasks to queue
[2023-12-27T09:50:52.454+0545] {logging_mixin.py:188} INFO - [2023-12-27T09:50:52.454+0545] {dagbag.py:538} INFO - Filling up the DagBag from /home/sarita/Documents/apache-airflow-project/.venv/lib/python3.9/site-packages/airflow/example_dags/example_external_task_marker_dag.py
[2023-12-27T09:50:52.459+0545] {processor.py:840} INFO - DAG(s) 'example_external_task_marker_child', 'example_external_task_marker_parent' retrieved from /home/sarita/Documents/apache-airflow-project/.venv/lib/python3.9/site-packages/airflow/example_dags/example_external_task_marker_dag.py
[2023-12-27T09:50:52.474+0545] {logging_mixin.py:188} INFO - [2023-12-27T09:50:52.473+0545] {dag.py:3033} INFO - Sync 2 DAGs
[2023-12-27T09:50:52.484+0545] {logging_mixin.py:188} INFO - [2023-12-27T09:50:52.483+0545] {dag.py:3820} INFO - Setting next_dagrun for example_external_task_marker_child to None, run_after=None
[2023-12-27T09:50:52.486+0545] {logging_mixin.py:188} INFO - [2023-12-27T09:50:52.486+0545] {dag.py:3820} INFO - Setting next_dagrun for example_external_task_marker_parent to None, run_after=None
[2023-12-27T09:50:52.500+0545] {processor.py:183} INFO - Processing /home/sarita/Documents/apache-airflow-project/.venv/lib/python3.9/site-packages/airflow/example_dags/example_external_task_marker_dag.py took 0.051 seconds
[2023-12-27T09:51:52.923+0545] {processor.py:161} INFO - Started process (PID=8915) to work on /home/sarita/Documents/apache-airflow-project/.venv/lib/python3.9/site-packages/airflow/example_dags/example_external_task_marker_dag.py
[2023-12-27T09:51:52.926+0545] {processor.py:830} INFO - Processing file /home/sarita/Documents/apache-airflow-project/.venv/lib/python3.9/site-packages/airflow/example_dags/example_external_task_marker_dag.py for tasks to queue
[2023-12-27T09:51:52.927+0545] {logging_mixin.py:188} INFO - [2023-12-27T09:51:52.927+0545] {dagbag.py:538} INFO - Filling up the DagBag from /home/sarita/Documents/apache-airflow-project/.venv/lib/python3.9/site-packages/airflow/example_dags/example_external_task_marker_dag.py
[2023-12-27T09:51:52.935+0545] {processor.py:840} INFO - DAG(s) 'example_external_task_marker_parent', 'example_external_task_marker_child' retrieved from /home/sarita/Documents/apache-airflow-project/.venv/lib/python3.9/site-packages/airflow/example_dags/example_external_task_marker_dag.py
[2023-12-27T09:51:52.950+0545] {logging_mixin.py:188} INFO - [2023-12-27T09:51:52.949+0545] {dag.py:3033} INFO - Sync 2 DAGs
[2023-12-27T09:51:52.959+0545] {logging_mixin.py:188} INFO - [2023-12-27T09:51:52.959+0545] {dag.py:3820} INFO - Setting next_dagrun for example_external_task_marker_child to None, run_after=None
[2023-12-27T09:51:52.962+0545] {logging_mixin.py:188} INFO - [2023-12-27T09:51:52.961+0545] {dag.py:3820} INFO - Setting next_dagrun for example_external_task_marker_parent to None, run_after=None
[2023-12-27T09:51:52.977+0545] {processor.py:183} INFO - Processing /home/sarita/Documents/apache-airflow-project/.venv/lib/python3.9/site-packages/airflow/example_dags/example_external_task_marker_dag.py took 0.059 seconds
[2023-12-27T12:18:20.938+0545] {processor.py:161} INFO - Started process (PID=13599) to work on /home/sarita/Documents/apache-airflow-project/.venv/lib/python3.9/site-packages/airflow/example_dags/example_external_task_marker_dag.py
[2023-12-27T12:18:20.939+0545] {processor.py:830} INFO - Processing file /home/sarita/Documents/apache-airflow-project/.venv/lib/python3.9/site-packages/airflow/example_dags/example_external_task_marker_dag.py for tasks to queue
[2023-12-27T12:18:20.939+0545] {logging_mixin.py:188} INFO - [2023-12-27T12:18:20.939+0545] {dagbag.py:538} INFO - Filling up the DagBag from /home/sarita/Documents/apache-airflow-project/.venv/lib/python3.9/site-packages/airflow/example_dags/example_external_task_marker_dag.py
[2023-12-27T12:18:20.944+0545] {processor.py:840} INFO - DAG(s) 'example_external_task_marker_child', 'example_external_task_marker_parent' retrieved from /home/sarita/Documents/apache-airflow-project/.venv/lib/python3.9/site-packages/airflow/example_dags/example_external_task_marker_dag.py
[2023-12-27T12:18:20.958+0545] {logging_mixin.py:188} INFO - [2023-12-27T12:18:20.958+0545] {dag.py:3033} INFO - Sync 2 DAGs
[2023-12-27T12:18:20.966+0545] {logging_mixin.py:188} INFO - [2023-12-27T12:18:20.966+0545] {dag.py:3820} INFO - Setting next_dagrun for example_external_task_marker_child to None, run_after=None
[2023-12-27T12:18:20.969+0545] {logging_mixin.py:188} INFO - [2023-12-27T12:18:20.969+0545] {dag.py:3820} INFO - Setting next_dagrun for example_external_task_marker_parent to None, run_after=None
[2023-12-27T12:18:20.992+0545] {processor.py:183} INFO - Processing /home/sarita/Documents/apache-airflow-project/.venv/lib/python3.9/site-packages/airflow/example_dags/example_external_task_marker_dag.py took 0.056 seconds
[2023-12-27T12:39:48.845+0545] {processor.py:161} INFO - Started process (PID=15452) to work on /home/sarita/Documents/apache-airflow-project/.venv/lib/python3.9/site-packages/airflow/example_dags/example_external_task_marker_dag.py
[2023-12-27T12:39:48.848+0545] {processor.py:830} INFO - Processing file /home/sarita/Documents/apache-airflow-project/.venv/lib/python3.9/site-packages/airflow/example_dags/example_external_task_marker_dag.py for tasks to queue
[2023-12-27T12:39:48.849+0545] {logging_mixin.py:188} INFO - [2023-12-27T12:39:48.848+0545] {dagbag.py:538} INFO - Filling up the DagBag from /home/sarita/Documents/apache-airflow-project/.venv/lib/python3.9/site-packages/airflow/example_dags/example_external_task_marker_dag.py
[2023-12-27T12:39:48.855+0545] {processor.py:840} INFO - DAG(s) 'example_external_task_marker_parent', 'example_external_task_marker_child' retrieved from /home/sarita/Documents/apache-airflow-project/.venv/lib/python3.9/site-packages/airflow/example_dags/example_external_task_marker_dag.py
[2023-12-27T12:39:48.875+0545] {logging_mixin.py:188} INFO - [2023-12-27T12:39:48.875+0545] {dag.py:3033} INFO - Sync 2 DAGs
[2023-12-27T12:39:48.884+0545] {logging_mixin.py:188} INFO - [2023-12-27T12:39:48.884+0545] {dag.py:3820} INFO - Setting next_dagrun for example_external_task_marker_child to None, run_after=None
[2023-12-27T12:39:48.886+0545] {logging_mixin.py:188} INFO - [2023-12-27T12:39:48.886+0545] {dag.py:3820} INFO - Setting next_dagrun for example_external_task_marker_parent to None, run_after=None
[2023-12-27T12:39:48.901+0545] {processor.py:183} INFO - Processing /home/sarita/Documents/apache-airflow-project/.venv/lib/python3.9/site-packages/airflow/example_dags/example_external_task_marker_dag.py took 0.059 seconds
[2023-12-27T12:47:45.172+0545] {processor.py:161} INFO - Started process (PID=17253) to work on /home/sarita/Documents/apache-airflow-project/.venv/lib/python3.9/site-packages/airflow/example_dags/example_external_task_marker_dag.py
[2023-12-27T12:47:45.175+0545] {processor.py:830} INFO - Processing file /home/sarita/Documents/apache-airflow-project/.venv/lib/python3.9/site-packages/airflow/example_dags/example_external_task_marker_dag.py for tasks to queue
[2023-12-27T12:47:45.178+0545] {logging_mixin.py:188} INFO - [2023-12-27T12:47:45.177+0545] {dagbag.py:538} INFO - Filling up the DagBag from /home/sarita/Documents/apache-airflow-project/.venv/lib/python3.9/site-packages/airflow/example_dags/example_external_task_marker_dag.py
[2023-12-27T12:47:45.192+0545] {processor.py:840} INFO - DAG(s) 'example_external_task_marker_parent', 'example_external_task_marker_child' retrieved from /home/sarita/Documents/apache-airflow-project/.venv/lib/python3.9/site-packages/airflow/example_dags/example_external_task_marker_dag.py
[2023-12-27T12:47:45.213+0545] {logging_mixin.py:188} INFO - [2023-12-27T12:47:45.213+0545] {dag.py:3033} INFO - Sync 2 DAGs
[2023-12-27T12:47:45.222+0545] {logging_mixin.py:188} INFO - [2023-12-27T12:47:45.221+0545] {dag.py:3820} INFO - Setting next_dagrun for example_external_task_marker_child to None, run_after=None
[2023-12-27T12:47:45.224+0545] {logging_mixin.py:188} INFO - [2023-12-27T12:47:45.224+0545] {dag.py:3820} INFO - Setting next_dagrun for example_external_task_marker_parent to None, run_after=None
[2023-12-27T12:47:45.248+0545] {processor.py:183} INFO - Processing /home/sarita/Documents/apache-airflow-project/.venv/lib/python3.9/site-packages/airflow/example_dags/example_external_task_marker_dag.py took 0.084 seconds
[2023-12-27T12:52:48.372+0545] {processor.py:161} INFO - Started process (PID=17638) to work on /home/sarita/Documents/apache-airflow-project/.venv/lib/python3.9/site-packages/airflow/example_dags/example_external_task_marker_dag.py
[2023-12-27T12:52:48.374+0545] {processor.py:830} INFO - Processing file /home/sarita/Documents/apache-airflow-project/.venv/lib/python3.9/site-packages/airflow/example_dags/example_external_task_marker_dag.py for tasks to queue
[2023-12-27T12:52:48.375+0545] {logging_mixin.py:188} INFO - [2023-12-27T12:52:48.374+0545] {dagbag.py:538} INFO - Filling up the DagBag from /home/sarita/Documents/apache-airflow-project/.venv/lib/python3.9/site-packages/airflow/example_dags/example_external_task_marker_dag.py
[2023-12-27T12:52:48.380+0545] {processor.py:840} INFO - DAG(s) 'example_external_task_marker_parent', 'example_external_task_marker_child' retrieved from /home/sarita/Documents/apache-airflow-project/.venv/lib/python3.9/site-packages/airflow/example_dags/example_external_task_marker_dag.py
[2023-12-27T12:52:48.396+0545] {logging_mixin.py:188} INFO - [2023-12-27T12:52:48.396+0545] {dag.py:3033} INFO - Sync 2 DAGs
[2023-12-27T12:52:48.406+0545] {logging_mixin.py:188} INFO - [2023-12-27T12:52:48.406+0545] {dag.py:3820} INFO - Setting next_dagrun for example_external_task_marker_child to None, run_after=None
[2023-12-27T12:52:48.408+0545] {logging_mixin.py:188} INFO - [2023-12-27T12:52:48.408+0545] {dag.py:3820} INFO - Setting next_dagrun for example_external_task_marker_parent to None, run_after=None
[2023-12-27T12:52:48.423+0545] {processor.py:183} INFO - Processing /home/sarita/Documents/apache-airflow-project/.venv/lib/python3.9/site-packages/airflow/example_dags/example_external_task_marker_dag.py took 0.053 seconds
