[2023-12-27T09:37:05.191+0545] {processor.py:161} INFO - Started process (PID=6934) to work on /home/sarita/Documents/apache-airflow-project/.venv/lib/python3.9/site-packages/airflow/example_dags/example_kubernetes_executor.py
[2023-12-27T09:37:05.193+0545] {processor.py:830} INFO - Processing file /home/sarita/Documents/apache-airflow-project/.venv/lib/python3.9/site-packages/airflow/example_dags/example_kubernetes_executor.py for tasks to queue
[2023-12-27T09:37:05.195+0545] {logging_mixin.py:188} INFO - [2023-12-27T09:37:05.194+0545] {dagbag.py:538} INFO - Filling up the DagBag from /home/sarita/Documents/apache-airflow-project/.venv/lib/python3.9/site-packages/airflow/example_dags/example_kubernetes_executor.py
[2023-12-27T09:37:05.390+0545] {processor.py:840} INFO - DAG(s) 'example_kubernetes_executor' retrieved from /home/sarita/Documents/apache-airflow-project/.venv/lib/python3.9/site-packages/airflow/example_dags/example_kubernetes_executor.py
[2023-12-27T09:37:05.400+0545] {logging_mixin.py:188} WARNING - /home/sarita/Documents/apache-airflow-project/.venv/lib/python3.9/site-packages/airflow/serialization/serialized_objects.py:1563 DeprecationWarning: This module is deprecated. The `cncf.kubernetes` provider before version 7.4.0 uses this module - you should migrate to a newer version of `cncf.kubernetes` to get rid of this warning. If you import the module via `airflow.kubernetes` import, please use `cncf.kubernetes' provider 7.4.0+ and switch all your imports to use `apache.airflow.providers.cncf.kubernetes` to get rid of the warning.
[2023-12-27T09:37:05.413+0545] {logging_mixin.py:188} INFO - [2023-12-27T09:37:05.412+0545] {dag.py:3033} INFO - Sync 1 DAGs
[2023-12-27T09:37:05.423+0545] {logging_mixin.py:188} INFO - [2023-12-27T09:37:05.423+0545] {dag.py:3820} INFO - Setting next_dagrun for example_kubernetes_executor to None, run_after=None
[2023-12-27T09:37:05.446+0545] {processor.py:183} INFO - Processing /home/sarita/Documents/apache-airflow-project/.venv/lib/python3.9/site-packages/airflow/example_dags/example_kubernetes_executor.py took 0.262 seconds
[2023-12-27T09:37:51.943+0545] {processor.py:161} INFO - Started process (PID=6991) to work on /home/sarita/Documents/apache-airflow-project/.venv/lib/python3.9/site-packages/airflow/example_dags/example_kubernetes_executor.py
[2023-12-27T09:37:51.947+0545] {processor.py:830} INFO - Processing file /home/sarita/Documents/apache-airflow-project/.venv/lib/python3.9/site-packages/airflow/example_dags/example_kubernetes_executor.py for tasks to queue
[2023-12-27T09:37:51.950+0545] {logging_mixin.py:188} INFO - [2023-12-27T09:37:51.948+0545] {dagbag.py:538} INFO - Filling up the DagBag from /home/sarita/Documents/apache-airflow-project/.venv/lib/python3.9/site-packages/airflow/example_dags/example_kubernetes_executor.py
[2023-12-27T09:37:52.132+0545] {processor.py:840} INFO - DAG(s) 'example_kubernetes_executor' retrieved from /home/sarita/Documents/apache-airflow-project/.venv/lib/python3.9/site-packages/airflow/example_dags/example_kubernetes_executor.py
[2023-12-27T09:37:52.143+0545] {logging_mixin.py:188} WARNING - /home/sarita/Documents/apache-airflow-project/.venv/lib/python3.9/site-packages/airflow/serialization/serialized_objects.py:1563 DeprecationWarning: This module is deprecated. The `cncf.kubernetes` provider before version 7.4.0 uses this module - you should migrate to a newer version of `cncf.kubernetes` to get rid of this warning. If you import the module via `airflow.kubernetes` import, please use `cncf.kubernetes' provider 7.4.0+ and switch all your imports to use `apache.airflow.providers.cncf.kubernetes` to get rid of the warning.
[2023-12-27T09:37:52.151+0545] {logging_mixin.py:188} INFO - [2023-12-27T09:37:52.150+0545] {dag.py:3033} INFO - Sync 1 DAGs
[2023-12-27T09:37:52.159+0545] {logging_mixin.py:188} INFO - [2023-12-27T09:37:52.159+0545] {dag.py:3820} INFO - Setting next_dagrun for example_kubernetes_executor to None, run_after=None
[2023-12-27T09:37:52.177+0545] {processor.py:183} INFO - Processing /home/sarita/Documents/apache-airflow-project/.venv/lib/python3.9/site-packages/airflow/example_dags/example_kubernetes_executor.py took 0.241 seconds
[2023-12-27T09:38:47.295+0545] {processor.py:161} INFO - Started process (PID=7110) to work on /home/sarita/Documents/apache-airflow-project/.venv/lib/python3.9/site-packages/airflow/example_dags/example_kubernetes_executor.py
[2023-12-27T09:38:47.297+0545] {processor.py:830} INFO - Processing file /home/sarita/Documents/apache-airflow-project/.venv/lib/python3.9/site-packages/airflow/example_dags/example_kubernetes_executor.py for tasks to queue
[2023-12-27T09:38:47.298+0545] {logging_mixin.py:188} INFO - [2023-12-27T09:38:47.298+0545] {dagbag.py:538} INFO - Filling up the DagBag from /home/sarita/Documents/apache-airflow-project/.venv/lib/python3.9/site-packages/airflow/example_dags/example_kubernetes_executor.py
[2023-12-27T09:38:47.468+0545] {processor.py:840} INFO - DAG(s) 'example_kubernetes_executor' retrieved from /home/sarita/Documents/apache-airflow-project/.venv/lib/python3.9/site-packages/airflow/example_dags/example_kubernetes_executor.py
[2023-12-27T09:38:47.478+0545] {logging_mixin.py:188} WARNING - /home/sarita/Documents/apache-airflow-project/.venv/lib/python3.9/site-packages/airflow/serialization/serialized_objects.py:1563 DeprecationWarning: This module is deprecated. The `cncf.kubernetes` provider before version 7.4.0 uses this module - you should migrate to a newer version of `cncf.kubernetes` to get rid of this warning. If you import the module via `airflow.kubernetes` import, please use `cncf.kubernetes' provider 7.4.0+ and switch all your imports to use `apache.airflow.providers.cncf.kubernetes` to get rid of the warning.
[2023-12-27T09:38:47.486+0545] {logging_mixin.py:188} INFO - [2023-12-27T09:38:47.486+0545] {dag.py:3033} INFO - Sync 1 DAGs
[2023-12-27T09:38:47.494+0545] {logging_mixin.py:188} INFO - [2023-12-27T09:38:47.494+0545] {dag.py:3820} INFO - Setting next_dagrun for example_kubernetes_executor to None, run_after=None
[2023-12-27T09:38:47.522+0545] {processor.py:183} INFO - Processing /home/sarita/Documents/apache-airflow-project/.venv/lib/python3.9/site-packages/airflow/example_dags/example_kubernetes_executor.py took 0.230 seconds
[2023-12-27T09:39:41.651+0545] {processor.py:161} INFO - Started process (PID=7173) to work on /home/sarita/Documents/apache-airflow-project/.venv/lib/python3.9/site-packages/airflow/example_dags/example_kubernetes_executor.py
[2023-12-27T09:39:41.654+0545] {processor.py:830} INFO - Processing file /home/sarita/Documents/apache-airflow-project/.venv/lib/python3.9/site-packages/airflow/example_dags/example_kubernetes_executor.py for tasks to queue
[2023-12-27T09:39:41.656+0545] {logging_mixin.py:188} INFO - [2023-12-27T09:39:41.655+0545] {dagbag.py:538} INFO - Filling up the DagBag from /home/sarita/Documents/apache-airflow-project/.venv/lib/python3.9/site-packages/airflow/example_dags/example_kubernetes_executor.py
[2023-12-27T09:39:41.851+0545] {processor.py:840} INFO - DAG(s) 'example_kubernetes_executor' retrieved from /home/sarita/Documents/apache-airflow-project/.venv/lib/python3.9/site-packages/airflow/example_dags/example_kubernetes_executor.py
[2023-12-27T09:39:41.861+0545] {logging_mixin.py:188} WARNING - /home/sarita/Documents/apache-airflow-project/.venv/lib/python3.9/site-packages/airflow/serialization/serialized_objects.py:1563 DeprecationWarning: This module is deprecated. The `cncf.kubernetes` provider before version 7.4.0 uses this module - you should migrate to a newer version of `cncf.kubernetes` to get rid of this warning. If you import the module via `airflow.kubernetes` import, please use `cncf.kubernetes' provider 7.4.0+ and switch all your imports to use `apache.airflow.providers.cncf.kubernetes` to get rid of the warning.
[2023-12-27T09:39:41.869+0545] {logging_mixin.py:188} INFO - [2023-12-27T09:39:41.869+0545] {dag.py:3033} INFO - Sync 1 DAGs
[2023-12-27T09:39:41.877+0545] {logging_mixin.py:188} INFO - [2023-12-27T09:39:41.877+0545] {dag.py:3820} INFO - Setting next_dagrun for example_kubernetes_executor to None, run_after=None
[2023-12-27T09:39:41.897+0545] {processor.py:183} INFO - Processing /home/sarita/Documents/apache-airflow-project/.venv/lib/python3.9/site-packages/airflow/example_dags/example_kubernetes_executor.py took 0.249 seconds
[2023-12-27T09:40:37.532+0545] {processor.py:161} INFO - Started process (PID=7294) to work on /home/sarita/Documents/apache-airflow-project/.venv/lib/python3.9/site-packages/airflow/example_dags/example_kubernetes_executor.py
[2023-12-27T09:40:37.534+0545] {processor.py:830} INFO - Processing file /home/sarita/Documents/apache-airflow-project/.venv/lib/python3.9/site-packages/airflow/example_dags/example_kubernetes_executor.py for tasks to queue
[2023-12-27T09:40:37.534+0545] {logging_mixin.py:188} INFO - [2023-12-27T09:40:37.534+0545] {dagbag.py:538} INFO - Filling up the DagBag from /home/sarita/Documents/apache-airflow-project/.venv/lib/python3.9/site-packages/airflow/example_dags/example_kubernetes_executor.py
[2023-12-27T09:40:37.720+0545] {processor.py:840} INFO - DAG(s) 'example_kubernetes_executor' retrieved from /home/sarita/Documents/apache-airflow-project/.venv/lib/python3.9/site-packages/airflow/example_dags/example_kubernetes_executor.py
[2023-12-27T09:40:37.730+0545] {logging_mixin.py:188} WARNING - /home/sarita/Documents/apache-airflow-project/.venv/lib/python3.9/site-packages/airflow/serialization/serialized_objects.py:1563 DeprecationWarning: This module is deprecated. The `cncf.kubernetes` provider before version 7.4.0 uses this module - you should migrate to a newer version of `cncf.kubernetes` to get rid of this warning. If you import the module via `airflow.kubernetes` import, please use `cncf.kubernetes' provider 7.4.0+ and switch all your imports to use `apache.airflow.providers.cncf.kubernetes` to get rid of the warning.
[2023-12-27T09:40:37.739+0545] {logging_mixin.py:188} INFO - [2023-12-27T09:40:37.739+0545] {dag.py:3033} INFO - Sync 1 DAGs
[2023-12-27T09:40:37.748+0545] {logging_mixin.py:188} INFO - [2023-12-27T09:40:37.748+0545] {dag.py:3820} INFO - Setting next_dagrun for example_kubernetes_executor to None, run_after=None
[2023-12-27T09:40:37.769+0545] {processor.py:183} INFO - Processing /home/sarita/Documents/apache-airflow-project/.venv/lib/python3.9/site-packages/airflow/example_dags/example_kubernetes_executor.py took 0.241 seconds
[2023-12-27T09:41:31.457+0545] {processor.py:161} INFO - Started process (PID=7545) to work on /home/sarita/Documents/apache-airflow-project/.venv/lib/python3.9/site-packages/airflow/example_dags/example_kubernetes_executor.py
[2023-12-27T09:41:31.460+0545] {processor.py:830} INFO - Processing file /home/sarita/Documents/apache-airflow-project/.venv/lib/python3.9/site-packages/airflow/example_dags/example_kubernetes_executor.py for tasks to queue
[2023-12-27T09:41:31.460+0545] {logging_mixin.py:188} INFO - [2023-12-27T09:41:31.460+0545] {dagbag.py:538} INFO - Filling up the DagBag from /home/sarita/Documents/apache-airflow-project/.venv/lib/python3.9/site-packages/airflow/example_dags/example_kubernetes_executor.py
[2023-12-27T09:41:31.640+0545] {processor.py:840} INFO - DAG(s) 'example_kubernetes_executor' retrieved from /home/sarita/Documents/apache-airflow-project/.venv/lib/python3.9/site-packages/airflow/example_dags/example_kubernetes_executor.py
[2023-12-27T09:41:31.650+0545] {logging_mixin.py:188} WARNING - /home/sarita/Documents/apache-airflow-project/.venv/lib/python3.9/site-packages/airflow/serialization/serialized_objects.py:1563 DeprecationWarning: This module is deprecated. The `cncf.kubernetes` provider before version 7.4.0 uses this module - you should migrate to a newer version of `cncf.kubernetes` to get rid of this warning. If you import the module via `airflow.kubernetes` import, please use `cncf.kubernetes' provider 7.4.0+ and switch all your imports to use `apache.airflow.providers.cncf.kubernetes` to get rid of the warning.
[2023-12-27T09:41:31.658+0545] {logging_mixin.py:188} INFO - [2023-12-27T09:41:31.658+0545] {dag.py:3033} INFO - Sync 1 DAGs
[2023-12-27T09:41:31.666+0545] {logging_mixin.py:188} INFO - [2023-12-27T09:41:31.666+0545] {dag.py:3820} INFO - Setting next_dagrun for example_kubernetes_executor to None, run_after=None
[2023-12-27T09:41:31.685+0545] {processor.py:183} INFO - Processing /home/sarita/Documents/apache-airflow-project/.venv/lib/python3.9/site-packages/airflow/example_dags/example_kubernetes_executor.py took 0.231 seconds
[2023-12-27T09:42:29.636+0545] {processor.py:161} INFO - Started process (PID=7786) to work on /home/sarita/Documents/apache-airflow-project/.venv/lib/python3.9/site-packages/airflow/example_dags/example_kubernetes_executor.py
[2023-12-27T09:42:29.636+0545] {processor.py:830} INFO - Processing file /home/sarita/Documents/apache-airflow-project/.venv/lib/python3.9/site-packages/airflow/example_dags/example_kubernetes_executor.py for tasks to queue
[2023-12-27T09:42:29.637+0545] {logging_mixin.py:188} INFO - [2023-12-27T09:42:29.637+0545] {dagbag.py:538} INFO - Filling up the DagBag from /home/sarita/Documents/apache-airflow-project/.venv/lib/python3.9/site-packages/airflow/example_dags/example_kubernetes_executor.py
[2023-12-27T09:42:29.804+0545] {processor.py:840} INFO - DAG(s) 'example_kubernetes_executor' retrieved from /home/sarita/Documents/apache-airflow-project/.venv/lib/python3.9/site-packages/airflow/example_dags/example_kubernetes_executor.py
[2023-12-27T09:42:29.814+0545] {logging_mixin.py:188} WARNING - /home/sarita/Documents/apache-airflow-project/.venv/lib/python3.9/site-packages/airflow/serialization/serialized_objects.py:1563 DeprecationWarning: This module is deprecated. The `cncf.kubernetes` provider before version 7.4.0 uses this module - you should migrate to a newer version of `cncf.kubernetes` to get rid of this warning. If you import the module via `airflow.kubernetes` import, please use `cncf.kubernetes' provider 7.4.0+ and switch all your imports to use `apache.airflow.providers.cncf.kubernetes` to get rid of the warning.
[2023-12-27T09:42:29.821+0545] {logging_mixin.py:188} INFO - [2023-12-27T09:42:29.821+0545] {dag.py:3033} INFO - Sync 1 DAGs
[2023-12-27T09:42:29.830+0545] {logging_mixin.py:188} INFO - [2023-12-27T09:42:29.829+0545] {dag.py:3820} INFO - Setting next_dagrun for example_kubernetes_executor to None, run_after=None
[2023-12-27T09:42:29.848+0545] {processor.py:183} INFO - Processing /home/sarita/Documents/apache-airflow-project/.venv/lib/python3.9/site-packages/airflow/example_dags/example_kubernetes_executor.py took 0.214 seconds
[2023-12-27T09:43:19.341+0545] {processor.py:161} INFO - Started process (PID=7869) to work on /home/sarita/Documents/apache-airflow-project/.venv/lib/python3.9/site-packages/airflow/example_dags/example_kubernetes_executor.py
[2023-12-27T09:43:19.343+0545] {processor.py:830} INFO - Processing file /home/sarita/Documents/apache-airflow-project/.venv/lib/python3.9/site-packages/airflow/example_dags/example_kubernetes_executor.py for tasks to queue
[2023-12-27T09:43:19.345+0545] {logging_mixin.py:188} INFO - [2023-12-27T09:43:19.344+0545] {dagbag.py:538} INFO - Filling up the DagBag from /home/sarita/Documents/apache-airflow-project/.venv/lib/python3.9/site-packages/airflow/example_dags/example_kubernetes_executor.py
[2023-12-27T09:43:19.518+0545] {processor.py:840} INFO - DAG(s) 'example_kubernetes_executor' retrieved from /home/sarita/Documents/apache-airflow-project/.venv/lib/python3.9/site-packages/airflow/example_dags/example_kubernetes_executor.py
[2023-12-27T09:43:19.529+0545] {logging_mixin.py:188} WARNING - /home/sarita/Documents/apache-airflow-project/.venv/lib/python3.9/site-packages/airflow/serialization/serialized_objects.py:1563 DeprecationWarning: This module is deprecated. The `cncf.kubernetes` provider before version 7.4.0 uses this module - you should migrate to a newer version of `cncf.kubernetes` to get rid of this warning. If you import the module via `airflow.kubernetes` import, please use `cncf.kubernetes' provider 7.4.0+ and switch all your imports to use `apache.airflow.providers.cncf.kubernetes` to get rid of the warning.
[2023-12-27T09:43:19.536+0545] {logging_mixin.py:188} INFO - [2023-12-27T09:43:19.536+0545] {dag.py:3033} INFO - Sync 1 DAGs
[2023-12-27T09:43:19.545+0545] {logging_mixin.py:188} INFO - [2023-12-27T09:43:19.544+0545] {dag.py:3820} INFO - Setting next_dagrun for example_kubernetes_executor to None, run_after=None
[2023-12-27T09:43:19.564+0545] {processor.py:183} INFO - Processing /home/sarita/Documents/apache-airflow-project/.venv/lib/python3.9/site-packages/airflow/example_dags/example_kubernetes_executor.py took 0.227 seconds
[2023-12-27T09:44:17.476+0545] {processor.py:161} INFO - Started process (PID=7942) to work on /home/sarita/Documents/apache-airflow-project/.venv/lib/python3.9/site-packages/airflow/example_dags/example_kubernetes_executor.py
[2023-12-27T09:44:17.478+0545] {processor.py:830} INFO - Processing file /home/sarita/Documents/apache-airflow-project/.venv/lib/python3.9/site-packages/airflow/example_dags/example_kubernetes_executor.py for tasks to queue
[2023-12-27T09:44:17.481+0545] {logging_mixin.py:188} INFO - [2023-12-27T09:44:17.480+0545] {dagbag.py:538} INFO - Filling up the DagBag from /home/sarita/Documents/apache-airflow-project/.venv/lib/python3.9/site-packages/airflow/example_dags/example_kubernetes_executor.py
[2023-12-27T09:44:17.665+0545] {processor.py:840} INFO - DAG(s) 'example_kubernetes_executor' retrieved from /home/sarita/Documents/apache-airflow-project/.venv/lib/python3.9/site-packages/airflow/example_dags/example_kubernetes_executor.py
[2023-12-27T09:44:17.675+0545] {logging_mixin.py:188} WARNING - /home/sarita/Documents/apache-airflow-project/.venv/lib/python3.9/site-packages/airflow/serialization/serialized_objects.py:1563 DeprecationWarning: This module is deprecated. The `cncf.kubernetes` provider before version 7.4.0 uses this module - you should migrate to a newer version of `cncf.kubernetes` to get rid of this warning. If you import the module via `airflow.kubernetes` import, please use `cncf.kubernetes' provider 7.4.0+ and switch all your imports to use `apache.airflow.providers.cncf.kubernetes` to get rid of the warning.
[2023-12-27T09:44:17.682+0545] {logging_mixin.py:188} INFO - [2023-12-27T09:44:17.682+0545] {dag.py:3033} INFO - Sync 1 DAGs
[2023-12-27T09:44:17.691+0545] {logging_mixin.py:188} INFO - [2023-12-27T09:44:17.691+0545] {dag.py:3820} INFO - Setting next_dagrun for example_kubernetes_executor to None, run_after=None
[2023-12-27T09:44:17.719+0545] {processor.py:183} INFO - Processing /home/sarita/Documents/apache-airflow-project/.venv/lib/python3.9/site-packages/airflow/example_dags/example_kubernetes_executor.py took 0.246 seconds
[2023-12-27T09:45:10.465+0545] {processor.py:161} INFO - Started process (PID=8015) to work on /home/sarita/Documents/apache-airflow-project/.venv/lib/python3.9/site-packages/airflow/example_dags/example_kubernetes_executor.py
[2023-12-27T09:45:10.467+0545] {processor.py:830} INFO - Processing file /home/sarita/Documents/apache-airflow-project/.venv/lib/python3.9/site-packages/airflow/example_dags/example_kubernetes_executor.py for tasks to queue
[2023-12-27T09:45:10.468+0545] {logging_mixin.py:188} INFO - [2023-12-27T09:45:10.468+0545] {dagbag.py:538} INFO - Filling up the DagBag from /home/sarita/Documents/apache-airflow-project/.venv/lib/python3.9/site-packages/airflow/example_dags/example_kubernetes_executor.py
[2023-12-27T09:45:10.648+0545] {processor.py:840} INFO - DAG(s) 'example_kubernetes_executor' retrieved from /home/sarita/Documents/apache-airflow-project/.venv/lib/python3.9/site-packages/airflow/example_dags/example_kubernetes_executor.py
[2023-12-27T09:45:10.658+0545] {logging_mixin.py:188} WARNING - /home/sarita/Documents/apache-airflow-project/.venv/lib/python3.9/site-packages/airflow/serialization/serialized_objects.py:1563 DeprecationWarning: This module is deprecated. The `cncf.kubernetes` provider before version 7.4.0 uses this module - you should migrate to a newer version of `cncf.kubernetes` to get rid of this warning. If you import the module via `airflow.kubernetes` import, please use `cncf.kubernetes' provider 7.4.0+ and switch all your imports to use `apache.airflow.providers.cncf.kubernetes` to get rid of the warning.
[2023-12-27T09:45:10.667+0545] {logging_mixin.py:188} INFO - [2023-12-27T09:45:10.666+0545] {dag.py:3033} INFO - Sync 1 DAGs
[2023-12-27T09:45:10.676+0545] {logging_mixin.py:188} INFO - [2023-12-27T09:45:10.676+0545] {dag.py:3820} INFO - Setting next_dagrun for example_kubernetes_executor to None, run_after=None
[2023-12-27T09:45:10.709+0545] {processor.py:183} INFO - Processing /home/sarita/Documents/apache-airflow-project/.venv/lib/python3.9/site-packages/airflow/example_dags/example_kubernetes_executor.py took 0.247 seconds
[2023-12-27T09:46:05.573+0545] {processor.py:161} INFO - Started process (PID=8478) to work on /home/sarita/Documents/apache-airflow-project/.venv/lib/python3.9/site-packages/airflow/example_dags/example_kubernetes_executor.py
[2023-12-27T09:46:05.584+0545] {processor.py:830} INFO - Processing file /home/sarita/Documents/apache-airflow-project/.venv/lib/python3.9/site-packages/airflow/example_dags/example_kubernetes_executor.py for tasks to queue
[2023-12-27T09:46:05.587+0545] {logging_mixin.py:188} INFO - [2023-12-27T09:46:05.586+0545] {dagbag.py:538} INFO - Filling up the DagBag from /home/sarita/Documents/apache-airflow-project/.venv/lib/python3.9/site-packages/airflow/example_dags/example_kubernetes_executor.py
[2023-12-27T09:46:05.775+0545] {processor.py:840} INFO - DAG(s) 'example_kubernetes_executor' retrieved from /home/sarita/Documents/apache-airflow-project/.venv/lib/python3.9/site-packages/airflow/example_dags/example_kubernetes_executor.py
[2023-12-27T09:46:05.785+0545] {logging_mixin.py:188} WARNING - /home/sarita/Documents/apache-airflow-project/.venv/lib/python3.9/site-packages/airflow/serialization/serialized_objects.py:1563 DeprecationWarning: This module is deprecated. The `cncf.kubernetes` provider before version 7.4.0 uses this module - you should migrate to a newer version of `cncf.kubernetes` to get rid of this warning. If you import the module via `airflow.kubernetes` import, please use `cncf.kubernetes' provider 7.4.0+ and switch all your imports to use `apache.airflow.providers.cncf.kubernetes` to get rid of the warning.
[2023-12-27T09:46:05.792+0545] {logging_mixin.py:188} INFO - [2023-12-27T09:46:05.792+0545] {dag.py:3033} INFO - Sync 1 DAGs
[2023-12-27T09:46:05.800+0545] {logging_mixin.py:188} INFO - [2023-12-27T09:46:05.800+0545] {dag.py:3820} INFO - Setting next_dagrun for example_kubernetes_executor to None, run_after=None
[2023-12-27T09:46:05.818+0545] {processor.py:183} INFO - Processing /home/sarita/Documents/apache-airflow-project/.venv/lib/python3.9/site-packages/airflow/example_dags/example_kubernetes_executor.py took 0.253 seconds
[2023-12-27T09:47:00.055+0545] {processor.py:161} INFO - Started process (PID=8533) to work on /home/sarita/Documents/apache-airflow-project/.venv/lib/python3.9/site-packages/airflow/example_dags/example_kubernetes_executor.py
[2023-12-27T09:47:00.058+0545] {processor.py:830} INFO - Processing file /home/sarita/Documents/apache-airflow-project/.venv/lib/python3.9/site-packages/airflow/example_dags/example_kubernetes_executor.py for tasks to queue
[2023-12-27T09:47:00.060+0545] {logging_mixin.py:188} INFO - [2023-12-27T09:47:00.059+0545] {dagbag.py:538} INFO - Filling up the DagBag from /home/sarita/Documents/apache-airflow-project/.venv/lib/python3.9/site-packages/airflow/example_dags/example_kubernetes_executor.py
[2023-12-27T09:47:00.247+0545] {processor.py:840} INFO - DAG(s) 'example_kubernetes_executor' retrieved from /home/sarita/Documents/apache-airflow-project/.venv/lib/python3.9/site-packages/airflow/example_dags/example_kubernetes_executor.py
[2023-12-27T09:47:00.257+0545] {logging_mixin.py:188} WARNING - /home/sarita/Documents/apache-airflow-project/.venv/lib/python3.9/site-packages/airflow/serialization/serialized_objects.py:1563 DeprecationWarning: This module is deprecated. The `cncf.kubernetes` provider before version 7.4.0 uses this module - you should migrate to a newer version of `cncf.kubernetes` to get rid of this warning. If you import the module via `airflow.kubernetes` import, please use `cncf.kubernetes' provider 7.4.0+ and switch all your imports to use `apache.airflow.providers.cncf.kubernetes` to get rid of the warning.
[2023-12-27T09:47:00.264+0545] {logging_mixin.py:188} INFO - [2023-12-27T09:47:00.264+0545] {dag.py:3033} INFO - Sync 1 DAGs
[2023-12-27T09:47:00.274+0545] {logging_mixin.py:188} INFO - [2023-12-27T09:47:00.273+0545] {dag.py:3820} INFO - Setting next_dagrun for example_kubernetes_executor to None, run_after=None
[2023-12-27T09:47:00.303+0545] {processor.py:183} INFO - Processing /home/sarita/Documents/apache-airflow-project/.venv/lib/python3.9/site-packages/airflow/example_dags/example_kubernetes_executor.py took 0.254 seconds
[2023-12-27T09:47:59.460+0545] {processor.py:161} INFO - Started process (PID=8616) to work on /home/sarita/Documents/apache-airflow-project/.venv/lib/python3.9/site-packages/airflow/example_dags/example_kubernetes_executor.py
[2023-12-27T09:47:59.463+0545] {processor.py:830} INFO - Processing file /home/sarita/Documents/apache-airflow-project/.venv/lib/python3.9/site-packages/airflow/example_dags/example_kubernetes_executor.py for tasks to queue
[2023-12-27T09:47:59.464+0545] {logging_mixin.py:188} INFO - [2023-12-27T09:47:59.463+0545] {dagbag.py:538} INFO - Filling up the DagBag from /home/sarita/Documents/apache-airflow-project/.venv/lib/python3.9/site-packages/airflow/example_dags/example_kubernetes_executor.py
[2023-12-27T09:47:59.643+0545] {processor.py:840} INFO - DAG(s) 'example_kubernetes_executor' retrieved from /home/sarita/Documents/apache-airflow-project/.venv/lib/python3.9/site-packages/airflow/example_dags/example_kubernetes_executor.py
[2023-12-27T09:47:59.654+0545] {logging_mixin.py:188} WARNING - /home/sarita/Documents/apache-airflow-project/.venv/lib/python3.9/site-packages/airflow/serialization/serialized_objects.py:1563 DeprecationWarning: This module is deprecated. The `cncf.kubernetes` provider before version 7.4.0 uses this module - you should migrate to a newer version of `cncf.kubernetes` to get rid of this warning. If you import the module via `airflow.kubernetes` import, please use `cncf.kubernetes' provider 7.4.0+ and switch all your imports to use `apache.airflow.providers.cncf.kubernetes` to get rid of the warning.
[2023-12-27T09:47:59.663+0545] {logging_mixin.py:188} INFO - [2023-12-27T09:47:59.663+0545] {dag.py:3033} INFO - Sync 1 DAGs
[2023-12-27T09:47:59.671+0545] {logging_mixin.py:188} INFO - [2023-12-27T09:47:59.671+0545] {dag.py:3820} INFO - Setting next_dagrun for example_kubernetes_executor to None, run_after=None
[2023-12-27T09:47:59.691+0545] {processor.py:183} INFO - Processing /home/sarita/Documents/apache-airflow-project/.venv/lib/python3.9/site-packages/airflow/example_dags/example_kubernetes_executor.py took 0.233 seconds
[2023-12-27T09:48:56.073+0545] {processor.py:161} INFO - Started process (PID=8678) to work on /home/sarita/Documents/apache-airflow-project/.venv/lib/python3.9/site-packages/airflow/example_dags/example_kubernetes_executor.py
[2023-12-27T09:48:56.076+0545] {processor.py:830} INFO - Processing file /home/sarita/Documents/apache-airflow-project/.venv/lib/python3.9/site-packages/airflow/example_dags/example_kubernetes_executor.py for tasks to queue
[2023-12-27T09:48:56.077+0545] {logging_mixin.py:188} INFO - [2023-12-27T09:48:56.077+0545] {dagbag.py:538} INFO - Filling up the DagBag from /home/sarita/Documents/apache-airflow-project/.venv/lib/python3.9/site-packages/airflow/example_dags/example_kubernetes_executor.py
[2023-12-27T09:48:56.256+0545] {processor.py:840} INFO - DAG(s) 'example_kubernetes_executor' retrieved from /home/sarita/Documents/apache-airflow-project/.venv/lib/python3.9/site-packages/airflow/example_dags/example_kubernetes_executor.py
[2023-12-27T09:48:56.267+0545] {logging_mixin.py:188} WARNING - /home/sarita/Documents/apache-airflow-project/.venv/lib/python3.9/site-packages/airflow/serialization/serialized_objects.py:1563 DeprecationWarning: This module is deprecated. The `cncf.kubernetes` provider before version 7.4.0 uses this module - you should migrate to a newer version of `cncf.kubernetes` to get rid of this warning. If you import the module via `airflow.kubernetes` import, please use `cncf.kubernetes' provider 7.4.0+ and switch all your imports to use `apache.airflow.providers.cncf.kubernetes` to get rid of the warning.
[2023-12-27T09:48:56.274+0545] {logging_mixin.py:188} INFO - [2023-12-27T09:48:56.274+0545] {dag.py:3033} INFO - Sync 1 DAGs
[2023-12-27T09:48:56.283+0545] {logging_mixin.py:188} INFO - [2023-12-27T09:48:56.282+0545] {dag.py:3820} INFO - Setting next_dagrun for example_kubernetes_executor to None, run_after=None
[2023-12-27T09:48:56.300+0545] {processor.py:183} INFO - Processing /home/sarita/Documents/apache-airflow-project/.venv/lib/python3.9/site-packages/airflow/example_dags/example_kubernetes_executor.py took 0.233 seconds
[2023-12-27T09:49:51.149+0545] {processor.py:161} INFO - Started process (PID=8737) to work on /home/sarita/Documents/apache-airflow-project/.venv/lib/python3.9/site-packages/airflow/example_dags/example_kubernetes_executor.py
[2023-12-27T09:49:51.151+0545] {processor.py:830} INFO - Processing file /home/sarita/Documents/apache-airflow-project/.venv/lib/python3.9/site-packages/airflow/example_dags/example_kubernetes_executor.py for tasks to queue
[2023-12-27T09:49:51.152+0545] {logging_mixin.py:188} INFO - [2023-12-27T09:49:51.151+0545] {dagbag.py:538} INFO - Filling up the DagBag from /home/sarita/Documents/apache-airflow-project/.venv/lib/python3.9/site-packages/airflow/example_dags/example_kubernetes_executor.py
[2023-12-27T09:49:51.325+0545] {processor.py:840} INFO - DAG(s) 'example_kubernetes_executor' retrieved from /home/sarita/Documents/apache-airflow-project/.venv/lib/python3.9/site-packages/airflow/example_dags/example_kubernetes_executor.py
[2023-12-27T09:49:51.334+0545] {logging_mixin.py:188} WARNING - /home/sarita/Documents/apache-airflow-project/.venv/lib/python3.9/site-packages/airflow/serialization/serialized_objects.py:1563 DeprecationWarning: This module is deprecated. The `cncf.kubernetes` provider before version 7.4.0 uses this module - you should migrate to a newer version of `cncf.kubernetes` to get rid of this warning. If you import the module via `airflow.kubernetes` import, please use `cncf.kubernetes' provider 7.4.0+ and switch all your imports to use `apache.airflow.providers.cncf.kubernetes` to get rid of the warning.
[2023-12-27T09:49:51.342+0545] {logging_mixin.py:188} INFO - [2023-12-27T09:49:51.341+0545] {dag.py:3033} INFO - Sync 1 DAGs
[2023-12-27T09:49:51.351+0545] {logging_mixin.py:188} INFO - [2023-12-27T09:49:51.351+0545] {dag.py:3820} INFO - Setting next_dagrun for example_kubernetes_executor to None, run_after=None
[2023-12-27T09:49:51.378+0545] {processor.py:183} INFO - Processing /home/sarita/Documents/apache-airflow-project/.venv/lib/python3.9/site-packages/airflow/example_dags/example_kubernetes_executor.py took 0.231 seconds
[2023-12-27T09:50:50.463+0545] {processor.py:161} INFO - Started process (PID=8837) to work on /home/sarita/Documents/apache-airflow-project/.venv/lib/python3.9/site-packages/airflow/example_dags/example_kubernetes_executor.py
[2023-12-27T09:50:50.465+0545] {processor.py:830} INFO - Processing file /home/sarita/Documents/apache-airflow-project/.venv/lib/python3.9/site-packages/airflow/example_dags/example_kubernetes_executor.py for tasks to queue
[2023-12-27T09:50:50.467+0545] {logging_mixin.py:188} INFO - [2023-12-27T09:50:50.466+0545] {dagbag.py:538} INFO - Filling up the DagBag from /home/sarita/Documents/apache-airflow-project/.venv/lib/python3.9/site-packages/airflow/example_dags/example_kubernetes_executor.py
[2023-12-27T09:50:50.643+0545] {processor.py:840} INFO - DAG(s) 'example_kubernetes_executor' retrieved from /home/sarita/Documents/apache-airflow-project/.venv/lib/python3.9/site-packages/airflow/example_dags/example_kubernetes_executor.py
[2023-12-27T09:50:50.653+0545] {logging_mixin.py:188} WARNING - /home/sarita/Documents/apache-airflow-project/.venv/lib/python3.9/site-packages/airflow/serialization/serialized_objects.py:1563 DeprecationWarning: This module is deprecated. The `cncf.kubernetes` provider before version 7.4.0 uses this module - you should migrate to a newer version of `cncf.kubernetes` to get rid of this warning. If you import the module via `airflow.kubernetes` import, please use `cncf.kubernetes' provider 7.4.0+ and switch all your imports to use `apache.airflow.providers.cncf.kubernetes` to get rid of the warning.
[2023-12-27T09:50:50.660+0545] {logging_mixin.py:188} INFO - [2023-12-27T09:50:50.660+0545] {dag.py:3033} INFO - Sync 1 DAGs
[2023-12-27T09:50:50.670+0545] {logging_mixin.py:188} INFO - [2023-12-27T09:50:50.670+0545] {dag.py:3820} INFO - Setting next_dagrun for example_kubernetes_executor to None, run_after=None
[2023-12-27T09:50:50.688+0545] {processor.py:183} INFO - Processing /home/sarita/Documents/apache-airflow-project/.venv/lib/python3.9/site-packages/airflow/example_dags/example_kubernetes_executor.py took 0.229 seconds
[2023-12-27T09:51:48.745+0545] {processor.py:161} INFO - Started process (PID=8910) to work on /home/sarita/Documents/apache-airflow-project/.venv/lib/python3.9/site-packages/airflow/example_dags/example_kubernetes_executor.py
[2023-12-27T09:51:48.748+0545] {processor.py:830} INFO - Processing file /home/sarita/Documents/apache-airflow-project/.venv/lib/python3.9/site-packages/airflow/example_dags/example_kubernetes_executor.py for tasks to queue
[2023-12-27T09:51:48.749+0545] {logging_mixin.py:188} INFO - [2023-12-27T09:51:48.748+0545] {dagbag.py:538} INFO - Filling up the DagBag from /home/sarita/Documents/apache-airflow-project/.venv/lib/python3.9/site-packages/airflow/example_dags/example_kubernetes_executor.py
[2023-12-27T09:51:48.924+0545] {processor.py:840} INFO - DAG(s) 'example_kubernetes_executor' retrieved from /home/sarita/Documents/apache-airflow-project/.venv/lib/python3.9/site-packages/airflow/example_dags/example_kubernetes_executor.py
[2023-12-27T09:51:48.934+0545] {logging_mixin.py:188} WARNING - /home/sarita/Documents/apache-airflow-project/.venv/lib/python3.9/site-packages/airflow/serialization/serialized_objects.py:1563 DeprecationWarning: This module is deprecated. The `cncf.kubernetes` provider before version 7.4.0 uses this module - you should migrate to a newer version of `cncf.kubernetes` to get rid of this warning. If you import the module via `airflow.kubernetes` import, please use `cncf.kubernetes' provider 7.4.0+ and switch all your imports to use `apache.airflow.providers.cncf.kubernetes` to get rid of the warning.
[2023-12-27T09:51:48.942+0545] {logging_mixin.py:188} INFO - [2023-12-27T09:51:48.942+0545] {dag.py:3033} INFO - Sync 1 DAGs
[2023-12-27T09:51:48.951+0545] {logging_mixin.py:188} INFO - [2023-12-27T09:51:48.951+0545] {dag.py:3820} INFO - Setting next_dagrun for example_kubernetes_executor to None, run_after=None
[2023-12-27T09:51:48.980+0545] {processor.py:183} INFO - Processing /home/sarita/Documents/apache-airflow-project/.venv/lib/python3.9/site-packages/airflow/example_dags/example_kubernetes_executor.py took 0.238 seconds
[2023-12-27T12:17:57.701+0545] {processor.py:161} INFO - Started process (PID=13586) to work on /home/sarita/Documents/apache-airflow-project/.venv/lib/python3.9/site-packages/airflow/example_dags/example_kubernetes_executor.py
[2023-12-27T12:17:57.703+0545] {processor.py:830} INFO - Processing file /home/sarita/Documents/apache-airflow-project/.venv/lib/python3.9/site-packages/airflow/example_dags/example_kubernetes_executor.py for tasks to queue
[2023-12-27T12:17:57.704+0545] {logging_mixin.py:188} INFO - [2023-12-27T12:17:57.704+0545] {dagbag.py:538} INFO - Filling up the DagBag from /home/sarita/Documents/apache-airflow-project/.venv/lib/python3.9/site-packages/airflow/example_dags/example_kubernetes_executor.py
[2023-12-27T12:17:57.876+0545] {processor.py:840} INFO - DAG(s) 'example_kubernetes_executor' retrieved from /home/sarita/Documents/apache-airflow-project/.venv/lib/python3.9/site-packages/airflow/example_dags/example_kubernetes_executor.py
[2023-12-27T12:17:57.886+0545] {logging_mixin.py:188} WARNING - /home/sarita/Documents/apache-airflow-project/.venv/lib/python3.9/site-packages/airflow/serialization/serialized_objects.py:1563 DeprecationWarning: This module is deprecated. The `cncf.kubernetes` provider before version 7.4.0 uses this module - you should migrate to a newer version of `cncf.kubernetes` to get rid of this warning. If you import the module via `airflow.kubernetes` import, please use `cncf.kubernetes' provider 7.4.0+ and switch all your imports to use `apache.airflow.providers.cncf.kubernetes` to get rid of the warning.
[2023-12-27T12:17:57.894+0545] {logging_mixin.py:188} INFO - [2023-12-27T12:17:57.894+0545] {dag.py:3033} INFO - Sync 1 DAGs
[2023-12-27T12:17:57.902+0545] {logging_mixin.py:188} INFO - [2023-12-27T12:17:57.902+0545] {dag.py:3820} INFO - Setting next_dagrun for example_kubernetes_executor to None, run_after=None
[2023-12-27T12:17:57.927+0545] {processor.py:183} INFO - Processing /home/sarita/Documents/apache-airflow-project/.venv/lib/python3.9/site-packages/airflow/example_dags/example_kubernetes_executor.py took 0.228 seconds
[2023-12-27T12:39:45.066+0545] {processor.py:161} INFO - Started process (PID=15447) to work on /home/sarita/Documents/apache-airflow-project/.venv/lib/python3.9/site-packages/airflow/example_dags/example_kubernetes_executor.py
[2023-12-27T12:39:45.067+0545] {processor.py:830} INFO - Processing file /home/sarita/Documents/apache-airflow-project/.venv/lib/python3.9/site-packages/airflow/example_dags/example_kubernetes_executor.py for tasks to queue
[2023-12-27T12:39:45.068+0545] {logging_mixin.py:188} INFO - [2023-12-27T12:39:45.068+0545] {dagbag.py:538} INFO - Filling up the DagBag from /home/sarita/Documents/apache-airflow-project/.venv/lib/python3.9/site-packages/airflow/example_dags/example_kubernetes_executor.py
[2023-12-27T12:39:45.242+0545] {processor.py:840} INFO - DAG(s) 'example_kubernetes_executor' retrieved from /home/sarita/Documents/apache-airflow-project/.venv/lib/python3.9/site-packages/airflow/example_dags/example_kubernetes_executor.py
[2023-12-27T12:39:45.252+0545] {logging_mixin.py:188} WARNING - /home/sarita/Documents/apache-airflow-project/.venv/lib/python3.9/site-packages/airflow/serialization/serialized_objects.py:1563 DeprecationWarning: This module is deprecated. The `cncf.kubernetes` provider before version 7.4.0 uses this module - you should migrate to a newer version of `cncf.kubernetes` to get rid of this warning. If you import the module via `airflow.kubernetes` import, please use `cncf.kubernetes' provider 7.4.0+ and switch all your imports to use `apache.airflow.providers.cncf.kubernetes` to get rid of the warning.
[2023-12-27T12:39:45.260+0545] {logging_mixin.py:188} INFO - [2023-12-27T12:39:45.260+0545] {dag.py:3033} INFO - Sync 1 DAGs
[2023-12-27T12:39:45.268+0545] {logging_mixin.py:188} INFO - [2023-12-27T12:39:45.268+0545] {dag.py:3820} INFO - Setting next_dagrun for example_kubernetes_executor to None, run_after=None
[2023-12-27T12:39:45.287+0545] {processor.py:183} INFO - Processing /home/sarita/Documents/apache-airflow-project/.venv/lib/python3.9/site-packages/airflow/example_dags/example_kubernetes_executor.py took 0.223 seconds
[2023-12-27T12:47:26.723+0545] {processor.py:161} INFO - Started process (PID=17202) to work on /home/sarita/Documents/apache-airflow-project/.venv/lib/python3.9/site-packages/airflow/example_dags/example_kubernetes_executor.py
[2023-12-27T12:47:26.727+0545] {processor.py:830} INFO - Processing file /home/sarita/Documents/apache-airflow-project/.venv/lib/python3.9/site-packages/airflow/example_dags/example_kubernetes_executor.py for tasks to queue
[2023-12-27T12:47:26.730+0545] {logging_mixin.py:188} INFO - [2023-12-27T12:47:26.728+0545] {dagbag.py:538} INFO - Filling up the DagBag from /home/sarita/Documents/apache-airflow-project/.venv/lib/python3.9/site-packages/airflow/example_dags/example_kubernetes_executor.py
[2023-12-27T12:47:26.911+0545] {processor.py:840} INFO - DAG(s) 'example_kubernetes_executor' retrieved from /home/sarita/Documents/apache-airflow-project/.venv/lib/python3.9/site-packages/airflow/example_dags/example_kubernetes_executor.py
[2023-12-27T12:47:26.921+0545] {logging_mixin.py:188} WARNING - /home/sarita/Documents/apache-airflow-project/.venv/lib/python3.9/site-packages/airflow/serialization/serialized_objects.py:1563 DeprecationWarning: This module is deprecated. The `cncf.kubernetes` provider before version 7.4.0 uses this module - you should migrate to a newer version of `cncf.kubernetes` to get rid of this warning. If you import the module via `airflow.kubernetes` import, please use `cncf.kubernetes' provider 7.4.0+ and switch all your imports to use `apache.airflow.providers.cncf.kubernetes` to get rid of the warning.
[2023-12-27T12:47:26.930+0545] {logging_mixin.py:188} INFO - [2023-12-27T12:47:26.930+0545] {dag.py:3033} INFO - Sync 1 DAGs
[2023-12-27T12:47:26.938+0545] {logging_mixin.py:188} INFO - [2023-12-27T12:47:26.938+0545] {dag.py:3820} INFO - Setting next_dagrun for example_kubernetes_executor to None, run_after=None
[2023-12-27T12:47:26.957+0545] {processor.py:183} INFO - Processing /home/sarita/Documents/apache-airflow-project/.venv/lib/python3.9/site-packages/airflow/example_dags/example_kubernetes_executor.py took 0.243 seconds
[2023-12-27T12:52:44.380+0545] {processor.py:161} INFO - Started process (PID=17633) to work on /home/sarita/Documents/apache-airflow-project/.venv/lib/python3.9/site-packages/airflow/example_dags/example_kubernetes_executor.py
[2023-12-27T12:52:44.383+0545] {processor.py:830} INFO - Processing file /home/sarita/Documents/apache-airflow-project/.venv/lib/python3.9/site-packages/airflow/example_dags/example_kubernetes_executor.py for tasks to queue
[2023-12-27T12:52:44.386+0545] {logging_mixin.py:188} INFO - [2023-12-27T12:52:44.385+0545] {dagbag.py:538} INFO - Filling up the DagBag from /home/sarita/Documents/apache-airflow-project/.venv/lib/python3.9/site-packages/airflow/example_dags/example_kubernetes_executor.py
[2023-12-27T12:52:44.560+0545] {processor.py:840} INFO - DAG(s) 'example_kubernetes_executor' retrieved from /home/sarita/Documents/apache-airflow-project/.venv/lib/python3.9/site-packages/airflow/example_dags/example_kubernetes_executor.py
[2023-12-27T12:52:44.569+0545] {logging_mixin.py:188} WARNING - /home/sarita/Documents/apache-airflow-project/.venv/lib/python3.9/site-packages/airflow/serialization/serialized_objects.py:1563 DeprecationWarning: This module is deprecated. The `cncf.kubernetes` provider before version 7.4.0 uses this module - you should migrate to a newer version of `cncf.kubernetes` to get rid of this warning. If you import the module via `airflow.kubernetes` import, please use `cncf.kubernetes' provider 7.4.0+ and switch all your imports to use `apache.airflow.providers.cncf.kubernetes` to get rid of the warning.
[2023-12-27T12:52:44.578+0545] {logging_mixin.py:188} INFO - [2023-12-27T12:52:44.577+0545] {dag.py:3033} INFO - Sync 1 DAGs
[2023-12-27T12:52:44.586+0545] {logging_mixin.py:188} INFO - [2023-12-27T12:52:44.586+0545] {dag.py:3820} INFO - Setting next_dagrun for example_kubernetes_executor to None, run_after=None
[2023-12-27T12:52:44.604+0545] {processor.py:183} INFO - Processing /home/sarita/Documents/apache-airflow-project/.venv/lib/python3.9/site-packages/airflow/example_dags/example_kubernetes_executor.py took 0.232 seconds
[2023-12-27T12:53:34.835+0545] {processor.py:161} INFO - Started process (PID=17761) to work on /home/sarita/Documents/apache-airflow-project/.venv/lib/python3.9/site-packages/airflow/example_dags/example_kubernetes_executor.py
[2023-12-27T12:53:34.837+0545] {processor.py:830} INFO - Processing file /home/sarita/Documents/apache-airflow-project/.venv/lib/python3.9/site-packages/airflow/example_dags/example_kubernetes_executor.py for tasks to queue
[2023-12-27T12:53:34.838+0545] {logging_mixin.py:188} INFO - [2023-12-27T12:53:34.837+0545] {dagbag.py:538} INFO - Filling up the DagBag from /home/sarita/Documents/apache-airflow-project/.venv/lib/python3.9/site-packages/airflow/example_dags/example_kubernetes_executor.py
[2023-12-27T12:53:35.005+0545] {processor.py:840} INFO - DAG(s) 'example_kubernetes_executor' retrieved from /home/sarita/Documents/apache-airflow-project/.venv/lib/python3.9/site-packages/airflow/example_dags/example_kubernetes_executor.py
[2023-12-27T12:53:35.014+0545] {logging_mixin.py:188} WARNING - /home/sarita/Documents/apache-airflow-project/.venv/lib/python3.9/site-packages/airflow/serialization/serialized_objects.py:1563 DeprecationWarning: This module is deprecated. The `cncf.kubernetes` provider before version 7.4.0 uses this module - you should migrate to a newer version of `cncf.kubernetes` to get rid of this warning. If you import the module via `airflow.kubernetes` import, please use `cncf.kubernetes' provider 7.4.0+ and switch all your imports to use `apache.airflow.providers.cncf.kubernetes` to get rid of the warning.
[2023-12-27T12:53:35.023+0545] {logging_mixin.py:188} INFO - [2023-12-27T12:53:35.023+0545] {dag.py:3033} INFO - Sync 1 DAGs
[2023-12-27T12:53:35.031+0545] {logging_mixin.py:188} INFO - [2023-12-27T12:53:35.031+0545] {dag.py:3820} INFO - Setting next_dagrun for example_kubernetes_executor to None, run_after=None
[2023-12-27T12:53:35.049+0545] {processor.py:183} INFO - Processing /home/sarita/Documents/apache-airflow-project/.venv/lib/python3.9/site-packages/airflow/example_dags/example_kubernetes_executor.py took 0.217 seconds
