[2023-12-27T09:36:45.808+0545] {processor.py:161} INFO - Started process (PID=6906) to work on /home/sarita/Documents/apache-airflow-project/.venv/lib/python3.9/site-packages/airflow/example_dags/example_params_trigger_ui.py
[2023-12-27T09:36:45.809+0545] {processor.py:830} INFO - Processing file /home/sarita/Documents/apache-airflow-project/.venv/lib/python3.9/site-packages/airflow/example_dags/example_params_trigger_ui.py for tasks to queue
[2023-12-27T09:36:45.810+0545] {logging_mixin.py:188} INFO - [2023-12-27T09:36:45.810+0545] {dagbag.py:538} INFO - Filling up the DagBag from /home/sarita/Documents/apache-airflow-project/.venv/lib/python3.9/site-packages/airflow/example_dags/example_params_trigger_ui.py
[2023-12-27T09:36:45.824+0545] {processor.py:840} INFO - DAG(s) 'example_params_trigger_ui' retrieved from /home/sarita/Documents/apache-airflow-project/.venv/lib/python3.9/site-packages/airflow/example_dags/example_params_trigger_ui.py
[2023-12-27T09:36:45.862+0545] {logging_mixin.py:188} INFO - [2023-12-27T09:36:45.862+0545] {dag.py:3033} INFO - Sync 1 DAGs
[2023-12-27T09:36:45.872+0545] {logging_mixin.py:188} INFO - [2023-12-27T09:36:45.872+0545] {dag.py:3820} INFO - Setting next_dagrun for example_params_trigger_ui to None, run_after=None
[2023-12-27T09:36:45.890+0545] {processor.py:183} INFO - Processing /home/sarita/Documents/apache-airflow-project/.venv/lib/python3.9/site-packages/airflow/example_dags/example_params_trigger_ui.py took 0.086 seconds
[2023-12-27T09:37:32.441+0545] {processor.py:161} INFO - Started process (PID=6965) to work on /home/sarita/Documents/apache-airflow-project/.venv/lib/python3.9/site-packages/airflow/example_dags/example_params_trigger_ui.py
[2023-12-27T09:37:32.443+0545] {processor.py:830} INFO - Processing file /home/sarita/Documents/apache-airflow-project/.venv/lib/python3.9/site-packages/airflow/example_dags/example_params_trigger_ui.py for tasks to queue
[2023-12-27T09:37:32.443+0545] {logging_mixin.py:188} INFO - [2023-12-27T09:37:32.443+0545] {dagbag.py:538} INFO - Filling up the DagBag from /home/sarita/Documents/apache-airflow-project/.venv/lib/python3.9/site-packages/airflow/example_dags/example_params_trigger_ui.py
[2023-12-27T09:37:32.453+0545] {processor.py:840} INFO - DAG(s) 'example_params_trigger_ui' retrieved from /home/sarita/Documents/apache-airflow-project/.venv/lib/python3.9/site-packages/airflow/example_dags/example_params_trigger_ui.py
[2023-12-27T09:37:32.489+0545] {logging_mixin.py:188} INFO - [2023-12-27T09:37:32.488+0545] {dag.py:3033} INFO - Sync 1 DAGs
[2023-12-27T09:37:32.497+0545] {logging_mixin.py:188} INFO - [2023-12-27T09:37:32.497+0545] {dag.py:3820} INFO - Setting next_dagrun for example_params_trigger_ui to None, run_after=None
[2023-12-27T09:37:32.516+0545] {processor.py:183} INFO - Processing /home/sarita/Documents/apache-airflow-project/.venv/lib/python3.9/site-packages/airflow/example_dags/example_params_trigger_ui.py took 0.077 seconds
[2023-12-27T09:38:23.216+0545] {processor.py:161} INFO - Started process (PID=7026) to work on /home/sarita/Documents/apache-airflow-project/.venv/lib/python3.9/site-packages/airflow/example_dags/example_params_trigger_ui.py
[2023-12-27T09:38:23.218+0545] {processor.py:830} INFO - Processing file /home/sarita/Documents/apache-airflow-project/.venv/lib/python3.9/site-packages/airflow/example_dags/example_params_trigger_ui.py for tasks to queue
[2023-12-27T09:38:23.218+0545] {logging_mixin.py:188} INFO - [2023-12-27T09:38:23.218+0545] {dagbag.py:538} INFO - Filling up the DagBag from /home/sarita/Documents/apache-airflow-project/.venv/lib/python3.9/site-packages/airflow/example_dags/example_params_trigger_ui.py
[2023-12-27T09:38:23.229+0545] {processor.py:840} INFO - DAG(s) 'example_params_trigger_ui' retrieved from /home/sarita/Documents/apache-airflow-project/.venv/lib/python3.9/site-packages/airflow/example_dags/example_params_trigger_ui.py
[2023-12-27T09:38:23.262+0545] {logging_mixin.py:188} INFO - [2023-12-27T09:38:23.262+0545] {dag.py:3033} INFO - Sync 1 DAGs
[2023-12-27T09:38:23.271+0545] {logging_mixin.py:188} INFO - [2023-12-27T09:38:23.271+0545] {dag.py:3820} INFO - Setting next_dagrun for example_params_trigger_ui to None, run_after=None
[2023-12-27T09:38:23.290+0545] {processor.py:183} INFO - Processing /home/sarita/Documents/apache-airflow-project/.venv/lib/python3.9/site-packages/airflow/example_dags/example_params_trigger_ui.py took 0.076 seconds
[2023-12-27T09:39:16.500+0545] {processor.py:161} INFO - Started process (PID=7143) to work on /home/sarita/Documents/apache-airflow-project/.venv/lib/python3.9/site-packages/airflow/example_dags/example_params_trigger_ui.py
[2023-12-27T09:39:16.503+0545] {processor.py:830} INFO - Processing file /home/sarita/Documents/apache-airflow-project/.venv/lib/python3.9/site-packages/airflow/example_dags/example_params_trigger_ui.py for tasks to queue
[2023-12-27T09:39:16.506+0545] {logging_mixin.py:188} INFO - [2023-12-27T09:39:16.505+0545] {dagbag.py:538} INFO - Filling up the DagBag from /home/sarita/Documents/apache-airflow-project/.venv/lib/python3.9/site-packages/airflow/example_dags/example_params_trigger_ui.py
[2023-12-27T09:39:16.539+0545] {processor.py:840} INFO - DAG(s) 'example_params_trigger_ui' retrieved from /home/sarita/Documents/apache-airflow-project/.venv/lib/python3.9/site-packages/airflow/example_dags/example_params_trigger_ui.py
[2023-12-27T09:39:16.580+0545] {logging_mixin.py:188} INFO - [2023-12-27T09:39:16.580+0545] {dag.py:3033} INFO - Sync 1 DAGs
[2023-12-27T09:39:16.590+0545] {logging_mixin.py:188} INFO - [2023-12-27T09:39:16.590+0545] {dag.py:3820} INFO - Setting next_dagrun for example_params_trigger_ui to None, run_after=None
[2023-12-27T09:39:16.610+0545] {processor.py:183} INFO - Processing /home/sarita/Documents/apache-airflow-project/.venv/lib/python3.9/site-packages/airflow/example_dags/example_params_trigger_ui.py took 0.120 seconds
[2023-12-27T09:40:13.461+0545] {processor.py:161} INFO - Started process (PID=7248) to work on /home/sarita/Documents/apache-airflow-project/.venv/lib/python3.9/site-packages/airflow/example_dags/example_params_trigger_ui.py
[2023-12-27T09:40:13.463+0545] {processor.py:830} INFO - Processing file /home/sarita/Documents/apache-airflow-project/.venv/lib/python3.9/site-packages/airflow/example_dags/example_params_trigger_ui.py for tasks to queue
[2023-12-27T09:40:13.464+0545] {logging_mixin.py:188} INFO - [2023-12-27T09:40:13.464+0545] {dagbag.py:538} INFO - Filling up the DagBag from /home/sarita/Documents/apache-airflow-project/.venv/lib/python3.9/site-packages/airflow/example_dags/example_params_trigger_ui.py
[2023-12-27T09:40:13.475+0545] {processor.py:840} INFO - DAG(s) 'example_params_trigger_ui' retrieved from /home/sarita/Documents/apache-airflow-project/.venv/lib/python3.9/site-packages/airflow/example_dags/example_params_trigger_ui.py
[2023-12-27T09:40:13.510+0545] {logging_mixin.py:188} INFO - [2023-12-27T09:40:13.510+0545] {dag.py:3033} INFO - Sync 1 DAGs
[2023-12-27T09:40:13.518+0545] {logging_mixin.py:188} INFO - [2023-12-27T09:40:13.518+0545] {dag.py:3820} INFO - Setting next_dagrun for example_params_trigger_ui to None, run_after=None
[2023-12-27T09:40:13.536+0545] {processor.py:183} INFO - Processing /home/sarita/Documents/apache-airflow-project/.venv/lib/python3.9/site-packages/airflow/example_dags/example_params_trigger_ui.py took 0.078 seconds
[2023-12-27T09:40:52.710+0545] {processor.py:161} INFO - Started process (PID=7393) to work on /home/sarita/Documents/apache-airflow-project/.venv/lib/python3.9/site-packages/airflow/example_dags/example_params_trigger_ui.py
[2023-12-27T09:40:52.712+0545] {processor.py:830} INFO - Processing file /home/sarita/Documents/apache-airflow-project/.venv/lib/python3.9/site-packages/airflow/example_dags/example_params_trigger_ui.py for tasks to queue
[2023-12-27T09:40:52.712+0545] {logging_mixin.py:188} INFO - [2023-12-27T09:40:52.712+0545] {dagbag.py:538} INFO - Filling up the DagBag from /home/sarita/Documents/apache-airflow-project/.venv/lib/python3.9/site-packages/airflow/example_dags/example_params_trigger_ui.py
[2023-12-27T09:40:52.723+0545] {processor.py:840} INFO - DAG(s) 'example_params_trigger_ui' retrieved from /home/sarita/Documents/apache-airflow-project/.venv/lib/python3.9/site-packages/airflow/example_dags/example_params_trigger_ui.py
[2023-12-27T09:40:52.758+0545] {logging_mixin.py:188} INFO - [2023-12-27T09:40:52.757+0545] {dag.py:3033} INFO - Sync 1 DAGs
[2023-12-27T09:40:52.766+0545] {logging_mixin.py:188} INFO - [2023-12-27T09:40:52.766+0545] {dag.py:3820} INFO - Setting next_dagrun for example_params_trigger_ui to None, run_after=None
[2023-12-27T09:40:52.787+0545] {processor.py:183} INFO - Processing /home/sarita/Documents/apache-airflow-project/.venv/lib/python3.9/site-packages/airflow/example_dags/example_params_trigger_ui.py took 0.079 seconds
[2023-12-27T09:41:46.120+0545] {processor.py:161} INFO - Started process (PID=7564) to work on /home/sarita/Documents/apache-airflow-project/.venv/lib/python3.9/site-packages/airflow/example_dags/example_params_trigger_ui.py
[2023-12-27T09:41:46.123+0545] {processor.py:830} INFO - Processing file /home/sarita/Documents/apache-airflow-project/.venv/lib/python3.9/site-packages/airflow/example_dags/example_params_trigger_ui.py for tasks to queue
[2023-12-27T09:41:46.124+0545] {logging_mixin.py:188} INFO - [2023-12-27T09:41:46.123+0545] {dagbag.py:538} INFO - Filling up the DagBag from /home/sarita/Documents/apache-airflow-project/.venv/lib/python3.9/site-packages/airflow/example_dags/example_params_trigger_ui.py
[2023-12-27T09:41:46.139+0545] {processor.py:840} INFO - DAG(s) 'example_params_trigger_ui' retrieved from /home/sarita/Documents/apache-airflow-project/.venv/lib/python3.9/site-packages/airflow/example_dags/example_params_trigger_ui.py
[2023-12-27T09:41:46.176+0545] {logging_mixin.py:188} INFO - [2023-12-27T09:41:46.176+0545] {dag.py:3033} INFO - Sync 1 DAGs
[2023-12-27T09:41:46.188+0545] {logging_mixin.py:188} INFO - [2023-12-27T09:41:46.188+0545] {dag.py:3820} INFO - Setting next_dagrun for example_params_trigger_ui to None, run_after=None
[2023-12-27T09:41:46.207+0545] {processor.py:183} INFO - Processing /home/sarita/Documents/apache-airflow-project/.venv/lib/python3.9/site-packages/airflow/example_dags/example_params_trigger_ui.py took 0.090 seconds
[2023-12-27T09:42:25.864+0545] {processor.py:161} INFO - Started process (PID=7763) to work on /home/sarita/Documents/apache-airflow-project/.venv/lib/python3.9/site-packages/airflow/example_dags/example_params_trigger_ui.py
[2023-12-27T09:42:25.866+0545] {processor.py:830} INFO - Processing file /home/sarita/Documents/apache-airflow-project/.venv/lib/python3.9/site-packages/airflow/example_dags/example_params_trigger_ui.py for tasks to queue
[2023-12-27T09:42:25.868+0545] {logging_mixin.py:188} INFO - [2023-12-27T09:42:25.867+0545] {dagbag.py:538} INFO - Filling up the DagBag from /home/sarita/Documents/apache-airflow-project/.venv/lib/python3.9/site-packages/airflow/example_dags/example_params_trigger_ui.py
[2023-12-27T09:42:25.888+0545] {processor.py:840} INFO - DAG(s) 'example_params_trigger_ui' retrieved from /home/sarita/Documents/apache-airflow-project/.venv/lib/python3.9/site-packages/airflow/example_dags/example_params_trigger_ui.py
[2023-12-27T09:42:25.923+0545] {logging_mixin.py:188} INFO - [2023-12-27T09:42:25.923+0545] {dag.py:3033} INFO - Sync 1 DAGs
[2023-12-27T09:42:25.932+0545] {logging_mixin.py:188} INFO - [2023-12-27T09:42:25.932+0545] {dag.py:3820} INFO - Setting next_dagrun for example_params_trigger_ui to None, run_after=None
[2023-12-27T09:42:25.951+0545] {processor.py:183} INFO - Processing /home/sarita/Documents/apache-airflow-project/.venv/lib/python3.9/site-packages/airflow/example_dags/example_params_trigger_ui.py took 0.091 seconds
[2023-12-27T09:43:14.163+0545] {processor.py:161} INFO - Started process (PID=7855) to work on /home/sarita/Documents/apache-airflow-project/.venv/lib/python3.9/site-packages/airflow/example_dags/example_params_trigger_ui.py
[2023-12-27T09:43:14.165+0545] {processor.py:830} INFO - Processing file /home/sarita/Documents/apache-airflow-project/.venv/lib/python3.9/site-packages/airflow/example_dags/example_params_trigger_ui.py for tasks to queue
[2023-12-27T09:43:14.166+0545] {logging_mixin.py:188} INFO - [2023-12-27T09:43:14.165+0545] {dagbag.py:538} INFO - Filling up the DagBag from /home/sarita/Documents/apache-airflow-project/.venv/lib/python3.9/site-packages/airflow/example_dags/example_params_trigger_ui.py
[2023-12-27T09:43:14.176+0545] {processor.py:840} INFO - DAG(s) 'example_params_trigger_ui' retrieved from /home/sarita/Documents/apache-airflow-project/.venv/lib/python3.9/site-packages/airflow/example_dags/example_params_trigger_ui.py
[2023-12-27T09:43:14.217+0545] {logging_mixin.py:188} INFO - [2023-12-27T09:43:14.217+0545] {dag.py:3033} INFO - Sync 1 DAGs
[2023-12-27T09:43:14.228+0545] {logging_mixin.py:188} INFO - [2023-12-27T09:43:14.228+0545] {dag.py:3820} INFO - Setting next_dagrun for example_params_trigger_ui to None, run_after=None
[2023-12-27T09:43:14.259+0545] {processor.py:183} INFO - Processing /home/sarita/Documents/apache-airflow-project/.venv/lib/python3.9/site-packages/airflow/example_dags/example_params_trigger_ui.py took 0.098 seconds
[2023-12-27T09:44:12.094+0545] {processor.py:161} INFO - Started process (PID=7933) to work on /home/sarita/Documents/apache-airflow-project/.venv/lib/python3.9/site-packages/airflow/example_dags/example_params_trigger_ui.py
[2023-12-27T09:44:12.097+0545] {processor.py:830} INFO - Processing file /home/sarita/Documents/apache-airflow-project/.venv/lib/python3.9/site-packages/airflow/example_dags/example_params_trigger_ui.py for tasks to queue
[2023-12-27T09:44:12.098+0545] {logging_mixin.py:188} INFO - [2023-12-27T09:44:12.098+0545] {dagbag.py:538} INFO - Filling up the DagBag from /home/sarita/Documents/apache-airflow-project/.venv/lib/python3.9/site-packages/airflow/example_dags/example_params_trigger_ui.py
[2023-12-27T09:44:12.116+0545] {processor.py:840} INFO - DAG(s) 'example_params_trigger_ui' retrieved from /home/sarita/Documents/apache-airflow-project/.venv/lib/python3.9/site-packages/airflow/example_dags/example_params_trigger_ui.py
[2023-12-27T09:44:12.152+0545] {logging_mixin.py:188} INFO - [2023-12-27T09:44:12.152+0545] {dag.py:3033} INFO - Sync 1 DAGs
[2023-12-27T09:44:12.161+0545] {logging_mixin.py:188} INFO - [2023-12-27T09:44:12.161+0545] {dag.py:3820} INFO - Setting next_dagrun for example_params_trigger_ui to None, run_after=None
[2023-12-27T09:44:12.180+0545] {processor.py:183} INFO - Processing /home/sarita/Documents/apache-airflow-project/.venv/lib/python3.9/site-packages/airflow/example_dags/example_params_trigger_ui.py took 0.089 seconds
[2023-12-27T09:45:04.779+0545] {processor.py:161} INFO - Started process (PID=8008) to work on /home/sarita/Documents/apache-airflow-project/.venv/lib/python3.9/site-packages/airflow/example_dags/example_params_trigger_ui.py
[2023-12-27T09:45:04.782+0545] {processor.py:830} INFO - Processing file /home/sarita/Documents/apache-airflow-project/.venv/lib/python3.9/site-packages/airflow/example_dags/example_params_trigger_ui.py for tasks to queue
[2023-12-27T09:45:04.783+0545] {logging_mixin.py:188} INFO - [2023-12-27T09:45:04.782+0545] {dagbag.py:538} INFO - Filling up the DagBag from /home/sarita/Documents/apache-airflow-project/.venv/lib/python3.9/site-packages/airflow/example_dags/example_params_trigger_ui.py
[2023-12-27T09:45:04.796+0545] {processor.py:840} INFO - DAG(s) 'example_params_trigger_ui' retrieved from /home/sarita/Documents/apache-airflow-project/.venv/lib/python3.9/site-packages/airflow/example_dags/example_params_trigger_ui.py
[2023-12-27T09:45:04.832+0545] {logging_mixin.py:188} INFO - [2023-12-27T09:45:04.832+0545] {dag.py:3033} INFO - Sync 1 DAGs
[2023-12-27T09:45:04.841+0545] {logging_mixin.py:188} INFO - [2023-12-27T09:45:04.841+0545] {dag.py:3820} INFO - Setting next_dagrun for example_params_trigger_ui to None, run_after=None
[2023-12-27T09:45:04.869+0545] {processor.py:183} INFO - Processing /home/sarita/Documents/apache-airflow-project/.venv/lib/python3.9/site-packages/airflow/example_dags/example_params_trigger_ui.py took 0.093 seconds
[2023-12-27T09:45:43.806+0545] {processor.py:161} INFO - Started process (PID=8443) to work on /home/sarita/Documents/apache-airflow-project/.venv/lib/python3.9/site-packages/airflow/example_dags/example_params_trigger_ui.py
[2023-12-27T09:45:43.809+0545] {processor.py:830} INFO - Processing file /home/sarita/Documents/apache-airflow-project/.venv/lib/python3.9/site-packages/airflow/example_dags/example_params_trigger_ui.py for tasks to queue
[2023-12-27T09:45:43.812+0545] {logging_mixin.py:188} INFO - [2023-12-27T09:45:43.811+0545] {dagbag.py:538} INFO - Filling up the DagBag from /home/sarita/Documents/apache-airflow-project/.venv/lib/python3.9/site-packages/airflow/example_dags/example_params_trigger_ui.py
[2023-12-27T09:45:43.837+0545] {processor.py:840} INFO - DAG(s) 'example_params_trigger_ui' retrieved from /home/sarita/Documents/apache-airflow-project/.venv/lib/python3.9/site-packages/airflow/example_dags/example_params_trigger_ui.py
[2023-12-27T09:45:43.873+0545] {logging_mixin.py:188} INFO - [2023-12-27T09:45:43.873+0545] {dag.py:3033} INFO - Sync 1 DAGs
[2023-12-27T09:45:43.881+0545] {logging_mixin.py:188} INFO - [2023-12-27T09:45:43.881+0545] {dag.py:3820} INFO - Setting next_dagrun for example_params_trigger_ui to None, run_after=None
[2023-12-27T09:45:43.900+0545] {processor.py:183} INFO - Processing /home/sarita/Documents/apache-airflow-project/.venv/lib/python3.9/site-packages/airflow/example_dags/example_params_trigger_ui.py took 0.101 seconds
[2023-12-27T09:46:36.025+0545] {processor.py:161} INFO - Started process (PID=8509) to work on /home/sarita/Documents/apache-airflow-project/.venv/lib/python3.9/site-packages/airflow/example_dags/example_params_trigger_ui.py
[2023-12-27T09:46:36.027+0545] {processor.py:830} INFO - Processing file /home/sarita/Documents/apache-airflow-project/.venv/lib/python3.9/site-packages/airflow/example_dags/example_params_trigger_ui.py for tasks to queue
[2023-12-27T09:46:36.028+0545] {logging_mixin.py:188} INFO - [2023-12-27T09:46:36.028+0545] {dagbag.py:538} INFO - Filling up the DagBag from /home/sarita/Documents/apache-airflow-project/.venv/lib/python3.9/site-packages/airflow/example_dags/example_params_trigger_ui.py
[2023-12-27T09:46:36.043+0545] {processor.py:840} INFO - DAG(s) 'example_params_trigger_ui' retrieved from /home/sarita/Documents/apache-airflow-project/.venv/lib/python3.9/site-packages/airflow/example_dags/example_params_trigger_ui.py
[2023-12-27T09:46:36.081+0545] {logging_mixin.py:188} INFO - [2023-12-27T09:46:36.081+0545] {dag.py:3033} INFO - Sync 1 DAGs
[2023-12-27T09:46:36.090+0545] {logging_mixin.py:188} INFO - [2023-12-27T09:46:36.089+0545] {dag.py:3820} INFO - Setting next_dagrun for example_params_trigger_ui to None, run_after=None
[2023-12-27T09:46:36.120+0545] {processor.py:183} INFO - Processing /home/sarita/Documents/apache-airflow-project/.venv/lib/python3.9/site-packages/airflow/example_dags/example_params_trigger_ui.py took 0.099 seconds
[2023-12-27T09:47:15.177+0545] {processor.py:161} INFO - Started process (PID=8548) to work on /home/sarita/Documents/apache-airflow-project/.venv/lib/python3.9/site-packages/airflow/example_dags/example_params_trigger_ui.py
[2023-12-27T09:47:15.180+0545] {processor.py:830} INFO - Processing file /home/sarita/Documents/apache-airflow-project/.venv/lib/python3.9/site-packages/airflow/example_dags/example_params_trigger_ui.py for tasks to queue
[2023-12-27T09:47:15.181+0545] {logging_mixin.py:188} INFO - [2023-12-27T09:47:15.181+0545] {dagbag.py:538} INFO - Filling up the DagBag from /home/sarita/Documents/apache-airflow-project/.venv/lib/python3.9/site-packages/airflow/example_dags/example_params_trigger_ui.py
[2023-12-27T09:47:15.202+0545] {processor.py:840} INFO - DAG(s) 'example_params_trigger_ui' retrieved from /home/sarita/Documents/apache-airflow-project/.venv/lib/python3.9/site-packages/airflow/example_dags/example_params_trigger_ui.py
[2023-12-27T09:47:15.239+0545] {logging_mixin.py:188} INFO - [2023-12-27T09:47:15.239+0545] {dag.py:3033} INFO - Sync 1 DAGs
[2023-12-27T09:47:15.248+0545] {logging_mixin.py:188} INFO - [2023-12-27T09:47:15.247+0545] {dag.py:3820} INFO - Setting next_dagrun for example_params_trigger_ui to None, run_after=None
[2023-12-27T09:47:15.266+0545] {processor.py:183} INFO - Processing /home/sarita/Documents/apache-airflow-project/.venv/lib/python3.9/site-packages/airflow/example_dags/example_params_trigger_ui.py took 0.092 seconds
[2023-12-27T09:47:54.288+0545] {processor.py:161} INFO - Started process (PID=8607) to work on /home/sarita/Documents/apache-airflow-project/.venv/lib/python3.9/site-packages/airflow/example_dags/example_params_trigger_ui.py
[2023-12-27T09:47:54.290+0545] {processor.py:830} INFO - Processing file /home/sarita/Documents/apache-airflow-project/.venv/lib/python3.9/site-packages/airflow/example_dags/example_params_trigger_ui.py for tasks to queue
[2023-12-27T09:47:54.291+0545] {logging_mixin.py:188} INFO - [2023-12-27T09:47:54.290+0545] {dagbag.py:538} INFO - Filling up the DagBag from /home/sarita/Documents/apache-airflow-project/.venv/lib/python3.9/site-packages/airflow/example_dags/example_params_trigger_ui.py
[2023-12-27T09:47:54.300+0545] {processor.py:840} INFO - DAG(s) 'example_params_trigger_ui' retrieved from /home/sarita/Documents/apache-airflow-project/.venv/lib/python3.9/site-packages/airflow/example_dags/example_params_trigger_ui.py
[2023-12-27T09:47:54.334+0545] {logging_mixin.py:188} INFO - [2023-12-27T09:47:54.334+0545] {dag.py:3033} INFO - Sync 1 DAGs
[2023-12-27T09:47:54.343+0545] {logging_mixin.py:188} INFO - [2023-12-27T09:47:54.343+0545] {dag.py:3820} INFO - Setting next_dagrun for example_params_trigger_ui to None, run_after=None
[2023-12-27T09:47:54.361+0545] {processor.py:183} INFO - Processing /home/sarita/Documents/apache-airflow-project/.venv/lib/python3.9/site-packages/airflow/example_dags/example_params_trigger_ui.py took 0.075 seconds
[2023-12-27T09:48:32.987+0545] {processor.py:161} INFO - Started process (PID=8654) to work on /home/sarita/Documents/apache-airflow-project/.venv/lib/python3.9/site-packages/airflow/example_dags/example_params_trigger_ui.py
[2023-12-27T09:48:32.990+0545] {processor.py:830} INFO - Processing file /home/sarita/Documents/apache-airflow-project/.venv/lib/python3.9/site-packages/airflow/example_dags/example_params_trigger_ui.py for tasks to queue
[2023-12-27T09:48:32.990+0545] {logging_mixin.py:188} INFO - [2023-12-27T09:48:32.990+0545] {dagbag.py:538} INFO - Filling up the DagBag from /home/sarita/Documents/apache-airflow-project/.venv/lib/python3.9/site-packages/airflow/example_dags/example_params_trigger_ui.py
[2023-12-27T09:48:33.004+0545] {processor.py:840} INFO - DAG(s) 'example_params_trigger_ui' retrieved from /home/sarita/Documents/apache-airflow-project/.venv/lib/python3.9/site-packages/airflow/example_dags/example_params_trigger_ui.py
[2023-12-27T09:48:33.040+0545] {logging_mixin.py:188} INFO - [2023-12-27T09:48:33.040+0545] {dag.py:3033} INFO - Sync 1 DAGs
[2023-12-27T09:48:33.049+0545] {logging_mixin.py:188} INFO - [2023-12-27T09:48:33.049+0545] {dag.py:3820} INFO - Setting next_dagrun for example_params_trigger_ui to None, run_after=None
[2023-12-27T09:48:33.068+0545] {processor.py:183} INFO - Processing /home/sarita/Documents/apache-airflow-project/.venv/lib/python3.9/site-packages/airflow/example_dags/example_params_trigger_ui.py took 0.083 seconds
[2023-12-27T09:49:25.810+0545] {processor.py:161} INFO - Started process (PID=8710) to work on /home/sarita/Documents/apache-airflow-project/.venv/lib/python3.9/site-packages/airflow/example_dags/example_params_trigger_ui.py
[2023-12-27T09:49:25.814+0545] {processor.py:830} INFO - Processing file /home/sarita/Documents/apache-airflow-project/.venv/lib/python3.9/site-packages/airflow/example_dags/example_params_trigger_ui.py for tasks to queue
[2023-12-27T09:49:25.816+0545] {logging_mixin.py:188} INFO - [2023-12-27T09:49:25.815+0545] {dagbag.py:538} INFO - Filling up the DagBag from /home/sarita/Documents/apache-airflow-project/.venv/lib/python3.9/site-packages/airflow/example_dags/example_params_trigger_ui.py
[2023-12-27T09:49:25.839+0545] {processor.py:840} INFO - DAG(s) 'example_params_trigger_ui' retrieved from /home/sarita/Documents/apache-airflow-project/.venv/lib/python3.9/site-packages/airflow/example_dags/example_params_trigger_ui.py
[2023-12-27T09:49:25.875+0545] {logging_mixin.py:188} INFO - [2023-12-27T09:49:25.875+0545] {dag.py:3033} INFO - Sync 1 DAGs
[2023-12-27T09:49:25.883+0545] {logging_mixin.py:188} INFO - [2023-12-27T09:49:25.883+0545] {dag.py:3820} INFO - Setting next_dagrun for example_params_trigger_ui to None, run_after=None
[2023-12-27T09:49:25.902+0545] {processor.py:183} INFO - Processing /home/sarita/Documents/apache-airflow-project/.venv/lib/python3.9/site-packages/airflow/example_dags/example_params_trigger_ui.py took 0.098 seconds
[2023-12-27T09:50:03.815+0545] {processor.py:161} INFO - Started process (PID=8751) to work on /home/sarita/Documents/apache-airflow-project/.venv/lib/python3.9/site-packages/airflow/example_dags/example_params_trigger_ui.py
[2023-12-27T09:50:03.817+0545] {processor.py:830} INFO - Processing file /home/sarita/Documents/apache-airflow-project/.venv/lib/python3.9/site-packages/airflow/example_dags/example_params_trigger_ui.py for tasks to queue
[2023-12-27T09:50:03.818+0545] {logging_mixin.py:188} INFO - [2023-12-27T09:50:03.818+0545] {dagbag.py:538} INFO - Filling up the DagBag from /home/sarita/Documents/apache-airflow-project/.venv/lib/python3.9/site-packages/airflow/example_dags/example_params_trigger_ui.py
[2023-12-27T09:50:03.832+0545] {processor.py:840} INFO - DAG(s) 'example_params_trigger_ui' retrieved from /home/sarita/Documents/apache-airflow-project/.venv/lib/python3.9/site-packages/airflow/example_dags/example_params_trigger_ui.py
[2023-12-27T09:50:03.866+0545] {logging_mixin.py:188} INFO - [2023-12-27T09:50:03.866+0545] {dag.py:3033} INFO - Sync 1 DAGs
[2023-12-27T09:50:03.875+0545] {logging_mixin.py:188} INFO - [2023-12-27T09:50:03.875+0545] {dag.py:3820} INFO - Setting next_dagrun for example_params_trigger_ui to None, run_after=None
[2023-12-27T09:50:03.894+0545] {processor.py:183} INFO - Processing /home/sarita/Documents/apache-airflow-project/.venv/lib/python3.9/site-packages/airflow/example_dags/example_params_trigger_ui.py took 0.083 seconds
[2023-12-27T09:50:43.473+0545] {processor.py:161} INFO - Started process (PID=8805) to work on /home/sarita/Documents/apache-airflow-project/.venv/lib/python3.9/site-packages/airflow/example_dags/example_params_trigger_ui.py
[2023-12-27T09:50:43.475+0545] {processor.py:830} INFO - Processing file /home/sarita/Documents/apache-airflow-project/.venv/lib/python3.9/site-packages/airflow/example_dags/example_params_trigger_ui.py for tasks to queue
[2023-12-27T09:50:43.476+0545] {logging_mixin.py:188} INFO - [2023-12-27T09:50:43.476+0545] {dagbag.py:538} INFO - Filling up the DagBag from /home/sarita/Documents/apache-airflow-project/.venv/lib/python3.9/site-packages/airflow/example_dags/example_params_trigger_ui.py
[2023-12-27T09:50:43.489+0545] {processor.py:840} INFO - DAG(s) 'example_params_trigger_ui' retrieved from /home/sarita/Documents/apache-airflow-project/.venv/lib/python3.9/site-packages/airflow/example_dags/example_params_trigger_ui.py
[2023-12-27T09:50:43.522+0545] {logging_mixin.py:188} INFO - [2023-12-27T09:50:43.521+0545] {dag.py:3033} INFO - Sync 1 DAGs
[2023-12-27T09:50:43.530+0545] {logging_mixin.py:188} INFO - [2023-12-27T09:50:43.530+0545] {dag.py:3820} INFO - Setting next_dagrun for example_params_trigger_ui to None, run_after=None
[2023-12-27T09:50:43.549+0545] {processor.py:183} INFO - Processing /home/sarita/Documents/apache-airflow-project/.venv/lib/python3.9/site-packages/airflow/example_dags/example_params_trigger_ui.py took 0.080 seconds
[2023-12-27T09:51:22.972+0545] {processor.py:161} INFO - Started process (PID=8879) to work on /home/sarita/Documents/apache-airflow-project/.venv/lib/python3.9/site-packages/airflow/example_dags/example_params_trigger_ui.py
[2023-12-27T09:51:22.974+0545] {processor.py:830} INFO - Processing file /home/sarita/Documents/apache-airflow-project/.venv/lib/python3.9/site-packages/airflow/example_dags/example_params_trigger_ui.py for tasks to queue
[2023-12-27T09:51:22.976+0545] {logging_mixin.py:188} INFO - [2023-12-27T09:51:22.975+0545] {dagbag.py:538} INFO - Filling up the DagBag from /home/sarita/Documents/apache-airflow-project/.venv/lib/python3.9/site-packages/airflow/example_dags/example_params_trigger_ui.py
[2023-12-27T09:51:22.993+0545] {processor.py:840} INFO - DAG(s) 'example_params_trigger_ui' retrieved from /home/sarita/Documents/apache-airflow-project/.venv/lib/python3.9/site-packages/airflow/example_dags/example_params_trigger_ui.py
[2023-12-27T09:51:23.031+0545] {logging_mixin.py:188} INFO - [2023-12-27T09:51:23.031+0545] {dag.py:3033} INFO - Sync 1 DAGs
[2023-12-27T09:51:23.040+0545] {logging_mixin.py:188} INFO - [2023-12-27T09:51:23.040+0545] {dag.py:3820} INFO - Setting next_dagrun for example_params_trigger_ui to None, run_after=None
[2023-12-27T09:51:23.058+0545] {processor.py:183} INFO - Processing /home/sarita/Documents/apache-airflow-project/.venv/lib/python3.9/site-packages/airflow/example_dags/example_params_trigger_ui.py took 0.090 seconds
[2023-12-27T09:52:02.766+0545] {processor.py:161} INFO - Started process (PID=8932) to work on /home/sarita/Documents/apache-airflow-project/.venv/lib/python3.9/site-packages/airflow/example_dags/example_params_trigger_ui.py
[2023-12-27T09:52:02.768+0545] {processor.py:830} INFO - Processing file /home/sarita/Documents/apache-airflow-project/.venv/lib/python3.9/site-packages/airflow/example_dags/example_params_trigger_ui.py for tasks to queue
[2023-12-27T09:52:02.770+0545] {logging_mixin.py:188} INFO - [2023-12-27T09:52:02.769+0545] {dagbag.py:538} INFO - Filling up the DagBag from /home/sarita/Documents/apache-airflow-project/.venv/lib/python3.9/site-packages/airflow/example_dags/example_params_trigger_ui.py
[2023-12-27T09:52:02.785+0545] {processor.py:840} INFO - DAG(s) 'example_params_trigger_ui' retrieved from /home/sarita/Documents/apache-airflow-project/.venv/lib/python3.9/site-packages/airflow/example_dags/example_params_trigger_ui.py
[2023-12-27T09:52:02.820+0545] {logging_mixin.py:188} INFO - [2023-12-27T09:52:02.820+0545] {dag.py:3033} INFO - Sync 1 DAGs
[2023-12-27T09:52:02.829+0545] {logging_mixin.py:188} INFO - [2023-12-27T09:52:02.829+0545] {dag.py:3820} INFO - Setting next_dagrun for example_params_trigger_ui to None, run_after=None
[2023-12-27T09:52:02.858+0545] {processor.py:183} INFO - Processing /home/sarita/Documents/apache-airflow-project/.venv/lib/python3.9/site-packages/airflow/example_dags/example_params_trigger_ui.py took 0.098 seconds
[2023-12-27T09:54:38.536+0545] {processor.py:161} INFO - Started process (PID=9248) to work on /home/sarita/Documents/apache-airflow-project/.venv/lib/python3.9/site-packages/airflow/example_dags/example_params_trigger_ui.py
[2023-12-27T09:54:38.536+0545] {processor.py:830} INFO - Processing file /home/sarita/Documents/apache-airflow-project/.venv/lib/python3.9/site-packages/airflow/example_dags/example_params_trigger_ui.py for tasks to queue
[2023-12-27T09:54:38.537+0545] {logging_mixin.py:188} INFO - [2023-12-27T09:54:38.537+0545] {dagbag.py:538} INFO - Filling up the DagBag from /home/sarita/Documents/apache-airflow-project/.venv/lib/python3.9/site-packages/airflow/example_dags/example_params_trigger_ui.py
[2023-12-27T09:54:38.546+0545] {processor.py:840} INFO - DAG(s) 'example_params_trigger_ui' retrieved from /home/sarita/Documents/apache-airflow-project/.venv/lib/python3.9/site-packages/airflow/example_dags/example_params_trigger_ui.py
[2023-12-27T09:54:38.579+0545] {logging_mixin.py:188} INFO - [2023-12-27T09:54:38.579+0545] {dag.py:3033} INFO - Sync 1 DAGs
[2023-12-27T09:54:38.588+0545] {logging_mixin.py:188} INFO - [2023-12-27T09:54:38.588+0545] {dag.py:3820} INFO - Setting next_dagrun for example_params_trigger_ui to None, run_after=None
[2023-12-27T09:54:38.611+0545] {processor.py:183} INFO - Processing /home/sarita/Documents/apache-airflow-project/.venv/lib/python3.9/site-packages/airflow/example_dags/example_params_trigger_ui.py took 0.077 seconds
[2023-12-27T12:15:54.208+0545] {processor.py:161} INFO - Started process (PID=12915) to work on /home/sarita/Documents/apache-airflow-project/.venv/lib/python3.9/site-packages/airflow/example_dags/example_params_trigger_ui.py
[2023-12-27T12:15:54.209+0545] {processor.py:830} INFO - Processing file /home/sarita/Documents/apache-airflow-project/.venv/lib/python3.9/site-packages/airflow/example_dags/example_params_trigger_ui.py for tasks to queue
[2023-12-27T12:15:54.209+0545] {logging_mixin.py:188} INFO - [2023-12-27T12:15:54.209+0545] {dagbag.py:538} INFO - Filling up the DagBag from /home/sarita/Documents/apache-airflow-project/.venv/lib/python3.9/site-packages/airflow/example_dags/example_params_trigger_ui.py
[2023-12-27T12:15:54.220+0545] {processor.py:840} INFO - DAG(s) 'example_params_trigger_ui' retrieved from /home/sarita/Documents/apache-airflow-project/.venv/lib/python3.9/site-packages/airflow/example_dags/example_params_trigger_ui.py
[2023-12-27T12:15:54.258+0545] {logging_mixin.py:188} INFO - [2023-12-27T12:15:54.257+0545] {dag.py:3033} INFO - Sync 1 DAGs
[2023-12-27T12:15:54.267+0545] {logging_mixin.py:188} INFO - [2023-12-27T12:15:54.267+0545] {dag.py:3820} INFO - Setting next_dagrun for example_params_trigger_ui to None, run_after=None
[2023-12-27T12:15:54.292+0545] {processor.py:183} INFO - Processing /home/sarita/Documents/apache-airflow-project/.venv/lib/python3.9/site-packages/airflow/example_dags/example_params_trigger_ui.py took 0.086 seconds
[2023-12-27T12:21:07.872+0545] {processor.py:161} INFO - Started process (PID=13813) to work on /home/sarita/Documents/apache-airflow-project/.venv/lib/python3.9/site-packages/airflow/example_dags/example_params_trigger_ui.py
[2023-12-27T12:21:07.873+0545] {processor.py:830} INFO - Processing file /home/sarita/Documents/apache-airflow-project/.venv/lib/python3.9/site-packages/airflow/example_dags/example_params_trigger_ui.py for tasks to queue
[2023-12-27T12:21:07.874+0545] {logging_mixin.py:188} INFO - [2023-12-27T12:21:07.873+0545] {dagbag.py:538} INFO - Filling up the DagBag from /home/sarita/Documents/apache-airflow-project/.venv/lib/python3.9/site-packages/airflow/example_dags/example_params_trigger_ui.py
[2023-12-27T12:21:07.884+0545] {processor.py:840} INFO - DAG(s) 'example_params_trigger_ui' retrieved from /home/sarita/Documents/apache-airflow-project/.venv/lib/python3.9/site-packages/airflow/example_dags/example_params_trigger_ui.py
[2023-12-27T12:21:07.919+0545] {logging_mixin.py:188} INFO - [2023-12-27T12:21:07.918+0545] {dag.py:3033} INFO - Sync 1 DAGs
[2023-12-27T12:21:07.927+0545] {logging_mixin.py:188} INFO - [2023-12-27T12:21:07.927+0545] {dag.py:3820} INFO - Setting next_dagrun for example_params_trigger_ui to None, run_after=None
[2023-12-27T12:21:07.946+0545] {processor.py:183} INFO - Processing /home/sarita/Documents/apache-airflow-project/.venv/lib/python3.9/site-packages/airflow/example_dags/example_params_trigger_ui.py took 0.076 seconds
[2023-12-27T12:39:21.044+0545] {processor.py:161} INFO - Started process (PID=15355) to work on /home/sarita/Documents/apache-airflow-project/.venv/lib/python3.9/site-packages/airflow/example_dags/example_params_trigger_ui.py
[2023-12-27T12:39:21.047+0545] {processor.py:830} INFO - Processing file /home/sarita/Documents/apache-airflow-project/.venv/lib/python3.9/site-packages/airflow/example_dags/example_params_trigger_ui.py for tasks to queue
[2023-12-27T12:39:21.048+0545] {logging_mixin.py:188} INFO - [2023-12-27T12:39:21.048+0545] {dagbag.py:538} INFO - Filling up the DagBag from /home/sarita/Documents/apache-airflow-project/.venv/lib/python3.9/site-packages/airflow/example_dags/example_params_trigger_ui.py
[2023-12-27T12:39:21.065+0545] {processor.py:840} INFO - DAG(s) 'example_params_trigger_ui' retrieved from /home/sarita/Documents/apache-airflow-project/.venv/lib/python3.9/site-packages/airflow/example_dags/example_params_trigger_ui.py
[2023-12-27T12:39:21.116+0545] {logging_mixin.py:188} INFO - [2023-12-27T12:39:21.116+0545] {dag.py:3033} INFO - Sync 1 DAGs
[2023-12-27T12:39:21.131+0545] {logging_mixin.py:188} INFO - [2023-12-27T12:39:21.131+0545] {dag.py:3820} INFO - Setting next_dagrun for example_params_trigger_ui to None, run_after=None
[2023-12-27T12:39:21.153+0545] {processor.py:183} INFO - Processing /home/sarita/Documents/apache-airflow-project/.venv/lib/python3.9/site-packages/airflow/example_dags/example_params_trigger_ui.py took 0.111 seconds
[2023-12-27T12:41:47.178+0545] {processor.py:161} INFO - Started process (PID=16079) to work on /home/sarita/Documents/apache-airflow-project/.venv/lib/python3.9/site-packages/airflow/example_dags/example_params_trigger_ui.py
[2023-12-27T12:41:47.179+0545] {processor.py:830} INFO - Processing file /home/sarita/Documents/apache-airflow-project/.venv/lib/python3.9/site-packages/airflow/example_dags/example_params_trigger_ui.py for tasks to queue
[2023-12-27T12:41:47.180+0545] {logging_mixin.py:188} INFO - [2023-12-27T12:41:47.180+0545] {dagbag.py:538} INFO - Filling up the DagBag from /home/sarita/Documents/apache-airflow-project/.venv/lib/python3.9/site-packages/airflow/example_dags/example_params_trigger_ui.py
[2023-12-27T12:41:47.192+0545] {processor.py:840} INFO - DAG(s) 'example_params_trigger_ui' retrieved from /home/sarita/Documents/apache-airflow-project/.venv/lib/python3.9/site-packages/airflow/example_dags/example_params_trigger_ui.py
[2023-12-27T12:41:47.227+0545] {logging_mixin.py:188} INFO - [2023-12-27T12:41:47.227+0545] {dag.py:3033} INFO - Sync 1 DAGs
[2023-12-27T12:41:47.236+0545] {logging_mixin.py:188} INFO - [2023-12-27T12:41:47.235+0545] {dag.py:3820} INFO - Setting next_dagrun for example_params_trigger_ui to None, run_after=None
[2023-12-27T12:41:47.255+0545] {processor.py:183} INFO - Processing /home/sarita/Documents/apache-airflow-project/.venv/lib/python3.9/site-packages/airflow/example_dags/example_params_trigger_ui.py took 0.079 seconds
[2023-12-27T12:46:05.840+0545] {processor.py:161} INFO - Started process (PID=17127) to work on /home/sarita/Documents/apache-airflow-project/.venv/lib/python3.9/site-packages/airflow/example_dags/example_params_trigger_ui.py
[2023-12-27T12:46:05.841+0545] {processor.py:830} INFO - Processing file /home/sarita/Documents/apache-airflow-project/.venv/lib/python3.9/site-packages/airflow/example_dags/example_params_trigger_ui.py for tasks to queue
[2023-12-27T12:46:05.841+0545] {logging_mixin.py:188} INFO - [2023-12-27T12:46:05.841+0545] {dagbag.py:538} INFO - Filling up the DagBag from /home/sarita/Documents/apache-airflow-project/.venv/lib/python3.9/site-packages/airflow/example_dags/example_params_trigger_ui.py
[2023-12-27T12:46:05.850+0545] {processor.py:840} INFO - DAG(s) 'example_params_trigger_ui' retrieved from /home/sarita/Documents/apache-airflow-project/.venv/lib/python3.9/site-packages/airflow/example_dags/example_params_trigger_ui.py
[2023-12-27T12:46:05.886+0545] {logging_mixin.py:188} INFO - [2023-12-27T12:46:05.886+0545] {dag.py:3033} INFO - Sync 1 DAGs
[2023-12-27T12:46:05.895+0545] {logging_mixin.py:188} INFO - [2023-12-27T12:46:05.895+0545] {dag.py:3820} INFO - Setting next_dagrun for example_params_trigger_ui to None, run_after=None
[2023-12-27T12:46:05.911+0545] {processor.py:183} INFO - Processing /home/sarita/Documents/apache-airflow-project/.venv/lib/python3.9/site-packages/airflow/example_dags/example_params_trigger_ui.py took 0.073 seconds
[2023-12-27T12:52:26.354+0545] {processor.py:161} INFO - Started process (PID=17601) to work on /home/sarita/Documents/apache-airflow-project/.venv/lib/python3.9/site-packages/airflow/example_dags/example_params_trigger_ui.py
[2023-12-27T12:52:26.356+0545] {processor.py:830} INFO - Processing file /home/sarita/Documents/apache-airflow-project/.venv/lib/python3.9/site-packages/airflow/example_dags/example_params_trigger_ui.py for tasks to queue
[2023-12-27T12:52:26.357+0545] {logging_mixin.py:188} INFO - [2023-12-27T12:52:26.356+0545] {dagbag.py:538} INFO - Filling up the DagBag from /home/sarita/Documents/apache-airflow-project/.venv/lib/python3.9/site-packages/airflow/example_dags/example_params_trigger_ui.py
[2023-12-27T12:52:26.367+0545] {processor.py:840} INFO - DAG(s) 'example_params_trigger_ui' retrieved from /home/sarita/Documents/apache-airflow-project/.venv/lib/python3.9/site-packages/airflow/example_dags/example_params_trigger_ui.py
[2023-12-27T12:52:26.403+0545] {logging_mixin.py:188} INFO - [2023-12-27T12:52:26.402+0545] {dag.py:3033} INFO - Sync 1 DAGs
[2023-12-27T12:52:26.412+0545] {logging_mixin.py:188} INFO - [2023-12-27T12:52:26.412+0545] {dag.py:3820} INFO - Setting next_dagrun for example_params_trigger_ui to None, run_after=None
[2023-12-27T12:52:26.429+0545] {processor.py:183} INFO - Processing /home/sarita/Documents/apache-airflow-project/.venv/lib/python3.9/site-packages/airflow/example_dags/example_params_trigger_ui.py took 0.078 seconds
[2023-12-27T12:53:15.558+0545] {processor.py:161} INFO - Started process (PID=17706) to work on /home/sarita/Documents/apache-airflow-project/.venv/lib/python3.9/site-packages/airflow/example_dags/example_params_trigger_ui.py
[2023-12-27T12:53:15.559+0545] {processor.py:830} INFO - Processing file /home/sarita/Documents/apache-airflow-project/.venv/lib/python3.9/site-packages/airflow/example_dags/example_params_trigger_ui.py for tasks to queue
[2023-12-27T12:53:15.560+0545] {logging_mixin.py:188} INFO - [2023-12-27T12:53:15.560+0545] {dagbag.py:538} INFO - Filling up the DagBag from /home/sarita/Documents/apache-airflow-project/.venv/lib/python3.9/site-packages/airflow/example_dags/example_params_trigger_ui.py
[2023-12-27T12:53:15.571+0545] {processor.py:840} INFO - DAG(s) 'example_params_trigger_ui' retrieved from /home/sarita/Documents/apache-airflow-project/.venv/lib/python3.9/site-packages/airflow/example_dags/example_params_trigger_ui.py
[2023-12-27T12:53:15.603+0545] {logging_mixin.py:188} INFO - [2023-12-27T12:53:15.603+0545] {dag.py:3033} INFO - Sync 1 DAGs
[2023-12-27T12:53:15.611+0545] {logging_mixin.py:188} INFO - [2023-12-27T12:53:15.611+0545] {dag.py:3820} INFO - Setting next_dagrun for example_params_trigger_ui to None, run_after=None
[2023-12-27T12:53:15.628+0545] {processor.py:183} INFO - Processing /home/sarita/Documents/apache-airflow-project/.venv/lib/python3.9/site-packages/airflow/example_dags/example_params_trigger_ui.py took 0.072 seconds
[2023-12-27T12:54:45.473+0545] {processor.py:161} INFO - Started process (PID=17872) to work on /home/sarita/Documents/apache-airflow-project/.venv/lib/python3.9/site-packages/airflow/example_dags/example_params_trigger_ui.py
[2023-12-27T12:54:45.475+0545] {processor.py:830} INFO - Processing file /home/sarita/Documents/apache-airflow-project/.venv/lib/python3.9/site-packages/airflow/example_dags/example_params_trigger_ui.py for tasks to queue
[2023-12-27T12:54:45.476+0545] {logging_mixin.py:188} INFO - [2023-12-27T12:54:45.476+0545] {dagbag.py:538} INFO - Filling up the DagBag from /home/sarita/Documents/apache-airflow-project/.venv/lib/python3.9/site-packages/airflow/example_dags/example_params_trigger_ui.py
[2023-12-27T12:54:45.487+0545] {processor.py:840} INFO - DAG(s) 'example_params_trigger_ui' retrieved from /home/sarita/Documents/apache-airflow-project/.venv/lib/python3.9/site-packages/airflow/example_dags/example_params_trigger_ui.py
[2023-12-27T12:54:45.525+0545] {logging_mixin.py:188} INFO - [2023-12-27T12:54:45.525+0545] {dag.py:3033} INFO - Sync 1 DAGs
[2023-12-27T12:54:45.534+0545] {logging_mixin.py:188} INFO - [2023-12-27T12:54:45.534+0545] {dag.py:3820} INFO - Setting next_dagrun for example_params_trigger_ui to None, run_after=None
[2023-12-27T12:54:45.551+0545] {processor.py:183} INFO - Processing /home/sarita/Documents/apache-airflow-project/.venv/lib/python3.9/site-packages/airflow/example_dags/example_params_trigger_ui.py took 0.080 seconds
[2023-12-27T12:58:01.662+0545] {processor.py:161} INFO - Started process (PID=18060) to work on /home/sarita/Documents/apache-airflow-project/.venv/lib/python3.9/site-packages/airflow/example_dags/example_params_trigger_ui.py
[2023-12-27T12:58:01.669+0545] {processor.py:830} INFO - Processing file /home/sarita/Documents/apache-airflow-project/.venv/lib/python3.9/site-packages/airflow/example_dags/example_params_trigger_ui.py for tasks to queue
[2023-12-27T12:58:01.672+0545] {logging_mixin.py:188} INFO - [2023-12-27T12:58:01.671+0545] {dagbag.py:538} INFO - Filling up the DagBag from /home/sarita/Documents/apache-airflow-project/.venv/lib/python3.9/site-packages/airflow/example_dags/example_params_trigger_ui.py
[2023-12-27T12:58:01.699+0545] {processor.py:840} INFO - DAG(s) 'example_params_trigger_ui' retrieved from /home/sarita/Documents/apache-airflow-project/.venv/lib/python3.9/site-packages/airflow/example_dags/example_params_trigger_ui.py
[2023-12-27T12:58:01.739+0545] {logging_mixin.py:188} INFO - [2023-12-27T12:58:01.738+0545] {dag.py:3033} INFO - Sync 1 DAGs
[2023-12-27T12:58:01.748+0545] {logging_mixin.py:188} INFO - [2023-12-27T12:58:01.748+0545] {dag.py:3820} INFO - Setting next_dagrun for example_params_trigger_ui to None, run_after=None
[2023-12-27T12:58:01.870+0545] {processor.py:183} INFO - Processing /home/sarita/Documents/apache-airflow-project/.venv/lib/python3.9/site-packages/airflow/example_dags/example_params_trigger_ui.py took 0.215 seconds
[2023-12-27T16:15:50.999+0545] {processor.py:161} INFO - Started process (PID=24796) to work on /home/sarita/Documents/apache-airflow-project/.venv/lib/python3.9/site-packages/airflow/example_dags/example_params_trigger_ui.py
[2023-12-27T16:15:51.002+0545] {processor.py:830} INFO - Processing file /home/sarita/Documents/apache-airflow-project/.venv/lib/python3.9/site-packages/airflow/example_dags/example_params_trigger_ui.py for tasks to queue
[2023-12-27T16:15:51.005+0545] {logging_mixin.py:188} INFO - [2023-12-27T16:15:51.004+0545] {dagbag.py:538} INFO - Filling up the DagBag from /home/sarita/Documents/apache-airflow-project/.venv/lib/python3.9/site-packages/airflow/example_dags/example_params_trigger_ui.py
[2023-12-27T16:15:51.030+0545] {processor.py:840} INFO - DAG(s) 'example_params_trigger_ui' retrieved from /home/sarita/Documents/apache-airflow-project/.venv/lib/python3.9/site-packages/airflow/example_dags/example_params_trigger_ui.py
[2023-12-27T16:15:51.070+0545] {logging_mixin.py:188} INFO - [2023-12-27T16:15:51.069+0545] {dag.py:3033} INFO - Sync 1 DAGs
[2023-12-27T16:15:51.079+0545] {logging_mixin.py:188} INFO - [2023-12-27T16:15:51.079+0545] {dag.py:3820} INFO - Setting next_dagrun for example_params_trigger_ui to None, run_after=None
[2023-12-27T16:15:51.097+0545] {processor.py:183} INFO - Processing /home/sarita/Documents/apache-airflow-project/.venv/lib/python3.9/site-packages/airflow/example_dags/example_params_trigger_ui.py took 0.103 seconds
