[2023-12-27T09:37:06.764+0545] {processor.py:161} INFO - Started process (PID=6936) to work on /home/sarita/Documents/apache-airflow-project/.venv/lib/python3.9/site-packages/airflow/example_dags/example_datasets.py
[2023-12-27T09:37:06.766+0545] {processor.py:830} INFO - Processing file /home/sarita/Documents/apache-airflow-project/.venv/lib/python3.9/site-packages/airflow/example_dags/example_datasets.py for tasks to queue
[2023-12-27T09:37:06.768+0545] {logging_mixin.py:188} INFO - [2023-12-27T09:37:06.767+0545] {dagbag.py:538} INFO - Filling up the DagBag from /home/sarita/Documents/apache-airflow-project/.venv/lib/python3.9/site-packages/airflow/example_dags/example_datasets.py
[2023-12-27T09:37:06.789+0545] {processor.py:840} INFO - DAG(s) 'dataset_produces_1', 'dataset_produces_2', 'dataset_consumes_1', 'dataset_consumes_unknown_never_scheduled', 'dataset_consumes_1_never_scheduled', 'dataset_consumes_1_and_2' retrieved from /home/sarita/Documents/apache-airflow-project/.venv/lib/python3.9/site-packages/airflow/example_dags/example_datasets.py
[2023-12-27T09:37:06.813+0545] {logging_mixin.py:188} INFO - [2023-12-27T09:37:06.813+0545] {dag.py:3033} INFO - Sync 6 DAGs
[2023-12-27T09:37:06.829+0545] {logging_mixin.py:188} INFO - [2023-12-27T09:37:06.829+0545] {dag.py:3820} INFO - Setting next_dagrun for dataset_consumes_1 to None, run_after=None
[2023-12-27T09:37:06.831+0545] {logging_mixin.py:188} INFO - [2023-12-27T09:37:06.831+0545] {dag.py:3820} INFO - Setting next_dagrun for dataset_consumes_1_and_2 to None, run_after=None
[2023-12-27T09:37:06.832+0545] {logging_mixin.py:188} INFO - [2023-12-27T09:37:06.832+0545] {dag.py:3820} INFO - Setting next_dagrun for dataset_consumes_1_never_scheduled to None, run_after=None
[2023-12-27T09:37:06.833+0545] {logging_mixin.py:188} INFO - [2023-12-27T09:37:06.833+0545] {dag.py:3820} INFO - Setting next_dagrun for dataset_consumes_unknown_never_scheduled to None, run_after=None
[2023-12-27T09:37:06.835+0545] {logging_mixin.py:188} INFO - [2023-12-27T09:37:06.835+0545] {dag.py:3820} INFO - Setting next_dagrun for dataset_produces_1 to 2023-12-26T00:00:00+00:00, run_after=2023-12-27T00:00:00+00:00
[2023-12-27T09:37:06.836+0545] {logging_mixin.py:188} INFO - [2023-12-27T09:37:06.836+0545] {dag.py:3820} INFO - Setting next_dagrun for dataset_produces_2 to None, run_after=None
[2023-12-27T09:37:06.861+0545] {processor.py:183} INFO - Processing /home/sarita/Documents/apache-airflow-project/.venv/lib/python3.9/site-packages/airflow/example_dags/example_datasets.py took 0.103 seconds
[2023-12-27T09:38:00.141+0545] {processor.py:161} INFO - Started process (PID=6999) to work on /home/sarita/Documents/apache-airflow-project/.venv/lib/python3.9/site-packages/airflow/example_dags/example_datasets.py
[2023-12-27T09:38:00.143+0545] {processor.py:830} INFO - Processing file /home/sarita/Documents/apache-airflow-project/.venv/lib/python3.9/site-packages/airflow/example_dags/example_datasets.py for tasks to queue
[2023-12-27T09:38:00.144+0545] {logging_mixin.py:188} INFO - [2023-12-27T09:38:00.144+0545] {dagbag.py:538} INFO - Filling up the DagBag from /home/sarita/Documents/apache-airflow-project/.venv/lib/python3.9/site-packages/airflow/example_dags/example_datasets.py
[2023-12-27T09:38:00.151+0545] {processor.py:840} INFO - DAG(s) 'dataset_consumes_1_never_scheduled', 'dataset_consumes_1_and_2', 'dataset_produces_1', 'dataset_consumes_1', 'dataset_consumes_unknown_never_scheduled', 'dataset_produces_2' retrieved from /home/sarita/Documents/apache-airflow-project/.venv/lib/python3.9/site-packages/airflow/example_dags/example_datasets.py
[2023-12-27T09:38:00.173+0545] {logging_mixin.py:188} INFO - [2023-12-27T09:38:00.173+0545] {dag.py:3033} INFO - Sync 6 DAGs
[2023-12-27T09:38:00.189+0545] {logging_mixin.py:188} INFO - [2023-12-27T09:38:00.189+0545] {dag.py:3820} INFO - Setting next_dagrun for dataset_consumes_1 to None, run_after=None
[2023-12-27T09:38:00.192+0545] {logging_mixin.py:188} INFO - [2023-12-27T09:38:00.191+0545] {dag.py:3820} INFO - Setting next_dagrun for dataset_consumes_1_and_2 to None, run_after=None
[2023-12-27T09:38:00.192+0545] {logging_mixin.py:188} INFO - [2023-12-27T09:38:00.192+0545] {dag.py:3820} INFO - Setting next_dagrun for dataset_consumes_1_never_scheduled to None, run_after=None
[2023-12-27T09:38:00.193+0545] {logging_mixin.py:188} INFO - [2023-12-27T09:38:00.193+0545] {dag.py:3820} INFO - Setting next_dagrun for dataset_consumes_unknown_never_scheduled to None, run_after=None
[2023-12-27T09:38:00.195+0545] {logging_mixin.py:188} INFO - [2023-12-27T09:38:00.195+0545] {dag.py:3820} INFO - Setting next_dagrun for dataset_produces_1 to 2023-12-26T00:00:00+00:00, run_after=2023-12-27T00:00:00+00:00
[2023-12-27T09:38:00.196+0545] {logging_mixin.py:188} INFO - [2023-12-27T09:38:00.196+0545] {dag.py:3820} INFO - Setting next_dagrun for dataset_produces_2 to None, run_after=None
[2023-12-27T09:38:00.220+0545] {processor.py:183} INFO - Processing /home/sarita/Documents/apache-airflow-project/.venv/lib/python3.9/site-packages/airflow/example_dags/example_datasets.py took 0.080 seconds
[2023-12-27T09:38:48.981+0545] {processor.py:161} INFO - Started process (PID=7112) to work on /home/sarita/Documents/apache-airflow-project/.venv/lib/python3.9/site-packages/airflow/example_dags/example_datasets.py
[2023-12-27T09:38:48.983+0545] {processor.py:830} INFO - Processing file /home/sarita/Documents/apache-airflow-project/.venv/lib/python3.9/site-packages/airflow/example_dags/example_datasets.py for tasks to queue
[2023-12-27T09:38:48.984+0545] {logging_mixin.py:188} INFO - [2023-12-27T09:38:48.984+0545] {dagbag.py:538} INFO - Filling up the DagBag from /home/sarita/Documents/apache-airflow-project/.venv/lib/python3.9/site-packages/airflow/example_dags/example_datasets.py
[2023-12-27T09:38:48.991+0545] {processor.py:840} INFO - DAG(s) 'dataset_produces_2', 'dataset_consumes_unknown_never_scheduled', 'dataset_produces_1', 'dataset_consumes_1_never_scheduled', 'dataset_consumes_1_and_2', 'dataset_consumes_1' retrieved from /home/sarita/Documents/apache-airflow-project/.venv/lib/python3.9/site-packages/airflow/example_dags/example_datasets.py
[2023-12-27T09:38:49.011+0545] {logging_mixin.py:188} INFO - [2023-12-27T09:38:49.011+0545] {dag.py:3033} INFO - Sync 6 DAGs
[2023-12-27T09:38:49.028+0545] {logging_mixin.py:188} INFO - [2023-12-27T09:38:49.028+0545] {dag.py:3820} INFO - Setting next_dagrun for dataset_consumes_1 to None, run_after=None
[2023-12-27T09:38:49.030+0545] {logging_mixin.py:188} INFO - [2023-12-27T09:38:49.030+0545] {dag.py:3820} INFO - Setting next_dagrun for dataset_consumes_1_and_2 to None, run_after=None
[2023-12-27T09:38:49.031+0545] {logging_mixin.py:188} INFO - [2023-12-27T09:38:49.031+0545] {dag.py:3820} INFO - Setting next_dagrun for dataset_consumes_1_never_scheduled to None, run_after=None
[2023-12-27T09:38:49.032+0545] {logging_mixin.py:188} INFO - [2023-12-27T09:38:49.032+0545] {dag.py:3820} INFO - Setting next_dagrun for dataset_consumes_unknown_never_scheduled to None, run_after=None
[2023-12-27T09:38:49.034+0545] {logging_mixin.py:188} INFO - [2023-12-27T09:38:49.034+0545] {dag.py:3820} INFO - Setting next_dagrun for dataset_produces_1 to 2023-12-26T00:00:00+00:00, run_after=2023-12-27T00:00:00+00:00
[2023-12-27T09:38:49.035+0545] {logging_mixin.py:188} INFO - [2023-12-27T09:38:49.034+0545] {dag.py:3820} INFO - Setting next_dagrun for dataset_produces_2 to None, run_after=None
[2023-12-27T09:38:49.059+0545] {processor.py:183} INFO - Processing /home/sarita/Documents/apache-airflow-project/.venv/lib/python3.9/site-packages/airflow/example_dags/example_datasets.py took 0.079 seconds
[2023-12-27T09:39:44.151+0545] {processor.py:161} INFO - Started process (PID=7175) to work on /home/sarita/Documents/apache-airflow-project/.venv/lib/python3.9/site-packages/airflow/example_dags/example_datasets.py
[2023-12-27T09:39:44.154+0545] {processor.py:830} INFO - Processing file /home/sarita/Documents/apache-airflow-project/.venv/lib/python3.9/site-packages/airflow/example_dags/example_datasets.py for tasks to queue
[2023-12-27T09:39:44.156+0545] {logging_mixin.py:188} INFO - [2023-12-27T09:39:44.156+0545] {dagbag.py:538} INFO - Filling up the DagBag from /home/sarita/Documents/apache-airflow-project/.venv/lib/python3.9/site-packages/airflow/example_dags/example_datasets.py
[2023-12-27T09:39:44.183+0545] {processor.py:840} INFO - DAG(s) 'dataset_produces_1', 'dataset_consumes_1', 'dataset_produces_2', 'dataset_consumes_1_and_2', 'dataset_consumes_unknown_never_scheduled', 'dataset_consumes_1_never_scheduled' retrieved from /home/sarita/Documents/apache-airflow-project/.venv/lib/python3.9/site-packages/airflow/example_dags/example_datasets.py
[2023-12-27T09:39:44.211+0545] {logging_mixin.py:188} INFO - [2023-12-27T09:39:44.211+0545] {dag.py:3033} INFO - Sync 6 DAGs
[2023-12-27T09:39:44.226+0545] {logging_mixin.py:188} INFO - [2023-12-27T09:39:44.226+0545] {dag.py:3820} INFO - Setting next_dagrun for dataset_consumes_1 to None, run_after=None
[2023-12-27T09:39:44.229+0545] {logging_mixin.py:188} INFO - [2023-12-27T09:39:44.229+0545] {dag.py:3820} INFO - Setting next_dagrun for dataset_consumes_1_and_2 to None, run_after=None
[2023-12-27T09:39:44.230+0545] {logging_mixin.py:188} INFO - [2023-12-27T09:39:44.230+0545] {dag.py:3820} INFO - Setting next_dagrun for dataset_consumes_1_never_scheduled to None, run_after=None
[2023-12-27T09:39:44.231+0545] {logging_mixin.py:188} INFO - [2023-12-27T09:39:44.231+0545] {dag.py:3820} INFO - Setting next_dagrun for dataset_consumes_unknown_never_scheduled to None, run_after=None
[2023-12-27T09:39:44.233+0545] {logging_mixin.py:188} INFO - [2023-12-27T09:39:44.232+0545] {dag.py:3820} INFO - Setting next_dagrun for dataset_produces_1 to 2023-12-26T00:00:00+00:00, run_after=2023-12-27T00:00:00+00:00
[2023-12-27T09:39:44.233+0545] {logging_mixin.py:188} INFO - [2023-12-27T09:39:44.233+0545] {dag.py:3820} INFO - Setting next_dagrun for dataset_produces_2 to None, run_after=None
[2023-12-27T09:39:44.266+0545] {processor.py:183} INFO - Processing /home/sarita/Documents/apache-airflow-project/.venv/lib/python3.9/site-packages/airflow/example_dags/example_datasets.py took 0.119 seconds
[2023-12-27T09:40:40.070+0545] {processor.py:161} INFO - Started process (PID=7299) to work on /home/sarita/Documents/apache-airflow-project/.venv/lib/python3.9/site-packages/airflow/example_dags/example_datasets.py
[2023-12-27T09:40:40.073+0545] {processor.py:830} INFO - Processing file /home/sarita/Documents/apache-airflow-project/.venv/lib/python3.9/site-packages/airflow/example_dags/example_datasets.py for tasks to queue
[2023-12-27T09:40:40.074+0545] {logging_mixin.py:188} INFO - [2023-12-27T09:40:40.074+0545] {dagbag.py:538} INFO - Filling up the DagBag from /home/sarita/Documents/apache-airflow-project/.venv/lib/python3.9/site-packages/airflow/example_dags/example_datasets.py
[2023-12-27T09:40:40.084+0545] {processor.py:840} INFO - DAG(s) 'dataset_consumes_unknown_never_scheduled', 'dataset_consumes_1_never_scheduled', 'dataset_consumes_1_and_2', 'dataset_consumes_1', 'dataset_produces_2', 'dataset_produces_1' retrieved from /home/sarita/Documents/apache-airflow-project/.venv/lib/python3.9/site-packages/airflow/example_dags/example_datasets.py
[2023-12-27T09:40:40.107+0545] {logging_mixin.py:188} INFO - [2023-12-27T09:40:40.107+0545] {dag.py:3033} INFO - Sync 6 DAGs
[2023-12-27T09:40:40.123+0545] {logging_mixin.py:188} INFO - [2023-12-27T09:40:40.123+0545] {dag.py:3820} INFO - Setting next_dagrun for dataset_consumes_1 to None, run_after=None
[2023-12-27T09:40:40.126+0545] {logging_mixin.py:188} INFO - [2023-12-27T09:40:40.126+0545] {dag.py:3820} INFO - Setting next_dagrun for dataset_consumes_1_and_2 to None, run_after=None
[2023-12-27T09:40:40.127+0545] {logging_mixin.py:188} INFO - [2023-12-27T09:40:40.127+0545] {dag.py:3820} INFO - Setting next_dagrun for dataset_consumes_1_never_scheduled to None, run_after=None
[2023-12-27T09:40:40.127+0545] {logging_mixin.py:188} INFO - [2023-12-27T09:40:40.127+0545] {dag.py:3820} INFO - Setting next_dagrun for dataset_consumes_unknown_never_scheduled to None, run_after=None
[2023-12-27T09:40:40.130+0545] {logging_mixin.py:188} INFO - [2023-12-27T09:40:40.130+0545] {dag.py:3820} INFO - Setting next_dagrun for dataset_produces_1 to 2023-12-26T00:00:00+00:00, run_after=2023-12-27T00:00:00+00:00
[2023-12-27T09:40:40.131+0545] {logging_mixin.py:188} INFO - [2023-12-27T09:40:40.131+0545] {dag.py:3820} INFO - Setting next_dagrun for dataset_produces_2 to None, run_after=None
[2023-12-27T09:40:40.158+0545] {processor.py:183} INFO - Processing /home/sarita/Documents/apache-airflow-project/.venv/lib/python3.9/site-packages/airflow/example_dags/example_datasets.py took 0.092 seconds
[2023-12-27T09:41:33.642+0545] {processor.py:161} INFO - Started process (PID=7547) to work on /home/sarita/Documents/apache-airflow-project/.venv/lib/python3.9/site-packages/airflow/example_dags/example_datasets.py
[2023-12-27T09:41:33.645+0545] {processor.py:830} INFO - Processing file /home/sarita/Documents/apache-airflow-project/.venv/lib/python3.9/site-packages/airflow/example_dags/example_datasets.py for tasks to queue
[2023-12-27T09:41:33.646+0545] {logging_mixin.py:188} INFO - [2023-12-27T09:41:33.646+0545] {dagbag.py:538} INFO - Filling up the DagBag from /home/sarita/Documents/apache-airflow-project/.venv/lib/python3.9/site-packages/airflow/example_dags/example_datasets.py
[2023-12-27T09:41:33.658+0545] {processor.py:840} INFO - DAG(s) 'dataset_produces_1', 'dataset_produces_2', 'dataset_consumes_1', 'dataset_consumes_1_and_2', 'dataset_consumes_1_never_scheduled', 'dataset_consumes_unknown_never_scheduled' retrieved from /home/sarita/Documents/apache-airflow-project/.venv/lib/python3.9/site-packages/airflow/example_dags/example_datasets.py
[2023-12-27T09:41:33.683+0545] {logging_mixin.py:188} INFO - [2023-12-27T09:41:33.683+0545] {dag.py:3033} INFO - Sync 6 DAGs
[2023-12-27T09:41:33.700+0545] {logging_mixin.py:188} INFO - [2023-12-27T09:41:33.700+0545] {dag.py:3820} INFO - Setting next_dagrun for dataset_consumes_1 to None, run_after=None
[2023-12-27T09:41:33.703+0545] {logging_mixin.py:188} INFO - [2023-12-27T09:41:33.702+0545] {dag.py:3820} INFO - Setting next_dagrun for dataset_consumes_1_and_2 to None, run_after=None
[2023-12-27T09:41:33.703+0545] {logging_mixin.py:188} INFO - [2023-12-27T09:41:33.703+0545] {dag.py:3820} INFO - Setting next_dagrun for dataset_consumes_1_never_scheduled to None, run_after=None
[2023-12-27T09:41:33.704+0545] {logging_mixin.py:188} INFO - [2023-12-27T09:41:33.704+0545] {dag.py:3820} INFO - Setting next_dagrun for dataset_consumes_unknown_never_scheduled to None, run_after=None
[2023-12-27T09:41:33.706+0545] {logging_mixin.py:188} INFO - [2023-12-27T09:41:33.706+0545] {dag.py:3820} INFO - Setting next_dagrun for dataset_produces_1 to 2023-12-26T00:00:00+00:00, run_after=2023-12-27T00:00:00+00:00
[2023-12-27T09:41:33.707+0545] {logging_mixin.py:188} INFO - [2023-12-27T09:41:33.707+0545] {dag.py:3820} INFO - Setting next_dagrun for dataset_produces_2 to None, run_after=None
[2023-12-27T09:41:33.733+0545] {processor.py:183} INFO - Processing /home/sarita/Documents/apache-airflow-project/.venv/lib/python3.9/site-packages/airflow/example_dags/example_datasets.py took 0.097 seconds
[2023-12-27T09:42:31.384+0545] {processor.py:161} INFO - Started process (PID=7788) to work on /home/sarita/Documents/apache-airflow-project/.venv/lib/python3.9/site-packages/airflow/example_dags/example_datasets.py
[2023-12-27T09:42:31.387+0545] {processor.py:830} INFO - Processing file /home/sarita/Documents/apache-airflow-project/.venv/lib/python3.9/site-packages/airflow/example_dags/example_datasets.py for tasks to queue
[2023-12-27T09:42:31.388+0545] {logging_mixin.py:188} INFO - [2023-12-27T09:42:31.387+0545] {dagbag.py:538} INFO - Filling up the DagBag from /home/sarita/Documents/apache-airflow-project/.venv/lib/python3.9/site-packages/airflow/example_dags/example_datasets.py
[2023-12-27T09:42:31.403+0545] {processor.py:840} INFO - DAG(s) 'dataset_consumes_unknown_never_scheduled', 'dataset_produces_1', 'dataset_produces_2', 'dataset_consumes_1_never_scheduled', 'dataset_consumes_1_and_2', 'dataset_consumes_1' retrieved from /home/sarita/Documents/apache-airflow-project/.venv/lib/python3.9/site-packages/airflow/example_dags/example_datasets.py
[2023-12-27T09:42:31.427+0545] {logging_mixin.py:188} INFO - [2023-12-27T09:42:31.426+0545] {dag.py:3033} INFO - Sync 6 DAGs
[2023-12-27T09:42:31.443+0545] {logging_mixin.py:188} INFO - [2023-12-27T09:42:31.443+0545] {dag.py:3820} INFO - Setting next_dagrun for dataset_consumes_1 to None, run_after=None
[2023-12-27T09:42:31.445+0545] {logging_mixin.py:188} INFO - [2023-12-27T09:42:31.445+0545] {dag.py:3820} INFO - Setting next_dagrun for dataset_consumes_1_and_2 to None, run_after=None
[2023-12-27T09:42:31.446+0545] {logging_mixin.py:188} INFO - [2023-12-27T09:42:31.446+0545] {dag.py:3820} INFO - Setting next_dagrun for dataset_consumes_1_never_scheduled to None, run_after=None
[2023-12-27T09:42:31.447+0545] {logging_mixin.py:188} INFO - [2023-12-27T09:42:31.447+0545] {dag.py:3820} INFO - Setting next_dagrun for dataset_consumes_unknown_never_scheduled to None, run_after=None
[2023-12-27T09:42:31.449+0545] {logging_mixin.py:188} INFO - [2023-12-27T09:42:31.448+0545] {dag.py:3820} INFO - Setting next_dagrun for dataset_produces_1 to 2023-12-26T00:00:00+00:00, run_after=2023-12-27T00:00:00+00:00
[2023-12-27T09:42:31.449+0545] {logging_mixin.py:188} INFO - [2023-12-27T09:42:31.449+0545] {dag.py:3820} INFO - Setting next_dagrun for dataset_produces_2 to None, run_after=None
[2023-12-27T09:42:31.477+0545] {processor.py:183} INFO - Processing /home/sarita/Documents/apache-airflow-project/.venv/lib/python3.9/site-packages/airflow/example_dags/example_datasets.py took 0.098 seconds
[2023-12-27T09:43:21.848+0545] {processor.py:161} INFO - Started process (PID=7871) to work on /home/sarita/Documents/apache-airflow-project/.venv/lib/python3.9/site-packages/airflow/example_dags/example_datasets.py
[2023-12-27T09:43:21.850+0545] {processor.py:830} INFO - Processing file /home/sarita/Documents/apache-airflow-project/.venv/lib/python3.9/site-packages/airflow/example_dags/example_datasets.py for tasks to queue
[2023-12-27T09:43:21.851+0545] {logging_mixin.py:188} INFO - [2023-12-27T09:43:21.851+0545] {dagbag.py:538} INFO - Filling up the DagBag from /home/sarita/Documents/apache-airflow-project/.venv/lib/python3.9/site-packages/airflow/example_dags/example_datasets.py
[2023-12-27T09:43:21.862+0545] {processor.py:840} INFO - DAG(s) 'dataset_consumes_1', 'dataset_produces_2', 'dataset_consumes_1_never_scheduled', 'dataset_consumes_unknown_never_scheduled', 'dataset_consumes_1_and_2', 'dataset_produces_1' retrieved from /home/sarita/Documents/apache-airflow-project/.venv/lib/python3.9/site-packages/airflow/example_dags/example_datasets.py
[2023-12-27T09:43:21.885+0545] {logging_mixin.py:188} INFO - [2023-12-27T09:43:21.885+0545] {dag.py:3033} INFO - Sync 6 DAGs
[2023-12-27T09:43:21.901+0545] {logging_mixin.py:188} INFO - [2023-12-27T09:43:21.901+0545] {dag.py:3820} INFO - Setting next_dagrun for dataset_consumes_1 to None, run_after=None
[2023-12-27T09:43:21.904+0545] {logging_mixin.py:188} INFO - [2023-12-27T09:43:21.903+0545] {dag.py:3820} INFO - Setting next_dagrun for dataset_consumes_1_and_2 to None, run_after=None
[2023-12-27T09:43:21.905+0545] {logging_mixin.py:188} INFO - [2023-12-27T09:43:21.904+0545] {dag.py:3820} INFO - Setting next_dagrun for dataset_consumes_1_never_scheduled to None, run_after=None
[2023-12-27T09:43:21.905+0545] {logging_mixin.py:188} INFO - [2023-12-27T09:43:21.905+0545] {dag.py:3820} INFO - Setting next_dagrun for dataset_consumes_unknown_never_scheduled to None, run_after=None
[2023-12-27T09:43:21.907+0545] {logging_mixin.py:188} INFO - [2023-12-27T09:43:21.907+0545] {dag.py:3820} INFO - Setting next_dagrun for dataset_produces_1 to 2023-12-26T00:00:00+00:00, run_after=2023-12-27T00:00:00+00:00
[2023-12-27T09:43:21.908+0545] {logging_mixin.py:188} INFO - [2023-12-27T09:43:21.908+0545] {dag.py:3820} INFO - Setting next_dagrun for dataset_produces_2 to None, run_after=None
[2023-12-27T09:43:21.941+0545] {processor.py:183} INFO - Processing /home/sarita/Documents/apache-airflow-project/.venv/lib/python3.9/site-packages/airflow/example_dags/example_datasets.py took 0.096 seconds
[2023-12-27T09:44:19.233+0545] {processor.py:161} INFO - Started process (PID=7944) to work on /home/sarita/Documents/apache-airflow-project/.venv/lib/python3.9/site-packages/airflow/example_dags/example_datasets.py
[2023-12-27T09:44:19.236+0545] {processor.py:830} INFO - Processing file /home/sarita/Documents/apache-airflow-project/.venv/lib/python3.9/site-packages/airflow/example_dags/example_datasets.py for tasks to queue
[2023-12-27T09:44:19.238+0545] {logging_mixin.py:188} INFO - [2023-12-27T09:44:19.237+0545] {dagbag.py:538} INFO - Filling up the DagBag from /home/sarita/Documents/apache-airflow-project/.venv/lib/python3.9/site-packages/airflow/example_dags/example_datasets.py
[2023-12-27T09:44:19.254+0545] {processor.py:840} INFO - DAG(s) 'dataset_consumes_1_never_scheduled', 'dataset_produces_2', 'dataset_consumes_1', 'dataset_consumes_unknown_never_scheduled', 'dataset_consumes_1_and_2', 'dataset_produces_1' retrieved from /home/sarita/Documents/apache-airflow-project/.venv/lib/python3.9/site-packages/airflow/example_dags/example_datasets.py
[2023-12-27T09:44:19.278+0545] {logging_mixin.py:188} INFO - [2023-12-27T09:44:19.278+0545] {dag.py:3033} INFO - Sync 6 DAGs
[2023-12-27T09:44:19.294+0545] {logging_mixin.py:188} INFO - [2023-12-27T09:44:19.294+0545] {dag.py:3820} INFO - Setting next_dagrun for dataset_consumes_1 to None, run_after=None
[2023-12-27T09:44:19.297+0545] {logging_mixin.py:188} INFO - [2023-12-27T09:44:19.297+0545] {dag.py:3820} INFO - Setting next_dagrun for dataset_consumes_1_and_2 to None, run_after=None
[2023-12-27T09:44:19.298+0545] {logging_mixin.py:188} INFO - [2023-12-27T09:44:19.297+0545] {dag.py:3820} INFO - Setting next_dagrun for dataset_consumes_1_never_scheduled to None, run_after=None
[2023-12-27T09:44:19.298+0545] {logging_mixin.py:188} INFO - [2023-12-27T09:44:19.298+0545] {dag.py:3820} INFO - Setting next_dagrun for dataset_consumes_unknown_never_scheduled to None, run_after=None
[2023-12-27T09:44:19.300+0545] {logging_mixin.py:188} INFO - [2023-12-27T09:44:19.300+0545] {dag.py:3820} INFO - Setting next_dagrun for dataset_produces_1 to 2023-12-26T00:00:00+00:00, run_after=2023-12-27T00:00:00+00:00
[2023-12-27T09:44:19.301+0545] {logging_mixin.py:188} INFO - [2023-12-27T09:44:19.301+0545] {dag.py:3820} INFO - Setting next_dagrun for dataset_produces_2 to None, run_after=None
[2023-12-27T09:44:19.326+0545] {processor.py:183} INFO - Processing /home/sarita/Documents/apache-airflow-project/.venv/lib/python3.9/site-packages/airflow/example_dags/example_datasets.py took 0.098 seconds
[2023-12-27T09:45:12.869+0545] {processor.py:161} INFO - Started process (PID=8019) to work on /home/sarita/Documents/apache-airflow-project/.venv/lib/python3.9/site-packages/airflow/example_dags/example_datasets.py
[2023-12-27T09:45:12.871+0545] {processor.py:830} INFO - Processing file /home/sarita/Documents/apache-airflow-project/.venv/lib/python3.9/site-packages/airflow/example_dags/example_datasets.py for tasks to queue
[2023-12-27T09:45:12.872+0545] {logging_mixin.py:188} INFO - [2023-12-27T09:45:12.872+0545] {dagbag.py:538} INFO - Filling up the DagBag from /home/sarita/Documents/apache-airflow-project/.venv/lib/python3.9/site-packages/airflow/example_dags/example_datasets.py
[2023-12-27T09:45:12.881+0545] {processor.py:840} INFO - DAG(s) 'dataset_consumes_1_never_scheduled', 'dataset_consumes_unknown_never_scheduled', 'dataset_produces_1', 'dataset_consumes_1', 'dataset_produces_2', 'dataset_consumes_1_and_2' retrieved from /home/sarita/Documents/apache-airflow-project/.venv/lib/python3.9/site-packages/airflow/example_dags/example_datasets.py
[2023-12-27T09:45:12.903+0545] {logging_mixin.py:188} INFO - [2023-12-27T09:45:12.903+0545] {dag.py:3033} INFO - Sync 6 DAGs
[2023-12-27T09:45:12.920+0545] {logging_mixin.py:188} INFO - [2023-12-27T09:45:12.920+0545] {dag.py:3820} INFO - Setting next_dagrun for dataset_consumes_1 to None, run_after=None
[2023-12-27T09:45:12.922+0545] {logging_mixin.py:188} INFO - [2023-12-27T09:45:12.922+0545] {dag.py:3820} INFO - Setting next_dagrun for dataset_consumes_1_and_2 to None, run_after=None
[2023-12-27T09:45:12.924+0545] {logging_mixin.py:188} INFO - [2023-12-27T09:45:12.924+0545] {dag.py:3820} INFO - Setting next_dagrun for dataset_consumes_1_never_scheduled to None, run_after=None
[2023-12-27T09:45:12.925+0545] {logging_mixin.py:188} INFO - [2023-12-27T09:45:12.925+0545] {dag.py:3820} INFO - Setting next_dagrun for dataset_consumes_unknown_never_scheduled to None, run_after=None
[2023-12-27T09:45:12.927+0545] {logging_mixin.py:188} INFO - [2023-12-27T09:45:12.927+0545] {dag.py:3820} INFO - Setting next_dagrun for dataset_produces_1 to 2023-12-26T00:00:00+00:00, run_after=2023-12-27T00:00:00+00:00
[2023-12-27T09:45:12.928+0545] {logging_mixin.py:188} INFO - [2023-12-27T09:45:12.928+0545] {dag.py:3820} INFO - Setting next_dagrun for dataset_produces_2 to None, run_after=None
[2023-12-27T09:45:12.957+0545] {processor.py:183} INFO - Processing /home/sarita/Documents/apache-airflow-project/.venv/lib/python3.9/site-packages/airflow/example_dags/example_datasets.py took 0.092 seconds
[2023-12-27T09:46:07.927+0545] {processor.py:161} INFO - Started process (PID=8480) to work on /home/sarita/Documents/apache-airflow-project/.venv/lib/python3.9/site-packages/airflow/example_dags/example_datasets.py
[2023-12-27T09:46:07.935+0545] {processor.py:830} INFO - Processing file /home/sarita/Documents/apache-airflow-project/.venv/lib/python3.9/site-packages/airflow/example_dags/example_datasets.py for tasks to queue
[2023-12-27T09:46:07.936+0545] {logging_mixin.py:188} INFO - [2023-12-27T09:46:07.936+0545] {dagbag.py:538} INFO - Filling up the DagBag from /home/sarita/Documents/apache-airflow-project/.venv/lib/python3.9/site-packages/airflow/example_dags/example_datasets.py
[2023-12-27T09:46:07.953+0545] {processor.py:840} INFO - DAG(s) 'dataset_produces_1', 'dataset_consumes_unknown_never_scheduled', 'dataset_produces_2', 'dataset_consumes_1_never_scheduled', 'dataset_consumes_1_and_2', 'dataset_consumes_1' retrieved from /home/sarita/Documents/apache-airflow-project/.venv/lib/python3.9/site-packages/airflow/example_dags/example_datasets.py
[2023-12-27T09:46:07.980+0545] {logging_mixin.py:188} INFO - [2023-12-27T09:46:07.980+0545] {dag.py:3033} INFO - Sync 6 DAGs
[2023-12-27T09:46:07.997+0545] {logging_mixin.py:188} INFO - [2023-12-27T09:46:07.996+0545] {dag.py:3820} INFO - Setting next_dagrun for dataset_consumes_1 to None, run_after=None
[2023-12-27T09:46:07.999+0545] {logging_mixin.py:188} INFO - [2023-12-27T09:46:07.999+0545] {dag.py:3820} INFO - Setting next_dagrun for dataset_consumes_1_and_2 to None, run_after=None
[2023-12-27T09:46:08.000+0545] {logging_mixin.py:188} INFO - [2023-12-27T09:46:08.000+0545] {dag.py:3820} INFO - Setting next_dagrun for dataset_consumes_1_never_scheduled to None, run_after=None
[2023-12-27T09:46:08.001+0545] {logging_mixin.py:188} INFO - [2023-12-27T09:46:08.001+0545] {dag.py:3820} INFO - Setting next_dagrun for dataset_consumes_unknown_never_scheduled to None, run_after=None
[2023-12-27T09:46:08.003+0545] {logging_mixin.py:188} INFO - [2023-12-27T09:46:08.003+0545] {dag.py:3820} INFO - Setting next_dagrun for dataset_produces_1 to 2023-12-26T00:00:00+00:00, run_after=2023-12-27T00:00:00+00:00
[2023-12-27T09:46:08.004+0545] {logging_mixin.py:188} INFO - [2023-12-27T09:46:08.004+0545] {dag.py:3820} INFO - Setting next_dagrun for dataset_produces_2 to None, run_after=None
[2023-12-27T09:46:08.036+0545] {processor.py:183} INFO - Processing /home/sarita/Documents/apache-airflow-project/.venv/lib/python3.9/site-packages/airflow/example_dags/example_datasets.py took 0.113 seconds
[2023-12-27T09:47:02.579+0545] {processor.py:161} INFO - Started process (PID=8535) to work on /home/sarita/Documents/apache-airflow-project/.venv/lib/python3.9/site-packages/airflow/example_dags/example_datasets.py
[2023-12-27T09:47:02.582+0545] {processor.py:830} INFO - Processing file /home/sarita/Documents/apache-airflow-project/.venv/lib/python3.9/site-packages/airflow/example_dags/example_datasets.py for tasks to queue
[2023-12-27T09:47:02.583+0545] {logging_mixin.py:188} INFO - [2023-12-27T09:47:02.583+0545] {dagbag.py:538} INFO - Filling up the DagBag from /home/sarita/Documents/apache-airflow-project/.venv/lib/python3.9/site-packages/airflow/example_dags/example_datasets.py
[2023-12-27T09:47:02.597+0545] {processor.py:840} INFO - DAG(s) 'dataset_consumes_unknown_never_scheduled', 'dataset_produces_1', 'dataset_consumes_1_never_scheduled', 'dataset_produces_2', 'dataset_consumes_1', 'dataset_consumes_1_and_2' retrieved from /home/sarita/Documents/apache-airflow-project/.venv/lib/python3.9/site-packages/airflow/example_dags/example_datasets.py
[2023-12-27T09:47:02.624+0545] {logging_mixin.py:188} INFO - [2023-12-27T09:47:02.624+0545] {dag.py:3033} INFO - Sync 6 DAGs
[2023-12-27T09:47:02.643+0545] {logging_mixin.py:188} INFO - [2023-12-27T09:47:02.642+0545] {dag.py:3820} INFO - Setting next_dagrun for dataset_consumes_1 to None, run_after=None
[2023-12-27T09:47:02.645+0545] {logging_mixin.py:188} INFO - [2023-12-27T09:47:02.645+0545] {dag.py:3820} INFO - Setting next_dagrun for dataset_consumes_1_and_2 to None, run_after=None
[2023-12-27T09:47:02.646+0545] {logging_mixin.py:188} INFO - [2023-12-27T09:47:02.646+0545] {dag.py:3820} INFO - Setting next_dagrun for dataset_consumes_1_never_scheduled to None, run_after=None
[2023-12-27T09:47:02.647+0545] {logging_mixin.py:188} INFO - [2023-12-27T09:47:02.647+0545] {dag.py:3820} INFO - Setting next_dagrun for dataset_consumes_unknown_never_scheduled to None, run_after=None
[2023-12-27T09:47:02.649+0545] {logging_mixin.py:188} INFO - [2023-12-27T09:47:02.649+0545] {dag.py:3820} INFO - Setting next_dagrun for dataset_produces_1 to 2023-12-26T00:00:00+00:00, run_after=2023-12-27T00:00:00+00:00
[2023-12-27T09:47:02.650+0545] {logging_mixin.py:188} INFO - [2023-12-27T09:47:02.650+0545] {dag.py:3820} INFO - Setting next_dagrun for dataset_produces_2 to None, run_after=None
[2023-12-27T09:47:02.674+0545] {processor.py:183} INFO - Processing /home/sarita/Documents/apache-airflow-project/.venv/lib/python3.9/site-packages/airflow/example_dags/example_datasets.py took 0.098 seconds
[2023-12-27T09:48:02.040+0545] {processor.py:161} INFO - Started process (PID=8618) to work on /home/sarita/Documents/apache-airflow-project/.venv/lib/python3.9/site-packages/airflow/example_dags/example_datasets.py
[2023-12-27T09:48:02.042+0545] {processor.py:830} INFO - Processing file /home/sarita/Documents/apache-airflow-project/.venv/lib/python3.9/site-packages/airflow/example_dags/example_datasets.py for tasks to queue
[2023-12-27T09:48:02.043+0545] {logging_mixin.py:188} INFO - [2023-12-27T09:48:02.043+0545] {dagbag.py:538} INFO - Filling up the DagBag from /home/sarita/Documents/apache-airflow-project/.venv/lib/python3.9/site-packages/airflow/example_dags/example_datasets.py
[2023-12-27T09:48:02.051+0545] {processor.py:840} INFO - DAG(s) 'dataset_consumes_unknown_never_scheduled', 'dataset_produces_2', 'dataset_consumes_1_and_2', 'dataset_consumes_1', 'dataset_consumes_1_never_scheduled', 'dataset_produces_1' retrieved from /home/sarita/Documents/apache-airflow-project/.venv/lib/python3.9/site-packages/airflow/example_dags/example_datasets.py
[2023-12-27T09:48:02.073+0545] {logging_mixin.py:188} INFO - [2023-12-27T09:48:02.073+0545] {dag.py:3033} INFO - Sync 6 DAGs
[2023-12-27T09:48:02.092+0545] {logging_mixin.py:188} INFO - [2023-12-27T09:48:02.092+0545] {dag.py:3820} INFO - Setting next_dagrun for dataset_consumes_1 to None, run_after=None
[2023-12-27T09:48:02.095+0545] {logging_mixin.py:188} INFO - [2023-12-27T09:48:02.095+0545] {dag.py:3820} INFO - Setting next_dagrun for dataset_consumes_1_and_2 to None, run_after=None
[2023-12-27T09:48:02.096+0545] {logging_mixin.py:188} INFO - [2023-12-27T09:48:02.096+0545] {dag.py:3820} INFO - Setting next_dagrun for dataset_consumes_1_never_scheduled to None, run_after=None
[2023-12-27T09:48:02.097+0545] {logging_mixin.py:188} INFO - [2023-12-27T09:48:02.097+0545] {dag.py:3820} INFO - Setting next_dagrun for dataset_consumes_unknown_never_scheduled to None, run_after=None
[2023-12-27T09:48:02.099+0545] {logging_mixin.py:188} INFO - [2023-12-27T09:48:02.099+0545] {dag.py:3820} INFO - Setting next_dagrun for dataset_produces_1 to 2023-12-26T00:00:00+00:00, run_after=2023-12-27T00:00:00+00:00
[2023-12-27T09:48:02.100+0545] {logging_mixin.py:188} INFO - [2023-12-27T09:48:02.099+0545] {dag.py:3820} INFO - Setting next_dagrun for dataset_produces_2 to None, run_after=None
[2023-12-27T09:48:02.128+0545] {processor.py:183} INFO - Processing /home/sarita/Documents/apache-airflow-project/.venv/lib/python3.9/site-packages/airflow/example_dags/example_datasets.py took 0.091 seconds
[2023-12-27T09:48:58.573+0545] {processor.py:161} INFO - Started process (PID=8680) to work on /home/sarita/Documents/apache-airflow-project/.venv/lib/python3.9/site-packages/airflow/example_dags/example_datasets.py
[2023-12-27T09:48:58.576+0545] {processor.py:830} INFO - Processing file /home/sarita/Documents/apache-airflow-project/.venv/lib/python3.9/site-packages/airflow/example_dags/example_datasets.py for tasks to queue
[2023-12-27T09:48:58.578+0545] {logging_mixin.py:188} INFO - [2023-12-27T09:48:58.578+0545] {dagbag.py:538} INFO - Filling up the DagBag from /home/sarita/Documents/apache-airflow-project/.venv/lib/python3.9/site-packages/airflow/example_dags/example_datasets.py
[2023-12-27T09:48:58.597+0545] {processor.py:840} INFO - DAG(s) 'dataset_consumes_unknown_never_scheduled', 'dataset_produces_2', 'dataset_produces_1', 'dataset_consumes_1_and_2', 'dataset_consumes_1_never_scheduled', 'dataset_consumes_1' retrieved from /home/sarita/Documents/apache-airflow-project/.venv/lib/python3.9/site-packages/airflow/example_dags/example_datasets.py
[2023-12-27T09:48:58.621+0545] {logging_mixin.py:188} INFO - [2023-12-27T09:48:58.621+0545] {dag.py:3033} INFO - Sync 6 DAGs
[2023-12-27T09:48:58.637+0545] {logging_mixin.py:188} INFO - [2023-12-27T09:48:58.637+0545] {dag.py:3820} INFO - Setting next_dagrun for dataset_consumes_1 to None, run_after=None
[2023-12-27T09:48:58.639+0545] {logging_mixin.py:188} INFO - [2023-12-27T09:48:58.639+0545] {dag.py:3820} INFO - Setting next_dagrun for dataset_consumes_1_and_2 to None, run_after=None
[2023-12-27T09:48:58.640+0545] {logging_mixin.py:188} INFO - [2023-12-27T09:48:58.640+0545] {dag.py:3820} INFO - Setting next_dagrun for dataset_consumes_1_never_scheduled to None, run_after=None
[2023-12-27T09:48:58.641+0545] {logging_mixin.py:188} INFO - [2023-12-27T09:48:58.641+0545] {dag.py:3820} INFO - Setting next_dagrun for dataset_consumes_unknown_never_scheduled to None, run_after=None
[2023-12-27T09:48:58.643+0545] {logging_mixin.py:188} INFO - [2023-12-27T09:48:58.643+0545] {dag.py:3820} INFO - Setting next_dagrun for dataset_produces_1 to 2023-12-26T00:00:00+00:00, run_after=2023-12-27T00:00:00+00:00
[2023-12-27T09:48:58.643+0545] {logging_mixin.py:188} INFO - [2023-12-27T09:48:58.643+0545] {dag.py:3820} INFO - Setting next_dagrun for dataset_produces_2 to None, run_after=None
[2023-12-27T09:48:58.666+0545] {processor.py:183} INFO - Processing /home/sarita/Documents/apache-airflow-project/.venv/lib/python3.9/site-packages/airflow/example_dags/example_datasets.py took 0.100 seconds
[2023-12-27T09:49:52.889+0545] {processor.py:161} INFO - Started process (PID=8739) to work on /home/sarita/Documents/apache-airflow-project/.venv/lib/python3.9/site-packages/airflow/example_dags/example_datasets.py
[2023-12-27T09:49:52.891+0545] {processor.py:830} INFO - Processing file /home/sarita/Documents/apache-airflow-project/.venv/lib/python3.9/site-packages/airflow/example_dags/example_datasets.py for tasks to queue
[2023-12-27T09:49:52.892+0545] {logging_mixin.py:188} INFO - [2023-12-27T09:49:52.892+0545] {dagbag.py:538} INFO - Filling up the DagBag from /home/sarita/Documents/apache-airflow-project/.venv/lib/python3.9/site-packages/airflow/example_dags/example_datasets.py
[2023-12-27T09:49:52.901+0545] {processor.py:840} INFO - DAG(s) 'dataset_consumes_unknown_never_scheduled', 'dataset_consumes_1_and_2', 'dataset_consumes_1_never_scheduled', 'dataset_produces_1', 'dataset_produces_2', 'dataset_consumes_1' retrieved from /home/sarita/Documents/apache-airflow-project/.venv/lib/python3.9/site-packages/airflow/example_dags/example_datasets.py
[2023-12-27T09:49:52.925+0545] {logging_mixin.py:188} INFO - [2023-12-27T09:49:52.925+0545] {dag.py:3033} INFO - Sync 6 DAGs
[2023-12-27T09:49:52.941+0545] {logging_mixin.py:188} INFO - [2023-12-27T09:49:52.941+0545] {dag.py:3820} INFO - Setting next_dagrun for dataset_consumes_1 to None, run_after=None
[2023-12-27T09:49:52.943+0545] {logging_mixin.py:188} INFO - [2023-12-27T09:49:52.943+0545] {dag.py:3820} INFO - Setting next_dagrun for dataset_consumes_1_and_2 to None, run_after=None
[2023-12-27T09:49:52.944+0545] {logging_mixin.py:188} INFO - [2023-12-27T09:49:52.944+0545] {dag.py:3820} INFO - Setting next_dagrun for dataset_consumes_1_never_scheduled to None, run_after=None
[2023-12-27T09:49:52.945+0545] {logging_mixin.py:188} INFO - [2023-12-27T09:49:52.945+0545] {dag.py:3820} INFO - Setting next_dagrun for dataset_consumes_unknown_never_scheduled to None, run_after=None
[2023-12-27T09:49:52.947+0545] {logging_mixin.py:188} INFO - [2023-12-27T09:49:52.946+0545] {dag.py:3820} INFO - Setting next_dagrun for dataset_produces_1 to 2023-12-26T00:00:00+00:00, run_after=2023-12-27T00:00:00+00:00
[2023-12-27T09:49:52.947+0545] {logging_mixin.py:188} INFO - [2023-12-27T09:49:52.947+0545] {dag.py:3820} INFO - Setting next_dagrun for dataset_produces_2 to None, run_after=None
[2023-12-27T09:49:52.972+0545] {processor.py:183} INFO - Processing /home/sarita/Documents/apache-airflow-project/.venv/lib/python3.9/site-packages/airflow/example_dags/example_datasets.py took 0.085 seconds
[2023-12-27T09:50:52.138+0545] {processor.py:161} INFO - Started process (PID=8839) to work on /home/sarita/Documents/apache-airflow-project/.venv/lib/python3.9/site-packages/airflow/example_dags/example_datasets.py
[2023-12-27T09:50:52.140+0545] {processor.py:830} INFO - Processing file /home/sarita/Documents/apache-airflow-project/.venv/lib/python3.9/site-packages/airflow/example_dags/example_datasets.py for tasks to queue
[2023-12-27T09:50:52.140+0545] {logging_mixin.py:188} INFO - [2023-12-27T09:50:52.140+0545] {dagbag.py:538} INFO - Filling up the DagBag from /home/sarita/Documents/apache-airflow-project/.venv/lib/python3.9/site-packages/airflow/example_dags/example_datasets.py
[2023-12-27T09:50:52.149+0545] {processor.py:840} INFO - DAG(s) 'dataset_produces_2', 'dataset_produces_1', 'dataset_consumes_1', 'dataset_consumes_unknown_never_scheduled', 'dataset_consumes_1_and_2', 'dataset_consumes_1_never_scheduled' retrieved from /home/sarita/Documents/apache-airflow-project/.venv/lib/python3.9/site-packages/airflow/example_dags/example_datasets.py
[2023-12-27T09:50:52.171+0545] {logging_mixin.py:188} INFO - [2023-12-27T09:50:52.171+0545] {dag.py:3033} INFO - Sync 6 DAGs
[2023-12-27T09:50:52.188+0545] {logging_mixin.py:188} INFO - [2023-12-27T09:50:52.188+0545] {dag.py:3820} INFO - Setting next_dagrun for dataset_consumes_1 to None, run_after=None
[2023-12-27T09:50:52.191+0545] {logging_mixin.py:188} INFO - [2023-12-27T09:50:52.191+0545] {dag.py:3820} INFO - Setting next_dagrun for dataset_consumes_1_and_2 to None, run_after=None
[2023-12-27T09:50:52.192+0545] {logging_mixin.py:188} INFO - [2023-12-27T09:50:52.192+0545] {dag.py:3820} INFO - Setting next_dagrun for dataset_consumes_1_never_scheduled to None, run_after=None
[2023-12-27T09:50:52.193+0545] {logging_mixin.py:188} INFO - [2023-12-27T09:50:52.193+0545] {dag.py:3820} INFO - Setting next_dagrun for dataset_consumes_unknown_never_scheduled to None, run_after=None
[2023-12-27T09:50:52.195+0545] {logging_mixin.py:188} INFO - [2023-12-27T09:50:52.195+0545] {dag.py:3820} INFO - Setting next_dagrun for dataset_produces_1 to 2023-12-26T00:00:00+00:00, run_after=2023-12-27T00:00:00+00:00
[2023-12-27T09:50:52.196+0545] {logging_mixin.py:188} INFO - [2023-12-27T09:50:52.196+0545] {dag.py:3820} INFO - Setting next_dagrun for dataset_produces_2 to None, run_after=None
[2023-12-27T09:50:52.223+0545] {processor.py:183} INFO - Processing /home/sarita/Documents/apache-airflow-project/.venv/lib/python3.9/site-packages/airflow/example_dags/example_datasets.py took 0.087 seconds
[2023-12-27T09:51:51.293+0545] {processor.py:161} INFO - Started process (PID=8913) to work on /home/sarita/Documents/apache-airflow-project/.venv/lib/python3.9/site-packages/airflow/example_dags/example_datasets.py
[2023-12-27T09:51:51.296+0545] {processor.py:830} INFO - Processing file /home/sarita/Documents/apache-airflow-project/.venv/lib/python3.9/site-packages/airflow/example_dags/example_datasets.py for tasks to queue
[2023-12-27T09:51:51.297+0545] {logging_mixin.py:188} INFO - [2023-12-27T09:51:51.296+0545] {dagbag.py:538} INFO - Filling up the DagBag from /home/sarita/Documents/apache-airflow-project/.venv/lib/python3.9/site-packages/airflow/example_dags/example_datasets.py
[2023-12-27T09:51:51.311+0545] {processor.py:840} INFO - DAG(s) 'dataset_consumes_1', 'dataset_consumes_1_never_scheduled', 'dataset_consumes_1_and_2', 'dataset_produces_1', 'dataset_produces_2', 'dataset_consumes_unknown_never_scheduled' retrieved from /home/sarita/Documents/apache-airflow-project/.venv/lib/python3.9/site-packages/airflow/example_dags/example_datasets.py
[2023-12-27T09:51:51.337+0545] {logging_mixin.py:188} INFO - [2023-12-27T09:51:51.336+0545] {dag.py:3033} INFO - Sync 6 DAGs
[2023-12-27T09:51:51.353+0545] {logging_mixin.py:188} INFO - [2023-12-27T09:51:51.353+0545] {dag.py:3820} INFO - Setting next_dagrun for dataset_consumes_1 to None, run_after=None
[2023-12-27T09:51:51.356+0545] {logging_mixin.py:188} INFO - [2023-12-27T09:51:51.356+0545] {dag.py:3820} INFO - Setting next_dagrun for dataset_consumes_1_and_2 to None, run_after=None
[2023-12-27T09:51:51.357+0545] {logging_mixin.py:188} INFO - [2023-12-27T09:51:51.357+0545] {dag.py:3820} INFO - Setting next_dagrun for dataset_consumes_1_never_scheduled to None, run_after=None
[2023-12-27T09:51:51.358+0545] {logging_mixin.py:188} INFO - [2023-12-27T09:51:51.358+0545] {dag.py:3820} INFO - Setting next_dagrun for dataset_consumes_unknown_never_scheduled to None, run_after=None
[2023-12-27T09:51:51.360+0545] {logging_mixin.py:188} INFO - [2023-12-27T09:51:51.360+0545] {dag.py:3820} INFO - Setting next_dagrun for dataset_produces_1 to 2023-12-26T00:00:00+00:00, run_after=2023-12-27T00:00:00+00:00
[2023-12-27T09:51:51.361+0545] {logging_mixin.py:188} INFO - [2023-12-27T09:51:51.361+0545] {dag.py:3820} INFO - Setting next_dagrun for dataset_produces_2 to None, run_after=None
[2023-12-27T09:51:51.387+0545] {processor.py:183} INFO - Processing /home/sarita/Documents/apache-airflow-project/.venv/lib/python3.9/site-packages/airflow/example_dags/example_datasets.py took 0.100 seconds
[2023-12-27T12:18:11.366+0545] {processor.py:161} INFO - Started process (PID=13594) to work on /home/sarita/Documents/apache-airflow-project/.venv/lib/python3.9/site-packages/airflow/example_dags/example_datasets.py
[2023-12-27T12:18:11.367+0545] {processor.py:830} INFO - Processing file /home/sarita/Documents/apache-airflow-project/.venv/lib/python3.9/site-packages/airflow/example_dags/example_datasets.py for tasks to queue
[2023-12-27T12:18:11.368+0545] {logging_mixin.py:188} INFO - [2023-12-27T12:18:11.367+0545] {dagbag.py:538} INFO - Filling up the DagBag from /home/sarita/Documents/apache-airflow-project/.venv/lib/python3.9/site-packages/airflow/example_dags/example_datasets.py
[2023-12-27T12:18:11.376+0545] {processor.py:840} INFO - DAG(s) 'dataset_consumes_1', 'dataset_produces_2', 'dataset_consumes_unknown_never_scheduled', 'dataset_consumes_1_never_scheduled', 'dataset_produces_1', 'dataset_consumes_1_and_2' retrieved from /home/sarita/Documents/apache-airflow-project/.venv/lib/python3.9/site-packages/airflow/example_dags/example_datasets.py
[2023-12-27T12:18:11.402+0545] {logging_mixin.py:188} INFO - [2023-12-27T12:18:11.402+0545] {dag.py:3033} INFO - Sync 6 DAGs
[2023-12-27T12:18:11.422+0545] {logging_mixin.py:188} INFO - [2023-12-27T12:18:11.422+0545] {dag.py:3820} INFO - Setting next_dagrun for dataset_consumes_1 to None, run_after=None
[2023-12-27T12:18:11.426+0545] {logging_mixin.py:188} INFO - [2023-12-27T12:18:11.426+0545] {dag.py:3820} INFO - Setting next_dagrun for dataset_consumes_1_and_2 to None, run_after=None
[2023-12-27T12:18:11.427+0545] {logging_mixin.py:188} INFO - [2023-12-27T12:18:11.427+0545] {dag.py:3820} INFO - Setting next_dagrun for dataset_consumes_1_never_scheduled to None, run_after=None
[2023-12-27T12:18:11.428+0545] {logging_mixin.py:188} INFO - [2023-12-27T12:18:11.428+0545] {dag.py:3820} INFO - Setting next_dagrun for dataset_consumes_unknown_never_scheduled to None, run_after=None
[2023-12-27T12:18:11.432+0545] {logging_mixin.py:188} INFO - [2023-12-27T12:18:11.431+0545] {dag.py:3820} INFO - Setting next_dagrun for dataset_produces_1 to 2023-12-26T00:00:00+00:00, run_after=2023-12-27T00:00:00+00:00
[2023-12-27T12:18:11.433+0545] {logging_mixin.py:188} INFO - [2023-12-27T12:18:11.433+0545] {dag.py:3820} INFO - Setting next_dagrun for dataset_produces_2 to None, run_after=None
[2023-12-27T12:18:11.461+0545] {processor.py:183} INFO - Processing /home/sarita/Documents/apache-airflow-project/.venv/lib/python3.9/site-packages/airflow/example_dags/example_datasets.py took 0.097 seconds
[2023-12-27T12:39:46.549+0545] {processor.py:161} INFO - Started process (PID=15450) to work on /home/sarita/Documents/apache-airflow-project/.venv/lib/python3.9/site-packages/airflow/example_dags/example_datasets.py
[2023-12-27T12:39:46.551+0545] {processor.py:830} INFO - Processing file /home/sarita/Documents/apache-airflow-project/.venv/lib/python3.9/site-packages/airflow/example_dags/example_datasets.py for tasks to queue
[2023-12-27T12:39:46.552+0545] {logging_mixin.py:188} INFO - [2023-12-27T12:39:46.551+0545] {dagbag.py:538} INFO - Filling up the DagBag from /home/sarita/Documents/apache-airflow-project/.venv/lib/python3.9/site-packages/airflow/example_dags/example_datasets.py
[2023-12-27T12:39:46.559+0545] {processor.py:840} INFO - DAG(s) 'dataset_consumes_1_and_2', 'dataset_consumes_1_never_scheduled', 'dataset_produces_2', 'dataset_consumes_unknown_never_scheduled', 'dataset_produces_1', 'dataset_consumes_1' retrieved from /home/sarita/Documents/apache-airflow-project/.venv/lib/python3.9/site-packages/airflow/example_dags/example_datasets.py
[2023-12-27T12:39:46.583+0545] {logging_mixin.py:188} INFO - [2023-12-27T12:39:46.583+0545] {dag.py:3033} INFO - Sync 6 DAGs
[2023-12-27T12:39:46.600+0545] {logging_mixin.py:188} INFO - [2023-12-27T12:39:46.599+0545] {dag.py:3820} INFO - Setting next_dagrun for dataset_consumes_1 to None, run_after=None
[2023-12-27T12:39:46.602+0545] {logging_mixin.py:188} INFO - [2023-12-27T12:39:46.602+0545] {dag.py:3820} INFO - Setting next_dagrun for dataset_consumes_1_and_2 to None, run_after=None
[2023-12-27T12:39:46.603+0545] {logging_mixin.py:188} INFO - [2023-12-27T12:39:46.603+0545] {dag.py:3820} INFO - Setting next_dagrun for dataset_consumes_1_never_scheduled to None, run_after=None
[2023-12-27T12:39:46.604+0545] {logging_mixin.py:188} INFO - [2023-12-27T12:39:46.604+0545] {dag.py:3820} INFO - Setting next_dagrun for dataset_consumes_unknown_never_scheduled to None, run_after=None
[2023-12-27T12:39:46.606+0545] {logging_mixin.py:188} INFO - [2023-12-27T12:39:46.606+0545] {dag.py:3820} INFO - Setting next_dagrun for dataset_produces_1 to 2023-12-26T00:00:00+00:00, run_after=2023-12-27T00:00:00+00:00
[2023-12-27T12:39:46.608+0545] {logging_mixin.py:188} INFO - [2023-12-27T12:39:46.608+0545] {dag.py:3820} INFO - Setting next_dagrun for dataset_produces_2 to None, run_after=None
[2023-12-27T12:39:46.634+0545] {processor.py:183} INFO - Processing /home/sarita/Documents/apache-airflow-project/.venv/lib/python3.9/site-packages/airflow/example_dags/example_datasets.py took 0.087 seconds
[2023-12-27T12:47:36.299+0545] {processor.py:161} INFO - Started process (PID=17246) to work on /home/sarita/Documents/apache-airflow-project/.venv/lib/python3.9/site-packages/airflow/example_dags/example_datasets.py
[2023-12-27T12:47:36.301+0545] {processor.py:830} INFO - Processing file /home/sarita/Documents/apache-airflow-project/.venv/lib/python3.9/site-packages/airflow/example_dags/example_datasets.py for tasks to queue
[2023-12-27T12:47:36.301+0545] {logging_mixin.py:188} INFO - [2023-12-27T12:47:36.301+0545] {dagbag.py:538} INFO - Filling up the DagBag from /home/sarita/Documents/apache-airflow-project/.venv/lib/python3.9/site-packages/airflow/example_dags/example_datasets.py
[2023-12-27T12:47:36.308+0545] {processor.py:840} INFO - DAG(s) 'dataset_consumes_1_and_2', 'dataset_consumes_unknown_never_scheduled', 'dataset_consumes_1', 'dataset_consumes_1_never_scheduled', 'dataset_produces_2', 'dataset_produces_1' retrieved from /home/sarita/Documents/apache-airflow-project/.venv/lib/python3.9/site-packages/airflow/example_dags/example_datasets.py
[2023-12-27T12:47:36.331+0545] {logging_mixin.py:188} INFO - [2023-12-27T12:47:36.331+0545] {dag.py:3033} INFO - Sync 6 DAGs
[2023-12-27T12:47:36.347+0545] {logging_mixin.py:188} INFO - [2023-12-27T12:47:36.346+0545] {dag.py:3820} INFO - Setting next_dagrun for dataset_consumes_1 to None, run_after=None
[2023-12-27T12:47:36.349+0545] {logging_mixin.py:188} INFO - [2023-12-27T12:47:36.349+0545] {dag.py:3820} INFO - Setting next_dagrun for dataset_consumes_1_and_2 to None, run_after=None
[2023-12-27T12:47:36.350+0545] {logging_mixin.py:188} INFO - [2023-12-27T12:47:36.350+0545] {dag.py:3820} INFO - Setting next_dagrun for dataset_consumes_1_never_scheduled to None, run_after=None
[2023-12-27T12:47:36.351+0545] {logging_mixin.py:188} INFO - [2023-12-27T12:47:36.351+0545] {dag.py:3820} INFO - Setting next_dagrun for dataset_consumes_unknown_never_scheduled to None, run_after=None
[2023-12-27T12:47:36.353+0545] {logging_mixin.py:188} INFO - [2023-12-27T12:47:36.352+0545] {dag.py:3820} INFO - Setting next_dagrun for dataset_produces_1 to 2023-12-26T00:00:00+00:00, run_after=2023-12-27T00:00:00+00:00
[2023-12-27T12:47:36.353+0545] {logging_mixin.py:188} INFO - [2023-12-27T12:47:36.353+0545] {dag.py:3820} INFO - Setting next_dagrun for dataset_produces_2 to None, run_after=None
[2023-12-27T12:47:36.377+0545] {processor.py:183} INFO - Processing /home/sarita/Documents/apache-airflow-project/.venv/lib/python3.9/site-packages/airflow/example_dags/example_datasets.py took 0.080 seconds
[2023-12-27T12:52:46.802+0545] {processor.py:161} INFO - Started process (PID=17635) to work on /home/sarita/Documents/apache-airflow-project/.venv/lib/python3.9/site-packages/airflow/example_dags/example_datasets.py
[2023-12-27T12:52:46.804+0545] {processor.py:830} INFO - Processing file /home/sarita/Documents/apache-airflow-project/.venv/lib/python3.9/site-packages/airflow/example_dags/example_datasets.py for tasks to queue
[2023-12-27T12:52:46.805+0545] {logging_mixin.py:188} INFO - [2023-12-27T12:52:46.805+0545] {dagbag.py:538} INFO - Filling up the DagBag from /home/sarita/Documents/apache-airflow-project/.venv/lib/python3.9/site-packages/airflow/example_dags/example_datasets.py
[2023-12-27T12:52:46.813+0545] {processor.py:840} INFO - DAG(s) 'dataset_consumes_1', 'dataset_produces_1', 'dataset_consumes_unknown_never_scheduled', 'dataset_consumes_1_never_scheduled', 'dataset_produces_2', 'dataset_consumes_1_and_2' retrieved from /home/sarita/Documents/apache-airflow-project/.venv/lib/python3.9/site-packages/airflow/example_dags/example_datasets.py
[2023-12-27T12:52:46.835+0545] {logging_mixin.py:188} INFO - [2023-12-27T12:52:46.835+0545] {dag.py:3033} INFO - Sync 6 DAGs
[2023-12-27T12:52:46.850+0545] {logging_mixin.py:188} INFO - [2023-12-27T12:52:46.849+0545] {dag.py:3820} INFO - Setting next_dagrun for dataset_consumes_1 to None, run_after=None
[2023-12-27T12:52:46.852+0545] {logging_mixin.py:188} INFO - [2023-12-27T12:52:46.852+0545] {dag.py:3820} INFO - Setting next_dagrun for dataset_consumes_1_and_2 to None, run_after=None
[2023-12-27T12:52:46.853+0545] {logging_mixin.py:188} INFO - [2023-12-27T12:52:46.853+0545] {dag.py:3820} INFO - Setting next_dagrun for dataset_consumes_1_never_scheduled to None, run_after=None
[2023-12-27T12:52:46.854+0545] {logging_mixin.py:188} INFO - [2023-12-27T12:52:46.853+0545] {dag.py:3820} INFO - Setting next_dagrun for dataset_consumes_unknown_never_scheduled to None, run_after=None
[2023-12-27T12:52:46.855+0545] {logging_mixin.py:188} INFO - [2023-12-27T12:52:46.855+0545] {dag.py:3820} INFO - Setting next_dagrun for dataset_produces_1 to 2023-12-26T00:00:00+00:00, run_after=2023-12-27T00:00:00+00:00
[2023-12-27T12:52:46.856+0545] {logging_mixin.py:188} INFO - [2023-12-27T12:52:46.856+0545] {dag.py:3820} INFO - Setting next_dagrun for dataset_produces_2 to None, run_after=None
[2023-12-27T12:52:46.893+0545] {processor.py:183} INFO - Processing /home/sarita/Documents/apache-airflow-project/.venv/lib/python3.9/site-packages/airflow/example_dags/example_datasets.py took 0.093 seconds
[2023-12-27T12:53:37.323+0545] {processor.py:161} INFO - Started process (PID=17764) to work on /home/sarita/Documents/apache-airflow-project/.venv/lib/python3.9/site-packages/airflow/example_dags/example_datasets.py
[2023-12-27T12:53:37.327+0545] {processor.py:830} INFO - Processing file /home/sarita/Documents/apache-airflow-project/.venv/lib/python3.9/site-packages/airflow/example_dags/example_datasets.py for tasks to queue
[2023-12-27T12:53:37.329+0545] {logging_mixin.py:188} INFO - [2023-12-27T12:53:37.328+0545] {dagbag.py:538} INFO - Filling up the DagBag from /home/sarita/Documents/apache-airflow-project/.venv/lib/python3.9/site-packages/airflow/example_dags/example_datasets.py
[2023-12-27T12:53:37.354+0545] {processor.py:840} INFO - DAG(s) 'dataset_produces_2', 'dataset_consumes_1_never_scheduled', 'dataset_consumes_unknown_never_scheduled', 'dataset_produces_1', 'dataset_consumes_1', 'dataset_consumes_1_and_2' retrieved from /home/sarita/Documents/apache-airflow-project/.venv/lib/python3.9/site-packages/airflow/example_dags/example_datasets.py
[2023-12-27T12:53:37.410+0545] {logging_mixin.py:188} INFO - [2023-12-27T12:53:37.410+0545] {dag.py:3033} INFO - Sync 6 DAGs
[2023-12-27T12:53:37.430+0545] {logging_mixin.py:188} INFO - [2023-12-27T12:53:37.430+0545] {dag.py:3820} INFO - Setting next_dagrun for dataset_consumes_1 to None, run_after=None
[2023-12-27T12:53:37.432+0545] {logging_mixin.py:188} INFO - [2023-12-27T12:53:37.432+0545] {dag.py:3820} INFO - Setting next_dagrun for dataset_consumes_1_and_2 to None, run_after=None
[2023-12-27T12:53:37.433+0545] {logging_mixin.py:188} INFO - [2023-12-27T12:53:37.433+0545] {dag.py:3820} INFO - Setting next_dagrun for dataset_consumes_1_never_scheduled to None, run_after=None
[2023-12-27T12:53:37.434+0545] {logging_mixin.py:188} INFO - [2023-12-27T12:53:37.434+0545] {dag.py:3820} INFO - Setting next_dagrun for dataset_consumes_unknown_never_scheduled to None, run_after=None
[2023-12-27T12:53:37.436+0545] {logging_mixin.py:188} INFO - [2023-12-27T12:53:37.436+0545] {dag.py:3820} INFO - Setting next_dagrun for dataset_produces_1 to 2023-12-26T00:00:00+00:00, run_after=2023-12-27T00:00:00+00:00
[2023-12-27T12:53:37.437+0545] {logging_mixin.py:188} INFO - [2023-12-27T12:53:37.436+0545] {dag.py:3820} INFO - Setting next_dagrun for dataset_produces_2 to None, run_after=None
[2023-12-27T12:53:37.461+0545] {processor.py:183} INFO - Processing /home/sarita/Documents/apache-airflow-project/.venv/lib/python3.9/site-packages/airflow/example_dags/example_datasets.py took 0.145 seconds
