[2023-12-27T09:36:43.810+0545] {processor.py:161} INFO - Started process (PID=6904) to work on /home/sarita/Documents/apache-airflow-project/.venv/lib/python3.9/site-packages/airflow/example_dags/example_xcomargs.py
[2023-12-27T09:36:43.811+0545] {processor.py:830} INFO - Processing file /home/sarita/Documents/apache-airflow-project/.venv/lib/python3.9/site-packages/airflow/example_dags/example_xcomargs.py for tasks to queue
[2023-12-27T09:36:43.812+0545] {logging_mixin.py:188} INFO - [2023-12-27T09:36:43.811+0545] {dagbag.py:538} INFO - Filling up the DagBag from /home/sarita/Documents/apache-airflow-project/.venv/lib/python3.9/site-packages/airflow/example_dags/example_xcomargs.py
[2023-12-27T09:36:43.825+0545] {processor.py:840} INFO - DAG(s) 'example_xcom_args', 'example_xcom_args_with_operators' retrieved from /home/sarita/Documents/apache-airflow-project/.venv/lib/python3.9/site-packages/airflow/example_dags/example_xcomargs.py
[2023-12-27T09:36:43.915+0545] {logging_mixin.py:188} INFO - [2023-12-27T09:36:43.914+0545] {dag.py:3033} INFO - Sync 2 DAGs
[2023-12-27T09:36:43.923+0545] {logging_mixin.py:188} INFO - [2023-12-27T09:36:43.923+0545] {dag.py:3820} INFO - Setting next_dagrun for example_xcom_args to None, run_after=None
[2023-12-27T09:36:43.926+0545] {logging_mixin.py:188} INFO - [2023-12-27T09:36:43.926+0545] {dag.py:3820} INFO - Setting next_dagrun for example_xcom_args_with_operators to None, run_after=None
[2023-12-27T09:36:43.942+0545] {processor.py:183} INFO - Processing /home/sarita/Documents/apache-airflow-project/.venv/lib/python3.9/site-packages/airflow/example_dags/example_xcomargs.py took 0.136 seconds
[2023-12-27T09:37:30.889+0545] {processor.py:161} INFO - Started process (PID=6963) to work on /home/sarita/Documents/apache-airflow-project/.venv/lib/python3.9/site-packages/airflow/example_dags/example_xcomargs.py
[2023-12-27T09:37:30.891+0545] {processor.py:830} INFO - Processing file /home/sarita/Documents/apache-airflow-project/.venv/lib/python3.9/site-packages/airflow/example_dags/example_xcomargs.py for tasks to queue
[2023-12-27T09:37:30.891+0545] {logging_mixin.py:188} INFO - [2023-12-27T09:37:30.891+0545] {dagbag.py:538} INFO - Filling up the DagBag from /home/sarita/Documents/apache-airflow-project/.venv/lib/python3.9/site-packages/airflow/example_dags/example_xcomargs.py
[2023-12-27T09:37:30.898+0545] {processor.py:840} INFO - DAG(s) 'example_xcom_args_with_operators', 'example_xcom_args' retrieved from /home/sarita/Documents/apache-airflow-project/.venv/lib/python3.9/site-packages/airflow/example_dags/example_xcomargs.py
[2023-12-27T09:37:30.914+0545] {logging_mixin.py:188} INFO - [2023-12-27T09:37:30.914+0545] {dag.py:3033} INFO - Sync 2 DAGs
[2023-12-27T09:37:30.928+0545] {logging_mixin.py:188} INFO - [2023-12-27T09:37:30.928+0545] {dag.py:3820} INFO - Setting next_dagrun for example_xcom_args to None, run_after=None
[2023-12-27T09:37:30.933+0545] {logging_mixin.py:188} INFO - [2023-12-27T09:37:30.932+0545] {dag.py:3820} INFO - Setting next_dagrun for example_xcom_args_with_operators to None, run_after=None
[2023-12-27T09:37:30.955+0545] {processor.py:183} INFO - Processing /home/sarita/Documents/apache-airflow-project/.venv/lib/python3.9/site-packages/airflow/example_dags/example_xcomargs.py took 0.069 seconds
[2023-12-27T09:38:21.530+0545] {processor.py:161} INFO - Started process (PID=7024) to work on /home/sarita/Documents/apache-airflow-project/.venv/lib/python3.9/site-packages/airflow/example_dags/example_xcomargs.py
[2023-12-27T09:38:21.532+0545] {processor.py:830} INFO - Processing file /home/sarita/Documents/apache-airflow-project/.venv/lib/python3.9/site-packages/airflow/example_dags/example_xcomargs.py for tasks to queue
[2023-12-27T09:38:21.534+0545] {logging_mixin.py:188} INFO - [2023-12-27T09:38:21.534+0545] {dagbag.py:538} INFO - Filling up the DagBag from /home/sarita/Documents/apache-airflow-project/.venv/lib/python3.9/site-packages/airflow/example_dags/example_xcomargs.py
[2023-12-27T09:38:21.551+0545] {processor.py:840} INFO - DAG(s) 'example_xcom_args', 'example_xcom_args_with_operators' retrieved from /home/sarita/Documents/apache-airflow-project/.venv/lib/python3.9/site-packages/airflow/example_dags/example_xcomargs.py
[2023-12-27T09:38:21.570+0545] {logging_mixin.py:188} INFO - [2023-12-27T09:38:21.570+0545] {dag.py:3033} INFO - Sync 2 DAGs
[2023-12-27T09:38:21.578+0545] {logging_mixin.py:188} INFO - [2023-12-27T09:38:21.578+0545] {dag.py:3820} INFO - Setting next_dagrun for example_xcom_args to None, run_after=None
[2023-12-27T09:38:21.581+0545] {logging_mixin.py:188} INFO - [2023-12-27T09:38:21.581+0545] {dag.py:3820} INFO - Setting next_dagrun for example_xcom_args_with_operators to None, run_after=None
[2023-12-27T09:38:21.599+0545] {processor.py:183} INFO - Processing /home/sarita/Documents/apache-airflow-project/.venv/lib/python3.9/site-packages/airflow/example_dags/example_xcomargs.py took 0.076 seconds
[2023-12-27T09:39:14.758+0545] {processor.py:161} INFO - Started process (PID=7141) to work on /home/sarita/Documents/apache-airflow-project/.venv/lib/python3.9/site-packages/airflow/example_dags/example_xcomargs.py
[2023-12-27T09:39:14.760+0545] {processor.py:830} INFO - Processing file /home/sarita/Documents/apache-airflow-project/.venv/lib/python3.9/site-packages/airflow/example_dags/example_xcomargs.py for tasks to queue
[2023-12-27T09:39:14.761+0545] {logging_mixin.py:188} INFO - [2023-12-27T09:39:14.760+0545] {dagbag.py:538} INFO - Filling up the DagBag from /home/sarita/Documents/apache-airflow-project/.venv/lib/python3.9/site-packages/airflow/example_dags/example_xcomargs.py
[2023-12-27T09:39:14.769+0545] {processor.py:840} INFO - DAG(s) 'example_xcom_args', 'example_xcom_args_with_operators' retrieved from /home/sarita/Documents/apache-airflow-project/.venv/lib/python3.9/site-packages/airflow/example_dags/example_xcomargs.py
[2023-12-27T09:39:14.784+0545] {logging_mixin.py:188} INFO - [2023-12-27T09:39:14.784+0545] {dag.py:3033} INFO - Sync 2 DAGs
[2023-12-27T09:39:14.793+0545] {logging_mixin.py:188} INFO - [2023-12-27T09:39:14.793+0545] {dag.py:3820} INFO - Setting next_dagrun for example_xcom_args to None, run_after=None
[2023-12-27T09:39:14.796+0545] {logging_mixin.py:188} INFO - [2023-12-27T09:39:14.796+0545] {dag.py:3820} INFO - Setting next_dagrun for example_xcom_args_with_operators to None, run_after=None
[2023-12-27T09:39:14.813+0545] {processor.py:183} INFO - Processing /home/sarita/Documents/apache-airflow-project/.venv/lib/python3.9/site-packages/airflow/example_dags/example_xcomargs.py took 0.058 seconds
[2023-12-27T09:39:53.145+0545] {processor.py:161} INFO - Started process (PID=7212) to work on /home/sarita/Documents/apache-airflow-project/.venv/lib/python3.9/site-packages/airflow/example_dags/example_xcomargs.py
[2023-12-27T09:39:53.148+0545] {processor.py:830} INFO - Processing file /home/sarita/Documents/apache-airflow-project/.venv/lib/python3.9/site-packages/airflow/example_dags/example_xcomargs.py for tasks to queue
[2023-12-27T09:39:53.150+0545] {logging_mixin.py:188} INFO - [2023-12-27T09:39:53.150+0545] {dagbag.py:538} INFO - Filling up the DagBag from /home/sarita/Documents/apache-airflow-project/.venv/lib/python3.9/site-packages/airflow/example_dags/example_xcomargs.py
[2023-12-27T09:39:53.162+0545] {processor.py:840} INFO - DAG(s) 'example_xcom_args', 'example_xcom_args_with_operators' retrieved from /home/sarita/Documents/apache-airflow-project/.venv/lib/python3.9/site-packages/airflow/example_dags/example_xcomargs.py
[2023-12-27T09:39:53.177+0545] {logging_mixin.py:188} INFO - [2023-12-27T09:39:53.177+0545] {dag.py:3033} INFO - Sync 2 DAGs
[2023-12-27T09:39:53.186+0545] {logging_mixin.py:188} INFO - [2023-12-27T09:39:53.186+0545] {dag.py:3820} INFO - Setting next_dagrun for example_xcom_args to None, run_after=None
[2023-12-27T09:39:53.189+0545] {logging_mixin.py:188} INFO - [2023-12-27T09:39:53.189+0545] {dag.py:3820} INFO - Setting next_dagrun for example_xcom_args_with_operators to None, run_after=None
[2023-12-27T09:39:53.206+0545] {processor.py:183} INFO - Processing /home/sarita/Documents/apache-airflow-project/.venv/lib/python3.9/site-packages/airflow/example_dags/example_xcomargs.py took 0.070 seconds
[2023-12-27T09:40:32.023+0545] {processor.py:161} INFO - Started process (PID=7275) to work on /home/sarita/Documents/apache-airflow-project/.venv/lib/python3.9/site-packages/airflow/example_dags/example_xcomargs.py
[2023-12-27T09:40:32.026+0545] {processor.py:830} INFO - Processing file /home/sarita/Documents/apache-airflow-project/.venv/lib/python3.9/site-packages/airflow/example_dags/example_xcomargs.py for tasks to queue
[2023-12-27T09:40:32.027+0545] {logging_mixin.py:188} INFO - [2023-12-27T09:40:32.027+0545] {dagbag.py:538} INFO - Filling up the DagBag from /home/sarita/Documents/apache-airflow-project/.venv/lib/python3.9/site-packages/airflow/example_dags/example_xcomargs.py
[2023-12-27T09:40:32.037+0545] {processor.py:840} INFO - DAG(s) 'example_xcom_args_with_operators', 'example_xcom_args' retrieved from /home/sarita/Documents/apache-airflow-project/.venv/lib/python3.9/site-packages/airflow/example_dags/example_xcomargs.py
[2023-12-27T09:40:32.052+0545] {logging_mixin.py:188} INFO - [2023-12-27T09:40:32.052+0545] {dag.py:3033} INFO - Sync 2 DAGs
[2023-12-27T09:40:32.060+0545] {logging_mixin.py:188} INFO - [2023-12-27T09:40:32.060+0545] {dag.py:3820} INFO - Setting next_dagrun for example_xcom_args to None, run_after=None
[2023-12-27T09:40:32.064+0545] {logging_mixin.py:188} INFO - [2023-12-27T09:40:32.063+0545] {dag.py:3820} INFO - Setting next_dagrun for example_xcom_args_with_operators to None, run_after=None
[2023-12-27T09:40:32.080+0545] {processor.py:183} INFO - Processing /home/sarita/Documents/apache-airflow-project/.venv/lib/python3.9/site-packages/airflow/example_dags/example_xcomargs.py took 0.060 seconds
[2023-12-27T09:41:24.348+0545] {processor.py:161} INFO - Started process (PID=7536) to work on /home/sarita/Documents/apache-airflow-project/.venv/lib/python3.9/site-packages/airflow/example_dags/example_xcomargs.py
[2023-12-27T09:41:24.351+0545] {processor.py:830} INFO - Processing file /home/sarita/Documents/apache-airflow-project/.venv/lib/python3.9/site-packages/airflow/example_dags/example_xcomargs.py for tasks to queue
[2023-12-27T09:41:24.354+0545] {logging_mixin.py:188} INFO - [2023-12-27T09:41:24.353+0545] {dagbag.py:538} INFO - Filling up the DagBag from /home/sarita/Documents/apache-airflow-project/.venv/lib/python3.9/site-packages/airflow/example_dags/example_xcomargs.py
[2023-12-27T09:41:24.369+0545] {processor.py:840} INFO - DAG(s) 'example_xcom_args_with_operators', 'example_xcom_args' retrieved from /home/sarita/Documents/apache-airflow-project/.venv/lib/python3.9/site-packages/airflow/example_dags/example_xcomargs.py
[2023-12-27T09:41:24.386+0545] {logging_mixin.py:188} INFO - [2023-12-27T09:41:24.386+0545] {dag.py:3033} INFO - Sync 2 DAGs
[2023-12-27T09:41:24.395+0545] {logging_mixin.py:188} INFO - [2023-12-27T09:41:24.395+0545] {dag.py:3820} INFO - Setting next_dagrun for example_xcom_args to None, run_after=None
[2023-12-27T09:41:24.398+0545] {logging_mixin.py:188} INFO - [2023-12-27T09:41:24.398+0545] {dag.py:3820} INFO - Setting next_dagrun for example_xcom_args_with_operators to None, run_after=None
[2023-12-27T09:41:24.415+0545] {processor.py:183} INFO - Processing /home/sarita/Documents/apache-airflow-project/.venv/lib/python3.9/site-packages/airflow/example_dags/example_xcomargs.py took 0.075 seconds
[2023-12-27T09:42:04.252+0545] {processor.py:161} INFO - Started process (PID=7741) to work on /home/sarita/Documents/apache-airflow-project/.venv/lib/python3.9/site-packages/airflow/example_dags/example_xcomargs.py
[2023-12-27T09:42:04.255+0545] {processor.py:830} INFO - Processing file /home/sarita/Documents/apache-airflow-project/.venv/lib/python3.9/site-packages/airflow/example_dags/example_xcomargs.py for tasks to queue
[2023-12-27T09:42:04.256+0545] {logging_mixin.py:188} INFO - [2023-12-27T09:42:04.255+0545] {dagbag.py:538} INFO - Filling up the DagBag from /home/sarita/Documents/apache-airflow-project/.venv/lib/python3.9/site-packages/airflow/example_dags/example_xcomargs.py
[2023-12-27T09:42:04.270+0545] {processor.py:840} INFO - DAG(s) 'example_xcom_args_with_operators', 'example_xcom_args' retrieved from /home/sarita/Documents/apache-airflow-project/.venv/lib/python3.9/site-packages/airflow/example_dags/example_xcomargs.py
[2023-12-27T09:42:04.288+0545] {logging_mixin.py:188} INFO - [2023-12-27T09:42:04.288+0545] {dag.py:3033} INFO - Sync 2 DAGs
[2023-12-27T09:42:04.296+0545] {logging_mixin.py:188} INFO - [2023-12-27T09:42:04.296+0545] {dag.py:3820} INFO - Setting next_dagrun for example_xcom_args to None, run_after=None
[2023-12-27T09:42:04.299+0545] {logging_mixin.py:188} INFO - [2023-12-27T09:42:04.299+0545] {dag.py:3820} INFO - Setting next_dagrun for example_xcom_args_with_operators to None, run_after=None
[2023-12-27T09:42:04.315+0545] {processor.py:183} INFO - Processing /home/sarita/Documents/apache-airflow-project/.venv/lib/python3.9/site-packages/airflow/example_dags/example_xcomargs.py took 0.068 seconds
[2023-12-27T09:42:41.254+0545] {processor.py:161} INFO - Started process (PID=7810) to work on /home/sarita/Documents/apache-airflow-project/.venv/lib/python3.9/site-packages/airflow/example_dags/example_xcomargs.py
[2023-12-27T09:42:41.256+0545] {processor.py:830} INFO - Processing file /home/sarita/Documents/apache-airflow-project/.venv/lib/python3.9/site-packages/airflow/example_dags/example_xcomargs.py for tasks to queue
[2023-12-27T09:42:41.257+0545] {logging_mixin.py:188} INFO - [2023-12-27T09:42:41.257+0545] {dagbag.py:538} INFO - Filling up the DagBag from /home/sarita/Documents/apache-airflow-project/.venv/lib/python3.9/site-packages/airflow/example_dags/example_xcomargs.py
[2023-12-27T09:42:41.268+0545] {processor.py:840} INFO - DAG(s) 'example_xcom_args', 'example_xcom_args_with_operators' retrieved from /home/sarita/Documents/apache-airflow-project/.venv/lib/python3.9/site-packages/airflow/example_dags/example_xcomargs.py
[2023-12-27T09:42:41.283+0545] {logging_mixin.py:188} INFO - [2023-12-27T09:42:41.283+0545] {dag.py:3033} INFO - Sync 2 DAGs
[2023-12-27T09:42:41.292+0545] {logging_mixin.py:188} INFO - [2023-12-27T09:42:41.292+0545] {dag.py:3820} INFO - Setting next_dagrun for example_xcom_args to None, run_after=None
[2023-12-27T09:42:41.295+0545] {logging_mixin.py:188} INFO - [2023-12-27T09:42:41.295+0545] {dag.py:3820} INFO - Setting next_dagrun for example_xcom_args_with_operators to None, run_after=None
[2023-12-27T09:42:41.322+0545] {processor.py:183} INFO - Processing /home/sarita/Documents/apache-airflow-project/.venv/lib/python3.9/site-packages/airflow/example_dags/example_xcomargs.py took 0.071 seconds
[2023-12-27T09:43:32.279+0545] {processor.py:161} INFO - Started process (PID=7883) to work on /home/sarita/Documents/apache-airflow-project/.venv/lib/python3.9/site-packages/airflow/example_dags/example_xcomargs.py
[2023-12-27T09:43:32.281+0545] {processor.py:830} INFO - Processing file /home/sarita/Documents/apache-airflow-project/.venv/lib/python3.9/site-packages/airflow/example_dags/example_xcomargs.py for tasks to queue
[2023-12-27T09:43:32.282+0545] {logging_mixin.py:188} INFO - [2023-12-27T09:43:32.281+0545] {dagbag.py:538} INFO - Filling up the DagBag from /home/sarita/Documents/apache-airflow-project/.venv/lib/python3.9/site-packages/airflow/example_dags/example_xcomargs.py
[2023-12-27T09:43:32.288+0545] {processor.py:840} INFO - DAG(s) 'example_xcom_args_with_operators', 'example_xcom_args' retrieved from /home/sarita/Documents/apache-airflow-project/.venv/lib/python3.9/site-packages/airflow/example_dags/example_xcomargs.py
[2023-12-27T09:43:32.304+0545] {logging_mixin.py:188} INFO - [2023-12-27T09:43:32.304+0545] {dag.py:3033} INFO - Sync 2 DAGs
[2023-12-27T09:43:32.313+0545] {logging_mixin.py:188} INFO - [2023-12-27T09:43:32.313+0545] {dag.py:3820} INFO - Setting next_dagrun for example_xcom_args to None, run_after=None
[2023-12-27T09:43:32.315+0545] {logging_mixin.py:188} INFO - [2023-12-27T09:43:32.315+0545] {dag.py:3820} INFO - Setting next_dagrun for example_xcom_args_with_operators to None, run_after=None
[2023-12-27T09:43:32.332+0545] {processor.py:183} INFO - Processing /home/sarita/Documents/apache-airflow-project/.venv/lib/python3.9/site-packages/airflow/example_dags/example_xcomargs.py took 0.056 seconds
[2023-12-27T09:44:09.794+0545] {processor.py:161} INFO - Started process (PID=7930) to work on /home/sarita/Documents/apache-airflow-project/.venv/lib/python3.9/site-packages/airflow/example_dags/example_xcomargs.py
[2023-12-27T09:44:09.795+0545] {processor.py:830} INFO - Processing file /home/sarita/Documents/apache-airflow-project/.venv/lib/python3.9/site-packages/airflow/example_dags/example_xcomargs.py for tasks to queue
[2023-12-27T09:44:09.796+0545] {logging_mixin.py:188} INFO - [2023-12-27T09:44:09.795+0545] {dagbag.py:538} INFO - Filling up the DagBag from /home/sarita/Documents/apache-airflow-project/.venv/lib/python3.9/site-packages/airflow/example_dags/example_xcomargs.py
[2023-12-27T09:44:09.802+0545] {processor.py:840} INFO - DAG(s) 'example_xcom_args_with_operators', 'example_xcom_args' retrieved from /home/sarita/Documents/apache-airflow-project/.venv/lib/python3.9/site-packages/airflow/example_dags/example_xcomargs.py
[2023-12-27T09:44:09.816+0545] {logging_mixin.py:188} INFO - [2023-12-27T09:44:09.816+0545] {dag.py:3033} INFO - Sync 2 DAGs
[2023-12-27T09:44:09.827+0545] {logging_mixin.py:188} INFO - [2023-12-27T09:44:09.827+0545] {dag.py:3820} INFO - Setting next_dagrun for example_xcom_args to None, run_after=None
[2023-12-27T09:44:09.830+0545] {logging_mixin.py:188} INFO - [2023-12-27T09:44:09.830+0545] {dag.py:3820} INFO - Setting next_dagrun for example_xcom_args_with_operators to None, run_after=None
[2023-12-27T09:44:09.859+0545] {processor.py:183} INFO - Processing /home/sarita/Documents/apache-airflow-project/.venv/lib/python3.9/site-packages/airflow/example_dags/example_xcomargs.py took 0.066 seconds
[2023-12-27T09:44:47.871+0545] {processor.py:161} INFO - Started process (PID=7982) to work on /home/sarita/Documents/apache-airflow-project/.venv/lib/python3.9/site-packages/airflow/example_dags/example_xcomargs.py
[2023-12-27T09:44:47.873+0545] {processor.py:830} INFO - Processing file /home/sarita/Documents/apache-airflow-project/.venv/lib/python3.9/site-packages/airflow/example_dags/example_xcomargs.py for tasks to queue
[2023-12-27T09:44:47.875+0545] {logging_mixin.py:188} INFO - [2023-12-27T09:44:47.874+0545] {dagbag.py:538} INFO - Filling up the DagBag from /home/sarita/Documents/apache-airflow-project/.venv/lib/python3.9/site-packages/airflow/example_dags/example_xcomargs.py
[2023-12-27T09:44:47.887+0545] {processor.py:840} INFO - DAG(s) 'example_xcom_args', 'example_xcom_args_with_operators' retrieved from /home/sarita/Documents/apache-airflow-project/.venv/lib/python3.9/site-packages/airflow/example_dags/example_xcomargs.py
[2023-12-27T09:44:47.907+0545] {logging_mixin.py:188} INFO - [2023-12-27T09:44:47.907+0545] {dag.py:3033} INFO - Sync 2 DAGs
[2023-12-27T09:44:47.916+0545] {logging_mixin.py:188} INFO - [2023-12-27T09:44:47.916+0545] {dag.py:3820} INFO - Setting next_dagrun for example_xcom_args to None, run_after=None
[2023-12-27T09:44:47.919+0545] {logging_mixin.py:188} INFO - [2023-12-27T09:44:47.919+0545] {dag.py:3820} INFO - Setting next_dagrun for example_xcom_args_with_operators to None, run_after=None
[2023-12-27T09:44:47.935+0545] {processor.py:183} INFO - Processing /home/sarita/Documents/apache-airflow-project/.venv/lib/python3.9/site-packages/airflow/example_dags/example_xcomargs.py took 0.067 seconds
[2023-12-27T09:45:42.093+0545] {processor.py:161} INFO - Started process (PID=8439) to work on /home/sarita/Documents/apache-airflow-project/.venv/lib/python3.9/site-packages/airflow/example_dags/example_xcomargs.py
[2023-12-27T09:45:42.095+0545] {processor.py:830} INFO - Processing file /home/sarita/Documents/apache-airflow-project/.venv/lib/python3.9/site-packages/airflow/example_dags/example_xcomargs.py for tasks to queue
[2023-12-27T09:45:42.096+0545] {logging_mixin.py:188} INFO - [2023-12-27T09:45:42.096+0545] {dagbag.py:538} INFO - Filling up the DagBag from /home/sarita/Documents/apache-airflow-project/.venv/lib/python3.9/site-packages/airflow/example_dags/example_xcomargs.py
[2023-12-27T09:45:42.103+0545] {processor.py:840} INFO - DAG(s) 'example_xcom_args_with_operators', 'example_xcom_args' retrieved from /home/sarita/Documents/apache-airflow-project/.venv/lib/python3.9/site-packages/airflow/example_dags/example_xcomargs.py
[2023-12-27T09:45:42.117+0545] {logging_mixin.py:188} INFO - [2023-12-27T09:45:42.117+0545] {dag.py:3033} INFO - Sync 2 DAGs
[2023-12-27T09:45:42.127+0545] {logging_mixin.py:188} INFO - [2023-12-27T09:45:42.127+0545] {dag.py:3820} INFO - Setting next_dagrun for example_xcom_args to None, run_after=None
[2023-12-27T09:45:42.130+0545] {logging_mixin.py:188} INFO - [2023-12-27T09:45:42.130+0545] {dag.py:3820} INFO - Setting next_dagrun for example_xcom_args_with_operators to None, run_after=None
[2023-12-27T09:45:42.147+0545] {processor.py:183} INFO - Processing /home/sarita/Documents/apache-airflow-project/.venv/lib/python3.9/site-packages/airflow/example_dags/example_xcomargs.py took 0.056 seconds
[2023-12-27T09:46:34.547+0545] {processor.py:161} INFO - Started process (PID=8507) to work on /home/sarita/Documents/apache-airflow-project/.venv/lib/python3.9/site-packages/airflow/example_dags/example_xcomargs.py
[2023-12-27T09:46:34.549+0545] {processor.py:830} INFO - Processing file /home/sarita/Documents/apache-airflow-project/.venv/lib/python3.9/site-packages/airflow/example_dags/example_xcomargs.py for tasks to queue
[2023-12-27T09:46:34.550+0545] {logging_mixin.py:188} INFO - [2023-12-27T09:46:34.549+0545] {dagbag.py:538} INFO - Filling up the DagBag from /home/sarita/Documents/apache-airflow-project/.venv/lib/python3.9/site-packages/airflow/example_dags/example_xcomargs.py
[2023-12-27T09:46:34.556+0545] {processor.py:840} INFO - DAG(s) 'example_xcom_args', 'example_xcom_args_with_operators' retrieved from /home/sarita/Documents/apache-airflow-project/.venv/lib/python3.9/site-packages/airflow/example_dags/example_xcomargs.py
[2023-12-27T09:46:34.569+0545] {logging_mixin.py:188} INFO - [2023-12-27T09:46:34.569+0545] {dag.py:3033} INFO - Sync 2 DAGs
[2023-12-27T09:46:34.578+0545] {logging_mixin.py:188} INFO - [2023-12-27T09:46:34.578+0545] {dag.py:3820} INFO - Setting next_dagrun for example_xcom_args to None, run_after=None
[2023-12-27T09:46:34.581+0545] {logging_mixin.py:188} INFO - [2023-12-27T09:46:34.581+0545] {dag.py:3820} INFO - Setting next_dagrun for example_xcom_args_with_operators to None, run_after=None
[2023-12-27T09:46:34.596+0545] {processor.py:183} INFO - Processing /home/sarita/Documents/apache-airflow-project/.venv/lib/python3.9/site-packages/airflow/example_dags/example_xcomargs.py took 0.051 seconds
[2023-12-27T09:47:12.889+0545] {processor.py:161} INFO - Started process (PID=8546) to work on /home/sarita/Documents/apache-airflow-project/.venv/lib/python3.9/site-packages/airflow/example_dags/example_xcomargs.py
[2023-12-27T09:47:12.891+0545] {processor.py:830} INFO - Processing file /home/sarita/Documents/apache-airflow-project/.venv/lib/python3.9/site-packages/airflow/example_dags/example_xcomargs.py for tasks to queue
[2023-12-27T09:47:12.891+0545] {logging_mixin.py:188} INFO - [2023-12-27T09:47:12.891+0545] {dagbag.py:538} INFO - Filling up the DagBag from /home/sarita/Documents/apache-airflow-project/.venv/lib/python3.9/site-packages/airflow/example_dags/example_xcomargs.py
[2023-12-27T09:47:12.898+0545] {processor.py:840} INFO - DAG(s) 'example_xcom_args_with_operators', 'example_xcom_args' retrieved from /home/sarita/Documents/apache-airflow-project/.venv/lib/python3.9/site-packages/airflow/example_dags/example_xcomargs.py
[2023-12-27T09:47:12.912+0545] {logging_mixin.py:188} INFO - [2023-12-27T09:47:12.912+0545] {dag.py:3033} INFO - Sync 2 DAGs
[2023-12-27T09:47:12.922+0545] {logging_mixin.py:188} INFO - [2023-12-27T09:47:12.922+0545] {dag.py:3820} INFO - Setting next_dagrun for example_xcom_args to None, run_after=None
[2023-12-27T09:47:12.924+0545] {logging_mixin.py:188} INFO - [2023-12-27T09:47:12.924+0545] {dag.py:3820} INFO - Setting next_dagrun for example_xcom_args_with_operators to None, run_after=None
[2023-12-27T09:47:12.941+0545] {processor.py:183} INFO - Processing /home/sarita/Documents/apache-airflow-project/.venv/lib/python3.9/site-packages/airflow/example_dags/example_xcomargs.py took 0.054 seconds
[2023-12-27T09:47:52.002+0545] {processor.py:161} INFO - Started process (PID=8605) to work on /home/sarita/Documents/apache-airflow-project/.venv/lib/python3.9/site-packages/airflow/example_dags/example_xcomargs.py
[2023-12-27T09:47:52.004+0545] {processor.py:830} INFO - Processing file /home/sarita/Documents/apache-airflow-project/.venv/lib/python3.9/site-packages/airflow/example_dags/example_xcomargs.py for tasks to queue
[2023-12-27T09:47:52.005+0545] {logging_mixin.py:188} INFO - [2023-12-27T09:47:52.005+0545] {dagbag.py:538} INFO - Filling up the DagBag from /home/sarita/Documents/apache-airflow-project/.venv/lib/python3.9/site-packages/airflow/example_dags/example_xcomargs.py
[2023-12-27T09:47:52.017+0545] {processor.py:840} INFO - DAG(s) 'example_xcom_args', 'example_xcom_args_with_operators' retrieved from /home/sarita/Documents/apache-airflow-project/.venv/lib/python3.9/site-packages/airflow/example_dags/example_xcomargs.py
[2023-12-27T09:47:52.035+0545] {logging_mixin.py:188} INFO - [2023-12-27T09:47:52.034+0545] {dag.py:3033} INFO - Sync 2 DAGs
[2023-12-27T09:47:52.044+0545] {logging_mixin.py:188} INFO - [2023-12-27T09:47:52.043+0545] {dag.py:3820} INFO - Setting next_dagrun for example_xcom_args to None, run_after=None
[2023-12-27T09:47:52.046+0545] {logging_mixin.py:188} INFO - [2023-12-27T09:47:52.046+0545] {dag.py:3820} INFO - Setting next_dagrun for example_xcom_args_with_operators to None, run_after=None
[2023-12-27T09:47:52.061+0545] {processor.py:183} INFO - Processing /home/sarita/Documents/apache-airflow-project/.venv/lib/python3.9/site-packages/airflow/example_dags/example_xcomargs.py took 0.063 seconds
[2023-12-27T09:48:30.707+0545] {processor.py:161} INFO - Started process (PID=8652) to work on /home/sarita/Documents/apache-airflow-project/.venv/lib/python3.9/site-packages/airflow/example_dags/example_xcomargs.py
[2023-12-27T09:48:30.709+0545] {processor.py:830} INFO - Processing file /home/sarita/Documents/apache-airflow-project/.venv/lib/python3.9/site-packages/airflow/example_dags/example_xcomargs.py for tasks to queue
[2023-12-27T09:48:30.712+0545] {logging_mixin.py:188} INFO - [2023-12-27T09:48:30.711+0545] {dagbag.py:538} INFO - Filling up the DagBag from /home/sarita/Documents/apache-airflow-project/.venv/lib/python3.9/site-packages/airflow/example_dags/example_xcomargs.py
[2023-12-27T09:48:30.725+0545] {processor.py:840} INFO - DAG(s) 'example_xcom_args_with_operators', 'example_xcom_args' retrieved from /home/sarita/Documents/apache-airflow-project/.venv/lib/python3.9/site-packages/airflow/example_dags/example_xcomargs.py
[2023-12-27T09:48:30.741+0545] {logging_mixin.py:188} INFO - [2023-12-27T09:48:30.741+0545] {dag.py:3033} INFO - Sync 2 DAGs
[2023-12-27T09:48:30.750+0545] {logging_mixin.py:188} INFO - [2023-12-27T09:48:30.750+0545] {dag.py:3820} INFO - Setting next_dagrun for example_xcom_args to None, run_after=None
[2023-12-27T09:48:30.752+0545] {logging_mixin.py:188} INFO - [2023-12-27T09:48:30.752+0545] {dag.py:3820} INFO - Setting next_dagrun for example_xcom_args_with_operators to None, run_after=None
[2023-12-27T09:48:30.769+0545] {processor.py:183} INFO - Processing /home/sarita/Documents/apache-airflow-project/.venv/lib/python3.9/site-packages/airflow/example_dags/example_xcomargs.py took 0.067 seconds
[2023-12-27T09:49:08.609+0545] {processor.py:161} INFO - Started process (PID=8691) to work on /home/sarita/Documents/apache-airflow-project/.venv/lib/python3.9/site-packages/airflow/example_dags/example_xcomargs.py
[2023-12-27T09:49:08.613+0545] {processor.py:830} INFO - Processing file /home/sarita/Documents/apache-airflow-project/.venv/lib/python3.9/site-packages/airflow/example_dags/example_xcomargs.py for tasks to queue
[2023-12-27T09:49:08.616+0545] {logging_mixin.py:188} INFO - [2023-12-27T09:49:08.614+0545] {dagbag.py:538} INFO - Filling up the DagBag from /home/sarita/Documents/apache-airflow-project/.venv/lib/python3.9/site-packages/airflow/example_dags/example_xcomargs.py
[2023-12-27T09:49:08.634+0545] {processor.py:840} INFO - DAG(s) 'example_xcom_args', 'example_xcom_args_with_operators' retrieved from /home/sarita/Documents/apache-airflow-project/.venv/lib/python3.9/site-packages/airflow/example_dags/example_xcomargs.py
[2023-12-27T09:49:08.652+0545] {logging_mixin.py:188} INFO - [2023-12-27T09:49:08.652+0545] {dag.py:3033} INFO - Sync 2 DAGs
[2023-12-27T09:49:08.661+0545] {logging_mixin.py:188} INFO - [2023-12-27T09:49:08.661+0545] {dag.py:3820} INFO - Setting next_dagrun for example_xcom_args to None, run_after=None
[2023-12-27T09:49:08.664+0545] {logging_mixin.py:188} INFO - [2023-12-27T09:49:08.664+0545] {dag.py:3820} INFO - Setting next_dagrun for example_xcom_args_with_operators to None, run_after=None
[2023-12-27T09:49:08.691+0545] {processor.py:183} INFO - Processing /home/sarita/Documents/apache-airflow-project/.venv/lib/python3.9/site-packages/airflow/example_dags/example_xcomargs.py took 0.089 seconds
[2023-12-27T09:50:01.490+0545] {processor.py:161} INFO - Started process (PID=8748) to work on /home/sarita/Documents/apache-airflow-project/.venv/lib/python3.9/site-packages/airflow/example_dags/example_xcomargs.py
[2023-12-27T09:50:01.492+0545] {processor.py:830} INFO - Processing file /home/sarita/Documents/apache-airflow-project/.venv/lib/python3.9/site-packages/airflow/example_dags/example_xcomargs.py for tasks to queue
[2023-12-27T09:50:01.493+0545] {logging_mixin.py:188} INFO - [2023-12-27T09:50:01.492+0545] {dagbag.py:538} INFO - Filling up the DagBag from /home/sarita/Documents/apache-airflow-project/.venv/lib/python3.9/site-packages/airflow/example_dags/example_xcomargs.py
[2023-12-27T09:50:01.498+0545] {processor.py:840} INFO - DAG(s) 'example_xcom_args_with_operators', 'example_xcom_args' retrieved from /home/sarita/Documents/apache-airflow-project/.venv/lib/python3.9/site-packages/airflow/example_dags/example_xcomargs.py
[2023-12-27T09:50:01.512+0545] {logging_mixin.py:188} INFO - [2023-12-27T09:50:01.511+0545] {dag.py:3033} INFO - Sync 2 DAGs
[2023-12-27T09:50:01.521+0545] {logging_mixin.py:188} INFO - [2023-12-27T09:50:01.521+0545] {dag.py:3820} INFO - Setting next_dagrun for example_xcom_args to None, run_after=None
[2023-12-27T09:50:01.523+0545] {logging_mixin.py:188} INFO - [2023-12-27T09:50:01.523+0545] {dag.py:3820} INFO - Setting next_dagrun for example_xcom_args_with_operators to None, run_after=None
[2023-12-27T09:50:01.539+0545] {processor.py:183} INFO - Processing /home/sarita/Documents/apache-airflow-project/.venv/lib/python3.9/site-packages/airflow/example_dags/example_xcomargs.py took 0.051 seconds
[2023-12-27T09:50:41.742+0545] {processor.py:161} INFO - Started process (PID=8803) to work on /home/sarita/Documents/apache-airflow-project/.venv/lib/python3.9/site-packages/airflow/example_dags/example_xcomargs.py
[2023-12-27T09:50:41.744+0545] {processor.py:830} INFO - Processing file /home/sarita/Documents/apache-airflow-project/.venv/lib/python3.9/site-packages/airflow/example_dags/example_xcomargs.py for tasks to queue
[2023-12-27T09:50:41.745+0545] {logging_mixin.py:188} INFO - [2023-12-27T09:50:41.744+0545] {dagbag.py:538} INFO - Filling up the DagBag from /home/sarita/Documents/apache-airflow-project/.venv/lib/python3.9/site-packages/airflow/example_dags/example_xcomargs.py
[2023-12-27T09:50:41.751+0545] {processor.py:840} INFO - DAG(s) 'example_xcom_args', 'example_xcom_args_with_operators' retrieved from /home/sarita/Documents/apache-airflow-project/.venv/lib/python3.9/site-packages/airflow/example_dags/example_xcomargs.py
[2023-12-27T09:50:41.765+0545] {logging_mixin.py:188} INFO - [2023-12-27T09:50:41.765+0545] {dag.py:3033} INFO - Sync 2 DAGs
[2023-12-27T09:50:41.775+0545] {logging_mixin.py:188} INFO - [2023-12-27T09:50:41.775+0545] {dag.py:3820} INFO - Setting next_dagrun for example_xcom_args to None, run_after=None
[2023-12-27T09:50:41.778+0545] {logging_mixin.py:188} INFO - [2023-12-27T09:50:41.778+0545] {dag.py:3820} INFO - Setting next_dagrun for example_xcom_args_with_operators to None, run_after=None
[2023-12-27T09:50:41.794+0545] {processor.py:183} INFO - Processing /home/sarita/Documents/apache-airflow-project/.venv/lib/python3.9/site-packages/airflow/example_dags/example_xcomargs.py took 0.054 seconds
[2023-12-27T09:51:21.421+0545] {processor.py:161} INFO - Started process (PID=8877) to work on /home/sarita/Documents/apache-airflow-project/.venv/lib/python3.9/site-packages/airflow/example_dags/example_xcomargs.py
[2023-12-27T09:51:21.423+0545] {processor.py:830} INFO - Processing file /home/sarita/Documents/apache-airflow-project/.venv/lib/python3.9/site-packages/airflow/example_dags/example_xcomargs.py for tasks to queue
[2023-12-27T09:51:21.423+0545] {logging_mixin.py:188} INFO - [2023-12-27T09:51:21.423+0545] {dagbag.py:538} INFO - Filling up the DagBag from /home/sarita/Documents/apache-airflow-project/.venv/lib/python3.9/site-packages/airflow/example_dags/example_xcomargs.py
[2023-12-27T09:51:21.430+0545] {processor.py:840} INFO - DAG(s) 'example_xcom_args', 'example_xcom_args_with_operators' retrieved from /home/sarita/Documents/apache-airflow-project/.venv/lib/python3.9/site-packages/airflow/example_dags/example_xcomargs.py
[2023-12-27T09:51:21.446+0545] {logging_mixin.py:188} INFO - [2023-12-27T09:51:21.446+0545] {dag.py:3033} INFO - Sync 2 DAGs
[2023-12-27T09:51:21.455+0545] {logging_mixin.py:188} INFO - [2023-12-27T09:51:21.455+0545] {dag.py:3820} INFO - Setting next_dagrun for example_xcom_args to None, run_after=None
[2023-12-27T09:51:21.458+0545] {logging_mixin.py:188} INFO - [2023-12-27T09:51:21.458+0545] {dag.py:3820} INFO - Setting next_dagrun for example_xcom_args_with_operators to None, run_after=None
[2023-12-27T09:51:21.475+0545] {processor.py:183} INFO - Processing /home/sarita/Documents/apache-airflow-project/.venv/lib/python3.9/site-packages/airflow/example_dags/example_xcomargs.py took 0.056 seconds
[2023-12-27T09:52:00.450+0545] {processor.py:161} INFO - Started process (PID=8929) to work on /home/sarita/Documents/apache-airflow-project/.venv/lib/python3.9/site-packages/airflow/example_dags/example_xcomargs.py
[2023-12-27T09:52:00.452+0545] {processor.py:830} INFO - Processing file /home/sarita/Documents/apache-airflow-project/.venv/lib/python3.9/site-packages/airflow/example_dags/example_xcomargs.py for tasks to queue
[2023-12-27T09:52:00.453+0545] {logging_mixin.py:188} INFO - [2023-12-27T09:52:00.453+0545] {dagbag.py:538} INFO - Filling up the DagBag from /home/sarita/Documents/apache-airflow-project/.venv/lib/python3.9/site-packages/airflow/example_dags/example_xcomargs.py
[2023-12-27T09:52:00.462+0545] {processor.py:840} INFO - DAG(s) 'example_xcom_args_with_operators', 'example_xcom_args' retrieved from /home/sarita/Documents/apache-airflow-project/.venv/lib/python3.9/site-packages/airflow/example_dags/example_xcomargs.py
[2023-12-27T09:52:00.480+0545] {logging_mixin.py:188} INFO - [2023-12-27T09:52:00.480+0545] {dag.py:3033} INFO - Sync 2 DAGs
[2023-12-27T09:52:00.490+0545] {logging_mixin.py:188} INFO - [2023-12-27T09:52:00.489+0545] {dag.py:3820} INFO - Setting next_dagrun for example_xcom_args to None, run_after=None
[2023-12-27T09:52:00.492+0545] {logging_mixin.py:188} INFO - [2023-12-27T09:52:00.492+0545] {dag.py:3820} INFO - Setting next_dagrun for example_xcom_args_with_operators to None, run_after=None
[2023-12-27T09:52:00.508+0545] {processor.py:183} INFO - Processing /home/sarita/Documents/apache-airflow-project/.venv/lib/python3.9/site-packages/airflow/example_dags/example_xcomargs.py took 0.061 seconds
[2023-12-27T09:54:28.194+0545] {processor.py:161} INFO - Started process (PID=9228) to work on /home/sarita/Documents/apache-airflow-project/.venv/lib/python3.9/site-packages/airflow/example_dags/example_xcomargs.py
[2023-12-27T09:54:28.196+0545] {processor.py:830} INFO - Processing file /home/sarita/Documents/apache-airflow-project/.venv/lib/python3.9/site-packages/airflow/example_dags/example_xcomargs.py for tasks to queue
[2023-12-27T09:54:28.197+0545] {logging_mixin.py:188} INFO - [2023-12-27T09:54:28.197+0545] {dagbag.py:538} INFO - Filling up the DagBag from /home/sarita/Documents/apache-airflow-project/.venv/lib/python3.9/site-packages/airflow/example_dags/example_xcomargs.py
[2023-12-27T09:54:28.206+0545] {processor.py:840} INFO - DAG(s) 'example_xcom_args_with_operators', 'example_xcom_args' retrieved from /home/sarita/Documents/apache-airflow-project/.venv/lib/python3.9/site-packages/airflow/example_dags/example_xcomargs.py
[2023-12-27T09:54:28.220+0545] {logging_mixin.py:188} INFO - [2023-12-27T09:54:28.220+0545] {dag.py:3033} INFO - Sync 2 DAGs
[2023-12-27T09:54:28.229+0545] {logging_mixin.py:188} INFO - [2023-12-27T09:54:28.229+0545] {dag.py:3820} INFO - Setting next_dagrun for example_xcom_args to None, run_after=None
[2023-12-27T09:54:28.232+0545] {logging_mixin.py:188} INFO - [2023-12-27T09:54:28.231+0545] {dag.py:3820} INFO - Setting next_dagrun for example_xcom_args_with_operators to None, run_after=None
[2023-12-27T09:54:28.247+0545] {processor.py:183} INFO - Processing /home/sarita/Documents/apache-airflow-project/.venv/lib/python3.9/site-packages/airflow/example_dags/example_xcomargs.py took 0.058 seconds
[2023-12-27T12:15:38.314+0545] {processor.py:161} INFO - Started process (PID=12868) to work on /home/sarita/Documents/apache-airflow-project/.venv/lib/python3.9/site-packages/airflow/example_dags/example_xcomargs.py
[2023-12-27T12:15:38.317+0545] {processor.py:830} INFO - Processing file /home/sarita/Documents/apache-airflow-project/.venv/lib/python3.9/site-packages/airflow/example_dags/example_xcomargs.py for tasks to queue
[2023-12-27T12:15:38.319+0545] {logging_mixin.py:188} INFO - [2023-12-27T12:15:38.318+0545] {dagbag.py:538} INFO - Filling up the DagBag from /home/sarita/Documents/apache-airflow-project/.venv/lib/python3.9/site-packages/airflow/example_dags/example_xcomargs.py
[2023-12-27T12:15:38.332+0545] {processor.py:840} INFO - DAG(s) 'example_xcom_args_with_operators', 'example_xcom_args' retrieved from /home/sarita/Documents/apache-airflow-project/.venv/lib/python3.9/site-packages/airflow/example_dags/example_xcomargs.py
[2023-12-27T12:15:38.421+0545] {logging_mixin.py:188} INFO - [2023-12-27T12:15:38.421+0545] {dag.py:3033} INFO - Sync 2 DAGs
[2023-12-27T12:15:38.429+0545] {logging_mixin.py:188} INFO - [2023-12-27T12:15:38.429+0545] {dag.py:3820} INFO - Setting next_dagrun for example_xcom_args to None, run_after=None
[2023-12-27T12:15:38.432+0545] {logging_mixin.py:188} INFO - [2023-12-27T12:15:38.432+0545] {dag.py:3820} INFO - Setting next_dagrun for example_xcom_args_with_operators to None, run_after=None
[2023-12-27T12:15:38.448+0545] {processor.py:183} INFO - Processing /home/sarita/Documents/apache-airflow-project/.venv/lib/python3.9/site-packages/airflow/example_dags/example_xcomargs.py took 0.139 seconds
[2023-12-27T12:20:52.478+0545] {processor.py:161} INFO - Started process (PID=13775) to work on /home/sarita/Documents/apache-airflow-project/.venv/lib/python3.9/site-packages/airflow/example_dags/example_xcomargs.py
[2023-12-27T12:20:52.480+0545] {processor.py:830} INFO - Processing file /home/sarita/Documents/apache-airflow-project/.venv/lib/python3.9/site-packages/airflow/example_dags/example_xcomargs.py for tasks to queue
[2023-12-27T12:20:52.481+0545] {logging_mixin.py:188} INFO - [2023-12-27T12:20:52.480+0545] {dagbag.py:538} INFO - Filling up the DagBag from /home/sarita/Documents/apache-airflow-project/.venv/lib/python3.9/site-packages/airflow/example_dags/example_xcomargs.py
[2023-12-27T12:20:52.487+0545] {processor.py:840} INFO - DAG(s) 'example_xcom_args', 'example_xcom_args_with_operators' retrieved from /home/sarita/Documents/apache-airflow-project/.venv/lib/python3.9/site-packages/airflow/example_dags/example_xcomargs.py
[2023-12-27T12:20:52.500+0545] {logging_mixin.py:188} INFO - [2023-12-27T12:20:52.500+0545] {dag.py:3033} INFO - Sync 2 DAGs
[2023-12-27T12:20:52.508+0545] {logging_mixin.py:188} INFO - [2023-12-27T12:20:52.508+0545] {dag.py:3820} INFO - Setting next_dagrun for example_xcom_args to None, run_after=None
[2023-12-27T12:20:52.510+0545] {logging_mixin.py:188} INFO - [2023-12-27T12:20:52.510+0545] {dag.py:3820} INFO - Setting next_dagrun for example_xcom_args_with_operators to None, run_after=None
[2023-12-27T12:20:52.525+0545] {processor.py:183} INFO - Processing /home/sarita/Documents/apache-airflow-project/.venv/lib/python3.9/site-packages/airflow/example_dags/example_xcomargs.py took 0.050 seconds
[2023-12-27T12:39:19.016+0545] {processor.py:161} INFO - Started process (PID=15351) to work on /home/sarita/Documents/apache-airflow-project/.venv/lib/python3.9/site-packages/airflow/example_dags/example_xcomargs.py
[2023-12-27T12:39:19.018+0545] {processor.py:830} INFO - Processing file /home/sarita/Documents/apache-airflow-project/.venv/lib/python3.9/site-packages/airflow/example_dags/example_xcomargs.py for tasks to queue
[2023-12-27T12:39:19.018+0545] {logging_mixin.py:188} INFO - [2023-12-27T12:39:19.018+0545] {dagbag.py:538} INFO - Filling up the DagBag from /home/sarita/Documents/apache-airflow-project/.venv/lib/python3.9/site-packages/airflow/example_dags/example_xcomargs.py
[2023-12-27T12:39:19.030+0545] {processor.py:840} INFO - DAG(s) 'example_xcom_args_with_operators', 'example_xcom_args' retrieved from /home/sarita/Documents/apache-airflow-project/.venv/lib/python3.9/site-packages/airflow/example_dags/example_xcomargs.py
[2023-12-27T12:39:19.127+0545] {logging_mixin.py:188} INFO - [2023-12-27T12:39:19.126+0545] {dag.py:3033} INFO - Sync 2 DAGs
[2023-12-27T12:39:19.136+0545] {logging_mixin.py:188} INFO - [2023-12-27T12:39:19.135+0545] {dag.py:3820} INFO - Setting next_dagrun for example_xcom_args to None, run_after=None
[2023-12-27T12:39:19.138+0545] {logging_mixin.py:188} INFO - [2023-12-27T12:39:19.138+0545] {dag.py:3820} INFO - Setting next_dagrun for example_xcom_args_with_operators to None, run_after=None
[2023-12-27T12:39:19.154+0545] {processor.py:183} INFO - Processing /home/sarita/Documents/apache-airflow-project/.venv/lib/python3.9/site-packages/airflow/example_dags/example_xcomargs.py took 0.141 seconds
[2023-12-27T12:41:38.353+0545] {processor.py:161} INFO - Started process (PID=15841) to work on /home/sarita/Documents/apache-airflow-project/.venv/lib/python3.9/site-packages/airflow/example_dags/example_xcomargs.py
[2023-12-27T12:41:38.354+0545] {processor.py:830} INFO - Processing file /home/sarita/Documents/apache-airflow-project/.venv/lib/python3.9/site-packages/airflow/example_dags/example_xcomargs.py for tasks to queue
[2023-12-27T12:41:38.354+0545] {logging_mixin.py:188} INFO - [2023-12-27T12:41:38.354+0545] {dagbag.py:538} INFO - Filling up the DagBag from /home/sarita/Documents/apache-airflow-project/.venv/lib/python3.9/site-packages/airflow/example_dags/example_xcomargs.py
[2023-12-27T12:41:38.360+0545] {processor.py:840} INFO - DAG(s) 'example_xcom_args', 'example_xcom_args_with_operators' retrieved from /home/sarita/Documents/apache-airflow-project/.venv/lib/python3.9/site-packages/airflow/example_dags/example_xcomargs.py
[2023-12-27T12:41:38.374+0545] {logging_mixin.py:188} INFO - [2023-12-27T12:41:38.373+0545] {dag.py:3033} INFO - Sync 2 DAGs
[2023-12-27T12:41:38.385+0545] {logging_mixin.py:188} INFO - [2023-12-27T12:41:38.385+0545] {dag.py:3820} INFO - Setting next_dagrun for example_xcom_args to None, run_after=None
[2023-12-27T12:41:38.388+0545] {logging_mixin.py:188} INFO - [2023-12-27T12:41:38.387+0545] {dag.py:3820} INFO - Setting next_dagrun for example_xcom_args_with_operators to None, run_after=None
[2023-12-27T12:41:38.403+0545] {processor.py:183} INFO - Processing /home/sarita/Documents/apache-airflow-project/.venv/lib/python3.9/site-packages/airflow/example_dags/example_xcomargs.py took 0.052 seconds
[2023-12-27T12:43:08.391+0545] {processor.py:161} INFO - Started process (PID=16814) to work on /home/sarita/Documents/apache-airflow-project/.venv/lib/python3.9/site-packages/airflow/example_dags/example_xcomargs.py
[2023-12-27T12:43:08.394+0545] {processor.py:830} INFO - Processing file /home/sarita/Documents/apache-airflow-project/.venv/lib/python3.9/site-packages/airflow/example_dags/example_xcomargs.py for tasks to queue
[2023-12-27T12:43:08.396+0545] {logging_mixin.py:188} INFO - [2023-12-27T12:43:08.395+0545] {dagbag.py:538} INFO - Filling up the DagBag from /home/sarita/Documents/apache-airflow-project/.venv/lib/python3.9/site-packages/airflow/example_dags/example_xcomargs.py
[2023-12-27T12:43:08.414+0545] {processor.py:840} INFO - DAG(s) 'example_xcom_args', 'example_xcom_args_with_operators' retrieved from /home/sarita/Documents/apache-airflow-project/.venv/lib/python3.9/site-packages/airflow/example_dags/example_xcomargs.py
[2023-12-27T12:43:08.434+0545] {logging_mixin.py:188} INFO - [2023-12-27T12:43:08.434+0545] {dag.py:3033} INFO - Sync 2 DAGs
[2023-12-27T12:43:08.443+0545] {logging_mixin.py:188} INFO - [2023-12-27T12:43:08.443+0545] {dag.py:3820} INFO - Setting next_dagrun for example_xcom_args to None, run_after=None
[2023-12-27T12:43:08.446+0545] {logging_mixin.py:188} INFO - [2023-12-27T12:43:08.446+0545] {dag.py:3820} INFO - Setting next_dagrun for example_xcom_args_with_operators to None, run_after=None
[2023-12-27T12:43:08.463+0545] {processor.py:183} INFO - Processing /home/sarita/Documents/apache-airflow-project/.venv/lib/python3.9/site-packages/airflow/example_dags/example_xcomargs.py took 0.077 seconds
[2023-12-27T12:45:57.992+0545] {processor.py:161} INFO - Started process (PID=17079) to work on /home/sarita/Documents/apache-airflow-project/.venv/lib/python3.9/site-packages/airflow/example_dags/example_xcomargs.py
[2023-12-27T12:45:57.993+0545] {processor.py:830} INFO - Processing file /home/sarita/Documents/apache-airflow-project/.venv/lib/python3.9/site-packages/airflow/example_dags/example_xcomargs.py for tasks to queue
[2023-12-27T12:45:57.993+0545] {logging_mixin.py:188} INFO - [2023-12-27T12:45:57.993+0545] {dagbag.py:538} INFO - Filling up the DagBag from /home/sarita/Documents/apache-airflow-project/.venv/lib/python3.9/site-packages/airflow/example_dags/example_xcomargs.py
[2023-12-27T12:45:57.999+0545] {processor.py:840} INFO - DAG(s) 'example_xcom_args', 'example_xcom_args_with_operators' retrieved from /home/sarita/Documents/apache-airflow-project/.venv/lib/python3.9/site-packages/airflow/example_dags/example_xcomargs.py
[2023-12-27T12:45:58.086+0545] {logging_mixin.py:188} INFO - [2023-12-27T12:45:58.086+0545] {dag.py:3033} INFO - Sync 2 DAGs
[2023-12-27T12:45:58.094+0545] {logging_mixin.py:188} INFO - [2023-12-27T12:45:58.094+0545] {dag.py:3820} INFO - Setting next_dagrun for example_xcom_args to None, run_after=None
[2023-12-27T12:45:58.097+0545] {logging_mixin.py:188} INFO - [2023-12-27T12:45:58.097+0545] {dag.py:3820} INFO - Setting next_dagrun for example_xcom_args_with_operators to None, run_after=None
[2023-12-27T12:45:58.113+0545] {processor.py:183} INFO - Processing /home/sarita/Documents/apache-airflow-project/.venv/lib/python3.9/site-packages/airflow/example_dags/example_xcomargs.py took 0.122 seconds
[2023-12-27T12:52:23.914+0545] {processor.py:161} INFO - Started process (PID=17598) to work on /home/sarita/Documents/apache-airflow-project/.venv/lib/python3.9/site-packages/airflow/example_dags/example_xcomargs.py
[2023-12-27T12:52:23.917+0545] {processor.py:830} INFO - Processing file /home/sarita/Documents/apache-airflow-project/.venv/lib/python3.9/site-packages/airflow/example_dags/example_xcomargs.py for tasks to queue
[2023-12-27T12:52:23.920+0545] {logging_mixin.py:188} INFO - [2023-12-27T12:52:23.919+0545] {dagbag.py:538} INFO - Filling up the DagBag from /home/sarita/Documents/apache-airflow-project/.venv/lib/python3.9/site-packages/airflow/example_dags/example_xcomargs.py
[2023-12-27T12:52:23.939+0545] {processor.py:840} INFO - DAG(s) 'example_xcom_args', 'example_xcom_args_with_operators' retrieved from /home/sarita/Documents/apache-airflow-project/.venv/lib/python3.9/site-packages/airflow/example_dags/example_xcomargs.py
[2023-12-27T12:52:24.028+0545] {logging_mixin.py:188} INFO - [2023-12-27T12:52:24.028+0545] {dag.py:3033} INFO - Sync 2 DAGs
[2023-12-27T12:52:24.036+0545] {logging_mixin.py:188} INFO - [2023-12-27T12:52:24.036+0545] {dag.py:3820} INFO - Setting next_dagrun for example_xcom_args to None, run_after=None
[2023-12-27T12:52:24.039+0545] {logging_mixin.py:188} INFO - [2023-12-27T12:52:24.039+0545] {dag.py:3820} INFO - Setting next_dagrun for example_xcom_args_with_operators to None, run_after=None
[2023-12-27T12:52:24.055+0545] {processor.py:183} INFO - Processing /home/sarita/Documents/apache-airflow-project/.venv/lib/python3.9/site-packages/airflow/example_dags/example_xcomargs.py took 0.149 seconds
[2023-12-27T12:53:13.277+0545] {processor.py:161} INFO - Started process (PID=17704) to work on /home/sarita/Documents/apache-airflow-project/.venv/lib/python3.9/site-packages/airflow/example_dags/example_xcomargs.py
[2023-12-27T12:53:13.281+0545] {processor.py:830} INFO - Processing file /home/sarita/Documents/apache-airflow-project/.venv/lib/python3.9/site-packages/airflow/example_dags/example_xcomargs.py for tasks to queue
[2023-12-27T12:53:13.283+0545] {logging_mixin.py:188} INFO - [2023-12-27T12:53:13.282+0545] {dagbag.py:538} INFO - Filling up the DagBag from /home/sarita/Documents/apache-airflow-project/.venv/lib/python3.9/site-packages/airflow/example_dags/example_xcomargs.py
[2023-12-27T12:53:13.303+0545] {processor.py:840} INFO - DAG(s) 'example_xcom_args', 'example_xcom_args_with_operators' retrieved from /home/sarita/Documents/apache-airflow-project/.venv/lib/python3.9/site-packages/airflow/example_dags/example_xcomargs.py
[2023-12-27T12:53:13.321+0545] {logging_mixin.py:188} INFO - [2023-12-27T12:53:13.321+0545] {dag.py:3033} INFO - Sync 2 DAGs
[2023-12-27T12:53:13.330+0545] {logging_mixin.py:188} INFO - [2023-12-27T12:53:13.330+0545] {dag.py:3820} INFO - Setting next_dagrun for example_xcom_args to None, run_after=None
[2023-12-27T12:53:13.332+0545] {logging_mixin.py:188} INFO - [2023-12-27T12:53:13.332+0545] {dag.py:3820} INFO - Setting next_dagrun for example_xcom_args_with_operators to None, run_after=None
[2023-12-27T12:53:13.349+0545] {processor.py:183} INFO - Processing /home/sarita/Documents/apache-airflow-project/.venv/lib/python3.9/site-packages/airflow/example_dags/example_xcomargs.py took 0.079 seconds
[2023-12-27T12:54:43.011+0545] {processor.py:161} INFO - Started process (PID=17870) to work on /home/sarita/Documents/apache-airflow-project/.venv/lib/python3.9/site-packages/airflow/example_dags/example_xcomargs.py
[2023-12-27T12:54:43.015+0545] {processor.py:830} INFO - Processing file /home/sarita/Documents/apache-airflow-project/.venv/lib/python3.9/site-packages/airflow/example_dags/example_xcomargs.py for tasks to queue
[2023-12-27T12:54:43.019+0545] {logging_mixin.py:188} INFO - [2023-12-27T12:54:43.018+0545] {dagbag.py:538} INFO - Filling up the DagBag from /home/sarita/Documents/apache-airflow-project/.venv/lib/python3.9/site-packages/airflow/example_dags/example_xcomargs.py
[2023-12-27T12:54:43.040+0545] {processor.py:840} INFO - DAG(s) 'example_xcom_args', 'example_xcom_args_with_operators' retrieved from /home/sarita/Documents/apache-airflow-project/.venv/lib/python3.9/site-packages/airflow/example_dags/example_xcomargs.py
[2023-12-27T12:54:43.131+0545] {logging_mixin.py:188} INFO - [2023-12-27T12:54:43.130+0545] {dag.py:3033} INFO - Sync 2 DAGs
[2023-12-27T12:54:43.139+0545] {logging_mixin.py:188} INFO - [2023-12-27T12:54:43.139+0545] {dag.py:3820} INFO - Setting next_dagrun for example_xcom_args to None, run_after=None
[2023-12-27T12:54:43.141+0545] {logging_mixin.py:188} INFO - [2023-12-27T12:54:43.141+0545] {dag.py:3820} INFO - Setting next_dagrun for example_xcom_args_with_operators to None, run_after=None
[2023-12-27T12:54:43.157+0545] {processor.py:183} INFO - Processing /home/sarita/Documents/apache-airflow-project/.venv/lib/python3.9/site-packages/airflow/example_dags/example_xcomargs.py took 0.154 seconds
[2023-12-27T12:57:59.260+0545] {processor.py:161} INFO - Started process (PID=18058) to work on /home/sarita/Documents/apache-airflow-project/.venv/lib/python3.9/site-packages/airflow/example_dags/example_xcomargs.py
[2023-12-27T12:57:59.264+0545] {processor.py:830} INFO - Processing file /home/sarita/Documents/apache-airflow-project/.venv/lib/python3.9/site-packages/airflow/example_dags/example_xcomargs.py for tasks to queue
[2023-12-27T12:57:59.266+0545] {logging_mixin.py:188} INFO - [2023-12-27T12:57:59.265+0545] {dagbag.py:538} INFO - Filling up the DagBag from /home/sarita/Documents/apache-airflow-project/.venv/lib/python3.9/site-packages/airflow/example_dags/example_xcomargs.py
[2023-12-27T12:57:59.288+0545] {processor.py:840} INFO - DAG(s) 'example_xcom_args_with_operators', 'example_xcom_args' retrieved from /home/sarita/Documents/apache-airflow-project/.venv/lib/python3.9/site-packages/airflow/example_dags/example_xcomargs.py
[2023-12-27T12:57:59.382+0545] {logging_mixin.py:188} INFO - [2023-12-27T12:57:59.381+0545] {dag.py:3033} INFO - Sync 2 DAGs
[2023-12-27T12:57:59.390+0545] {logging_mixin.py:188} INFO - [2023-12-27T12:57:59.390+0545] {dag.py:3820} INFO - Setting next_dagrun for example_xcom_args to None, run_after=None
[2023-12-27T12:57:59.393+0545] {logging_mixin.py:188} INFO - [2023-12-27T12:57:59.392+0545] {dag.py:3820} INFO - Setting next_dagrun for example_xcom_args_with_operators to None, run_after=None
[2023-12-27T12:57:59.408+0545] {processor.py:183} INFO - Processing /home/sarita/Documents/apache-airflow-project/.venv/lib/python3.9/site-packages/airflow/example_dags/example_xcomargs.py took 0.155 seconds
[2023-12-27T16:15:49.502+0545] {processor.py:161} INFO - Started process (PID=24793) to work on /home/sarita/Documents/apache-airflow-project/.venv/lib/python3.9/site-packages/airflow/example_dags/example_xcomargs.py
[2023-12-27T16:15:49.506+0545] {processor.py:830} INFO - Processing file /home/sarita/Documents/apache-airflow-project/.venv/lib/python3.9/site-packages/airflow/example_dags/example_xcomargs.py for tasks to queue
[2023-12-27T16:15:49.508+0545] {logging_mixin.py:188} INFO - [2023-12-27T16:15:49.507+0545] {dagbag.py:538} INFO - Filling up the DagBag from /home/sarita/Documents/apache-airflow-project/.venv/lib/python3.9/site-packages/airflow/example_dags/example_xcomargs.py
[2023-12-27T16:15:49.528+0545] {processor.py:840} INFO - DAG(s) 'example_xcom_args', 'example_xcom_args_with_operators' retrieved from /home/sarita/Documents/apache-airflow-project/.venv/lib/python3.9/site-packages/airflow/example_dags/example_xcomargs.py
[2023-12-27T16:15:49.624+0545] {logging_mixin.py:188} INFO - [2023-12-27T16:15:49.624+0545] {dag.py:3033} INFO - Sync 2 DAGs
[2023-12-27T16:15:49.634+0545] {logging_mixin.py:188} INFO - [2023-12-27T16:15:49.633+0545] {dag.py:3820} INFO - Setting next_dagrun for example_xcom_args to None, run_after=None
[2023-12-27T16:15:49.636+0545] {logging_mixin.py:188} INFO - [2023-12-27T16:15:49.636+0545] {dag.py:3820} INFO - Setting next_dagrun for example_xcom_args_with_operators to None, run_after=None
[2023-12-27T16:15:49.653+0545] {processor.py:183} INFO - Processing /home/sarita/Documents/apache-airflow-project/.venv/lib/python3.9/site-packages/airflow/example_dags/example_xcomargs.py took 0.158 seconds
