[2023-12-27T09:37:16.978+0545] {processor.py:161} INFO - Started process (PID=6946) to work on /home/sarita/Documents/apache-airflow-project/.venv/lib/python3.9/site-packages/airflow/example_dags/example_branch_operator_decorator.py
[2023-12-27T09:37:16.980+0545] {processor.py:830} INFO - Processing file /home/sarita/Documents/apache-airflow-project/.venv/lib/python3.9/site-packages/airflow/example_dags/example_branch_operator_decorator.py for tasks to queue
[2023-12-27T09:37:16.981+0545] {logging_mixin.py:188} INFO - [2023-12-27T09:37:16.981+0545] {dagbag.py:538} INFO - Filling up the DagBag from /home/sarita/Documents/apache-airflow-project/.venv/lib/python3.9/site-packages/airflow/example_dags/example_branch_operator_decorator.py
[2023-12-27T09:37:17.004+0545] {processor.py:840} INFO - DAG(s) 'example_branch_python_operator_decorator' retrieved from /home/sarita/Documents/apache-airflow-project/.venv/lib/python3.9/site-packages/airflow/example_dags/example_branch_operator_decorator.py
[2023-12-27T09:37:17.021+0545] {logging_mixin.py:188} INFO - [2023-12-27T09:37:17.021+0545] {dag.py:3033} INFO - Sync 1 DAGs
[2023-12-27T09:37:17.038+0545] {logging_mixin.py:188} INFO - [2023-12-27T09:37:17.038+0545] {dag.py:3820} INFO - Setting next_dagrun for example_branch_python_operator_decorator to 2023-12-26T00:00:00+00:00, run_after=2023-12-27T00:00:00+00:00
[2023-12-27T09:37:17.056+0545] {processor.py:183} INFO - Processing /home/sarita/Documents/apache-airflow-project/.venv/lib/python3.9/site-packages/airflow/example_dags/example_branch_operator_decorator.py took 0.087 seconds
[2023-12-27T09:38:10.306+0545] {processor.py:161} INFO - Started process (PID=7011) to work on /home/sarita/Documents/apache-airflow-project/.venv/lib/python3.9/site-packages/airflow/example_dags/example_branch_operator_decorator.py
[2023-12-27T09:38:10.309+0545] {processor.py:830} INFO - Processing file /home/sarita/Documents/apache-airflow-project/.venv/lib/python3.9/site-packages/airflow/example_dags/example_branch_operator_decorator.py for tasks to queue
[2023-12-27T09:38:10.310+0545] {logging_mixin.py:188} INFO - [2023-12-27T09:38:10.309+0545] {dagbag.py:538} INFO - Filling up the DagBag from /home/sarita/Documents/apache-airflow-project/.venv/lib/python3.9/site-packages/airflow/example_dags/example_branch_operator_decorator.py
[2023-12-27T09:38:10.326+0545] {processor.py:840} INFO - DAG(s) 'example_branch_python_operator_decorator' retrieved from /home/sarita/Documents/apache-airflow-project/.venv/lib/python3.9/site-packages/airflow/example_dags/example_branch_operator_decorator.py
[2023-12-27T09:38:10.343+0545] {logging_mixin.py:188} INFO - [2023-12-27T09:38:10.342+0545] {dag.py:3033} INFO - Sync 1 DAGs
[2023-12-27T09:38:10.360+0545] {logging_mixin.py:188} INFO - [2023-12-27T09:38:10.360+0545] {dag.py:3820} INFO - Setting next_dagrun for example_branch_python_operator_decorator to 2023-12-26T00:00:00+00:00, run_after=2023-12-27T00:00:00+00:00
[2023-12-27T09:38:10.380+0545] {processor.py:183} INFO - Processing /home/sarita/Documents/apache-airflow-project/.venv/lib/python3.9/site-packages/airflow/example_dags/example_branch_operator_decorator.py took 0.077 seconds
[2023-12-27T09:39:07.889+0545] {processor.py:161} INFO - Started process (PID=7133) to work on /home/sarita/Documents/apache-airflow-project/.venv/lib/python3.9/site-packages/airflow/example_dags/example_branch_operator_decorator.py
[2023-12-27T09:39:07.893+0545] {processor.py:830} INFO - Processing file /home/sarita/Documents/apache-airflow-project/.venv/lib/python3.9/site-packages/airflow/example_dags/example_branch_operator_decorator.py for tasks to queue
[2023-12-27T09:39:07.895+0545] {logging_mixin.py:188} INFO - [2023-12-27T09:39:07.894+0545] {dagbag.py:538} INFO - Filling up the DagBag from /home/sarita/Documents/apache-airflow-project/.venv/lib/python3.9/site-packages/airflow/example_dags/example_branch_operator_decorator.py
[2023-12-27T09:39:07.927+0545] {processor.py:840} INFO - DAG(s) 'example_branch_python_operator_decorator' retrieved from /home/sarita/Documents/apache-airflow-project/.venv/lib/python3.9/site-packages/airflow/example_dags/example_branch_operator_decorator.py
[2023-12-27T09:39:07.944+0545] {logging_mixin.py:188} INFO - [2023-12-27T09:39:07.944+0545] {dag.py:3033} INFO - Sync 1 DAGs
[2023-12-27T09:39:07.961+0545] {logging_mixin.py:188} INFO - [2023-12-27T09:39:07.960+0545] {dag.py:3820} INFO - Setting next_dagrun for example_branch_python_operator_decorator to 2023-12-26T00:00:00+00:00, run_after=2023-12-27T00:00:00+00:00
[2023-12-27T09:39:07.979+0545] {processor.py:183} INFO - Processing /home/sarita/Documents/apache-airflow-project/.venv/lib/python3.9/site-packages/airflow/example_dags/example_branch_operator_decorator.py took 0.098 seconds
[2023-12-27T09:40:03.287+0545] {processor.py:161} INFO - Started process (PID=7226) to work on /home/sarita/Documents/apache-airflow-project/.venv/lib/python3.9/site-packages/airflow/example_dags/example_branch_operator_decorator.py
[2023-12-27T09:40:03.290+0545] {processor.py:830} INFO - Processing file /home/sarita/Documents/apache-airflow-project/.venv/lib/python3.9/site-packages/airflow/example_dags/example_branch_operator_decorator.py for tasks to queue
[2023-12-27T09:40:03.291+0545] {logging_mixin.py:188} INFO - [2023-12-27T09:40:03.290+0545] {dagbag.py:538} INFO - Filling up the DagBag from /home/sarita/Documents/apache-airflow-project/.venv/lib/python3.9/site-packages/airflow/example_dags/example_branch_operator_decorator.py
[2023-12-27T09:40:03.307+0545] {processor.py:840} INFO - DAG(s) 'example_branch_python_operator_decorator' retrieved from /home/sarita/Documents/apache-airflow-project/.venv/lib/python3.9/site-packages/airflow/example_dags/example_branch_operator_decorator.py
[2023-12-27T09:40:03.323+0545] {logging_mixin.py:188} INFO - [2023-12-27T09:40:03.323+0545] {dag.py:3033} INFO - Sync 1 DAGs
[2023-12-27T09:40:03.340+0545] {logging_mixin.py:188} INFO - [2023-12-27T09:40:03.340+0545] {dag.py:3820} INFO - Setting next_dagrun for example_branch_python_operator_decorator to 2023-12-26T00:00:00+00:00, run_after=2023-12-27T00:00:00+00:00
[2023-12-27T09:40:03.358+0545] {processor.py:183} INFO - Processing /home/sarita/Documents/apache-airflow-project/.venv/lib/python3.9/site-packages/airflow/example_dags/example_branch_operator_decorator.py took 0.075 seconds
[2023-12-27T09:40:58.416+0545] {processor.py:161} INFO - Started process (PID=7459) to work on /home/sarita/Documents/apache-airflow-project/.venv/lib/python3.9/site-packages/airflow/example_dags/example_branch_operator_decorator.py
[2023-12-27T09:40:58.420+0545] {processor.py:830} INFO - Processing file /home/sarita/Documents/apache-airflow-project/.venv/lib/python3.9/site-packages/airflow/example_dags/example_branch_operator_decorator.py for tasks to queue
[2023-12-27T09:40:58.422+0545] {logging_mixin.py:188} INFO - [2023-12-27T09:40:58.421+0545] {dagbag.py:538} INFO - Filling up the DagBag from /home/sarita/Documents/apache-airflow-project/.venv/lib/python3.9/site-packages/airflow/example_dags/example_branch_operator_decorator.py
[2023-12-27T09:40:58.455+0545] {processor.py:840} INFO - DAG(s) 'example_branch_python_operator_decorator' retrieved from /home/sarita/Documents/apache-airflow-project/.venv/lib/python3.9/site-packages/airflow/example_dags/example_branch_operator_decorator.py
[2023-12-27T09:40:58.471+0545] {logging_mixin.py:188} INFO - [2023-12-27T09:40:58.471+0545] {dag.py:3033} INFO - Sync 1 DAGs
[2023-12-27T09:40:58.487+0545] {logging_mixin.py:188} INFO - [2023-12-27T09:40:58.487+0545] {dag.py:3820} INFO - Setting next_dagrun for example_branch_python_operator_decorator to 2023-12-26T00:00:00+00:00, run_after=2023-12-27T00:00:00+00:00
[2023-12-27T09:40:58.504+0545] {processor.py:183} INFO - Processing /home/sarita/Documents/apache-airflow-project/.venv/lib/python3.9/site-packages/airflow/example_dags/example_branch_operator_decorator.py took 0.097 seconds
[2023-12-27T09:41:56.421+0545] {processor.py:161} INFO - Started process (PID=7733) to work on /home/sarita/Documents/apache-airflow-project/.venv/lib/python3.9/site-packages/airflow/example_dags/example_branch_operator_decorator.py
[2023-12-27T09:41:56.424+0545] {processor.py:830} INFO - Processing file /home/sarita/Documents/apache-airflow-project/.venv/lib/python3.9/site-packages/airflow/example_dags/example_branch_operator_decorator.py for tasks to queue
[2023-12-27T09:41:56.426+0545] {logging_mixin.py:188} INFO - [2023-12-27T09:41:56.426+0545] {dagbag.py:538} INFO - Filling up the DagBag from /home/sarita/Documents/apache-airflow-project/.venv/lib/python3.9/site-packages/airflow/example_dags/example_branch_operator_decorator.py
[2023-12-27T09:41:56.452+0545] {processor.py:840} INFO - DAG(s) 'example_branch_python_operator_decorator' retrieved from /home/sarita/Documents/apache-airflow-project/.venv/lib/python3.9/site-packages/airflow/example_dags/example_branch_operator_decorator.py
[2023-12-27T09:41:56.469+0545] {logging_mixin.py:188} INFO - [2023-12-27T09:41:56.468+0545] {dag.py:3033} INFO - Sync 1 DAGs
[2023-12-27T09:41:56.485+0545] {logging_mixin.py:188} INFO - [2023-12-27T09:41:56.485+0545] {dag.py:3820} INFO - Setting next_dagrun for example_branch_python_operator_decorator to 2023-12-26T00:00:00+00:00, run_after=2023-12-27T00:00:00+00:00
[2023-12-27T09:41:56.505+0545] {processor.py:183} INFO - Processing /home/sarita/Documents/apache-airflow-project/.venv/lib/python3.9/site-packages/airflow/example_dags/example_branch_operator_decorator.py took 0.091 seconds
[2023-12-27T09:42:50.787+0545] {processor.py:161} INFO - Started process (PID=7823) to work on /home/sarita/Documents/apache-airflow-project/.venv/lib/python3.9/site-packages/airflow/example_dags/example_branch_operator_decorator.py
[2023-12-27T09:42:50.789+0545] {processor.py:830} INFO - Processing file /home/sarita/Documents/apache-airflow-project/.venv/lib/python3.9/site-packages/airflow/example_dags/example_branch_operator_decorator.py for tasks to queue
[2023-12-27T09:42:50.790+0545] {logging_mixin.py:188} INFO - [2023-12-27T09:42:50.790+0545] {dagbag.py:538} INFO - Filling up the DagBag from /home/sarita/Documents/apache-airflow-project/.venv/lib/python3.9/site-packages/airflow/example_dags/example_branch_operator_decorator.py
[2023-12-27T09:42:50.808+0545] {processor.py:840} INFO - DAG(s) 'example_branch_python_operator_decorator' retrieved from /home/sarita/Documents/apache-airflow-project/.venv/lib/python3.9/site-packages/airflow/example_dags/example_branch_operator_decorator.py
[2023-12-27T09:42:50.824+0545] {logging_mixin.py:188} INFO - [2023-12-27T09:42:50.824+0545] {dag.py:3033} INFO - Sync 1 DAGs
[2023-12-27T09:42:50.840+0545] {logging_mixin.py:188} INFO - [2023-12-27T09:42:50.840+0545] {dag.py:3820} INFO - Setting next_dagrun for example_branch_python_operator_decorator to 2023-12-26T00:00:00+00:00, run_after=2023-12-27T00:00:00+00:00
[2023-12-27T09:42:50.860+0545] {processor.py:183} INFO - Processing /home/sarita/Documents/apache-airflow-project/.venv/lib/python3.9/site-packages/airflow/example_dags/example_branch_operator_decorator.py took 0.076 seconds
[2023-12-27T09:43:42.245+0545] {processor.py:161} INFO - Started process (PID=7896) to work on /home/sarita/Documents/apache-airflow-project/.venv/lib/python3.9/site-packages/airflow/example_dags/example_branch_operator_decorator.py
[2023-12-27T09:43:42.247+0545] {processor.py:830} INFO - Processing file /home/sarita/Documents/apache-airflow-project/.venv/lib/python3.9/site-packages/airflow/example_dags/example_branch_operator_decorator.py for tasks to queue
[2023-12-27T09:43:42.248+0545] {logging_mixin.py:188} INFO - [2023-12-27T09:43:42.248+0545] {dagbag.py:538} INFO - Filling up the DagBag from /home/sarita/Documents/apache-airflow-project/.venv/lib/python3.9/site-packages/airflow/example_dags/example_branch_operator_decorator.py
[2023-12-27T09:43:42.269+0545] {processor.py:840} INFO - DAG(s) 'example_branch_python_operator_decorator' retrieved from /home/sarita/Documents/apache-airflow-project/.venv/lib/python3.9/site-packages/airflow/example_dags/example_branch_operator_decorator.py
[2023-12-27T09:43:42.287+0545] {logging_mixin.py:188} INFO - [2023-12-27T09:43:42.287+0545] {dag.py:3033} INFO - Sync 1 DAGs
[2023-12-27T09:43:42.304+0545] {logging_mixin.py:188} INFO - [2023-12-27T09:43:42.303+0545] {dag.py:3820} INFO - Setting next_dagrun for example_branch_python_operator_decorator to 2023-12-26T00:00:00+00:00, run_after=2023-12-27T00:00:00+00:00
[2023-12-27T09:43:42.321+0545] {processor.py:183} INFO - Processing /home/sarita/Documents/apache-airflow-project/.venv/lib/python3.9/site-packages/airflow/example_dags/example_branch_operator_decorator.py took 0.080 seconds
[2023-12-27T09:44:38.892+0545] {processor.py:161} INFO - Started process (PID=7969) to work on /home/sarita/Documents/apache-airflow-project/.venv/lib/python3.9/site-packages/airflow/example_dags/example_branch_operator_decorator.py
[2023-12-27T09:44:38.894+0545] {processor.py:830} INFO - Processing file /home/sarita/Documents/apache-airflow-project/.venv/lib/python3.9/site-packages/airflow/example_dags/example_branch_operator_decorator.py for tasks to queue
[2023-12-27T09:44:38.895+0545] {logging_mixin.py:188} INFO - [2023-12-27T09:44:38.895+0545] {dagbag.py:538} INFO - Filling up the DagBag from /home/sarita/Documents/apache-airflow-project/.venv/lib/python3.9/site-packages/airflow/example_dags/example_branch_operator_decorator.py
[2023-12-27T09:44:38.913+0545] {processor.py:840} INFO - DAG(s) 'example_branch_python_operator_decorator' retrieved from /home/sarita/Documents/apache-airflow-project/.venv/lib/python3.9/site-packages/airflow/example_dags/example_branch_operator_decorator.py
[2023-12-27T09:44:38.930+0545] {logging_mixin.py:188} INFO - [2023-12-27T09:44:38.929+0545] {dag.py:3033} INFO - Sync 1 DAGs
[2023-12-27T09:44:38.945+0545] {logging_mixin.py:188} INFO - [2023-12-27T09:44:38.945+0545] {dag.py:3820} INFO - Setting next_dagrun for example_branch_python_operator_decorator to 2023-12-26T00:00:00+00:00, run_after=2023-12-27T00:00:00+00:00
[2023-12-27T09:44:38.965+0545] {processor.py:183} INFO - Processing /home/sarita/Documents/apache-airflow-project/.venv/lib/python3.9/site-packages/airflow/example_dags/example_branch_operator_decorator.py took 0.079 seconds
[2023-12-27T09:45:33.979+0545] {processor.py:161} INFO - Started process (PID=8412) to work on /home/sarita/Documents/apache-airflow-project/.venv/lib/python3.9/site-packages/airflow/example_dags/example_branch_operator_decorator.py
[2023-12-27T09:45:33.982+0545] {processor.py:830} INFO - Processing file /home/sarita/Documents/apache-airflow-project/.venv/lib/python3.9/site-packages/airflow/example_dags/example_branch_operator_decorator.py for tasks to queue
[2023-12-27T09:45:33.984+0545] {logging_mixin.py:188} INFO - [2023-12-27T09:45:33.983+0545] {dagbag.py:538} INFO - Filling up the DagBag from /home/sarita/Documents/apache-airflow-project/.venv/lib/python3.9/site-packages/airflow/example_dags/example_branch_operator_decorator.py
[2023-12-27T09:45:34.016+0545] {processor.py:840} INFO - DAG(s) 'example_branch_python_operator_decorator' retrieved from /home/sarita/Documents/apache-airflow-project/.venv/lib/python3.9/site-packages/airflow/example_dags/example_branch_operator_decorator.py
[2023-12-27T09:45:34.033+0545] {logging_mixin.py:188} INFO - [2023-12-27T09:45:34.033+0545] {dag.py:3033} INFO - Sync 1 DAGs
[2023-12-27T09:45:34.049+0545] {logging_mixin.py:188} INFO - [2023-12-27T09:45:34.049+0545] {dag.py:3820} INFO - Setting next_dagrun for example_branch_python_operator_decorator to 2023-12-26T00:00:00+00:00, run_after=2023-12-27T00:00:00+00:00
[2023-12-27T09:45:34.067+0545] {processor.py:183} INFO - Processing /home/sarita/Documents/apache-airflow-project/.venv/lib/python3.9/site-packages/airflow/example_dags/example_branch_operator_decorator.py took 0.095 seconds
[2023-12-27T09:46:27.839+0545] {processor.py:161} INFO - Started process (PID=8499) to work on /home/sarita/Documents/apache-airflow-project/.venv/lib/python3.9/site-packages/airflow/example_dags/example_branch_operator_decorator.py
[2023-12-27T09:46:27.842+0545] {processor.py:830} INFO - Processing file /home/sarita/Documents/apache-airflow-project/.venv/lib/python3.9/site-packages/airflow/example_dags/example_branch_operator_decorator.py for tasks to queue
[2023-12-27T09:46:27.844+0545] {logging_mixin.py:188} INFO - [2023-12-27T09:46:27.844+0545] {dagbag.py:538} INFO - Filling up the DagBag from /home/sarita/Documents/apache-airflow-project/.venv/lib/python3.9/site-packages/airflow/example_dags/example_branch_operator_decorator.py
[2023-12-27T09:46:27.876+0545] {processor.py:840} INFO - DAG(s) 'example_branch_python_operator_decorator' retrieved from /home/sarita/Documents/apache-airflow-project/.venv/lib/python3.9/site-packages/airflow/example_dags/example_branch_operator_decorator.py
[2023-12-27T09:46:27.893+0545] {logging_mixin.py:188} INFO - [2023-12-27T09:46:27.893+0545] {dag.py:3033} INFO - Sync 1 DAGs
[2023-12-27T09:46:27.909+0545] {logging_mixin.py:188} INFO - [2023-12-27T09:46:27.909+0545] {dag.py:3820} INFO - Setting next_dagrun for example_branch_python_operator_decorator to 2023-12-26T00:00:00+00:00, run_after=2023-12-27T00:00:00+00:00
[2023-12-27T09:46:27.937+0545] {processor.py:183} INFO - Processing /home/sarita/Documents/apache-airflow-project/.venv/lib/python3.9/site-packages/airflow/example_dags/example_branch_operator_decorator.py took 0.103 seconds
[2023-12-27T09:47:25.534+0545] {processor.py:161} INFO - Started process (PID=8558) to work on /home/sarita/Documents/apache-airflow-project/.venv/lib/python3.9/site-packages/airflow/example_dags/example_branch_operator_decorator.py
[2023-12-27T09:47:25.535+0545] {processor.py:830} INFO - Processing file /home/sarita/Documents/apache-airflow-project/.venv/lib/python3.9/site-packages/airflow/example_dags/example_branch_operator_decorator.py for tasks to queue
[2023-12-27T09:47:25.536+0545] {logging_mixin.py:188} INFO - [2023-12-27T09:47:25.535+0545] {dagbag.py:538} INFO - Filling up the DagBag from /home/sarita/Documents/apache-airflow-project/.venv/lib/python3.9/site-packages/airflow/example_dags/example_branch_operator_decorator.py
[2023-12-27T09:47:25.555+0545] {processor.py:840} INFO - DAG(s) 'example_branch_python_operator_decorator' retrieved from /home/sarita/Documents/apache-airflow-project/.venv/lib/python3.9/site-packages/airflow/example_dags/example_branch_operator_decorator.py
[2023-12-27T09:47:25.572+0545] {logging_mixin.py:188} INFO - [2023-12-27T09:47:25.572+0545] {dag.py:3033} INFO - Sync 1 DAGs
[2023-12-27T09:47:25.589+0545] {logging_mixin.py:188} INFO - [2023-12-27T09:47:25.589+0545] {dag.py:3820} INFO - Setting next_dagrun for example_branch_python_operator_decorator to 2023-12-26T00:00:00+00:00, run_after=2023-12-27T00:00:00+00:00
[2023-12-27T09:47:25.607+0545] {processor.py:183} INFO - Processing /home/sarita/Documents/apache-airflow-project/.venv/lib/python3.9/site-packages/airflow/example_dags/example_branch_operator_decorator.py took 0.075 seconds
[2023-12-27T09:48:24.053+0545] {processor.py:161} INFO - Started process (PID=8644) to work on /home/sarita/Documents/apache-airflow-project/.venv/lib/python3.9/site-packages/airflow/example_dags/example_branch_operator_decorator.py
[2023-12-27T09:48:24.056+0545] {processor.py:830} INFO - Processing file /home/sarita/Documents/apache-airflow-project/.venv/lib/python3.9/site-packages/airflow/example_dags/example_branch_operator_decorator.py for tasks to queue
[2023-12-27T09:48:24.058+0545] {logging_mixin.py:188} INFO - [2023-12-27T09:48:24.057+0545] {dagbag.py:538} INFO - Filling up the DagBag from /home/sarita/Documents/apache-airflow-project/.venv/lib/python3.9/site-packages/airflow/example_dags/example_branch_operator_decorator.py
[2023-12-27T09:48:24.087+0545] {processor.py:840} INFO - DAG(s) 'example_branch_python_operator_decorator' retrieved from /home/sarita/Documents/apache-airflow-project/.venv/lib/python3.9/site-packages/airflow/example_dags/example_branch_operator_decorator.py
[2023-12-27T09:48:24.103+0545] {logging_mixin.py:188} INFO - [2023-12-27T09:48:24.103+0545] {dag.py:3033} INFO - Sync 1 DAGs
[2023-12-27T09:48:24.119+0545] {logging_mixin.py:188} INFO - [2023-12-27T09:48:24.119+0545] {dag.py:3820} INFO - Setting next_dagrun for example_branch_python_operator_decorator to 2023-12-26T00:00:00+00:00, run_after=2023-12-27T00:00:00+00:00
[2023-12-27T09:48:24.138+0545] {processor.py:183} INFO - Processing /home/sarita/Documents/apache-airflow-project/.venv/lib/python3.9/site-packages/airflow/example_dags/example_branch_operator_decorator.py took 0.091 seconds
[2023-12-27T09:49:17.778+0545] {processor.py:161} INFO - Started process (PID=8702) to work on /home/sarita/Documents/apache-airflow-project/.venv/lib/python3.9/site-packages/airflow/example_dags/example_branch_operator_decorator.py
[2023-12-27T09:49:17.781+0545] {processor.py:830} INFO - Processing file /home/sarita/Documents/apache-airflow-project/.venv/lib/python3.9/site-packages/airflow/example_dags/example_branch_operator_decorator.py for tasks to queue
[2023-12-27T09:49:17.783+0545] {logging_mixin.py:188} INFO - [2023-12-27T09:49:17.782+0545] {dagbag.py:538} INFO - Filling up the DagBag from /home/sarita/Documents/apache-airflow-project/.venv/lib/python3.9/site-packages/airflow/example_dags/example_branch_operator_decorator.py
[2023-12-27T09:49:17.811+0545] {processor.py:840} INFO - DAG(s) 'example_branch_python_operator_decorator' retrieved from /home/sarita/Documents/apache-airflow-project/.venv/lib/python3.9/site-packages/airflow/example_dags/example_branch_operator_decorator.py
[2023-12-27T09:49:17.828+0545] {logging_mixin.py:188} INFO - [2023-12-27T09:49:17.828+0545] {dag.py:3033} INFO - Sync 1 DAGs
[2023-12-27T09:49:17.844+0545] {logging_mixin.py:188} INFO - [2023-12-27T09:49:17.844+0545] {dag.py:3820} INFO - Setting next_dagrun for example_branch_python_operator_decorator to 2023-12-26T00:00:00+00:00, run_after=2023-12-27T00:00:00+00:00
[2023-12-27T09:49:17.863+0545] {processor.py:183} INFO - Processing /home/sarita/Documents/apache-airflow-project/.venv/lib/python3.9/site-packages/airflow/example_dags/example_branch_operator_decorator.py took 0.090 seconds
[2023-12-27T09:50:13.923+0545] {processor.py:161} INFO - Started process (PID=8767) to work on /home/sarita/Documents/apache-airflow-project/.venv/lib/python3.9/site-packages/airflow/example_dags/example_branch_operator_decorator.py
[2023-12-27T09:50:13.924+0545] {processor.py:830} INFO - Processing file /home/sarita/Documents/apache-airflow-project/.venv/lib/python3.9/site-packages/airflow/example_dags/example_branch_operator_decorator.py for tasks to queue
[2023-12-27T09:50:13.924+0545] {logging_mixin.py:188} INFO - [2023-12-27T09:50:13.924+0545] {dagbag.py:538} INFO - Filling up the DagBag from /home/sarita/Documents/apache-airflow-project/.venv/lib/python3.9/site-packages/airflow/example_dags/example_branch_operator_decorator.py
[2023-12-27T09:50:13.940+0545] {processor.py:840} INFO - DAG(s) 'example_branch_python_operator_decorator' retrieved from /home/sarita/Documents/apache-airflow-project/.venv/lib/python3.9/site-packages/airflow/example_dags/example_branch_operator_decorator.py
[2023-12-27T09:50:13.958+0545] {logging_mixin.py:188} INFO - [2023-12-27T09:50:13.958+0545] {dag.py:3033} INFO - Sync 1 DAGs
[2023-12-27T09:50:13.976+0545] {logging_mixin.py:188} INFO - [2023-12-27T09:50:13.976+0545] {dag.py:3820} INFO - Setting next_dagrun for example_branch_python_operator_decorator to 2023-12-26T00:00:00+00:00, run_after=2023-12-27T00:00:00+00:00
[2023-12-27T09:50:13.997+0545] {processor.py:183} INFO - Processing /home/sarita/Documents/apache-airflow-project/.venv/lib/python3.9/site-packages/airflow/example_dags/example_branch_operator_decorator.py took 0.076 seconds
[2023-12-27T09:51:12.683+0545] {processor.py:161} INFO - Started process (PID=8869) to work on /home/sarita/Documents/apache-airflow-project/.venv/lib/python3.9/site-packages/airflow/example_dags/example_branch_operator_decorator.py
[2023-12-27T09:51:12.686+0545] {processor.py:830} INFO - Processing file /home/sarita/Documents/apache-airflow-project/.venv/lib/python3.9/site-packages/airflow/example_dags/example_branch_operator_decorator.py for tasks to queue
[2023-12-27T09:51:12.689+0545] {logging_mixin.py:188} INFO - [2023-12-27T09:51:12.688+0545] {dagbag.py:538} INFO - Filling up the DagBag from /home/sarita/Documents/apache-airflow-project/.venv/lib/python3.9/site-packages/airflow/example_dags/example_branch_operator_decorator.py
[2023-12-27T09:51:12.718+0545] {processor.py:840} INFO - DAG(s) 'example_branch_python_operator_decorator' retrieved from /home/sarita/Documents/apache-airflow-project/.venv/lib/python3.9/site-packages/airflow/example_dags/example_branch_operator_decorator.py
[2023-12-27T09:51:12.734+0545] {logging_mixin.py:188} INFO - [2023-12-27T09:51:12.734+0545] {dag.py:3033} INFO - Sync 1 DAGs
[2023-12-27T09:51:12.750+0545] {logging_mixin.py:188} INFO - [2023-12-27T09:51:12.750+0545] {dag.py:3820} INFO - Setting next_dagrun for example_branch_python_operator_decorator to 2023-12-26T00:00:00+00:00, run_after=2023-12-27T00:00:00+00:00
[2023-12-27T09:51:12.776+0545] {processor.py:183} INFO - Processing /home/sarita/Documents/apache-airflow-project/.venv/lib/python3.9/site-packages/airflow/example_dags/example_branch_operator_decorator.py took 0.101 seconds
[2023-12-27T09:52:10.771+0545] {processor.py:161} INFO - Started process (PID=8973) to work on /home/sarita/Documents/apache-airflow-project/.venv/lib/python3.9/site-packages/airflow/example_dags/example_branch_operator_decorator.py
[2023-12-27T09:52:10.775+0545] {processor.py:830} INFO - Processing file /home/sarita/Documents/apache-airflow-project/.venv/lib/python3.9/site-packages/airflow/example_dags/example_branch_operator_decorator.py for tasks to queue
[2023-12-27T09:52:10.777+0545] {logging_mixin.py:188} INFO - [2023-12-27T09:52:10.776+0545] {dagbag.py:538} INFO - Filling up the DagBag from /home/sarita/Documents/apache-airflow-project/.venv/lib/python3.9/site-packages/airflow/example_dags/example_branch_operator_decorator.py
[2023-12-27T09:52:10.802+0545] {processor.py:840} INFO - DAG(s) 'example_branch_python_operator_decorator' retrieved from /home/sarita/Documents/apache-airflow-project/.venv/lib/python3.9/site-packages/airflow/example_dags/example_branch_operator_decorator.py
[2023-12-27T09:52:10.819+0545] {logging_mixin.py:188} INFO - [2023-12-27T09:52:10.819+0545] {dag.py:3033} INFO - Sync 1 DAGs
[2023-12-27T09:52:10.835+0545] {logging_mixin.py:188} INFO - [2023-12-27T09:52:10.835+0545] {dag.py:3820} INFO - Setting next_dagrun for example_branch_python_operator_decorator to 2023-12-26T00:00:00+00:00, run_after=2023-12-27T00:00:00+00:00
[2023-12-27T09:52:10.853+0545] {processor.py:183} INFO - Processing /home/sarita/Documents/apache-airflow-project/.venv/lib/python3.9/site-packages/airflow/example_dags/example_branch_operator_decorator.py took 0.089 seconds
[2023-12-27T12:19:06.378+0545] {processor.py:161} INFO - Started process (PID=13622) to work on /home/sarita/Documents/apache-airflow-project/.venv/lib/python3.9/site-packages/airflow/example_dags/example_branch_operator_decorator.py
[2023-12-27T12:19:06.380+0545] {processor.py:830} INFO - Processing file /home/sarita/Documents/apache-airflow-project/.venv/lib/python3.9/site-packages/airflow/example_dags/example_branch_operator_decorator.py for tasks to queue
[2023-12-27T12:19:06.381+0545] {logging_mixin.py:188} INFO - [2023-12-27T12:19:06.380+0545] {dagbag.py:538} INFO - Filling up the DagBag from /home/sarita/Documents/apache-airflow-project/.venv/lib/python3.9/site-packages/airflow/example_dags/example_branch_operator_decorator.py
[2023-12-27T12:19:06.395+0545] {processor.py:840} INFO - DAG(s) 'example_branch_python_operator_decorator' retrieved from /home/sarita/Documents/apache-airflow-project/.venv/lib/python3.9/site-packages/airflow/example_dags/example_branch_operator_decorator.py
[2023-12-27T12:19:06.410+0545] {logging_mixin.py:188} INFO - [2023-12-27T12:19:06.410+0545] {dag.py:3033} INFO - Sync 1 DAGs
[2023-12-27T12:19:06.425+0545] {logging_mixin.py:188} INFO - [2023-12-27T12:19:06.425+0545] {dag.py:3820} INFO - Setting next_dagrun for example_branch_python_operator_decorator to 2023-12-26T00:00:00+00:00, run_after=2023-12-27T00:00:00+00:00
[2023-12-27T12:19:06.443+0545] {processor.py:183} INFO - Processing /home/sarita/Documents/apache-airflow-project/.venv/lib/python3.9/site-packages/airflow/example_dags/example_branch_operator_decorator.py took 0.067 seconds
[2023-12-27T12:39:55.411+0545] {processor.py:161} INFO - Started process (PID=15555) to work on /home/sarita/Documents/apache-airflow-project/.venv/lib/python3.9/site-packages/airflow/example_dags/example_branch_operator_decorator.py
[2023-12-27T12:39:55.413+0545] {processor.py:830} INFO - Processing file /home/sarita/Documents/apache-airflow-project/.venv/lib/python3.9/site-packages/airflow/example_dags/example_branch_operator_decorator.py for tasks to queue
[2023-12-27T12:39:55.414+0545] {logging_mixin.py:188} INFO - [2023-12-27T12:39:55.414+0545] {dagbag.py:538} INFO - Filling up the DagBag from /home/sarita/Documents/apache-airflow-project/.venv/lib/python3.9/site-packages/airflow/example_dags/example_branch_operator_decorator.py
[2023-12-27T12:39:55.429+0545] {processor.py:840} INFO - DAG(s) 'example_branch_python_operator_decorator' retrieved from /home/sarita/Documents/apache-airflow-project/.venv/lib/python3.9/site-packages/airflow/example_dags/example_branch_operator_decorator.py
[2023-12-27T12:39:55.446+0545] {logging_mixin.py:188} INFO - [2023-12-27T12:39:55.446+0545] {dag.py:3033} INFO - Sync 1 DAGs
[2023-12-27T12:39:55.463+0545] {logging_mixin.py:188} INFO - [2023-12-27T12:39:55.462+0545] {dag.py:3820} INFO - Setting next_dagrun for example_branch_python_operator_decorator to 2023-12-26T00:00:00+00:00, run_after=2023-12-27T00:00:00+00:00
[2023-12-27T12:39:55.482+0545] {processor.py:183} INFO - Processing /home/sarita/Documents/apache-airflow-project/.venv/lib/python3.9/site-packages/airflow/example_dags/example_branch_operator_decorator.py took 0.073 seconds
[2023-12-27T12:52:56.984+0545] {processor.py:161} INFO - Started process (PID=17646) to work on /home/sarita/Documents/apache-airflow-project/.venv/lib/python3.9/site-packages/airflow/example_dags/example_branch_operator_decorator.py
[2023-12-27T12:52:56.988+0545] {processor.py:830} INFO - Processing file /home/sarita/Documents/apache-airflow-project/.venv/lib/python3.9/site-packages/airflow/example_dags/example_branch_operator_decorator.py for tasks to queue
[2023-12-27T12:52:56.990+0545] {logging_mixin.py:188} INFO - [2023-12-27T12:52:56.989+0545] {dagbag.py:538} INFO - Filling up the DagBag from /home/sarita/Documents/apache-airflow-project/.venv/lib/python3.9/site-packages/airflow/example_dags/example_branch_operator_decorator.py
[2023-12-27T12:52:57.018+0545] {processor.py:840} INFO - DAG(s) 'example_branch_python_operator_decorator' retrieved from /home/sarita/Documents/apache-airflow-project/.venv/lib/python3.9/site-packages/airflow/example_dags/example_branch_operator_decorator.py
[2023-12-27T12:52:57.034+0545] {logging_mixin.py:188} INFO - [2023-12-27T12:52:57.034+0545] {dag.py:3033} INFO - Sync 1 DAGs
[2023-12-27T12:52:57.050+0545] {logging_mixin.py:188} INFO - [2023-12-27T12:52:57.049+0545] {dag.py:3820} INFO - Setting next_dagrun for example_branch_python_operator_decorator to 2023-12-26T00:00:00+00:00, run_after=2023-12-27T00:00:00+00:00
[2023-12-27T12:52:57.068+0545] {processor.py:183} INFO - Processing /home/sarita/Documents/apache-airflow-project/.venv/lib/python3.9/site-packages/airflow/example_dags/example_branch_operator_decorator.py took 0.091 seconds
