[2023-12-27T09:36:49.054+0545] {processor.py:161} INFO - Started process (PID=6909) to work on /home/sarita/Documents/apache-airflow-project/.venv/lib/python3.9/site-packages/airflow/example_dags/example_task_group.py
[2023-12-27T09:36:49.055+0545] {processor.py:830} INFO - Processing file /home/sarita/Documents/apache-airflow-project/.venv/lib/python3.9/site-packages/airflow/example_dags/example_task_group.py for tasks to queue
[2023-12-27T09:36:49.055+0545] {logging_mixin.py:188} INFO - [2023-12-27T09:36:49.055+0545] {dagbag.py:538} INFO - Filling up the DagBag from /home/sarita/Documents/apache-airflow-project/.venv/lib/python3.9/site-packages/airflow/example_dags/example_task_group.py
[2023-12-27T09:36:49.061+0545] {processor.py:840} INFO - DAG(s) 'example_task_group' retrieved from /home/sarita/Documents/apache-airflow-project/.venv/lib/python3.9/site-packages/airflow/example_dags/example_task_group.py
[2023-12-27T09:36:49.077+0545] {logging_mixin.py:188} INFO - [2023-12-27T09:36:49.077+0545] {dag.py:3033} INFO - Sync 1 DAGs
[2023-12-27T09:36:49.175+0545] {logging_mixin.py:188} INFO - [2023-12-27T09:36:49.175+0545] {dag.py:3820} INFO - Setting next_dagrun for example_task_group to 2023-12-26T00:00:00+00:00, run_after=2023-12-27T00:00:00+00:00
[2023-12-27T09:36:49.197+0545] {processor.py:183} INFO - Processing /home/sarita/Documents/apache-airflow-project/.venv/lib/python3.9/site-packages/airflow/example_dags/example_task_group.py took 0.146 seconds
[2023-12-27T09:37:35.854+0545] {processor.py:161} INFO - Started process (PID=6968) to work on /home/sarita/Documents/apache-airflow-project/.venv/lib/python3.9/site-packages/airflow/example_dags/example_task_group.py
[2023-12-27T09:37:35.856+0545] {processor.py:830} INFO - Processing file /home/sarita/Documents/apache-airflow-project/.venv/lib/python3.9/site-packages/airflow/example_dags/example_task_group.py for tasks to queue
[2023-12-27T09:37:35.857+0545] {logging_mixin.py:188} INFO - [2023-12-27T09:37:35.857+0545] {dagbag.py:538} INFO - Filling up the DagBag from /home/sarita/Documents/apache-airflow-project/.venv/lib/python3.9/site-packages/airflow/example_dags/example_task_group.py
[2023-12-27T09:37:35.863+0545] {processor.py:840} INFO - DAG(s) 'example_task_group' retrieved from /home/sarita/Documents/apache-airflow-project/.venv/lib/python3.9/site-packages/airflow/example_dags/example_task_group.py
[2023-12-27T09:37:35.877+0545] {logging_mixin.py:188} INFO - [2023-12-27T09:37:35.877+0545] {dag.py:3033} INFO - Sync 1 DAGs
[2023-12-27T09:37:35.895+0545] {logging_mixin.py:188} INFO - [2023-12-27T09:37:35.895+0545] {dag.py:3820} INFO - Setting next_dagrun for example_task_group to 2023-12-26T00:00:00+00:00, run_after=2023-12-27T00:00:00+00:00
[2023-12-27T09:37:35.918+0545] {processor.py:183} INFO - Processing /home/sarita/Documents/apache-airflow-project/.venv/lib/python3.9/site-packages/airflow/example_dags/example_task_group.py took 0.066 seconds
[2023-12-27T09:38:26.663+0545] {processor.py:161} INFO - Started process (PID=7029) to work on /home/sarita/Documents/apache-airflow-project/.venv/lib/python3.9/site-packages/airflow/example_dags/example_task_group.py
[2023-12-27T09:38:26.666+0545] {processor.py:830} INFO - Processing file /home/sarita/Documents/apache-airflow-project/.venv/lib/python3.9/site-packages/airflow/example_dags/example_task_group.py for tasks to queue
[2023-12-27T09:38:26.668+0545] {logging_mixin.py:188} INFO - [2023-12-27T09:38:26.667+0545] {dagbag.py:538} INFO - Filling up the DagBag from /home/sarita/Documents/apache-airflow-project/.venv/lib/python3.9/site-packages/airflow/example_dags/example_task_group.py
[2023-12-27T09:38:26.677+0545] {processor.py:840} INFO - DAG(s) 'example_task_group' retrieved from /home/sarita/Documents/apache-airflow-project/.venv/lib/python3.9/site-packages/airflow/example_dags/example_task_group.py
[2023-12-27T09:38:26.691+0545] {logging_mixin.py:188} INFO - [2023-12-27T09:38:26.690+0545] {dag.py:3033} INFO - Sync 1 DAGs
[2023-12-27T09:38:26.705+0545] {logging_mixin.py:188} INFO - [2023-12-27T09:38:26.705+0545] {dag.py:3820} INFO - Setting next_dagrun for example_task_group to 2023-12-26T00:00:00+00:00, run_after=2023-12-27T00:00:00+00:00
[2023-12-27T09:38:26.731+0545] {processor.py:183} INFO - Processing /home/sarita/Documents/apache-airflow-project/.venv/lib/python3.9/site-packages/airflow/example_dags/example_task_group.py took 0.075 seconds
[2023-12-27T09:39:19.928+0545] {processor.py:161} INFO - Started process (PID=7146) to work on /home/sarita/Documents/apache-airflow-project/.venv/lib/python3.9/site-packages/airflow/example_dags/example_task_group.py
[2023-12-27T09:39:19.931+0545] {processor.py:830} INFO - Processing file /home/sarita/Documents/apache-airflow-project/.venv/lib/python3.9/site-packages/airflow/example_dags/example_task_group.py for tasks to queue
[2023-12-27T09:39:19.933+0545] {logging_mixin.py:188} INFO - [2023-12-27T09:39:19.932+0545] {dagbag.py:538} INFO - Filling up the DagBag from /home/sarita/Documents/apache-airflow-project/.venv/lib/python3.9/site-packages/airflow/example_dags/example_task_group.py
[2023-12-27T09:39:19.950+0545] {processor.py:840} INFO - DAG(s) 'example_task_group' retrieved from /home/sarita/Documents/apache-airflow-project/.venv/lib/python3.9/site-packages/airflow/example_dags/example_task_group.py
[2023-12-27T09:39:19.967+0545] {logging_mixin.py:188} INFO - [2023-12-27T09:39:19.967+0545] {dag.py:3033} INFO - Sync 1 DAGs
[2023-12-27T09:39:19.982+0545] {logging_mixin.py:188} INFO - [2023-12-27T09:39:19.982+0545] {dag.py:3820} INFO - Setting next_dagrun for example_task_group to 2023-12-26T00:00:00+00:00, run_after=2023-12-27T00:00:00+00:00
[2023-12-27T09:39:20.000+0545] {processor.py:183} INFO - Processing /home/sarita/Documents/apache-airflow-project/.venv/lib/python3.9/site-packages/airflow/example_dags/example_task_group.py took 0.079 seconds
[2023-12-27T09:40:16.799+0545] {processor.py:161} INFO - Started process (PID=7252) to work on /home/sarita/Documents/apache-airflow-project/.venv/lib/python3.9/site-packages/airflow/example_dags/example_task_group.py
[2023-12-27T09:40:16.802+0545] {processor.py:830} INFO - Processing file /home/sarita/Documents/apache-airflow-project/.venv/lib/python3.9/site-packages/airflow/example_dags/example_task_group.py for tasks to queue
[2023-12-27T09:40:16.803+0545] {logging_mixin.py:188} INFO - [2023-12-27T09:40:16.803+0545] {dagbag.py:538} INFO - Filling up the DagBag from /home/sarita/Documents/apache-airflow-project/.venv/lib/python3.9/site-packages/airflow/example_dags/example_task_group.py
[2023-12-27T09:40:16.811+0545] {processor.py:840} INFO - DAG(s) 'example_task_group' retrieved from /home/sarita/Documents/apache-airflow-project/.venv/lib/python3.9/site-packages/airflow/example_dags/example_task_group.py
[2023-12-27T09:40:16.823+0545] {logging_mixin.py:188} INFO - [2023-12-27T09:40:16.823+0545] {dag.py:3033} INFO - Sync 1 DAGs
[2023-12-27T09:40:16.839+0545] {logging_mixin.py:188} INFO - [2023-12-27T09:40:16.839+0545] {dag.py:3820} INFO - Setting next_dagrun for example_task_group to 2023-12-26T00:00:00+00:00, run_after=2023-12-27T00:00:00+00:00
[2023-12-27T09:40:16.856+0545] {processor.py:183} INFO - Processing /home/sarita/Documents/apache-airflow-project/.venv/lib/python3.9/site-packages/airflow/example_dags/example_task_group.py took 0.061 seconds
[2023-12-27T09:41:07.140+0545] {processor.py:161} INFO - Started process (PID=7509) to work on /home/sarita/Documents/apache-airflow-project/.venv/lib/python3.9/site-packages/airflow/example_dags/example_task_group.py
[2023-12-27T09:41:07.143+0545] {processor.py:830} INFO - Processing file /home/sarita/Documents/apache-airflow-project/.venv/lib/python3.9/site-packages/airflow/example_dags/example_task_group.py for tasks to queue
[2023-12-27T09:41:07.145+0545] {logging_mixin.py:188} INFO - [2023-12-27T09:41:07.145+0545] {dagbag.py:538} INFO - Filling up the DagBag from /home/sarita/Documents/apache-airflow-project/.venv/lib/python3.9/site-packages/airflow/example_dags/example_task_group.py
[2023-12-27T09:41:07.162+0545] {processor.py:840} INFO - DAG(s) 'example_task_group' retrieved from /home/sarita/Documents/apache-airflow-project/.venv/lib/python3.9/site-packages/airflow/example_dags/example_task_group.py
[2023-12-27T09:41:07.178+0545] {logging_mixin.py:188} INFO - [2023-12-27T09:41:07.178+0545] {dag.py:3033} INFO - Sync 1 DAGs
[2023-12-27T09:41:07.194+0545] {logging_mixin.py:188} INFO - [2023-12-27T09:41:07.194+0545] {dag.py:3820} INFO - Setting next_dagrun for example_task_group to 2023-12-26T00:00:00+00:00, run_after=2023-12-27T00:00:00+00:00
[2023-12-27T09:41:07.212+0545] {processor.py:183} INFO - Processing /home/sarita/Documents/apache-airflow-project/.venv/lib/python3.9/site-packages/airflow/example_dags/example_task_group.py took 0.078 seconds
[2023-12-27T09:41:49.074+0545] {processor.py:161} INFO - Started process (PID=7687) to work on /home/sarita/Documents/apache-airflow-project/.venv/lib/python3.9/site-packages/airflow/example_dags/example_task_group.py
[2023-12-27T09:41:49.076+0545] {processor.py:830} INFO - Processing file /home/sarita/Documents/apache-airflow-project/.venv/lib/python3.9/site-packages/airflow/example_dags/example_task_group.py for tasks to queue
[2023-12-27T09:41:49.076+0545] {logging_mixin.py:188} INFO - [2023-12-27T09:41:49.076+0545] {dagbag.py:538} INFO - Filling up the DagBag from /home/sarita/Documents/apache-airflow-project/.venv/lib/python3.9/site-packages/airflow/example_dags/example_task_group.py
[2023-12-27T09:41:49.081+0545] {processor.py:840} INFO - DAG(s) 'example_task_group' retrieved from /home/sarita/Documents/apache-airflow-project/.venv/lib/python3.9/site-packages/airflow/example_dags/example_task_group.py
[2023-12-27T09:41:49.094+0545] {logging_mixin.py:188} INFO - [2023-12-27T09:41:49.093+0545] {dag.py:3033} INFO - Sync 1 DAGs
[2023-12-27T09:41:49.109+0545] {logging_mixin.py:188} INFO - [2023-12-27T09:41:49.109+0545] {dag.py:3820} INFO - Setting next_dagrun for example_task_group to 2023-12-26T00:00:00+00:00, run_after=2023-12-27T00:00:00+00:00
[2023-12-27T09:41:49.135+0545] {processor.py:183} INFO - Processing /home/sarita/Documents/apache-airflow-project/.venv/lib/python3.9/site-packages/airflow/example_dags/example_task_group.py took 0.063 seconds
[2023-12-27T09:42:44.114+0545] {processor.py:161} INFO - Started process (PID=7814) to work on /home/sarita/Documents/apache-airflow-project/.venv/lib/python3.9/site-packages/airflow/example_dags/example_task_group.py
[2023-12-27T09:42:44.116+0545] {processor.py:830} INFO - Processing file /home/sarita/Documents/apache-airflow-project/.venv/lib/python3.9/site-packages/airflow/example_dags/example_task_group.py for tasks to queue
[2023-12-27T09:42:44.117+0545] {logging_mixin.py:188} INFO - [2023-12-27T09:42:44.116+0545] {dagbag.py:538} INFO - Filling up the DagBag from /home/sarita/Documents/apache-airflow-project/.venv/lib/python3.9/site-packages/airflow/example_dags/example_task_group.py
[2023-12-27T09:42:44.122+0545] {processor.py:840} INFO - DAG(s) 'example_task_group' retrieved from /home/sarita/Documents/apache-airflow-project/.venv/lib/python3.9/site-packages/airflow/example_dags/example_task_group.py
[2023-12-27T09:42:44.134+0545] {logging_mixin.py:188} INFO - [2023-12-27T09:42:44.134+0545] {dag.py:3033} INFO - Sync 1 DAGs
[2023-12-27T09:42:44.149+0545] {logging_mixin.py:188} INFO - [2023-12-27T09:42:44.149+0545] {dag.py:3820} INFO - Setting next_dagrun for example_task_group to 2023-12-26T00:00:00+00:00, run_after=2023-12-27T00:00:00+00:00
[2023-12-27T09:42:44.166+0545] {processor.py:183} INFO - Processing /home/sarita/Documents/apache-airflow-project/.venv/lib/python3.9/site-packages/airflow/example_dags/example_task_group.py took 0.055 seconds
[2023-12-27T09:43:34.829+0545] {processor.py:161} INFO - Started process (PID=7887) to work on /home/sarita/Documents/apache-airflow-project/.venv/lib/python3.9/site-packages/airflow/example_dags/example_task_group.py
[2023-12-27T09:43:34.832+0545] {processor.py:830} INFO - Processing file /home/sarita/Documents/apache-airflow-project/.venv/lib/python3.9/site-packages/airflow/example_dags/example_task_group.py for tasks to queue
[2023-12-27T09:43:34.834+0545] {logging_mixin.py:188} INFO - [2023-12-27T09:43:34.833+0545] {dagbag.py:538} INFO - Filling up the DagBag from /home/sarita/Documents/apache-airflow-project/.venv/lib/python3.9/site-packages/airflow/example_dags/example_task_group.py
[2023-12-27T09:43:34.847+0545] {processor.py:840} INFO - DAG(s) 'example_task_group' retrieved from /home/sarita/Documents/apache-airflow-project/.venv/lib/python3.9/site-packages/airflow/example_dags/example_task_group.py
[2023-12-27T09:43:34.863+0545] {logging_mixin.py:188} INFO - [2023-12-27T09:43:34.862+0545] {dag.py:3033} INFO - Sync 1 DAGs
[2023-12-27T09:43:34.878+0545] {logging_mixin.py:188} INFO - [2023-12-27T09:43:34.878+0545] {dag.py:3820} INFO - Setting next_dagrun for example_task_group to 2023-12-26T00:00:00+00:00, run_after=2023-12-27T00:00:00+00:00
[2023-12-27T09:43:34.897+0545] {processor.py:183} INFO - Processing /home/sarita/Documents/apache-airflow-project/.venv/lib/python3.9/site-packages/airflow/example_dags/example_task_group.py took 0.076 seconds
[2023-12-27T09:44:30.129+0545] {processor.py:161} INFO - Started process (PID=7958) to work on /home/sarita/Documents/apache-airflow-project/.venv/lib/python3.9/site-packages/airflow/example_dags/example_task_group.py
[2023-12-27T09:44:30.131+0545] {processor.py:830} INFO - Processing file /home/sarita/Documents/apache-airflow-project/.venv/lib/python3.9/site-packages/airflow/example_dags/example_task_group.py for tasks to queue
[2023-12-27T09:44:30.132+0545] {logging_mixin.py:188} INFO - [2023-12-27T09:44:30.132+0545] {dagbag.py:538} INFO - Filling up the DagBag from /home/sarita/Documents/apache-airflow-project/.venv/lib/python3.9/site-packages/airflow/example_dags/example_task_group.py
[2023-12-27T09:44:30.141+0545] {processor.py:840} INFO - DAG(s) 'example_task_group' retrieved from /home/sarita/Documents/apache-airflow-project/.venv/lib/python3.9/site-packages/airflow/example_dags/example_task_group.py
[2023-12-27T09:44:30.158+0545] {logging_mixin.py:188} INFO - [2023-12-27T09:44:30.158+0545] {dag.py:3033} INFO - Sync 1 DAGs
[2023-12-27T09:44:30.175+0545] {logging_mixin.py:188} INFO - [2023-12-27T09:44:30.175+0545] {dag.py:3820} INFO - Setting next_dagrun for example_task_group to 2023-12-26T00:00:00+00:00, run_after=2023-12-27T00:00:00+00:00
[2023-12-27T09:44:30.193+0545] {processor.py:183} INFO - Processing /home/sarita/Documents/apache-airflow-project/.venv/lib/python3.9/site-packages/airflow/example_dags/example_task_group.py took 0.066 seconds
[2023-12-27T09:45:25.646+0545] {processor.py:161} INFO - Started process (PID=8042) to work on /home/sarita/Documents/apache-airflow-project/.venv/lib/python3.9/site-packages/airflow/example_dags/example_task_group.py
[2023-12-27T09:45:25.648+0545] {processor.py:830} INFO - Processing file /home/sarita/Documents/apache-airflow-project/.venv/lib/python3.9/site-packages/airflow/example_dags/example_task_group.py for tasks to queue
[2023-12-27T09:45:25.649+0545] {logging_mixin.py:188} INFO - [2023-12-27T09:45:25.648+0545] {dagbag.py:538} INFO - Filling up the DagBag from /home/sarita/Documents/apache-airflow-project/.venv/lib/python3.9/site-packages/airflow/example_dags/example_task_group.py
[2023-12-27T09:45:25.654+0545] {processor.py:840} INFO - DAG(s) 'example_task_group' retrieved from /home/sarita/Documents/apache-airflow-project/.venv/lib/python3.9/site-packages/airflow/example_dags/example_task_group.py
[2023-12-27T09:45:25.666+0545] {logging_mixin.py:188} INFO - [2023-12-27T09:45:25.666+0545] {dag.py:3033} INFO - Sync 1 DAGs
[2023-12-27T09:45:25.683+0545] {logging_mixin.py:188} INFO - [2023-12-27T09:45:25.683+0545] {dag.py:3820} INFO - Setting next_dagrun for example_task_group to 2023-12-26T00:00:00+00:00, run_after=2023-12-27T00:00:00+00:00
[2023-12-27T09:45:25.703+0545] {processor.py:183} INFO - Processing /home/sarita/Documents/apache-airflow-project/.venv/lib/python3.9/site-packages/airflow/example_dags/example_task_group.py took 0.059 seconds
[2023-12-27T09:46:18.192+0545] {processor.py:161} INFO - Started process (PID=8490) to work on /home/sarita/Documents/apache-airflow-project/.venv/lib/python3.9/site-packages/airflow/example_dags/example_task_group.py
[2023-12-27T09:46:18.201+0545] {processor.py:830} INFO - Processing file /home/sarita/Documents/apache-airflow-project/.venv/lib/python3.9/site-packages/airflow/example_dags/example_task_group.py for tasks to queue
[2023-12-27T09:46:18.205+0545] {logging_mixin.py:188} INFO - [2023-12-27T09:46:18.203+0545] {dagbag.py:538} INFO - Filling up the DagBag from /home/sarita/Documents/apache-airflow-project/.venv/lib/python3.9/site-packages/airflow/example_dags/example_task_group.py
[2023-12-27T09:46:18.222+0545] {processor.py:840} INFO - DAG(s) 'example_task_group' retrieved from /home/sarita/Documents/apache-airflow-project/.venv/lib/python3.9/site-packages/airflow/example_dags/example_task_group.py
[2023-12-27T09:46:18.239+0545] {logging_mixin.py:188} INFO - [2023-12-27T09:46:18.239+0545] {dag.py:3033} INFO - Sync 1 DAGs
[2023-12-27T09:46:18.256+0545] {logging_mixin.py:188} INFO - [2023-12-27T09:46:18.256+0545] {dag.py:3820} INFO - Setting next_dagrun for example_task_group to 2023-12-26T00:00:00+00:00, run_after=2023-12-27T00:00:00+00:00
[2023-12-27T09:46:18.333+0545] {processor.py:183} INFO - Processing /home/sarita/Documents/apache-airflow-project/.venv/lib/python3.9/site-packages/airflow/example_dags/example_task_group.py took 0.145 seconds
[2023-12-27T09:47:15.744+0545] {processor.py:161} INFO - Started process (PID=8549) to work on /home/sarita/Documents/apache-airflow-project/.venv/lib/python3.9/site-packages/airflow/example_dags/example_task_group.py
[2023-12-27T09:47:15.746+0545] {processor.py:830} INFO - Processing file /home/sarita/Documents/apache-airflow-project/.venv/lib/python3.9/site-packages/airflow/example_dags/example_task_group.py for tasks to queue
[2023-12-27T09:47:15.747+0545] {logging_mixin.py:188} INFO - [2023-12-27T09:47:15.747+0545] {dagbag.py:538} INFO - Filling up the DagBag from /home/sarita/Documents/apache-airflow-project/.venv/lib/python3.9/site-packages/airflow/example_dags/example_task_group.py
[2023-12-27T09:47:15.755+0545] {processor.py:840} INFO - DAG(s) 'example_task_group' retrieved from /home/sarita/Documents/apache-airflow-project/.venv/lib/python3.9/site-packages/airflow/example_dags/example_task_group.py
[2023-12-27T09:47:15.769+0545] {logging_mixin.py:188} INFO - [2023-12-27T09:47:15.769+0545] {dag.py:3033} INFO - Sync 1 DAGs
[2023-12-27T09:47:15.785+0545] {logging_mixin.py:188} INFO - [2023-12-27T09:47:15.785+0545] {dag.py:3820} INFO - Setting next_dagrun for example_task_group to 2023-12-26T00:00:00+00:00, run_after=2023-12-27T00:00:00+00:00
[2023-12-27T09:47:15.803+0545] {processor.py:183} INFO - Processing /home/sarita/Documents/apache-airflow-project/.venv/lib/python3.9/site-packages/airflow/example_dags/example_task_group.py took 0.063 seconds
[2023-12-27T09:47:55.446+0545] {processor.py:161} INFO - Started process (PID=8608) to work on /home/sarita/Documents/apache-airflow-project/.venv/lib/python3.9/site-packages/airflow/example_dags/example_task_group.py
[2023-12-27T09:47:55.450+0545] {processor.py:830} INFO - Processing file /home/sarita/Documents/apache-airflow-project/.venv/lib/python3.9/site-packages/airflow/example_dags/example_task_group.py for tasks to queue
[2023-12-27T09:47:55.452+0545] {logging_mixin.py:188} INFO - [2023-12-27T09:47:55.451+0545] {dagbag.py:538} INFO - Filling up the DagBag from /home/sarita/Documents/apache-airflow-project/.venv/lib/python3.9/site-packages/airflow/example_dags/example_task_group.py
[2023-12-27T09:47:55.466+0545] {processor.py:840} INFO - DAG(s) 'example_task_group' retrieved from /home/sarita/Documents/apache-airflow-project/.venv/lib/python3.9/site-packages/airflow/example_dags/example_task_group.py
[2023-12-27T09:47:55.482+0545] {logging_mixin.py:188} INFO - [2023-12-27T09:47:55.482+0545] {dag.py:3033} INFO - Sync 1 DAGs
[2023-12-27T09:47:55.497+0545] {logging_mixin.py:188} INFO - [2023-12-27T09:47:55.497+0545] {dag.py:3820} INFO - Setting next_dagrun for example_task_group to 2023-12-26T00:00:00+00:00, run_after=2023-12-27T00:00:00+00:00
[2023-12-27T09:47:55.515+0545] {processor.py:183} INFO - Processing /home/sarita/Documents/apache-airflow-project/.venv/lib/python3.9/site-packages/airflow/example_dags/example_task_group.py took 0.077 seconds
[2023-12-27T09:48:33.241+0545] {processor.py:161} INFO - Started process (PID=8655) to work on /home/sarita/Documents/apache-airflow-project/.venv/lib/python3.9/site-packages/airflow/example_dags/example_task_group.py
[2023-12-27T09:48:33.244+0545] {processor.py:830} INFO - Processing file /home/sarita/Documents/apache-airflow-project/.venv/lib/python3.9/site-packages/airflow/example_dags/example_task_group.py for tasks to queue
[2023-12-27T09:48:33.245+0545] {logging_mixin.py:188} INFO - [2023-12-27T09:48:33.245+0545] {dagbag.py:538} INFO - Filling up the DagBag from /home/sarita/Documents/apache-airflow-project/.venv/lib/python3.9/site-packages/airflow/example_dags/example_task_group.py
[2023-12-27T09:48:33.260+0545] {processor.py:840} INFO - DAG(s) 'example_task_group' retrieved from /home/sarita/Documents/apache-airflow-project/.venv/lib/python3.9/site-packages/airflow/example_dags/example_task_group.py
[2023-12-27T09:48:33.278+0545] {logging_mixin.py:188} INFO - [2023-12-27T09:48:33.278+0545] {dag.py:3033} INFO - Sync 1 DAGs
[2023-12-27T09:48:33.295+0545] {logging_mixin.py:188} INFO - [2023-12-27T09:48:33.295+0545] {dag.py:3820} INFO - Setting next_dagrun for example_task_group to 2023-12-26T00:00:00+00:00, run_after=2023-12-27T00:00:00+00:00
[2023-12-27T09:48:33.314+0545] {processor.py:183} INFO - Processing /home/sarita/Documents/apache-airflow-project/.venv/lib/python3.9/site-packages/airflow/example_dags/example_task_group.py took 0.079 seconds
[2023-12-27T09:49:27.084+0545] {processor.py:161} INFO - Started process (PID=8711) to work on /home/sarita/Documents/apache-airflow-project/.venv/lib/python3.9/site-packages/airflow/example_dags/example_task_group.py
[2023-12-27T09:49:27.087+0545] {processor.py:830} INFO - Processing file /home/sarita/Documents/apache-airflow-project/.venv/lib/python3.9/site-packages/airflow/example_dags/example_task_group.py for tasks to queue
[2023-12-27T09:49:27.088+0545] {logging_mixin.py:188} INFO - [2023-12-27T09:49:27.087+0545] {dagbag.py:538} INFO - Filling up the DagBag from /home/sarita/Documents/apache-airflow-project/.venv/lib/python3.9/site-packages/airflow/example_dags/example_task_group.py
[2023-12-27T09:49:27.099+0545] {processor.py:840} INFO - DAG(s) 'example_task_group' retrieved from /home/sarita/Documents/apache-airflow-project/.venv/lib/python3.9/site-packages/airflow/example_dags/example_task_group.py
[2023-12-27T09:49:27.115+0545] {logging_mixin.py:188} INFO - [2023-12-27T09:49:27.115+0545] {dag.py:3033} INFO - Sync 1 DAGs
[2023-12-27T09:49:27.130+0545] {logging_mixin.py:188} INFO - [2023-12-27T09:49:27.130+0545] {dag.py:3820} INFO - Setting next_dagrun for example_task_group to 2023-12-26T00:00:00+00:00, run_after=2023-12-27T00:00:00+00:00
[2023-12-27T09:49:27.148+0545] {processor.py:183} INFO - Processing /home/sarita/Documents/apache-airflow-project/.venv/lib/python3.9/site-packages/airflow/example_dags/example_task_group.py took 0.068 seconds
[2023-12-27T09:50:24.316+0545] {processor.py:161} INFO - Started process (PID=8782) to work on /home/sarita/Documents/apache-airflow-project/.venv/lib/python3.9/site-packages/airflow/example_dags/example_task_group.py
[2023-12-27T09:50:24.318+0545] {processor.py:830} INFO - Processing file /home/sarita/Documents/apache-airflow-project/.venv/lib/python3.9/site-packages/airflow/example_dags/example_task_group.py for tasks to queue
[2023-12-27T09:50:24.319+0545] {logging_mixin.py:188} INFO - [2023-12-27T09:50:24.319+0545] {dagbag.py:538} INFO - Filling up the DagBag from /home/sarita/Documents/apache-airflow-project/.venv/lib/python3.9/site-packages/airflow/example_dags/example_task_group.py
[2023-12-27T09:50:24.328+0545] {processor.py:840} INFO - DAG(s) 'example_task_group' retrieved from /home/sarita/Documents/apache-airflow-project/.venv/lib/python3.9/site-packages/airflow/example_dags/example_task_group.py
[2023-12-27T09:50:24.341+0545] {logging_mixin.py:188} INFO - [2023-12-27T09:50:24.341+0545] {dag.py:3033} INFO - Sync 1 DAGs
[2023-12-27T09:50:24.355+0545] {logging_mixin.py:188} INFO - [2023-12-27T09:50:24.355+0545] {dag.py:3820} INFO - Setting next_dagrun for example_task_group to 2023-12-26T00:00:00+00:00, run_after=2023-12-27T00:00:00+00:00
[2023-12-27T09:50:24.383+0545] {processor.py:183} INFO - Processing /home/sarita/Documents/apache-airflow-project/.venv/lib/python3.9/site-packages/airflow/example_dags/example_task_group.py took 0.072 seconds
[2023-12-27T09:51:02.623+0545] {processor.py:161} INFO - Started process (PID=8856) to work on /home/sarita/Documents/apache-airflow-project/.venv/lib/python3.9/site-packages/airflow/example_dags/example_task_group.py
[2023-12-27T09:51:02.625+0545] {processor.py:830} INFO - Processing file /home/sarita/Documents/apache-airflow-project/.venv/lib/python3.9/site-packages/airflow/example_dags/example_task_group.py for tasks to queue
[2023-12-27T09:51:02.626+0545] {logging_mixin.py:188} INFO - [2023-12-27T09:51:02.625+0545] {dagbag.py:538} INFO - Filling up the DagBag from /home/sarita/Documents/apache-airflow-project/.venv/lib/python3.9/site-packages/airflow/example_dags/example_task_group.py
[2023-12-27T09:51:02.633+0545] {processor.py:840} INFO - DAG(s) 'example_task_group' retrieved from /home/sarita/Documents/apache-airflow-project/.venv/lib/python3.9/site-packages/airflow/example_dags/example_task_group.py
[2023-12-27T09:51:02.648+0545] {logging_mixin.py:188} INFO - [2023-12-27T09:51:02.648+0545] {dag.py:3033} INFO - Sync 1 DAGs
[2023-12-27T09:51:02.664+0545] {logging_mixin.py:188} INFO - [2023-12-27T09:51:02.664+0545] {dag.py:3820} INFO - Setting next_dagrun for example_task_group to 2023-12-26T00:00:00+00:00, run_after=2023-12-27T00:00:00+00:00
[2023-12-27T09:51:02.683+0545] {processor.py:183} INFO - Processing /home/sarita/Documents/apache-airflow-project/.venv/lib/python3.9/site-packages/airflow/example_dags/example_task_group.py took 0.062 seconds
[2023-12-27T09:51:43.582+0545] {processor.py:161} INFO - Started process (PID=8905) to work on /home/sarita/Documents/apache-airflow-project/.venv/lib/python3.9/site-packages/airflow/example_dags/example_task_group.py
[2023-12-27T09:51:43.585+0545] {processor.py:830} INFO - Processing file /home/sarita/Documents/apache-airflow-project/.venv/lib/python3.9/site-packages/airflow/example_dags/example_task_group.py for tasks to queue
[2023-12-27T09:51:43.585+0545] {logging_mixin.py:188} INFO - [2023-12-27T09:51:43.585+0545] {dagbag.py:538} INFO - Filling up the DagBag from /home/sarita/Documents/apache-airflow-project/.venv/lib/python3.9/site-packages/airflow/example_dags/example_task_group.py
[2023-12-27T09:51:43.592+0545] {processor.py:840} INFO - DAG(s) 'example_task_group' retrieved from /home/sarita/Documents/apache-airflow-project/.venv/lib/python3.9/site-packages/airflow/example_dags/example_task_group.py
[2023-12-27T09:51:43.607+0545] {logging_mixin.py:188} INFO - [2023-12-27T09:51:43.607+0545] {dag.py:3033} INFO - Sync 1 DAGs
[2023-12-27T09:51:43.627+0545] {logging_mixin.py:188} INFO - [2023-12-27T09:51:43.627+0545] {dag.py:3820} INFO - Setting next_dagrun for example_task_group to 2023-12-26T00:00:00+00:00, run_after=2023-12-27T00:00:00+00:00
[2023-12-27T09:51:43.646+0545] {processor.py:183} INFO - Processing /home/sarita/Documents/apache-airflow-project/.venv/lib/python3.9/site-packages/airflow/example_dags/example_task_group.py took 0.066 seconds
[2023-12-27T12:16:15.890+0545] {processor.py:161} INFO - Started process (PID=13342) to work on /home/sarita/Documents/apache-airflow-project/.venv/lib/python3.9/site-packages/airflow/example_dags/example_task_group.py
[2023-12-27T12:16:15.891+0545] {processor.py:830} INFO - Processing file /home/sarita/Documents/apache-airflow-project/.venv/lib/python3.9/site-packages/airflow/example_dags/example_task_group.py for tasks to queue
[2023-12-27T12:16:15.891+0545] {logging_mixin.py:188} INFO - [2023-12-27T12:16:15.891+0545] {dagbag.py:538} INFO - Filling up the DagBag from /home/sarita/Documents/apache-airflow-project/.venv/lib/python3.9/site-packages/airflow/example_dags/example_task_group.py
[2023-12-27T12:16:15.896+0545] {processor.py:840} INFO - DAG(s) 'example_task_group' retrieved from /home/sarita/Documents/apache-airflow-project/.venv/lib/python3.9/site-packages/airflow/example_dags/example_task_group.py
[2023-12-27T12:16:15.909+0545] {logging_mixin.py:188} INFO - [2023-12-27T12:16:15.909+0545] {dag.py:3033} INFO - Sync 1 DAGs
[2023-12-27T12:16:15.925+0545] {logging_mixin.py:188} INFO - [2023-12-27T12:16:15.925+0545] {dag.py:3820} INFO - Setting next_dagrun for example_task_group to 2023-12-26T00:00:00+00:00, run_after=2023-12-27T00:00:00+00:00
[2023-12-27T12:16:15.949+0545] {processor.py:183} INFO - Processing /home/sarita/Documents/apache-airflow-project/.venv/lib/python3.9/site-packages/airflow/example_dags/example_task_group.py took 0.061 seconds
[2023-12-27T12:21:25.168+0545] {processor.py:161} INFO - Started process (PID=13831) to work on /home/sarita/Documents/apache-airflow-project/.venv/lib/python3.9/site-packages/airflow/example_dags/example_task_group.py
[2023-12-27T12:21:25.169+0545] {processor.py:830} INFO - Processing file /home/sarita/Documents/apache-airflow-project/.venv/lib/python3.9/site-packages/airflow/example_dags/example_task_group.py for tasks to queue
[2023-12-27T12:21:25.169+0545] {logging_mixin.py:188} INFO - [2023-12-27T12:21:25.169+0545] {dagbag.py:538} INFO - Filling up the DagBag from /home/sarita/Documents/apache-airflow-project/.venv/lib/python3.9/site-packages/airflow/example_dags/example_task_group.py
[2023-12-27T12:21:25.174+0545] {processor.py:840} INFO - DAG(s) 'example_task_group' retrieved from /home/sarita/Documents/apache-airflow-project/.venv/lib/python3.9/site-packages/airflow/example_dags/example_task_group.py
[2023-12-27T12:21:25.185+0545] {logging_mixin.py:188} INFO - [2023-12-27T12:21:25.185+0545] {dag.py:3033} INFO - Sync 1 DAGs
[2023-12-27T12:21:25.200+0545] {logging_mixin.py:188} INFO - [2023-12-27T12:21:25.199+0545] {dag.py:3820} INFO - Setting next_dagrun for example_task_group to 2023-12-26T00:00:00+00:00, run_after=2023-12-27T00:00:00+00:00
[2023-12-27T12:21:25.217+0545] {processor.py:183} INFO - Processing /home/sarita/Documents/apache-airflow-project/.venv/lib/python3.9/site-packages/airflow/example_dags/example_task_group.py took 0.051 seconds
[2023-12-27T12:39:24.140+0545] {processor.py:161} INFO - Started process (PID=15380) to work on /home/sarita/Documents/apache-airflow-project/.venv/lib/python3.9/site-packages/airflow/example_dags/example_task_group.py
[2023-12-27T12:39:24.142+0545] {processor.py:830} INFO - Processing file /home/sarita/Documents/apache-airflow-project/.venv/lib/python3.9/site-packages/airflow/example_dags/example_task_group.py for tasks to queue
[2023-12-27T12:39:24.143+0545] {logging_mixin.py:188} INFO - [2023-12-27T12:39:24.143+0545] {dagbag.py:538} INFO - Filling up the DagBag from /home/sarita/Documents/apache-airflow-project/.venv/lib/python3.9/site-packages/airflow/example_dags/example_task_group.py
[2023-12-27T12:39:24.149+0545] {processor.py:840} INFO - DAG(s) 'example_task_group' retrieved from /home/sarita/Documents/apache-airflow-project/.venv/lib/python3.9/site-packages/airflow/example_dags/example_task_group.py
[2023-12-27T12:39:24.162+0545] {logging_mixin.py:188} INFO - [2023-12-27T12:39:24.162+0545] {dag.py:3033} INFO - Sync 1 DAGs
[2023-12-27T12:39:24.179+0545] {logging_mixin.py:188} INFO - [2023-12-27T12:39:24.178+0545] {dag.py:3820} INFO - Setting next_dagrun for example_task_group to 2023-12-26T00:00:00+00:00, run_after=2023-12-27T00:00:00+00:00
[2023-12-27T12:39:24.195+0545] {processor.py:183} INFO - Processing /home/sarita/Documents/apache-airflow-project/.venv/lib/python3.9/site-packages/airflow/example_dags/example_task_group.py took 0.056 seconds
[2023-12-27T12:41:59.864+0545] {processor.py:161} INFO - Started process (PID=16522) to work on /home/sarita/Documents/apache-airflow-project/.venv/lib/python3.9/site-packages/airflow/example_dags/example_task_group.py
[2023-12-27T12:41:59.865+0545] {processor.py:830} INFO - Processing file /home/sarita/Documents/apache-airflow-project/.venv/lib/python3.9/site-packages/airflow/example_dags/example_task_group.py for tasks to queue
[2023-12-27T12:41:59.866+0545] {logging_mixin.py:188} INFO - [2023-12-27T12:41:59.865+0545] {dagbag.py:538} INFO - Filling up the DagBag from /home/sarita/Documents/apache-airflow-project/.venv/lib/python3.9/site-packages/airflow/example_dags/example_task_group.py
[2023-12-27T12:41:59.872+0545] {processor.py:840} INFO - DAG(s) 'example_task_group' retrieved from /home/sarita/Documents/apache-airflow-project/.venv/lib/python3.9/site-packages/airflow/example_dags/example_task_group.py
[2023-12-27T12:41:59.887+0545] {logging_mixin.py:188} INFO - [2023-12-27T12:41:59.887+0545] {dag.py:3033} INFO - Sync 1 DAGs
[2023-12-27T12:41:59.914+0545] {logging_mixin.py:188} INFO - [2023-12-27T12:41:59.914+0545] {dag.py:3820} INFO - Setting next_dagrun for example_task_group to 2023-12-26T00:00:00+00:00, run_after=2023-12-27T00:00:00+00:00
[2023-12-27T12:41:59.948+0545] {processor.py:183} INFO - Processing /home/sarita/Documents/apache-airflow-project/.venv/lib/python3.9/site-packages/airflow/example_dags/example_task_group.py took 0.086 seconds
[2023-12-27T12:46:15.089+0545] {processor.py:161} INFO - Started process (PID=17135) to work on /home/sarita/Documents/apache-airflow-project/.venv/lib/python3.9/site-packages/airflow/example_dags/example_task_group.py
[2023-12-27T12:46:15.092+0545] {processor.py:830} INFO - Processing file /home/sarita/Documents/apache-airflow-project/.venv/lib/python3.9/site-packages/airflow/example_dags/example_task_group.py for tasks to queue
[2023-12-27T12:46:15.094+0545] {logging_mixin.py:188} INFO - [2023-12-27T12:46:15.093+0545] {dagbag.py:538} INFO - Filling up the DagBag from /home/sarita/Documents/apache-airflow-project/.venv/lib/python3.9/site-packages/airflow/example_dags/example_task_group.py
[2023-12-27T12:46:15.111+0545] {processor.py:840} INFO - DAG(s) 'example_task_group' retrieved from /home/sarita/Documents/apache-airflow-project/.venv/lib/python3.9/site-packages/airflow/example_dags/example_task_group.py
[2023-12-27T12:46:15.130+0545] {logging_mixin.py:188} INFO - [2023-12-27T12:46:15.130+0545] {dag.py:3033} INFO - Sync 1 DAGs
[2023-12-27T12:46:15.146+0545] {logging_mixin.py:188} INFO - [2023-12-27T12:46:15.145+0545] {dag.py:3820} INFO - Setting next_dagrun for example_task_group to 2023-12-26T00:00:00+00:00, run_after=2023-12-27T00:00:00+00:00
[2023-12-27T12:46:15.163+0545] {processor.py:183} INFO - Processing /home/sarita/Documents/apache-airflow-project/.venv/lib/python3.9/site-packages/airflow/example_dags/example_task_group.py took 0.081 seconds
[2023-12-27T12:52:28.920+0545] {processor.py:161} INFO - Started process (PID=17605) to work on /home/sarita/Documents/apache-airflow-project/.venv/lib/python3.9/site-packages/airflow/example_dags/example_task_group.py
[2023-12-27T12:52:28.922+0545] {processor.py:830} INFO - Processing file /home/sarita/Documents/apache-airflow-project/.venv/lib/python3.9/site-packages/airflow/example_dags/example_task_group.py for tasks to queue
[2023-12-27T12:52:28.923+0545] {logging_mixin.py:188} INFO - [2023-12-27T12:52:28.923+0545] {dagbag.py:538} INFO - Filling up the DagBag from /home/sarita/Documents/apache-airflow-project/.venv/lib/python3.9/site-packages/airflow/example_dags/example_task_group.py
[2023-12-27T12:52:28.932+0545] {processor.py:840} INFO - DAG(s) 'example_task_group' retrieved from /home/sarita/Documents/apache-airflow-project/.venv/lib/python3.9/site-packages/airflow/example_dags/example_task_group.py
[2023-12-27T12:52:28.953+0545] {logging_mixin.py:188} INFO - [2023-12-27T12:52:28.953+0545] {dag.py:3033} INFO - Sync 1 DAGs
[2023-12-27T12:52:28.970+0545] {logging_mixin.py:188} INFO - [2023-12-27T12:52:28.970+0545] {dag.py:3820} INFO - Setting next_dagrun for example_task_group to 2023-12-26T00:00:00+00:00, run_after=2023-12-27T00:00:00+00:00
[2023-12-27T12:52:28.995+0545] {processor.py:183} INFO - Processing /home/sarita/Documents/apache-airflow-project/.venv/lib/python3.9/site-packages/airflow/example_dags/example_task_group.py took 0.078 seconds
[2023-12-27T12:53:18.371+0545] {processor.py:161} INFO - Started process (PID=17709) to work on /home/sarita/Documents/apache-airflow-project/.venv/lib/python3.9/site-packages/airflow/example_dags/example_task_group.py
[2023-12-27T12:53:18.373+0545] {processor.py:830} INFO - Processing file /home/sarita/Documents/apache-airflow-project/.venv/lib/python3.9/site-packages/airflow/example_dags/example_task_group.py for tasks to queue
[2023-12-27T12:53:18.374+0545] {logging_mixin.py:188} INFO - [2023-12-27T12:53:18.374+0545] {dagbag.py:538} INFO - Filling up the DagBag from /home/sarita/Documents/apache-airflow-project/.venv/lib/python3.9/site-packages/airflow/example_dags/example_task_group.py
[2023-12-27T12:53:18.383+0545] {processor.py:840} INFO - DAG(s) 'example_task_group' retrieved from /home/sarita/Documents/apache-airflow-project/.venv/lib/python3.9/site-packages/airflow/example_dags/example_task_group.py
[2023-12-27T12:53:18.397+0545] {logging_mixin.py:188} INFO - [2023-12-27T12:53:18.396+0545] {dag.py:3033} INFO - Sync 1 DAGs
[2023-12-27T12:53:18.411+0545] {logging_mixin.py:188} INFO - [2023-12-27T12:53:18.411+0545] {dag.py:3820} INFO - Setting next_dagrun for example_task_group to 2023-12-26T00:00:00+00:00, run_after=2023-12-27T00:00:00+00:00
[2023-12-27T12:53:18.429+0545] {processor.py:183} INFO - Processing /home/sarita/Documents/apache-airflow-project/.venv/lib/python3.9/site-packages/airflow/example_dags/example_task_group.py took 0.064 seconds
[2023-12-27T12:54:48.040+0545] {processor.py:161} INFO - Started process (PID=17876) to work on /home/sarita/Documents/apache-airflow-project/.venv/lib/python3.9/site-packages/airflow/example_dags/example_task_group.py
[2023-12-27T12:54:48.042+0545] {processor.py:830} INFO - Processing file /home/sarita/Documents/apache-airflow-project/.venv/lib/python3.9/site-packages/airflow/example_dags/example_task_group.py for tasks to queue
[2023-12-27T12:54:48.043+0545] {logging_mixin.py:188} INFO - [2023-12-27T12:54:48.042+0545] {dagbag.py:538} INFO - Filling up the DagBag from /home/sarita/Documents/apache-airflow-project/.venv/lib/python3.9/site-packages/airflow/example_dags/example_task_group.py
[2023-12-27T12:54:48.049+0545] {processor.py:840} INFO - DAG(s) 'example_task_group' retrieved from /home/sarita/Documents/apache-airflow-project/.venv/lib/python3.9/site-packages/airflow/example_dags/example_task_group.py
[2023-12-27T12:54:48.065+0545] {logging_mixin.py:188} INFO - [2023-12-27T12:54:48.064+0545] {dag.py:3033} INFO - Sync 1 DAGs
[2023-12-27T12:54:48.081+0545] {logging_mixin.py:188} INFO - [2023-12-27T12:54:48.081+0545] {dag.py:3820} INFO - Setting next_dagrun for example_task_group to 2023-12-26T00:00:00+00:00, run_after=2023-12-27T00:00:00+00:00
[2023-12-27T12:54:48.098+0545] {processor.py:183} INFO - Processing /home/sarita/Documents/apache-airflow-project/.venv/lib/python3.9/site-packages/airflow/example_dags/example_task_group.py took 0.060 seconds
[2023-12-27T12:58:05.634+0545] {processor.py:161} INFO - Started process (PID=18063) to work on /home/sarita/Documents/apache-airflow-project/.venv/lib/python3.9/site-packages/airflow/example_dags/example_task_group.py
[2023-12-27T12:58:05.639+0545] {processor.py:830} INFO - Processing file /home/sarita/Documents/apache-airflow-project/.venv/lib/python3.9/site-packages/airflow/example_dags/example_task_group.py for tasks to queue
[2023-12-27T12:58:05.642+0545] {logging_mixin.py:188} INFO - [2023-12-27T12:58:05.641+0545] {dagbag.py:538} INFO - Filling up the DagBag from /home/sarita/Documents/apache-airflow-project/.venv/lib/python3.9/site-packages/airflow/example_dags/example_task_group.py
[2023-12-27T12:58:05.658+0545] {processor.py:840} INFO - DAG(s) 'example_task_group' retrieved from /home/sarita/Documents/apache-airflow-project/.venv/lib/python3.9/site-packages/airflow/example_dags/example_task_group.py
[2023-12-27T12:58:05.676+0545] {logging_mixin.py:188} INFO - [2023-12-27T12:58:05.676+0545] {dag.py:3033} INFO - Sync 1 DAGs
[2023-12-27T12:58:05.692+0545] {logging_mixin.py:188} INFO - [2023-12-27T12:58:05.692+0545] {dag.py:3820} INFO - Setting next_dagrun for example_task_group to 2023-12-26T00:00:00+00:00, run_after=2023-12-27T00:00:00+00:00
[2023-12-27T12:58:05.810+0545] {processor.py:183} INFO - Processing /home/sarita/Documents/apache-airflow-project/.venv/lib/python3.9/site-packages/airflow/example_dags/example_task_group.py took 0.184 seconds
