[2023-12-27T09:36:35.217+0545] {processor.py:161} INFO - Started process (PID=6896) to work on /home/sarita/Documents/apache-airflow-project/.venv/lib/python3.9/site-packages/airflow/example_dags/example_skip_dag.py
[2023-12-27T09:36:35.218+0545] {processor.py:830} INFO - Processing file /home/sarita/Documents/apache-airflow-project/.venv/lib/python3.9/site-packages/airflow/example_dags/example_skip_dag.py for tasks to queue
[2023-12-27T09:36:35.218+0545] {logging_mixin.py:188} INFO - [2023-12-27T09:36:35.218+0545] {dagbag.py:538} INFO - Filling up the DagBag from /home/sarita/Documents/apache-airflow-project/.venv/lib/python3.9/site-packages/airflow/example_dags/example_skip_dag.py
[2023-12-27T09:36:35.225+0545] {processor.py:840} INFO - DAG(s) 'example_skip_dag' retrieved from /home/sarita/Documents/apache-airflow-project/.venv/lib/python3.9/site-packages/airflow/example_dags/example_skip_dag.py
[2023-12-27T09:36:35.241+0545] {logging_mixin.py:188} INFO - [2023-12-27T09:36:35.241+0545] {dag.py:3033} INFO - Sync 1 DAGs
[2023-12-27T09:36:35.322+0545] {logging_mixin.py:188} INFO - [2023-12-27T09:36:35.322+0545] {dag.py:3820} INFO - Setting next_dagrun for example_skip_dag to 2023-12-26T00:00:00+00:00, run_after=2023-12-27T00:00:00+00:00
[2023-12-27T09:36:35.341+0545] {processor.py:183} INFO - Processing /home/sarita/Documents/apache-airflow-project/.venv/lib/python3.9/site-packages/airflow/example_dags/example_skip_dag.py took 0.125 seconds
[2023-12-27T09:37:24.386+0545] {processor.py:161} INFO - Started process (PID=6955) to work on /home/sarita/Documents/apache-airflow-project/.venv/lib/python3.9/site-packages/airflow/example_dags/example_skip_dag.py
[2023-12-27T09:37:24.389+0545] {processor.py:830} INFO - Processing file /home/sarita/Documents/apache-airflow-project/.venv/lib/python3.9/site-packages/airflow/example_dags/example_skip_dag.py for tasks to queue
[2023-12-27T09:37:24.389+0545] {logging_mixin.py:188} INFO - [2023-12-27T09:37:24.389+0545] {dagbag.py:538} INFO - Filling up the DagBag from /home/sarita/Documents/apache-airflow-project/.venv/lib/python3.9/site-packages/airflow/example_dags/example_skip_dag.py
[2023-12-27T09:37:24.394+0545] {processor.py:840} INFO - DAG(s) 'example_skip_dag' retrieved from /home/sarita/Documents/apache-airflow-project/.venv/lib/python3.9/site-packages/airflow/example_dags/example_skip_dag.py
[2023-12-27T09:37:24.406+0545] {logging_mixin.py:188} INFO - [2023-12-27T09:37:24.405+0545] {dag.py:3033} INFO - Sync 1 DAGs
[2023-12-27T09:37:24.421+0545] {logging_mixin.py:188} INFO - [2023-12-27T09:37:24.421+0545] {dag.py:3820} INFO - Setting next_dagrun for example_skip_dag to 2023-12-26T00:00:00+00:00, run_after=2023-12-27T00:00:00+00:00
[2023-12-27T09:37:24.440+0545] {processor.py:183} INFO - Processing /home/sarita/Documents/apache-airflow-project/.venv/lib/python3.9/site-packages/airflow/example_dags/example_skip_dag.py took 0.055 seconds
[2023-12-27T09:38:12.599+0545] {processor.py:161} INFO - Started process (PID=7014) to work on /home/sarita/Documents/apache-airflow-project/.venv/lib/python3.9/site-packages/airflow/example_dags/example_skip_dag.py
[2023-12-27T09:38:12.600+0545] {processor.py:830} INFO - Processing file /home/sarita/Documents/apache-airflow-project/.venv/lib/python3.9/site-packages/airflow/example_dags/example_skip_dag.py for tasks to queue
[2023-12-27T09:38:12.601+0545] {logging_mixin.py:188} INFO - [2023-12-27T09:38:12.600+0545] {dagbag.py:538} INFO - Filling up the DagBag from /home/sarita/Documents/apache-airflow-project/.venv/lib/python3.9/site-packages/airflow/example_dags/example_skip_dag.py
[2023-12-27T09:38:12.606+0545] {processor.py:840} INFO - DAG(s) 'example_skip_dag' retrieved from /home/sarita/Documents/apache-airflow-project/.venv/lib/python3.9/site-packages/airflow/example_dags/example_skip_dag.py
[2023-12-27T09:38:12.642+0545] {logging_mixin.py:188} INFO - [2023-12-27T09:38:12.641+0545] {dag.py:3033} INFO - Sync 1 DAGs
[2023-12-27T09:38:12.683+0545] {logging_mixin.py:188} INFO - [2023-12-27T09:38:12.683+0545] {dag.py:3820} INFO - Setting next_dagrun for example_skip_dag to 2023-12-26T00:00:00+00:00, run_after=2023-12-27T00:00:00+00:00
[2023-12-27T09:38:12.776+0545] {processor.py:183} INFO - Processing /home/sarita/Documents/apache-airflow-project/.venv/lib/python3.9/site-packages/airflow/example_dags/example_skip_dag.py took 0.179 seconds
[2023-12-27T09:38:50.900+0545] {processor.py:161} INFO - Started process (PID=7114) to work on /home/sarita/Documents/apache-airflow-project/.venv/lib/python3.9/site-packages/airflow/example_dags/example_skip_dag.py
[2023-12-27T09:38:50.901+0545] {processor.py:830} INFO - Processing file /home/sarita/Documents/apache-airflow-project/.venv/lib/python3.9/site-packages/airflow/example_dags/example_skip_dag.py for tasks to queue
[2023-12-27T09:38:50.901+0545] {logging_mixin.py:188} INFO - [2023-12-27T09:38:50.901+0545] {dagbag.py:538} INFO - Filling up the DagBag from /home/sarita/Documents/apache-airflow-project/.venv/lib/python3.9/site-packages/airflow/example_dags/example_skip_dag.py
[2023-12-27T09:38:50.906+0545] {processor.py:840} INFO - DAG(s) 'example_skip_dag' retrieved from /home/sarita/Documents/apache-airflow-project/.venv/lib/python3.9/site-packages/airflow/example_dags/example_skip_dag.py
[2023-12-27T09:38:50.917+0545] {logging_mixin.py:188} INFO - [2023-12-27T09:38:50.917+0545] {dag.py:3033} INFO - Sync 1 DAGs
[2023-12-27T09:38:50.933+0545] {logging_mixin.py:188} INFO - [2023-12-27T09:38:50.933+0545] {dag.py:3820} INFO - Setting next_dagrun for example_skip_dag to 2023-12-26T00:00:00+00:00, run_after=2023-12-27T00:00:00+00:00
[2023-12-27T09:38:50.950+0545] {processor.py:183} INFO - Processing /home/sarita/Documents/apache-airflow-project/.venv/lib/python3.9/site-packages/airflow/example_dags/example_skip_dag.py took 0.051 seconds
[2023-12-27T09:39:28.545+0545] {processor.py:161} INFO - Started process (PID=7159) to work on /home/sarita/Documents/apache-airflow-project/.venv/lib/python3.9/site-packages/airflow/example_dags/example_skip_dag.py
[2023-12-27T09:39:28.547+0545] {processor.py:830} INFO - Processing file /home/sarita/Documents/apache-airflow-project/.venv/lib/python3.9/site-packages/airflow/example_dags/example_skip_dag.py for tasks to queue
[2023-12-27T09:39:28.549+0545] {logging_mixin.py:188} INFO - [2023-12-27T09:39:28.548+0545] {dagbag.py:538} INFO - Filling up the DagBag from /home/sarita/Documents/apache-airflow-project/.venv/lib/python3.9/site-packages/airflow/example_dags/example_skip_dag.py
[2023-12-27T09:39:28.558+0545] {processor.py:840} INFO - DAG(s) 'example_skip_dag' retrieved from /home/sarita/Documents/apache-airflow-project/.venv/lib/python3.9/site-packages/airflow/example_dags/example_skip_dag.py
[2023-12-27T09:39:28.574+0545] {logging_mixin.py:188} INFO - [2023-12-27T09:39:28.574+0545] {dag.py:3033} INFO - Sync 1 DAGs
[2023-12-27T09:39:28.590+0545] {logging_mixin.py:188} INFO - [2023-12-27T09:39:28.590+0545] {dag.py:3820} INFO - Setting next_dagrun for example_skip_dag to 2023-12-26T00:00:00+00:00, run_after=2023-12-27T00:00:00+00:00
[2023-12-27T09:39:28.618+0545] {processor.py:183} INFO - Processing /home/sarita/Documents/apache-airflow-project/.venv/lib/python3.9/site-packages/airflow/example_dags/example_skip_dag.py took 0.078 seconds
[2023-12-27T09:40:06.274+0545] {processor.py:161} INFO - Started process (PID=7231) to work on /home/sarita/Documents/apache-airflow-project/.venv/lib/python3.9/site-packages/airflow/example_dags/example_skip_dag.py
[2023-12-27T09:40:06.277+0545] {processor.py:830} INFO - Processing file /home/sarita/Documents/apache-airflow-project/.venv/lib/python3.9/site-packages/airflow/example_dags/example_skip_dag.py for tasks to queue
[2023-12-27T09:40:06.279+0545] {logging_mixin.py:188} INFO - [2023-12-27T09:40:06.279+0545] {dagbag.py:538} INFO - Filling up the DagBag from /home/sarita/Documents/apache-airflow-project/.venv/lib/python3.9/site-packages/airflow/example_dags/example_skip_dag.py
[2023-12-27T09:40:06.289+0545] {processor.py:840} INFO - DAG(s) 'example_skip_dag' retrieved from /home/sarita/Documents/apache-airflow-project/.venv/lib/python3.9/site-packages/airflow/example_dags/example_skip_dag.py
[2023-12-27T09:40:06.306+0545] {logging_mixin.py:188} INFO - [2023-12-27T09:40:06.306+0545] {dag.py:3033} INFO - Sync 1 DAGs
[2023-12-27T09:40:06.323+0545] {logging_mixin.py:188} INFO - [2023-12-27T09:40:06.322+0545] {dag.py:3820} INFO - Setting next_dagrun for example_skip_dag to 2023-12-26T00:00:00+00:00, run_after=2023-12-27T00:00:00+00:00
[2023-12-27T09:40:06.340+0545] {processor.py:183} INFO - Processing /home/sarita/Documents/apache-airflow-project/.venv/lib/python3.9/site-packages/airflow/example_dags/example_skip_dag.py took 0.069 seconds
[2023-12-27T09:40:45.069+0545] {processor.py:161} INFO - Started process (PID=7307) to work on /home/sarita/Documents/apache-airflow-project/.venv/lib/python3.9/site-packages/airflow/example_dags/example_skip_dag.py
[2023-12-27T09:40:45.072+0545] {processor.py:830} INFO - Processing file /home/sarita/Documents/apache-airflow-project/.venv/lib/python3.9/site-packages/airflow/example_dags/example_skip_dag.py for tasks to queue
[2023-12-27T09:40:45.074+0545] {logging_mixin.py:188} INFO - [2023-12-27T09:40:45.073+0545] {dagbag.py:538} INFO - Filling up the DagBag from /home/sarita/Documents/apache-airflow-project/.venv/lib/python3.9/site-packages/airflow/example_dags/example_skip_dag.py
[2023-12-27T09:40:45.090+0545] {processor.py:840} INFO - DAG(s) 'example_skip_dag' retrieved from /home/sarita/Documents/apache-airflow-project/.venv/lib/python3.9/site-packages/airflow/example_dags/example_skip_dag.py
[2023-12-27T09:40:45.105+0545] {logging_mixin.py:188} INFO - [2023-12-27T09:40:45.105+0545] {dag.py:3033} INFO - Sync 1 DAGs
[2023-12-27T09:40:45.120+0545] {logging_mixin.py:188} INFO - [2023-12-27T09:40:45.120+0545] {dag.py:3820} INFO - Setting next_dagrun for example_skip_dag to 2023-12-26T00:00:00+00:00, run_after=2023-12-27T00:00:00+00:00
[2023-12-27T09:40:45.139+0545] {processor.py:183} INFO - Processing /home/sarita/Documents/apache-airflow-project/.venv/lib/python3.9/site-packages/airflow/example_dags/example_skip_dag.py took 0.076 seconds
[2023-12-27T09:41:19.187+0545] {processor.py:161} INFO - Started process (PID=7521) to work on /home/sarita/Documents/apache-airflow-project/.venv/lib/python3.9/site-packages/airflow/example_dags/example_skip_dag.py
[2023-12-27T09:41:19.189+0545] {processor.py:830} INFO - Processing file /home/sarita/Documents/apache-airflow-project/.venv/lib/python3.9/site-packages/airflow/example_dags/example_skip_dag.py for tasks to queue
[2023-12-27T09:41:19.191+0545] {logging_mixin.py:188} INFO - [2023-12-27T09:41:19.190+0545] {dagbag.py:538} INFO - Filling up the DagBag from /home/sarita/Documents/apache-airflow-project/.venv/lib/python3.9/site-packages/airflow/example_dags/example_skip_dag.py
[2023-12-27T09:41:19.204+0545] {processor.py:840} INFO - DAG(s) 'example_skip_dag' retrieved from /home/sarita/Documents/apache-airflow-project/.venv/lib/python3.9/site-packages/airflow/example_dags/example_skip_dag.py
[2023-12-27T09:41:19.223+0545] {logging_mixin.py:188} INFO - [2023-12-27T09:41:19.222+0545] {dag.py:3033} INFO - Sync 1 DAGs
[2023-12-27T09:41:19.238+0545] {logging_mixin.py:188} INFO - [2023-12-27T09:41:19.238+0545] {dag.py:3820} INFO - Setting next_dagrun for example_skip_dag to 2023-12-26T00:00:00+00:00, run_after=2023-12-27T00:00:00+00:00
[2023-12-27T09:41:19.257+0545] {processor.py:183} INFO - Processing /home/sarita/Documents/apache-airflow-project/.venv/lib/python3.9/site-packages/airflow/example_dags/example_skip_dag.py took 0.075 seconds
[2023-12-27T09:41:59.837+0545] {processor.py:161} INFO - Started process (PID=7736) to work on /home/sarita/Documents/apache-airflow-project/.venv/lib/python3.9/site-packages/airflow/example_dags/example_skip_dag.py
[2023-12-27T09:41:59.839+0545] {processor.py:830} INFO - Processing file /home/sarita/Documents/apache-airflow-project/.venv/lib/python3.9/site-packages/airflow/example_dags/example_skip_dag.py for tasks to queue
[2023-12-27T09:41:59.839+0545] {logging_mixin.py:188} INFO - [2023-12-27T09:41:59.839+0545] {dagbag.py:538} INFO - Filling up the DagBag from /home/sarita/Documents/apache-airflow-project/.venv/lib/python3.9/site-packages/airflow/example_dags/example_skip_dag.py
[2023-12-27T09:41:59.844+0545] {processor.py:840} INFO - DAG(s) 'example_skip_dag' retrieved from /home/sarita/Documents/apache-airflow-project/.venv/lib/python3.9/site-packages/airflow/example_dags/example_skip_dag.py
[2023-12-27T09:41:59.856+0545] {logging_mixin.py:188} INFO - [2023-12-27T09:41:59.855+0545] {dag.py:3033} INFO - Sync 1 DAGs
[2023-12-27T09:41:59.870+0545] {logging_mixin.py:188} INFO - [2023-12-27T09:41:59.870+0545] {dag.py:3820} INFO - Setting next_dagrun for example_skip_dag to 2023-12-26T00:00:00+00:00, run_after=2023-12-27T00:00:00+00:00
[2023-12-27T09:41:59.888+0545] {processor.py:183} INFO - Processing /home/sarita/Documents/apache-airflow-project/.venv/lib/python3.9/site-packages/airflow/example_dags/example_skip_dag.py took 0.053 seconds
[2023-12-27T09:42:36.031+0545] {processor.py:161} INFO - Started process (PID=7803) to work on /home/sarita/Documents/apache-airflow-project/.venv/lib/python3.9/site-packages/airflow/example_dags/example_skip_dag.py
[2023-12-27T09:42:36.034+0545] {processor.py:830} INFO - Processing file /home/sarita/Documents/apache-airflow-project/.venv/lib/python3.9/site-packages/airflow/example_dags/example_skip_dag.py for tasks to queue
[2023-12-27T09:42:36.036+0545] {logging_mixin.py:188} INFO - [2023-12-27T09:42:36.035+0545] {dagbag.py:538} INFO - Filling up the DagBag from /home/sarita/Documents/apache-airflow-project/.venv/lib/python3.9/site-packages/airflow/example_dags/example_skip_dag.py
[2023-12-27T09:42:36.048+0545] {processor.py:840} INFO - DAG(s) 'example_skip_dag' retrieved from /home/sarita/Documents/apache-airflow-project/.venv/lib/python3.9/site-packages/airflow/example_dags/example_skip_dag.py
[2023-12-27T09:42:36.064+0545] {logging_mixin.py:188} INFO - [2023-12-27T09:42:36.064+0545] {dag.py:3033} INFO - Sync 1 DAGs
[2023-12-27T09:42:36.079+0545] {logging_mixin.py:188} INFO - [2023-12-27T09:42:36.079+0545] {dag.py:3820} INFO - Setting next_dagrun for example_skip_dag to 2023-12-26T00:00:00+00:00, run_after=2023-12-27T00:00:00+00:00
[2023-12-27T09:42:36.106+0545] {processor.py:183} INFO - Processing /home/sarita/Documents/apache-airflow-project/.venv/lib/python3.9/site-packages/airflow/example_dags/example_skip_dag.py took 0.080 seconds
[2023-12-27T09:43:09.043+0545] {processor.py:161} INFO - Started process (PID=7849) to work on /home/sarita/Documents/apache-airflow-project/.venv/lib/python3.9/site-packages/airflow/example_dags/example_skip_dag.py
[2023-12-27T09:43:09.046+0545] {processor.py:830} INFO - Processing file /home/sarita/Documents/apache-airflow-project/.venv/lib/python3.9/site-packages/airflow/example_dags/example_skip_dag.py for tasks to queue
[2023-12-27T09:43:09.048+0545] {logging_mixin.py:188} INFO - [2023-12-27T09:43:09.047+0545] {dagbag.py:538} INFO - Filling up the DagBag from /home/sarita/Documents/apache-airflow-project/.venv/lib/python3.9/site-packages/airflow/example_dags/example_skip_dag.py
[2023-12-27T09:43:09.057+0545] {processor.py:840} INFO - DAG(s) 'example_skip_dag' retrieved from /home/sarita/Documents/apache-airflow-project/.venv/lib/python3.9/site-packages/airflow/example_dags/example_skip_dag.py
[2023-12-27T09:43:09.072+0545] {logging_mixin.py:188} INFO - [2023-12-27T09:43:09.071+0545] {dag.py:3033} INFO - Sync 1 DAGs
[2023-12-27T09:43:09.087+0545] {logging_mixin.py:188} INFO - [2023-12-27T09:43:09.087+0545] {dag.py:3820} INFO - Setting next_dagrun for example_skip_dag to 2023-12-26T00:00:00+00:00, run_after=2023-12-27T00:00:00+00:00
[2023-12-27T09:43:09.104+0545] {processor.py:183} INFO - Processing /home/sarita/Documents/apache-airflow-project/.venv/lib/python3.9/site-packages/airflow/example_dags/example_skip_dag.py took 0.070 seconds
[2023-12-27T09:43:45.885+0545] {processor.py:161} INFO - Started process (PID=7900) to work on /home/sarita/Documents/apache-airflow-project/.venv/lib/python3.9/site-packages/airflow/example_dags/example_skip_dag.py
[2023-12-27T09:43:45.889+0545] {processor.py:830} INFO - Processing file /home/sarita/Documents/apache-airflow-project/.venv/lib/python3.9/site-packages/airflow/example_dags/example_skip_dag.py for tasks to queue
[2023-12-27T09:43:45.891+0545] {logging_mixin.py:188} INFO - [2023-12-27T09:43:45.890+0545] {dagbag.py:538} INFO - Filling up the DagBag from /home/sarita/Documents/apache-airflow-project/.venv/lib/python3.9/site-packages/airflow/example_dags/example_skip_dag.py
[2023-12-27T09:43:45.902+0545] {processor.py:840} INFO - DAG(s) 'example_skip_dag' retrieved from /home/sarita/Documents/apache-airflow-project/.venv/lib/python3.9/site-packages/airflow/example_dags/example_skip_dag.py
[2023-12-27T09:43:45.918+0545] {logging_mixin.py:188} INFO - [2023-12-27T09:43:45.917+0545] {dag.py:3033} INFO - Sync 1 DAGs
[2023-12-27T09:43:45.933+0545] {logging_mixin.py:188} INFO - [2023-12-27T09:43:45.933+0545] {dag.py:3820} INFO - Setting next_dagrun for example_skip_dag to 2023-12-26T00:00:00+00:00, run_after=2023-12-27T00:00:00+00:00
[2023-12-27T09:43:45.951+0545] {processor.py:183} INFO - Processing /home/sarita/Documents/apache-airflow-project/.venv/lib/python3.9/site-packages/airflow/example_dags/example_skip_dag.py took 0.073 seconds
[2023-12-27T09:44:25.246+0545] {processor.py:161} INFO - Started process (PID=7951) to work on /home/sarita/Documents/apache-airflow-project/.venv/lib/python3.9/site-packages/airflow/example_dags/example_skip_dag.py
[2023-12-27T09:44:25.248+0545] {processor.py:830} INFO - Processing file /home/sarita/Documents/apache-airflow-project/.venv/lib/python3.9/site-packages/airflow/example_dags/example_skip_dag.py for tasks to queue
[2023-12-27T09:44:25.250+0545] {logging_mixin.py:188} INFO - [2023-12-27T09:44:25.249+0545] {dagbag.py:538} INFO - Filling up the DagBag from /home/sarita/Documents/apache-airflow-project/.venv/lib/python3.9/site-packages/airflow/example_dags/example_skip_dag.py
[2023-12-27T09:44:25.259+0545] {processor.py:840} INFO - DAG(s) 'example_skip_dag' retrieved from /home/sarita/Documents/apache-airflow-project/.venv/lib/python3.9/site-packages/airflow/example_dags/example_skip_dag.py
[2023-12-27T09:44:25.275+0545] {logging_mixin.py:188} INFO - [2023-12-27T09:44:25.275+0545] {dag.py:3033} INFO - Sync 1 DAGs
[2023-12-27T09:44:25.291+0545] {logging_mixin.py:188} INFO - [2023-12-27T09:44:25.291+0545] {dag.py:3820} INFO - Setting next_dagrun for example_skip_dag to 2023-12-26T00:00:00+00:00, run_after=2023-12-27T00:00:00+00:00
[2023-12-27T09:44:25.309+0545] {processor.py:183} INFO - Processing /home/sarita/Documents/apache-airflow-project/.venv/lib/python3.9/site-packages/airflow/example_dags/example_skip_dag.py took 0.067 seconds
[2023-12-27T09:45:00.349+0545] {processor.py:161} INFO - Started process (PID=7999) to work on /home/sarita/Documents/apache-airflow-project/.venv/lib/python3.9/site-packages/airflow/example_dags/example_skip_dag.py
[2023-12-27T09:45:00.353+0545] {processor.py:830} INFO - Processing file /home/sarita/Documents/apache-airflow-project/.venv/lib/python3.9/site-packages/airflow/example_dags/example_skip_dag.py for tasks to queue
[2023-12-27T09:45:00.355+0545] {logging_mixin.py:188} INFO - [2023-12-27T09:45:00.354+0545] {dagbag.py:538} INFO - Filling up the DagBag from /home/sarita/Documents/apache-airflow-project/.venv/lib/python3.9/site-packages/airflow/example_dags/example_skip_dag.py
[2023-12-27T09:45:00.367+0545] {processor.py:840} INFO - DAG(s) 'example_skip_dag' retrieved from /home/sarita/Documents/apache-airflow-project/.venv/lib/python3.9/site-packages/airflow/example_dags/example_skip_dag.py
[2023-12-27T09:45:00.382+0545] {logging_mixin.py:188} INFO - [2023-12-27T09:45:00.382+0545] {dag.py:3033} INFO - Sync 1 DAGs
[2023-12-27T09:45:00.398+0545] {logging_mixin.py:188} INFO - [2023-12-27T09:45:00.398+0545] {dag.py:3820} INFO - Setting next_dagrun for example_skip_dag to 2023-12-26T00:00:00+00:00, run_after=2023-12-27T00:00:00+00:00
[2023-12-27T09:45:00.418+0545] {processor.py:183} INFO - Processing /home/sarita/Documents/apache-airflow-project/.venv/lib/python3.9/site-packages/airflow/example_dags/example_skip_dag.py took 0.077 seconds
[2023-12-27T09:45:38.662+0545] {processor.py:161} INFO - Started process (PID=8434) to work on /home/sarita/Documents/apache-airflow-project/.venv/lib/python3.9/site-packages/airflow/example_dags/example_skip_dag.py
[2023-12-27T09:45:38.664+0545] {processor.py:830} INFO - Processing file /home/sarita/Documents/apache-airflow-project/.venv/lib/python3.9/site-packages/airflow/example_dags/example_skip_dag.py for tasks to queue
[2023-12-27T09:45:38.666+0545] {logging_mixin.py:188} INFO - [2023-12-27T09:45:38.665+0545] {dagbag.py:538} INFO - Filling up the DagBag from /home/sarita/Documents/apache-airflow-project/.venv/lib/python3.9/site-packages/airflow/example_dags/example_skip_dag.py
[2023-12-27T09:45:38.677+0545] {processor.py:840} INFO - DAG(s) 'example_skip_dag' retrieved from /home/sarita/Documents/apache-airflow-project/.venv/lib/python3.9/site-packages/airflow/example_dags/example_skip_dag.py
[2023-12-27T09:45:38.694+0545] {logging_mixin.py:188} INFO - [2023-12-27T09:45:38.694+0545] {dag.py:3033} INFO - Sync 1 DAGs
[2023-12-27T09:45:38.710+0545] {logging_mixin.py:188} INFO - [2023-12-27T09:45:38.710+0545] {dag.py:3820} INFO - Setting next_dagrun for example_skip_dag to 2023-12-26T00:00:00+00:00, run_after=2023-12-27T00:00:00+00:00
[2023-12-27T09:45:38.737+0545] {processor.py:183} INFO - Processing /home/sarita/Documents/apache-airflow-project/.venv/lib/python3.9/site-packages/airflow/example_dags/example_skip_dag.py took 0.080 seconds
[2023-12-27T09:46:13.662+0545] {processor.py:161} INFO - Started process (PID=8486) to work on /home/sarita/Documents/apache-airflow-project/.venv/lib/python3.9/site-packages/airflow/example_dags/example_skip_dag.py
[2023-12-27T09:46:13.672+0545] {processor.py:830} INFO - Processing file /home/sarita/Documents/apache-airflow-project/.venv/lib/python3.9/site-packages/airflow/example_dags/example_skip_dag.py for tasks to queue
[2023-12-27T09:46:13.675+0545] {logging_mixin.py:188} INFO - [2023-12-27T09:46:13.674+0545] {dagbag.py:538} INFO - Filling up the DagBag from /home/sarita/Documents/apache-airflow-project/.venv/lib/python3.9/site-packages/airflow/example_dags/example_skip_dag.py
[2023-12-27T09:46:13.687+0545] {processor.py:840} INFO - DAG(s) 'example_skip_dag' retrieved from /home/sarita/Documents/apache-airflow-project/.venv/lib/python3.9/site-packages/airflow/example_dags/example_skip_dag.py
[2023-12-27T09:46:13.703+0545] {logging_mixin.py:188} INFO - [2023-12-27T09:46:13.703+0545] {dag.py:3033} INFO - Sync 1 DAGs
[2023-12-27T09:46:13.718+0545] {logging_mixin.py:188} INFO - [2023-12-27T09:46:13.718+0545] {dag.py:3820} INFO - Setting next_dagrun for example_skip_dag to 2023-12-26T00:00:00+00:00, run_after=2023-12-27T00:00:00+00:00
[2023-12-27T09:46:13.795+0545] {processor.py:183} INFO - Processing /home/sarita/Documents/apache-airflow-project/.venv/lib/python3.9/site-packages/airflow/example_dags/example_skip_dag.py took 0.142 seconds
[2023-12-27T09:46:49.905+0545] {processor.py:161} INFO - Started process (PID=8523) to work on /home/sarita/Documents/apache-airflow-project/.venv/lib/python3.9/site-packages/airflow/example_dags/example_skip_dag.py
[2023-12-27T09:46:49.908+0545] {processor.py:830} INFO - Processing file /home/sarita/Documents/apache-airflow-project/.venv/lib/python3.9/site-packages/airflow/example_dags/example_skip_dag.py for tasks to queue
[2023-12-27T09:46:49.909+0545] {logging_mixin.py:188} INFO - [2023-12-27T09:46:49.909+0545] {dagbag.py:538} INFO - Filling up the DagBag from /home/sarita/Documents/apache-airflow-project/.venv/lib/python3.9/site-packages/airflow/example_dags/example_skip_dag.py
[2023-12-27T09:46:49.918+0545] {processor.py:840} INFO - DAG(s) 'example_skip_dag' retrieved from /home/sarita/Documents/apache-airflow-project/.venv/lib/python3.9/site-packages/airflow/example_dags/example_skip_dag.py
[2023-12-27T09:46:49.934+0545] {logging_mixin.py:188} INFO - [2023-12-27T09:46:49.934+0545] {dag.py:3033} INFO - Sync 1 DAGs
[2023-12-27T09:46:49.949+0545] {logging_mixin.py:188} INFO - [2023-12-27T09:46:49.949+0545] {dag.py:3820} INFO - Setting next_dagrun for example_skip_dag to 2023-12-26T00:00:00+00:00, run_after=2023-12-27T00:00:00+00:00
[2023-12-27T09:46:49.966+0545] {processor.py:183} INFO - Processing /home/sarita/Documents/apache-airflow-project/.venv/lib/python3.9/site-packages/airflow/example_dags/example_skip_dag.py took 0.065 seconds
[2023-12-27T09:47:29.265+0545] {processor.py:161} INFO - Started process (PID=8562) to work on /home/sarita/Documents/apache-airflow-project/.venv/lib/python3.9/site-packages/airflow/example_dags/example_skip_dag.py
[2023-12-27T09:47:29.268+0545] {processor.py:830} INFO - Processing file /home/sarita/Documents/apache-airflow-project/.venv/lib/python3.9/site-packages/airflow/example_dags/example_skip_dag.py for tasks to queue
[2023-12-27T09:47:29.270+0545] {logging_mixin.py:188} INFO - [2023-12-27T09:47:29.269+0545] {dagbag.py:538} INFO - Filling up the DagBag from /home/sarita/Documents/apache-airflow-project/.venv/lib/python3.9/site-packages/airflow/example_dags/example_skip_dag.py
[2023-12-27T09:47:29.282+0545] {processor.py:840} INFO - DAG(s) 'example_skip_dag' retrieved from /home/sarita/Documents/apache-airflow-project/.venv/lib/python3.9/site-packages/airflow/example_dags/example_skip_dag.py
[2023-12-27T09:47:29.299+0545] {logging_mixin.py:188} INFO - [2023-12-27T09:47:29.299+0545] {dag.py:3033} INFO - Sync 1 DAGs
[2023-12-27T09:47:29.315+0545] {logging_mixin.py:188} INFO - [2023-12-27T09:47:29.315+0545] {dag.py:3820} INFO - Setting next_dagrun for example_skip_dag to 2023-12-26T00:00:00+00:00, run_after=2023-12-27T00:00:00+00:00
[2023-12-27T09:47:29.335+0545] {processor.py:183} INFO - Processing /home/sarita/Documents/apache-airflow-project/.venv/lib/python3.9/site-packages/airflow/example_dags/example_skip_dag.py took 0.074 seconds
[2023-12-27T09:48:07.438+0545] {processor.py:161} INFO - Started process (PID=8624) to work on /home/sarita/Documents/apache-airflow-project/.venv/lib/python3.9/site-packages/airflow/example_dags/example_skip_dag.py
[2023-12-27T09:48:07.439+0545] {processor.py:830} INFO - Processing file /home/sarita/Documents/apache-airflow-project/.venv/lib/python3.9/site-packages/airflow/example_dags/example_skip_dag.py for tasks to queue
[2023-12-27T09:48:07.440+0545] {logging_mixin.py:188} INFO - [2023-12-27T09:48:07.439+0545] {dagbag.py:538} INFO - Filling up the DagBag from /home/sarita/Documents/apache-airflow-project/.venv/lib/python3.9/site-packages/airflow/example_dags/example_skip_dag.py
[2023-12-27T09:48:07.447+0545] {processor.py:840} INFO - DAG(s) 'example_skip_dag' retrieved from /home/sarita/Documents/apache-airflow-project/.venv/lib/python3.9/site-packages/airflow/example_dags/example_skip_dag.py
[2023-12-27T09:48:07.461+0545] {logging_mixin.py:188} INFO - [2023-12-27T09:48:07.461+0545] {dag.py:3033} INFO - Sync 1 DAGs
[2023-12-27T09:48:07.477+0545] {logging_mixin.py:188} INFO - [2023-12-27T09:48:07.477+0545] {dag.py:3820} INFO - Setting next_dagrun for example_skip_dag to 2023-12-26T00:00:00+00:00, run_after=2023-12-27T00:00:00+00:00
[2023-12-27T09:48:07.495+0545] {processor.py:183} INFO - Processing /home/sarita/Documents/apache-airflow-project/.venv/lib/python3.9/site-packages/airflow/example_dags/example_skip_dag.py took 0.060 seconds
[2023-12-27T09:48:46.910+0545] {processor.py:161} INFO - Started process (PID=8668) to work on /home/sarita/Documents/apache-airflow-project/.venv/lib/python3.9/site-packages/airflow/example_dags/example_skip_dag.py
[2023-12-27T09:48:46.913+0545] {processor.py:830} INFO - Processing file /home/sarita/Documents/apache-airflow-project/.venv/lib/python3.9/site-packages/airflow/example_dags/example_skip_dag.py for tasks to queue
[2023-12-27T09:48:46.914+0545] {logging_mixin.py:188} INFO - [2023-12-27T09:48:46.914+0545] {dagbag.py:538} INFO - Filling up the DagBag from /home/sarita/Documents/apache-airflow-project/.venv/lib/python3.9/site-packages/airflow/example_dags/example_skip_dag.py
[2023-12-27T09:48:46.921+0545] {processor.py:840} INFO - DAG(s) 'example_skip_dag' retrieved from /home/sarita/Documents/apache-airflow-project/.venv/lib/python3.9/site-packages/airflow/example_dags/example_skip_dag.py
[2023-12-27T09:48:46.937+0545] {logging_mixin.py:188} INFO - [2023-12-27T09:48:46.937+0545] {dag.py:3033} INFO - Sync 1 DAGs
[2023-12-27T09:48:46.953+0545] {logging_mixin.py:188} INFO - [2023-12-27T09:48:46.953+0545] {dag.py:3820} INFO - Setting next_dagrun for example_skip_dag to 2023-12-26T00:00:00+00:00, run_after=2023-12-27T00:00:00+00:00
[2023-12-27T09:48:46.970+0545] {processor.py:183} INFO - Processing /home/sarita/Documents/apache-airflow-project/.venv/lib/python3.9/site-packages/airflow/example_dags/example_skip_dag.py took 0.063 seconds
[2023-12-27T09:49:21.439+0545] {processor.py:161} INFO - Started process (PID=8706) to work on /home/sarita/Documents/apache-airflow-project/.venv/lib/python3.9/site-packages/airflow/example_dags/example_skip_dag.py
[2023-12-27T09:49:21.441+0545] {processor.py:830} INFO - Processing file /home/sarita/Documents/apache-airflow-project/.venv/lib/python3.9/site-packages/airflow/example_dags/example_skip_dag.py for tasks to queue
[2023-12-27T09:49:21.442+0545] {logging_mixin.py:188} INFO - [2023-12-27T09:49:21.442+0545] {dagbag.py:538} INFO - Filling up the DagBag from /home/sarita/Documents/apache-airflow-project/.venv/lib/python3.9/site-packages/airflow/example_dags/example_skip_dag.py
[2023-12-27T09:49:21.447+0545] {processor.py:840} INFO - DAG(s) 'example_skip_dag' retrieved from /home/sarita/Documents/apache-airflow-project/.venv/lib/python3.9/site-packages/airflow/example_dags/example_skip_dag.py
[2023-12-27T09:49:21.461+0545] {logging_mixin.py:188} INFO - [2023-12-27T09:49:21.460+0545] {dag.py:3033} INFO - Sync 1 DAGs
[2023-12-27T09:49:21.476+0545] {logging_mixin.py:188} INFO - [2023-12-27T09:49:21.476+0545] {dag.py:3820} INFO - Setting next_dagrun for example_skip_dag to 2023-12-26T00:00:00+00:00, run_after=2023-12-27T00:00:00+00:00
[2023-12-27T09:49:21.494+0545] {processor.py:183} INFO - Processing /home/sarita/Documents/apache-airflow-project/.venv/lib/python3.9/site-packages/airflow/example_dags/example_skip_dag.py took 0.056 seconds
[2023-12-27T09:49:59.041+0545] {processor.py:161} INFO - Started process (PID=8745) to work on /home/sarita/Documents/apache-airflow-project/.venv/lib/python3.9/site-packages/airflow/example_dags/example_skip_dag.py
[2023-12-27T09:49:59.045+0545] {processor.py:830} INFO - Processing file /home/sarita/Documents/apache-airflow-project/.venv/lib/python3.9/site-packages/airflow/example_dags/example_skip_dag.py for tasks to queue
[2023-12-27T09:49:59.047+0545] {logging_mixin.py:188} INFO - [2023-12-27T09:49:59.046+0545] {dagbag.py:538} INFO - Filling up the DagBag from /home/sarita/Documents/apache-airflow-project/.venv/lib/python3.9/site-packages/airflow/example_dags/example_skip_dag.py
[2023-12-27T09:49:59.061+0545] {processor.py:840} INFO - DAG(s) 'example_skip_dag' retrieved from /home/sarita/Documents/apache-airflow-project/.venv/lib/python3.9/site-packages/airflow/example_dags/example_skip_dag.py
[2023-12-27T09:49:59.077+0545] {logging_mixin.py:188} INFO - [2023-12-27T09:49:59.077+0545] {dag.py:3033} INFO - Sync 1 DAGs
[2023-12-27T09:49:59.093+0545] {logging_mixin.py:188} INFO - [2023-12-27T09:49:59.093+0545] {dag.py:3820} INFO - Setting next_dagrun for example_skip_dag to 2023-12-26T00:00:00+00:00, run_after=2023-12-27T00:00:00+00:00
[2023-12-27T09:49:59.110+0545] {processor.py:183} INFO - Processing /home/sarita/Documents/apache-airflow-project/.venv/lib/python3.9/site-packages/airflow/example_dags/example_skip_dag.py took 0.077 seconds
[2023-12-27T09:50:37.169+0545] {processor.py:161} INFO - Started process (PID=8798) to work on /home/sarita/Documents/apache-airflow-project/.venv/lib/python3.9/site-packages/airflow/example_dags/example_skip_dag.py
[2023-12-27T09:50:37.172+0545] {processor.py:830} INFO - Processing file /home/sarita/Documents/apache-airflow-project/.venv/lib/python3.9/site-packages/airflow/example_dags/example_skip_dag.py for tasks to queue
[2023-12-27T09:50:37.173+0545] {logging_mixin.py:188} INFO - [2023-12-27T09:50:37.172+0545] {dagbag.py:538} INFO - Filling up the DagBag from /home/sarita/Documents/apache-airflow-project/.venv/lib/python3.9/site-packages/airflow/example_dags/example_skip_dag.py
[2023-12-27T09:50:37.181+0545] {processor.py:840} INFO - DAG(s) 'example_skip_dag' retrieved from /home/sarita/Documents/apache-airflow-project/.venv/lib/python3.9/site-packages/airflow/example_dags/example_skip_dag.py
[2023-12-27T09:50:37.195+0545] {logging_mixin.py:188} INFO - [2023-12-27T09:50:37.195+0545] {dag.py:3033} INFO - Sync 1 DAGs
[2023-12-27T09:50:37.210+0545] {logging_mixin.py:188} INFO - [2023-12-27T09:50:37.210+0545] {dag.py:3820} INFO - Setting next_dagrun for example_skip_dag to 2023-12-26T00:00:00+00:00, run_after=2023-12-27T00:00:00+00:00
[2023-12-27T09:50:37.228+0545] {processor.py:183} INFO - Processing /home/sarita/Documents/apache-airflow-project/.venv/lib/python3.9/site-packages/airflow/example_dags/example_skip_dag.py took 0.062 seconds
[2023-12-27T09:51:17.568+0545] {processor.py:161} INFO - Started process (PID=8873) to work on /home/sarita/Documents/apache-airflow-project/.venv/lib/python3.9/site-packages/airflow/example_dags/example_skip_dag.py
[2023-12-27T09:51:17.572+0545] {processor.py:830} INFO - Processing file /home/sarita/Documents/apache-airflow-project/.venv/lib/python3.9/site-packages/airflow/example_dags/example_skip_dag.py for tasks to queue
[2023-12-27T09:51:17.573+0545] {logging_mixin.py:188} INFO - [2023-12-27T09:51:17.572+0545] {dagbag.py:538} INFO - Filling up the DagBag from /home/sarita/Documents/apache-airflow-project/.venv/lib/python3.9/site-packages/airflow/example_dags/example_skip_dag.py
[2023-12-27T09:51:17.581+0545] {processor.py:840} INFO - DAG(s) 'example_skip_dag' retrieved from /home/sarita/Documents/apache-airflow-project/.venv/lib/python3.9/site-packages/airflow/example_dags/example_skip_dag.py
[2023-12-27T09:51:17.596+0545] {logging_mixin.py:188} INFO - [2023-12-27T09:51:17.595+0545] {dag.py:3033} INFO - Sync 1 DAGs
[2023-12-27T09:51:17.611+0545] {logging_mixin.py:188} INFO - [2023-12-27T09:51:17.611+0545] {dag.py:3820} INFO - Setting next_dagrun for example_skip_dag to 2023-12-26T00:00:00+00:00, run_after=2023-12-27T00:00:00+00:00
[2023-12-27T09:51:17.628+0545] {processor.py:183} INFO - Processing /home/sarita/Documents/apache-airflow-project/.venv/lib/python3.9/site-packages/airflow/example_dags/example_skip_dag.py took 0.067 seconds
[2023-12-27T09:51:56.447+0545] {processor.py:161} INFO - Started process (PID=8919) to work on /home/sarita/Documents/apache-airflow-project/.venv/lib/python3.9/site-packages/airflow/example_dags/example_skip_dag.py
[2023-12-27T09:51:56.449+0545] {processor.py:830} INFO - Processing file /home/sarita/Documents/apache-airflow-project/.venv/lib/python3.9/site-packages/airflow/example_dags/example_skip_dag.py for tasks to queue
[2023-12-27T09:51:56.450+0545] {logging_mixin.py:188} INFO - [2023-12-27T09:51:56.449+0545] {dagbag.py:538} INFO - Filling up the DagBag from /home/sarita/Documents/apache-airflow-project/.venv/lib/python3.9/site-packages/airflow/example_dags/example_skip_dag.py
[2023-12-27T09:51:56.460+0545] {processor.py:840} INFO - DAG(s) 'example_skip_dag' retrieved from /home/sarita/Documents/apache-airflow-project/.venv/lib/python3.9/site-packages/airflow/example_dags/example_skip_dag.py
[2023-12-27T09:51:56.478+0545] {logging_mixin.py:188} INFO - [2023-12-27T09:51:56.478+0545] {dag.py:3033} INFO - Sync 1 DAGs
[2023-12-27T09:51:56.495+0545] {logging_mixin.py:188} INFO - [2023-12-27T09:51:56.495+0545] {dag.py:3820} INFO - Setting next_dagrun for example_skip_dag to 2023-12-26T00:00:00+00:00, run_after=2023-12-27T00:00:00+00:00
[2023-12-27T09:51:56.513+0545] {processor.py:183} INFO - Processing /home/sarita/Documents/apache-airflow-project/.venv/lib/python3.9/site-packages/airflow/example_dags/example_skip_dag.py took 0.070 seconds
[2023-12-27T09:53:58.233+0545] {processor.py:161} INFO - Started process (PID=9144) to work on /home/sarita/Documents/apache-airflow-project/.venv/lib/python3.9/site-packages/airflow/example_dags/example_skip_dag.py
[2023-12-27T09:53:58.233+0545] {processor.py:830} INFO - Processing file /home/sarita/Documents/apache-airflow-project/.venv/lib/python3.9/site-packages/airflow/example_dags/example_skip_dag.py for tasks to queue
[2023-12-27T09:53:58.234+0545] {logging_mixin.py:188} INFO - [2023-12-27T09:53:58.234+0545] {dagbag.py:538} INFO - Filling up the DagBag from /home/sarita/Documents/apache-airflow-project/.venv/lib/python3.9/site-packages/airflow/example_dags/example_skip_dag.py
[2023-12-27T09:53:58.238+0545] {processor.py:840} INFO - DAG(s) 'example_skip_dag' retrieved from /home/sarita/Documents/apache-airflow-project/.venv/lib/python3.9/site-packages/airflow/example_dags/example_skip_dag.py
[2023-12-27T09:53:58.249+0545] {logging_mixin.py:188} INFO - [2023-12-27T09:53:58.249+0545] {dag.py:3033} INFO - Sync 1 DAGs
[2023-12-27T09:53:58.264+0545] {logging_mixin.py:188} INFO - [2023-12-27T09:53:58.264+0545] {dag.py:3820} INFO - Setting next_dagrun for example_skip_dag to 2023-12-26T00:00:00+00:00, run_after=2023-12-27T00:00:00+00:00
[2023-12-27T09:53:58.281+0545] {processor.py:183} INFO - Processing /home/sarita/Documents/apache-airflow-project/.venv/lib/python3.9/site-packages/airflow/example_dags/example_skip_dag.py took 0.050 seconds
[2023-12-27T12:11:43.228+0545] {processor.py:161} INFO - Started process (PID=12566) to work on /home/sarita/Documents/apache-airflow-project/.venv/lib/python3.9/site-packages/airflow/example_dags/example_skip_dag.py
[2023-12-27T12:11:43.228+0545] {processor.py:830} INFO - Processing file /home/sarita/Documents/apache-airflow-project/.venv/lib/python3.9/site-packages/airflow/example_dags/example_skip_dag.py for tasks to queue
[2023-12-27T12:11:43.229+0545] {logging_mixin.py:188} INFO - [2023-12-27T12:11:43.229+0545] {dagbag.py:538} INFO - Filling up the DagBag from /home/sarita/Documents/apache-airflow-project/.venv/lib/python3.9/site-packages/airflow/example_dags/example_skip_dag.py
[2023-12-27T12:11:43.236+0545] {processor.py:840} INFO - DAG(s) 'example_skip_dag' retrieved from /home/sarita/Documents/apache-airflow-project/.venv/lib/python3.9/site-packages/airflow/example_dags/example_skip_dag.py
[2023-12-27T12:11:43.254+0545] {logging_mixin.py:188} INFO - [2023-12-27T12:11:43.253+0545] {dag.py:3033} INFO - Sync 1 DAGs
[2023-12-27T12:11:43.360+0545] {logging_mixin.py:188} INFO - [2023-12-27T12:11:43.360+0545] {dag.py:3820} INFO - Setting next_dagrun for example_skip_dag to 2023-12-26T00:00:00+00:00, run_after=2023-12-27T00:00:00+00:00
[2023-12-27T12:11:43.385+0545] {processor.py:183} INFO - Processing /home/sarita/Documents/apache-airflow-project/.venv/lib/python3.9/site-packages/airflow/example_dags/example_skip_dag.py took 0.160 seconds
[2023-12-27T12:14:40.469+0545] {processor.py:161} INFO - Started process (PID=12752) to work on /home/sarita/Documents/apache-airflow-project/.venv/lib/python3.9/site-packages/airflow/example_dags/example_skip_dag.py
[2023-12-27T12:14:40.470+0545] {processor.py:830} INFO - Processing file /home/sarita/Documents/apache-airflow-project/.venv/lib/python3.9/site-packages/airflow/example_dags/example_skip_dag.py for tasks to queue
[2023-12-27T12:14:40.471+0545] {logging_mixin.py:188} INFO - [2023-12-27T12:14:40.470+0545] {dagbag.py:538} INFO - Filling up the DagBag from /home/sarita/Documents/apache-airflow-project/.venv/lib/python3.9/site-packages/airflow/example_dags/example_skip_dag.py
[2023-12-27T12:14:40.478+0545] {processor.py:840} INFO - DAG(s) 'example_skip_dag' retrieved from /home/sarita/Documents/apache-airflow-project/.venv/lib/python3.9/site-packages/airflow/example_dags/example_skip_dag.py
[2023-12-27T12:14:40.500+0545] {logging_mixin.py:188} INFO - [2023-12-27T12:14:40.500+0545] {dag.py:3033} INFO - Sync 1 DAGs
[2023-12-27T12:14:40.606+0545] {logging_mixin.py:188} INFO - [2023-12-27T12:14:40.606+0545] {dag.py:3820} INFO - Setting next_dagrun for example_skip_dag to 2023-12-26T00:00:00+00:00, run_after=2023-12-27T00:00:00+00:00
[2023-12-27T12:14:40.631+0545] {processor.py:183} INFO - Processing /home/sarita/Documents/apache-airflow-project/.venv/lib/python3.9/site-packages/airflow/example_dags/example_skip_dag.py took 0.164 seconds
[2023-12-27T12:20:06.645+0545] {processor.py:161} INFO - Started process (PID=13735) to work on /home/sarita/Documents/apache-airflow-project/.venv/lib/python3.9/site-packages/airflow/example_dags/example_skip_dag.py
[2023-12-27T12:20:06.646+0545] {processor.py:830} INFO - Processing file /home/sarita/Documents/apache-airflow-project/.venv/lib/python3.9/site-packages/airflow/example_dags/example_skip_dag.py for tasks to queue
[2023-12-27T12:20:06.646+0545] {logging_mixin.py:188} INFO - [2023-12-27T12:20:06.646+0545] {dagbag.py:538} INFO - Filling up the DagBag from /home/sarita/Documents/apache-airflow-project/.venv/lib/python3.9/site-packages/airflow/example_dags/example_skip_dag.py
[2023-12-27T12:20:06.652+0545] {processor.py:840} INFO - DAG(s) 'example_skip_dag' retrieved from /home/sarita/Documents/apache-airflow-project/.venv/lib/python3.9/site-packages/airflow/example_dags/example_skip_dag.py
[2023-12-27T12:20:06.665+0545] {logging_mixin.py:188} INFO - [2023-12-27T12:20:06.664+0545] {dag.py:3033} INFO - Sync 1 DAGs
[2023-12-27T12:20:06.680+0545] {logging_mixin.py:188} INFO - [2023-12-27T12:20:06.679+0545] {dag.py:3820} INFO - Setting next_dagrun for example_skip_dag to 2023-12-26T00:00:00+00:00, run_after=2023-12-27T00:00:00+00:00
[2023-12-27T12:20:06.695+0545] {processor.py:183} INFO - Processing /home/sarita/Documents/apache-airflow-project/.venv/lib/python3.9/site-packages/airflow/example_dags/example_skip_dag.py took 0.053 seconds
[2023-12-27T12:23:53.930+0545] {processor.py:161} INFO - Started process (PID=14041) to work on /home/sarita/Documents/apache-airflow-project/.venv/lib/python3.9/site-packages/airflow/example_dags/example_skip_dag.py
[2023-12-27T12:23:53.931+0545] {processor.py:830} INFO - Processing file /home/sarita/Documents/apache-airflow-project/.venv/lib/python3.9/site-packages/airflow/example_dags/example_skip_dag.py for tasks to queue
[2023-12-27T12:23:53.931+0545] {logging_mixin.py:188} INFO - [2023-12-27T12:23:53.931+0545] {dagbag.py:538} INFO - Filling up the DagBag from /home/sarita/Documents/apache-airflow-project/.venv/lib/python3.9/site-packages/airflow/example_dags/example_skip_dag.py
[2023-12-27T12:23:53.939+0545] {processor.py:840} INFO - DAG(s) 'example_skip_dag' retrieved from /home/sarita/Documents/apache-airflow-project/.venv/lib/python3.9/site-packages/airflow/example_dags/example_skip_dag.py
[2023-12-27T12:23:53.958+0545] {logging_mixin.py:188} INFO - [2023-12-27T12:23:53.958+0545] {dag.py:3033} INFO - Sync 1 DAGs
[2023-12-27T12:23:54.048+0545] {logging_mixin.py:188} INFO - [2023-12-27T12:23:54.047+0545] {dag.py:3820} INFO - Setting next_dagrun for example_skip_dag to 2023-12-26T00:00:00+00:00, run_after=2023-12-27T00:00:00+00:00
[2023-12-27T12:23:54.070+0545] {processor.py:183} INFO - Processing /home/sarita/Documents/apache-airflow-project/.venv/lib/python3.9/site-packages/airflow/example_dags/example_skip_dag.py took 0.141 seconds
[2023-12-27T12:39:08.900+0545] {processor.py:161} INFO - Started process (PID=15341) to work on /home/sarita/Documents/apache-airflow-project/.venv/lib/python3.9/site-packages/airflow/example_dags/example_skip_dag.py
[2023-12-27T12:39:08.903+0545] {processor.py:830} INFO - Processing file /home/sarita/Documents/apache-airflow-project/.venv/lib/python3.9/site-packages/airflow/example_dags/example_skip_dag.py for tasks to queue
[2023-12-27T12:39:08.904+0545] {logging_mixin.py:188} INFO - [2023-12-27T12:39:08.904+0545] {dagbag.py:538} INFO - Filling up the DagBag from /home/sarita/Documents/apache-airflow-project/.venv/lib/python3.9/site-packages/airflow/example_dags/example_skip_dag.py
[2023-12-27T12:39:08.918+0545] {processor.py:840} INFO - DAG(s) 'example_skip_dag' retrieved from /home/sarita/Documents/apache-airflow-project/.venv/lib/python3.9/site-packages/airflow/example_dags/example_skip_dag.py
[2023-12-27T12:39:08.939+0545] {logging_mixin.py:188} INFO - [2023-12-27T12:39:08.939+0545] {dag.py:3033} INFO - Sync 1 DAGs
[2023-12-27T12:39:09.025+0545] {logging_mixin.py:188} INFO - [2023-12-27T12:39:09.025+0545] {dag.py:3820} INFO - Setting next_dagrun for example_skip_dag to 2023-12-26T00:00:00+00:00, run_after=2023-12-27T00:00:00+00:00
[2023-12-27T12:39:09.045+0545] {processor.py:183} INFO - Processing /home/sarita/Documents/apache-airflow-project/.venv/lib/python3.9/site-packages/airflow/example_dags/example_skip_dag.py took 0.149 seconds
[2023-12-27T12:40:36.238+0545] {processor.py:161} INFO - Started process (PID=15607) to work on /home/sarita/Documents/apache-airflow-project/.venv/lib/python3.9/site-packages/airflow/example_dags/example_skip_dag.py
[2023-12-27T12:40:36.240+0545] {processor.py:830} INFO - Processing file /home/sarita/Documents/apache-airflow-project/.venv/lib/python3.9/site-packages/airflow/example_dags/example_skip_dag.py for tasks to queue
[2023-12-27T12:40:36.243+0545] {logging_mixin.py:188} INFO - [2023-12-27T12:40:36.242+0545] {dagbag.py:538} INFO - Filling up the DagBag from /home/sarita/Documents/apache-airflow-project/.venv/lib/python3.9/site-packages/airflow/example_dags/example_skip_dag.py
[2023-12-27T12:40:36.257+0545] {processor.py:840} INFO - DAG(s) 'example_skip_dag' retrieved from /home/sarita/Documents/apache-airflow-project/.venv/lib/python3.9/site-packages/airflow/example_dags/example_skip_dag.py
[2023-12-27T12:40:36.273+0545] {logging_mixin.py:188} INFO - [2023-12-27T12:40:36.273+0545] {dag.py:3033} INFO - Sync 1 DAGs
[2023-12-27T12:40:36.288+0545] {logging_mixin.py:188} INFO - [2023-12-27T12:40:36.288+0545] {dag.py:3820} INFO - Setting next_dagrun for example_skip_dag to 2023-12-26T00:00:00+00:00, run_after=2023-12-27T00:00:00+00:00
[2023-12-27T12:40:36.306+0545] {processor.py:183} INFO - Processing /home/sarita/Documents/apache-airflow-project/.venv/lib/python3.9/site-packages/airflow/example_dags/example_skip_dag.py took 0.075 seconds
[2023-12-27T12:42:37.633+0545] {processor.py:161} INFO - Started process (PID=16763) to work on /home/sarita/Documents/apache-airflow-project/.venv/lib/python3.9/site-packages/airflow/example_dags/example_skip_dag.py
[2023-12-27T12:42:37.634+0545] {processor.py:830} INFO - Processing file /home/sarita/Documents/apache-airflow-project/.venv/lib/python3.9/site-packages/airflow/example_dags/example_skip_dag.py for tasks to queue
[2023-12-27T12:42:37.635+0545] {logging_mixin.py:188} INFO - [2023-12-27T12:42:37.635+0545] {dagbag.py:538} INFO - Filling up the DagBag from /home/sarita/Documents/apache-airflow-project/.venv/lib/python3.9/site-packages/airflow/example_dags/example_skip_dag.py
[2023-12-27T12:42:37.641+0545] {processor.py:840} INFO - DAG(s) 'example_skip_dag' retrieved from /home/sarita/Documents/apache-airflow-project/.venv/lib/python3.9/site-packages/airflow/example_dags/example_skip_dag.py
[2023-12-27T12:42:37.653+0545] {logging_mixin.py:188} INFO - [2023-12-27T12:42:37.653+0545] {dag.py:3033} INFO - Sync 1 DAGs
[2023-12-27T12:42:37.670+0545] {logging_mixin.py:188} INFO - [2023-12-27T12:42:37.670+0545] {dag.py:3820} INFO - Setting next_dagrun for example_skip_dag to 2023-12-26T00:00:00+00:00, run_after=2023-12-27T00:00:00+00:00
[2023-12-27T12:42:37.689+0545] {processor.py:183} INFO - Processing /home/sarita/Documents/apache-airflow-project/.venv/lib/python3.9/site-packages/airflow/example_dags/example_skip_dag.py took 0.057 seconds
[2023-12-27T12:45:22.832+0545] {processor.py:161} INFO - Started process (PID=17048) to work on /home/sarita/Documents/apache-airflow-project/.venv/lib/python3.9/site-packages/airflow/example_dags/example_skip_dag.py
[2023-12-27T12:45:22.833+0545] {processor.py:830} INFO - Processing file /home/sarita/Documents/apache-airflow-project/.venv/lib/python3.9/site-packages/airflow/example_dags/example_skip_dag.py for tasks to queue
[2023-12-27T12:45:22.833+0545] {logging_mixin.py:188} INFO - [2023-12-27T12:45:22.833+0545] {dagbag.py:538} INFO - Filling up the DagBag from /home/sarita/Documents/apache-airflow-project/.venv/lib/python3.9/site-packages/airflow/example_dags/example_skip_dag.py
[2023-12-27T12:45:22.839+0545] {processor.py:840} INFO - DAG(s) 'example_skip_dag' retrieved from /home/sarita/Documents/apache-airflow-project/.venv/lib/python3.9/site-packages/airflow/example_dags/example_skip_dag.py
[2023-12-27T12:45:22.857+0545] {logging_mixin.py:188} INFO - [2023-12-27T12:45:22.856+0545] {dag.py:3033} INFO - Sync 1 DAGs
[2023-12-27T12:45:22.948+0545] {logging_mixin.py:188} INFO - [2023-12-27T12:45:22.948+0545] {dag.py:3820} INFO - Setting next_dagrun for example_skip_dag to 2023-12-26T00:00:00+00:00, run_after=2023-12-27T00:00:00+00:00
[2023-12-27T12:45:22.974+0545] {processor.py:183} INFO - Processing /home/sarita/Documents/apache-airflow-project/.venv/lib/python3.9/site-packages/airflow/example_dags/example_skip_dag.py took 0.144 seconds
[2023-12-27T12:52:13.847+0545] {processor.py:161} INFO - Started process (PID=17589) to work on /home/sarita/Documents/apache-airflow-project/.venv/lib/python3.9/site-packages/airflow/example_dags/example_skip_dag.py
[2023-12-27T12:52:13.851+0545] {processor.py:830} INFO - Processing file /home/sarita/Documents/apache-airflow-project/.venv/lib/python3.9/site-packages/airflow/example_dags/example_skip_dag.py for tasks to queue
[2023-12-27T12:52:13.853+0545] {logging_mixin.py:188} INFO - [2023-12-27T12:52:13.852+0545] {dagbag.py:538} INFO - Filling up the DagBag from /home/sarita/Documents/apache-airflow-project/.venv/lib/python3.9/site-packages/airflow/example_dags/example_skip_dag.py
[2023-12-27T12:52:13.877+0545] {processor.py:840} INFO - DAG(s) 'example_skip_dag' retrieved from /home/sarita/Documents/apache-airflow-project/.venv/lib/python3.9/site-packages/airflow/example_dags/example_skip_dag.py
[2023-12-27T12:52:13.898+0545] {logging_mixin.py:188} INFO - [2023-12-27T12:52:13.898+0545] {dag.py:3033} INFO - Sync 1 DAGs
[2023-12-27T12:52:13.983+0545] {logging_mixin.py:188} INFO - [2023-12-27T12:52:13.982+0545] {dag.py:3820} INFO - Setting next_dagrun for example_skip_dag to 2023-12-26T00:00:00+00:00, run_after=2023-12-27T00:00:00+00:00
[2023-12-27T12:52:14.001+0545] {processor.py:183} INFO - Processing /home/sarita/Documents/apache-airflow-project/.venv/lib/python3.9/site-packages/airflow/example_dags/example_skip_dag.py took 0.161 seconds
[2023-12-27T12:53:05.238+0545] {processor.py:161} INFO - Started process (PID=17677) to work on /home/sarita/Documents/apache-airflow-project/.venv/lib/python3.9/site-packages/airflow/example_dags/example_skip_dag.py
[2023-12-27T12:53:05.240+0545] {processor.py:830} INFO - Processing file /home/sarita/Documents/apache-airflow-project/.venv/lib/python3.9/site-packages/airflow/example_dags/example_skip_dag.py for tasks to queue
[2023-12-27T12:53:05.241+0545] {logging_mixin.py:188} INFO - [2023-12-27T12:53:05.241+0545] {dagbag.py:538} INFO - Filling up the DagBag from /home/sarita/Documents/apache-airflow-project/.venv/lib/python3.9/site-packages/airflow/example_dags/example_skip_dag.py
[2023-12-27T12:53:05.247+0545] {processor.py:840} INFO - DAG(s) 'example_skip_dag' retrieved from /home/sarita/Documents/apache-airflow-project/.venv/lib/python3.9/site-packages/airflow/example_dags/example_skip_dag.py
[2023-12-27T12:53:05.262+0545] {logging_mixin.py:188} INFO - [2023-12-27T12:53:05.262+0545] {dag.py:3033} INFO - Sync 1 DAGs
[2023-12-27T12:53:05.279+0545] {logging_mixin.py:188} INFO - [2023-12-27T12:53:05.279+0545] {dag.py:3820} INFO - Setting next_dagrun for example_skip_dag to 2023-12-26T00:00:00+00:00, run_after=2023-12-27T00:00:00+00:00
[2023-12-27T12:53:05.295+0545] {processor.py:183} INFO - Processing /home/sarita/Documents/apache-airflow-project/.venv/lib/python3.9/site-packages/airflow/example_dags/example_skip_dag.py took 0.059 seconds
[2023-12-27T12:54:27.892+0545] {processor.py:161} INFO - Started process (PID=17852) to work on /home/sarita/Documents/apache-airflow-project/.venv/lib/python3.9/site-packages/airflow/example_dags/example_skip_dag.py
[2023-12-27T12:54:27.892+0545] {processor.py:830} INFO - Processing file /home/sarita/Documents/apache-airflow-project/.venv/lib/python3.9/site-packages/airflow/example_dags/example_skip_dag.py for tasks to queue
[2023-12-27T12:54:27.893+0545] {logging_mixin.py:188} INFO - [2023-12-27T12:54:27.893+0545] {dagbag.py:538} INFO - Filling up the DagBag from /home/sarita/Documents/apache-airflow-project/.venv/lib/python3.9/site-packages/airflow/example_dags/example_skip_dag.py
[2023-12-27T12:54:27.899+0545] {processor.py:840} INFO - DAG(s) 'example_skip_dag' retrieved from /home/sarita/Documents/apache-airflow-project/.venv/lib/python3.9/site-packages/airflow/example_dags/example_skip_dag.py
[2023-12-27T12:54:27.915+0545] {logging_mixin.py:188} INFO - [2023-12-27T12:54:27.915+0545] {dag.py:3033} INFO - Sync 1 DAGs
[2023-12-27T12:54:27.994+0545] {logging_mixin.py:188} INFO - [2023-12-27T12:54:27.993+0545] {dag.py:3820} INFO - Setting next_dagrun for example_skip_dag to 2023-12-26T00:00:00+00:00, run_after=2023-12-27T00:00:00+00:00
[2023-12-27T12:54:28.011+0545] {processor.py:183} INFO - Processing /home/sarita/Documents/apache-airflow-project/.venv/lib/python3.9/site-packages/airflow/example_dags/example_skip_dag.py took 0.121 seconds
[2023-12-27T12:57:50.941+0545] {processor.py:161} INFO - Started process (PID=18045) to work on /home/sarita/Documents/apache-airflow-project/.venv/lib/python3.9/site-packages/airflow/example_dags/example_skip_dag.py
[2023-12-27T12:57:50.945+0545] {processor.py:830} INFO - Processing file /home/sarita/Documents/apache-airflow-project/.venv/lib/python3.9/site-packages/airflow/example_dags/example_skip_dag.py for tasks to queue
[2023-12-27T12:57:50.947+0545] {logging_mixin.py:188} INFO - [2023-12-27T12:57:50.946+0545] {dagbag.py:538} INFO - Filling up the DagBag from /home/sarita/Documents/apache-airflow-project/.venv/lib/python3.9/site-packages/airflow/example_dags/example_skip_dag.py
[2023-12-27T12:57:50.965+0545] {processor.py:840} INFO - DAG(s) 'example_skip_dag' retrieved from /home/sarita/Documents/apache-airflow-project/.venv/lib/python3.9/site-packages/airflow/example_dags/example_skip_dag.py
[2023-12-27T12:57:50.986+0545] {logging_mixin.py:188} INFO - [2023-12-27T12:57:50.986+0545] {dag.py:3033} INFO - Sync 1 DAGs
[2023-12-27T12:57:51.069+0545] {logging_mixin.py:188} INFO - [2023-12-27T12:57:51.069+0545] {dag.py:3820} INFO - Setting next_dagrun for example_skip_dag to 2023-12-26T00:00:00+00:00, run_after=2023-12-27T00:00:00+00:00
[2023-12-27T12:57:51.088+0545] {processor.py:183} INFO - Processing /home/sarita/Documents/apache-airflow-project/.venv/lib/python3.9/site-packages/airflow/example_dags/example_skip_dag.py took 0.154 seconds
[2023-12-27T16:15:39.198+0545] {processor.py:161} INFO - Started process (PID=24784) to work on /home/sarita/Documents/apache-airflow-project/.venv/lib/python3.9/site-packages/airflow/example_dags/example_skip_dag.py
[2023-12-27T16:15:39.200+0545] {processor.py:830} INFO - Processing file /home/sarita/Documents/apache-airflow-project/.venv/lib/python3.9/site-packages/airflow/example_dags/example_skip_dag.py for tasks to queue
[2023-12-27T16:15:39.201+0545] {logging_mixin.py:188} INFO - [2023-12-27T16:15:39.200+0545] {dagbag.py:538} INFO - Filling up the DagBag from /home/sarita/Documents/apache-airflow-project/.venv/lib/python3.9/site-packages/airflow/example_dags/example_skip_dag.py
[2023-12-27T16:15:39.207+0545] {processor.py:840} INFO - DAG(s) 'example_skip_dag' retrieved from /home/sarita/Documents/apache-airflow-project/.venv/lib/python3.9/site-packages/airflow/example_dags/example_skip_dag.py
[2023-12-27T16:15:39.223+0545] {logging_mixin.py:188} INFO - [2023-12-27T16:15:39.223+0545] {dag.py:3033} INFO - Sync 1 DAGs
[2023-12-27T16:15:39.307+0545] {logging_mixin.py:188} INFO - [2023-12-27T16:15:39.307+0545] {dag.py:3820} INFO - Setting next_dagrun for example_skip_dag to 2023-12-26T00:00:00+00:00, run_after=2023-12-27T00:00:00+00:00
[2023-12-27T16:15:39.326+0545] {processor.py:183} INFO - Processing /home/sarita/Documents/apache-airflow-project/.venv/lib/python3.9/site-packages/airflow/example_dags/example_skip_dag.py took 0.129 seconds
