[2023-12-27T09:36:54.616+0545] {processor.py:161} INFO - Started process (PID=6917) to work on /home/sarita/Documents/apache-airflow-project/.venv/lib/python3.9/site-packages/airflow/example_dags/example_sla_dag.py
[2023-12-27T09:36:54.618+0545] {processor.py:830} INFO - Processing file /home/sarita/Documents/apache-airflow-project/.venv/lib/python3.9/site-packages/airflow/example_dags/example_sla_dag.py for tasks to queue
[2023-12-27T09:36:54.620+0545] {logging_mixin.py:188} INFO - [2023-12-27T09:36:54.620+0545] {dagbag.py:538} INFO - Filling up the DagBag from /home/sarita/Documents/apache-airflow-project/.venv/lib/python3.9/site-packages/airflow/example_dags/example_sla_dag.py
[2023-12-27T09:36:54.636+0545] {processor.py:840} INFO - DAG(s) 'example_sla_dag' retrieved from /home/sarita/Documents/apache-airflow-project/.venv/lib/python3.9/site-packages/airflow/example_dags/example_sla_dag.py
[2023-12-27T09:36:54.650+0545] {logging_mixin.py:188} INFO - [2023-12-27T09:36:54.650+0545] {dag.py:3033} INFO - Sync 1 DAGs
[2023-12-27T09:36:54.668+0545] {logging_mixin.py:188} INFO - [2023-12-27T09:36:54.668+0545] {dag.py:3820} INFO - Setting next_dagrun for example_sla_dag to 2023-12-27T03:48:00+00:00, run_after=2023-12-27T03:50:00+00:00
[2023-12-27T09:36:54.698+0545] {processor.py:183} INFO - Processing /home/sarita/Documents/apache-airflow-project/.venv/lib/python3.9/site-packages/airflow/example_dags/example_sla_dag.py took 0.088 seconds
[2023-12-27T09:37:41.034+0545] {processor.py:161} INFO - Started process (PID=6973) to work on /home/sarita/Documents/apache-airflow-project/.venv/lib/python3.9/site-packages/airflow/example_dags/example_sla_dag.py
[2023-12-27T09:37:41.037+0545] {processor.py:830} INFO - Processing file /home/sarita/Documents/apache-airflow-project/.venv/lib/python3.9/site-packages/airflow/example_dags/example_sla_dag.py for tasks to queue
[2023-12-27T09:37:41.040+0545] {logging_mixin.py:188} INFO - [2023-12-27T09:37:41.039+0545] {dagbag.py:538} INFO - Filling up the DagBag from /home/sarita/Documents/apache-airflow-project/.venv/lib/python3.9/site-packages/airflow/example_dags/example_sla_dag.py
[2023-12-27T09:37:41.054+0545] {processor.py:840} INFO - DAG(s) 'example_sla_dag' retrieved from /home/sarita/Documents/apache-airflow-project/.venv/lib/python3.9/site-packages/airflow/example_dags/example_sla_dag.py
[2023-12-27T09:37:41.067+0545] {logging_mixin.py:188} INFO - [2023-12-27T09:37:41.067+0545] {dag.py:3033} INFO - Sync 1 DAGs
[2023-12-27T09:37:41.085+0545] {logging_mixin.py:188} INFO - [2023-12-27T09:37:41.085+0545] {dag.py:3820} INFO - Setting next_dagrun for example_sla_dag to 2023-12-27T03:50:00+00:00, run_after=2023-12-27T03:52:00+00:00
[2023-12-27T09:37:41.111+0545] {processor.py:183} INFO - Processing /home/sarita/Documents/apache-airflow-project/.venv/lib/python3.9/site-packages/airflow/example_dags/example_sla_dag.py took 0.085 seconds
[2023-12-27T09:38:29.936+0545] {processor.py:161} INFO - Started process (PID=7042) to work on /home/sarita/Documents/apache-airflow-project/.venv/lib/python3.9/site-packages/airflow/example_dags/example_sla_dag.py
[2023-12-27T09:38:29.939+0545] {processor.py:830} INFO - Processing file /home/sarita/Documents/apache-airflow-project/.venv/lib/python3.9/site-packages/airflow/example_dags/example_sla_dag.py for tasks to queue
[2023-12-27T09:38:29.939+0545] {logging_mixin.py:188} INFO - [2023-12-27T09:38:29.939+0545] {dagbag.py:538} INFO - Filling up the DagBag from /home/sarita/Documents/apache-airflow-project/.venv/lib/python3.9/site-packages/airflow/example_dags/example_sla_dag.py
[2023-12-27T09:38:29.947+0545] {processor.py:840} INFO - DAG(s) 'example_sla_dag' retrieved from /home/sarita/Documents/apache-airflow-project/.venv/lib/python3.9/site-packages/airflow/example_dags/example_sla_dag.py
[2023-12-27T09:38:29.958+0545] {logging_mixin.py:188} INFO - [2023-12-27T09:38:29.958+0545] {dag.py:3033} INFO - Sync 1 DAGs
[2023-12-27T09:38:29.976+0545] {logging_mixin.py:188} INFO - [2023-12-27T09:38:29.976+0545] {dag.py:3820} INFO - Setting next_dagrun for example_sla_dag to 2023-12-27T03:50:00+00:00, run_after=2023-12-27T03:52:00+00:00
[2023-12-27T09:38:29.994+0545] {processor.py:183} INFO - Processing /home/sarita/Documents/apache-airflow-project/.venv/lib/python3.9/site-packages/airflow/example_dags/example_sla_dag.py took 0.060 seconds
[2023-12-27T09:39:24.759+0545] {processor.py:161} INFO - Started process (PID=7155) to work on /home/sarita/Documents/apache-airflow-project/.venv/lib/python3.9/site-packages/airflow/example_dags/example_sla_dag.py
[2023-12-27T09:39:24.761+0545] {processor.py:830} INFO - Processing file /home/sarita/Documents/apache-airflow-project/.venv/lib/python3.9/site-packages/airflow/example_dags/example_sla_dag.py for tasks to queue
[2023-12-27T09:39:24.762+0545] {logging_mixin.py:188} INFO - [2023-12-27T09:39:24.761+0545] {dagbag.py:538} INFO - Filling up the DagBag from /home/sarita/Documents/apache-airflow-project/.venv/lib/python3.9/site-packages/airflow/example_dags/example_sla_dag.py
[2023-12-27T09:39:24.769+0545] {processor.py:840} INFO - DAG(s) 'example_sla_dag' retrieved from /home/sarita/Documents/apache-airflow-project/.venv/lib/python3.9/site-packages/airflow/example_dags/example_sla_dag.py
[2023-12-27T09:39:24.782+0545] {logging_mixin.py:188} INFO - [2023-12-27T09:39:24.782+0545] {dag.py:3033} INFO - Sync 1 DAGs
[2023-12-27T09:39:24.806+0545] {logging_mixin.py:188} INFO - [2023-12-27T09:39:24.805+0545] {dag.py:3820} INFO - Setting next_dagrun for example_sla_dag to 2023-12-27T03:52:00+00:00, run_after=2023-12-27T03:54:00+00:00
[2023-12-27T09:39:24.824+0545] {processor.py:183} INFO - Processing /home/sarita/Documents/apache-airflow-project/.venv/lib/python3.9/site-packages/airflow/example_dags/example_sla_dag.py took 0.067 seconds
[2023-12-27T09:40:21.961+0545] {processor.py:161} INFO - Started process (PID=7260) to work on /home/sarita/Documents/apache-airflow-project/.venv/lib/python3.9/site-packages/airflow/example_dags/example_sla_dag.py
[2023-12-27T09:40:21.964+0545] {processor.py:830} INFO - Processing file /home/sarita/Documents/apache-airflow-project/.venv/lib/python3.9/site-packages/airflow/example_dags/example_sla_dag.py for tasks to queue
[2023-12-27T09:40:21.967+0545] {logging_mixin.py:188} INFO - [2023-12-27T09:40:21.966+0545] {dagbag.py:538} INFO - Filling up the DagBag from /home/sarita/Documents/apache-airflow-project/.venv/lib/python3.9/site-packages/airflow/example_dags/example_sla_dag.py
[2023-12-27T09:40:21.989+0545] {processor.py:840} INFO - DAG(s) 'example_sla_dag' retrieved from /home/sarita/Documents/apache-airflow-project/.venv/lib/python3.9/site-packages/airflow/example_dags/example_sla_dag.py
[2023-12-27T09:40:22.008+0545] {logging_mixin.py:188} INFO - [2023-12-27T09:40:22.008+0545] {dag.py:3033} INFO - Sync 1 DAGs
[2023-12-27T09:40:22.029+0545] {logging_mixin.py:188} INFO - [2023-12-27T09:40:22.028+0545] {dag.py:3820} INFO - Setting next_dagrun for example_sla_dag to 2023-12-27T03:52:00+00:00, run_after=2023-12-27T03:54:00+00:00
[2023-12-27T09:40:22.047+0545] {processor.py:183} INFO - Processing /home/sarita/Documents/apache-airflow-project/.venv/lib/python3.9/site-packages/airflow/example_dags/example_sla_dag.py took 0.094 seconds
[2023-12-27T09:41:12.315+0545] {processor.py:161} INFO - Started process (PID=7514) to work on /home/sarita/Documents/apache-airflow-project/.venv/lib/python3.9/site-packages/airflow/example_dags/example_sla_dag.py
[2023-12-27T09:41:12.318+0545] {processor.py:830} INFO - Processing file /home/sarita/Documents/apache-airflow-project/.venv/lib/python3.9/site-packages/airflow/example_dags/example_sla_dag.py for tasks to queue
[2023-12-27T09:41:12.320+0545] {logging_mixin.py:188} INFO - [2023-12-27T09:41:12.320+0545] {dagbag.py:538} INFO - Filling up the DagBag from /home/sarita/Documents/apache-airflow-project/.venv/lib/python3.9/site-packages/airflow/example_dags/example_sla_dag.py
[2023-12-27T09:41:12.332+0545] {processor.py:840} INFO - DAG(s) 'example_sla_dag' retrieved from /home/sarita/Documents/apache-airflow-project/.venv/lib/python3.9/site-packages/airflow/example_dags/example_sla_dag.py
[2023-12-27T09:41:12.345+0545] {logging_mixin.py:188} INFO - [2023-12-27T09:41:12.345+0545] {dag.py:3033} INFO - Sync 1 DAGs
[2023-12-27T09:41:12.362+0545] {logging_mixin.py:188} INFO - [2023-12-27T09:41:12.362+0545] {dag.py:3820} INFO - Setting next_dagrun for example_sla_dag to 2023-12-27T03:54:00+00:00, run_after=2023-12-27T03:56:00+00:00
[2023-12-27T09:41:12.379+0545] {processor.py:183} INFO - Processing /home/sarita/Documents/apache-airflow-project/.venv/lib/python3.9/site-packages/airflow/example_dags/example_sla_dag.py took 0.073 seconds
[2023-12-27T09:42:10.210+0545] {processor.py:161} INFO - Started process (PID=7747) to work on /home/sarita/Documents/apache-airflow-project/.venv/lib/python3.9/site-packages/airflow/example_dags/example_sla_dag.py
[2023-12-27T09:42:10.213+0545] {processor.py:830} INFO - Processing file /home/sarita/Documents/apache-airflow-project/.venv/lib/python3.9/site-packages/airflow/example_dags/example_sla_dag.py for tasks to queue
[2023-12-27T09:42:10.214+0545] {logging_mixin.py:188} INFO - [2023-12-27T09:42:10.214+0545] {dagbag.py:538} INFO - Filling up the DagBag from /home/sarita/Documents/apache-airflow-project/.venv/lib/python3.9/site-packages/airflow/example_dags/example_sla_dag.py
[2023-12-27T09:42:10.225+0545] {processor.py:840} INFO - DAG(s) 'example_sla_dag' retrieved from /home/sarita/Documents/apache-airflow-project/.venv/lib/python3.9/site-packages/airflow/example_dags/example_sla_dag.py
[2023-12-27T09:42:10.237+0545] {logging_mixin.py:188} INFO - [2023-12-27T09:42:10.237+0545] {dag.py:3033} INFO - Sync 1 DAGs
[2023-12-27T09:42:10.255+0545] {logging_mixin.py:188} INFO - [2023-12-27T09:42:10.255+0545] {dag.py:3820} INFO - Setting next_dagrun for example_sla_dag to 2023-12-27T03:54:00+00:00, run_after=2023-12-27T03:56:00+00:00
[2023-12-27T09:42:10.272+0545] {processor.py:183} INFO - Processing /home/sarita/Documents/apache-airflow-project/.venv/lib/python3.9/site-packages/airflow/example_dags/example_sla_dag.py took 0.069 seconds
[2023-12-27T09:43:02.158+0545] {processor.py:161} INFO - Started process (PID=7836) to work on /home/sarita/Documents/apache-airflow-project/.venv/lib/python3.9/site-packages/airflow/example_dags/example_sla_dag.py
[2023-12-27T09:43:02.161+0545] {processor.py:830} INFO - Processing file /home/sarita/Documents/apache-airflow-project/.venv/lib/python3.9/site-packages/airflow/example_dags/example_sla_dag.py for tasks to queue
[2023-12-27T09:43:02.164+0545] {logging_mixin.py:188} INFO - [2023-12-27T09:43:02.163+0545] {dagbag.py:538} INFO - Filling up the DagBag from /home/sarita/Documents/apache-airflow-project/.venv/lib/python3.9/site-packages/airflow/example_dags/example_sla_dag.py
[2023-12-27T09:43:02.179+0545] {processor.py:840} INFO - DAG(s) 'example_sla_dag' retrieved from /home/sarita/Documents/apache-airflow-project/.venv/lib/python3.9/site-packages/airflow/example_dags/example_sla_dag.py
[2023-12-27T09:43:02.192+0545] {logging_mixin.py:188} INFO - [2023-12-27T09:43:02.192+0545] {dag.py:3033} INFO - Sync 1 DAGs
[2023-12-27T09:43:02.210+0545] {logging_mixin.py:188} INFO - [2023-12-27T09:43:02.210+0545] {dag.py:3820} INFO - Setting next_dagrun for example_sla_dag to 2023-12-27T03:56:00+00:00, run_after=2023-12-27T03:58:00+00:00
[2023-12-27T09:43:02.239+0545] {processor.py:183} INFO - Processing /home/sarita/Documents/apache-airflow-project/.venv/lib/python3.9/site-packages/airflow/example_dags/example_sla_dag.py took 0.089 seconds
[2023-12-27T09:43:55.601+0545] {processor.py:161} INFO - Started process (PID=7910) to work on /home/sarita/Documents/apache-airflow-project/.venv/lib/python3.9/site-packages/airflow/example_dags/example_sla_dag.py
[2023-12-27T09:43:55.603+0545] {processor.py:830} INFO - Processing file /home/sarita/Documents/apache-airflow-project/.venv/lib/python3.9/site-packages/airflow/example_dags/example_sla_dag.py for tasks to queue
[2023-12-27T09:43:55.604+0545] {logging_mixin.py:188} INFO - [2023-12-27T09:43:55.603+0545] {dagbag.py:538} INFO - Filling up the DagBag from /home/sarita/Documents/apache-airflow-project/.venv/lib/python3.9/site-packages/airflow/example_dags/example_sla_dag.py
[2023-12-27T09:43:55.610+0545] {processor.py:840} INFO - DAG(s) 'example_sla_dag' retrieved from /home/sarita/Documents/apache-airflow-project/.venv/lib/python3.9/site-packages/airflow/example_dags/example_sla_dag.py
[2023-12-27T09:43:55.620+0545] {logging_mixin.py:188} INFO - [2023-12-27T09:43:55.620+0545] {dag.py:3033} INFO - Sync 1 DAGs
[2023-12-27T09:43:55.638+0545] {logging_mixin.py:188} INFO - [2023-12-27T09:43:55.637+0545] {dag.py:3820} INFO - Setting next_dagrun for example_sla_dag to 2023-12-27T03:56:00+00:00, run_after=2023-12-27T03:58:00+00:00
[2023-12-27T09:43:55.655+0545] {processor.py:183} INFO - Processing /home/sarita/Documents/apache-airflow-project/.venv/lib/python3.9/site-packages/airflow/example_dags/example_sla_dag.py took 0.056 seconds
[2023-12-27T09:44:50.781+0545] {processor.py:161} INFO - Started process (PID=7985) to work on /home/sarita/Documents/apache-airflow-project/.venv/lib/python3.9/site-packages/airflow/example_dags/example_sla_dag.py
[2023-12-27T09:44:50.783+0545] {processor.py:830} INFO - Processing file /home/sarita/Documents/apache-airflow-project/.venv/lib/python3.9/site-packages/airflow/example_dags/example_sla_dag.py for tasks to queue
[2023-12-27T09:44:50.784+0545] {logging_mixin.py:188} INFO - [2023-12-27T09:44:50.784+0545] {dagbag.py:538} INFO - Filling up the DagBag from /home/sarita/Documents/apache-airflow-project/.venv/lib/python3.9/site-packages/airflow/example_dags/example_sla_dag.py
[2023-12-27T09:44:50.795+0545] {processor.py:840} INFO - DAG(s) 'example_sla_dag' retrieved from /home/sarita/Documents/apache-airflow-project/.venv/lib/python3.9/site-packages/airflow/example_dags/example_sla_dag.py
[2023-12-27T09:44:50.807+0545] {logging_mixin.py:188} INFO - [2023-12-27T09:44:50.807+0545] {dag.py:3033} INFO - Sync 1 DAGs
[2023-12-27T09:44:50.825+0545] {logging_mixin.py:188} INFO - [2023-12-27T09:44:50.825+0545] {dag.py:3820} INFO - Setting next_dagrun for example_sla_dag to 2023-12-27T03:56:00+00:00, run_after=2023-12-27T03:58:00+00:00
[2023-12-27T09:44:50.842+0545] {processor.py:183} INFO - Processing /home/sarita/Documents/apache-airflow-project/.venv/lib/python3.9/site-packages/airflow/example_dags/example_sla_dag.py took 0.065 seconds
[2023-12-27T09:45:47.637+0545] {processor.py:161} INFO - Started process (PID=8447) to work on /home/sarita/Documents/apache-airflow-project/.venv/lib/python3.9/site-packages/airflow/example_dags/example_sla_dag.py
[2023-12-27T09:45:47.639+0545] {processor.py:830} INFO - Processing file /home/sarita/Documents/apache-airflow-project/.venv/lib/python3.9/site-packages/airflow/example_dags/example_sla_dag.py for tasks to queue
[2023-12-27T09:45:47.640+0545] {logging_mixin.py:188} INFO - [2023-12-27T09:45:47.639+0545] {dagbag.py:538} INFO - Filling up the DagBag from /home/sarita/Documents/apache-airflow-project/.venv/lib/python3.9/site-packages/airflow/example_dags/example_sla_dag.py
[2023-12-27T09:45:47.647+0545] {processor.py:840} INFO - DAG(s) 'example_sla_dag' retrieved from /home/sarita/Documents/apache-airflow-project/.venv/lib/python3.9/site-packages/airflow/example_dags/example_sla_dag.py
[2023-12-27T09:45:47.660+0545] {logging_mixin.py:188} INFO - [2023-12-27T09:45:47.660+0545] {dag.py:3033} INFO - Sync 1 DAGs
[2023-12-27T09:45:47.678+0545] {logging_mixin.py:188} INFO - [2023-12-27T09:45:47.678+0545] {dag.py:3820} INFO - Setting next_dagrun for example_sla_dag to 2023-12-27T03:58:00+00:00, run_after=2023-12-27T04:00:00+00:00
[2023-12-27T09:45:47.695+0545] {processor.py:183} INFO - Processing /home/sarita/Documents/apache-airflow-project/.venv/lib/python3.9/site-packages/airflow/example_dags/example_sla_dag.py took 0.060 seconds
[2023-12-27T09:46:39.742+0545] {processor.py:161} INFO - Started process (PID=8513) to work on /home/sarita/Documents/apache-airflow-project/.venv/lib/python3.9/site-packages/airflow/example_dags/example_sla_dag.py
[2023-12-27T09:46:39.745+0545] {processor.py:830} INFO - Processing file /home/sarita/Documents/apache-airflow-project/.venv/lib/python3.9/site-packages/airflow/example_dags/example_sla_dag.py for tasks to queue
[2023-12-27T09:46:39.747+0545] {logging_mixin.py:188} INFO - [2023-12-27T09:46:39.746+0545] {dagbag.py:538} INFO - Filling up the DagBag from /home/sarita/Documents/apache-airflow-project/.venv/lib/python3.9/site-packages/airflow/example_dags/example_sla_dag.py
[2023-12-27T09:46:39.761+0545] {processor.py:840} INFO - DAG(s) 'example_sla_dag' retrieved from /home/sarita/Documents/apache-airflow-project/.venv/lib/python3.9/site-packages/airflow/example_dags/example_sla_dag.py
[2023-12-27T09:46:39.775+0545] {logging_mixin.py:188} INFO - [2023-12-27T09:46:39.775+0545] {dag.py:3033} INFO - Sync 1 DAGs
[2023-12-27T09:46:39.793+0545] {logging_mixin.py:188} INFO - [2023-12-27T09:46:39.793+0545] {dag.py:3820} INFO - Setting next_dagrun for example_sla_dag to 2023-12-27T03:58:00+00:00, run_after=2023-12-27T04:00:00+00:00
[2023-12-27T09:46:39.811+0545] {processor.py:183} INFO - Processing /home/sarita/Documents/apache-airflow-project/.venv/lib/python3.9/site-packages/airflow/example_dags/example_sla_dag.py took 0.073 seconds
[2023-12-27T09:47:38.848+0545] {processor.py:161} INFO - Started process (PID=8573) to work on /home/sarita/Documents/apache-airflow-project/.venv/lib/python3.9/site-packages/airflow/example_dags/example_sla_dag.py
[2023-12-27T09:47:38.851+0545] {processor.py:830} INFO - Processing file /home/sarita/Documents/apache-airflow-project/.venv/lib/python3.9/site-packages/airflow/example_dags/example_sla_dag.py for tasks to queue
[2023-12-27T09:47:38.855+0545] {logging_mixin.py:188} INFO - [2023-12-27T09:47:38.854+0545] {dagbag.py:538} INFO - Filling up the DagBag from /home/sarita/Documents/apache-airflow-project/.venv/lib/python3.9/site-packages/airflow/example_dags/example_sla_dag.py
[2023-12-27T09:47:38.870+0545] {processor.py:840} INFO - DAG(s) 'example_sla_dag' retrieved from /home/sarita/Documents/apache-airflow-project/.venv/lib/python3.9/site-packages/airflow/example_dags/example_sla_dag.py
[2023-12-27T09:47:38.884+0545] {logging_mixin.py:188} INFO - [2023-12-27T09:47:38.883+0545] {dag.py:3033} INFO - Sync 1 DAGs
[2023-12-27T09:47:38.902+0545] {logging_mixin.py:188} INFO - [2023-12-27T09:47:38.902+0545] {dag.py:3820} INFO - Setting next_dagrun for example_sla_dag to 2023-12-27T04:00:00+00:00, run_after=2023-12-27T04:02:00+00:00
[2023-12-27T09:47:38.920+0545] {processor.py:183} INFO - Processing /home/sarita/Documents/apache-airflow-project/.venv/lib/python3.9/site-packages/airflow/example_dags/example_sla_dag.py took 0.080 seconds
[2023-12-27T09:48:36.015+0545] {processor.py:161} INFO - Started process (PID=8658) to work on /home/sarita/Documents/apache-airflow-project/.venv/lib/python3.9/site-packages/airflow/example_dags/example_sla_dag.py
[2023-12-27T09:48:36.018+0545] {processor.py:830} INFO - Processing file /home/sarita/Documents/apache-airflow-project/.venv/lib/python3.9/site-packages/airflow/example_dags/example_sla_dag.py for tasks to queue
[2023-12-27T09:48:36.021+0545] {logging_mixin.py:188} INFO - [2023-12-27T09:48:36.020+0545] {dagbag.py:538} INFO - Filling up the DagBag from /home/sarita/Documents/apache-airflow-project/.venv/lib/python3.9/site-packages/airflow/example_dags/example_sla_dag.py
[2023-12-27T09:48:36.038+0545] {processor.py:840} INFO - DAG(s) 'example_sla_dag' retrieved from /home/sarita/Documents/apache-airflow-project/.venv/lib/python3.9/site-packages/airflow/example_dags/example_sla_dag.py
[2023-12-27T09:48:36.052+0545] {logging_mixin.py:188} INFO - [2023-12-27T09:48:36.051+0545] {dag.py:3033} INFO - Sync 1 DAGs
[2023-12-27T09:48:36.071+0545] {logging_mixin.py:188} INFO - [2023-12-27T09:48:36.070+0545] {dag.py:3820} INFO - Setting next_dagrun for example_sla_dag to 2023-12-27T04:00:00+00:00, run_after=2023-12-27T04:02:00+00:00
[2023-12-27T09:48:36.090+0545] {processor.py:183} INFO - Processing /home/sarita/Documents/apache-airflow-project/.venv/lib/python3.9/site-packages/airflow/example_dags/example_sla_dag.py took 0.084 seconds
[2023-12-27T09:49:29.807+0545] {processor.py:161} INFO - Started process (PID=8714) to work on /home/sarita/Documents/apache-airflow-project/.venv/lib/python3.9/site-packages/airflow/example_dags/example_sla_dag.py
[2023-12-27T09:49:29.811+0545] {processor.py:830} INFO - Processing file /home/sarita/Documents/apache-airflow-project/.venv/lib/python3.9/site-packages/airflow/example_dags/example_sla_dag.py for tasks to queue
[2023-12-27T09:49:29.813+0545] {logging_mixin.py:188} INFO - [2023-12-27T09:49:29.812+0545] {dagbag.py:538} INFO - Filling up the DagBag from /home/sarita/Documents/apache-airflow-project/.venv/lib/python3.9/site-packages/airflow/example_dags/example_sla_dag.py
[2023-12-27T09:49:29.832+0545] {processor.py:840} INFO - DAG(s) 'example_sla_dag' retrieved from /home/sarita/Documents/apache-airflow-project/.venv/lib/python3.9/site-packages/airflow/example_dags/example_sla_dag.py
[2023-12-27T09:49:29.847+0545] {logging_mixin.py:188} INFO - [2023-12-27T09:49:29.847+0545] {dag.py:3033} INFO - Sync 1 DAGs
[2023-12-27T09:49:29.865+0545] {logging_mixin.py:188} INFO - [2023-12-27T09:49:29.865+0545] {dag.py:3820} INFO - Setting next_dagrun for example_sla_dag to 2023-12-27T04:02:00+00:00, run_after=2023-12-27T04:04:00+00:00
[2023-12-27T09:49:29.883+0545] {processor.py:183} INFO - Processing /home/sarita/Documents/apache-airflow-project/.venv/lib/python3.9/site-packages/airflow/example_dags/example_sla_dag.py took 0.082 seconds
[2023-12-27T09:50:27.678+0545] {processor.py:161} INFO - Started process (PID=8786) to work on /home/sarita/Documents/apache-airflow-project/.venv/lib/python3.9/site-packages/airflow/example_dags/example_sla_dag.py
[2023-12-27T09:50:27.682+0545] {processor.py:830} INFO - Processing file /home/sarita/Documents/apache-airflow-project/.venv/lib/python3.9/site-packages/airflow/example_dags/example_sla_dag.py for tasks to queue
[2023-12-27T09:50:27.684+0545] {logging_mixin.py:188} INFO - [2023-12-27T09:50:27.683+0545] {dagbag.py:538} INFO - Filling up the DagBag from /home/sarita/Documents/apache-airflow-project/.venv/lib/python3.9/site-packages/airflow/example_dags/example_sla_dag.py
[2023-12-27T09:50:27.701+0545] {processor.py:840} INFO - DAG(s) 'example_sla_dag' retrieved from /home/sarita/Documents/apache-airflow-project/.venv/lib/python3.9/site-packages/airflow/example_dags/example_sla_dag.py
[2023-12-27T09:50:27.716+0545] {logging_mixin.py:188} INFO - [2023-12-27T09:50:27.715+0545] {dag.py:3033} INFO - Sync 1 DAGs
[2023-12-27T09:50:27.733+0545] {logging_mixin.py:188} INFO - [2023-12-27T09:50:27.733+0545] {dag.py:3820} INFO - Setting next_dagrun for example_sla_dag to 2023-12-27T04:02:00+00:00, run_after=2023-12-27T04:04:00+00:00
[2023-12-27T09:50:27.751+0545] {processor.py:183} INFO - Processing /home/sarita/Documents/apache-airflow-project/.venv/lib/python3.9/site-packages/airflow/example_dags/example_sla_dag.py took 0.081 seconds
[2023-12-27T09:51:27.590+0545] {processor.py:161} INFO - Started process (PID=8886) to work on /home/sarita/Documents/apache-airflow-project/.venv/lib/python3.9/site-packages/airflow/example_dags/example_sla_dag.py
[2023-12-27T09:51:27.593+0545] {processor.py:830} INFO - Processing file /home/sarita/Documents/apache-airflow-project/.venv/lib/python3.9/site-packages/airflow/example_dags/example_sla_dag.py for tasks to queue
[2023-12-27T09:51:27.594+0545] {logging_mixin.py:188} INFO - [2023-12-27T09:51:27.594+0545] {dagbag.py:538} INFO - Filling up the DagBag from /home/sarita/Documents/apache-airflow-project/.venv/lib/python3.9/site-packages/airflow/example_dags/example_sla_dag.py
[2023-12-27T09:51:27.603+0545] {processor.py:840} INFO - DAG(s) 'example_sla_dag' retrieved from /home/sarita/Documents/apache-airflow-project/.venv/lib/python3.9/site-packages/airflow/example_dags/example_sla_dag.py
[2023-12-27T09:51:27.614+0545] {logging_mixin.py:188} INFO - [2023-12-27T09:51:27.614+0545] {dag.py:3033} INFO - Sync 1 DAGs
[2023-12-27T09:51:27.632+0545] {logging_mixin.py:188} INFO - [2023-12-27T09:51:27.632+0545] {dag.py:3820} INFO - Setting next_dagrun for example_sla_dag to 2023-12-27T04:04:00+00:00, run_after=2023-12-27T04:06:00+00:00
[2023-12-27T09:51:27.659+0545] {processor.py:183} INFO - Processing /home/sarita/Documents/apache-airflow-project/.venv/lib/python3.9/site-packages/airflow/example_dags/example_sla_dag.py took 0.072 seconds
[2023-12-27T09:53:00.697+0545] {processor.py:161} INFO - Started process (PID=9062) to work on /home/sarita/Documents/apache-airflow-project/.venv/lib/python3.9/site-packages/airflow/example_dags/example_sla_dag.py
[2023-12-27T09:53:00.700+0545] {processor.py:830} INFO - Processing file /home/sarita/Documents/apache-airflow-project/.venv/lib/python3.9/site-packages/airflow/example_dags/example_sla_dag.py for tasks to queue
[2023-12-27T09:53:00.703+0545] {logging_mixin.py:188} INFO - [2023-12-27T09:53:00.702+0545] {dagbag.py:538} INFO - Filling up the DagBag from /home/sarita/Documents/apache-airflow-project/.venv/lib/python3.9/site-packages/airflow/example_dags/example_sla_dag.py
[2023-12-27T09:53:00.719+0545] {processor.py:840} INFO - DAG(s) 'example_sla_dag' retrieved from /home/sarita/Documents/apache-airflow-project/.venv/lib/python3.9/site-packages/airflow/example_dags/example_sla_dag.py
[2023-12-27T09:53:00.733+0545] {logging_mixin.py:188} INFO - [2023-12-27T09:53:00.733+0545] {dag.py:3033} INFO - Sync 1 DAGs
[2023-12-27T09:53:00.750+0545] {logging_mixin.py:188} INFO - [2023-12-27T09:53:00.750+0545] {dag.py:3820} INFO - Setting next_dagrun for example_sla_dag to 2023-12-27T04:06:00+00:00, run_after=2023-12-27T04:08:00+00:00
[2023-12-27T09:53:00.768+0545] {processor.py:183} INFO - Processing /home/sarita/Documents/apache-airflow-project/.venv/lib/python3.9/site-packages/airflow/example_dags/example_sla_dag.py took 0.079 seconds
[2023-12-27T12:16:46.019+0545] {processor.py:161} INFO - Started process (PID=13361) to work on /home/sarita/Documents/apache-airflow-project/.venv/lib/python3.9/site-packages/airflow/example_dags/example_sla_dag.py
[2023-12-27T12:16:46.020+0545] {processor.py:830} INFO - Processing file /home/sarita/Documents/apache-airflow-project/.venv/lib/python3.9/site-packages/airflow/example_dags/example_sla_dag.py for tasks to queue
[2023-12-27T12:16:46.020+0545] {logging_mixin.py:188} INFO - [2023-12-27T12:16:46.020+0545] {dagbag.py:538} INFO - Filling up the DagBag from /home/sarita/Documents/apache-airflow-project/.venv/lib/python3.9/site-packages/airflow/example_dags/example_sla_dag.py
[2023-12-27T12:16:46.026+0545] {processor.py:840} INFO - DAG(s) 'example_sla_dag' retrieved from /home/sarita/Documents/apache-airflow-project/.venv/lib/python3.9/site-packages/airflow/example_dags/example_sla_dag.py
[2023-12-27T12:16:46.037+0545] {logging_mixin.py:188} INFO - [2023-12-27T12:16:46.037+0545] {dag.py:3033} INFO - Sync 1 DAGs
[2023-12-27T12:16:46.055+0545] {logging_mixin.py:188} INFO - [2023-12-27T12:16:46.055+0545] {dag.py:3820} INFO - Setting next_dagrun for example_sla_dag to 2023-12-27T06:28:00+00:00, run_after=2023-12-27T06:30:00+00:00
[2023-12-27T12:16:46.081+0545] {processor.py:183} INFO - Processing /home/sarita/Documents/apache-airflow-project/.venv/lib/python3.9/site-packages/airflow/example_dags/example_sla_dag.py took 0.064 seconds
[2023-12-27T12:21:49.519+0545] {processor.py:161} INFO - Started process (PID=13911) to work on /home/sarita/Documents/apache-airflow-project/.venv/lib/python3.9/site-packages/airflow/example_dags/example_sla_dag.py
[2023-12-27T12:21:49.519+0545] {processor.py:830} INFO - Processing file /home/sarita/Documents/apache-airflow-project/.venv/lib/python3.9/site-packages/airflow/example_dags/example_sla_dag.py for tasks to queue
[2023-12-27T12:21:49.520+0545] {logging_mixin.py:188} INFO - [2023-12-27T12:21:49.520+0545] {dagbag.py:538} INFO - Filling up the DagBag from /home/sarita/Documents/apache-airflow-project/.venv/lib/python3.9/site-packages/airflow/example_dags/example_sla_dag.py
[2023-12-27T12:21:49.526+0545] {processor.py:840} INFO - DAG(s) 'example_sla_dag' retrieved from /home/sarita/Documents/apache-airflow-project/.venv/lib/python3.9/site-packages/airflow/example_dags/example_sla_dag.py
[2023-12-27T12:21:49.537+0545] {logging_mixin.py:188} INFO - [2023-12-27T12:21:49.537+0545] {dag.py:3033} INFO - Sync 1 DAGs
[2023-12-27T12:21:49.553+0545] {logging_mixin.py:188} INFO - [2023-12-27T12:21:49.553+0545] {dag.py:3820} INFO - Setting next_dagrun for example_sla_dag to 2023-12-27T06:34:00+00:00, run_after=2023-12-27T06:36:00+00:00
[2023-12-27T12:21:49.570+0545] {processor.py:183} INFO - Processing /home/sarita/Documents/apache-airflow-project/.venv/lib/python3.9/site-packages/airflow/example_dags/example_sla_dag.py took 0.053 seconds
[2023-12-27T12:39:30.350+0545] {processor.py:161} INFO - Started process (PID=15386) to work on /home/sarita/Documents/apache-airflow-project/.venv/lib/python3.9/site-packages/airflow/example_dags/example_sla_dag.py
[2023-12-27T12:39:30.356+0545] {processor.py:830} INFO - Processing file /home/sarita/Documents/apache-airflow-project/.venv/lib/python3.9/site-packages/airflow/example_dags/example_sla_dag.py for tasks to queue
[2023-12-27T12:39:30.358+0545] {logging_mixin.py:188} INFO - [2023-12-27T12:39:30.357+0545] {dagbag.py:538} INFO - Filling up the DagBag from /home/sarita/Documents/apache-airflow-project/.venv/lib/python3.9/site-packages/airflow/example_dags/example_sla_dag.py
[2023-12-27T12:39:30.374+0545] {processor.py:840} INFO - DAG(s) 'example_sla_dag' retrieved from /home/sarita/Documents/apache-airflow-project/.venv/lib/python3.9/site-packages/airflow/example_dags/example_sla_dag.py
[2023-12-27T12:39:30.393+0545] {logging_mixin.py:188} INFO - [2023-12-27T12:39:30.393+0545] {dag.py:3033} INFO - Sync 1 DAGs
[2023-12-27T12:39:30.412+0545] {logging_mixin.py:188} INFO - [2023-12-27T12:39:30.412+0545] {dag.py:3820} INFO - Setting next_dagrun for example_sla_dag to 2023-12-27T06:52:00+00:00, run_after=2023-12-27T06:54:00+00:00
[2023-12-27T12:39:30.544+0545] {processor.py:183} INFO - Processing /home/sarita/Documents/apache-airflow-project/.venv/lib/python3.9/site-packages/airflow/example_dags/example_sla_dag.py took 0.199 seconds
[2023-12-27T12:43:25.239+0545] {processor.py:161} INFO - Started process (PID=16837) to work on /home/sarita/Documents/apache-airflow-project/.venv/lib/python3.9/site-packages/airflow/example_dags/example_sla_dag.py
[2023-12-27T12:43:25.239+0545] {processor.py:830} INFO - Processing file /home/sarita/Documents/apache-airflow-project/.venv/lib/python3.9/site-packages/airflow/example_dags/example_sla_dag.py for tasks to queue
[2023-12-27T12:43:25.240+0545] {logging_mixin.py:188} INFO - [2023-12-27T12:43:25.240+0545] {dagbag.py:538} INFO - Filling up the DagBag from /home/sarita/Documents/apache-airflow-project/.venv/lib/python3.9/site-packages/airflow/example_dags/example_sla_dag.py
[2023-12-27T12:43:25.248+0545] {processor.py:840} INFO - DAG(s) 'example_sla_dag' retrieved from /home/sarita/Documents/apache-airflow-project/.venv/lib/python3.9/site-packages/airflow/example_dags/example_sla_dag.py
[2023-12-27T12:43:25.258+0545] {logging_mixin.py:188} INFO - [2023-12-27T12:43:25.258+0545] {dag.py:3033} INFO - Sync 1 DAGs
[2023-12-27T12:43:25.279+0545] {logging_mixin.py:188} INFO - [2023-12-27T12:43:25.278+0545] {dag.py:3820} INFO - Setting next_dagrun for example_sla_dag to 2023-12-27T06:56:00+00:00, run_after=2023-12-27T06:58:00+00:00
[2023-12-27T12:43:25.295+0545] {processor.py:183} INFO - Processing /home/sarita/Documents/apache-airflow-project/.venv/lib/python3.9/site-packages/airflow/example_dags/example_sla_dag.py took 0.058 seconds
[2023-12-27T12:46:41.643+0545] {processor.py:161} INFO - Started process (PID=17159) to work on /home/sarita/Documents/apache-airflow-project/.venv/lib/python3.9/site-packages/airflow/example_dags/example_sla_dag.py
[2023-12-27T12:46:41.644+0545] {processor.py:830} INFO - Processing file /home/sarita/Documents/apache-airflow-project/.venv/lib/python3.9/site-packages/airflow/example_dags/example_sla_dag.py for tasks to queue
[2023-12-27T12:46:41.644+0545] {logging_mixin.py:188} INFO - [2023-12-27T12:46:41.644+0545] {dagbag.py:538} INFO - Filling up the DagBag from /home/sarita/Documents/apache-airflow-project/.venv/lib/python3.9/site-packages/airflow/example_dags/example_sla_dag.py
[2023-12-27T12:46:41.651+0545] {processor.py:840} INFO - DAG(s) 'example_sla_dag' retrieved from /home/sarita/Documents/apache-airflow-project/.venv/lib/python3.9/site-packages/airflow/example_dags/example_sla_dag.py
[2023-12-27T12:46:41.662+0545] {logging_mixin.py:188} INFO - [2023-12-27T12:46:41.662+0545] {dag.py:3033} INFO - Sync 1 DAGs
[2023-12-27T12:46:41.681+0545] {logging_mixin.py:188} INFO - [2023-12-27T12:46:41.681+0545] {dag.py:3820} INFO - Setting next_dagrun for example_sla_dag to 2023-12-27T06:58:00+00:00, run_after=2023-12-27T07:00:00+00:00
[2023-12-27T12:46:41.699+0545] {processor.py:183} INFO - Processing /home/sarita/Documents/apache-airflow-project/.venv/lib/python3.9/site-packages/airflow/example_dags/example_sla_dag.py took 0.058 seconds
[2023-12-27T12:52:34.055+0545] {processor.py:161} INFO - Started process (PID=17613) to work on /home/sarita/Documents/apache-airflow-project/.venv/lib/python3.9/site-packages/airflow/example_dags/example_sla_dag.py
[2023-12-27T12:52:34.058+0545] {processor.py:830} INFO - Processing file /home/sarita/Documents/apache-airflow-project/.venv/lib/python3.9/site-packages/airflow/example_dags/example_sla_dag.py for tasks to queue
[2023-12-27T12:52:34.061+0545] {logging_mixin.py:188} INFO - [2023-12-27T12:52:34.060+0545] {dagbag.py:538} INFO - Filling up the DagBag from /home/sarita/Documents/apache-airflow-project/.venv/lib/python3.9/site-packages/airflow/example_dags/example_sla_dag.py
[2023-12-27T12:52:34.085+0545] {processor.py:840} INFO - DAG(s) 'example_sla_dag' retrieved from /home/sarita/Documents/apache-airflow-project/.venv/lib/python3.9/site-packages/airflow/example_dags/example_sla_dag.py
[2023-12-27T12:52:34.103+0545] {logging_mixin.py:188} INFO - [2023-12-27T12:52:34.103+0545] {dag.py:3033} INFO - Sync 1 DAGs
[2023-12-27T12:52:34.122+0545] {logging_mixin.py:188} INFO - [2023-12-27T12:52:34.122+0545] {dag.py:3820} INFO - Setting next_dagrun for example_sla_dag to 2023-12-27T07:04:00+00:00, run_after=2023-12-27T07:06:00+00:00
[2023-12-27T12:52:34.140+0545] {processor.py:183} INFO - Processing /home/sarita/Documents/apache-airflow-project/.venv/lib/python3.9/site-packages/airflow/example_dags/example_sla_dag.py took 0.087 seconds
[2023-12-27T12:53:23.371+0545] {processor.py:161} INFO - Started process (PID=17720) to work on /home/sarita/Documents/apache-airflow-project/.venv/lib/python3.9/site-packages/airflow/example_dags/example_sla_dag.py
[2023-12-27T12:53:23.374+0545] {processor.py:830} INFO - Processing file /home/sarita/Documents/apache-airflow-project/.venv/lib/python3.9/site-packages/airflow/example_dags/example_sla_dag.py for tasks to queue
[2023-12-27T12:53:23.375+0545] {logging_mixin.py:188} INFO - [2023-12-27T12:53:23.374+0545] {dagbag.py:538} INFO - Filling up the DagBag from /home/sarita/Documents/apache-airflow-project/.venv/lib/python3.9/site-packages/airflow/example_dags/example_sla_dag.py
[2023-12-27T12:53:23.384+0545] {processor.py:840} INFO - DAG(s) 'example_sla_dag' retrieved from /home/sarita/Documents/apache-airflow-project/.venv/lib/python3.9/site-packages/airflow/example_dags/example_sla_dag.py
[2023-12-27T12:53:23.395+0545] {logging_mixin.py:188} INFO - [2023-12-27T12:53:23.395+0545] {dag.py:3033} INFO - Sync 1 DAGs
[2023-12-27T12:53:23.412+0545] {logging_mixin.py:188} INFO - [2023-12-27T12:53:23.412+0545] {dag.py:3820} INFO - Setting next_dagrun for example_sla_dag to 2023-12-27T07:06:00+00:00, run_after=2023-12-27T07:08:00+00:00
[2023-12-27T12:53:23.432+0545] {processor.py:183} INFO - Processing /home/sarita/Documents/apache-airflow-project/.venv/lib/python3.9/site-packages/airflow/example_dags/example_sla_dag.py took 0.065 seconds
[2023-12-27T12:58:12.032+0545] {processor.py:161} INFO - Started process (PID=18108) to work on /home/sarita/Documents/apache-airflow-project/.venv/lib/python3.9/site-packages/airflow/example_dags/example_sla_dag.py
[2023-12-27T12:58:12.035+0545] {processor.py:830} INFO - Processing file /home/sarita/Documents/apache-airflow-project/.venv/lib/python3.9/site-packages/airflow/example_dags/example_sla_dag.py for tasks to queue
[2023-12-27T12:58:12.036+0545] {logging_mixin.py:188} INFO - [2023-12-27T12:58:12.036+0545] {dagbag.py:538} INFO - Filling up the DagBag from /home/sarita/Documents/apache-airflow-project/.venv/lib/python3.9/site-packages/airflow/example_dags/example_sla_dag.py
[2023-12-27T12:58:12.049+0545] {processor.py:840} INFO - DAG(s) 'example_sla_dag' retrieved from /home/sarita/Documents/apache-airflow-project/.venv/lib/python3.9/site-packages/airflow/example_dags/example_sla_dag.py
[2023-12-27T12:58:12.064+0545] {logging_mixin.py:188} INFO - [2023-12-27T12:58:12.064+0545] {dag.py:3033} INFO - Sync 1 DAGs
[2023-12-27T12:58:12.084+0545] {logging_mixin.py:188} INFO - [2023-12-27T12:58:12.084+0545] {dag.py:3820} INFO - Setting next_dagrun for example_sla_dag to 2023-12-27T07:10:00+00:00, run_after=2023-12-27T07:12:00+00:00
[2023-12-27T12:58:12.188+0545] {processor.py:183} INFO - Processing /home/sarita/Documents/apache-airflow-project/.venv/lib/python3.9/site-packages/airflow/example_dags/example_sla_dag.py took 0.162 seconds
