[2023-12-27T09:36:59.324+0545] {processor.py:161} INFO - Started process (PID=6923) to work on /home/sarita/Documents/apache-airflow-project/.venv/lib/python3.9/site-packages/airflow/example_dags/example_setup_teardown.py
[2023-12-27T09:36:59.326+0545] {processor.py:830} INFO - Processing file /home/sarita/Documents/apache-airflow-project/.venv/lib/python3.9/site-packages/airflow/example_dags/example_setup_teardown.py for tasks to queue
[2023-12-27T09:36:59.328+0545] {logging_mixin.py:188} INFO - [2023-12-27T09:36:59.327+0545] {dagbag.py:538} INFO - Filling up the DagBag from /home/sarita/Documents/apache-airflow-project/.venv/lib/python3.9/site-packages/airflow/example_dags/example_setup_teardown.py
[2023-12-27T09:36:59.342+0545] {processor.py:840} INFO - DAG(s) 'example_setup_teardown' retrieved from /home/sarita/Documents/apache-airflow-project/.venv/lib/python3.9/site-packages/airflow/example_dags/example_setup_teardown.py
[2023-12-27T09:36:59.361+0545] {logging_mixin.py:188} INFO - [2023-12-27T09:36:59.361+0545] {dag.py:3033} INFO - Sync 1 DAGs
[2023-12-27T09:36:59.378+0545] {logging_mixin.py:188} INFO - [2023-12-27T09:36:59.378+0545] {dag.py:3820} INFO - Setting next_dagrun for example_setup_teardown to 2023-12-26T00:00:00+00:00, run_after=2023-12-27T00:00:00+00:00
[2023-12-27T09:36:59.397+0545] {processor.py:183} INFO - Processing /home/sarita/Documents/apache-airflow-project/.venv/lib/python3.9/site-packages/airflow/example_dags/example_setup_teardown.py took 0.079 seconds
[2023-12-27T09:37:46.776+0545] {processor.py:161} INFO - Started process (PID=6979) to work on /home/sarita/Documents/apache-airflow-project/.venv/lib/python3.9/site-packages/airflow/example_dags/example_setup_teardown.py
[2023-12-27T09:37:46.778+0545] {processor.py:830} INFO - Processing file /home/sarita/Documents/apache-airflow-project/.venv/lib/python3.9/site-packages/airflow/example_dags/example_setup_teardown.py for tasks to queue
[2023-12-27T09:37:46.779+0545] {logging_mixin.py:188} INFO - [2023-12-27T09:37:46.779+0545] {dagbag.py:538} INFO - Filling up the DagBag from /home/sarita/Documents/apache-airflow-project/.venv/lib/python3.9/site-packages/airflow/example_dags/example_setup_teardown.py
[2023-12-27T09:37:46.784+0545] {processor.py:840} INFO - DAG(s) 'example_setup_teardown' retrieved from /home/sarita/Documents/apache-airflow-project/.venv/lib/python3.9/site-packages/airflow/example_dags/example_setup_teardown.py
[2023-12-27T09:37:46.796+0545] {logging_mixin.py:188} INFO - [2023-12-27T09:37:46.795+0545] {dag.py:3033} INFO - Sync 1 DAGs
[2023-12-27T09:37:46.812+0545] {logging_mixin.py:188} INFO - [2023-12-27T09:37:46.812+0545] {dag.py:3820} INFO - Setting next_dagrun for example_setup_teardown to 2023-12-26T00:00:00+00:00, run_after=2023-12-27T00:00:00+00:00
[2023-12-27T09:37:46.833+0545] {processor.py:183} INFO - Processing /home/sarita/Documents/apache-airflow-project/.venv/lib/python3.9/site-packages/airflow/example_dags/example_setup_teardown.py took 0.058 seconds
[2023-12-27T09:38:41.919+0545] {processor.py:161} INFO - Started process (PID=7105) to work on /home/sarita/Documents/apache-airflow-project/.venv/lib/python3.9/site-packages/airflow/example_dags/example_setup_teardown.py
[2023-12-27T09:38:41.922+0545] {processor.py:830} INFO - Processing file /home/sarita/Documents/apache-airflow-project/.venv/lib/python3.9/site-packages/airflow/example_dags/example_setup_teardown.py for tasks to queue
[2023-12-27T09:38:41.924+0545] {logging_mixin.py:188} INFO - [2023-12-27T09:38:41.923+0545] {dagbag.py:538} INFO - Filling up the DagBag from /home/sarita/Documents/apache-airflow-project/.venv/lib/python3.9/site-packages/airflow/example_dags/example_setup_teardown.py
[2023-12-27T09:38:41.933+0545] {processor.py:840} INFO - DAG(s) 'example_setup_teardown' retrieved from /home/sarita/Documents/apache-airflow-project/.venv/lib/python3.9/site-packages/airflow/example_dags/example_setup_teardown.py
[2023-12-27T09:38:41.948+0545] {logging_mixin.py:188} INFO - [2023-12-27T09:38:41.948+0545] {dag.py:3033} INFO - Sync 1 DAGs
[2023-12-27T09:38:41.964+0545] {logging_mixin.py:188} INFO - [2023-12-27T09:38:41.964+0545] {dag.py:3820} INFO - Setting next_dagrun for example_setup_teardown to 2023-12-26T00:00:00+00:00, run_after=2023-12-27T00:00:00+00:00
[2023-12-27T09:38:41.982+0545] {processor.py:183} INFO - Processing /home/sarita/Documents/apache-airflow-project/.venv/lib/python3.9/site-packages/airflow/example_dags/example_setup_teardown.py took 0.066 seconds
[2023-12-27T09:39:36.589+0545] {processor.py:161} INFO - Started process (PID=7168) to work on /home/sarita/Documents/apache-airflow-project/.venv/lib/python3.9/site-packages/airflow/example_dags/example_setup_teardown.py
[2023-12-27T09:39:36.593+0545] {processor.py:830} INFO - Processing file /home/sarita/Documents/apache-airflow-project/.venv/lib/python3.9/site-packages/airflow/example_dags/example_setup_teardown.py for tasks to queue
[2023-12-27T09:39:36.595+0545] {logging_mixin.py:188} INFO - [2023-12-27T09:39:36.594+0545] {dagbag.py:538} INFO - Filling up the DagBag from /home/sarita/Documents/apache-airflow-project/.venv/lib/python3.9/site-packages/airflow/example_dags/example_setup_teardown.py
[2023-12-27T09:39:36.609+0545] {processor.py:840} INFO - DAG(s) 'example_setup_teardown' retrieved from /home/sarita/Documents/apache-airflow-project/.venv/lib/python3.9/site-packages/airflow/example_dags/example_setup_teardown.py
[2023-12-27T09:39:36.625+0545] {logging_mixin.py:188} INFO - [2023-12-27T09:39:36.625+0545] {dag.py:3033} INFO - Sync 1 DAGs
[2023-12-27T09:39:36.641+0545] {logging_mixin.py:188} INFO - [2023-12-27T09:39:36.641+0545] {dag.py:3820} INFO - Setting next_dagrun for example_setup_teardown to 2023-12-26T00:00:00+00:00, run_after=2023-12-27T00:00:00+00:00
[2023-12-27T09:39:36.659+0545] {processor.py:183} INFO - Processing /home/sarita/Documents/apache-airflow-project/.venv/lib/python3.9/site-packages/airflow/example_dags/example_setup_teardown.py took 0.077 seconds
[2023-12-27T09:40:32.614+0545] {processor.py:161} INFO - Started process (PID=7277) to work on /home/sarita/Documents/apache-airflow-project/.venv/lib/python3.9/site-packages/airflow/example_dags/example_setup_teardown.py
[2023-12-27T09:40:32.617+0545] {processor.py:830} INFO - Processing file /home/sarita/Documents/apache-airflow-project/.venv/lib/python3.9/site-packages/airflow/example_dags/example_setup_teardown.py for tasks to queue
[2023-12-27T09:40:32.618+0545] {logging_mixin.py:188} INFO - [2023-12-27T09:40:32.617+0545] {dagbag.py:538} INFO - Filling up the DagBag from /home/sarita/Documents/apache-airflow-project/.venv/lib/python3.9/site-packages/airflow/example_dags/example_setup_teardown.py
[2023-12-27T09:40:32.625+0545] {processor.py:840} INFO - DAG(s) 'example_setup_teardown' retrieved from /home/sarita/Documents/apache-airflow-project/.venv/lib/python3.9/site-packages/airflow/example_dags/example_setup_teardown.py
[2023-12-27T09:40:32.640+0545] {logging_mixin.py:188} INFO - [2023-12-27T09:40:32.639+0545] {dag.py:3033} INFO - Sync 1 DAGs
[2023-12-27T09:40:32.655+0545] {logging_mixin.py:188} INFO - [2023-12-27T09:40:32.655+0545] {dag.py:3820} INFO - Setting next_dagrun for example_setup_teardown to 2023-12-26T00:00:00+00:00, run_after=2023-12-27T00:00:00+00:00
[2023-12-27T09:40:32.672+0545] {processor.py:183} INFO - Processing /home/sarita/Documents/apache-airflow-project/.venv/lib/python3.9/site-packages/airflow/example_dags/example_setup_teardown.py took 0.061 seconds
[2023-12-27T09:41:26.640+0545] {processor.py:161} INFO - Started process (PID=7539) to work on /home/sarita/Documents/apache-airflow-project/.venv/lib/python3.9/site-packages/airflow/example_dags/example_setup_teardown.py
[2023-12-27T09:41:26.643+0545] {processor.py:830} INFO - Processing file /home/sarita/Documents/apache-airflow-project/.venv/lib/python3.9/site-packages/airflow/example_dags/example_setup_teardown.py for tasks to queue
[2023-12-27T09:41:26.644+0545] {logging_mixin.py:188} INFO - [2023-12-27T09:41:26.644+0545] {dagbag.py:538} INFO - Filling up the DagBag from /home/sarita/Documents/apache-airflow-project/.venv/lib/python3.9/site-packages/airflow/example_dags/example_setup_teardown.py
[2023-12-27T09:41:26.653+0545] {processor.py:840} INFO - DAG(s) 'example_setup_teardown' retrieved from /home/sarita/Documents/apache-airflow-project/.venv/lib/python3.9/site-packages/airflow/example_dags/example_setup_teardown.py
[2023-12-27T09:41:26.666+0545] {logging_mixin.py:188} INFO - [2023-12-27T09:41:26.666+0545] {dag.py:3033} INFO - Sync 1 DAGs
[2023-12-27T09:41:26.681+0545] {logging_mixin.py:188} INFO - [2023-12-27T09:41:26.681+0545] {dag.py:3820} INFO - Setting next_dagrun for example_setup_teardown to 2023-12-26T00:00:00+00:00, run_after=2023-12-27T00:00:00+00:00
[2023-12-27T09:41:26.698+0545] {processor.py:183} INFO - Processing /home/sarita/Documents/apache-airflow-project/.venv/lib/python3.9/site-packages/airflow/example_dags/example_setup_teardown.py took 0.065 seconds
[2023-12-27T09:42:15.727+0545] {processor.py:161} INFO - Started process (PID=7753) to work on /home/sarita/Documents/apache-airflow-project/.venv/lib/python3.9/site-packages/airflow/example_dags/example_setup_teardown.py
[2023-12-27T09:42:15.730+0545] {processor.py:830} INFO - Processing file /home/sarita/Documents/apache-airflow-project/.venv/lib/python3.9/site-packages/airflow/example_dags/example_setup_teardown.py for tasks to queue
[2023-12-27T09:42:15.733+0545] {logging_mixin.py:188} INFO - [2023-12-27T09:42:15.732+0545] {dagbag.py:538} INFO - Filling up the DagBag from /home/sarita/Documents/apache-airflow-project/.venv/lib/python3.9/site-packages/airflow/example_dags/example_setup_teardown.py
[2023-12-27T09:42:15.747+0545] {processor.py:840} INFO - DAG(s) 'example_setup_teardown' retrieved from /home/sarita/Documents/apache-airflow-project/.venv/lib/python3.9/site-packages/airflow/example_dags/example_setup_teardown.py
[2023-12-27T09:42:15.763+0545] {logging_mixin.py:188} INFO - [2023-12-27T09:42:15.763+0545] {dag.py:3033} INFO - Sync 1 DAGs
[2023-12-27T09:42:15.780+0545] {logging_mixin.py:188} INFO - [2023-12-27T09:42:15.780+0545] {dag.py:3820} INFO - Setting next_dagrun for example_setup_teardown to 2023-12-26T00:00:00+00:00, run_after=2023-12-27T00:00:00+00:00
[2023-12-27T09:42:15.799+0545] {processor.py:183} INFO - Processing /home/sarita/Documents/apache-airflow-project/.venv/lib/python3.9/site-packages/airflow/example_dags/example_setup_teardown.py took 0.080 seconds
[2023-12-27T09:43:06.488+0545] {processor.py:161} INFO - Started process (PID=7844) to work on /home/sarita/Documents/apache-airflow-project/.venv/lib/python3.9/site-packages/airflow/example_dags/example_setup_teardown.py
[2023-12-27T09:43:06.491+0545] {processor.py:830} INFO - Processing file /home/sarita/Documents/apache-airflow-project/.venv/lib/python3.9/site-packages/airflow/example_dags/example_setup_teardown.py for tasks to queue
[2023-12-27T09:43:06.493+0545] {logging_mixin.py:188} INFO - [2023-12-27T09:43:06.492+0545] {dagbag.py:538} INFO - Filling up the DagBag from /home/sarita/Documents/apache-airflow-project/.venv/lib/python3.9/site-packages/airflow/example_dags/example_setup_teardown.py
[2023-12-27T09:43:06.507+0545] {processor.py:840} INFO - DAG(s) 'example_setup_teardown' retrieved from /home/sarita/Documents/apache-airflow-project/.venv/lib/python3.9/site-packages/airflow/example_dags/example_setup_teardown.py
[2023-12-27T09:43:06.523+0545] {logging_mixin.py:188} INFO - [2023-12-27T09:43:06.522+0545] {dag.py:3033} INFO - Sync 1 DAGs
[2023-12-27T09:43:06.540+0545] {logging_mixin.py:188} INFO - [2023-12-27T09:43:06.540+0545] {dag.py:3820} INFO - Setting next_dagrun for example_setup_teardown to 2023-12-26T00:00:00+00:00, run_after=2023-12-27T00:00:00+00:00
[2023-12-27T09:43:06.559+0545] {processor.py:183} INFO - Processing /home/sarita/Documents/apache-airflow-project/.venv/lib/python3.9/site-packages/airflow/example_dags/example_setup_teardown.py took 0.078 seconds
[2023-12-27T09:44:01.787+0545] {processor.py:161} INFO - Started process (PID=7919) to work on /home/sarita/Documents/apache-airflow-project/.venv/lib/python3.9/site-packages/airflow/example_dags/example_setup_teardown.py
[2023-12-27T09:44:01.790+0545] {processor.py:830} INFO - Processing file /home/sarita/Documents/apache-airflow-project/.venv/lib/python3.9/site-packages/airflow/example_dags/example_setup_teardown.py for tasks to queue
[2023-12-27T09:44:01.791+0545] {logging_mixin.py:188} INFO - [2023-12-27T09:44:01.790+0545] {dagbag.py:538} INFO - Filling up the DagBag from /home/sarita/Documents/apache-airflow-project/.venv/lib/python3.9/site-packages/airflow/example_dags/example_setup_teardown.py
[2023-12-27T09:44:01.803+0545] {processor.py:840} INFO - DAG(s) 'example_setup_teardown' retrieved from /home/sarita/Documents/apache-airflow-project/.venv/lib/python3.9/site-packages/airflow/example_dags/example_setup_teardown.py
[2023-12-27T09:44:01.820+0545] {logging_mixin.py:188} INFO - [2023-12-27T09:44:01.820+0545] {dag.py:3033} INFO - Sync 1 DAGs
[2023-12-27T09:44:01.836+0545] {logging_mixin.py:188} INFO - [2023-12-27T09:44:01.835+0545] {dag.py:3820} INFO - Setting next_dagrun for example_setup_teardown to 2023-12-26T00:00:00+00:00, run_after=2023-12-27T00:00:00+00:00
[2023-12-27T09:44:01.855+0545] {processor.py:183} INFO - Processing /home/sarita/Documents/apache-airflow-project/.venv/lib/python3.9/site-packages/airflow/example_dags/example_setup_teardown.py took 0.073 seconds
[2023-12-27T09:44:56.271+0545] {processor.py:161} INFO - Started process (PID=7992) to work on /home/sarita/Documents/apache-airflow-project/.venv/lib/python3.9/site-packages/airflow/example_dags/example_setup_teardown.py
[2023-12-27T09:44:56.274+0545] {processor.py:830} INFO - Processing file /home/sarita/Documents/apache-airflow-project/.venv/lib/python3.9/site-packages/airflow/example_dags/example_setup_teardown.py for tasks to queue
[2023-12-27T09:44:56.275+0545] {logging_mixin.py:188} INFO - [2023-12-27T09:44:56.274+0545] {dagbag.py:538} INFO - Filling up the DagBag from /home/sarita/Documents/apache-airflow-project/.venv/lib/python3.9/site-packages/airflow/example_dags/example_setup_teardown.py
[2023-12-27T09:44:56.284+0545] {processor.py:840} INFO - DAG(s) 'example_setup_teardown' retrieved from /home/sarita/Documents/apache-airflow-project/.venv/lib/python3.9/site-packages/airflow/example_dags/example_setup_teardown.py
[2023-12-27T09:44:56.298+0545] {logging_mixin.py:188} INFO - [2023-12-27T09:44:56.298+0545] {dag.py:3033} INFO - Sync 1 DAGs
[2023-12-27T09:44:56.314+0545] {logging_mixin.py:188} INFO - [2023-12-27T09:44:56.314+0545] {dag.py:3820} INFO - Setting next_dagrun for example_setup_teardown to 2023-12-26T00:00:00+00:00, run_after=2023-12-27T00:00:00+00:00
[2023-12-27T09:44:56.331+0545] {processor.py:183} INFO - Processing /home/sarita/Documents/apache-airflow-project/.venv/lib/python3.9/site-packages/airflow/example_dags/example_setup_teardown.py took 0.063 seconds
[2023-12-27T09:45:52.682+0545] {processor.py:161} INFO - Started process (PID=8453) to work on /home/sarita/Documents/apache-airflow-project/.venv/lib/python3.9/site-packages/airflow/example_dags/example_setup_teardown.py
[2023-12-27T09:45:52.684+0545] {processor.py:830} INFO - Processing file /home/sarita/Documents/apache-airflow-project/.venv/lib/python3.9/site-packages/airflow/example_dags/example_setup_teardown.py for tasks to queue
[2023-12-27T09:45:52.684+0545] {logging_mixin.py:188} INFO - [2023-12-27T09:45:52.684+0545] {dagbag.py:538} INFO - Filling up the DagBag from /home/sarita/Documents/apache-airflow-project/.venv/lib/python3.9/site-packages/airflow/example_dags/example_setup_teardown.py
[2023-12-27T09:45:52.689+0545] {processor.py:840} INFO - DAG(s) 'example_setup_teardown' retrieved from /home/sarita/Documents/apache-airflow-project/.venv/lib/python3.9/site-packages/airflow/example_dags/example_setup_teardown.py
[2023-12-27T09:45:52.699+0545] {logging_mixin.py:188} INFO - [2023-12-27T09:45:52.699+0545] {dag.py:3033} INFO - Sync 1 DAGs
[2023-12-27T09:45:52.714+0545] {logging_mixin.py:188} INFO - [2023-12-27T09:45:52.714+0545] {dag.py:3820} INFO - Setting next_dagrun for example_setup_teardown to 2023-12-26T00:00:00+00:00, run_after=2023-12-27T00:00:00+00:00
[2023-12-27T09:45:52.731+0545] {processor.py:183} INFO - Processing /home/sarita/Documents/apache-airflow-project/.venv/lib/python3.9/site-packages/airflow/example_dags/example_setup_teardown.py took 0.051 seconds
[2023-12-27T09:46:46.064+0545] {processor.py:161} INFO - Started process (PID=8519) to work on /home/sarita/Documents/apache-airflow-project/.venv/lib/python3.9/site-packages/airflow/example_dags/example_setup_teardown.py
[2023-12-27T09:46:46.067+0545] {processor.py:830} INFO - Processing file /home/sarita/Documents/apache-airflow-project/.venv/lib/python3.9/site-packages/airflow/example_dags/example_setup_teardown.py for tasks to queue
[2023-12-27T09:46:46.068+0545] {logging_mixin.py:188} INFO - [2023-12-27T09:46:46.068+0545] {dagbag.py:538} INFO - Filling up the DagBag from /home/sarita/Documents/apache-airflow-project/.venv/lib/python3.9/site-packages/airflow/example_dags/example_setup_teardown.py
[2023-12-27T09:46:46.077+0545] {processor.py:840} INFO - DAG(s) 'example_setup_teardown' retrieved from /home/sarita/Documents/apache-airflow-project/.venv/lib/python3.9/site-packages/airflow/example_dags/example_setup_teardown.py
[2023-12-27T09:46:46.092+0545] {logging_mixin.py:188} INFO - [2023-12-27T09:46:46.092+0545] {dag.py:3033} INFO - Sync 1 DAGs
[2023-12-27T09:46:46.107+0545] {logging_mixin.py:188} INFO - [2023-12-27T09:46:46.107+0545] {dag.py:3820} INFO - Setting next_dagrun for example_setup_teardown to 2023-12-26T00:00:00+00:00, run_after=2023-12-27T00:00:00+00:00
[2023-12-27T09:46:46.136+0545] {processor.py:183} INFO - Processing /home/sarita/Documents/apache-airflow-project/.venv/lib/python3.9/site-packages/airflow/example_dags/example_setup_teardown.py took 0.075 seconds
[2023-12-27T09:47:45.149+0545] {processor.py:161} INFO - Started process (PID=8597) to work on /home/sarita/Documents/apache-airflow-project/.venv/lib/python3.9/site-packages/airflow/example_dags/example_setup_teardown.py
[2023-12-27T09:47:45.152+0545] {processor.py:830} INFO - Processing file /home/sarita/Documents/apache-airflow-project/.venv/lib/python3.9/site-packages/airflow/example_dags/example_setup_teardown.py for tasks to queue
[2023-12-27T09:47:45.155+0545] {logging_mixin.py:188} INFO - [2023-12-27T09:47:45.154+0545] {dagbag.py:538} INFO - Filling up the DagBag from /home/sarita/Documents/apache-airflow-project/.venv/lib/python3.9/site-packages/airflow/example_dags/example_setup_teardown.py
[2023-12-27T09:47:45.167+0545] {processor.py:840} INFO - DAG(s) 'example_setup_teardown' retrieved from /home/sarita/Documents/apache-airflow-project/.venv/lib/python3.9/site-packages/airflow/example_dags/example_setup_teardown.py
[2023-12-27T09:47:45.182+0545] {logging_mixin.py:188} INFO - [2023-12-27T09:47:45.182+0545] {dag.py:3033} INFO - Sync 1 DAGs
[2023-12-27T09:47:45.197+0545] {logging_mixin.py:188} INFO - [2023-12-27T09:47:45.197+0545] {dag.py:3820} INFO - Setting next_dagrun for example_setup_teardown to 2023-12-26T00:00:00+00:00, run_after=2023-12-27T00:00:00+00:00
[2023-12-27T09:47:45.226+0545] {processor.py:183} INFO - Processing /home/sarita/Documents/apache-airflow-project/.venv/lib/python3.9/site-packages/airflow/example_dags/example_setup_teardown.py took 0.085 seconds
[2023-12-27T09:48:42.474+0545] {processor.py:161} INFO - Started process (PID=8664) to work on /home/sarita/Documents/apache-airflow-project/.venv/lib/python3.9/site-packages/airflow/example_dags/example_setup_teardown.py
[2023-12-27T09:48:42.476+0545] {processor.py:830} INFO - Processing file /home/sarita/Documents/apache-airflow-project/.venv/lib/python3.9/site-packages/airflow/example_dags/example_setup_teardown.py for tasks to queue
[2023-12-27T09:48:42.477+0545] {logging_mixin.py:188} INFO - [2023-12-27T09:48:42.477+0545] {dagbag.py:538} INFO - Filling up the DagBag from /home/sarita/Documents/apache-airflow-project/.venv/lib/python3.9/site-packages/airflow/example_dags/example_setup_teardown.py
[2023-12-27T09:48:42.483+0545] {processor.py:840} INFO - DAG(s) 'example_setup_teardown' retrieved from /home/sarita/Documents/apache-airflow-project/.venv/lib/python3.9/site-packages/airflow/example_dags/example_setup_teardown.py
[2023-12-27T09:48:42.496+0545] {logging_mixin.py:188} INFO - [2023-12-27T09:48:42.496+0545] {dag.py:3033} INFO - Sync 1 DAGs
[2023-12-27T09:48:42.513+0545] {logging_mixin.py:188} INFO - [2023-12-27T09:48:42.513+0545] {dag.py:3820} INFO - Setting next_dagrun for example_setup_teardown to 2023-12-26T00:00:00+00:00, run_after=2023-12-27T00:00:00+00:00
[2023-12-27T09:48:42.541+0545] {processor.py:183} INFO - Processing /home/sarita/Documents/apache-airflow-project/.venv/lib/python3.9/site-packages/airflow/example_dags/example_setup_teardown.py took 0.069 seconds
[2023-12-27T09:49:36.124+0545] {processor.py:161} INFO - Started process (PID=8721) to work on /home/sarita/Documents/apache-airflow-project/.venv/lib/python3.9/site-packages/airflow/example_dags/example_setup_teardown.py
[2023-12-27T09:49:36.127+0545] {processor.py:830} INFO - Processing file /home/sarita/Documents/apache-airflow-project/.venv/lib/python3.9/site-packages/airflow/example_dags/example_setup_teardown.py for tasks to queue
[2023-12-27T09:49:36.128+0545] {logging_mixin.py:188} INFO - [2023-12-27T09:49:36.128+0545] {dagbag.py:538} INFO - Filling up the DagBag from /home/sarita/Documents/apache-airflow-project/.venv/lib/python3.9/site-packages/airflow/example_dags/example_setup_teardown.py
[2023-12-27T09:49:36.141+0545] {processor.py:840} INFO - DAG(s) 'example_setup_teardown' retrieved from /home/sarita/Documents/apache-airflow-project/.venv/lib/python3.9/site-packages/airflow/example_dags/example_setup_teardown.py
[2023-12-27T09:49:36.157+0545] {logging_mixin.py:188} INFO - [2023-12-27T09:49:36.157+0545] {dag.py:3033} INFO - Sync 1 DAGs
[2023-12-27T09:49:36.172+0545] {logging_mixin.py:188} INFO - [2023-12-27T09:49:36.172+0545] {dag.py:3820} INFO - Setting next_dagrun for example_setup_teardown to 2023-12-26T00:00:00+00:00, run_after=2023-12-27T00:00:00+00:00
[2023-12-27T09:49:36.191+0545] {processor.py:183} INFO - Processing /home/sarita/Documents/apache-airflow-project/.venv/lib/python3.9/site-packages/airflow/example_dags/example_setup_teardown.py took 0.072 seconds
[2023-12-27T09:50:33.286+0545] {processor.py:161} INFO - Started process (PID=8793) to work on /home/sarita/Documents/apache-airflow-project/.venv/lib/python3.9/site-packages/airflow/example_dags/example_setup_teardown.py
[2023-12-27T09:50:33.288+0545] {processor.py:830} INFO - Processing file /home/sarita/Documents/apache-airflow-project/.venv/lib/python3.9/site-packages/airflow/example_dags/example_setup_teardown.py for tasks to queue
[2023-12-27T09:50:33.289+0545] {logging_mixin.py:188} INFO - [2023-12-27T09:50:33.289+0545] {dagbag.py:538} INFO - Filling up the DagBag from /home/sarita/Documents/apache-airflow-project/.venv/lib/python3.9/site-packages/airflow/example_dags/example_setup_teardown.py
[2023-12-27T09:50:33.294+0545] {processor.py:840} INFO - DAG(s) 'example_setup_teardown' retrieved from /home/sarita/Documents/apache-airflow-project/.venv/lib/python3.9/site-packages/airflow/example_dags/example_setup_teardown.py
[2023-12-27T09:50:33.305+0545] {logging_mixin.py:188} INFO - [2023-12-27T09:50:33.305+0545] {dag.py:3033} INFO - Sync 1 DAGs
[2023-12-27T09:50:33.321+0545] {logging_mixin.py:188} INFO - [2023-12-27T09:50:33.321+0545] {dag.py:3820} INFO - Setting next_dagrun for example_setup_teardown to 2023-12-26T00:00:00+00:00, run_after=2023-12-27T00:00:00+00:00
[2023-12-27T09:50:33.340+0545] {processor.py:183} INFO - Processing /home/sarita/Documents/apache-airflow-project/.venv/lib/python3.9/site-packages/airflow/example_dags/example_setup_teardown.py took 0.055 seconds
[2023-12-27T09:51:33.127+0545] {processor.py:161} INFO - Started process (PID=8894) to work on /home/sarita/Documents/apache-airflow-project/.venv/lib/python3.9/site-packages/airflow/example_dags/example_setup_teardown.py
[2023-12-27T09:51:33.128+0545] {processor.py:830} INFO - Processing file /home/sarita/Documents/apache-airflow-project/.venv/lib/python3.9/site-packages/airflow/example_dags/example_setup_teardown.py for tasks to queue
[2023-12-27T09:51:33.129+0545] {logging_mixin.py:188} INFO - [2023-12-27T09:51:33.128+0545] {dagbag.py:538} INFO - Filling up the DagBag from /home/sarita/Documents/apache-airflow-project/.venv/lib/python3.9/site-packages/airflow/example_dags/example_setup_teardown.py
[2023-12-27T09:51:33.134+0545] {processor.py:840} INFO - DAG(s) 'example_setup_teardown' retrieved from /home/sarita/Documents/apache-airflow-project/.venv/lib/python3.9/site-packages/airflow/example_dags/example_setup_teardown.py
[2023-12-27T09:51:33.145+0545] {logging_mixin.py:188} INFO - [2023-12-27T09:51:33.145+0545] {dag.py:3033} INFO - Sync 1 DAGs
[2023-12-27T09:51:33.161+0545] {logging_mixin.py:188} INFO - [2023-12-27T09:51:33.161+0545] {dag.py:3820} INFO - Setting next_dagrun for example_setup_teardown to 2023-12-26T00:00:00+00:00, run_after=2023-12-27T00:00:00+00:00
[2023-12-27T09:51:33.180+0545] {processor.py:183} INFO - Processing /home/sarita/Documents/apache-airflow-project/.venv/lib/python3.9/site-packages/airflow/example_dags/example_setup_teardown.py took 0.055 seconds
[2023-12-27T09:53:24.263+0545] {processor.py:161} INFO - Started process (PID=9093) to work on /home/sarita/Documents/apache-airflow-project/.venv/lib/python3.9/site-packages/airflow/example_dags/example_setup_teardown.py
[2023-12-27T09:53:24.266+0545] {processor.py:830} INFO - Processing file /home/sarita/Documents/apache-airflow-project/.venv/lib/python3.9/site-packages/airflow/example_dags/example_setup_teardown.py for tasks to queue
[2023-12-27T09:53:24.267+0545] {logging_mixin.py:188} INFO - [2023-12-27T09:53:24.266+0545] {dagbag.py:538} INFO - Filling up the DagBag from /home/sarita/Documents/apache-airflow-project/.venv/lib/python3.9/site-packages/airflow/example_dags/example_setup_teardown.py
[2023-12-27T09:53:24.273+0545] {processor.py:840} INFO - DAG(s) 'example_setup_teardown' retrieved from /home/sarita/Documents/apache-airflow-project/.venv/lib/python3.9/site-packages/airflow/example_dags/example_setup_teardown.py
[2023-12-27T09:53:24.285+0545] {logging_mixin.py:188} INFO - [2023-12-27T09:53:24.285+0545] {dag.py:3033} INFO - Sync 1 DAGs
[2023-12-27T09:53:24.301+0545] {logging_mixin.py:188} INFO - [2023-12-27T09:53:24.301+0545] {dag.py:3820} INFO - Setting next_dagrun for example_setup_teardown to 2023-12-26T00:00:00+00:00, run_after=2023-12-27T00:00:00+00:00
[2023-12-27T09:53:24.318+0545] {processor.py:183} INFO - Processing /home/sarita/Documents/apache-airflow-project/.venv/lib/python3.9/site-packages/airflow/example_dags/example_setup_teardown.py took 0.059 seconds
[2023-12-27T12:17:25.811+0545] {processor.py:161} INFO - Started process (PID=13397) to work on /home/sarita/Documents/apache-airflow-project/.venv/lib/python3.9/site-packages/airflow/example_dags/example_setup_teardown.py
[2023-12-27T12:17:25.812+0545] {processor.py:830} INFO - Processing file /home/sarita/Documents/apache-airflow-project/.venv/lib/python3.9/site-packages/airflow/example_dags/example_setup_teardown.py for tasks to queue
[2023-12-27T12:17:25.813+0545] {logging_mixin.py:188} INFO - [2023-12-27T12:17:25.812+0545] {dagbag.py:538} INFO - Filling up the DagBag from /home/sarita/Documents/apache-airflow-project/.venv/lib/python3.9/site-packages/airflow/example_dags/example_setup_teardown.py
[2023-12-27T12:17:25.818+0545] {processor.py:840} INFO - DAG(s) 'example_setup_teardown' retrieved from /home/sarita/Documents/apache-airflow-project/.venv/lib/python3.9/site-packages/airflow/example_dags/example_setup_teardown.py
[2023-12-27T12:17:25.831+0545] {logging_mixin.py:188} INFO - [2023-12-27T12:17:25.830+0545] {dag.py:3033} INFO - Sync 1 DAGs
[2023-12-27T12:17:25.848+0545] {logging_mixin.py:188} INFO - [2023-12-27T12:17:25.848+0545] {dag.py:3820} INFO - Setting next_dagrun for example_setup_teardown to 2023-12-26T00:00:00+00:00, run_after=2023-12-27T00:00:00+00:00
[2023-12-27T12:17:25.866+0545] {processor.py:183} INFO - Processing /home/sarita/Documents/apache-airflow-project/.venv/lib/python3.9/site-packages/airflow/example_dags/example_setup_teardown.py took 0.056 seconds
[2023-12-27T12:39:39.071+0545] {processor.py:161} INFO - Started process (PID=15401) to work on /home/sarita/Documents/apache-airflow-project/.venv/lib/python3.9/site-packages/airflow/example_dags/example_setup_teardown.py
[2023-12-27T12:39:39.081+0545] {processor.py:830} INFO - Processing file /home/sarita/Documents/apache-airflow-project/.venv/lib/python3.9/site-packages/airflow/example_dags/example_setup_teardown.py for tasks to queue
[2023-12-27T12:39:39.083+0545] {logging_mixin.py:188} INFO - [2023-12-27T12:39:39.082+0545] {dagbag.py:538} INFO - Filling up the DagBag from /home/sarita/Documents/apache-airflow-project/.venv/lib/python3.9/site-packages/airflow/example_dags/example_setup_teardown.py
[2023-12-27T12:39:39.099+0545] {processor.py:840} INFO - DAG(s) 'example_setup_teardown' retrieved from /home/sarita/Documents/apache-airflow-project/.venv/lib/python3.9/site-packages/airflow/example_dags/example_setup_teardown.py
[2023-12-27T12:39:39.127+0545] {logging_mixin.py:188} INFO - [2023-12-27T12:39:39.127+0545] {dag.py:3033} INFO - Sync 1 DAGs
[2023-12-27T12:39:39.154+0545] {logging_mixin.py:188} INFO - [2023-12-27T12:39:39.154+0545] {dag.py:3820} INFO - Setting next_dagrun for example_setup_teardown to 2023-12-26T00:00:00+00:00, run_after=2023-12-27T00:00:00+00:00
[2023-12-27T12:39:39.289+0545] {processor.py:183} INFO - Processing /home/sarita/Documents/apache-airflow-project/.venv/lib/python3.9/site-packages/airflow/example_dags/example_setup_teardown.py took 0.223 seconds
[2023-12-27T12:47:06.976+0545] {processor.py:161} INFO - Started process (PID=17186) to work on /home/sarita/Documents/apache-airflow-project/.venv/lib/python3.9/site-packages/airflow/example_dags/example_setup_teardown.py
[2023-12-27T12:47:06.976+0545] {processor.py:830} INFO - Processing file /home/sarita/Documents/apache-airflow-project/.venv/lib/python3.9/site-packages/airflow/example_dags/example_setup_teardown.py for tasks to queue
[2023-12-27T12:47:06.977+0545] {logging_mixin.py:188} INFO - [2023-12-27T12:47:06.977+0545] {dagbag.py:538} INFO - Filling up the DagBag from /home/sarita/Documents/apache-airflow-project/.venv/lib/python3.9/site-packages/airflow/example_dags/example_setup_teardown.py
[2023-12-27T12:47:06.981+0545] {processor.py:840} INFO - DAG(s) 'example_setup_teardown' retrieved from /home/sarita/Documents/apache-airflow-project/.venv/lib/python3.9/site-packages/airflow/example_dags/example_setup_teardown.py
[2023-12-27T12:47:06.993+0545] {logging_mixin.py:188} INFO - [2023-12-27T12:47:06.993+0545] {dag.py:3033} INFO - Sync 1 DAGs
[2023-12-27T12:47:07.008+0545] {logging_mixin.py:188} INFO - [2023-12-27T12:47:07.008+0545] {dag.py:3820} INFO - Setting next_dagrun for example_setup_teardown to 2023-12-26T00:00:00+00:00, run_after=2023-12-27T00:00:00+00:00
[2023-12-27T12:47:07.024+0545] {processor.py:183} INFO - Processing /home/sarita/Documents/apache-airflow-project/.venv/lib/python3.9/site-packages/airflow/example_dags/example_setup_teardown.py took 0.050 seconds
[2023-12-27T12:52:39.232+0545] {processor.py:161} INFO - Started process (PID=17622) to work on /home/sarita/Documents/apache-airflow-project/.venv/lib/python3.9/site-packages/airflow/example_dags/example_setup_teardown.py
[2023-12-27T12:52:39.234+0545] {processor.py:830} INFO - Processing file /home/sarita/Documents/apache-airflow-project/.venv/lib/python3.9/site-packages/airflow/example_dags/example_setup_teardown.py for tasks to queue
[2023-12-27T12:52:39.234+0545] {logging_mixin.py:188} INFO - [2023-12-27T12:52:39.234+0545] {dagbag.py:538} INFO - Filling up the DagBag from /home/sarita/Documents/apache-airflow-project/.venv/lib/python3.9/site-packages/airflow/example_dags/example_setup_teardown.py
[2023-12-27T12:52:39.239+0545] {processor.py:840} INFO - DAG(s) 'example_setup_teardown' retrieved from /home/sarita/Documents/apache-airflow-project/.venv/lib/python3.9/site-packages/airflow/example_dags/example_setup_teardown.py
[2023-12-27T12:52:39.251+0545] {logging_mixin.py:188} INFO - [2023-12-27T12:52:39.251+0545] {dag.py:3033} INFO - Sync 1 DAGs
[2023-12-27T12:52:39.267+0545] {logging_mixin.py:188} INFO - [2023-12-27T12:52:39.267+0545] {dag.py:3820} INFO - Setting next_dagrun for example_setup_teardown to 2023-12-26T00:00:00+00:00, run_after=2023-12-27T00:00:00+00:00
[2023-12-27T12:52:39.283+0545] {processor.py:183} INFO - Processing /home/sarita/Documents/apache-airflow-project/.venv/lib/python3.9/site-packages/airflow/example_dags/example_setup_teardown.py took 0.053 seconds
[2023-12-27T12:53:29.673+0545] {processor.py:161} INFO - Started process (PID=17727) to work on /home/sarita/Documents/apache-airflow-project/.venv/lib/python3.9/site-packages/airflow/example_dags/example_setup_teardown.py
[2023-12-27T12:53:29.677+0545] {processor.py:830} INFO - Processing file /home/sarita/Documents/apache-airflow-project/.venv/lib/python3.9/site-packages/airflow/example_dags/example_setup_teardown.py for tasks to queue
[2023-12-27T12:53:29.678+0545] {logging_mixin.py:188} INFO - [2023-12-27T12:53:29.678+0545] {dagbag.py:538} INFO - Filling up the DagBag from /home/sarita/Documents/apache-airflow-project/.venv/lib/python3.9/site-packages/airflow/example_dags/example_setup_teardown.py
[2023-12-27T12:53:29.686+0545] {processor.py:840} INFO - DAG(s) 'example_setup_teardown' retrieved from /home/sarita/Documents/apache-airflow-project/.venv/lib/python3.9/site-packages/airflow/example_dags/example_setup_teardown.py
[2023-12-27T12:53:29.703+0545] {logging_mixin.py:188} INFO - [2023-12-27T12:53:29.703+0545] {dag.py:3033} INFO - Sync 1 DAGs
[2023-12-27T12:53:29.726+0545] {logging_mixin.py:188} INFO - [2023-12-27T12:53:29.726+0545] {dag.py:3820} INFO - Setting next_dagrun for example_setup_teardown to 2023-12-26T00:00:00+00:00, run_after=2023-12-27T00:00:00+00:00
[2023-12-27T12:53:29.746+0545] {processor.py:183} INFO - Processing /home/sarita/Documents/apache-airflow-project/.venv/lib/python3.9/site-packages/airflow/example_dags/example_setup_teardown.py took 0.076 seconds
