[2023-12-27T09:36:40.480+0545] {processor.py:161} INFO - Started process (PID=6901) to work on /home/sarita/Documents/apache-airflow-project/.venv/lib/python3.9/site-packages/airflow/example_dags/example_local_kubernetes_executor.py
[2023-12-27T09:36:40.480+0545] {processor.py:830} INFO - Processing file /home/sarita/Documents/apache-airflow-project/.venv/lib/python3.9/site-packages/airflow/example_dags/example_local_kubernetes_executor.py for tasks to queue
[2023-12-27T09:36:40.481+0545] {logging_mixin.py:188} INFO - [2023-12-27T09:36:40.480+0545] {dagbag.py:538} INFO - Filling up the DagBag from /home/sarita/Documents/apache-airflow-project/.venv/lib/python3.9/site-packages/airflow/example_dags/example_local_kubernetes_executor.py
[2023-12-27T09:36:40.824+0545] {processor.py:840} INFO - DAG(s) 'example_local_kubernetes_executor' retrieved from /home/sarita/Documents/apache-airflow-project/.venv/lib/python3.9/site-packages/airflow/example_dags/example_local_kubernetes_executor.py
[2023-12-27T09:36:40.834+0545] {logging_mixin.py:188} WARNING - /home/sarita/Documents/apache-airflow-project/.venv/lib/python3.9/site-packages/airflow/serialization/serialized_objects.py:1563 DeprecationWarning: This module is deprecated. The `cncf.kubernetes` provider before version 7.4.0 uses this module - you should migrate to a newer version of `cncf.kubernetes` to get rid of this warning. If you import the module via `airflow.kubernetes` import, please use `cncf.kubernetes' provider 7.4.0+ and switch all your imports to use `apache.airflow.providers.cncf.kubernetes` to get rid of the warning.
[2023-12-27T09:36:40.843+0545] {logging_mixin.py:188} INFO - [2023-12-27T09:36:40.843+0545] {dag.py:3033} INFO - Sync 1 DAGs
[2023-12-27T09:36:40.850+0545] {logging_mixin.py:188} INFO - [2023-12-27T09:36:40.850+0545] {dag.py:3820} INFO - Setting next_dagrun for example_local_kubernetes_executor to None, run_after=None
[2023-12-27T09:36:40.869+0545] {processor.py:183} INFO - Processing /home/sarita/Documents/apache-airflow-project/.venv/lib/python3.9/site-packages/airflow/example_dags/example_local_kubernetes_executor.py took 0.391 seconds
[2023-12-27T09:37:28.810+0545] {processor.py:161} INFO - Started process (PID=6960) to work on /home/sarita/Documents/apache-airflow-project/.venv/lib/python3.9/site-packages/airflow/example_dags/example_local_kubernetes_executor.py
[2023-12-27T09:37:28.813+0545] {processor.py:830} INFO - Processing file /home/sarita/Documents/apache-airflow-project/.venv/lib/python3.9/site-packages/airflow/example_dags/example_local_kubernetes_executor.py for tasks to queue
[2023-12-27T09:37:28.815+0545] {logging_mixin.py:188} INFO - [2023-12-27T09:37:28.814+0545] {dagbag.py:538} INFO - Filling up the DagBag from /home/sarita/Documents/apache-airflow-project/.venv/lib/python3.9/site-packages/airflow/example_dags/example_local_kubernetes_executor.py
[2023-12-27T09:37:29.018+0545] {processor.py:840} INFO - DAG(s) 'example_local_kubernetes_executor' retrieved from /home/sarita/Documents/apache-airflow-project/.venv/lib/python3.9/site-packages/airflow/example_dags/example_local_kubernetes_executor.py
[2023-12-27T09:37:29.031+0545] {logging_mixin.py:188} WARNING - /home/sarita/Documents/apache-airflow-project/.venv/lib/python3.9/site-packages/airflow/serialization/serialized_objects.py:1563 DeprecationWarning: This module is deprecated. The `cncf.kubernetes` provider before version 7.4.0 uses this module - you should migrate to a newer version of `cncf.kubernetes` to get rid of this warning. If you import the module via `airflow.kubernetes` import, please use `cncf.kubernetes' provider 7.4.0+ and switch all your imports to use `apache.airflow.providers.cncf.kubernetes` to get rid of the warning.
[2023-12-27T09:37:29.039+0545] {logging_mixin.py:188} INFO - [2023-12-27T09:37:29.038+0545] {dag.py:3033} INFO - Sync 1 DAGs
[2023-12-27T09:37:29.050+0545] {logging_mixin.py:188} INFO - [2023-12-27T09:37:29.050+0545] {dag.py:3820} INFO - Setting next_dagrun for example_local_kubernetes_executor to None, run_after=None
[2023-12-27T09:37:29.081+0545] {processor.py:183} INFO - Processing /home/sarita/Documents/apache-airflow-project/.venv/lib/python3.9/site-packages/airflow/example_dags/example_local_kubernetes_executor.py took 0.277 seconds
[2023-12-27T09:38:17.848+0545] {processor.py:161} INFO - Started process (PID=7021) to work on /home/sarita/Documents/apache-airflow-project/.venv/lib/python3.9/site-packages/airflow/example_dags/example_local_kubernetes_executor.py
[2023-12-27T09:38:17.850+0545] {processor.py:830} INFO - Processing file /home/sarita/Documents/apache-airflow-project/.venv/lib/python3.9/site-packages/airflow/example_dags/example_local_kubernetes_executor.py for tasks to queue
[2023-12-27T09:38:17.850+0545] {logging_mixin.py:188} INFO - [2023-12-27T09:38:17.850+0545] {dagbag.py:538} INFO - Filling up the DagBag from /home/sarita/Documents/apache-airflow-project/.venv/lib/python3.9/site-packages/airflow/example_dags/example_local_kubernetes_executor.py
[2023-12-27T09:38:18.019+0545] {processor.py:840} INFO - DAG(s) 'example_local_kubernetes_executor' retrieved from /home/sarita/Documents/apache-airflow-project/.venv/lib/python3.9/site-packages/airflow/example_dags/example_local_kubernetes_executor.py
[2023-12-27T09:38:18.030+0545] {logging_mixin.py:188} WARNING - /home/sarita/Documents/apache-airflow-project/.venv/lib/python3.9/site-packages/airflow/serialization/serialized_objects.py:1563 DeprecationWarning: This module is deprecated. The `cncf.kubernetes` provider before version 7.4.0 uses this module - you should migrate to a newer version of `cncf.kubernetes` to get rid of this warning. If you import the module via `airflow.kubernetes` import, please use `cncf.kubernetes' provider 7.4.0+ and switch all your imports to use `apache.airflow.providers.cncf.kubernetes` to get rid of the warning.
[2023-12-27T09:38:18.035+0545] {logging_mixin.py:188} INFO - [2023-12-27T09:38:18.034+0545] {dag.py:3033} INFO - Sync 1 DAGs
[2023-12-27T09:38:18.043+0545] {logging_mixin.py:188} INFO - [2023-12-27T09:38:18.043+0545] {dag.py:3820} INFO - Setting next_dagrun for example_local_kubernetes_executor to None, run_after=None
[2023-12-27T09:38:18.062+0545] {processor.py:183} INFO - Processing /home/sarita/Documents/apache-airflow-project/.venv/lib/python3.9/site-packages/airflow/example_dags/example_local_kubernetes_executor.py took 0.216 seconds
[2023-12-27T09:38:56.416+0545] {processor.py:161} INFO - Started process (PID=7119) to work on /home/sarita/Documents/apache-airflow-project/.venv/lib/python3.9/site-packages/airflow/example_dags/example_local_kubernetes_executor.py
[2023-12-27T09:38:56.417+0545] {processor.py:830} INFO - Processing file /home/sarita/Documents/apache-airflow-project/.venv/lib/python3.9/site-packages/airflow/example_dags/example_local_kubernetes_executor.py for tasks to queue
[2023-12-27T09:38:56.418+0545] {logging_mixin.py:188} INFO - [2023-12-27T09:38:56.418+0545] {dagbag.py:538} INFO - Filling up the DagBag from /home/sarita/Documents/apache-airflow-project/.venv/lib/python3.9/site-packages/airflow/example_dags/example_local_kubernetes_executor.py
[2023-12-27T09:38:56.610+0545] {processor.py:840} INFO - DAG(s) 'example_local_kubernetes_executor' retrieved from /home/sarita/Documents/apache-airflow-project/.venv/lib/python3.9/site-packages/airflow/example_dags/example_local_kubernetes_executor.py
[2023-12-27T09:38:56.621+0545] {logging_mixin.py:188} WARNING - /home/sarita/Documents/apache-airflow-project/.venv/lib/python3.9/site-packages/airflow/serialization/serialized_objects.py:1563 DeprecationWarning: This module is deprecated. The `cncf.kubernetes` provider before version 7.4.0 uses this module - you should migrate to a newer version of `cncf.kubernetes` to get rid of this warning. If you import the module via `airflow.kubernetes` import, please use `cncf.kubernetes' provider 7.4.0+ and switch all your imports to use `apache.airflow.providers.cncf.kubernetes` to get rid of the warning.
[2023-12-27T09:38:56.627+0545] {logging_mixin.py:188} INFO - [2023-12-27T09:38:56.626+0545] {dag.py:3033} INFO - Sync 1 DAGs
[2023-12-27T09:38:56.635+0545] {logging_mixin.py:188} INFO - [2023-12-27T09:38:56.635+0545] {dag.py:3820} INFO - Setting next_dagrun for example_local_kubernetes_executor to None, run_after=None
[2023-12-27T09:38:56.665+0545] {processor.py:183} INFO - Processing /home/sarita/Documents/apache-airflow-project/.venv/lib/python3.9/site-packages/airflow/example_dags/example_local_kubernetes_executor.py took 0.252 seconds
[2023-12-27T09:39:32.663+0545] {processor.py:161} INFO - Started process (PID=7164) to work on /home/sarita/Documents/apache-airflow-project/.venv/lib/python3.9/site-packages/airflow/example_dags/example_local_kubernetes_executor.py
[2023-12-27T09:39:32.667+0545] {processor.py:830} INFO - Processing file /home/sarita/Documents/apache-airflow-project/.venv/lib/python3.9/site-packages/airflow/example_dags/example_local_kubernetes_executor.py for tasks to queue
[2023-12-27T09:39:32.670+0545] {logging_mixin.py:188} INFO - [2023-12-27T09:39:32.668+0545] {dagbag.py:538} INFO - Filling up the DagBag from /home/sarita/Documents/apache-airflow-project/.venv/lib/python3.9/site-packages/airflow/example_dags/example_local_kubernetes_executor.py
[2023-12-27T09:39:32.845+0545] {processor.py:840} INFO - DAG(s) 'example_local_kubernetes_executor' retrieved from /home/sarita/Documents/apache-airflow-project/.venv/lib/python3.9/site-packages/airflow/example_dags/example_local_kubernetes_executor.py
[2023-12-27T09:39:32.856+0545] {logging_mixin.py:188} WARNING - /home/sarita/Documents/apache-airflow-project/.venv/lib/python3.9/site-packages/airflow/serialization/serialized_objects.py:1563 DeprecationWarning: This module is deprecated. The `cncf.kubernetes` provider before version 7.4.0 uses this module - you should migrate to a newer version of `cncf.kubernetes` to get rid of this warning. If you import the module via `airflow.kubernetes` import, please use `cncf.kubernetes' provider 7.4.0+ and switch all your imports to use `apache.airflow.providers.cncf.kubernetes` to get rid of the warning.
[2023-12-27T09:39:32.861+0545] {logging_mixin.py:188} INFO - [2023-12-27T09:39:32.860+0545] {dag.py:3033} INFO - Sync 1 DAGs
[2023-12-27T09:39:32.869+0545] {logging_mixin.py:188} INFO - [2023-12-27T09:39:32.869+0545] {dag.py:3820} INFO - Setting next_dagrun for example_local_kubernetes_executor to None, run_after=None
[2023-12-27T09:39:32.888+0545] {processor.py:183} INFO - Processing /home/sarita/Documents/apache-airflow-project/.venv/lib/python3.9/site-packages/airflow/example_dags/example_local_kubernetes_executor.py took 0.232 seconds
[2023-12-27T09:40:11.414+0545] {processor.py:161} INFO - Started process (PID=7246) to work on /home/sarita/Documents/apache-airflow-project/.venv/lib/python3.9/site-packages/airflow/example_dags/example_local_kubernetes_executor.py
[2023-12-27T09:40:11.416+0545] {processor.py:830} INFO - Processing file /home/sarita/Documents/apache-airflow-project/.venv/lib/python3.9/site-packages/airflow/example_dags/example_local_kubernetes_executor.py for tasks to queue
[2023-12-27T09:40:11.417+0545] {logging_mixin.py:188} INFO - [2023-12-27T09:40:11.417+0545] {dagbag.py:538} INFO - Filling up the DagBag from /home/sarita/Documents/apache-airflow-project/.venv/lib/python3.9/site-packages/airflow/example_dags/example_local_kubernetes_executor.py
[2023-12-27T09:40:11.587+0545] {processor.py:840} INFO - DAG(s) 'example_local_kubernetes_executor' retrieved from /home/sarita/Documents/apache-airflow-project/.venv/lib/python3.9/site-packages/airflow/example_dags/example_local_kubernetes_executor.py
[2023-12-27T09:40:11.598+0545] {logging_mixin.py:188} WARNING - /home/sarita/Documents/apache-airflow-project/.venv/lib/python3.9/site-packages/airflow/serialization/serialized_objects.py:1563 DeprecationWarning: This module is deprecated. The `cncf.kubernetes` provider before version 7.4.0 uses this module - you should migrate to a newer version of `cncf.kubernetes` to get rid of this warning. If you import the module via `airflow.kubernetes` import, please use `cncf.kubernetes' provider 7.4.0+ and switch all your imports to use `apache.airflow.providers.cncf.kubernetes` to get rid of the warning.
[2023-12-27T09:40:11.602+0545] {logging_mixin.py:188} INFO - [2023-12-27T09:40:11.602+0545] {dag.py:3033} INFO - Sync 1 DAGs
[2023-12-27T09:40:11.610+0545] {logging_mixin.py:188} INFO - [2023-12-27T09:40:11.610+0545] {dag.py:3820} INFO - Setting next_dagrun for example_local_kubernetes_executor to None, run_after=None
[2023-12-27T09:40:11.639+0545] {processor.py:183} INFO - Processing /home/sarita/Documents/apache-airflow-project/.venv/lib/python3.9/site-packages/airflow/example_dags/example_local_kubernetes_executor.py took 0.228 seconds
[2023-12-27T09:40:50.206+0545] {processor.py:161} INFO - Started process (PID=7358) to work on /home/sarita/Documents/apache-airflow-project/.venv/lib/python3.9/site-packages/airflow/example_dags/example_local_kubernetes_executor.py
[2023-12-27T09:40:50.209+0545] {processor.py:830} INFO - Processing file /home/sarita/Documents/apache-airflow-project/.venv/lib/python3.9/site-packages/airflow/example_dags/example_local_kubernetes_executor.py for tasks to queue
[2023-12-27T09:40:50.210+0545] {logging_mixin.py:188} INFO - [2023-12-27T09:40:50.209+0545] {dagbag.py:538} INFO - Filling up the DagBag from /home/sarita/Documents/apache-airflow-project/.venv/lib/python3.9/site-packages/airflow/example_dags/example_local_kubernetes_executor.py
[2023-12-27T09:40:50.379+0545] {processor.py:840} INFO - DAG(s) 'example_local_kubernetes_executor' retrieved from /home/sarita/Documents/apache-airflow-project/.venv/lib/python3.9/site-packages/airflow/example_dags/example_local_kubernetes_executor.py
[2023-12-27T09:40:50.389+0545] {logging_mixin.py:188} WARNING - /home/sarita/Documents/apache-airflow-project/.venv/lib/python3.9/site-packages/airflow/serialization/serialized_objects.py:1563 DeprecationWarning: This module is deprecated. The `cncf.kubernetes` provider before version 7.4.0 uses this module - you should migrate to a newer version of `cncf.kubernetes` to get rid of this warning. If you import the module via `airflow.kubernetes` import, please use `cncf.kubernetes' provider 7.4.0+ and switch all your imports to use `apache.airflow.providers.cncf.kubernetes` to get rid of the warning.
[2023-12-27T09:40:50.394+0545] {logging_mixin.py:188} INFO - [2023-12-27T09:40:50.394+0545] {dag.py:3033} INFO - Sync 1 DAGs
[2023-12-27T09:40:50.403+0545] {logging_mixin.py:188} INFO - [2023-12-27T09:40:50.403+0545] {dag.py:3820} INFO - Setting next_dagrun for example_local_kubernetes_executor to None, run_after=None
[2023-12-27T09:40:50.422+0545] {processor.py:183} INFO - Processing /home/sarita/Documents/apache-airflow-project/.venv/lib/python3.9/site-packages/airflow/example_dags/example_local_kubernetes_executor.py took 0.221 seconds
[2023-12-27T09:41:43.896+0545] {processor.py:161} INFO - Started process (PID=7561) to work on /home/sarita/Documents/apache-airflow-project/.venv/lib/python3.9/site-packages/airflow/example_dags/example_local_kubernetes_executor.py
[2023-12-27T09:41:43.898+0545] {processor.py:830} INFO - Processing file /home/sarita/Documents/apache-airflow-project/.venv/lib/python3.9/site-packages/airflow/example_dags/example_local_kubernetes_executor.py for tasks to queue
[2023-12-27T09:41:43.899+0545] {logging_mixin.py:188} INFO - [2023-12-27T09:41:43.898+0545] {dagbag.py:538} INFO - Filling up the DagBag from /home/sarita/Documents/apache-airflow-project/.venv/lib/python3.9/site-packages/airflow/example_dags/example_local_kubernetes_executor.py
[2023-12-27T09:41:44.082+0545] {processor.py:840} INFO - DAG(s) 'example_local_kubernetes_executor' retrieved from /home/sarita/Documents/apache-airflow-project/.venv/lib/python3.9/site-packages/airflow/example_dags/example_local_kubernetes_executor.py
[2023-12-27T09:41:44.094+0545] {logging_mixin.py:188} WARNING - /home/sarita/Documents/apache-airflow-project/.venv/lib/python3.9/site-packages/airflow/serialization/serialized_objects.py:1563 DeprecationWarning: This module is deprecated. The `cncf.kubernetes` provider before version 7.4.0 uses this module - you should migrate to a newer version of `cncf.kubernetes` to get rid of this warning. If you import the module via `airflow.kubernetes` import, please use `cncf.kubernetes' provider 7.4.0+ and switch all your imports to use `apache.airflow.providers.cncf.kubernetes` to get rid of the warning.
[2023-12-27T09:41:44.099+0545] {logging_mixin.py:188} INFO - [2023-12-27T09:41:44.099+0545] {dag.py:3033} INFO - Sync 1 DAGs
[2023-12-27T09:41:44.109+0545] {logging_mixin.py:188} INFO - [2023-12-27T09:41:44.109+0545] {dag.py:3820} INFO - Setting next_dagrun for example_local_kubernetes_executor to None, run_after=None
[2023-12-27T09:41:44.129+0545] {processor.py:183} INFO - Processing /home/sarita/Documents/apache-airflow-project/.venv/lib/python3.9/site-packages/airflow/example_dags/example_local_kubernetes_executor.py took 0.235 seconds
[2023-12-27T09:42:23.347+0545] {processor.py:161} INFO - Started process (PID=7761) to work on /home/sarita/Documents/apache-airflow-project/.venv/lib/python3.9/site-packages/airflow/example_dags/example_local_kubernetes_executor.py
[2023-12-27T09:42:23.350+0545] {processor.py:830} INFO - Processing file /home/sarita/Documents/apache-airflow-project/.venv/lib/python3.9/site-packages/airflow/example_dags/example_local_kubernetes_executor.py for tasks to queue
[2023-12-27T09:42:23.352+0545] {logging_mixin.py:188} INFO - [2023-12-27T09:42:23.351+0545] {dagbag.py:538} INFO - Filling up the DagBag from /home/sarita/Documents/apache-airflow-project/.venv/lib/python3.9/site-packages/airflow/example_dags/example_local_kubernetes_executor.py
[2023-12-27T09:42:23.526+0545] {processor.py:840} INFO - DAG(s) 'example_local_kubernetes_executor' retrieved from /home/sarita/Documents/apache-airflow-project/.venv/lib/python3.9/site-packages/airflow/example_dags/example_local_kubernetes_executor.py
[2023-12-27T09:42:23.537+0545] {logging_mixin.py:188} WARNING - /home/sarita/Documents/apache-airflow-project/.venv/lib/python3.9/site-packages/airflow/serialization/serialized_objects.py:1563 DeprecationWarning: This module is deprecated. The `cncf.kubernetes` provider before version 7.4.0 uses this module - you should migrate to a newer version of `cncf.kubernetes` to get rid of this warning. If you import the module via `airflow.kubernetes` import, please use `cncf.kubernetes' provider 7.4.0+ and switch all your imports to use `apache.airflow.providers.cncf.kubernetes` to get rid of the warning.
[2023-12-27T09:42:23.542+0545] {logging_mixin.py:188} INFO - [2023-12-27T09:42:23.542+0545] {dag.py:3033} INFO - Sync 1 DAGs
[2023-12-27T09:42:23.551+0545] {logging_mixin.py:188} INFO - [2023-12-27T09:42:23.551+0545] {dag.py:3820} INFO - Setting next_dagrun for example_local_kubernetes_executor to None, run_after=None
[2023-12-27T09:42:23.570+0545] {processor.py:183} INFO - Processing /home/sarita/Documents/apache-airflow-project/.venv/lib/python3.9/site-packages/airflow/example_dags/example_local_kubernetes_executor.py took 0.226 seconds
[2023-12-27T09:43:12.499+0545] {processor.py:161} INFO - Started process (PID=7852) to work on /home/sarita/Documents/apache-airflow-project/.venv/lib/python3.9/site-packages/airflow/example_dags/example_local_kubernetes_executor.py
[2023-12-27T09:43:12.502+0545] {processor.py:830} INFO - Processing file /home/sarita/Documents/apache-airflow-project/.venv/lib/python3.9/site-packages/airflow/example_dags/example_local_kubernetes_executor.py for tasks to queue
[2023-12-27T09:43:12.504+0545] {logging_mixin.py:188} INFO - [2023-12-27T09:43:12.503+0545] {dagbag.py:538} INFO - Filling up the DagBag from /home/sarita/Documents/apache-airflow-project/.venv/lib/python3.9/site-packages/airflow/example_dags/example_local_kubernetes_executor.py
[2023-12-27T09:43:12.682+0545] {processor.py:840} INFO - DAG(s) 'example_local_kubernetes_executor' retrieved from /home/sarita/Documents/apache-airflow-project/.venv/lib/python3.9/site-packages/airflow/example_dags/example_local_kubernetes_executor.py
[2023-12-27T09:43:12.692+0545] {logging_mixin.py:188} WARNING - /home/sarita/Documents/apache-airflow-project/.venv/lib/python3.9/site-packages/airflow/serialization/serialized_objects.py:1563 DeprecationWarning: This module is deprecated. The `cncf.kubernetes` provider before version 7.4.0 uses this module - you should migrate to a newer version of `cncf.kubernetes` to get rid of this warning. If you import the module via `airflow.kubernetes` import, please use `cncf.kubernetes' provider 7.4.0+ and switch all your imports to use `apache.airflow.providers.cncf.kubernetes` to get rid of the warning.
[2023-12-27T09:43:12.697+0545] {logging_mixin.py:188} INFO - [2023-12-27T09:43:12.697+0545] {dag.py:3033} INFO - Sync 1 DAGs
[2023-12-27T09:43:12.706+0545] {logging_mixin.py:188} INFO - [2023-12-27T09:43:12.706+0545] {dag.py:3820} INFO - Setting next_dagrun for example_local_kubernetes_executor to None, run_after=None
[2023-12-27T09:43:12.724+0545] {processor.py:183} INFO - Processing /home/sarita/Documents/apache-airflow-project/.venv/lib/python3.9/site-packages/airflow/example_dags/example_local_kubernetes_executor.py took 0.233 seconds
[2023-12-27T09:43:49.074+0545] {processor.py:161} INFO - Started process (PID=7903) to work on /home/sarita/Documents/apache-airflow-project/.venv/lib/python3.9/site-packages/airflow/example_dags/example_local_kubernetes_executor.py
[2023-12-27T09:43:49.076+0545] {processor.py:830} INFO - Processing file /home/sarita/Documents/apache-airflow-project/.venv/lib/python3.9/site-packages/airflow/example_dags/example_local_kubernetes_executor.py for tasks to queue
[2023-12-27T09:43:49.077+0545] {logging_mixin.py:188} INFO - [2023-12-27T09:43:49.077+0545] {dagbag.py:538} INFO - Filling up the DagBag from /home/sarita/Documents/apache-airflow-project/.venv/lib/python3.9/site-packages/airflow/example_dags/example_local_kubernetes_executor.py
[2023-12-27T09:43:49.253+0545] {processor.py:840} INFO - DAG(s) 'example_local_kubernetes_executor' retrieved from /home/sarita/Documents/apache-airflow-project/.venv/lib/python3.9/site-packages/airflow/example_dags/example_local_kubernetes_executor.py
[2023-12-27T09:43:49.264+0545] {logging_mixin.py:188} WARNING - /home/sarita/Documents/apache-airflow-project/.venv/lib/python3.9/site-packages/airflow/serialization/serialized_objects.py:1563 DeprecationWarning: This module is deprecated. The `cncf.kubernetes` provider before version 7.4.0 uses this module - you should migrate to a newer version of `cncf.kubernetes` to get rid of this warning. If you import the module via `airflow.kubernetes` import, please use `cncf.kubernetes' provider 7.4.0+ and switch all your imports to use `apache.airflow.providers.cncf.kubernetes` to get rid of the warning.
[2023-12-27T09:43:49.269+0545] {logging_mixin.py:188} INFO - [2023-12-27T09:43:49.268+0545] {dag.py:3033} INFO - Sync 1 DAGs
[2023-12-27T09:43:49.277+0545] {logging_mixin.py:188} INFO - [2023-12-27T09:43:49.276+0545] {dag.py:3820} INFO - Setting next_dagrun for example_local_kubernetes_executor to None, run_after=None
[2023-12-27T09:43:49.295+0545] {processor.py:183} INFO - Processing /home/sarita/Documents/apache-airflow-project/.venv/lib/python3.9/site-packages/airflow/example_dags/example_local_kubernetes_executor.py took 0.225 seconds
[2023-12-27T09:44:28.737+0545] {processor.py:161} INFO - Started process (PID=7955) to work on /home/sarita/Documents/apache-airflow-project/.venv/lib/python3.9/site-packages/airflow/example_dags/example_local_kubernetes_executor.py
[2023-12-27T09:44:28.740+0545] {processor.py:830} INFO - Processing file /home/sarita/Documents/apache-airflow-project/.venv/lib/python3.9/site-packages/airflow/example_dags/example_local_kubernetes_executor.py for tasks to queue
[2023-12-27T09:44:28.741+0545] {logging_mixin.py:188} INFO - [2023-12-27T09:44:28.740+0545] {dagbag.py:538} INFO - Filling up the DagBag from /home/sarita/Documents/apache-airflow-project/.venv/lib/python3.9/site-packages/airflow/example_dags/example_local_kubernetes_executor.py
[2023-12-27T09:44:28.916+0545] {processor.py:840} INFO - DAG(s) 'example_local_kubernetes_executor' retrieved from /home/sarita/Documents/apache-airflow-project/.venv/lib/python3.9/site-packages/airflow/example_dags/example_local_kubernetes_executor.py
[2023-12-27T09:44:28.926+0545] {logging_mixin.py:188} WARNING - /home/sarita/Documents/apache-airflow-project/.venv/lib/python3.9/site-packages/airflow/serialization/serialized_objects.py:1563 DeprecationWarning: This module is deprecated. The `cncf.kubernetes` provider before version 7.4.0 uses this module - you should migrate to a newer version of `cncf.kubernetes` to get rid of this warning. If you import the module via `airflow.kubernetes` import, please use `cncf.kubernetes' provider 7.4.0+ and switch all your imports to use `apache.airflow.providers.cncf.kubernetes` to get rid of the warning.
[2023-12-27T09:44:28.932+0545] {logging_mixin.py:188} INFO - [2023-12-27T09:44:28.930+0545] {dag.py:3033} INFO - Sync 1 DAGs
[2023-12-27T09:44:28.940+0545] {logging_mixin.py:188} INFO - [2023-12-27T09:44:28.939+0545] {dag.py:3820} INFO - Setting next_dagrun for example_local_kubernetes_executor to None, run_after=None
[2023-12-27T09:44:28.958+0545] {processor.py:183} INFO - Processing /home/sarita/Documents/apache-airflow-project/.venv/lib/python3.9/site-packages/airflow/example_dags/example_local_kubernetes_executor.py took 0.224 seconds
[2023-12-27T09:45:22.039+0545] {processor.py:161} INFO - Started process (PID=8039) to work on /home/sarita/Documents/apache-airflow-project/.venv/lib/python3.9/site-packages/airflow/example_dags/example_local_kubernetes_executor.py
[2023-12-27T09:45:22.041+0545] {processor.py:830} INFO - Processing file /home/sarita/Documents/apache-airflow-project/.venv/lib/python3.9/site-packages/airflow/example_dags/example_local_kubernetes_executor.py for tasks to queue
[2023-12-27T09:45:22.041+0545] {logging_mixin.py:188} INFO - [2023-12-27T09:45:22.041+0545] {dagbag.py:538} INFO - Filling up the DagBag from /home/sarita/Documents/apache-airflow-project/.venv/lib/python3.9/site-packages/airflow/example_dags/example_local_kubernetes_executor.py
[2023-12-27T09:45:22.208+0545] {processor.py:840} INFO - DAG(s) 'example_local_kubernetes_executor' retrieved from /home/sarita/Documents/apache-airflow-project/.venv/lib/python3.9/site-packages/airflow/example_dags/example_local_kubernetes_executor.py
[2023-12-27T09:45:22.219+0545] {logging_mixin.py:188} WARNING - /home/sarita/Documents/apache-airflow-project/.venv/lib/python3.9/site-packages/airflow/serialization/serialized_objects.py:1563 DeprecationWarning: This module is deprecated. The `cncf.kubernetes` provider before version 7.4.0 uses this module - you should migrate to a newer version of `cncf.kubernetes` to get rid of this warning. If you import the module via `airflow.kubernetes` import, please use `cncf.kubernetes' provider 7.4.0+ and switch all your imports to use `apache.airflow.providers.cncf.kubernetes` to get rid of the warning.
[2023-12-27T09:45:22.224+0545] {logging_mixin.py:188} INFO - [2023-12-27T09:45:22.223+0545] {dag.py:3033} INFO - Sync 1 DAGs
[2023-12-27T09:45:22.233+0545] {logging_mixin.py:188} INFO - [2023-12-27T09:45:22.233+0545] {dag.py:3820} INFO - Setting next_dagrun for example_local_kubernetes_executor to None, run_after=None
[2023-12-27T09:45:22.253+0545] {processor.py:183} INFO - Processing /home/sarita/Documents/apache-airflow-project/.venv/lib/python3.9/site-packages/airflow/example_dags/example_local_kubernetes_executor.py took 0.216 seconds
[2023-12-27T09:45:59.336+0545] {processor.py:161} INFO - Started process (PID=8462) to work on /home/sarita/Documents/apache-airflow-project/.venv/lib/python3.9/site-packages/airflow/example_dags/example_local_kubernetes_executor.py
[2023-12-27T09:45:59.338+0545] {processor.py:830} INFO - Processing file /home/sarita/Documents/apache-airflow-project/.venv/lib/python3.9/site-packages/airflow/example_dags/example_local_kubernetes_executor.py for tasks to queue
[2023-12-27T09:45:59.339+0545] {logging_mixin.py:188} INFO - [2023-12-27T09:45:59.339+0545] {dagbag.py:538} INFO - Filling up the DagBag from /home/sarita/Documents/apache-airflow-project/.venv/lib/python3.9/site-packages/airflow/example_dags/example_local_kubernetes_executor.py
[2023-12-27T09:45:59.522+0545] {processor.py:840} INFO - DAG(s) 'example_local_kubernetes_executor' retrieved from /home/sarita/Documents/apache-airflow-project/.venv/lib/python3.9/site-packages/airflow/example_dags/example_local_kubernetes_executor.py
[2023-12-27T09:45:59.532+0545] {logging_mixin.py:188} WARNING - /home/sarita/Documents/apache-airflow-project/.venv/lib/python3.9/site-packages/airflow/serialization/serialized_objects.py:1563 DeprecationWarning: This module is deprecated. The `cncf.kubernetes` provider before version 7.4.0 uses this module - you should migrate to a newer version of `cncf.kubernetes` to get rid of this warning. If you import the module via `airflow.kubernetes` import, please use `cncf.kubernetes' provider 7.4.0+ and switch all your imports to use `apache.airflow.providers.cncf.kubernetes` to get rid of the warning.
[2023-12-27T09:45:59.538+0545] {logging_mixin.py:188} INFO - [2023-12-27T09:45:59.537+0545] {dag.py:3033} INFO - Sync 1 DAGs
[2023-12-27T09:45:59.546+0545] {logging_mixin.py:188} INFO - [2023-12-27T09:45:59.546+0545] {dag.py:3820} INFO - Setting next_dagrun for example_local_kubernetes_executor to None, run_after=None
[2023-12-27T09:45:59.563+0545] {processor.py:183} INFO - Processing /home/sarita/Documents/apache-airflow-project/.venv/lib/python3.9/site-packages/airflow/example_dags/example_local_kubernetes_executor.py took 0.229 seconds
[2023-12-27T09:46:53.491+0545] {processor.py:161} INFO - Started process (PID=8526) to work on /home/sarita/Documents/apache-airflow-project/.venv/lib/python3.9/site-packages/airflow/example_dags/example_local_kubernetes_executor.py
[2023-12-27T09:46:53.494+0545] {processor.py:830} INFO - Processing file /home/sarita/Documents/apache-airflow-project/.venv/lib/python3.9/site-packages/airflow/example_dags/example_local_kubernetes_executor.py for tasks to queue
[2023-12-27T09:46:53.495+0545] {logging_mixin.py:188} INFO - [2023-12-27T09:46:53.494+0545] {dagbag.py:538} INFO - Filling up the DagBag from /home/sarita/Documents/apache-airflow-project/.venv/lib/python3.9/site-packages/airflow/example_dags/example_local_kubernetes_executor.py
[2023-12-27T09:46:53.665+0545] {processor.py:840} INFO - DAG(s) 'example_local_kubernetes_executor' retrieved from /home/sarita/Documents/apache-airflow-project/.venv/lib/python3.9/site-packages/airflow/example_dags/example_local_kubernetes_executor.py
[2023-12-27T09:46:53.676+0545] {logging_mixin.py:188} WARNING - /home/sarita/Documents/apache-airflow-project/.venv/lib/python3.9/site-packages/airflow/serialization/serialized_objects.py:1563 DeprecationWarning: This module is deprecated. The `cncf.kubernetes` provider before version 7.4.0 uses this module - you should migrate to a newer version of `cncf.kubernetes` to get rid of this warning. If you import the module via `airflow.kubernetes` import, please use `cncf.kubernetes' provider 7.4.0+ and switch all your imports to use `apache.airflow.providers.cncf.kubernetes` to get rid of the warning.
[2023-12-27T09:46:53.681+0545] {logging_mixin.py:188} INFO - [2023-12-27T09:46:53.681+0545] {dag.py:3033} INFO - Sync 1 DAGs
[2023-12-27T09:46:53.689+0545] {logging_mixin.py:188} INFO - [2023-12-27T09:46:53.689+0545] {dag.py:3820} INFO - Setting next_dagrun for example_local_kubernetes_executor to None, run_after=None
[2023-12-27T09:46:53.707+0545] {processor.py:183} INFO - Processing /home/sarita/Documents/apache-airflow-project/.venv/lib/python3.9/site-packages/airflow/example_dags/example_local_kubernetes_executor.py took 0.219 seconds
[2023-12-27T09:47:31.221+0545] {processor.py:161} INFO - Started process (PID=8565) to work on /home/sarita/Documents/apache-airflow-project/.venv/lib/python3.9/site-packages/airflow/example_dags/example_local_kubernetes_executor.py
[2023-12-27T09:47:31.224+0545] {processor.py:830} INFO - Processing file /home/sarita/Documents/apache-airflow-project/.venv/lib/python3.9/site-packages/airflow/example_dags/example_local_kubernetes_executor.py for tasks to queue
[2023-12-27T09:47:31.226+0545] {logging_mixin.py:188} INFO - [2023-12-27T09:47:31.225+0545] {dagbag.py:538} INFO - Filling up the DagBag from /home/sarita/Documents/apache-airflow-project/.venv/lib/python3.9/site-packages/airflow/example_dags/example_local_kubernetes_executor.py
[2023-12-27T09:47:31.400+0545] {processor.py:840} INFO - DAG(s) 'example_local_kubernetes_executor' retrieved from /home/sarita/Documents/apache-airflow-project/.venv/lib/python3.9/site-packages/airflow/example_dags/example_local_kubernetes_executor.py
[2023-12-27T09:47:31.410+0545] {logging_mixin.py:188} WARNING - /home/sarita/Documents/apache-airflow-project/.venv/lib/python3.9/site-packages/airflow/serialization/serialized_objects.py:1563 DeprecationWarning: This module is deprecated. The `cncf.kubernetes` provider before version 7.4.0 uses this module - you should migrate to a newer version of `cncf.kubernetes` to get rid of this warning. If you import the module via `airflow.kubernetes` import, please use `cncf.kubernetes' provider 7.4.0+ and switch all your imports to use `apache.airflow.providers.cncf.kubernetes` to get rid of the warning.
[2023-12-27T09:47:31.415+0545] {logging_mixin.py:188} INFO - [2023-12-27T09:47:31.415+0545] {dag.py:3033} INFO - Sync 1 DAGs
[2023-12-27T09:47:31.424+0545] {logging_mixin.py:188} INFO - [2023-12-27T09:47:31.424+0545] {dag.py:3820} INFO - Setting next_dagrun for example_local_kubernetes_executor to None, run_after=None
[2023-12-27T09:47:31.450+0545] {processor.py:183} INFO - Processing /home/sarita/Documents/apache-airflow-project/.venv/lib/python3.9/site-packages/airflow/example_dags/example_local_kubernetes_executor.py took 0.233 seconds
[2023-12-27T09:48:10.863+0545] {processor.py:161} INFO - Started process (PID=8630) to work on /home/sarita/Documents/apache-airflow-project/.venv/lib/python3.9/site-packages/airflow/example_dags/example_local_kubernetes_executor.py
[2023-12-27T09:48:10.865+0545] {processor.py:830} INFO - Processing file /home/sarita/Documents/apache-airflow-project/.venv/lib/python3.9/site-packages/airflow/example_dags/example_local_kubernetes_executor.py for tasks to queue
[2023-12-27T09:48:10.866+0545] {logging_mixin.py:188} INFO - [2023-12-27T09:48:10.866+0545] {dagbag.py:538} INFO - Filling up the DagBag from /home/sarita/Documents/apache-airflow-project/.venv/lib/python3.9/site-packages/airflow/example_dags/example_local_kubernetes_executor.py
[2023-12-27T09:48:11.045+0545] {processor.py:840} INFO - DAG(s) 'example_local_kubernetes_executor' retrieved from /home/sarita/Documents/apache-airflow-project/.venv/lib/python3.9/site-packages/airflow/example_dags/example_local_kubernetes_executor.py
[2023-12-27T09:48:11.056+0545] {logging_mixin.py:188} WARNING - /home/sarita/Documents/apache-airflow-project/.venv/lib/python3.9/site-packages/airflow/serialization/serialized_objects.py:1563 DeprecationWarning: This module is deprecated. The `cncf.kubernetes` provider before version 7.4.0 uses this module - you should migrate to a newer version of `cncf.kubernetes` to get rid of this warning. If you import the module via `airflow.kubernetes` import, please use `cncf.kubernetes' provider 7.4.0+ and switch all your imports to use `apache.airflow.providers.cncf.kubernetes` to get rid of the warning.
[2023-12-27T09:48:11.061+0545] {logging_mixin.py:188} INFO - [2023-12-27T09:48:11.061+0545] {dag.py:3033} INFO - Sync 1 DAGs
[2023-12-27T09:48:11.070+0545] {logging_mixin.py:188} INFO - [2023-12-27T09:48:11.069+0545] {dag.py:3820} INFO - Setting next_dagrun for example_local_kubernetes_executor to None, run_after=None
[2023-12-27T09:48:11.099+0545] {processor.py:183} INFO - Processing /home/sarita/Documents/apache-airflow-project/.venv/lib/python3.9/site-packages/airflow/example_dags/example_local_kubernetes_executor.py took 0.241 seconds
[2023-12-27T09:48:49.763+0545] {processor.py:161} INFO - Started process (PID=8671) to work on /home/sarita/Documents/apache-airflow-project/.venv/lib/python3.9/site-packages/airflow/example_dags/example_local_kubernetes_executor.py
[2023-12-27T09:48:49.766+0545] {processor.py:830} INFO - Processing file /home/sarita/Documents/apache-airflow-project/.venv/lib/python3.9/site-packages/airflow/example_dags/example_local_kubernetes_executor.py for tasks to queue
[2023-12-27T09:48:49.767+0545] {logging_mixin.py:188} INFO - [2023-12-27T09:48:49.766+0545] {dagbag.py:538} INFO - Filling up the DagBag from /home/sarita/Documents/apache-airflow-project/.venv/lib/python3.9/site-packages/airflow/example_dags/example_local_kubernetes_executor.py
[2023-12-27T09:48:49.939+0545] {processor.py:840} INFO - DAG(s) 'example_local_kubernetes_executor' retrieved from /home/sarita/Documents/apache-airflow-project/.venv/lib/python3.9/site-packages/airflow/example_dags/example_local_kubernetes_executor.py
[2023-12-27T09:48:49.951+0545] {logging_mixin.py:188} WARNING - /home/sarita/Documents/apache-airflow-project/.venv/lib/python3.9/site-packages/airflow/serialization/serialized_objects.py:1563 DeprecationWarning: This module is deprecated. The `cncf.kubernetes` provider before version 7.4.0 uses this module - you should migrate to a newer version of `cncf.kubernetes` to get rid of this warning. If you import the module via `airflow.kubernetes` import, please use `cncf.kubernetes' provider 7.4.0+ and switch all your imports to use `apache.airflow.providers.cncf.kubernetes` to get rid of the warning.
[2023-12-27T09:48:49.956+0545] {logging_mixin.py:188} INFO - [2023-12-27T09:48:49.955+0545] {dag.py:3033} INFO - Sync 1 DAGs
[2023-12-27T09:48:49.964+0545] {logging_mixin.py:188} INFO - [2023-12-27T09:48:49.964+0545] {dag.py:3820} INFO - Setting next_dagrun for example_local_kubernetes_executor to None, run_after=None
[2023-12-27T09:48:49.982+0545] {processor.py:183} INFO - Processing /home/sarita/Documents/apache-airflow-project/.venv/lib/python3.9/site-packages/airflow/example_dags/example_local_kubernetes_executor.py took 0.223 seconds
[2023-12-27T09:49:44.500+0545] {processor.py:161} INFO - Started process (PID=8729) to work on /home/sarita/Documents/apache-airflow-project/.venv/lib/python3.9/site-packages/airflow/example_dags/example_local_kubernetes_executor.py
[2023-12-27T09:49:44.503+0545] {processor.py:830} INFO - Processing file /home/sarita/Documents/apache-airflow-project/.venv/lib/python3.9/site-packages/airflow/example_dags/example_local_kubernetes_executor.py for tasks to queue
[2023-12-27T09:49:44.506+0545] {logging_mixin.py:188} INFO - [2023-12-27T09:49:44.505+0545] {dagbag.py:538} INFO - Filling up the DagBag from /home/sarita/Documents/apache-airflow-project/.venv/lib/python3.9/site-packages/airflow/example_dags/example_local_kubernetes_executor.py
[2023-12-27T09:49:44.689+0545] {processor.py:840} INFO - DAG(s) 'example_local_kubernetes_executor' retrieved from /home/sarita/Documents/apache-airflow-project/.venv/lib/python3.9/site-packages/airflow/example_dags/example_local_kubernetes_executor.py
[2023-12-27T09:49:44.699+0545] {logging_mixin.py:188} WARNING - /home/sarita/Documents/apache-airflow-project/.venv/lib/python3.9/site-packages/airflow/serialization/serialized_objects.py:1563 DeprecationWarning: This module is deprecated. The `cncf.kubernetes` provider before version 7.4.0 uses this module - you should migrate to a newer version of `cncf.kubernetes` to get rid of this warning. If you import the module via `airflow.kubernetes` import, please use `cncf.kubernetes' provider 7.4.0+ and switch all your imports to use `apache.airflow.providers.cncf.kubernetes` to get rid of the warning.
[2023-12-27T09:49:44.704+0545] {logging_mixin.py:188} INFO - [2023-12-27T09:49:44.704+0545] {dag.py:3033} INFO - Sync 1 DAGs
[2023-12-27T09:49:44.713+0545] {logging_mixin.py:188} INFO - [2023-12-27T09:49:44.713+0545] {dag.py:3820} INFO - Setting next_dagrun for example_local_kubernetes_executor to None, run_after=None
[2023-12-27T09:49:44.732+0545] {processor.py:183} INFO - Processing /home/sarita/Documents/apache-airflow-project/.venv/lib/python3.9/site-packages/airflow/example_dags/example_local_kubernetes_executor.py took 0.239 seconds
[2023-12-27T09:50:21.800+0545] {processor.py:161} INFO - Started process (PID=8780) to work on /home/sarita/Documents/apache-airflow-project/.venv/lib/python3.9/site-packages/airflow/example_dags/example_local_kubernetes_executor.py
[2023-12-27T09:50:21.803+0545] {processor.py:830} INFO - Processing file /home/sarita/Documents/apache-airflow-project/.venv/lib/python3.9/site-packages/airflow/example_dags/example_local_kubernetes_executor.py for tasks to queue
[2023-12-27T09:50:21.805+0545] {logging_mixin.py:188} INFO - [2023-12-27T09:50:21.804+0545] {dagbag.py:538} INFO - Filling up the DagBag from /home/sarita/Documents/apache-airflow-project/.venv/lib/python3.9/site-packages/airflow/example_dags/example_local_kubernetes_executor.py
[2023-12-27T09:50:21.976+0545] {processor.py:840} INFO - DAG(s) 'example_local_kubernetes_executor' retrieved from /home/sarita/Documents/apache-airflow-project/.venv/lib/python3.9/site-packages/airflow/example_dags/example_local_kubernetes_executor.py
[2023-12-27T09:50:21.987+0545] {logging_mixin.py:188} WARNING - /home/sarita/Documents/apache-airflow-project/.venv/lib/python3.9/site-packages/airflow/serialization/serialized_objects.py:1563 DeprecationWarning: This module is deprecated. The `cncf.kubernetes` provider before version 7.4.0 uses this module - you should migrate to a newer version of `cncf.kubernetes` to get rid of this warning. If you import the module via `airflow.kubernetes` import, please use `cncf.kubernetes' provider 7.4.0+ and switch all your imports to use `apache.airflow.providers.cncf.kubernetes` to get rid of the warning.
[2023-12-27T09:50:21.992+0545] {logging_mixin.py:188} INFO - [2023-12-27T09:50:21.991+0545] {dag.py:3033} INFO - Sync 1 DAGs
[2023-12-27T09:50:22.000+0545] {logging_mixin.py:188} INFO - [2023-12-27T09:50:22.000+0545] {dag.py:3820} INFO - Setting next_dagrun for example_local_kubernetes_executor to None, run_after=None
[2023-12-27T09:50:22.018+0545] {processor.py:183} INFO - Processing /home/sarita/Documents/apache-airflow-project/.venv/lib/python3.9/site-packages/airflow/example_dags/example_local_kubernetes_executor.py took 0.226 seconds
[2023-12-27T09:51:01.780+0545] {processor.py:161} INFO - Started process (PID=8853) to work on /home/sarita/Documents/apache-airflow-project/.venv/lib/python3.9/site-packages/airflow/example_dags/example_local_kubernetes_executor.py
[2023-12-27T09:51:01.783+0545] {processor.py:830} INFO - Processing file /home/sarita/Documents/apache-airflow-project/.venv/lib/python3.9/site-packages/airflow/example_dags/example_local_kubernetes_executor.py for tasks to queue
[2023-12-27T09:51:01.783+0545] {logging_mixin.py:188} INFO - [2023-12-27T09:51:01.783+0545] {dagbag.py:538} INFO - Filling up the DagBag from /home/sarita/Documents/apache-airflow-project/.venv/lib/python3.9/site-packages/airflow/example_dags/example_local_kubernetes_executor.py
[2023-12-27T09:51:01.971+0545] {processor.py:840} INFO - DAG(s) 'example_local_kubernetes_executor' retrieved from /home/sarita/Documents/apache-airflow-project/.venv/lib/python3.9/site-packages/airflow/example_dags/example_local_kubernetes_executor.py
[2023-12-27T09:51:01.981+0545] {logging_mixin.py:188} WARNING - /home/sarita/Documents/apache-airflow-project/.venv/lib/python3.9/site-packages/airflow/serialization/serialized_objects.py:1563 DeprecationWarning: This module is deprecated. The `cncf.kubernetes` provider before version 7.4.0 uses this module - you should migrate to a newer version of `cncf.kubernetes` to get rid of this warning. If you import the module via `airflow.kubernetes` import, please use `cncf.kubernetes' provider 7.4.0+ and switch all your imports to use `apache.airflow.providers.cncf.kubernetes` to get rid of the warning.
[2023-12-27T09:51:01.987+0545] {logging_mixin.py:188} INFO - [2023-12-27T09:51:01.986+0545] {dag.py:3033} INFO - Sync 1 DAGs
[2023-12-27T09:51:01.996+0545] {logging_mixin.py:188} INFO - [2023-12-27T09:51:01.996+0545] {dag.py:3820} INFO - Setting next_dagrun for example_local_kubernetes_executor to None, run_after=None
[2023-12-27T09:51:02.014+0545] {processor.py:183} INFO - Processing /home/sarita/Documents/apache-airflow-project/.venv/lib/python3.9/site-packages/airflow/example_dags/example_local_kubernetes_executor.py took 0.237 seconds
[2023-12-27T09:51:40.745+0545] {processor.py:161} INFO - Started process (PID=8902) to work on /home/sarita/Documents/apache-airflow-project/.venv/lib/python3.9/site-packages/airflow/example_dags/example_local_kubernetes_executor.py
[2023-12-27T09:51:40.749+0545] {processor.py:830} INFO - Processing file /home/sarita/Documents/apache-airflow-project/.venv/lib/python3.9/site-packages/airflow/example_dags/example_local_kubernetes_executor.py for tasks to queue
[2023-12-27T09:51:40.752+0545] {logging_mixin.py:188} INFO - [2023-12-27T09:51:40.751+0545] {dagbag.py:538} INFO - Filling up the DagBag from /home/sarita/Documents/apache-airflow-project/.venv/lib/python3.9/site-packages/airflow/example_dags/example_local_kubernetes_executor.py
[2023-12-27T09:51:40.926+0545] {processor.py:840} INFO - DAG(s) 'example_local_kubernetes_executor' retrieved from /home/sarita/Documents/apache-airflow-project/.venv/lib/python3.9/site-packages/airflow/example_dags/example_local_kubernetes_executor.py
[2023-12-27T09:51:40.937+0545] {logging_mixin.py:188} WARNING - /home/sarita/Documents/apache-airflow-project/.venv/lib/python3.9/site-packages/airflow/serialization/serialized_objects.py:1563 DeprecationWarning: This module is deprecated. The `cncf.kubernetes` provider before version 7.4.0 uses this module - you should migrate to a newer version of `cncf.kubernetes` to get rid of this warning. If you import the module via `airflow.kubernetes` import, please use `cncf.kubernetes' provider 7.4.0+ and switch all your imports to use `apache.airflow.providers.cncf.kubernetes` to get rid of the warning.
[2023-12-27T09:51:40.942+0545] {logging_mixin.py:188} INFO - [2023-12-27T09:51:40.942+0545] {dag.py:3033} INFO - Sync 1 DAGs
[2023-12-27T09:51:40.950+0545] {logging_mixin.py:188} INFO - [2023-12-27T09:51:40.950+0545] {dag.py:3820} INFO - Setting next_dagrun for example_local_kubernetes_executor to None, run_after=None
[2023-12-27T09:51:40.970+0545] {processor.py:183} INFO - Processing /home/sarita/Documents/apache-airflow-project/.venv/lib/python3.9/site-packages/airflow/example_dags/example_local_kubernetes_executor.py took 0.232 seconds
[2023-12-27T09:52:42.560+0545] {processor.py:161} INFO - Started process (PID=9030) to work on /home/sarita/Documents/apache-airflow-project/.venv/lib/python3.9/site-packages/airflow/example_dags/example_local_kubernetes_executor.py
[2023-12-27T09:52:42.561+0545] {processor.py:830} INFO - Processing file /home/sarita/Documents/apache-airflow-project/.venv/lib/python3.9/site-packages/airflow/example_dags/example_local_kubernetes_executor.py for tasks to queue
[2023-12-27T09:52:42.561+0545] {logging_mixin.py:188} INFO - [2023-12-27T09:52:42.561+0545] {dagbag.py:538} INFO - Filling up the DagBag from /home/sarita/Documents/apache-airflow-project/.venv/lib/python3.9/site-packages/airflow/example_dags/example_local_kubernetes_executor.py
[2023-12-27T09:52:42.724+0545] {processor.py:840} INFO - DAG(s) 'example_local_kubernetes_executor' retrieved from /home/sarita/Documents/apache-airflow-project/.venv/lib/python3.9/site-packages/airflow/example_dags/example_local_kubernetes_executor.py
[2023-12-27T09:52:42.735+0545] {logging_mixin.py:188} WARNING - /home/sarita/Documents/apache-airflow-project/.venv/lib/python3.9/site-packages/airflow/serialization/serialized_objects.py:1563 DeprecationWarning: This module is deprecated. The `cncf.kubernetes` provider before version 7.4.0 uses this module - you should migrate to a newer version of `cncf.kubernetes` to get rid of this warning. If you import the module via `airflow.kubernetes` import, please use `cncf.kubernetes' provider 7.4.0+ and switch all your imports to use `apache.airflow.providers.cncf.kubernetes` to get rid of the warning.
[2023-12-27T09:52:42.740+0545] {logging_mixin.py:188} INFO - [2023-12-27T09:52:42.739+0545] {dag.py:3033} INFO - Sync 1 DAGs
[2023-12-27T09:52:42.748+0545] {logging_mixin.py:188} INFO - [2023-12-27T09:52:42.747+0545] {dag.py:3820} INFO - Setting next_dagrun for example_local_kubernetes_executor to None, run_after=None
[2023-12-27T09:52:42.765+0545] {processor.py:183} INFO - Processing /home/sarita/Documents/apache-airflow-project/.venv/lib/python3.9/site-packages/airflow/example_dags/example_local_kubernetes_executor.py took 0.207 seconds
[2023-12-27T09:54:16.465+0545] {processor.py:161} INFO - Started process (PID=9203) to work on /home/sarita/Documents/apache-airflow-project/.venv/lib/python3.9/site-packages/airflow/example_dags/example_local_kubernetes_executor.py
[2023-12-27T09:54:16.468+0545] {processor.py:830} INFO - Processing file /home/sarita/Documents/apache-airflow-project/.venv/lib/python3.9/site-packages/airflow/example_dags/example_local_kubernetes_executor.py for tasks to queue
[2023-12-27T09:54:16.471+0545] {logging_mixin.py:188} INFO - [2023-12-27T09:54:16.470+0545] {dagbag.py:538} INFO - Filling up the DagBag from /home/sarita/Documents/apache-airflow-project/.venv/lib/python3.9/site-packages/airflow/example_dags/example_local_kubernetes_executor.py
[2023-12-27T09:54:16.650+0545] {processor.py:840} INFO - DAG(s) 'example_local_kubernetes_executor' retrieved from /home/sarita/Documents/apache-airflow-project/.venv/lib/python3.9/site-packages/airflow/example_dags/example_local_kubernetes_executor.py
[2023-12-27T09:54:16.661+0545] {logging_mixin.py:188} WARNING - /home/sarita/Documents/apache-airflow-project/.venv/lib/python3.9/site-packages/airflow/serialization/serialized_objects.py:1563 DeprecationWarning: This module is deprecated. The `cncf.kubernetes` provider before version 7.4.0 uses this module - you should migrate to a newer version of `cncf.kubernetes` to get rid of this warning. If you import the module via `airflow.kubernetes` import, please use `cncf.kubernetes' provider 7.4.0+ and switch all your imports to use `apache.airflow.providers.cncf.kubernetes` to get rid of the warning.
[2023-12-27T09:54:16.665+0545] {logging_mixin.py:188} INFO - [2023-12-27T09:54:16.665+0545] {dag.py:3033} INFO - Sync 1 DAGs
[2023-12-27T09:54:16.674+0545] {logging_mixin.py:188} INFO - [2023-12-27T09:54:16.674+0545] {dag.py:3820} INFO - Setting next_dagrun for example_local_kubernetes_executor to None, run_after=None
[2023-12-27T09:54:16.692+0545] {processor.py:183} INFO - Processing /home/sarita/Documents/apache-airflow-project/.venv/lib/python3.9/site-packages/airflow/example_dags/example_local_kubernetes_executor.py took 0.234 seconds
[2023-12-27T12:12:21.474+0545] {processor.py:161} INFO - Started process (PID=12584) to work on /home/sarita/Documents/apache-airflow-project/.venv/lib/python3.9/site-packages/airflow/example_dags/example_local_kubernetes_executor.py
[2023-12-27T12:12:21.478+0545] {processor.py:830} INFO - Processing file /home/sarita/Documents/apache-airflow-project/.venv/lib/python3.9/site-packages/airflow/example_dags/example_local_kubernetes_executor.py for tasks to queue
[2023-12-27T12:12:21.481+0545] {logging_mixin.py:188} INFO - [2023-12-27T12:12:21.480+0545] {dagbag.py:538} INFO - Filling up the DagBag from /home/sarita/Documents/apache-airflow-project/.venv/lib/python3.9/site-packages/airflow/example_dags/example_local_kubernetes_executor.py
[2023-12-27T12:12:21.736+0545] {processor.py:840} INFO - DAG(s) 'example_local_kubernetes_executor' retrieved from /home/sarita/Documents/apache-airflow-project/.venv/lib/python3.9/site-packages/airflow/example_dags/example_local_kubernetes_executor.py
[2023-12-27T12:12:21.744+0545] {logging_mixin.py:188} WARNING - /home/sarita/Documents/apache-airflow-project/.venv/lib/python3.9/site-packages/airflow/serialization/serialized_objects.py:1563 DeprecationWarning: This module is deprecated. The `cncf.kubernetes` provider before version 7.4.0 uses this module - you should migrate to a newer version of `cncf.kubernetes` to get rid of this warning. If you import the module via `airflow.kubernetes` import, please use `cncf.kubernetes' provider 7.4.0+ and switch all your imports to use `apache.airflow.providers.cncf.kubernetes` to get rid of the warning.
[2023-12-27T12:12:21.752+0545] {logging_mixin.py:188} INFO - [2023-12-27T12:12:21.752+0545] {dag.py:3033} INFO - Sync 1 DAGs
[2023-12-27T12:12:21.760+0545] {logging_mixin.py:188} INFO - [2023-12-27T12:12:21.760+0545] {dag.py:3820} INFO - Setting next_dagrun for example_local_kubernetes_executor to None, run_after=None
[2023-12-27T12:12:21.777+0545] {processor.py:183} INFO - Processing /home/sarita/Documents/apache-airflow-project/.venv/lib/python3.9/site-packages/airflow/example_dags/example_local_kubernetes_executor.py took 0.311 seconds
[2023-12-27T12:15:16.860+0545] {processor.py:161} INFO - Started process (PID=12800) to work on /home/sarita/Documents/apache-airflow-project/.venv/lib/python3.9/site-packages/airflow/example_dags/example_local_kubernetes_executor.py
[2023-12-27T12:15:16.865+0545] {processor.py:830} INFO - Processing file /home/sarita/Documents/apache-airflow-project/.venv/lib/python3.9/site-packages/airflow/example_dags/example_local_kubernetes_executor.py for tasks to queue
[2023-12-27T12:15:16.866+0545] {logging_mixin.py:188} INFO - [2023-12-27T12:15:16.866+0545] {dagbag.py:538} INFO - Filling up the DagBag from /home/sarita/Documents/apache-airflow-project/.venv/lib/python3.9/site-packages/airflow/example_dags/example_local_kubernetes_executor.py
[2023-12-27T12:15:17.088+0545] {processor.py:840} INFO - DAG(s) 'example_local_kubernetes_executor' retrieved from /home/sarita/Documents/apache-airflow-project/.venv/lib/python3.9/site-packages/airflow/example_dags/example_local_kubernetes_executor.py
[2023-12-27T12:15:17.098+0545] {logging_mixin.py:188} WARNING - /home/sarita/Documents/apache-airflow-project/.venv/lib/python3.9/site-packages/airflow/serialization/serialized_objects.py:1563 DeprecationWarning: This module is deprecated. The `cncf.kubernetes` provider before version 7.4.0 uses this module - you should migrate to a newer version of `cncf.kubernetes` to get rid of this warning. If you import the module via `airflow.kubernetes` import, please use `cncf.kubernetes' provider 7.4.0+ and switch all your imports to use `apache.airflow.providers.cncf.kubernetes` to get rid of the warning.
[2023-12-27T12:15:17.105+0545] {logging_mixin.py:188} INFO - [2023-12-27T12:15:17.105+0545] {dag.py:3033} INFO - Sync 1 DAGs
[2023-12-27T12:15:17.113+0545] {logging_mixin.py:188} INFO - [2023-12-27T12:15:17.113+0545] {dag.py:3820} INFO - Setting next_dagrun for example_local_kubernetes_executor to None, run_after=None
[2023-12-27T12:15:17.278+0545] {processor.py:183} INFO - Processing /home/sarita/Documents/apache-airflow-project/.venv/lib/python3.9/site-packages/airflow/example_dags/example_local_kubernetes_executor.py took 0.420 seconds
[2023-12-27T12:20:34.152+0545] {processor.py:161} INFO - Started process (PID=13759) to work on /home/sarita/Documents/apache-airflow-project/.venv/lib/python3.9/site-packages/airflow/example_dags/example_local_kubernetes_executor.py
[2023-12-27T12:20:34.156+0545] {processor.py:830} INFO - Processing file /home/sarita/Documents/apache-airflow-project/.venv/lib/python3.9/site-packages/airflow/example_dags/example_local_kubernetes_executor.py for tasks to queue
[2023-12-27T12:20:34.158+0545] {logging_mixin.py:188} INFO - [2023-12-27T12:20:34.157+0545] {dagbag.py:538} INFO - Filling up the DagBag from /home/sarita/Documents/apache-airflow-project/.venv/lib/python3.9/site-packages/airflow/example_dags/example_local_kubernetes_executor.py
[2023-12-27T12:20:34.326+0545] {processor.py:840} INFO - DAG(s) 'example_local_kubernetes_executor' retrieved from /home/sarita/Documents/apache-airflow-project/.venv/lib/python3.9/site-packages/airflow/example_dags/example_local_kubernetes_executor.py
[2023-12-27T12:20:34.336+0545] {logging_mixin.py:188} WARNING - /home/sarita/Documents/apache-airflow-project/.venv/lib/python3.9/site-packages/airflow/serialization/serialized_objects.py:1563 DeprecationWarning: This module is deprecated. The `cncf.kubernetes` provider before version 7.4.0 uses this module - you should migrate to a newer version of `cncf.kubernetes` to get rid of this warning. If you import the module via `airflow.kubernetes` import, please use `cncf.kubernetes' provider 7.4.0+ and switch all your imports to use `apache.airflow.providers.cncf.kubernetes` to get rid of the warning.
[2023-12-27T12:20:34.341+0545] {logging_mixin.py:188} INFO - [2023-12-27T12:20:34.341+0545] {dag.py:3033} INFO - Sync 1 DAGs
[2023-12-27T12:20:34.349+0545] {logging_mixin.py:188} INFO - [2023-12-27T12:20:34.349+0545] {dag.py:3820} INFO - Setting next_dagrun for example_local_kubernetes_executor to None, run_after=None
[2023-12-27T12:20:34.366+0545] {processor.py:183} INFO - Processing /home/sarita/Documents/apache-airflow-project/.venv/lib/python3.9/site-packages/airflow/example_dags/example_local_kubernetes_executor.py took 0.220 seconds
[2023-12-27T12:39:15.148+0545] {processor.py:161} INFO - Started process (PID=15346) to work on /home/sarita/Documents/apache-airflow-project/.venv/lib/python3.9/site-packages/airflow/example_dags/example_local_kubernetes_executor.py
[2023-12-27T12:39:15.151+0545] {processor.py:830} INFO - Processing file /home/sarita/Documents/apache-airflow-project/.venv/lib/python3.9/site-packages/airflow/example_dags/example_local_kubernetes_executor.py for tasks to queue
[2023-12-27T12:39:15.151+0545] {logging_mixin.py:188} INFO - [2023-12-27T12:39:15.151+0545] {dagbag.py:538} INFO - Filling up the DagBag from /home/sarita/Documents/apache-airflow-project/.venv/lib/python3.9/site-packages/airflow/example_dags/example_local_kubernetes_executor.py
[2023-12-27T12:39:15.390+0545] {processor.py:840} INFO - DAG(s) 'example_local_kubernetes_executor' retrieved from /home/sarita/Documents/apache-airflow-project/.venv/lib/python3.9/site-packages/airflow/example_dags/example_local_kubernetes_executor.py
[2023-12-27T12:39:15.400+0545] {logging_mixin.py:188} WARNING - /home/sarita/Documents/apache-airflow-project/.venv/lib/python3.9/site-packages/airflow/serialization/serialized_objects.py:1563 DeprecationWarning: This module is deprecated. The `cncf.kubernetes` provider before version 7.4.0 uses this module - you should migrate to a newer version of `cncf.kubernetes` to get rid of this warning. If you import the module via `airflow.kubernetes` import, please use `cncf.kubernetes' provider 7.4.0+ and switch all your imports to use `apache.airflow.providers.cncf.kubernetes` to get rid of the warning.
[2023-12-27T12:39:15.409+0545] {logging_mixin.py:188} INFO - [2023-12-27T12:39:15.409+0545] {dag.py:3033} INFO - Sync 1 DAGs
[2023-12-27T12:39:15.418+0545] {logging_mixin.py:188} INFO - [2023-12-27T12:39:15.418+0545] {dag.py:3820} INFO - Setting next_dagrun for example_local_kubernetes_executor to None, run_after=None
[2023-12-27T12:39:15.439+0545] {processor.py:183} INFO - Processing /home/sarita/Documents/apache-airflow-project/.venv/lib/python3.9/site-packages/airflow/example_dags/example_local_kubernetes_executor.py took 0.292 seconds
[2023-12-27T12:41:16.084+0545] {processor.py:161} INFO - Started process (PID=15691) to work on /home/sarita/Documents/apache-airflow-project/.venv/lib/python3.9/site-packages/airflow/example_dags/example_local_kubernetes_executor.py
[2023-12-27T12:41:16.084+0545] {processor.py:830} INFO - Processing file /home/sarita/Documents/apache-airflow-project/.venv/lib/python3.9/site-packages/airflow/example_dags/example_local_kubernetes_executor.py for tasks to queue
[2023-12-27T12:41:16.085+0545] {logging_mixin.py:188} INFO - [2023-12-27T12:41:16.085+0545] {dagbag.py:538} INFO - Filling up the DagBag from /home/sarita/Documents/apache-airflow-project/.venv/lib/python3.9/site-packages/airflow/example_dags/example_local_kubernetes_executor.py
[2023-12-27T12:41:16.255+0545] {processor.py:840} INFO - DAG(s) 'example_local_kubernetes_executor' retrieved from /home/sarita/Documents/apache-airflow-project/.venv/lib/python3.9/site-packages/airflow/example_dags/example_local_kubernetes_executor.py
[2023-12-27T12:41:16.266+0545] {logging_mixin.py:188} WARNING - /home/sarita/Documents/apache-airflow-project/.venv/lib/python3.9/site-packages/airflow/serialization/serialized_objects.py:1563 DeprecationWarning: This module is deprecated. The `cncf.kubernetes` provider before version 7.4.0 uses this module - you should migrate to a newer version of `cncf.kubernetes` to get rid of this warning. If you import the module via `airflow.kubernetes` import, please use `cncf.kubernetes' provider 7.4.0+ and switch all your imports to use `apache.airflow.providers.cncf.kubernetes` to get rid of the warning.
[2023-12-27T12:41:16.270+0545] {logging_mixin.py:188} INFO - [2023-12-27T12:41:16.270+0545] {dag.py:3033} INFO - Sync 1 DAGs
[2023-12-27T12:41:16.280+0545] {logging_mixin.py:188} INFO - [2023-12-27T12:41:16.280+0545] {dag.py:3820} INFO - Setting next_dagrun for example_local_kubernetes_executor to None, run_after=None
[2023-12-27T12:41:16.304+0545] {processor.py:183} INFO - Processing /home/sarita/Documents/apache-airflow-project/.venv/lib/python3.9/site-packages/airflow/example_dags/example_local_kubernetes_executor.py took 0.223 seconds
[2023-12-27T12:42:57.462+0545] {processor.py:161} INFO - Started process (PID=16790) to work on /home/sarita/Documents/apache-airflow-project/.venv/lib/python3.9/site-packages/airflow/example_dags/example_local_kubernetes_executor.py
[2023-12-27T12:42:57.465+0545] {processor.py:830} INFO - Processing file /home/sarita/Documents/apache-airflow-project/.venv/lib/python3.9/site-packages/airflow/example_dags/example_local_kubernetes_executor.py for tasks to queue
[2023-12-27T12:42:57.465+0545] {logging_mixin.py:188} INFO - [2023-12-27T12:42:57.465+0545] {dagbag.py:538} INFO - Filling up the DagBag from /home/sarita/Documents/apache-airflow-project/.venv/lib/python3.9/site-packages/airflow/example_dags/example_local_kubernetes_executor.py
[2023-12-27T12:42:57.618+0545] {processor.py:840} INFO - DAG(s) 'example_local_kubernetes_executor' retrieved from /home/sarita/Documents/apache-airflow-project/.venv/lib/python3.9/site-packages/airflow/example_dags/example_local_kubernetes_executor.py
[2023-12-27T12:42:57.628+0545] {logging_mixin.py:188} WARNING - /home/sarita/Documents/apache-airflow-project/.venv/lib/python3.9/site-packages/airflow/serialization/serialized_objects.py:1563 DeprecationWarning: This module is deprecated. The `cncf.kubernetes` provider before version 7.4.0 uses this module - you should migrate to a newer version of `cncf.kubernetes` to get rid of this warning. If you import the module via `airflow.kubernetes` import, please use `cncf.kubernetes' provider 7.4.0+ and switch all your imports to use `apache.airflow.providers.cncf.kubernetes` to get rid of the warning.
[2023-12-27T12:42:57.633+0545] {logging_mixin.py:188} INFO - [2023-12-27T12:42:57.632+0545] {dag.py:3033} INFO - Sync 1 DAGs
[2023-12-27T12:42:57.641+0545] {logging_mixin.py:188} INFO - [2023-12-27T12:42:57.641+0545] {dag.py:3820} INFO - Setting next_dagrun for example_local_kubernetes_executor to None, run_after=None
[2023-12-27T12:42:57.659+0545] {processor.py:183} INFO - Processing /home/sarita/Documents/apache-airflow-project/.venv/lib/python3.9/site-packages/airflow/example_dags/example_local_kubernetes_executor.py took 0.198 seconds
[2023-12-27T12:45:42.589+0545] {processor.py:161} INFO - Started process (PID=17064) to work on /home/sarita/Documents/apache-airflow-project/.venv/lib/python3.9/site-packages/airflow/example_dags/example_local_kubernetes_executor.py
[2023-12-27T12:45:42.592+0545] {processor.py:830} INFO - Processing file /home/sarita/Documents/apache-airflow-project/.venv/lib/python3.9/site-packages/airflow/example_dags/example_local_kubernetes_executor.py for tasks to queue
[2023-12-27T12:45:42.592+0545] {logging_mixin.py:188} INFO - [2023-12-27T12:45:42.592+0545] {dagbag.py:538} INFO - Filling up the DagBag from /home/sarita/Documents/apache-airflow-project/.venv/lib/python3.9/site-packages/airflow/example_dags/example_local_kubernetes_executor.py
[2023-12-27T12:45:42.821+0545] {processor.py:840} INFO - DAG(s) 'example_local_kubernetes_executor' retrieved from /home/sarita/Documents/apache-airflow-project/.venv/lib/python3.9/site-packages/airflow/example_dags/example_local_kubernetes_executor.py
[2023-12-27T12:45:42.830+0545] {logging_mixin.py:188} WARNING - /home/sarita/Documents/apache-airflow-project/.venv/lib/python3.9/site-packages/airflow/serialization/serialized_objects.py:1563 DeprecationWarning: This module is deprecated. The `cncf.kubernetes` provider before version 7.4.0 uses this module - you should migrate to a newer version of `cncf.kubernetes` to get rid of this warning. If you import the module via `airflow.kubernetes` import, please use `cncf.kubernetes' provider 7.4.0+ and switch all your imports to use `apache.airflow.providers.cncf.kubernetes` to get rid of the warning.
[2023-12-27T12:45:42.838+0545] {logging_mixin.py:188} INFO - [2023-12-27T12:45:42.837+0545] {dag.py:3033} INFO - Sync 1 DAGs
[2023-12-27T12:45:42.845+0545] {logging_mixin.py:188} INFO - [2023-12-27T12:45:42.844+0545] {dag.py:3820} INFO - Setting next_dagrun for example_local_kubernetes_executor to None, run_after=None
[2023-12-27T12:45:42.861+0545] {processor.py:183} INFO - Processing /home/sarita/Documents/apache-airflow-project/.venv/lib/python3.9/site-packages/airflow/example_dags/example_local_kubernetes_executor.py took 0.274 seconds
[2023-12-27T12:52:20.115+0545] {processor.py:161} INFO - Started process (PID=17594) to work on /home/sarita/Documents/apache-airflow-project/.venv/lib/python3.9/site-packages/airflow/example_dags/example_local_kubernetes_executor.py
[2023-12-27T12:52:20.118+0545] {processor.py:830} INFO - Processing file /home/sarita/Documents/apache-airflow-project/.venv/lib/python3.9/site-packages/airflow/example_dags/example_local_kubernetes_executor.py for tasks to queue
[2023-12-27T12:52:20.118+0545] {logging_mixin.py:188} INFO - [2023-12-27T12:52:20.118+0545] {dagbag.py:538} INFO - Filling up the DagBag from /home/sarita/Documents/apache-airflow-project/.venv/lib/python3.9/site-packages/airflow/example_dags/example_local_kubernetes_executor.py
[2023-12-27T12:52:20.343+0545] {processor.py:840} INFO - DAG(s) 'example_local_kubernetes_executor' retrieved from /home/sarita/Documents/apache-airflow-project/.venv/lib/python3.9/site-packages/airflow/example_dags/example_local_kubernetes_executor.py
[2023-12-27T12:52:20.352+0545] {logging_mixin.py:188} WARNING - /home/sarita/Documents/apache-airflow-project/.venv/lib/python3.9/site-packages/airflow/serialization/serialized_objects.py:1563 DeprecationWarning: This module is deprecated. The `cncf.kubernetes` provider before version 7.4.0 uses this module - you should migrate to a newer version of `cncf.kubernetes` to get rid of this warning. If you import the module via `airflow.kubernetes` import, please use `cncf.kubernetes' provider 7.4.0+ and switch all your imports to use `apache.airflow.providers.cncf.kubernetes` to get rid of the warning.
[2023-12-27T12:52:20.359+0545] {logging_mixin.py:188} INFO - [2023-12-27T12:52:20.359+0545] {dag.py:3033} INFO - Sync 1 DAGs
[2023-12-27T12:52:20.366+0545] {logging_mixin.py:188} INFO - [2023-12-27T12:52:20.366+0545] {dag.py:3820} INFO - Setting next_dagrun for example_local_kubernetes_executor to None, run_after=None
[2023-12-27T12:52:20.383+0545] {processor.py:183} INFO - Processing /home/sarita/Documents/apache-airflow-project/.venv/lib/python3.9/site-packages/airflow/example_dags/example_local_kubernetes_executor.py took 0.269 seconds
[2023-12-27T12:53:10.386+0545] {processor.py:161} INFO - Started process (PID=17701) to work on /home/sarita/Documents/apache-airflow-project/.venv/lib/python3.9/site-packages/airflow/example_dags/example_local_kubernetes_executor.py
[2023-12-27T12:53:10.388+0545] {processor.py:830} INFO - Processing file /home/sarita/Documents/apache-airflow-project/.venv/lib/python3.9/site-packages/airflow/example_dags/example_local_kubernetes_executor.py for tasks to queue
[2023-12-27T12:53:10.389+0545] {logging_mixin.py:188} INFO - [2023-12-27T12:53:10.388+0545] {dagbag.py:538} INFO - Filling up the DagBag from /home/sarita/Documents/apache-airflow-project/.venv/lib/python3.9/site-packages/airflow/example_dags/example_local_kubernetes_executor.py
[2023-12-27T12:53:10.545+0545] {processor.py:840} INFO - DAG(s) 'example_local_kubernetes_executor' retrieved from /home/sarita/Documents/apache-airflow-project/.venv/lib/python3.9/site-packages/airflow/example_dags/example_local_kubernetes_executor.py
[2023-12-27T12:53:10.555+0545] {logging_mixin.py:188} WARNING - /home/sarita/Documents/apache-airflow-project/.venv/lib/python3.9/site-packages/airflow/serialization/serialized_objects.py:1563 DeprecationWarning: This module is deprecated. The `cncf.kubernetes` provider before version 7.4.0 uses this module - you should migrate to a newer version of `cncf.kubernetes` to get rid of this warning. If you import the module via `airflow.kubernetes` import, please use `cncf.kubernetes' provider 7.4.0+ and switch all your imports to use `apache.airflow.providers.cncf.kubernetes` to get rid of the warning.
[2023-12-27T12:53:10.560+0545] {logging_mixin.py:188} INFO - [2023-12-27T12:53:10.559+0545] {dag.py:3033} INFO - Sync 1 DAGs
[2023-12-27T12:53:10.568+0545] {logging_mixin.py:188} INFO - [2023-12-27T12:53:10.568+0545] {dag.py:3820} INFO - Setting next_dagrun for example_local_kubernetes_executor to None, run_after=None
[2023-12-27T12:53:10.586+0545] {processor.py:183} INFO - Processing /home/sarita/Documents/apache-airflow-project/.venv/lib/python3.9/site-packages/airflow/example_dags/example_local_kubernetes_executor.py took 0.202 seconds
[2023-12-27T12:54:39.392+0545] {processor.py:161} INFO - Started process (PID=17866) to work on /home/sarita/Documents/apache-airflow-project/.venv/lib/python3.9/site-packages/airflow/example_dags/example_local_kubernetes_executor.py
[2023-12-27T12:54:39.396+0545] {processor.py:830} INFO - Processing file /home/sarita/Documents/apache-airflow-project/.venv/lib/python3.9/site-packages/airflow/example_dags/example_local_kubernetes_executor.py for tasks to queue
[2023-12-27T12:54:39.398+0545] {logging_mixin.py:188} INFO - [2023-12-27T12:54:39.397+0545] {dagbag.py:538} INFO - Filling up the DagBag from /home/sarita/Documents/apache-airflow-project/.venv/lib/python3.9/site-packages/airflow/example_dags/example_local_kubernetes_executor.py
[2023-12-27T12:54:39.687+0545] {processor.py:840} INFO - DAG(s) 'example_local_kubernetes_executor' retrieved from /home/sarita/Documents/apache-airflow-project/.venv/lib/python3.9/site-packages/airflow/example_dags/example_local_kubernetes_executor.py
[2023-12-27T12:54:39.696+0545] {logging_mixin.py:188} WARNING - /home/sarita/Documents/apache-airflow-project/.venv/lib/python3.9/site-packages/airflow/serialization/serialized_objects.py:1563 DeprecationWarning: This module is deprecated. The `cncf.kubernetes` provider before version 7.4.0 uses this module - you should migrate to a newer version of `cncf.kubernetes` to get rid of this warning. If you import the module via `airflow.kubernetes` import, please use `cncf.kubernetes' provider 7.4.0+ and switch all your imports to use `apache.airflow.providers.cncf.kubernetes` to get rid of the warning.
[2023-12-27T12:54:39.704+0545] {logging_mixin.py:188} INFO - [2023-12-27T12:54:39.704+0545] {dag.py:3033} INFO - Sync 1 DAGs
[2023-12-27T12:54:39.711+0545] {logging_mixin.py:188} INFO - [2023-12-27T12:54:39.711+0545] {dag.py:3820} INFO - Setting next_dagrun for example_local_kubernetes_executor to None, run_after=None
[2023-12-27T12:54:39.735+0545] {processor.py:183} INFO - Processing /home/sarita/Documents/apache-airflow-project/.venv/lib/python3.9/site-packages/airflow/example_dags/example_local_kubernetes_executor.py took 0.350 seconds
[2023-12-27T12:57:56.191+0545] {processor.py:161} INFO - Started process (PID=18053) to work on /home/sarita/Documents/apache-airflow-project/.venv/lib/python3.9/site-packages/airflow/example_dags/example_local_kubernetes_executor.py
[2023-12-27T12:57:56.193+0545] {processor.py:830} INFO - Processing file /home/sarita/Documents/apache-airflow-project/.venv/lib/python3.9/site-packages/airflow/example_dags/example_local_kubernetes_executor.py for tasks to queue
[2023-12-27T12:57:56.194+0545] {logging_mixin.py:188} INFO - [2023-12-27T12:57:56.194+0545] {dagbag.py:538} INFO - Filling up the DagBag from /home/sarita/Documents/apache-airflow-project/.venv/lib/python3.9/site-packages/airflow/example_dags/example_local_kubernetes_executor.py
[2023-12-27T12:57:56.428+0545] {processor.py:840} INFO - DAG(s) 'example_local_kubernetes_executor' retrieved from /home/sarita/Documents/apache-airflow-project/.venv/lib/python3.9/site-packages/airflow/example_dags/example_local_kubernetes_executor.py
[2023-12-27T12:57:56.437+0545] {logging_mixin.py:188} WARNING - /home/sarita/Documents/apache-airflow-project/.venv/lib/python3.9/site-packages/airflow/serialization/serialized_objects.py:1563 DeprecationWarning: This module is deprecated. The `cncf.kubernetes` provider before version 7.4.0 uses this module - you should migrate to a newer version of `cncf.kubernetes` to get rid of this warning. If you import the module via `airflow.kubernetes` import, please use `cncf.kubernetes' provider 7.4.0+ and switch all your imports to use `apache.airflow.providers.cncf.kubernetes` to get rid of the warning.
[2023-12-27T12:57:56.445+0545] {logging_mixin.py:188} INFO - [2023-12-27T12:57:56.445+0545] {dag.py:3033} INFO - Sync 1 DAGs
[2023-12-27T12:57:56.456+0545] {logging_mixin.py:188} INFO - [2023-12-27T12:57:56.456+0545] {dag.py:3820} INFO - Setting next_dagrun for example_local_kubernetes_executor to None, run_after=None
[2023-12-27T12:57:56.495+0545] {processor.py:183} INFO - Processing /home/sarita/Documents/apache-airflow-project/.venv/lib/python3.9/site-packages/airflow/example_dags/example_local_kubernetes_executor.py took 0.308 seconds
[2023-12-27T16:15:45.500+0545] {processor.py:161} INFO - Started process (PID=24790) to work on /home/sarita/Documents/apache-airflow-project/.venv/lib/python3.9/site-packages/airflow/example_dags/example_local_kubernetes_executor.py
[2023-12-27T16:15:45.502+0545] {processor.py:830} INFO - Processing file /home/sarita/Documents/apache-airflow-project/.venv/lib/python3.9/site-packages/airflow/example_dags/example_local_kubernetes_executor.py for tasks to queue
[2023-12-27T16:15:45.503+0545] {logging_mixin.py:188} INFO - [2023-12-27T16:15:45.502+0545] {dagbag.py:538} INFO - Filling up the DagBag from /home/sarita/Documents/apache-airflow-project/.venv/lib/python3.9/site-packages/airflow/example_dags/example_local_kubernetes_executor.py
[2023-12-27T16:15:45.748+0545] {processor.py:840} INFO - DAG(s) 'example_local_kubernetes_executor' retrieved from /home/sarita/Documents/apache-airflow-project/.venv/lib/python3.9/site-packages/airflow/example_dags/example_local_kubernetes_executor.py
[2023-12-27T16:15:45.757+0545] {logging_mixin.py:188} WARNING - /home/sarita/Documents/apache-airflow-project/.venv/lib/python3.9/site-packages/airflow/serialization/serialized_objects.py:1563 DeprecationWarning: This module is deprecated. The `cncf.kubernetes` provider before version 7.4.0 uses this module - you should migrate to a newer version of `cncf.kubernetes` to get rid of this warning. If you import the module via `airflow.kubernetes` import, please use `cncf.kubernetes' provider 7.4.0+ and switch all your imports to use `apache.airflow.providers.cncf.kubernetes` to get rid of the warning.
[2023-12-27T16:15:45.766+0545] {logging_mixin.py:188} INFO - [2023-12-27T16:15:45.766+0545] {dag.py:3033} INFO - Sync 1 DAGs
[2023-12-27T16:15:45.774+0545] {logging_mixin.py:188} INFO - [2023-12-27T16:15:45.774+0545] {dag.py:3820} INFO - Setting next_dagrun for example_local_kubernetes_executor to None, run_after=None
[2023-12-27T16:15:45.793+0545] {processor.py:183} INFO - Processing /home/sarita/Documents/apache-airflow-project/.venv/lib/python3.9/site-packages/airflow/example_dags/example_local_kubernetes_executor.py took 0.296 seconds
