[2023-12-27T09:36:48.105+0545] {processor.py:161} INFO - Started process (PID=6908) to work on /home/sarita/Documents/apache-airflow-project/.venv/lib/python3.9/site-packages/airflow/example_dags/example_trigger_controller_dag.py
[2023-12-27T09:36:48.106+0545] {processor.py:830} INFO - Processing file /home/sarita/Documents/apache-airflow-project/.venv/lib/python3.9/site-packages/airflow/example_dags/example_trigger_controller_dag.py for tasks to queue
[2023-12-27T09:36:48.107+0545] {logging_mixin.py:188} INFO - [2023-12-27T09:36:48.106+0545] {dagbag.py:538} INFO - Filling up the DagBag from /home/sarita/Documents/apache-airflow-project/.venv/lib/python3.9/site-packages/airflow/example_dags/example_trigger_controller_dag.py
[2023-12-27T09:36:48.110+0545] {processor.py:840} INFO - DAG(s) 'example_trigger_controller_dag' retrieved from /home/sarita/Documents/apache-airflow-project/.venv/lib/python3.9/site-packages/airflow/example_dags/example_trigger_controller_dag.py
[2023-12-27T09:36:48.125+0545] {logging_mixin.py:188} INFO - [2023-12-27T09:36:48.125+0545] {dag.py:3033} INFO - Sync 1 DAGs
[2023-12-27T09:36:48.143+0545] {logging_mixin.py:188} INFO - [2023-12-27T09:36:48.143+0545] {dag.py:3820} INFO - Setting next_dagrun for example_trigger_controller_dag to 2021-01-01T00:00:00+00:00, run_after=2021-01-01T00:00:00+00:00
[2023-12-27T09:36:48.161+0545] {processor.py:183} INFO - Processing /home/sarita/Documents/apache-airflow-project/.venv/lib/python3.9/site-packages/airflow/example_dags/example_trigger_controller_dag.py took 0.060 seconds
[2023-12-27T09:37:34.722+0545] {processor.py:161} INFO - Started process (PID=6967) to work on /home/sarita/Documents/apache-airflow-project/.venv/lib/python3.9/site-packages/airflow/example_dags/example_trigger_controller_dag.py
[2023-12-27T09:37:34.723+0545] {processor.py:830} INFO - Processing file /home/sarita/Documents/apache-airflow-project/.venv/lib/python3.9/site-packages/airflow/example_dags/example_trigger_controller_dag.py for tasks to queue
[2023-12-27T09:37:34.724+0545] {logging_mixin.py:188} INFO - [2023-12-27T09:37:34.724+0545] {dagbag.py:538} INFO - Filling up the DagBag from /home/sarita/Documents/apache-airflow-project/.venv/lib/python3.9/site-packages/airflow/example_dags/example_trigger_controller_dag.py
[2023-12-27T09:37:34.727+0545] {processor.py:840} INFO - DAG(s) 'example_trigger_controller_dag' retrieved from /home/sarita/Documents/apache-airflow-project/.venv/lib/python3.9/site-packages/airflow/example_dags/example_trigger_controller_dag.py
[2023-12-27T09:37:34.738+0545] {logging_mixin.py:188} INFO - [2023-12-27T09:37:34.738+0545] {dag.py:3033} INFO - Sync 1 DAGs
[2023-12-27T09:37:34.755+0545] {logging_mixin.py:188} INFO - [2023-12-27T09:37:34.754+0545] {dag.py:3820} INFO - Setting next_dagrun for example_trigger_controller_dag to 2021-01-01T00:00:00+00:00, run_after=2021-01-01T00:00:00+00:00
[2023-12-27T09:37:34.774+0545] {processor.py:183} INFO - Processing /home/sarita/Documents/apache-airflow-project/.venv/lib/python3.9/site-packages/airflow/example_dags/example_trigger_controller_dag.py took 0.054 seconds
[2023-12-27T09:38:25.500+0545] {processor.py:161} INFO - Started process (PID=7028) to work on /home/sarita/Documents/apache-airflow-project/.venv/lib/python3.9/site-packages/airflow/example_dags/example_trigger_controller_dag.py
[2023-12-27T09:38:25.502+0545] {processor.py:830} INFO - Processing file /home/sarita/Documents/apache-airflow-project/.venv/lib/python3.9/site-packages/airflow/example_dags/example_trigger_controller_dag.py for tasks to queue
[2023-12-27T09:38:25.502+0545] {logging_mixin.py:188} INFO - [2023-12-27T09:38:25.502+0545] {dagbag.py:538} INFO - Filling up the DagBag from /home/sarita/Documents/apache-airflow-project/.venv/lib/python3.9/site-packages/airflow/example_dags/example_trigger_controller_dag.py
[2023-12-27T09:38:25.505+0545] {processor.py:840} INFO - DAG(s) 'example_trigger_controller_dag' retrieved from /home/sarita/Documents/apache-airflow-project/.venv/lib/python3.9/site-packages/airflow/example_dags/example_trigger_controller_dag.py
[2023-12-27T09:38:25.515+0545] {logging_mixin.py:188} INFO - [2023-12-27T09:38:25.515+0545] {dag.py:3033} INFO - Sync 1 DAGs
[2023-12-27T09:38:25.530+0545] {logging_mixin.py:188} INFO - [2023-12-27T09:38:25.530+0545] {dag.py:3820} INFO - Setting next_dagrun for example_trigger_controller_dag to 2021-01-01T00:00:00+00:00, run_after=2021-01-01T00:00:00+00:00
[2023-12-27T09:38:25.547+0545] {processor.py:183} INFO - Processing /home/sarita/Documents/apache-airflow-project/.venv/lib/python3.9/site-packages/airflow/example_dags/example_trigger_controller_dag.py took 0.049 seconds
[2023-12-27T09:39:18.890+0545] {processor.py:161} INFO - Started process (PID=7145) to work on /home/sarita/Documents/apache-airflow-project/.venv/lib/python3.9/site-packages/airflow/example_dags/example_trigger_controller_dag.py
[2023-12-27T09:39:18.893+0545] {processor.py:830} INFO - Processing file /home/sarita/Documents/apache-airflow-project/.venv/lib/python3.9/site-packages/airflow/example_dags/example_trigger_controller_dag.py for tasks to queue
[2023-12-27T09:39:18.895+0545] {logging_mixin.py:188} INFO - [2023-12-27T09:39:18.894+0545] {dagbag.py:538} INFO - Filling up the DagBag from /home/sarita/Documents/apache-airflow-project/.venv/lib/python3.9/site-packages/airflow/example_dags/example_trigger_controller_dag.py
[2023-12-27T09:39:18.905+0545] {processor.py:840} INFO - DAG(s) 'example_trigger_controller_dag' retrieved from /home/sarita/Documents/apache-airflow-project/.venv/lib/python3.9/site-packages/airflow/example_dags/example_trigger_controller_dag.py
[2023-12-27T09:39:18.923+0545] {logging_mixin.py:188} INFO - [2023-12-27T09:39:18.923+0545] {dag.py:3033} INFO - Sync 1 DAGs
[2023-12-27T09:39:18.939+0545] {logging_mixin.py:188} INFO - [2023-12-27T09:39:18.939+0545] {dag.py:3820} INFO - Setting next_dagrun for example_trigger_controller_dag to 2021-01-01T00:00:00+00:00, run_after=2021-01-01T00:00:00+00:00
[2023-12-27T09:39:18.957+0545] {processor.py:183} INFO - Processing /home/sarita/Documents/apache-airflow-project/.venv/lib/python3.9/site-packages/airflow/example_dags/example_trigger_controller_dag.py took 0.074 seconds
[2023-12-27T09:40:15.736+0545] {processor.py:161} INFO - Started process (PID=7250) to work on /home/sarita/Documents/apache-airflow-project/.venv/lib/python3.9/site-packages/airflow/example_dags/example_trigger_controller_dag.py
[2023-12-27T09:40:15.738+0545] {processor.py:830} INFO - Processing file /home/sarita/Documents/apache-airflow-project/.venv/lib/python3.9/site-packages/airflow/example_dags/example_trigger_controller_dag.py for tasks to queue
[2023-12-27T09:40:15.739+0545] {logging_mixin.py:188} INFO - [2023-12-27T09:40:15.738+0545] {dagbag.py:538} INFO - Filling up the DagBag from /home/sarita/Documents/apache-airflow-project/.venv/lib/python3.9/site-packages/airflow/example_dags/example_trigger_controller_dag.py
[2023-12-27T09:40:15.742+0545] {processor.py:840} INFO - DAG(s) 'example_trigger_controller_dag' retrieved from /home/sarita/Documents/apache-airflow-project/.venv/lib/python3.9/site-packages/airflow/example_dags/example_trigger_controller_dag.py
[2023-12-27T09:40:15.752+0545] {logging_mixin.py:188} INFO - [2023-12-27T09:40:15.752+0545] {dag.py:3033} INFO - Sync 1 DAGs
[2023-12-27T09:40:15.768+0545] {logging_mixin.py:188} INFO - [2023-12-27T09:40:15.768+0545] {dag.py:3820} INFO - Setting next_dagrun for example_trigger_controller_dag to 2021-01-01T00:00:00+00:00, run_after=2021-01-01T00:00:00+00:00
[2023-12-27T09:40:15.786+0545] {processor.py:183} INFO - Processing /home/sarita/Documents/apache-airflow-project/.venv/lib/python3.9/site-packages/airflow/example_dags/example_trigger_controller_dag.py took 0.052 seconds
[2023-12-27T09:41:05.979+0545] {processor.py:161} INFO - Started process (PID=7507) to work on /home/sarita/Documents/apache-airflow-project/.venv/lib/python3.9/site-packages/airflow/example_dags/example_trigger_controller_dag.py
[2023-12-27T09:41:05.981+0545] {processor.py:830} INFO - Processing file /home/sarita/Documents/apache-airflow-project/.venv/lib/python3.9/site-packages/airflow/example_dags/example_trigger_controller_dag.py for tasks to queue
[2023-12-27T09:41:05.982+0545] {logging_mixin.py:188} INFO - [2023-12-27T09:41:05.981+0545] {dagbag.py:538} INFO - Filling up the DagBag from /home/sarita/Documents/apache-airflow-project/.venv/lib/python3.9/site-packages/airflow/example_dags/example_trigger_controller_dag.py
[2023-12-27T09:41:05.984+0545] {processor.py:840} INFO - DAG(s) 'example_trigger_controller_dag' retrieved from /home/sarita/Documents/apache-airflow-project/.venv/lib/python3.9/site-packages/airflow/example_dags/example_trigger_controller_dag.py
[2023-12-27T09:41:05.994+0545] {logging_mixin.py:188} INFO - [2023-12-27T09:41:05.994+0545] {dag.py:3033} INFO - Sync 1 DAGs
[2023-12-27T09:41:06.009+0545] {logging_mixin.py:188} INFO - [2023-12-27T09:41:06.009+0545] {dag.py:3820} INFO - Setting next_dagrun for example_trigger_controller_dag to 2021-01-01T00:00:00+00:00, run_after=2021-01-01T00:00:00+00:00
[2023-12-27T09:41:06.026+0545] {processor.py:183} INFO - Processing /home/sarita/Documents/apache-airflow-project/.venv/lib/python3.9/site-packages/airflow/example_dags/example_trigger_controller_dag.py took 0.048 seconds
[2023-12-27T09:41:47.942+0545] {processor.py:161} INFO - Started process (PID=7612) to work on /home/sarita/Documents/apache-airflow-project/.venv/lib/python3.9/site-packages/airflow/example_dags/example_trigger_controller_dag.py
[2023-12-27T09:41:47.944+0545] {processor.py:830} INFO - Processing file /home/sarita/Documents/apache-airflow-project/.venv/lib/python3.9/site-packages/airflow/example_dags/example_trigger_controller_dag.py for tasks to queue
[2023-12-27T09:41:47.945+0545] {logging_mixin.py:188} INFO - [2023-12-27T09:41:47.944+0545] {dagbag.py:538} INFO - Filling up the DagBag from /home/sarita/Documents/apache-airflow-project/.venv/lib/python3.9/site-packages/airflow/example_dags/example_trigger_controller_dag.py
[2023-12-27T09:41:47.948+0545] {processor.py:840} INFO - DAG(s) 'example_trigger_controller_dag' retrieved from /home/sarita/Documents/apache-airflow-project/.venv/lib/python3.9/site-packages/airflow/example_dags/example_trigger_controller_dag.py
[2023-12-27T09:41:47.963+0545] {logging_mixin.py:188} INFO - [2023-12-27T09:41:47.962+0545] {dag.py:3033} INFO - Sync 1 DAGs
[2023-12-27T09:41:47.983+0545] {logging_mixin.py:188} INFO - [2023-12-27T09:41:47.983+0545] {dag.py:3820} INFO - Setting next_dagrun for example_trigger_controller_dag to 2021-01-01T00:00:00+00:00, run_after=2021-01-01T00:00:00+00:00
[2023-12-27T09:41:48.004+0545] {processor.py:183} INFO - Processing /home/sarita/Documents/apache-airflow-project/.venv/lib/python3.9/site-packages/airflow/example_dags/example_trigger_controller_dag.py took 0.065 seconds
[2023-12-27T09:42:42.972+0545] {processor.py:161} INFO - Started process (PID=7813) to work on /home/sarita/Documents/apache-airflow-project/.venv/lib/python3.9/site-packages/airflow/example_dags/example_trigger_controller_dag.py
[2023-12-27T09:42:42.975+0545] {processor.py:830} INFO - Processing file /home/sarita/Documents/apache-airflow-project/.venv/lib/python3.9/site-packages/airflow/example_dags/example_trigger_controller_dag.py for tasks to queue
[2023-12-27T09:42:42.976+0545] {logging_mixin.py:188} INFO - [2023-12-27T09:42:42.975+0545] {dagbag.py:538} INFO - Filling up the DagBag from /home/sarita/Documents/apache-airflow-project/.venv/lib/python3.9/site-packages/airflow/example_dags/example_trigger_controller_dag.py
[2023-12-27T09:42:42.981+0545] {processor.py:840} INFO - DAG(s) 'example_trigger_controller_dag' retrieved from /home/sarita/Documents/apache-airflow-project/.venv/lib/python3.9/site-packages/airflow/example_dags/example_trigger_controller_dag.py
[2023-12-27T09:42:42.993+0545] {logging_mixin.py:188} INFO - [2023-12-27T09:42:42.993+0545] {dag.py:3033} INFO - Sync 1 DAGs
[2023-12-27T09:42:43.011+0545] {logging_mixin.py:188} INFO - [2023-12-27T09:42:43.011+0545] {dag.py:3820} INFO - Setting next_dagrun for example_trigger_controller_dag to 2021-01-01T00:00:00+00:00, run_after=2021-01-01T00:00:00+00:00
[2023-12-27T09:42:43.030+0545] {processor.py:183} INFO - Processing /home/sarita/Documents/apache-airflow-project/.venv/lib/python3.9/site-packages/airflow/example_dags/example_trigger_controller_dag.py took 0.062 seconds
[2023-12-27T09:43:33.659+0545] {processor.py:161} INFO - Started process (PID=7885) to work on /home/sarita/Documents/apache-airflow-project/.venv/lib/python3.9/site-packages/airflow/example_dags/example_trigger_controller_dag.py
[2023-12-27T09:43:33.659+0545] {processor.py:830} INFO - Processing file /home/sarita/Documents/apache-airflow-project/.venv/lib/python3.9/site-packages/airflow/example_dags/example_trigger_controller_dag.py for tasks to queue
[2023-12-27T09:43:33.660+0545] {logging_mixin.py:188} INFO - [2023-12-27T09:43:33.660+0545] {dagbag.py:538} INFO - Filling up the DagBag from /home/sarita/Documents/apache-airflow-project/.venv/lib/python3.9/site-packages/airflow/example_dags/example_trigger_controller_dag.py
[2023-12-27T09:43:33.665+0545] {processor.py:840} INFO - DAG(s) 'example_trigger_controller_dag' retrieved from /home/sarita/Documents/apache-airflow-project/.venv/lib/python3.9/site-packages/airflow/example_dags/example_trigger_controller_dag.py
[2023-12-27T09:43:33.677+0545] {logging_mixin.py:188} INFO - [2023-12-27T09:43:33.676+0545] {dag.py:3033} INFO - Sync 1 DAGs
[2023-12-27T09:43:33.692+0545] {logging_mixin.py:188} INFO - [2023-12-27T09:43:33.692+0545] {dag.py:3820} INFO - Setting next_dagrun for example_trigger_controller_dag to 2021-01-01T00:00:00+00:00, run_after=2021-01-01T00:00:00+00:00
[2023-12-27T09:43:33.710+0545] {processor.py:183} INFO - Processing /home/sarita/Documents/apache-airflow-project/.venv/lib/python3.9/site-packages/airflow/example_dags/example_trigger_controller_dag.py took 0.055 seconds
[2023-12-27T09:44:14.399+0545] {processor.py:161} INFO - Started process (PID=7936) to work on /home/sarita/Documents/apache-airflow-project/.venv/lib/python3.9/site-packages/airflow/example_dags/example_trigger_controller_dag.py
[2023-12-27T09:44:14.402+0545] {processor.py:830} INFO - Processing file /home/sarita/Documents/apache-airflow-project/.venv/lib/python3.9/site-packages/airflow/example_dags/example_trigger_controller_dag.py for tasks to queue
[2023-12-27T09:44:14.403+0545] {logging_mixin.py:188} INFO - [2023-12-27T09:44:14.402+0545] {dagbag.py:538} INFO - Filling up the DagBag from /home/sarita/Documents/apache-airflow-project/.venv/lib/python3.9/site-packages/airflow/example_dags/example_trigger_controller_dag.py
[2023-12-27T09:44:14.408+0545] {processor.py:840} INFO - DAG(s) 'example_trigger_controller_dag' retrieved from /home/sarita/Documents/apache-airflow-project/.venv/lib/python3.9/site-packages/airflow/example_dags/example_trigger_controller_dag.py
[2023-12-27T09:44:14.425+0545] {logging_mixin.py:188} INFO - [2023-12-27T09:44:14.425+0545] {dag.py:3033} INFO - Sync 1 DAGs
[2023-12-27T09:44:14.442+0545] {logging_mixin.py:188} INFO - [2023-12-27T09:44:14.442+0545] {dag.py:3820} INFO - Setting next_dagrun for example_trigger_controller_dag to 2021-01-01T00:00:00+00:00, run_after=2021-01-01T00:00:00+00:00
[2023-12-27T09:44:14.460+0545] {processor.py:183} INFO - Processing /home/sarita/Documents/apache-airflow-project/.venv/lib/python3.9/site-packages/airflow/example_dags/example_trigger_controller_dag.py took 0.065 seconds
[2023-12-27T09:45:06.574+0545] {processor.py:161} INFO - Started process (PID=8010) to work on /home/sarita/Documents/apache-airflow-project/.venv/lib/python3.9/site-packages/airflow/example_dags/example_trigger_controller_dag.py
[2023-12-27T09:45:06.577+0545] {processor.py:830} INFO - Processing file /home/sarita/Documents/apache-airflow-project/.venv/lib/python3.9/site-packages/airflow/example_dags/example_trigger_controller_dag.py for tasks to queue
[2023-12-27T09:45:06.579+0545] {logging_mixin.py:188} INFO - [2023-12-27T09:45:06.578+0545] {dagbag.py:538} INFO - Filling up the DagBag from /home/sarita/Documents/apache-airflow-project/.venv/lib/python3.9/site-packages/airflow/example_dags/example_trigger_controller_dag.py
[2023-12-27T09:45:06.589+0545] {processor.py:840} INFO - DAG(s) 'example_trigger_controller_dag' retrieved from /home/sarita/Documents/apache-airflow-project/.venv/lib/python3.9/site-packages/airflow/example_dags/example_trigger_controller_dag.py
[2023-12-27T09:45:06.609+0545] {logging_mixin.py:188} INFO - [2023-12-27T09:45:06.609+0545] {dag.py:3033} INFO - Sync 1 DAGs
[2023-12-27T09:45:06.626+0545] {logging_mixin.py:188} INFO - [2023-12-27T09:45:06.626+0545] {dag.py:3820} INFO - Setting next_dagrun for example_trigger_controller_dag to 2021-01-01T00:00:00+00:00, run_after=2021-01-01T00:00:00+00:00
[2023-12-27T09:45:06.644+0545] {processor.py:183} INFO - Processing /home/sarita/Documents/apache-airflow-project/.venv/lib/python3.9/site-packages/airflow/example_dags/example_trigger_controller_dag.py took 0.077 seconds
[2023-12-27T09:46:01.832+0545] {processor.py:161} INFO - Started process (PID=8464) to work on /home/sarita/Documents/apache-airflow-project/.venv/lib/python3.9/site-packages/airflow/example_dags/example_trigger_controller_dag.py
[2023-12-27T09:46:01.841+0545] {processor.py:830} INFO - Processing file /home/sarita/Documents/apache-airflow-project/.venv/lib/python3.9/site-packages/airflow/example_dags/example_trigger_controller_dag.py for tasks to queue
[2023-12-27T09:46:01.843+0545] {logging_mixin.py:188} INFO - [2023-12-27T09:46:01.842+0545] {dagbag.py:538} INFO - Filling up the DagBag from /home/sarita/Documents/apache-airflow-project/.venv/lib/python3.9/site-packages/airflow/example_dags/example_trigger_controller_dag.py
[2023-12-27T09:46:01.853+0545] {processor.py:840} INFO - DAG(s) 'example_trigger_controller_dag' retrieved from /home/sarita/Documents/apache-airflow-project/.venv/lib/python3.9/site-packages/airflow/example_dags/example_trigger_controller_dag.py
[2023-12-27T09:46:01.870+0545] {logging_mixin.py:188} INFO - [2023-12-27T09:46:01.870+0545] {dag.py:3033} INFO - Sync 1 DAGs
[2023-12-27T09:46:01.886+0545] {logging_mixin.py:188} INFO - [2023-12-27T09:46:01.886+0545] {dag.py:3820} INFO - Setting next_dagrun for example_trigger_controller_dag to 2021-01-01T00:00:00+00:00, run_after=2021-01-01T00:00:00+00:00
[2023-12-27T09:46:01.909+0545] {processor.py:183} INFO - Processing /home/sarita/Documents/apache-airflow-project/.venv/lib/python3.9/site-packages/airflow/example_dags/example_trigger_controller_dag.py took 0.081 seconds
[2023-12-27T09:46:56.241+0545] {processor.py:161} INFO - Started process (PID=8529) to work on /home/sarita/Documents/apache-airflow-project/.venv/lib/python3.9/site-packages/airflow/example_dags/example_trigger_controller_dag.py
[2023-12-27T09:46:56.245+0545] {processor.py:830} INFO - Processing file /home/sarita/Documents/apache-airflow-project/.venv/lib/python3.9/site-packages/airflow/example_dags/example_trigger_controller_dag.py for tasks to queue
[2023-12-27T09:46:56.247+0545] {logging_mixin.py:188} INFO - [2023-12-27T09:46:56.246+0545] {dagbag.py:538} INFO - Filling up the DagBag from /home/sarita/Documents/apache-airflow-project/.venv/lib/python3.9/site-packages/airflow/example_dags/example_trigger_controller_dag.py
[2023-12-27T09:46:56.258+0545] {processor.py:840} INFO - DAG(s) 'example_trigger_controller_dag' retrieved from /home/sarita/Documents/apache-airflow-project/.venv/lib/python3.9/site-packages/airflow/example_dags/example_trigger_controller_dag.py
[2023-12-27T09:46:56.274+0545] {logging_mixin.py:188} INFO - [2023-12-27T09:46:56.274+0545] {dag.py:3033} INFO - Sync 1 DAGs
[2023-12-27T09:46:56.290+0545] {logging_mixin.py:188} INFO - [2023-12-27T09:46:56.290+0545] {dag.py:3820} INFO - Setting next_dagrun for example_trigger_controller_dag to 2021-01-01T00:00:00+00:00, run_after=2021-01-01T00:00:00+00:00
[2023-12-27T09:46:56.308+0545] {processor.py:183} INFO - Processing /home/sarita/Documents/apache-airflow-project/.venv/lib/python3.9/site-packages/airflow/example_dags/example_trigger_controller_dag.py took 0.075 seconds
[2023-12-27T09:47:35.401+0545] {processor.py:161} INFO - Started process (PID=8569) to work on /home/sarita/Documents/apache-airflow-project/.venv/lib/python3.9/site-packages/airflow/example_dags/example_trigger_controller_dag.py
[2023-12-27T09:47:35.403+0545] {processor.py:830} INFO - Processing file /home/sarita/Documents/apache-airflow-project/.venv/lib/python3.9/site-packages/airflow/example_dags/example_trigger_controller_dag.py for tasks to queue
[2023-12-27T09:47:35.404+0545] {logging_mixin.py:188} INFO - [2023-12-27T09:47:35.403+0545] {dagbag.py:538} INFO - Filling up the DagBag from /home/sarita/Documents/apache-airflow-project/.venv/lib/python3.9/site-packages/airflow/example_dags/example_trigger_controller_dag.py
[2023-12-27T09:47:35.407+0545] {processor.py:840} INFO - DAG(s) 'example_trigger_controller_dag' retrieved from /home/sarita/Documents/apache-airflow-project/.venv/lib/python3.9/site-packages/airflow/example_dags/example_trigger_controller_dag.py
[2023-12-27T09:47:35.419+0545] {logging_mixin.py:188} INFO - [2023-12-27T09:47:35.419+0545] {dag.py:3033} INFO - Sync 1 DAGs
[2023-12-27T09:47:35.435+0545] {logging_mixin.py:188} INFO - [2023-12-27T09:47:35.435+0545] {dag.py:3820} INFO - Setting next_dagrun for example_trigger_controller_dag to 2021-01-01T00:00:00+00:00, run_after=2021-01-01T00:00:00+00:00
[2023-12-27T09:47:35.453+0545] {processor.py:183} INFO - Processing /home/sarita/Documents/apache-airflow-project/.venv/lib/python3.9/site-packages/airflow/example_dags/example_trigger_controller_dag.py took 0.055 seconds
[2023-12-27T09:48:14.862+0545] {processor.py:161} INFO - Started process (PID=8634) to work on /home/sarita/Documents/apache-airflow-project/.venv/lib/python3.9/site-packages/airflow/example_dags/example_trigger_controller_dag.py
[2023-12-27T09:48:14.864+0545] {processor.py:830} INFO - Processing file /home/sarita/Documents/apache-airflow-project/.venv/lib/python3.9/site-packages/airflow/example_dags/example_trigger_controller_dag.py for tasks to queue
[2023-12-27T09:48:14.865+0545] {logging_mixin.py:188} INFO - [2023-12-27T09:48:14.865+0545] {dagbag.py:538} INFO - Filling up the DagBag from /home/sarita/Documents/apache-airflow-project/.venv/lib/python3.9/site-packages/airflow/example_dags/example_trigger_controller_dag.py
[2023-12-27T09:48:14.868+0545] {processor.py:840} INFO - DAG(s) 'example_trigger_controller_dag' retrieved from /home/sarita/Documents/apache-airflow-project/.venv/lib/python3.9/site-packages/airflow/example_dags/example_trigger_controller_dag.py
[2023-12-27T09:48:14.878+0545] {logging_mixin.py:188} INFO - [2023-12-27T09:48:14.878+0545] {dag.py:3033} INFO - Sync 1 DAGs
[2023-12-27T09:48:14.894+0545] {logging_mixin.py:188} INFO - [2023-12-27T09:48:14.894+0545] {dag.py:3820} INFO - Setting next_dagrun for example_trigger_controller_dag to 2021-01-01T00:00:00+00:00, run_after=2021-01-01T00:00:00+00:00
[2023-12-27T09:48:14.912+0545] {processor.py:183} INFO - Processing /home/sarita/Documents/apache-airflow-project/.venv/lib/python3.9/site-packages/airflow/example_dags/example_trigger_controller_dag.py took 0.051 seconds
[2023-12-27T09:49:09.188+0545] {processor.py:161} INFO - Started process (PID=8692) to work on /home/sarita/Documents/apache-airflow-project/.venv/lib/python3.9/site-packages/airflow/example_dags/example_trigger_controller_dag.py
[2023-12-27T09:49:09.192+0545] {processor.py:830} INFO - Processing file /home/sarita/Documents/apache-airflow-project/.venv/lib/python3.9/site-packages/airflow/example_dags/example_trigger_controller_dag.py for tasks to queue
[2023-12-27T09:49:09.194+0545] {logging_mixin.py:188} INFO - [2023-12-27T09:49:09.193+0545] {dagbag.py:538} INFO - Filling up the DagBag from /home/sarita/Documents/apache-airflow-project/.venv/lib/python3.9/site-packages/airflow/example_dags/example_trigger_controller_dag.py
[2023-12-27T09:49:09.204+0545] {processor.py:840} INFO - DAG(s) 'example_trigger_controller_dag' retrieved from /home/sarita/Documents/apache-airflow-project/.venv/lib/python3.9/site-packages/airflow/example_dags/example_trigger_controller_dag.py
[2023-12-27T09:49:09.220+0545] {logging_mixin.py:188} INFO - [2023-12-27T09:49:09.220+0545] {dag.py:3033} INFO - Sync 1 DAGs
[2023-12-27T09:49:09.236+0545] {logging_mixin.py:188} INFO - [2023-12-27T09:49:09.235+0545] {dag.py:3820} INFO - Setting next_dagrun for example_trigger_controller_dag to 2021-01-01T00:00:00+00:00, run_after=2021-01-01T00:00:00+00:00
[2023-12-27T09:49:09.252+0545] {processor.py:183} INFO - Processing /home/sarita/Documents/apache-airflow-project/.venv/lib/python3.9/site-packages/airflow/example_dags/example_trigger_controller_dag.py took 0.071 seconds
[2023-12-27T09:50:04.965+0545] {processor.py:161} INFO - Started process (PID=8752) to work on /home/sarita/Documents/apache-airflow-project/.venv/lib/python3.9/site-packages/airflow/example_dags/example_trigger_controller_dag.py
[2023-12-27T09:50:04.968+0545] {processor.py:830} INFO - Processing file /home/sarita/Documents/apache-airflow-project/.venv/lib/python3.9/site-packages/airflow/example_dags/example_trigger_controller_dag.py for tasks to queue
[2023-12-27T09:50:04.971+0545] {logging_mixin.py:188} INFO - [2023-12-27T09:50:04.970+0545] {dagbag.py:538} INFO - Filling up the DagBag from /home/sarita/Documents/apache-airflow-project/.venv/lib/python3.9/site-packages/airflow/example_dags/example_trigger_controller_dag.py
[2023-12-27T09:50:04.980+0545] {processor.py:840} INFO - DAG(s) 'example_trigger_controller_dag' retrieved from /home/sarita/Documents/apache-airflow-project/.venv/lib/python3.9/site-packages/airflow/example_dags/example_trigger_controller_dag.py
[2023-12-27T09:50:04.995+0545] {logging_mixin.py:188} INFO - [2023-12-27T09:50:04.995+0545] {dag.py:3033} INFO - Sync 1 DAGs
[2023-12-27T09:50:05.011+0545] {logging_mixin.py:188} INFO - [2023-12-27T09:50:05.011+0545] {dag.py:3820} INFO - Setting next_dagrun for example_trigger_controller_dag to 2021-01-01T00:00:00+00:00, run_after=2021-01-01T00:00:00+00:00
[2023-12-27T09:50:05.028+0545] {processor.py:183} INFO - Processing /home/sarita/Documents/apache-airflow-project/.venv/lib/python3.9/site-packages/airflow/example_dags/example_trigger_controller_dag.py took 0.071 seconds
[2023-12-27T09:50:45.754+0545] {processor.py:161} INFO - Started process (PID=8825) to work on /home/sarita/Documents/apache-airflow-project/.venv/lib/python3.9/site-packages/airflow/example_dags/example_trigger_controller_dag.py
[2023-12-27T09:50:45.756+0545] {processor.py:830} INFO - Processing file /home/sarita/Documents/apache-airflow-project/.venv/lib/python3.9/site-packages/airflow/example_dags/example_trigger_controller_dag.py for tasks to queue
[2023-12-27T09:50:45.757+0545] {logging_mixin.py:188} INFO - [2023-12-27T09:50:45.756+0545] {dagbag.py:538} INFO - Filling up the DagBag from /home/sarita/Documents/apache-airflow-project/.venv/lib/python3.9/site-packages/airflow/example_dags/example_trigger_controller_dag.py
[2023-12-27T09:50:45.761+0545] {processor.py:840} INFO - DAG(s) 'example_trigger_controller_dag' retrieved from /home/sarita/Documents/apache-airflow-project/.venv/lib/python3.9/site-packages/airflow/example_dags/example_trigger_controller_dag.py
[2023-12-27T09:50:45.777+0545] {logging_mixin.py:188} INFO - [2023-12-27T09:50:45.777+0545] {dag.py:3033} INFO - Sync 1 DAGs
[2023-12-27T09:50:45.793+0545] {logging_mixin.py:188} INFO - [2023-12-27T09:50:45.793+0545] {dag.py:3820} INFO - Setting next_dagrun for example_trigger_controller_dag to 2021-01-01T00:00:00+00:00, run_after=2021-01-01T00:00:00+00:00
[2023-12-27T09:50:45.817+0545] {processor.py:183} INFO - Processing /home/sarita/Documents/apache-airflow-project/.venv/lib/python3.9/site-packages/airflow/example_dags/example_trigger_controller_dag.py took 0.066 seconds
[2023-12-27T09:51:43.260+0545] {processor.py:161} INFO - Started process (PID=8904) to work on /home/sarita/Documents/apache-airflow-project/.venv/lib/python3.9/site-packages/airflow/example_dags/example_trigger_controller_dag.py
[2023-12-27T09:51:43.262+0545] {processor.py:830} INFO - Processing file /home/sarita/Documents/apache-airflow-project/.venv/lib/python3.9/site-packages/airflow/example_dags/example_trigger_controller_dag.py for tasks to queue
[2023-12-27T09:51:43.264+0545] {logging_mixin.py:188} INFO - [2023-12-27T09:51:43.263+0545] {dagbag.py:538} INFO - Filling up the DagBag from /home/sarita/Documents/apache-airflow-project/.venv/lib/python3.9/site-packages/airflow/example_dags/example_trigger_controller_dag.py
[2023-12-27T09:51:43.272+0545] {processor.py:840} INFO - DAG(s) 'example_trigger_controller_dag' retrieved from /home/sarita/Documents/apache-airflow-project/.venv/lib/python3.9/site-packages/airflow/example_dags/example_trigger_controller_dag.py
[2023-12-27T09:51:43.289+0545] {logging_mixin.py:188} INFO - [2023-12-27T09:51:43.289+0545] {dag.py:3033} INFO - Sync 1 DAGs
[2023-12-27T09:51:43.305+0545] {logging_mixin.py:188} INFO - [2023-12-27T09:51:43.305+0545] {dag.py:3820} INFO - Setting next_dagrun for example_trigger_controller_dag to 2021-01-01T00:00:00+00:00, run_after=2021-01-01T00:00:00+00:00
[2023-12-27T09:51:43.324+0545] {processor.py:183} INFO - Processing /home/sarita/Documents/apache-airflow-project/.venv/lib/python3.9/site-packages/airflow/example_dags/example_trigger_controller_dag.py took 0.070 seconds
[2023-12-27T09:54:45.113+0545] {processor.py:161} INFO - Started process (PID=9261) to work on /home/sarita/Documents/apache-airflow-project/.venv/lib/python3.9/site-packages/airflow/example_dags/example_trigger_controller_dag.py
[2023-12-27T09:54:45.114+0545] {processor.py:830} INFO - Processing file /home/sarita/Documents/apache-airflow-project/.venv/lib/python3.9/site-packages/airflow/example_dags/example_trigger_controller_dag.py for tasks to queue
[2023-12-27T09:54:45.115+0545] {logging_mixin.py:188} INFO - [2023-12-27T09:54:45.114+0545] {dagbag.py:538} INFO - Filling up the DagBag from /home/sarita/Documents/apache-airflow-project/.venv/lib/python3.9/site-packages/airflow/example_dags/example_trigger_controller_dag.py
[2023-12-27T09:54:45.118+0545] {processor.py:840} INFO - DAG(s) 'example_trigger_controller_dag' retrieved from /home/sarita/Documents/apache-airflow-project/.venv/lib/python3.9/site-packages/airflow/example_dags/example_trigger_controller_dag.py
[2023-12-27T09:54:45.130+0545] {logging_mixin.py:188} INFO - [2023-12-27T09:54:45.130+0545] {dag.py:3033} INFO - Sync 1 DAGs
[2023-12-27T09:54:45.148+0545] {logging_mixin.py:188} INFO - [2023-12-27T09:54:45.148+0545] {dag.py:3820} INFO - Setting next_dagrun for example_trigger_controller_dag to 2021-01-01T00:00:00+00:00, run_after=2021-01-01T00:00:00+00:00
[2023-12-27T09:54:45.169+0545] {processor.py:183} INFO - Processing /home/sarita/Documents/apache-airflow-project/.venv/lib/python3.9/site-packages/airflow/example_dags/example_trigger_controller_dag.py took 0.058 seconds
[2023-12-27T12:16:03.909+0545] {processor.py:161} INFO - Started process (PID=12970) to work on /home/sarita/Documents/apache-airflow-project/.venv/lib/python3.9/site-packages/airflow/example_dags/example_trigger_controller_dag.py
[2023-12-27T12:16:03.909+0545] {processor.py:830} INFO - Processing file /home/sarita/Documents/apache-airflow-project/.venv/lib/python3.9/site-packages/airflow/example_dags/example_trigger_controller_dag.py for tasks to queue
[2023-12-27T12:16:03.910+0545] {logging_mixin.py:188} INFO - [2023-12-27T12:16:03.910+0545] {dagbag.py:538} INFO - Filling up the DagBag from /home/sarita/Documents/apache-airflow-project/.venv/lib/python3.9/site-packages/airflow/example_dags/example_trigger_controller_dag.py
[2023-12-27T12:16:03.913+0545] {processor.py:840} INFO - DAG(s) 'example_trigger_controller_dag' retrieved from /home/sarita/Documents/apache-airflow-project/.venv/lib/python3.9/site-packages/airflow/example_dags/example_trigger_controller_dag.py
[2023-12-27T12:16:03.925+0545] {logging_mixin.py:188} INFO - [2023-12-27T12:16:03.925+0545] {dag.py:3033} INFO - Sync 1 DAGs
[2023-12-27T12:16:03.940+0545] {logging_mixin.py:188} INFO - [2023-12-27T12:16:03.940+0545] {dag.py:3820} INFO - Setting next_dagrun for example_trigger_controller_dag to 2021-01-01T00:00:00+00:00, run_after=2021-01-01T00:00:00+00:00
[2023-12-27T12:16:03.966+0545] {processor.py:183} INFO - Processing /home/sarita/Documents/apache-airflow-project/.venv/lib/python3.9/site-packages/airflow/example_dags/example_trigger_controller_dag.py took 0.059 seconds
[2023-12-27T12:21:16.713+0545] {processor.py:161} INFO - Started process (PID=13824) to work on /home/sarita/Documents/apache-airflow-project/.venv/lib/python3.9/site-packages/airflow/example_dags/example_trigger_controller_dag.py
[2023-12-27T12:21:16.714+0545] {processor.py:830} INFO - Processing file /home/sarita/Documents/apache-airflow-project/.venv/lib/python3.9/site-packages/airflow/example_dags/example_trigger_controller_dag.py for tasks to queue
[2023-12-27T12:21:16.715+0545] {logging_mixin.py:188} INFO - [2023-12-27T12:21:16.714+0545] {dagbag.py:538} INFO - Filling up the DagBag from /home/sarita/Documents/apache-airflow-project/.venv/lib/python3.9/site-packages/airflow/example_dags/example_trigger_controller_dag.py
[2023-12-27T12:21:16.718+0545] {processor.py:840} INFO - DAG(s) 'example_trigger_controller_dag' retrieved from /home/sarita/Documents/apache-airflow-project/.venv/lib/python3.9/site-packages/airflow/example_dags/example_trigger_controller_dag.py
[2023-12-27T12:21:16.728+0545] {logging_mixin.py:188} INFO - [2023-12-27T12:21:16.727+0545] {dag.py:3033} INFO - Sync 1 DAGs
[2023-12-27T12:21:16.742+0545] {logging_mixin.py:188} INFO - [2023-12-27T12:21:16.742+0545] {dag.py:3820} INFO - Setting next_dagrun for example_trigger_controller_dag to 2021-01-01T00:00:00+00:00, run_after=2021-01-01T00:00:00+00:00
[2023-12-27T12:21:16.760+0545] {processor.py:183} INFO - Processing /home/sarita/Documents/apache-airflow-project/.venv/lib/python3.9/site-packages/airflow/example_dags/example_trigger_controller_dag.py took 0.048 seconds
[2023-12-27T12:39:23.434+0545] {processor.py:161} INFO - Started process (PID=15376) to work on /home/sarita/Documents/apache-airflow-project/.venv/lib/python3.9/site-packages/airflow/example_dags/example_trigger_controller_dag.py
[2023-12-27T12:39:23.436+0545] {processor.py:830} INFO - Processing file /home/sarita/Documents/apache-airflow-project/.venv/lib/python3.9/site-packages/airflow/example_dags/example_trigger_controller_dag.py for tasks to queue
[2023-12-27T12:39:23.436+0545] {logging_mixin.py:188} INFO - [2023-12-27T12:39:23.436+0545] {dagbag.py:538} INFO - Filling up the DagBag from /home/sarita/Documents/apache-airflow-project/.venv/lib/python3.9/site-packages/airflow/example_dags/example_trigger_controller_dag.py
[2023-12-27T12:39:23.440+0545] {processor.py:840} INFO - DAG(s) 'example_trigger_controller_dag' retrieved from /home/sarita/Documents/apache-airflow-project/.venv/lib/python3.9/site-packages/airflow/example_dags/example_trigger_controller_dag.py
[2023-12-27T12:39:23.452+0545] {logging_mixin.py:188} INFO - [2023-12-27T12:39:23.452+0545] {dag.py:3033} INFO - Sync 1 DAGs
[2023-12-27T12:39:23.470+0545] {logging_mixin.py:188} INFO - [2023-12-27T12:39:23.470+0545] {dag.py:3820} INFO - Setting next_dagrun for example_trigger_controller_dag to 2021-01-01T00:00:00+00:00, run_after=2021-01-01T00:00:00+00:00
[2023-12-27T12:39:23.488+0545] {processor.py:183} INFO - Processing /home/sarita/Documents/apache-airflow-project/.venv/lib/python3.9/site-packages/airflow/example_dags/example_trigger_controller_dag.py took 0.057 seconds
[2023-12-27T12:41:53.705+0545] {processor.py:161} INFO - Started process (PID=16128) to work on /home/sarita/Documents/apache-airflow-project/.venv/lib/python3.9/site-packages/airflow/example_dags/example_trigger_controller_dag.py
[2023-12-27T12:41:53.707+0545] {processor.py:830} INFO - Processing file /home/sarita/Documents/apache-airflow-project/.venv/lib/python3.9/site-packages/airflow/example_dags/example_trigger_controller_dag.py for tasks to queue
[2023-12-27T12:41:53.708+0545] {logging_mixin.py:188} INFO - [2023-12-27T12:41:53.707+0545] {dagbag.py:538} INFO - Filling up the DagBag from /home/sarita/Documents/apache-airflow-project/.venv/lib/python3.9/site-packages/airflow/example_dags/example_trigger_controller_dag.py
[2023-12-27T12:41:53.711+0545] {processor.py:840} INFO - DAG(s) 'example_trigger_controller_dag' retrieved from /home/sarita/Documents/apache-airflow-project/.venv/lib/python3.9/site-packages/airflow/example_dags/example_trigger_controller_dag.py
[2023-12-27T12:41:53.721+0545] {logging_mixin.py:188} INFO - [2023-12-27T12:41:53.720+0545] {dag.py:3033} INFO - Sync 1 DAGs
[2023-12-27T12:41:53.735+0545] {logging_mixin.py:188} INFO - [2023-12-27T12:41:53.735+0545] {dag.py:3820} INFO - Setting next_dagrun for example_trigger_controller_dag to 2021-01-01T00:00:00+00:00, run_after=2021-01-01T00:00:00+00:00
[2023-12-27T12:41:53.753+0545] {processor.py:183} INFO - Processing /home/sarita/Documents/apache-airflow-project/.venv/lib/python3.9/site-packages/airflow/example_dags/example_trigger_controller_dag.py took 0.050 seconds
[2023-12-27T12:46:13.906+0545] {processor.py:161} INFO - Started process (PID=17134) to work on /home/sarita/Documents/apache-airflow-project/.venv/lib/python3.9/site-packages/airflow/example_dags/example_trigger_controller_dag.py
[2023-12-27T12:46:13.907+0545] {processor.py:830} INFO - Processing file /home/sarita/Documents/apache-airflow-project/.venv/lib/python3.9/site-packages/airflow/example_dags/example_trigger_controller_dag.py for tasks to queue
[2023-12-27T12:46:13.907+0545] {logging_mixin.py:188} INFO - [2023-12-27T12:46:13.907+0545] {dagbag.py:538} INFO - Filling up the DagBag from /home/sarita/Documents/apache-airflow-project/.venv/lib/python3.9/site-packages/airflow/example_dags/example_trigger_controller_dag.py
[2023-12-27T12:46:13.910+0545] {processor.py:840} INFO - DAG(s) 'example_trigger_controller_dag' retrieved from /home/sarita/Documents/apache-airflow-project/.venv/lib/python3.9/site-packages/airflow/example_dags/example_trigger_controller_dag.py
[2023-12-27T12:46:13.921+0545] {logging_mixin.py:188} INFO - [2023-12-27T12:46:13.921+0545] {dag.py:3033} INFO - Sync 1 DAGs
[2023-12-27T12:46:13.938+0545] {logging_mixin.py:188} INFO - [2023-12-27T12:46:13.937+0545] {dag.py:3820} INFO - Setting next_dagrun for example_trigger_controller_dag to 2021-01-01T00:00:00+00:00, run_after=2021-01-01T00:00:00+00:00
[2023-12-27T12:46:13.956+0545] {processor.py:183} INFO - Processing /home/sarita/Documents/apache-airflow-project/.venv/lib/python3.9/site-packages/airflow/example_dags/example_trigger_controller_dag.py took 0.051 seconds
[2023-12-27T12:52:27.792+0545] {processor.py:161} INFO - Started process (PID=17604) to work on /home/sarita/Documents/apache-airflow-project/.venv/lib/python3.9/site-packages/airflow/example_dags/example_trigger_controller_dag.py
[2023-12-27T12:52:27.795+0545] {processor.py:830} INFO - Processing file /home/sarita/Documents/apache-airflow-project/.venv/lib/python3.9/site-packages/airflow/example_dags/example_trigger_controller_dag.py for tasks to queue
[2023-12-27T12:52:27.796+0545] {logging_mixin.py:188} INFO - [2023-12-27T12:52:27.796+0545] {dagbag.py:538} INFO - Filling up the DagBag from /home/sarita/Documents/apache-airflow-project/.venv/lib/python3.9/site-packages/airflow/example_dags/example_trigger_controller_dag.py
[2023-12-27T12:52:27.805+0545] {processor.py:840} INFO - DAG(s) 'example_trigger_controller_dag' retrieved from /home/sarita/Documents/apache-airflow-project/.venv/lib/python3.9/site-packages/airflow/example_dags/example_trigger_controller_dag.py
[2023-12-27T12:52:27.823+0545] {logging_mixin.py:188} INFO - [2023-12-27T12:52:27.823+0545] {dag.py:3033} INFO - Sync 1 DAGs
[2023-12-27T12:52:27.841+0545] {logging_mixin.py:188} INFO - [2023-12-27T12:52:27.840+0545] {dag.py:3820} INFO - Setting next_dagrun for example_trigger_controller_dag to 2021-01-01T00:00:00+00:00, run_after=2021-01-01T00:00:00+00:00
[2023-12-27T12:52:27.866+0545] {processor.py:183} INFO - Processing /home/sarita/Documents/apache-airflow-project/.venv/lib/python3.9/site-packages/airflow/example_dags/example_trigger_controller_dag.py took 0.080 seconds
[2023-12-27T12:53:17.220+0545] {processor.py:161} INFO - Started process (PID=17708) to work on /home/sarita/Documents/apache-airflow-project/.venv/lib/python3.9/site-packages/airflow/example_dags/example_trigger_controller_dag.py
[2023-12-27T12:53:17.224+0545] {processor.py:830} INFO - Processing file /home/sarita/Documents/apache-airflow-project/.venv/lib/python3.9/site-packages/airflow/example_dags/example_trigger_controller_dag.py for tasks to queue
[2023-12-27T12:53:17.226+0545] {logging_mixin.py:188} INFO - [2023-12-27T12:53:17.225+0545] {dagbag.py:538} INFO - Filling up the DagBag from /home/sarita/Documents/apache-airflow-project/.venv/lib/python3.9/site-packages/airflow/example_dags/example_trigger_controller_dag.py
[2023-12-27T12:53:17.238+0545] {processor.py:840} INFO - DAG(s) 'example_trigger_controller_dag' retrieved from /home/sarita/Documents/apache-airflow-project/.venv/lib/python3.9/site-packages/airflow/example_dags/example_trigger_controller_dag.py
[2023-12-27T12:53:17.256+0545] {logging_mixin.py:188} INFO - [2023-12-27T12:53:17.256+0545] {dag.py:3033} INFO - Sync 1 DAGs
[2023-12-27T12:53:17.272+0545] {logging_mixin.py:188} INFO - [2023-12-27T12:53:17.272+0545] {dag.py:3820} INFO - Setting next_dagrun for example_trigger_controller_dag to 2021-01-01T00:00:00+00:00, run_after=2021-01-01T00:00:00+00:00
[2023-12-27T12:53:17.291+0545] {processor.py:183} INFO - Processing /home/sarita/Documents/apache-airflow-project/.venv/lib/python3.9/site-packages/airflow/example_dags/example_trigger_controller_dag.py took 0.078 seconds
[2023-12-27T12:54:46.910+0545] {processor.py:161} INFO - Started process (PID=17875) to work on /home/sarita/Documents/apache-airflow-project/.venv/lib/python3.9/site-packages/airflow/example_dags/example_trigger_controller_dag.py
[2023-12-27T12:54:46.912+0545] {processor.py:830} INFO - Processing file /home/sarita/Documents/apache-airflow-project/.venv/lib/python3.9/site-packages/airflow/example_dags/example_trigger_controller_dag.py for tasks to queue
[2023-12-27T12:54:46.913+0545] {logging_mixin.py:188} INFO - [2023-12-27T12:54:46.913+0545] {dagbag.py:538} INFO - Filling up the DagBag from /home/sarita/Documents/apache-airflow-project/.venv/lib/python3.9/site-packages/airflow/example_dags/example_trigger_controller_dag.py
[2023-12-27T12:54:46.918+0545] {processor.py:840} INFO - DAG(s) 'example_trigger_controller_dag' retrieved from /home/sarita/Documents/apache-airflow-project/.venv/lib/python3.9/site-packages/airflow/example_dags/example_trigger_controller_dag.py
[2023-12-27T12:54:46.939+0545] {logging_mixin.py:188} INFO - [2023-12-27T12:54:46.939+0545] {dag.py:3033} INFO - Sync 1 DAGs
[2023-12-27T12:54:46.956+0545] {logging_mixin.py:188} INFO - [2023-12-27T12:54:46.956+0545] {dag.py:3820} INFO - Setting next_dagrun for example_trigger_controller_dag to 2021-01-01T00:00:00+00:00, run_after=2021-01-01T00:00:00+00:00
[2023-12-27T12:54:46.973+0545] {processor.py:183} INFO - Processing /home/sarita/Documents/apache-airflow-project/.venv/lib/python3.9/site-packages/airflow/example_dags/example_trigger_controller_dag.py took 0.067 seconds
[2023-12-27T12:58:04.377+0545] {processor.py:161} INFO - Started process (PID=18062) to work on /home/sarita/Documents/apache-airflow-project/.venv/lib/python3.9/site-packages/airflow/example_dags/example_trigger_controller_dag.py
[2023-12-27T12:58:04.381+0545] {processor.py:830} INFO - Processing file /home/sarita/Documents/apache-airflow-project/.venv/lib/python3.9/site-packages/airflow/example_dags/example_trigger_controller_dag.py for tasks to queue
[2023-12-27T12:58:04.382+0545] {logging_mixin.py:188} INFO - [2023-12-27T12:58:04.382+0545] {dagbag.py:538} INFO - Filling up the DagBag from /home/sarita/Documents/apache-airflow-project/.venv/lib/python3.9/site-packages/airflow/example_dags/example_trigger_controller_dag.py
[2023-12-27T12:58:04.386+0545] {processor.py:840} INFO - DAG(s) 'example_trigger_controller_dag' retrieved from /home/sarita/Documents/apache-airflow-project/.venv/lib/python3.9/site-packages/airflow/example_dags/example_trigger_controller_dag.py
[2023-12-27T12:58:04.401+0545] {logging_mixin.py:188} INFO - [2023-12-27T12:58:04.401+0545] {dag.py:3033} INFO - Sync 1 DAGs
[2023-12-27T12:58:04.418+0545] {logging_mixin.py:188} INFO - [2023-12-27T12:58:04.418+0545] {dag.py:3820} INFO - Setting next_dagrun for example_trigger_controller_dag to 2021-01-01T00:00:00+00:00, run_after=2021-01-01T00:00:00+00:00
[2023-12-27T12:58:04.541+0545] {processor.py:183} INFO - Processing /home/sarita/Documents/apache-airflow-project/.venv/lib/python3.9/site-packages/airflow/example_dags/example_trigger_controller_dag.py took 0.167 seconds
