[2023-12-27T09:37:02.781+0545] {processor.py:161} INFO - Started process (PID=6929) to work on /home/sarita/Documents/apache-airflow-project/.venv/lib/python3.9/site-packages/airflow/example_dags/example_latest_only_with_trigger.py
[2023-12-27T09:37:02.783+0545] {processor.py:830} INFO - Processing file /home/sarita/Documents/apache-airflow-project/.venv/lib/python3.9/site-packages/airflow/example_dags/example_latest_only_with_trigger.py for tasks to queue
[2023-12-27T09:37:02.786+0545] {logging_mixin.py:188} INFO - [2023-12-27T09:37:02.785+0545] {dagbag.py:538} INFO - Filling up the DagBag from /home/sarita/Documents/apache-airflow-project/.venv/lib/python3.9/site-packages/airflow/example_dags/example_latest_only_with_trigger.py
[2023-12-27T09:37:02.804+0545] {processor.py:840} INFO - DAG(s) 'latest_only_with_trigger' retrieved from /home/sarita/Documents/apache-airflow-project/.venv/lib/python3.9/site-packages/airflow/example_dags/example_latest_only_with_trigger.py
[2023-12-27T09:37:02.831+0545] {logging_mixin.py:188} INFO - [2023-12-27T09:37:02.831+0545] {dag.py:3033} INFO - Sync 1 DAGs
[2023-12-27T09:37:02.849+0545] {logging_mixin.py:188} INFO - [2023-12-27T09:37:02.849+0545] {dag.py:3820} INFO - Setting next_dagrun for latest_only_with_trigger to 2023-12-26T20:00:00+00:00, run_after=2023-12-27T00:00:00+00:00
[2023-12-27T09:37:02.871+0545] {processor.py:183} INFO - Processing /home/sarita/Documents/apache-airflow-project/.venv/lib/python3.9/site-packages/airflow/example_dags/example_latest_only_with_trigger.py took 0.099 seconds
[2023-12-27T09:37:50.008+0545] {processor.py:161} INFO - Started process (PID=6989) to work on /home/sarita/Documents/apache-airflow-project/.venv/lib/python3.9/site-packages/airflow/example_dags/example_latest_only_with_trigger.py
[2023-12-27T09:37:50.010+0545] {processor.py:830} INFO - Processing file /home/sarita/Documents/apache-airflow-project/.venv/lib/python3.9/site-packages/airflow/example_dags/example_latest_only_with_trigger.py for tasks to queue
[2023-12-27T09:37:50.011+0545] {logging_mixin.py:188} INFO - [2023-12-27T09:37:50.010+0545] {dagbag.py:538} INFO - Filling up the DagBag from /home/sarita/Documents/apache-airflow-project/.venv/lib/python3.9/site-packages/airflow/example_dags/example_latest_only_with_trigger.py
[2023-12-27T09:37:50.016+0545] {processor.py:840} INFO - DAG(s) 'latest_only_with_trigger' retrieved from /home/sarita/Documents/apache-airflow-project/.venv/lib/python3.9/site-packages/airflow/example_dags/example_latest_only_with_trigger.py
[2023-12-27T09:37:50.030+0545] {logging_mixin.py:188} INFO - [2023-12-27T09:37:50.029+0545] {dag.py:3033} INFO - Sync 1 DAGs
[2023-12-27T09:37:50.051+0545] {logging_mixin.py:188} INFO - [2023-12-27T09:37:50.051+0545] {dag.py:3820} INFO - Setting next_dagrun for latest_only_with_trigger to 2023-12-26T20:00:00+00:00, run_after=2023-12-27T00:00:00+00:00
[2023-12-27T09:37:50.071+0545] {processor.py:183} INFO - Processing /home/sarita/Documents/apache-airflow-project/.venv/lib/python3.9/site-packages/airflow/example_dags/example_latest_only_with_trigger.py took 0.065 seconds
[2023-12-27T09:38:44.998+0545] {processor.py:161} INFO - Started process (PID=7108) to work on /home/sarita/Documents/apache-airflow-project/.venv/lib/python3.9/site-packages/airflow/example_dags/example_latest_only_with_trigger.py
[2023-12-27T09:38:45.001+0545] {processor.py:830} INFO - Processing file /home/sarita/Documents/apache-airflow-project/.venv/lib/python3.9/site-packages/airflow/example_dags/example_latest_only_with_trigger.py for tasks to queue
[2023-12-27T09:38:45.003+0545] {logging_mixin.py:188} INFO - [2023-12-27T09:38:45.002+0545] {dagbag.py:538} INFO - Filling up the DagBag from /home/sarita/Documents/apache-airflow-project/.venv/lib/python3.9/site-packages/airflow/example_dags/example_latest_only_with_trigger.py
[2023-12-27T09:38:45.014+0545] {processor.py:840} INFO - DAG(s) 'latest_only_with_trigger' retrieved from /home/sarita/Documents/apache-airflow-project/.venv/lib/python3.9/site-packages/airflow/example_dags/example_latest_only_with_trigger.py
[2023-12-27T09:38:45.038+0545] {logging_mixin.py:188} INFO - [2023-12-27T09:38:45.038+0545] {dag.py:3033} INFO - Sync 1 DAGs
[2023-12-27T09:38:45.056+0545] {logging_mixin.py:188} INFO - [2023-12-27T09:38:45.056+0545] {dag.py:3820} INFO - Setting next_dagrun for latest_only_with_trigger to 2023-12-26T20:00:00+00:00, run_after=2023-12-27T00:00:00+00:00
[2023-12-27T09:38:45.079+0545] {processor.py:183} INFO - Processing /home/sarita/Documents/apache-airflow-project/.venv/lib/python3.9/site-packages/airflow/example_dags/example_latest_only_with_trigger.py took 0.086 seconds
[2023-12-27T09:39:40.012+0545] {processor.py:161} INFO - Started process (PID=7171) to work on /home/sarita/Documents/apache-airflow-project/.venv/lib/python3.9/site-packages/airflow/example_dags/example_latest_only_with_trigger.py
[2023-12-27T09:39:40.015+0545] {processor.py:830} INFO - Processing file /home/sarita/Documents/apache-airflow-project/.venv/lib/python3.9/site-packages/airflow/example_dags/example_latest_only_with_trigger.py for tasks to queue
[2023-12-27T09:39:40.016+0545] {logging_mixin.py:188} INFO - [2023-12-27T09:39:40.016+0545] {dagbag.py:538} INFO - Filling up the DagBag from /home/sarita/Documents/apache-airflow-project/.venv/lib/python3.9/site-packages/airflow/example_dags/example_latest_only_with_trigger.py
[2023-12-27T09:39:40.023+0545] {processor.py:840} INFO - DAG(s) 'latest_only_with_trigger' retrieved from /home/sarita/Documents/apache-airflow-project/.venv/lib/python3.9/site-packages/airflow/example_dags/example_latest_only_with_trigger.py
[2023-12-27T09:39:40.038+0545] {logging_mixin.py:188} INFO - [2023-12-27T09:39:40.038+0545] {dag.py:3033} INFO - Sync 1 DAGs
[2023-12-27T09:39:40.053+0545] {logging_mixin.py:188} INFO - [2023-12-27T09:39:40.053+0545] {dag.py:3820} INFO - Setting next_dagrun for latest_only_with_trigger to 2023-12-26T20:00:00+00:00, run_after=2023-12-27T00:00:00+00:00
[2023-12-27T09:39:40.083+0545] {processor.py:183} INFO - Processing /home/sarita/Documents/apache-airflow-project/.venv/lib/python3.9/site-packages/airflow/example_dags/example_latest_only_with_trigger.py took 0.077 seconds
[2023-12-27T09:40:36.009+0545] {processor.py:161} INFO - Started process (PID=7290) to work on /home/sarita/Documents/apache-airflow-project/.venv/lib/python3.9/site-packages/airflow/example_dags/example_latest_only_with_trigger.py
[2023-12-27T09:40:36.011+0545] {processor.py:830} INFO - Processing file /home/sarita/Documents/apache-airflow-project/.venv/lib/python3.9/site-packages/airflow/example_dags/example_latest_only_with_trigger.py for tasks to queue
[2023-12-27T09:40:36.011+0545] {logging_mixin.py:188} INFO - [2023-12-27T09:40:36.011+0545] {dagbag.py:538} INFO - Filling up the DagBag from /home/sarita/Documents/apache-airflow-project/.venv/lib/python3.9/site-packages/airflow/example_dags/example_latest_only_with_trigger.py
[2023-12-27T09:40:36.015+0545] {processor.py:840} INFO - DAG(s) 'latest_only_with_trigger' retrieved from /home/sarita/Documents/apache-airflow-project/.venv/lib/python3.9/site-packages/airflow/example_dags/example_latest_only_with_trigger.py
[2023-12-27T09:40:36.027+0545] {logging_mixin.py:188} INFO - [2023-12-27T09:40:36.027+0545] {dag.py:3033} INFO - Sync 1 DAGs
[2023-12-27T09:40:36.043+0545] {logging_mixin.py:188} INFO - [2023-12-27T09:40:36.042+0545] {dag.py:3820} INFO - Setting next_dagrun for latest_only_with_trigger to 2023-12-26T20:00:00+00:00, run_after=2023-12-27T00:00:00+00:00
[2023-12-27T09:40:36.060+0545] {processor.py:183} INFO - Processing /home/sarita/Documents/apache-airflow-project/.venv/lib/python3.9/site-packages/airflow/example_dags/example_latest_only_with_trigger.py took 0.053 seconds
[2023-12-27T09:41:29.491+0545] {processor.py:161} INFO - Started process (PID=7543) to work on /home/sarita/Documents/apache-airflow-project/.venv/lib/python3.9/site-packages/airflow/example_dags/example_latest_only_with_trigger.py
[2023-12-27T09:41:29.494+0545] {processor.py:830} INFO - Processing file /home/sarita/Documents/apache-airflow-project/.venv/lib/python3.9/site-packages/airflow/example_dags/example_latest_only_with_trigger.py for tasks to queue
[2023-12-27T09:41:29.494+0545] {logging_mixin.py:188} INFO - [2023-12-27T09:41:29.494+0545] {dagbag.py:538} INFO - Filling up the DagBag from /home/sarita/Documents/apache-airflow-project/.venv/lib/python3.9/site-packages/airflow/example_dags/example_latest_only_with_trigger.py
[2023-12-27T09:41:29.500+0545] {processor.py:840} INFO - DAG(s) 'latest_only_with_trigger' retrieved from /home/sarita/Documents/apache-airflow-project/.venv/lib/python3.9/site-packages/airflow/example_dags/example_latest_only_with_trigger.py
[2023-12-27T09:41:29.516+0545] {logging_mixin.py:188} INFO - [2023-12-27T09:41:29.516+0545] {dag.py:3033} INFO - Sync 1 DAGs
[2023-12-27T09:41:29.534+0545] {logging_mixin.py:188} INFO - [2023-12-27T09:41:29.533+0545] {dag.py:3820} INFO - Setting next_dagrun for latest_only_with_trigger to 2023-12-26T20:00:00+00:00, run_after=2023-12-27T00:00:00+00:00
[2023-12-27T09:41:29.554+0545] {processor.py:183} INFO - Processing /home/sarita/Documents/apache-airflow-project/.venv/lib/python3.9/site-packages/airflow/example_dags/example_latest_only_with_trigger.py took 0.067 seconds
[2023-12-27T09:42:28.531+0545] {processor.py:161} INFO - Started process (PID=7766) to work on /home/sarita/Documents/apache-airflow-project/.venv/lib/python3.9/site-packages/airflow/example_dags/example_latest_only_with_trigger.py
[2023-12-27T09:42:28.535+0545] {processor.py:830} INFO - Processing file /home/sarita/Documents/apache-airflow-project/.venv/lib/python3.9/site-packages/airflow/example_dags/example_latest_only_with_trigger.py for tasks to queue
[2023-12-27T09:42:28.539+0545] {logging_mixin.py:188} INFO - [2023-12-27T09:42:28.538+0545] {dagbag.py:538} INFO - Filling up the DagBag from /home/sarita/Documents/apache-airflow-project/.venv/lib/python3.9/site-packages/airflow/example_dags/example_latest_only_with_trigger.py
[2023-12-27T09:42:28.549+0545] {processor.py:840} INFO - DAG(s) 'latest_only_with_trigger' retrieved from /home/sarita/Documents/apache-airflow-project/.venv/lib/python3.9/site-packages/airflow/example_dags/example_latest_only_with_trigger.py
[2023-12-27T09:42:28.564+0545] {logging_mixin.py:188} INFO - [2023-12-27T09:42:28.564+0545] {dag.py:3033} INFO - Sync 1 DAGs
[2023-12-27T09:42:28.580+0545] {logging_mixin.py:188} INFO - [2023-12-27T09:42:28.580+0545] {dag.py:3820} INFO - Setting next_dagrun for latest_only_with_trigger to 2023-12-26T20:00:00+00:00, run_after=2023-12-27T00:00:00+00:00
[2023-12-27T09:42:28.626+0545] {processor.py:183} INFO - Processing /home/sarita/Documents/apache-airflow-project/.venv/lib/python3.9/site-packages/airflow/example_dags/example_latest_only_with_trigger.py took 0.103 seconds
[2023-12-27T09:43:17.633+0545] {processor.py:161} INFO - Started process (PID=7866) to work on /home/sarita/Documents/apache-airflow-project/.venv/lib/python3.9/site-packages/airflow/example_dags/example_latest_only_with_trigger.py
[2023-12-27T09:43:17.636+0545] {processor.py:830} INFO - Processing file /home/sarita/Documents/apache-airflow-project/.venv/lib/python3.9/site-packages/airflow/example_dags/example_latest_only_with_trigger.py for tasks to queue
[2023-12-27T09:43:17.638+0545] {logging_mixin.py:188} INFO - [2023-12-27T09:43:17.637+0545] {dagbag.py:538} INFO - Filling up the DagBag from /home/sarita/Documents/apache-airflow-project/.venv/lib/python3.9/site-packages/airflow/example_dags/example_latest_only_with_trigger.py
[2023-12-27T09:43:17.647+0545] {processor.py:840} INFO - DAG(s) 'latest_only_with_trigger' retrieved from /home/sarita/Documents/apache-airflow-project/.venv/lib/python3.9/site-packages/airflow/example_dags/example_latest_only_with_trigger.py
[2023-12-27T09:43:17.662+0545] {logging_mixin.py:188} INFO - [2023-12-27T09:43:17.662+0545] {dag.py:3033} INFO - Sync 1 DAGs
[2023-12-27T09:43:17.678+0545] {logging_mixin.py:188} INFO - [2023-12-27T09:43:17.678+0545] {dag.py:3820} INFO - Setting next_dagrun for latest_only_with_trigger to 2023-12-26T20:00:00+00:00, run_after=2023-12-27T00:00:00+00:00
[2023-12-27T09:43:17.707+0545] {processor.py:183} INFO - Processing /home/sarita/Documents/apache-airflow-project/.venv/lib/python3.9/site-packages/airflow/example_dags/example_latest_only_with_trigger.py took 0.081 seconds
[2023-12-27T09:44:16.100+0545] {processor.py:161} INFO - Started process (PID=7939) to work on /home/sarita/Documents/apache-airflow-project/.venv/lib/python3.9/site-packages/airflow/example_dags/example_latest_only_with_trigger.py
[2023-12-27T09:44:16.103+0545] {processor.py:830} INFO - Processing file /home/sarita/Documents/apache-airflow-project/.venv/lib/python3.9/site-packages/airflow/example_dags/example_latest_only_with_trigger.py for tasks to queue
[2023-12-27T09:44:16.104+0545] {logging_mixin.py:188} INFO - [2023-12-27T09:44:16.103+0545] {dagbag.py:538} INFO - Filling up the DagBag from /home/sarita/Documents/apache-airflow-project/.venv/lib/python3.9/site-packages/airflow/example_dags/example_latest_only_with_trigger.py
[2023-12-27T09:44:16.111+0545] {processor.py:840} INFO - DAG(s) 'latest_only_with_trigger' retrieved from /home/sarita/Documents/apache-airflow-project/.venv/lib/python3.9/site-packages/airflow/example_dags/example_latest_only_with_trigger.py
[2023-12-27T09:44:16.127+0545] {logging_mixin.py:188} INFO - [2023-12-27T09:44:16.127+0545] {dag.py:3033} INFO - Sync 1 DAGs
[2023-12-27T09:44:16.142+0545] {logging_mixin.py:188} INFO - [2023-12-27T09:44:16.142+0545] {dag.py:3820} INFO - Setting next_dagrun for latest_only_with_trigger to 2023-12-26T20:00:00+00:00, run_after=2023-12-27T00:00:00+00:00
[2023-12-27T09:44:16.161+0545] {processor.py:183} INFO - Processing /home/sarita/Documents/apache-airflow-project/.venv/lib/python3.9/site-packages/airflow/example_dags/example_latest_only_with_trigger.py took 0.065 seconds
[2023-12-27T09:45:08.183+0545] {processor.py:161} INFO - Started process (PID=8012) to work on /home/sarita/Documents/apache-airflow-project/.venv/lib/python3.9/site-packages/airflow/example_dags/example_latest_only_with_trigger.py
[2023-12-27T09:45:08.186+0545] {processor.py:830} INFO - Processing file /home/sarita/Documents/apache-airflow-project/.venv/lib/python3.9/site-packages/airflow/example_dags/example_latest_only_with_trigger.py for tasks to queue
[2023-12-27T09:45:08.188+0545] {logging_mixin.py:188} INFO - [2023-12-27T09:45:08.187+0545] {dagbag.py:538} INFO - Filling up the DagBag from /home/sarita/Documents/apache-airflow-project/.venv/lib/python3.9/site-packages/airflow/example_dags/example_latest_only_with_trigger.py
[2023-12-27T09:45:08.195+0545] {processor.py:840} INFO - DAG(s) 'latest_only_with_trigger' retrieved from /home/sarita/Documents/apache-airflow-project/.venv/lib/python3.9/site-packages/airflow/example_dags/example_latest_only_with_trigger.py
[2023-12-27T09:45:08.210+0545] {logging_mixin.py:188} INFO - [2023-12-27T09:45:08.210+0545] {dag.py:3033} INFO - Sync 1 DAGs
[2023-12-27T09:45:08.226+0545] {logging_mixin.py:188} INFO - [2023-12-27T09:45:08.226+0545] {dag.py:3820} INFO - Setting next_dagrun for latest_only_with_trigger to 2023-12-27T00:00:00+00:00, run_after=2023-12-27T04:00:00+00:00
[2023-12-27T09:45:08.244+0545] {processor.py:183} INFO - Processing /home/sarita/Documents/apache-airflow-project/.venv/lib/python3.9/site-packages/airflow/example_dags/example_latest_only_with_trigger.py took 0.069 seconds
[2023-12-27T09:46:03.353+0545] {processor.py:161} INFO - Started process (PID=8473) to work on /home/sarita/Documents/apache-airflow-project/.venv/lib/python3.9/site-packages/airflow/example_dags/example_latest_only_with_trigger.py
[2023-12-27T09:46:03.357+0545] {processor.py:830} INFO - Processing file /home/sarita/Documents/apache-airflow-project/.venv/lib/python3.9/site-packages/airflow/example_dags/example_latest_only_with_trigger.py for tasks to queue
[2023-12-27T09:46:03.357+0545] {logging_mixin.py:188} INFO - [2023-12-27T09:46:03.357+0545] {dagbag.py:538} INFO - Filling up the DagBag from /home/sarita/Documents/apache-airflow-project/.venv/lib/python3.9/site-packages/airflow/example_dags/example_latest_only_with_trigger.py
[2023-12-27T09:46:03.363+0545] {processor.py:840} INFO - DAG(s) 'latest_only_with_trigger' retrieved from /home/sarita/Documents/apache-airflow-project/.venv/lib/python3.9/site-packages/airflow/example_dags/example_latest_only_with_trigger.py
[2023-12-27T09:46:03.375+0545] {logging_mixin.py:188} INFO - [2023-12-27T09:46:03.375+0545] {dag.py:3033} INFO - Sync 1 DAGs
[2023-12-27T09:46:03.391+0545] {logging_mixin.py:188} INFO - [2023-12-27T09:46:03.391+0545] {dag.py:3820} INFO - Setting next_dagrun for latest_only_with_trigger to 2023-12-27T00:00:00+00:00, run_after=2023-12-27T04:00:00+00:00
[2023-12-27T09:46:03.419+0545] {processor.py:183} INFO - Processing /home/sarita/Documents/apache-airflow-project/.venv/lib/python3.9/site-packages/airflow/example_dags/example_latest_only_with_trigger.py took 0.069 seconds
[2023-12-27T09:46:58.519+0545] {processor.py:161} INFO - Started process (PID=8531) to work on /home/sarita/Documents/apache-airflow-project/.venv/lib/python3.9/site-packages/airflow/example_dags/example_latest_only_with_trigger.py
[2023-12-27T09:46:58.521+0545] {processor.py:830} INFO - Processing file /home/sarita/Documents/apache-airflow-project/.venv/lib/python3.9/site-packages/airflow/example_dags/example_latest_only_with_trigger.py for tasks to queue
[2023-12-27T09:46:58.522+0545] {logging_mixin.py:188} INFO - [2023-12-27T09:46:58.522+0545] {dagbag.py:538} INFO - Filling up the DagBag from /home/sarita/Documents/apache-airflow-project/.venv/lib/python3.9/site-packages/airflow/example_dags/example_latest_only_with_trigger.py
[2023-12-27T09:46:58.530+0545] {processor.py:840} INFO - DAG(s) 'latest_only_with_trigger' retrieved from /home/sarita/Documents/apache-airflow-project/.venv/lib/python3.9/site-packages/airflow/example_dags/example_latest_only_with_trigger.py
[2023-12-27T09:46:58.546+0545] {logging_mixin.py:188} INFO - [2023-12-27T09:46:58.546+0545] {dag.py:3033} INFO - Sync 1 DAGs
[2023-12-27T09:46:58.562+0545] {logging_mixin.py:188} INFO - [2023-12-27T09:46:58.562+0545] {dag.py:3820} INFO - Setting next_dagrun for latest_only_with_trigger to 2023-12-27T00:00:00+00:00, run_after=2023-12-27T04:00:00+00:00
[2023-12-27T09:46:58.579+0545] {processor.py:183} INFO - Processing /home/sarita/Documents/apache-airflow-project/.venv/lib/python3.9/site-packages/airflow/example_dags/example_latest_only_with_trigger.py took 0.064 seconds
[2023-12-27T09:47:57.148+0545] {processor.py:161} INFO - Started process (PID=8610) to work on /home/sarita/Documents/apache-airflow-project/.venv/lib/python3.9/site-packages/airflow/example_dags/example_latest_only_with_trigger.py
[2023-12-27T09:47:57.151+0545] {processor.py:830} INFO - Processing file /home/sarita/Documents/apache-airflow-project/.venv/lib/python3.9/site-packages/airflow/example_dags/example_latest_only_with_trigger.py for tasks to queue
[2023-12-27T09:47:57.152+0545] {logging_mixin.py:188} INFO - [2023-12-27T09:47:57.152+0545] {dagbag.py:538} INFO - Filling up the DagBag from /home/sarita/Documents/apache-airflow-project/.venv/lib/python3.9/site-packages/airflow/example_dags/example_latest_only_with_trigger.py
[2023-12-27T09:47:57.159+0545] {processor.py:840} INFO - DAG(s) 'latest_only_with_trigger' retrieved from /home/sarita/Documents/apache-airflow-project/.venv/lib/python3.9/site-packages/airflow/example_dags/example_latest_only_with_trigger.py
[2023-12-27T09:47:57.173+0545] {logging_mixin.py:188} INFO - [2023-12-27T09:47:57.173+0545] {dag.py:3033} INFO - Sync 1 DAGs
[2023-12-27T09:47:57.189+0545] {logging_mixin.py:188} INFO - [2023-12-27T09:47:57.189+0545] {dag.py:3820} INFO - Setting next_dagrun for latest_only_with_trigger to 2023-12-27T00:00:00+00:00, run_after=2023-12-27T04:00:00+00:00
[2023-12-27T09:47:57.206+0545] {processor.py:183} INFO - Processing /home/sarita/Documents/apache-airflow-project/.venv/lib/python3.9/site-packages/airflow/example_dags/example_latest_only_with_trigger.py took 0.062 seconds
[2023-12-27T09:48:53.768+0545] {processor.py:161} INFO - Started process (PID=8676) to work on /home/sarita/Documents/apache-airflow-project/.venv/lib/python3.9/site-packages/airflow/example_dags/example_latest_only_with_trigger.py
[2023-12-27T09:48:53.772+0545] {processor.py:830} INFO - Processing file /home/sarita/Documents/apache-airflow-project/.venv/lib/python3.9/site-packages/airflow/example_dags/example_latest_only_with_trigger.py for tasks to queue
[2023-12-27T09:48:53.774+0545] {logging_mixin.py:188} INFO - [2023-12-27T09:48:53.773+0545] {dagbag.py:538} INFO - Filling up the DagBag from /home/sarita/Documents/apache-airflow-project/.venv/lib/python3.9/site-packages/airflow/example_dags/example_latest_only_with_trigger.py
[2023-12-27T09:48:53.787+0545] {processor.py:840} INFO - DAG(s) 'latest_only_with_trigger' retrieved from /home/sarita/Documents/apache-airflow-project/.venv/lib/python3.9/site-packages/airflow/example_dags/example_latest_only_with_trigger.py
[2023-12-27T09:48:53.804+0545] {logging_mixin.py:188} INFO - [2023-12-27T09:48:53.804+0545] {dag.py:3033} INFO - Sync 1 DAGs
[2023-12-27T09:48:53.819+0545] {logging_mixin.py:188} INFO - [2023-12-27T09:48:53.819+0545] {dag.py:3820} INFO - Setting next_dagrun for latest_only_with_trigger to 2023-12-27T00:00:00+00:00, run_after=2023-12-27T04:00:00+00:00
[2023-12-27T09:48:53.846+0545] {processor.py:183} INFO - Processing /home/sarita/Documents/apache-airflow-project/.venv/lib/python3.9/site-packages/airflow/example_dags/example_latest_only_with_trigger.py took 0.086 seconds
[2023-12-27T09:49:49.844+0545] {processor.py:161} INFO - Started process (PID=8735) to work on /home/sarita/Documents/apache-airflow-project/.venv/lib/python3.9/site-packages/airflow/example_dags/example_latest_only_with_trigger.py
[2023-12-27T09:49:49.846+0545] {processor.py:830} INFO - Processing file /home/sarita/Documents/apache-airflow-project/.venv/lib/python3.9/site-packages/airflow/example_dags/example_latest_only_with_trigger.py for tasks to queue
[2023-12-27T09:49:49.848+0545] {logging_mixin.py:188} INFO - [2023-12-27T09:49:49.848+0545] {dagbag.py:538} INFO - Filling up the DagBag from /home/sarita/Documents/apache-airflow-project/.venv/lib/python3.9/site-packages/airflow/example_dags/example_latest_only_with_trigger.py
[2023-12-27T09:49:49.861+0545] {processor.py:840} INFO - DAG(s) 'latest_only_with_trigger' retrieved from /home/sarita/Documents/apache-airflow-project/.venv/lib/python3.9/site-packages/airflow/example_dags/example_latest_only_with_trigger.py
[2023-12-27T09:49:49.877+0545] {logging_mixin.py:188} INFO - [2023-12-27T09:49:49.877+0545] {dag.py:3033} INFO - Sync 1 DAGs
[2023-12-27T09:49:49.892+0545] {logging_mixin.py:188} INFO - [2023-12-27T09:49:49.892+0545] {dag.py:3820} INFO - Setting next_dagrun for latest_only_with_trigger to 2023-12-27T00:00:00+00:00, run_after=2023-12-27T04:00:00+00:00
[2023-12-27T09:49:49.911+0545] {processor.py:183} INFO - Processing /home/sarita/Documents/apache-airflow-project/.venv/lib/python3.9/site-packages/airflow/example_dags/example_latest_only_with_trigger.py took 0.075 seconds
[2023-12-27T09:50:48.166+0545] {processor.py:161} INFO - Started process (PID=8835) to work on /home/sarita/Documents/apache-airflow-project/.venv/lib/python3.9/site-packages/airflow/example_dags/example_latest_only_with_trigger.py
[2023-12-27T09:50:48.169+0545] {processor.py:830} INFO - Processing file /home/sarita/Documents/apache-airflow-project/.venv/lib/python3.9/site-packages/airflow/example_dags/example_latest_only_with_trigger.py for tasks to queue
[2023-12-27T09:50:48.172+0545] {logging_mixin.py:188} INFO - [2023-12-27T09:50:48.171+0545] {dagbag.py:538} INFO - Filling up the DagBag from /home/sarita/Documents/apache-airflow-project/.venv/lib/python3.9/site-packages/airflow/example_dags/example_latest_only_with_trigger.py
[2023-12-27T09:50:48.185+0545] {processor.py:840} INFO - DAG(s) 'latest_only_with_trigger' retrieved from /home/sarita/Documents/apache-airflow-project/.venv/lib/python3.9/site-packages/airflow/example_dags/example_latest_only_with_trigger.py
[2023-12-27T09:50:48.201+0545] {logging_mixin.py:188} INFO - [2023-12-27T09:50:48.201+0545] {dag.py:3033} INFO - Sync 1 DAGs
[2023-12-27T09:50:48.217+0545] {logging_mixin.py:188} INFO - [2023-12-27T09:50:48.216+0545] {dag.py:3820} INFO - Setting next_dagrun for latest_only_with_trigger to 2023-12-27T00:00:00+00:00, run_after=2023-12-27T04:00:00+00:00
[2023-12-27T09:50:48.235+0545] {processor.py:183} INFO - Processing /home/sarita/Documents/apache-airflow-project/.venv/lib/python3.9/site-packages/airflow/example_dags/example_latest_only_with_trigger.py took 0.077 seconds
[2023-12-27T09:51:47.017+0545] {processor.py:161} INFO - Started process (PID=8908) to work on /home/sarita/Documents/apache-airflow-project/.venv/lib/python3.9/site-packages/airflow/example_dags/example_latest_only_with_trigger.py
[2023-12-27T09:51:47.018+0545] {processor.py:830} INFO - Processing file /home/sarita/Documents/apache-airflow-project/.venv/lib/python3.9/site-packages/airflow/example_dags/example_latest_only_with_trigger.py for tasks to queue
[2023-12-27T09:51:47.019+0545] {logging_mixin.py:188} INFO - [2023-12-27T09:51:47.019+0545] {dagbag.py:538} INFO - Filling up the DagBag from /home/sarita/Documents/apache-airflow-project/.venv/lib/python3.9/site-packages/airflow/example_dags/example_latest_only_with_trigger.py
[2023-12-27T09:51:47.023+0545] {processor.py:840} INFO - DAG(s) 'latest_only_with_trigger' retrieved from /home/sarita/Documents/apache-airflow-project/.venv/lib/python3.9/site-packages/airflow/example_dags/example_latest_only_with_trigger.py
[2023-12-27T09:51:47.035+0545] {logging_mixin.py:188} INFO - [2023-12-27T09:51:47.035+0545] {dag.py:3033} INFO - Sync 1 DAGs
[2023-12-27T09:51:47.053+0545] {logging_mixin.py:188} INFO - [2023-12-27T09:51:47.053+0545] {dag.py:3820} INFO - Setting next_dagrun for latest_only_with_trigger to 2023-12-27T00:00:00+00:00, run_after=2023-12-27T04:00:00+00:00
[2023-12-27T09:51:47.073+0545] {processor.py:183} INFO - Processing /home/sarita/Documents/apache-airflow-project/.venv/lib/python3.9/site-packages/airflow/example_dags/example_latest_only_with_trigger.py took 0.058 seconds
[2023-12-27T12:17:46.276+0545] {processor.py:161} INFO - Started process (PID=13580) to work on /home/sarita/Documents/apache-airflow-project/.venv/lib/python3.9/site-packages/airflow/example_dags/example_latest_only_with_trigger.py
[2023-12-27T12:17:46.277+0545] {processor.py:830} INFO - Processing file /home/sarita/Documents/apache-airflow-project/.venv/lib/python3.9/site-packages/airflow/example_dags/example_latest_only_with_trigger.py for tasks to queue
[2023-12-27T12:17:46.277+0545] {logging_mixin.py:188} INFO - [2023-12-27T12:17:46.277+0545] {dagbag.py:538} INFO - Filling up the DagBag from /home/sarita/Documents/apache-airflow-project/.venv/lib/python3.9/site-packages/airflow/example_dags/example_latest_only_with_trigger.py
[2023-12-27T12:17:46.281+0545] {processor.py:840} INFO - DAG(s) 'latest_only_with_trigger' retrieved from /home/sarita/Documents/apache-airflow-project/.venv/lib/python3.9/site-packages/airflow/example_dags/example_latest_only_with_trigger.py
[2023-12-27T12:17:46.293+0545] {logging_mixin.py:188} INFO - [2023-12-27T12:17:46.293+0545] {dag.py:3033} INFO - Sync 1 DAGs
[2023-12-27T12:17:46.309+0545] {logging_mixin.py:188} INFO - [2023-12-27T12:17:46.309+0545] {dag.py:3820} INFO - Setting next_dagrun for latest_only_with_trigger to 2023-12-27T00:00:00+00:00, run_after=2023-12-27T04:00:00+00:00
[2023-12-27T12:17:46.325+0545] {processor.py:183} INFO - Processing /home/sarita/Documents/apache-airflow-project/.venv/lib/python3.9/site-packages/airflow/example_dags/example_latest_only_with_trigger.py took 0.050 seconds
[2023-12-27T12:39:42.780+0545] {processor.py:161} INFO - Started process (PID=15445) to work on /home/sarita/Documents/apache-airflow-project/.venv/lib/python3.9/site-packages/airflow/example_dags/example_latest_only_with_trigger.py
[2023-12-27T12:39:42.783+0545] {processor.py:830} INFO - Processing file /home/sarita/Documents/apache-airflow-project/.venv/lib/python3.9/site-packages/airflow/example_dags/example_latest_only_with_trigger.py for tasks to queue
[2023-12-27T12:39:42.783+0545] {logging_mixin.py:188} INFO - [2023-12-27T12:39:42.783+0545] {dagbag.py:538} INFO - Filling up the DagBag from /home/sarita/Documents/apache-airflow-project/.venv/lib/python3.9/site-packages/airflow/example_dags/example_latest_only_with_trigger.py
[2023-12-27T12:39:42.787+0545] {processor.py:840} INFO - DAG(s) 'latest_only_with_trigger' retrieved from /home/sarita/Documents/apache-airflow-project/.venv/lib/python3.9/site-packages/airflow/example_dags/example_latest_only_with_trigger.py
[2023-12-27T12:39:42.800+0545] {logging_mixin.py:188} INFO - [2023-12-27T12:39:42.800+0545] {dag.py:3033} INFO - Sync 1 DAGs
[2023-12-27T12:39:42.816+0545] {logging_mixin.py:188} INFO - [2023-12-27T12:39:42.816+0545] {dag.py:3820} INFO - Setting next_dagrun for latest_only_with_trigger to 2023-12-27T00:00:00+00:00, run_after=2023-12-27T04:00:00+00:00
[2023-12-27T12:39:42.919+0545] {processor.py:183} INFO - Processing /home/sarita/Documents/apache-airflow-project/.venv/lib/python3.9/site-packages/airflow/example_dags/example_latest_only_with_trigger.py took 0.141 seconds
[2023-12-27T12:47:17.874+0545] {processor.py:161} INFO - Started process (PID=17196) to work on /home/sarita/Documents/apache-airflow-project/.venv/lib/python3.9/site-packages/airflow/example_dags/example_latest_only_with_trigger.py
[2023-12-27T12:47:17.878+0545] {processor.py:830} INFO - Processing file /home/sarita/Documents/apache-airflow-project/.venv/lib/python3.9/site-packages/airflow/example_dags/example_latest_only_with_trigger.py for tasks to queue
[2023-12-27T12:47:17.880+0545] {logging_mixin.py:188} INFO - [2023-12-27T12:47:17.879+0545] {dagbag.py:538} INFO - Filling up the DagBag from /home/sarita/Documents/apache-airflow-project/.venv/lib/python3.9/site-packages/airflow/example_dags/example_latest_only_with_trigger.py
[2023-12-27T12:47:17.894+0545] {processor.py:840} INFO - DAG(s) 'latest_only_with_trigger' retrieved from /home/sarita/Documents/apache-airflow-project/.venv/lib/python3.9/site-packages/airflow/example_dags/example_latest_only_with_trigger.py
[2023-12-27T12:47:17.913+0545] {logging_mixin.py:188} INFO - [2023-12-27T12:47:17.913+0545] {dag.py:3033} INFO - Sync 1 DAGs
[2023-12-27T12:47:17.930+0545] {logging_mixin.py:188} INFO - [2023-12-27T12:47:17.930+0545] {dag.py:3820} INFO - Setting next_dagrun for latest_only_with_trigger to 2023-12-27T00:00:00+00:00, run_after=2023-12-27T04:00:00+00:00
[2023-12-27T12:47:17.948+0545] {processor.py:183} INFO - Processing /home/sarita/Documents/apache-airflow-project/.venv/lib/python3.9/site-packages/airflow/example_dags/example_latest_only_with_trigger.py took 0.081 seconds
[2023-12-27T12:52:42.069+0545] {processor.py:161} INFO - Started process (PID=17626) to work on /home/sarita/Documents/apache-airflow-project/.venv/lib/python3.9/site-packages/airflow/example_dags/example_latest_only_with_trigger.py
[2023-12-27T12:52:42.071+0545] {processor.py:830} INFO - Processing file /home/sarita/Documents/apache-airflow-project/.venv/lib/python3.9/site-packages/airflow/example_dags/example_latest_only_with_trigger.py for tasks to queue
[2023-12-27T12:52:42.072+0545] {logging_mixin.py:188} INFO - [2023-12-27T12:52:42.071+0545] {dagbag.py:538} INFO - Filling up the DagBag from /home/sarita/Documents/apache-airflow-project/.venv/lib/python3.9/site-packages/airflow/example_dags/example_latest_only_with_trigger.py
[2023-12-27T12:52:42.077+0545] {processor.py:840} INFO - DAG(s) 'latest_only_with_trigger' retrieved from /home/sarita/Documents/apache-airflow-project/.venv/lib/python3.9/site-packages/airflow/example_dags/example_latest_only_with_trigger.py
[2023-12-27T12:52:42.090+0545] {logging_mixin.py:188} INFO - [2023-12-27T12:52:42.089+0545] {dag.py:3033} INFO - Sync 1 DAGs
[2023-12-27T12:52:42.105+0545] {logging_mixin.py:188} INFO - [2023-12-27T12:52:42.105+0545] {dag.py:3820} INFO - Setting next_dagrun for latest_only_with_trigger to 2023-12-27T00:00:00+00:00, run_after=2023-12-27T04:00:00+00:00
[2023-12-27T12:52:42.121+0545] {processor.py:183} INFO - Processing /home/sarita/Documents/apache-airflow-project/.venv/lib/python3.9/site-packages/airflow/example_dags/example_latest_only_with_trigger.py took 0.054 seconds
[2023-12-27T12:53:33.096+0545] {processor.py:161} INFO - Started process (PID=17757) to work on /home/sarita/Documents/apache-airflow-project/.venv/lib/python3.9/site-packages/airflow/example_dags/example_latest_only_with_trigger.py
[2023-12-27T12:53:33.099+0545] {processor.py:830} INFO - Processing file /home/sarita/Documents/apache-airflow-project/.venv/lib/python3.9/site-packages/airflow/example_dags/example_latest_only_with_trigger.py for tasks to queue
[2023-12-27T12:53:33.101+0545] {logging_mixin.py:188} INFO - [2023-12-27T12:53:33.100+0545] {dagbag.py:538} INFO - Filling up the DagBag from /home/sarita/Documents/apache-airflow-project/.venv/lib/python3.9/site-packages/airflow/example_dags/example_latest_only_with_trigger.py
[2023-12-27T12:53:33.115+0545] {processor.py:840} INFO - DAG(s) 'latest_only_with_trigger' retrieved from /home/sarita/Documents/apache-airflow-project/.venv/lib/python3.9/site-packages/airflow/example_dags/example_latest_only_with_trigger.py
[2023-12-27T12:53:33.132+0545] {logging_mixin.py:188} INFO - [2023-12-27T12:53:33.132+0545] {dag.py:3033} INFO - Sync 1 DAGs
[2023-12-27T12:53:33.148+0545] {logging_mixin.py:188} INFO - [2023-12-27T12:53:33.148+0545] {dag.py:3820} INFO - Setting next_dagrun for latest_only_with_trigger to 2023-12-27T00:00:00+00:00, run_after=2023-12-27T04:00:00+00:00
[2023-12-27T12:53:33.166+0545] {processor.py:183} INFO - Processing /home/sarita/Documents/apache-airflow-project/.venv/lib/python3.9/site-packages/airflow/example_dags/example_latest_only_with_trigger.py took 0.078 seconds
