[2023-12-27T09:37:18.097+0545] {processor.py:161} INFO - Started process (PID=6947) to work on /home/sarita/Documents/apache-airflow-project/.venv/lib/python3.9/site-packages/airflow/example_dags/example_bash_operator.py
[2023-12-27T09:37:18.097+0545] {processor.py:830} INFO - Processing file /home/sarita/Documents/apache-airflow-project/.venv/lib/python3.9/site-packages/airflow/example_dags/example_bash_operator.py for tasks to queue
[2023-12-27T09:37:18.098+0545] {logging_mixin.py:188} INFO - [2023-12-27T09:37:18.098+0545] {dagbag.py:538} INFO - Filling up the DagBag from /home/sarita/Documents/apache-airflow-project/.venv/lib/python3.9/site-packages/airflow/example_dags/example_bash_operator.py
[2023-12-27T09:37:18.109+0545] {processor.py:840} INFO - DAG(s) 'example_bash_operator' retrieved from /home/sarita/Documents/apache-airflow-project/.venv/lib/python3.9/site-packages/airflow/example_dags/example_bash_operator.py
[2023-12-27T09:37:18.129+0545] {logging_mixin.py:188} INFO - [2023-12-27T09:37:18.128+0545] {dag.py:3033} INFO - Sync 1 DAGs
[2023-12-27T09:37:18.148+0545] {logging_mixin.py:188} INFO - [2023-12-27T09:37:18.148+0545] {dag.py:3820} INFO - Setting next_dagrun for example_bash_operator to 2023-12-26T00:00:00+00:00, run_after=2023-12-27T00:00:00+00:00
[2023-12-27T09:37:18.171+0545] {processor.py:183} INFO - Processing /home/sarita/Documents/apache-airflow-project/.venv/lib/python3.9/site-packages/airflow/example_dags/example_bash_operator.py took 0.076 seconds
[2023-12-27T09:38:11.463+0545] {processor.py:161} INFO - Started process (PID=7012) to work on /home/sarita/Documents/apache-airflow-project/.venv/lib/python3.9/site-packages/airflow/example_dags/example_bash_operator.py
[2023-12-27T09:38:11.465+0545] {processor.py:830} INFO - Processing file /home/sarita/Documents/apache-airflow-project/.venv/lib/python3.9/site-packages/airflow/example_dags/example_bash_operator.py for tasks to queue
[2023-12-27T09:38:11.466+0545] {logging_mixin.py:188} INFO - [2023-12-27T09:38:11.465+0545] {dagbag.py:538} INFO - Filling up the DagBag from /home/sarita/Documents/apache-airflow-project/.venv/lib/python3.9/site-packages/airflow/example_dags/example_bash_operator.py
[2023-12-27T09:38:11.474+0545] {processor.py:840} INFO - DAG(s) 'example_bash_operator' retrieved from /home/sarita/Documents/apache-airflow-project/.venv/lib/python3.9/site-packages/airflow/example_dags/example_bash_operator.py
[2023-12-27T09:38:11.493+0545] {logging_mixin.py:188} INFO - [2023-12-27T09:38:11.493+0545] {dag.py:3033} INFO - Sync 1 DAGs
[2023-12-27T09:38:11.509+0545] {logging_mixin.py:188} INFO - [2023-12-27T09:38:11.509+0545] {dag.py:3820} INFO - Setting next_dagrun for example_bash_operator to 2023-12-26T00:00:00+00:00, run_after=2023-12-27T00:00:00+00:00
[2023-12-27T09:38:11.537+0545] {processor.py:183} INFO - Processing /home/sarita/Documents/apache-airflow-project/.venv/lib/python3.9/site-packages/airflow/example_dags/example_bash_operator.py took 0.076 seconds
[2023-12-27T09:39:09.135+0545] {processor.py:161} INFO - Started process (PID=7134) to work on /home/sarita/Documents/apache-airflow-project/.venv/lib/python3.9/site-packages/airflow/example_dags/example_bash_operator.py
[2023-12-27T09:39:09.137+0545] {processor.py:830} INFO - Processing file /home/sarita/Documents/apache-airflow-project/.venv/lib/python3.9/site-packages/airflow/example_dags/example_bash_operator.py for tasks to queue
[2023-12-27T09:39:09.138+0545] {logging_mixin.py:188} INFO - [2023-12-27T09:39:09.138+0545] {dagbag.py:538} INFO - Filling up the DagBag from /home/sarita/Documents/apache-airflow-project/.venv/lib/python3.9/site-packages/airflow/example_dags/example_bash_operator.py
[2023-12-27T09:39:09.151+0545] {processor.py:840} INFO - DAG(s) 'example_bash_operator' retrieved from /home/sarita/Documents/apache-airflow-project/.venv/lib/python3.9/site-packages/airflow/example_dags/example_bash_operator.py
[2023-12-27T09:39:09.171+0545] {logging_mixin.py:188} INFO - [2023-12-27T09:39:09.171+0545] {dag.py:3033} INFO - Sync 1 DAGs
[2023-12-27T09:39:09.188+0545] {logging_mixin.py:188} INFO - [2023-12-27T09:39:09.188+0545] {dag.py:3820} INFO - Setting next_dagrun for example_bash_operator to 2023-12-26T00:00:00+00:00, run_after=2023-12-27T00:00:00+00:00
[2023-12-27T09:39:09.208+0545] {processor.py:183} INFO - Processing /home/sarita/Documents/apache-airflow-project/.venv/lib/python3.9/site-packages/airflow/example_dags/example_bash_operator.py took 0.076 seconds
[2023-12-27T09:40:04.441+0545] {processor.py:161} INFO - Started process (PID=7227) to work on /home/sarita/Documents/apache-airflow-project/.venv/lib/python3.9/site-packages/airflow/example_dags/example_bash_operator.py
[2023-12-27T09:40:04.445+0545] {processor.py:830} INFO - Processing file /home/sarita/Documents/apache-airflow-project/.venv/lib/python3.9/site-packages/airflow/example_dags/example_bash_operator.py for tasks to queue
[2023-12-27T09:40:04.448+0545] {logging_mixin.py:188} INFO - [2023-12-27T09:40:04.447+0545] {dagbag.py:538} INFO - Filling up the DagBag from /home/sarita/Documents/apache-airflow-project/.venv/lib/python3.9/site-packages/airflow/example_dags/example_bash_operator.py
[2023-12-27T09:40:04.463+0545] {processor.py:840} INFO - DAG(s) 'example_bash_operator' retrieved from /home/sarita/Documents/apache-airflow-project/.venv/lib/python3.9/site-packages/airflow/example_dags/example_bash_operator.py
[2023-12-27T09:40:04.483+0545] {logging_mixin.py:188} INFO - [2023-12-27T09:40:04.483+0545] {dag.py:3033} INFO - Sync 1 DAGs
[2023-12-27T09:40:04.500+0545] {logging_mixin.py:188} INFO - [2023-12-27T09:40:04.500+0545] {dag.py:3820} INFO - Setting next_dagrun for example_bash_operator to 2023-12-26T00:00:00+00:00, run_after=2023-12-27T00:00:00+00:00
[2023-12-27T09:40:04.517+0545] {processor.py:183} INFO - Processing /home/sarita/Documents/apache-airflow-project/.venv/lib/python3.9/site-packages/airflow/example_dags/example_bash_operator.py took 0.085 seconds
[2023-12-27T09:40:59.693+0545] {processor.py:161} INFO - Started process (PID=7460) to work on /home/sarita/Documents/apache-airflow-project/.venv/lib/python3.9/site-packages/airflow/example_dags/example_bash_operator.py
[2023-12-27T09:40:59.695+0545] {processor.py:830} INFO - Processing file /home/sarita/Documents/apache-airflow-project/.venv/lib/python3.9/site-packages/airflow/example_dags/example_bash_operator.py for tasks to queue
[2023-12-27T09:40:59.697+0545] {logging_mixin.py:188} INFO - [2023-12-27T09:40:59.696+0545] {dagbag.py:538} INFO - Filling up the DagBag from /home/sarita/Documents/apache-airflow-project/.venv/lib/python3.9/site-packages/airflow/example_dags/example_bash_operator.py
[2023-12-27T09:40:59.712+0545] {processor.py:840} INFO - DAG(s) 'example_bash_operator' retrieved from /home/sarita/Documents/apache-airflow-project/.venv/lib/python3.9/site-packages/airflow/example_dags/example_bash_operator.py
[2023-12-27T09:40:59.732+0545] {logging_mixin.py:188} INFO - [2023-12-27T09:40:59.732+0545] {dag.py:3033} INFO - Sync 1 DAGs
[2023-12-27T09:40:59.750+0545] {logging_mixin.py:188} INFO - [2023-12-27T09:40:59.750+0545] {dag.py:3820} INFO - Setting next_dagrun for example_bash_operator to 2023-12-26T00:00:00+00:00, run_after=2023-12-27T00:00:00+00:00
[2023-12-27T09:40:59.771+0545] {processor.py:183} INFO - Processing /home/sarita/Documents/apache-airflow-project/.venv/lib/python3.9/site-packages/airflow/example_dags/example_bash_operator.py took 0.081 seconds
[2023-12-27T09:41:57.548+0545] {processor.py:161} INFO - Started process (PID=7734) to work on /home/sarita/Documents/apache-airflow-project/.venv/lib/python3.9/site-packages/airflow/example_dags/example_bash_operator.py
[2023-12-27T09:41:57.548+0545] {processor.py:830} INFO - Processing file /home/sarita/Documents/apache-airflow-project/.venv/lib/python3.9/site-packages/airflow/example_dags/example_bash_operator.py for tasks to queue
[2023-12-27T09:41:57.549+0545] {logging_mixin.py:188} INFO - [2023-12-27T09:41:57.549+0545] {dagbag.py:538} INFO - Filling up the DagBag from /home/sarita/Documents/apache-airflow-project/.venv/lib/python3.9/site-packages/airflow/example_dags/example_bash_operator.py
[2023-12-27T09:41:57.560+0545] {processor.py:840} INFO - DAG(s) 'example_bash_operator' retrieved from /home/sarita/Documents/apache-airflow-project/.venv/lib/python3.9/site-packages/airflow/example_dags/example_bash_operator.py
[2023-12-27T09:41:57.579+0545] {logging_mixin.py:188} INFO - [2023-12-27T09:41:57.578+0545] {dag.py:3033} INFO - Sync 1 DAGs
[2023-12-27T09:41:57.596+0545] {logging_mixin.py:188} INFO - [2023-12-27T09:41:57.596+0545] {dag.py:3820} INFO - Setting next_dagrun for example_bash_operator to 2023-12-26T00:00:00+00:00, run_after=2023-12-27T00:00:00+00:00
[2023-12-27T09:41:57.616+0545] {processor.py:183} INFO - Processing /home/sarita/Documents/apache-airflow-project/.venv/lib/python3.9/site-packages/airflow/example_dags/example_bash_operator.py took 0.071 seconds
[2023-12-27T09:42:51.933+0545] {processor.py:161} INFO - Started process (PID=7824) to work on /home/sarita/Documents/apache-airflow-project/.venv/lib/python3.9/site-packages/airflow/example_dags/example_bash_operator.py
[2023-12-27T09:42:51.935+0545] {processor.py:830} INFO - Processing file /home/sarita/Documents/apache-airflow-project/.venv/lib/python3.9/site-packages/airflow/example_dags/example_bash_operator.py for tasks to queue
[2023-12-27T09:42:51.936+0545] {logging_mixin.py:188} INFO - [2023-12-27T09:42:51.935+0545] {dagbag.py:538} INFO - Filling up the DagBag from /home/sarita/Documents/apache-airflow-project/.venv/lib/python3.9/site-packages/airflow/example_dags/example_bash_operator.py
[2023-12-27T09:42:51.949+0545] {processor.py:840} INFO - DAG(s) 'example_bash_operator' retrieved from /home/sarita/Documents/apache-airflow-project/.venv/lib/python3.9/site-packages/airflow/example_dags/example_bash_operator.py
[2023-12-27T09:42:51.969+0545] {logging_mixin.py:188} INFO - [2023-12-27T09:42:51.968+0545] {dag.py:3033} INFO - Sync 1 DAGs
[2023-12-27T09:42:51.986+0545] {logging_mixin.py:188} INFO - [2023-12-27T09:42:51.985+0545] {dag.py:3820} INFO - Setting next_dagrun for example_bash_operator to 2023-12-26T00:00:00+00:00, run_after=2023-12-27T00:00:00+00:00
[2023-12-27T09:42:52.005+0545] {processor.py:183} INFO - Processing /home/sarita/Documents/apache-airflow-project/.venv/lib/python3.9/site-packages/airflow/example_dags/example_bash_operator.py took 0.076 seconds
[2023-12-27T09:43:43.381+0545] {processor.py:161} INFO - Started process (PID=7897) to work on /home/sarita/Documents/apache-airflow-project/.venv/lib/python3.9/site-packages/airflow/example_dags/example_bash_operator.py
[2023-12-27T09:43:43.383+0545] {processor.py:830} INFO - Processing file /home/sarita/Documents/apache-airflow-project/.venv/lib/python3.9/site-packages/airflow/example_dags/example_bash_operator.py for tasks to queue
[2023-12-27T09:43:43.384+0545] {logging_mixin.py:188} INFO - [2023-12-27T09:43:43.383+0545] {dagbag.py:538} INFO - Filling up the DagBag from /home/sarita/Documents/apache-airflow-project/.venv/lib/python3.9/site-packages/airflow/example_dags/example_bash_operator.py
[2023-12-27T09:43:43.401+0545] {processor.py:840} INFO - DAG(s) 'example_bash_operator' retrieved from /home/sarita/Documents/apache-airflow-project/.venv/lib/python3.9/site-packages/airflow/example_dags/example_bash_operator.py
[2023-12-27T09:43:43.424+0545] {logging_mixin.py:188} INFO - [2023-12-27T09:43:43.424+0545] {dag.py:3033} INFO - Sync 1 DAGs
[2023-12-27T09:43:43.440+0545] {logging_mixin.py:188} INFO - [2023-12-27T09:43:43.440+0545] {dag.py:3820} INFO - Setting next_dagrun for example_bash_operator to 2023-12-26T00:00:00+00:00, run_after=2023-12-27T00:00:00+00:00
[2023-12-27T09:43:43.458+0545] {processor.py:183} INFO - Processing /home/sarita/Documents/apache-airflow-project/.venv/lib/python3.9/site-packages/airflow/example_dags/example_bash_operator.py took 0.080 seconds
[2023-12-27T09:44:40.050+0545] {processor.py:161} INFO - Started process (PID=7970) to work on /home/sarita/Documents/apache-airflow-project/.venv/lib/python3.9/site-packages/airflow/example_dags/example_bash_operator.py
[2023-12-27T09:44:40.053+0545] {processor.py:830} INFO - Processing file /home/sarita/Documents/apache-airflow-project/.venv/lib/python3.9/site-packages/airflow/example_dags/example_bash_operator.py for tasks to queue
[2023-12-27T09:44:40.055+0545] {logging_mixin.py:188} INFO - [2023-12-27T09:44:40.054+0545] {dagbag.py:538} INFO - Filling up the DagBag from /home/sarita/Documents/apache-airflow-project/.venv/lib/python3.9/site-packages/airflow/example_dags/example_bash_operator.py
[2023-12-27T09:44:40.078+0545] {processor.py:840} INFO - DAG(s) 'example_bash_operator' retrieved from /home/sarita/Documents/apache-airflow-project/.venv/lib/python3.9/site-packages/airflow/example_dags/example_bash_operator.py
[2023-12-27T09:44:40.101+0545] {logging_mixin.py:188} INFO - [2023-12-27T09:44:40.101+0545] {dag.py:3033} INFO - Sync 1 DAGs
[2023-12-27T09:44:40.117+0545] {logging_mixin.py:188} INFO - [2023-12-27T09:44:40.117+0545] {dag.py:3820} INFO - Setting next_dagrun for example_bash_operator to 2023-12-26T00:00:00+00:00, run_after=2023-12-27T00:00:00+00:00
[2023-12-27T09:44:40.135+0545] {processor.py:183} INFO - Processing /home/sarita/Documents/apache-airflow-project/.venv/lib/python3.9/site-packages/airflow/example_dags/example_bash_operator.py took 0.090 seconds
[2023-12-27T09:45:35.247+0545] {processor.py:161} INFO - Started process (PID=8426) to work on /home/sarita/Documents/apache-airflow-project/.venv/lib/python3.9/site-packages/airflow/example_dags/example_bash_operator.py
[2023-12-27T09:45:35.248+0545] {processor.py:830} INFO - Processing file /home/sarita/Documents/apache-airflow-project/.venv/lib/python3.9/site-packages/airflow/example_dags/example_bash_operator.py for tasks to queue
[2023-12-27T09:45:35.249+0545] {logging_mixin.py:188} INFO - [2023-12-27T09:45:35.249+0545] {dagbag.py:538} INFO - Filling up the DagBag from /home/sarita/Documents/apache-airflow-project/.venv/lib/python3.9/site-packages/airflow/example_dags/example_bash_operator.py
[2023-12-27T09:45:35.262+0545] {processor.py:840} INFO - DAG(s) 'example_bash_operator' retrieved from /home/sarita/Documents/apache-airflow-project/.venv/lib/python3.9/site-packages/airflow/example_dags/example_bash_operator.py
[2023-12-27T09:45:35.291+0545] {logging_mixin.py:188} INFO - [2023-12-27T09:45:35.290+0545] {dag.py:3033} INFO - Sync 1 DAGs
[2023-12-27T09:45:35.315+0545] {logging_mixin.py:188} INFO - [2023-12-27T09:45:35.315+0545] {dag.py:3820} INFO - Setting next_dagrun for example_bash_operator to 2023-12-26T00:00:00+00:00, run_after=2023-12-27T00:00:00+00:00
[2023-12-27T09:45:35.342+0545] {processor.py:183} INFO - Processing /home/sarita/Documents/apache-airflow-project/.venv/lib/python3.9/site-packages/airflow/example_dags/example_bash_operator.py took 0.098 seconds
[2023-12-27T09:46:28.473+0545] {processor.py:161} INFO - Started process (PID=8500) to work on /home/sarita/Documents/apache-airflow-project/.venv/lib/python3.9/site-packages/airflow/example_dags/example_bash_operator.py
[2023-12-27T09:46:28.477+0545] {processor.py:830} INFO - Processing file /home/sarita/Documents/apache-airflow-project/.venv/lib/python3.9/site-packages/airflow/example_dags/example_bash_operator.py for tasks to queue
[2023-12-27T09:46:28.479+0545] {logging_mixin.py:188} INFO - [2023-12-27T09:46:28.478+0545] {dagbag.py:538} INFO - Filling up the DagBag from /home/sarita/Documents/apache-airflow-project/.venv/lib/python3.9/site-packages/airflow/example_dags/example_bash_operator.py
[2023-12-27T09:46:28.501+0545] {processor.py:840} INFO - DAG(s) 'example_bash_operator' retrieved from /home/sarita/Documents/apache-airflow-project/.venv/lib/python3.9/site-packages/airflow/example_dags/example_bash_operator.py
[2023-12-27T09:46:28.521+0545] {logging_mixin.py:188} INFO - [2023-12-27T09:46:28.521+0545] {dag.py:3033} INFO - Sync 1 DAGs
[2023-12-27T09:46:28.538+0545] {logging_mixin.py:188} INFO - [2023-12-27T09:46:28.537+0545] {dag.py:3820} INFO - Setting next_dagrun for example_bash_operator to 2023-12-26T00:00:00+00:00, run_after=2023-12-27T00:00:00+00:00
[2023-12-27T09:46:28.557+0545] {processor.py:183} INFO - Processing /home/sarita/Documents/apache-airflow-project/.venv/lib/python3.9/site-packages/airflow/example_dags/example_bash_operator.py took 0.092 seconds
[2023-12-27T09:47:26.067+0545] {processor.py:161} INFO - Started process (PID=8559) to work on /home/sarita/Documents/apache-airflow-project/.venv/lib/python3.9/site-packages/airflow/example_dags/example_bash_operator.py
[2023-12-27T09:47:26.070+0545] {processor.py:830} INFO - Processing file /home/sarita/Documents/apache-airflow-project/.venv/lib/python3.9/site-packages/airflow/example_dags/example_bash_operator.py for tasks to queue
[2023-12-27T09:47:26.072+0545] {logging_mixin.py:188} INFO - [2023-12-27T09:47:26.071+0545] {dagbag.py:538} INFO - Filling up the DagBag from /home/sarita/Documents/apache-airflow-project/.venv/lib/python3.9/site-packages/airflow/example_dags/example_bash_operator.py
[2023-12-27T09:47:26.092+0545] {processor.py:840} INFO - DAG(s) 'example_bash_operator' retrieved from /home/sarita/Documents/apache-airflow-project/.venv/lib/python3.9/site-packages/airflow/example_dags/example_bash_operator.py
[2023-12-27T09:47:26.113+0545] {logging_mixin.py:188} INFO - [2023-12-27T09:47:26.112+0545] {dag.py:3033} INFO - Sync 1 DAGs
[2023-12-27T09:47:26.129+0545] {logging_mixin.py:188} INFO - [2023-12-27T09:47:26.128+0545] {dag.py:3820} INFO - Setting next_dagrun for example_bash_operator to 2023-12-26T00:00:00+00:00, run_after=2023-12-27T00:00:00+00:00
[2023-12-27T09:47:26.146+0545] {processor.py:183} INFO - Processing /home/sarita/Documents/apache-airflow-project/.venv/lib/python3.9/site-packages/airflow/example_dags/example_bash_operator.py took 0.084 seconds
[2023-12-27T09:48:25.175+0545] {processor.py:161} INFO - Started process (PID=8645) to work on /home/sarita/Documents/apache-airflow-project/.venv/lib/python3.9/site-packages/airflow/example_dags/example_bash_operator.py
[2023-12-27T09:48:25.177+0545] {processor.py:830} INFO - Processing file /home/sarita/Documents/apache-airflow-project/.venv/lib/python3.9/site-packages/airflow/example_dags/example_bash_operator.py for tasks to queue
[2023-12-27T09:48:25.178+0545] {logging_mixin.py:188} INFO - [2023-12-27T09:48:25.178+0545] {dagbag.py:538} INFO - Filling up the DagBag from /home/sarita/Documents/apache-airflow-project/.venv/lib/python3.9/site-packages/airflow/example_dags/example_bash_operator.py
[2023-12-27T09:48:25.191+0545] {processor.py:840} INFO - DAG(s) 'example_bash_operator' retrieved from /home/sarita/Documents/apache-airflow-project/.venv/lib/python3.9/site-packages/airflow/example_dags/example_bash_operator.py
[2023-12-27T09:48:25.214+0545] {logging_mixin.py:188} INFO - [2023-12-27T09:48:25.214+0545] {dag.py:3033} INFO - Sync 1 DAGs
[2023-12-27T09:48:25.231+0545] {logging_mixin.py:188} INFO - [2023-12-27T09:48:25.230+0545] {dag.py:3820} INFO - Setting next_dagrun for example_bash_operator to 2023-12-26T00:00:00+00:00, run_after=2023-12-27T00:00:00+00:00
[2023-12-27T09:48:25.261+0545] {processor.py:183} INFO - Processing /home/sarita/Documents/apache-airflow-project/.venv/lib/python3.9/site-packages/airflow/example_dags/example_bash_operator.py took 0.088 seconds
[2023-12-27T09:49:18.912+0545] {processor.py:161} INFO - Started process (PID=8703) to work on /home/sarita/Documents/apache-airflow-project/.venv/lib/python3.9/site-packages/airflow/example_dags/example_bash_operator.py
[2023-12-27T09:49:18.915+0545] {processor.py:830} INFO - Processing file /home/sarita/Documents/apache-airflow-project/.venv/lib/python3.9/site-packages/airflow/example_dags/example_bash_operator.py for tasks to queue
[2023-12-27T09:49:18.916+0545] {logging_mixin.py:188} INFO - [2023-12-27T09:49:18.915+0545] {dagbag.py:538} INFO - Filling up the DagBag from /home/sarita/Documents/apache-airflow-project/.venv/lib/python3.9/site-packages/airflow/example_dags/example_bash_operator.py
[2023-12-27T09:49:18.926+0545] {processor.py:840} INFO - DAG(s) 'example_bash_operator' retrieved from /home/sarita/Documents/apache-airflow-project/.venv/lib/python3.9/site-packages/airflow/example_dags/example_bash_operator.py
[2023-12-27T09:49:18.945+0545] {logging_mixin.py:188} INFO - [2023-12-27T09:49:18.944+0545] {dag.py:3033} INFO - Sync 1 DAGs
[2023-12-27T09:49:18.962+0545] {logging_mixin.py:188} INFO - [2023-12-27T09:49:18.962+0545] {dag.py:3820} INFO - Setting next_dagrun for example_bash_operator to 2023-12-26T00:00:00+00:00, run_after=2023-12-27T00:00:00+00:00
[2023-12-27T09:49:18.981+0545] {processor.py:183} INFO - Processing /home/sarita/Documents/apache-airflow-project/.venv/lib/python3.9/site-packages/airflow/example_dags/example_bash_operator.py took 0.071 seconds
[2023-12-27T09:50:15.057+0545] {processor.py:161} INFO - Started process (PID=8771) to work on /home/sarita/Documents/apache-airflow-project/.venv/lib/python3.9/site-packages/airflow/example_dags/example_bash_operator.py
[2023-12-27T09:50:15.059+0545] {processor.py:830} INFO - Processing file /home/sarita/Documents/apache-airflow-project/.venv/lib/python3.9/site-packages/airflow/example_dags/example_bash_operator.py for tasks to queue
[2023-12-27T09:50:15.059+0545] {logging_mixin.py:188} INFO - [2023-12-27T09:50:15.059+0545] {dagbag.py:538} INFO - Filling up the DagBag from /home/sarita/Documents/apache-airflow-project/.venv/lib/python3.9/site-packages/airflow/example_dags/example_bash_operator.py
[2023-12-27T09:50:15.070+0545] {processor.py:840} INFO - DAG(s) 'example_bash_operator' retrieved from /home/sarita/Documents/apache-airflow-project/.venv/lib/python3.9/site-packages/airflow/example_dags/example_bash_operator.py
[2023-12-27T09:50:15.096+0545] {logging_mixin.py:188} INFO - [2023-12-27T09:50:15.096+0545] {dag.py:3033} INFO - Sync 1 DAGs
[2023-12-27T09:50:15.116+0545] {logging_mixin.py:188} INFO - [2023-12-27T09:50:15.115+0545] {dag.py:3820} INFO - Setting next_dagrun for example_bash_operator to 2023-12-26T00:00:00+00:00, run_after=2023-12-27T00:00:00+00:00
[2023-12-27T09:50:15.137+0545] {processor.py:183} INFO - Processing /home/sarita/Documents/apache-airflow-project/.venv/lib/python3.9/site-packages/airflow/example_dags/example_bash_operator.py took 0.082 seconds
[2023-12-27T09:51:13.980+0545] {processor.py:161} INFO - Started process (PID=8870) to work on /home/sarita/Documents/apache-airflow-project/.venv/lib/python3.9/site-packages/airflow/example_dags/example_bash_operator.py
[2023-12-27T09:51:13.984+0545] {processor.py:830} INFO - Processing file /home/sarita/Documents/apache-airflow-project/.venv/lib/python3.9/site-packages/airflow/example_dags/example_bash_operator.py for tasks to queue
[2023-12-27T09:51:13.987+0545] {logging_mixin.py:188} INFO - [2023-12-27T09:51:13.986+0545] {dagbag.py:538} INFO - Filling up the DagBag from /home/sarita/Documents/apache-airflow-project/.venv/lib/python3.9/site-packages/airflow/example_dags/example_bash_operator.py
[2023-12-27T09:51:14.006+0545] {processor.py:840} INFO - DAG(s) 'example_bash_operator' retrieved from /home/sarita/Documents/apache-airflow-project/.venv/lib/python3.9/site-packages/airflow/example_dags/example_bash_operator.py
[2023-12-27T09:51:14.026+0545] {logging_mixin.py:188} INFO - [2023-12-27T09:51:14.026+0545] {dag.py:3033} INFO - Sync 1 DAGs
[2023-12-27T09:51:14.042+0545] {logging_mixin.py:188} INFO - [2023-12-27T09:51:14.041+0545] {dag.py:3820} INFO - Setting next_dagrun for example_bash_operator to 2023-12-26T00:00:00+00:00, run_after=2023-12-27T00:00:00+00:00
[2023-12-27T09:51:14.069+0545] {processor.py:183} INFO - Processing /home/sarita/Documents/apache-airflow-project/.venv/lib/python3.9/site-packages/airflow/example_dags/example_bash_operator.py took 0.099 seconds
[2023-12-27T09:52:11.899+0545] {processor.py:161} INFO - Started process (PID=8974) to work on /home/sarita/Documents/apache-airflow-project/.venv/lib/python3.9/site-packages/airflow/example_dags/example_bash_operator.py
[2023-12-27T09:52:11.901+0545] {processor.py:830} INFO - Processing file /home/sarita/Documents/apache-airflow-project/.venv/lib/python3.9/site-packages/airflow/example_dags/example_bash_operator.py for tasks to queue
[2023-12-27T09:52:11.902+0545] {logging_mixin.py:188} INFO - [2023-12-27T09:52:11.902+0545] {dagbag.py:538} INFO - Filling up the DagBag from /home/sarita/Documents/apache-airflow-project/.venv/lib/python3.9/site-packages/airflow/example_dags/example_bash_operator.py
[2023-12-27T09:52:11.918+0545] {processor.py:840} INFO - DAG(s) 'example_bash_operator' retrieved from /home/sarita/Documents/apache-airflow-project/.venv/lib/python3.9/site-packages/airflow/example_dags/example_bash_operator.py
[2023-12-27T09:52:11.940+0545] {logging_mixin.py:188} INFO - [2023-12-27T09:52:11.939+0545] {dag.py:3033} INFO - Sync 1 DAGs
[2023-12-27T09:52:11.955+0545] {logging_mixin.py:188} INFO - [2023-12-27T09:52:11.955+0545] {dag.py:3820} INFO - Setting next_dagrun for example_bash_operator to 2023-12-26T00:00:00+00:00, run_after=2023-12-27T00:00:00+00:00
[2023-12-27T09:52:11.988+0545] {processor.py:183} INFO - Processing /home/sarita/Documents/apache-airflow-project/.venv/lib/python3.9/site-packages/airflow/example_dags/example_bash_operator.py took 0.094 seconds
[2023-12-27T12:19:18.580+0545] {processor.py:161} INFO - Started process (PID=13626) to work on /home/sarita/Documents/apache-airflow-project/.venv/lib/python3.9/site-packages/airflow/example_dags/example_bash_operator.py
[2023-12-27T12:19:18.580+0545] {processor.py:830} INFO - Processing file /home/sarita/Documents/apache-airflow-project/.venv/lib/python3.9/site-packages/airflow/example_dags/example_bash_operator.py for tasks to queue
[2023-12-27T12:19:18.581+0545] {logging_mixin.py:188} INFO - [2023-12-27T12:19:18.581+0545] {dagbag.py:538} INFO - Filling up the DagBag from /home/sarita/Documents/apache-airflow-project/.venv/lib/python3.9/site-packages/airflow/example_dags/example_bash_operator.py
[2023-12-27T12:19:18.590+0545] {processor.py:840} INFO - DAG(s) 'example_bash_operator' retrieved from /home/sarita/Documents/apache-airflow-project/.venv/lib/python3.9/site-packages/airflow/example_dags/example_bash_operator.py
[2023-12-27T12:19:18.607+0545] {logging_mixin.py:188} INFO - [2023-12-27T12:19:18.607+0545] {dag.py:3033} INFO - Sync 1 DAGs
[2023-12-27T12:19:18.622+0545] {logging_mixin.py:188} INFO - [2023-12-27T12:19:18.622+0545] {dag.py:3820} INFO - Setting next_dagrun for example_bash_operator to 2023-12-26T00:00:00+00:00, run_after=2023-12-27T00:00:00+00:00
[2023-12-27T12:19:18.638+0545] {processor.py:183} INFO - Processing /home/sarita/Documents/apache-airflow-project/.venv/lib/python3.9/site-packages/airflow/example_dags/example_bash_operator.py took 0.061 seconds
[2023-12-27T12:39:55.687+0545] {processor.py:161} INFO - Started process (PID=15556) to work on /home/sarita/Documents/apache-airflow-project/.venv/lib/python3.9/site-packages/airflow/example_dags/example_bash_operator.py
[2023-12-27T12:39:55.689+0545] {processor.py:830} INFO - Processing file /home/sarita/Documents/apache-airflow-project/.venv/lib/python3.9/site-packages/airflow/example_dags/example_bash_operator.py for tasks to queue
[2023-12-27T12:39:55.690+0545] {logging_mixin.py:188} INFO - [2023-12-27T12:39:55.689+0545] {dagbag.py:538} INFO - Filling up the DagBag from /home/sarita/Documents/apache-airflow-project/.venv/lib/python3.9/site-packages/airflow/example_dags/example_bash_operator.py
[2023-12-27T12:39:55.698+0545] {processor.py:840} INFO - DAG(s) 'example_bash_operator' retrieved from /home/sarita/Documents/apache-airflow-project/.venv/lib/python3.9/site-packages/airflow/example_dags/example_bash_operator.py
[2023-12-27T12:39:55.717+0545] {logging_mixin.py:188} INFO - [2023-12-27T12:39:55.717+0545] {dag.py:3033} INFO - Sync 1 DAGs
[2023-12-27T12:39:55.735+0545] {logging_mixin.py:188} INFO - [2023-12-27T12:39:55.735+0545] {dag.py:3820} INFO - Setting next_dagrun for example_bash_operator to 2023-12-26T00:00:00+00:00, run_after=2023-12-27T00:00:00+00:00
[2023-12-27T12:39:55.754+0545] {processor.py:183} INFO - Processing /home/sarita/Documents/apache-airflow-project/.venv/lib/python3.9/site-packages/airflow/example_dags/example_bash_operator.py took 0.070 seconds
[2023-12-27T12:52:57.676+0545] {processor.py:161} INFO - Started process (PID=17647) to work on /home/sarita/Documents/apache-airflow-project/.venv/lib/python3.9/site-packages/airflow/example_dags/example_bash_operator.py
[2023-12-27T12:52:57.680+0545] {processor.py:830} INFO - Processing file /home/sarita/Documents/apache-airflow-project/.venv/lib/python3.9/site-packages/airflow/example_dags/example_bash_operator.py for tasks to queue
[2023-12-27T12:52:57.682+0545] {logging_mixin.py:188} INFO - [2023-12-27T12:52:57.681+0545] {dagbag.py:538} INFO - Filling up the DagBag from /home/sarita/Documents/apache-airflow-project/.venv/lib/python3.9/site-packages/airflow/example_dags/example_bash_operator.py
[2023-12-27T12:52:57.705+0545] {processor.py:840} INFO - DAG(s) 'example_bash_operator' retrieved from /home/sarita/Documents/apache-airflow-project/.venv/lib/python3.9/site-packages/airflow/example_dags/example_bash_operator.py
[2023-12-27T12:52:57.725+0545] {logging_mixin.py:188} INFO - [2023-12-27T12:52:57.725+0545] {dag.py:3033} INFO - Sync 1 DAGs
[2023-12-27T12:52:57.740+0545] {logging_mixin.py:188} INFO - [2023-12-27T12:52:57.740+0545] {dag.py:3820} INFO - Setting next_dagrun for example_bash_operator to 2023-12-26T00:00:00+00:00, run_after=2023-12-27T00:00:00+00:00
[2023-12-27T12:52:57.766+0545] {processor.py:183} INFO - Processing /home/sarita/Documents/apache-airflow-project/.venv/lib/python3.9/site-packages/airflow/example_dags/example_bash_operator.py took 0.099 seconds
