[2023-12-27T09:37:00.329+0545] {processor.py:161} INFO - Started process (PID=6927) to work on /home/sarita/Documents/apache-airflow-project/.venv/lib/python3.9/site-packages/airflow/example_dags/example_python_operator.py
[2023-12-27T09:37:00.330+0545] {processor.py:830} INFO - Processing file /home/sarita/Documents/apache-airflow-project/.venv/lib/python3.9/site-packages/airflow/example_dags/example_python_operator.py for tasks to queue
[2023-12-27T09:37:00.330+0545] {logging_mixin.py:188} INFO - [2023-12-27T09:37:00.330+0545] {dagbag.py:538} INFO - Filling up the DagBag from /home/sarita/Documents/apache-airflow-project/.venv/lib/python3.9/site-packages/airflow/example_dags/example_python_operator.py
[2023-12-27T09:37:00.340+0545] {processor.py:840} INFO - DAG(s) 'example_python_operator' retrieved from /home/sarita/Documents/apache-airflow-project/.venv/lib/python3.9/site-packages/airflow/example_dags/example_python_operator.py
[2023-12-27T09:37:00.422+0545] {logging_mixin.py:188} INFO - [2023-12-27T09:37:00.422+0545] {dag.py:3033} INFO - Sync 1 DAGs
[2023-12-27T09:37:00.430+0545] {logging_mixin.py:188} INFO - [2023-12-27T09:37:00.430+0545] {dag.py:3820} INFO - Setting next_dagrun for example_python_operator to None, run_after=None
[2023-12-27T09:37:00.448+0545] {processor.py:183} INFO - Processing /home/sarita/Documents/apache-airflow-project/.venv/lib/python3.9/site-packages/airflow/example_dags/example_python_operator.py took 0.121 seconds
[2023-12-27T09:37:47.918+0545] {processor.py:161} INFO - Started process (PID=6987) to work on /home/sarita/Documents/apache-airflow-project/.venv/lib/python3.9/site-packages/airflow/example_dags/example_python_operator.py
[2023-12-27T09:37:47.919+0545] {processor.py:830} INFO - Processing file /home/sarita/Documents/apache-airflow-project/.venv/lib/python3.9/site-packages/airflow/example_dags/example_python_operator.py for tasks to queue
[2023-12-27T09:37:47.920+0545] {logging_mixin.py:188} INFO - [2023-12-27T09:37:47.919+0545] {dagbag.py:538} INFO - Filling up the DagBag from /home/sarita/Documents/apache-airflow-project/.venv/lib/python3.9/site-packages/airflow/example_dags/example_python_operator.py
[2023-12-27T09:37:47.928+0545] {processor.py:840} INFO - DAG(s) 'example_python_operator' retrieved from /home/sarita/Documents/apache-airflow-project/.venv/lib/python3.9/site-packages/airflow/example_dags/example_python_operator.py
[2023-12-27T09:37:47.941+0545] {logging_mixin.py:188} INFO - [2023-12-27T09:37:47.941+0545] {dag.py:3033} INFO - Sync 1 DAGs
[2023-12-27T09:37:47.952+0545] {logging_mixin.py:188} INFO - [2023-12-27T09:37:47.952+0545] {dag.py:3820} INFO - Setting next_dagrun for example_python_operator to None, run_after=None
[2023-12-27T09:37:47.971+0545] {processor.py:183} INFO - Processing /home/sarita/Documents/apache-airflow-project/.venv/lib/python3.9/site-packages/airflow/example_dags/example_python_operator.py took 0.054 seconds
[2023-12-27T09:38:43.071+0545] {processor.py:161} INFO - Started process (PID=7106) to work on /home/sarita/Documents/apache-airflow-project/.venv/lib/python3.9/site-packages/airflow/example_dags/example_python_operator.py
[2023-12-27T09:38:43.073+0545] {processor.py:830} INFO - Processing file /home/sarita/Documents/apache-airflow-project/.venv/lib/python3.9/site-packages/airflow/example_dags/example_python_operator.py for tasks to queue
[2023-12-27T09:38:43.075+0545] {logging_mixin.py:188} INFO - [2023-12-27T09:38:43.074+0545] {dagbag.py:538} INFO - Filling up the DagBag from /home/sarita/Documents/apache-airflow-project/.venv/lib/python3.9/site-packages/airflow/example_dags/example_python_operator.py
[2023-12-27T09:38:43.091+0545] {processor.py:840} INFO - DAG(s) 'example_python_operator' retrieved from /home/sarita/Documents/apache-airflow-project/.venv/lib/python3.9/site-packages/airflow/example_dags/example_python_operator.py
[2023-12-27T09:38:43.106+0545] {logging_mixin.py:188} INFO - [2023-12-27T09:38:43.106+0545] {dag.py:3033} INFO - Sync 1 DAGs
[2023-12-27T09:38:43.115+0545] {logging_mixin.py:188} INFO - [2023-12-27T09:38:43.115+0545] {dag.py:3820} INFO - Setting next_dagrun for example_python_operator to None, run_after=None
[2023-12-27T09:38:43.133+0545] {processor.py:183} INFO - Processing /home/sarita/Documents/apache-airflow-project/.venv/lib/python3.9/site-packages/airflow/example_dags/example_python_operator.py took 0.067 seconds
[2023-12-27T09:39:37.709+0545] {processor.py:161} INFO - Started process (PID=7169) to work on /home/sarita/Documents/apache-airflow-project/.venv/lib/python3.9/site-packages/airflow/example_dags/example_python_operator.py
[2023-12-27T09:39:37.711+0545] {processor.py:830} INFO - Processing file /home/sarita/Documents/apache-airflow-project/.venv/lib/python3.9/site-packages/airflow/example_dags/example_python_operator.py for tasks to queue
[2023-12-27T09:39:37.711+0545] {logging_mixin.py:188} INFO - [2023-12-27T09:39:37.711+0545] {dagbag.py:538} INFO - Filling up the DagBag from /home/sarita/Documents/apache-airflow-project/.venv/lib/python3.9/site-packages/airflow/example_dags/example_python_operator.py
[2023-12-27T09:39:37.719+0545] {processor.py:840} INFO - DAG(s) 'example_python_operator' retrieved from /home/sarita/Documents/apache-airflow-project/.venv/lib/python3.9/site-packages/airflow/example_dags/example_python_operator.py
[2023-12-27T09:39:37.731+0545] {logging_mixin.py:188} INFO - [2023-12-27T09:39:37.731+0545] {dag.py:3033} INFO - Sync 1 DAGs
[2023-12-27T09:39:37.740+0545] {logging_mixin.py:188} INFO - [2023-12-27T09:39:37.740+0545] {dag.py:3820} INFO - Setting next_dagrun for example_python_operator to None, run_after=None
[2023-12-27T09:39:37.757+0545] {processor.py:183} INFO - Processing /home/sarita/Documents/apache-airflow-project/.venv/lib/python3.9/site-packages/airflow/example_dags/example_python_operator.py took 0.050 seconds
[2023-12-27T09:40:33.745+0545] {processor.py:161} INFO - Started process (PID=7278) to work on /home/sarita/Documents/apache-airflow-project/.venv/lib/python3.9/site-packages/airflow/example_dags/example_python_operator.py
[2023-12-27T09:40:33.747+0545] {processor.py:830} INFO - Processing file /home/sarita/Documents/apache-airflow-project/.venv/lib/python3.9/site-packages/airflow/example_dags/example_python_operator.py for tasks to queue
[2023-12-27T09:40:33.748+0545] {logging_mixin.py:188} INFO - [2023-12-27T09:40:33.748+0545] {dagbag.py:538} INFO - Filling up the DagBag from /home/sarita/Documents/apache-airflow-project/.venv/lib/python3.9/site-packages/airflow/example_dags/example_python_operator.py
[2023-12-27T09:40:33.756+0545] {processor.py:840} INFO - DAG(s) 'example_python_operator' retrieved from /home/sarita/Documents/apache-airflow-project/.venv/lib/python3.9/site-packages/airflow/example_dags/example_python_operator.py
[2023-12-27T09:40:33.770+0545] {logging_mixin.py:188} INFO - [2023-12-27T09:40:33.770+0545] {dag.py:3033} INFO - Sync 1 DAGs
[2023-12-27T09:40:33.780+0545] {logging_mixin.py:188} INFO - [2023-12-27T09:40:33.780+0545] {dag.py:3820} INFO - Setting next_dagrun for example_python_operator to None, run_after=None
[2023-12-27T09:40:33.805+0545] {processor.py:183} INFO - Processing /home/sarita/Documents/apache-airflow-project/.venv/lib/python3.9/site-packages/airflow/example_dags/example_python_operator.py took 0.061 seconds
[2023-12-27T09:41:27.794+0545] {processor.py:161} INFO - Started process (PID=7541) to work on /home/sarita/Documents/apache-airflow-project/.venv/lib/python3.9/site-packages/airflow/example_dags/example_python_operator.py
[2023-12-27T09:41:27.796+0545] {processor.py:830} INFO - Processing file /home/sarita/Documents/apache-airflow-project/.venv/lib/python3.9/site-packages/airflow/example_dags/example_python_operator.py for tasks to queue
[2023-12-27T09:41:27.797+0545] {logging_mixin.py:188} INFO - [2023-12-27T09:41:27.797+0545] {dagbag.py:538} INFO - Filling up the DagBag from /home/sarita/Documents/apache-airflow-project/.venv/lib/python3.9/site-packages/airflow/example_dags/example_python_operator.py
[2023-12-27T09:41:27.805+0545] {processor.py:840} INFO - DAG(s) 'example_python_operator' retrieved from /home/sarita/Documents/apache-airflow-project/.venv/lib/python3.9/site-packages/airflow/example_dags/example_python_operator.py
[2023-12-27T09:41:27.818+0545] {logging_mixin.py:188} INFO - [2023-12-27T09:41:27.818+0545] {dag.py:3033} INFO - Sync 1 DAGs
[2023-12-27T09:41:27.827+0545] {logging_mixin.py:188} INFO - [2023-12-27T09:41:27.827+0545] {dag.py:3820} INFO - Setting next_dagrun for example_python_operator to None, run_after=None
[2023-12-27T09:41:27.856+0545] {processor.py:183} INFO - Processing /home/sarita/Documents/apache-airflow-project/.venv/lib/python3.9/site-packages/airflow/example_dags/example_python_operator.py took 0.065 seconds
[2023-12-27T09:42:15.882+0545] {processor.py:161} INFO - Started process (PID=7754) to work on /home/sarita/Documents/apache-airflow-project/.venv/lib/python3.9/site-packages/airflow/example_dags/example_python_operator.py
[2023-12-27T09:42:15.885+0545] {processor.py:830} INFO - Processing file /home/sarita/Documents/apache-airflow-project/.venv/lib/python3.9/site-packages/airflow/example_dags/example_python_operator.py for tasks to queue
[2023-12-27T09:42:15.886+0545] {logging_mixin.py:188} INFO - [2023-12-27T09:42:15.886+0545] {dagbag.py:538} INFO - Filling up the DagBag from /home/sarita/Documents/apache-airflow-project/.venv/lib/python3.9/site-packages/airflow/example_dags/example_python_operator.py
[2023-12-27T09:42:15.899+0545] {processor.py:840} INFO - DAG(s) 'example_python_operator' retrieved from /home/sarita/Documents/apache-airflow-project/.venv/lib/python3.9/site-packages/airflow/example_dags/example_python_operator.py
[2023-12-27T09:42:15.920+0545] {logging_mixin.py:188} INFO - [2023-12-27T09:42:15.920+0545] {dag.py:3033} INFO - Sync 1 DAGs
[2023-12-27T09:42:15.929+0545] {logging_mixin.py:188} INFO - [2023-12-27T09:42:15.929+0545] {dag.py:3820} INFO - Setting next_dagrun for example_python_operator to None, run_after=None
[2023-12-27T09:42:15.948+0545] {processor.py:183} INFO - Processing /home/sarita/Documents/apache-airflow-project/.venv/lib/python3.9/site-packages/airflow/example_dags/example_python_operator.py took 0.069 seconds
[2023-12-27T09:43:07.635+0545] {processor.py:161} INFO - Started process (PID=7845) to work on /home/sarita/Documents/apache-airflow-project/.venv/lib/python3.9/site-packages/airflow/example_dags/example_python_operator.py
[2023-12-27T09:43:07.638+0545] {processor.py:830} INFO - Processing file /home/sarita/Documents/apache-airflow-project/.venv/lib/python3.9/site-packages/airflow/example_dags/example_python_operator.py for tasks to queue
[2023-12-27T09:43:07.639+0545] {logging_mixin.py:188} INFO - [2023-12-27T09:43:07.639+0545] {dagbag.py:538} INFO - Filling up the DagBag from /home/sarita/Documents/apache-airflow-project/.venv/lib/python3.9/site-packages/airflow/example_dags/example_python_operator.py
[2023-12-27T09:43:07.650+0545] {processor.py:840} INFO - DAG(s) 'example_python_operator' retrieved from /home/sarita/Documents/apache-airflow-project/.venv/lib/python3.9/site-packages/airflow/example_dags/example_python_operator.py
[2023-12-27T09:43:07.666+0545] {logging_mixin.py:188} INFO - [2023-12-27T09:43:07.666+0545] {dag.py:3033} INFO - Sync 1 DAGs
[2023-12-27T09:43:07.675+0545] {logging_mixin.py:188} INFO - [2023-12-27T09:43:07.675+0545] {dag.py:3820} INFO - Setting next_dagrun for example_python_operator to None, run_after=None
[2023-12-27T09:43:07.695+0545] {processor.py:183} INFO - Processing /home/sarita/Documents/apache-airflow-project/.venv/lib/python3.9/site-packages/airflow/example_dags/example_python_operator.py took 0.063 seconds
[2023-12-27T09:44:02.936+0545] {processor.py:161} INFO - Started process (PID=7920) to work on /home/sarita/Documents/apache-airflow-project/.venv/lib/python3.9/site-packages/airflow/example_dags/example_python_operator.py
[2023-12-27T09:44:02.939+0545] {processor.py:830} INFO - Processing file /home/sarita/Documents/apache-airflow-project/.venv/lib/python3.9/site-packages/airflow/example_dags/example_python_operator.py for tasks to queue
[2023-12-27T09:44:02.940+0545] {logging_mixin.py:188} INFO - [2023-12-27T09:44:02.940+0545] {dagbag.py:538} INFO - Filling up the DagBag from /home/sarita/Documents/apache-airflow-project/.venv/lib/python3.9/site-packages/airflow/example_dags/example_python_operator.py
[2023-12-27T09:44:02.956+0545] {processor.py:840} INFO - DAG(s) 'example_python_operator' retrieved from /home/sarita/Documents/apache-airflow-project/.venv/lib/python3.9/site-packages/airflow/example_dags/example_python_operator.py
[2023-12-27T09:44:02.971+0545] {logging_mixin.py:188} INFO - [2023-12-27T09:44:02.970+0545] {dag.py:3033} INFO - Sync 1 DAGs
[2023-12-27T09:44:02.979+0545] {logging_mixin.py:188} INFO - [2023-12-27T09:44:02.979+0545] {dag.py:3820} INFO - Setting next_dagrun for example_python_operator to None, run_after=None
[2023-12-27T09:44:02.997+0545] {processor.py:183} INFO - Processing /home/sarita/Documents/apache-airflow-project/.venv/lib/python3.9/site-packages/airflow/example_dags/example_python_operator.py took 0.067 seconds
[2023-12-27T09:44:56.891+0545] {processor.py:161} INFO - Started process (PID=7995) to work on /home/sarita/Documents/apache-airflow-project/.venv/lib/python3.9/site-packages/airflow/example_dags/example_python_operator.py
[2023-12-27T09:44:56.894+0545] {processor.py:830} INFO - Processing file /home/sarita/Documents/apache-airflow-project/.venv/lib/python3.9/site-packages/airflow/example_dags/example_python_operator.py for tasks to queue
[2023-12-27T09:44:56.896+0545] {logging_mixin.py:188} INFO - [2023-12-27T09:44:56.895+0545] {dagbag.py:538} INFO - Filling up the DagBag from /home/sarita/Documents/apache-airflow-project/.venv/lib/python3.9/site-packages/airflow/example_dags/example_python_operator.py
[2023-12-27T09:44:56.912+0545] {processor.py:840} INFO - DAG(s) 'example_python_operator' retrieved from /home/sarita/Documents/apache-airflow-project/.venv/lib/python3.9/site-packages/airflow/example_dags/example_python_operator.py
[2023-12-27T09:44:56.927+0545] {logging_mixin.py:188} INFO - [2023-12-27T09:44:56.927+0545] {dag.py:3033} INFO - Sync 1 DAGs
[2023-12-27T09:44:56.936+0545] {logging_mixin.py:188} INFO - [2023-12-27T09:44:56.936+0545] {dag.py:3820} INFO - Setting next_dagrun for example_python_operator to None, run_after=None
[2023-12-27T09:44:56.962+0545] {processor.py:183} INFO - Processing /home/sarita/Documents/apache-airflow-project/.venv/lib/python3.9/site-packages/airflow/example_dags/example_python_operator.py took 0.080 seconds
[2023-12-27T09:45:52.932+0545] {processor.py:161} INFO - Started process (PID=8454) to work on /home/sarita/Documents/apache-airflow-project/.venv/lib/python3.9/site-packages/airflow/example_dags/example_python_operator.py
[2023-12-27T09:45:52.935+0545] {processor.py:830} INFO - Processing file /home/sarita/Documents/apache-airflow-project/.venv/lib/python3.9/site-packages/airflow/example_dags/example_python_operator.py for tasks to queue
[2023-12-27T09:45:52.936+0545] {logging_mixin.py:188} INFO - [2023-12-27T09:45:52.935+0545] {dagbag.py:538} INFO - Filling up the DagBag from /home/sarita/Documents/apache-airflow-project/.venv/lib/python3.9/site-packages/airflow/example_dags/example_python_operator.py
[2023-12-27T09:45:52.945+0545] {processor.py:840} INFO - DAG(s) 'example_python_operator' retrieved from /home/sarita/Documents/apache-airflow-project/.venv/lib/python3.9/site-packages/airflow/example_dags/example_python_operator.py
[2023-12-27T09:45:52.961+0545] {logging_mixin.py:188} INFO - [2023-12-27T09:45:52.961+0545] {dag.py:3033} INFO - Sync 1 DAGs
[2023-12-27T09:45:52.972+0545] {logging_mixin.py:188} INFO - [2023-12-27T09:45:52.972+0545] {dag.py:3820} INFO - Setting next_dagrun for example_python_operator to None, run_after=None
[2023-12-27T09:45:52.995+0545] {processor.py:183} INFO - Processing /home/sarita/Documents/apache-airflow-project/.venv/lib/python3.9/site-packages/airflow/example_dags/example_python_operator.py took 0.066 seconds
[2023-12-27T09:46:47.243+0545] {processor.py:161} INFO - Started process (PID=8520) to work on /home/sarita/Documents/apache-airflow-project/.venv/lib/python3.9/site-packages/airflow/example_dags/example_python_operator.py
[2023-12-27T09:46:47.246+0545] {processor.py:830} INFO - Processing file /home/sarita/Documents/apache-airflow-project/.venv/lib/python3.9/site-packages/airflow/example_dags/example_python_operator.py for tasks to queue
[2023-12-27T09:46:47.247+0545] {logging_mixin.py:188} INFO - [2023-12-27T09:46:47.247+0545] {dagbag.py:538} INFO - Filling up the DagBag from /home/sarita/Documents/apache-airflow-project/.venv/lib/python3.9/site-packages/airflow/example_dags/example_python_operator.py
[2023-12-27T09:46:47.259+0545] {processor.py:840} INFO - DAG(s) 'example_python_operator' retrieved from /home/sarita/Documents/apache-airflow-project/.venv/lib/python3.9/site-packages/airflow/example_dags/example_python_operator.py
[2023-12-27T09:46:47.272+0545] {logging_mixin.py:188} INFO - [2023-12-27T09:46:47.272+0545] {dag.py:3033} INFO - Sync 1 DAGs
[2023-12-27T09:46:47.281+0545] {logging_mixin.py:188} INFO - [2023-12-27T09:46:47.281+0545] {dag.py:3820} INFO - Setting next_dagrun for example_python_operator to None, run_after=None
[2023-12-27T09:46:47.298+0545] {processor.py:183} INFO - Processing /home/sarita/Documents/apache-airflow-project/.venv/lib/python3.9/site-packages/airflow/example_dags/example_python_operator.py took 0.060 seconds
[2023-12-27T09:47:46.280+0545] {processor.py:161} INFO - Started process (PID=8598) to work on /home/sarita/Documents/apache-airflow-project/.venv/lib/python3.9/site-packages/airflow/example_dags/example_python_operator.py
[2023-12-27T09:47:46.283+0545] {processor.py:830} INFO - Processing file /home/sarita/Documents/apache-airflow-project/.venv/lib/python3.9/site-packages/airflow/example_dags/example_python_operator.py for tasks to queue
[2023-12-27T09:47:46.284+0545] {logging_mixin.py:188} INFO - [2023-12-27T09:47:46.284+0545] {dagbag.py:538} INFO - Filling up the DagBag from /home/sarita/Documents/apache-airflow-project/.venv/lib/python3.9/site-packages/airflow/example_dags/example_python_operator.py
[2023-12-27T09:47:46.301+0545] {processor.py:840} INFO - DAG(s) 'example_python_operator' retrieved from /home/sarita/Documents/apache-airflow-project/.venv/lib/python3.9/site-packages/airflow/example_dags/example_python_operator.py
[2023-12-27T09:47:46.320+0545] {logging_mixin.py:188} INFO - [2023-12-27T09:47:46.320+0545] {dag.py:3033} INFO - Sync 1 DAGs
[2023-12-27T09:47:46.329+0545] {logging_mixin.py:188} INFO - [2023-12-27T09:47:46.329+0545] {dag.py:3820} INFO - Setting next_dagrun for example_python_operator to None, run_after=None
[2023-12-27T09:47:46.347+0545] {processor.py:183} INFO - Processing /home/sarita/Documents/apache-airflow-project/.venv/lib/python3.9/site-packages/airflow/example_dags/example_python_operator.py took 0.071 seconds
[2023-12-27T09:48:43.452+0545] {processor.py:161} INFO - Started process (PID=8665) to work on /home/sarita/Documents/apache-airflow-project/.venv/lib/python3.9/site-packages/airflow/example_dags/example_python_operator.py
[2023-12-27T09:48:43.455+0545] {processor.py:830} INFO - Processing file /home/sarita/Documents/apache-airflow-project/.venv/lib/python3.9/site-packages/airflow/example_dags/example_python_operator.py for tasks to queue
[2023-12-27T09:48:43.456+0545] {logging_mixin.py:188} INFO - [2023-12-27T09:48:43.455+0545] {dagbag.py:538} INFO - Filling up the DagBag from /home/sarita/Documents/apache-airflow-project/.venv/lib/python3.9/site-packages/airflow/example_dags/example_python_operator.py
[2023-12-27T09:48:43.470+0545] {processor.py:840} INFO - DAG(s) 'example_python_operator' retrieved from /home/sarita/Documents/apache-airflow-project/.venv/lib/python3.9/site-packages/airflow/example_dags/example_python_operator.py
[2023-12-27T09:48:43.486+0545] {logging_mixin.py:188} INFO - [2023-12-27T09:48:43.485+0545] {dag.py:3033} INFO - Sync 1 DAGs
[2023-12-27T09:48:43.495+0545] {logging_mixin.py:188} INFO - [2023-12-27T09:48:43.495+0545] {dag.py:3820} INFO - Setting next_dagrun for example_python_operator to None, run_after=None
[2023-12-27T09:48:43.513+0545] {processor.py:183} INFO - Processing /home/sarita/Documents/apache-airflow-project/.venv/lib/python3.9/site-packages/airflow/example_dags/example_python_operator.py took 0.065 seconds
[2023-12-27T09:49:36.604+0545] {processor.py:161} INFO - Started process (PID=8722) to work on /home/sarita/Documents/apache-airflow-project/.venv/lib/python3.9/site-packages/airflow/example_dags/example_python_operator.py
[2023-12-27T09:49:36.606+0545] {processor.py:830} INFO - Processing file /home/sarita/Documents/apache-airflow-project/.venv/lib/python3.9/site-packages/airflow/example_dags/example_python_operator.py for tasks to queue
[2023-12-27T09:49:36.607+0545] {logging_mixin.py:188} INFO - [2023-12-27T09:49:36.607+0545] {dagbag.py:538} INFO - Filling up the DagBag from /home/sarita/Documents/apache-airflow-project/.venv/lib/python3.9/site-packages/airflow/example_dags/example_python_operator.py
[2023-12-27T09:49:36.615+0545] {processor.py:840} INFO - DAG(s) 'example_python_operator' retrieved from /home/sarita/Documents/apache-airflow-project/.venv/lib/python3.9/site-packages/airflow/example_dags/example_python_operator.py
[2023-12-27T09:49:36.627+0545] {logging_mixin.py:188} INFO - [2023-12-27T09:49:36.627+0545] {dag.py:3033} INFO - Sync 1 DAGs
[2023-12-27T09:49:36.636+0545] {logging_mixin.py:188} INFO - [2023-12-27T09:49:36.636+0545] {dag.py:3820} INFO - Setting next_dagrun for example_python_operator to None, run_after=None
[2023-12-27T09:49:36.654+0545] {processor.py:183} INFO - Processing /home/sarita/Documents/apache-airflow-project/.venv/lib/python3.9/site-packages/airflow/example_dags/example_python_operator.py took 0.052 seconds
[2023-12-27T09:50:34.433+0545] {processor.py:161} INFO - Started process (PID=8795) to work on /home/sarita/Documents/apache-airflow-project/.venv/lib/python3.9/site-packages/airflow/example_dags/example_python_operator.py
[2023-12-27T09:50:34.436+0545] {processor.py:830} INFO - Processing file /home/sarita/Documents/apache-airflow-project/.venv/lib/python3.9/site-packages/airflow/example_dags/example_python_operator.py for tasks to queue
[2023-12-27T09:50:34.437+0545] {logging_mixin.py:188} INFO - [2023-12-27T09:50:34.437+0545] {dagbag.py:538} INFO - Filling up the DagBag from /home/sarita/Documents/apache-airflow-project/.venv/lib/python3.9/site-packages/airflow/example_dags/example_python_operator.py
[2023-12-27T09:50:34.456+0545] {processor.py:840} INFO - DAG(s) 'example_python_operator' retrieved from /home/sarita/Documents/apache-airflow-project/.venv/lib/python3.9/site-packages/airflow/example_dags/example_python_operator.py
[2023-12-27T09:50:34.474+0545] {logging_mixin.py:188} INFO - [2023-12-27T09:50:34.474+0545] {dag.py:3033} INFO - Sync 1 DAGs
[2023-12-27T09:50:34.483+0545] {logging_mixin.py:188} INFO - [2023-12-27T09:50:34.483+0545] {dag.py:3820} INFO - Setting next_dagrun for example_python_operator to None, run_after=None
[2023-12-27T09:50:34.502+0545] {processor.py:183} INFO - Processing /home/sarita/Documents/apache-airflow-project/.venv/lib/python3.9/site-packages/airflow/example_dags/example_python_operator.py took 0.074 seconds
[2023-12-27T09:51:33.292+0545] {processor.py:161} INFO - Started process (PID=8895) to work on /home/sarita/Documents/apache-airflow-project/.venv/lib/python3.9/site-packages/airflow/example_dags/example_python_operator.py
[2023-12-27T09:51:33.295+0545] {processor.py:830} INFO - Processing file /home/sarita/Documents/apache-airflow-project/.venv/lib/python3.9/site-packages/airflow/example_dags/example_python_operator.py for tasks to queue
[2023-12-27T09:51:33.297+0545] {logging_mixin.py:188} INFO - [2023-12-27T09:51:33.296+0545] {dagbag.py:538} INFO - Filling up the DagBag from /home/sarita/Documents/apache-airflow-project/.venv/lib/python3.9/site-packages/airflow/example_dags/example_python_operator.py
[2023-12-27T09:51:33.324+0545] {processor.py:840} INFO - DAG(s) 'example_python_operator' retrieved from /home/sarita/Documents/apache-airflow-project/.venv/lib/python3.9/site-packages/airflow/example_dags/example_python_operator.py
[2023-12-27T09:51:33.344+0545] {logging_mixin.py:188} INFO - [2023-12-27T09:51:33.344+0545] {dag.py:3033} INFO - Sync 1 DAGs
[2023-12-27T09:51:33.353+0545] {logging_mixin.py:188} INFO - [2023-12-27T09:51:33.353+0545] {dag.py:3820} INFO - Setting next_dagrun for example_python_operator to None, run_after=None
[2023-12-27T09:51:33.371+0545] {processor.py:183} INFO - Processing /home/sarita/Documents/apache-airflow-project/.venv/lib/python3.9/site-packages/airflow/example_dags/example_python_operator.py took 0.084 seconds
[2023-12-27T09:53:29.714+0545] {processor.py:161} INFO - Started process (PID=9101) to work on /home/sarita/Documents/apache-airflow-project/.venv/lib/python3.9/site-packages/airflow/example_dags/example_python_operator.py
[2023-12-27T09:53:29.715+0545] {processor.py:830} INFO - Processing file /home/sarita/Documents/apache-airflow-project/.venv/lib/python3.9/site-packages/airflow/example_dags/example_python_operator.py for tasks to queue
[2023-12-27T09:53:29.716+0545] {logging_mixin.py:188} INFO - [2023-12-27T09:53:29.715+0545] {dagbag.py:538} INFO - Filling up the DagBag from /home/sarita/Documents/apache-airflow-project/.venv/lib/python3.9/site-packages/airflow/example_dags/example_python_operator.py
[2023-12-27T09:53:29.724+0545] {processor.py:840} INFO - DAG(s) 'example_python_operator' retrieved from /home/sarita/Documents/apache-airflow-project/.venv/lib/python3.9/site-packages/airflow/example_dags/example_python_operator.py
[2023-12-27T09:53:29.737+0545] {logging_mixin.py:188} INFO - [2023-12-27T09:53:29.736+0545] {dag.py:3033} INFO - Sync 1 DAGs
[2023-12-27T09:53:29.746+0545] {logging_mixin.py:188} INFO - [2023-12-27T09:53:29.746+0545] {dag.py:3820} INFO - Setting next_dagrun for example_python_operator to None, run_after=None
[2023-12-27T09:53:29.764+0545] {processor.py:183} INFO - Processing /home/sarita/Documents/apache-airflow-project/.venv/lib/python3.9/site-packages/airflow/example_dags/example_python_operator.py took 0.051 seconds
[2023-12-27T12:17:35.925+0545] {processor.py:161} INFO - Started process (PID=13498) to work on /home/sarita/Documents/apache-airflow-project/.venv/lib/python3.9/site-packages/airflow/example_dags/example_python_operator.py
[2023-12-27T12:17:35.925+0545] {processor.py:830} INFO - Processing file /home/sarita/Documents/apache-airflow-project/.venv/lib/python3.9/site-packages/airflow/example_dags/example_python_operator.py for tasks to queue
[2023-12-27T12:17:35.926+0545] {logging_mixin.py:188} INFO - [2023-12-27T12:17:35.926+0545] {dagbag.py:538} INFO - Filling up the DagBag from /home/sarita/Documents/apache-airflow-project/.venv/lib/python3.9/site-packages/airflow/example_dags/example_python_operator.py
[2023-12-27T12:17:35.933+0545] {processor.py:840} INFO - DAG(s) 'example_python_operator' retrieved from /home/sarita/Documents/apache-airflow-project/.venv/lib/python3.9/site-packages/airflow/example_dags/example_python_operator.py
[2023-12-27T12:17:36.004+0545] {logging_mixin.py:188} INFO - [2023-12-27T12:17:36.004+0545] {dag.py:3033} INFO - Sync 1 DAGs
[2023-12-27T12:17:36.011+0545] {logging_mixin.py:188} INFO - [2023-12-27T12:17:36.011+0545] {dag.py:3820} INFO - Setting next_dagrun for example_python_operator to None, run_after=None
[2023-12-27T12:17:36.035+0545] {processor.py:183} INFO - Processing /home/sarita/Documents/apache-airflow-project/.venv/lib/python3.9/site-packages/airflow/example_dags/example_python_operator.py took 0.112 seconds
[2023-12-27T12:39:40.055+0545] {processor.py:161} INFO - Started process (PID=15407) to work on /home/sarita/Documents/apache-airflow-project/.venv/lib/python3.9/site-packages/airflow/example_dags/example_python_operator.py
[2023-12-27T12:39:40.057+0545] {processor.py:830} INFO - Processing file /home/sarita/Documents/apache-airflow-project/.venv/lib/python3.9/site-packages/airflow/example_dags/example_python_operator.py for tasks to queue
[2023-12-27T12:39:40.058+0545] {logging_mixin.py:188} INFO - [2023-12-27T12:39:40.057+0545] {dagbag.py:538} INFO - Filling up the DagBag from /home/sarita/Documents/apache-airflow-project/.venv/lib/python3.9/site-packages/airflow/example_dags/example_python_operator.py
[2023-12-27T12:39:40.065+0545] {processor.py:840} INFO - DAG(s) 'example_python_operator' retrieved from /home/sarita/Documents/apache-airflow-project/.venv/lib/python3.9/site-packages/airflow/example_dags/example_python_operator.py
[2023-12-27T12:39:40.140+0545] {logging_mixin.py:188} INFO - [2023-12-27T12:39:40.140+0545] {dag.py:3033} INFO - Sync 1 DAGs
[2023-12-27T12:39:40.148+0545] {logging_mixin.py:188} INFO - [2023-12-27T12:39:40.148+0545] {dag.py:3820} INFO - Setting next_dagrun for example_python_operator to None, run_after=None
[2023-12-27T12:39:40.253+0545] {processor.py:183} INFO - Processing /home/sarita/Documents/apache-airflow-project/.venv/lib/python3.9/site-packages/airflow/example_dags/example_python_operator.py took 0.201 seconds
[2023-12-27T12:47:08.171+0545] {processor.py:161} INFO - Started process (PID=17187) to work on /home/sarita/Documents/apache-airflow-project/.venv/lib/python3.9/site-packages/airflow/example_dags/example_python_operator.py
[2023-12-27T12:47:08.174+0545] {processor.py:830} INFO - Processing file /home/sarita/Documents/apache-airflow-project/.venv/lib/python3.9/site-packages/airflow/example_dags/example_python_operator.py for tasks to queue
[2023-12-27T12:47:08.176+0545] {logging_mixin.py:188} INFO - [2023-12-27T12:47:08.175+0545] {dagbag.py:538} INFO - Filling up the DagBag from /home/sarita/Documents/apache-airflow-project/.venv/lib/python3.9/site-packages/airflow/example_dags/example_python_operator.py
[2023-12-27T12:47:08.191+0545] {processor.py:840} INFO - DAG(s) 'example_python_operator' retrieved from /home/sarita/Documents/apache-airflow-project/.venv/lib/python3.9/site-packages/airflow/example_dags/example_python_operator.py
[2023-12-27T12:47:08.268+0545] {logging_mixin.py:188} INFO - [2023-12-27T12:47:08.267+0545] {dag.py:3033} INFO - Sync 1 DAGs
[2023-12-27T12:47:08.275+0545] {logging_mixin.py:188} INFO - [2023-12-27T12:47:08.275+0545] {dag.py:3820} INFO - Setting next_dagrun for example_python_operator to None, run_after=None
[2023-12-27T12:47:08.294+0545] {processor.py:183} INFO - Processing /home/sarita/Documents/apache-airflow-project/.venv/lib/python3.9/site-packages/airflow/example_dags/example_python_operator.py took 0.132 seconds
[2023-12-27T12:52:40.387+0545] {processor.py:161} INFO - Started process (PID=17623) to work on /home/sarita/Documents/apache-airflow-project/.venv/lib/python3.9/site-packages/airflow/example_dags/example_python_operator.py
[2023-12-27T12:52:40.390+0545] {processor.py:830} INFO - Processing file /home/sarita/Documents/apache-airflow-project/.venv/lib/python3.9/site-packages/airflow/example_dags/example_python_operator.py for tasks to queue
[2023-12-27T12:52:40.392+0545] {logging_mixin.py:188} INFO - [2023-12-27T12:52:40.391+0545] {dagbag.py:538} INFO - Filling up the DagBag from /home/sarita/Documents/apache-airflow-project/.venv/lib/python3.9/site-packages/airflow/example_dags/example_python_operator.py
[2023-12-27T12:52:40.417+0545] {processor.py:840} INFO - DAG(s) 'example_python_operator' retrieved from /home/sarita/Documents/apache-airflow-project/.venv/lib/python3.9/site-packages/airflow/example_dags/example_python_operator.py
[2023-12-27T12:52:40.494+0545] {logging_mixin.py:188} INFO - [2023-12-27T12:52:40.494+0545] {dag.py:3033} INFO - Sync 1 DAGs
[2023-12-27T12:52:40.501+0545] {logging_mixin.py:188} INFO - [2023-12-27T12:52:40.501+0545] {dag.py:3820} INFO - Setting next_dagrun for example_python_operator to None, run_after=None
[2023-12-27T12:52:40.519+0545] {processor.py:183} INFO - Processing /home/sarita/Documents/apache-airflow-project/.venv/lib/python3.9/site-packages/airflow/example_dags/example_python_operator.py took 0.140 seconds
[2023-12-27T12:53:30.821+0545] {processor.py:161} INFO - Started process (PID=17729) to work on /home/sarita/Documents/apache-airflow-project/.venv/lib/python3.9/site-packages/airflow/example_dags/example_python_operator.py
[2023-12-27T12:53:30.824+0545] {processor.py:830} INFO - Processing file /home/sarita/Documents/apache-airflow-project/.venv/lib/python3.9/site-packages/airflow/example_dags/example_python_operator.py for tasks to queue
[2023-12-27T12:53:30.825+0545] {logging_mixin.py:188} INFO - [2023-12-27T12:53:30.825+0545] {dagbag.py:538} INFO - Filling up the DagBag from /home/sarita/Documents/apache-airflow-project/.venv/lib/python3.9/site-packages/airflow/example_dags/example_python_operator.py
[2023-12-27T12:53:30.838+0545] {processor.py:840} INFO - DAG(s) 'example_python_operator' retrieved from /home/sarita/Documents/apache-airflow-project/.venv/lib/python3.9/site-packages/airflow/example_dags/example_python_operator.py
[2023-12-27T12:53:30.851+0545] {logging_mixin.py:188} INFO - [2023-12-27T12:53:30.851+0545] {dag.py:3033} INFO - Sync 1 DAGs
[2023-12-27T12:53:30.860+0545] {logging_mixin.py:188} INFO - [2023-12-27T12:53:30.860+0545] {dag.py:3820} INFO - Setting next_dagrun for example_python_operator to None, run_after=None
[2023-12-27T12:53:30.877+0545] {processor.py:183} INFO - Processing /home/sarita/Documents/apache-airflow-project/.venv/lib/python3.9/site-packages/airflow/example_dags/example_python_operator.py took 0.062 seconds
