[2023-12-27T09:37:10.619+0545] {processor.py:161} INFO - Started process (PID=6940) to work on /home/sarita/Documents/apache-airflow-project/.venv/lib/python3.9/site-packages/airflow/example_dags/example_dynamic_task_mapping.py
[2023-12-27T09:37:10.620+0545] {processor.py:830} INFO - Processing file /home/sarita/Documents/apache-airflow-project/.venv/lib/python3.9/site-packages/airflow/example_dags/example_dynamic_task_mapping.py for tasks to queue
[2023-12-27T09:37:10.622+0545] {logging_mixin.py:188} INFO - [2023-12-27T09:37:10.621+0545] {dagbag.py:538} INFO - Filling up the DagBag from /home/sarita/Documents/apache-airflow-project/.venv/lib/python3.9/site-packages/airflow/example_dags/example_dynamic_task_mapping.py
[2023-12-27T09:37:10.632+0545] {processor.py:840} INFO - DAG(s) 'example_dynamic_task_mapping' retrieved from /home/sarita/Documents/apache-airflow-project/.venv/lib/python3.9/site-packages/airflow/example_dags/example_dynamic_task_mapping.py
[2023-12-27T09:37:10.645+0545] {logging_mixin.py:188} INFO - [2023-12-27T09:37:10.644+0545] {dag.py:3033} INFO - Sync 1 DAGs
[2023-12-27T09:37:10.661+0545] {logging_mixin.py:188} INFO - [2023-12-27T09:37:10.661+0545] {dag.py:3820} INFO - Setting next_dagrun for example_dynamic_task_mapping to 2022-03-04T00:00:00+00:00, run_after=2022-03-05T00:00:00+00:00
[2023-12-27T09:37:10.680+0545] {processor.py:183} INFO - Processing /home/sarita/Documents/apache-airflow-project/.venv/lib/python3.9/site-packages/airflow/example_dags/example_dynamic_task_mapping.py took 0.068 seconds
[2023-12-27T09:38:04.745+0545] {processor.py:161} INFO - Started process (PID=7005) to work on /home/sarita/Documents/apache-airflow-project/.venv/lib/python3.9/site-packages/airflow/example_dags/example_dynamic_task_mapping.py
[2023-12-27T09:38:04.748+0545] {processor.py:830} INFO - Processing file /home/sarita/Documents/apache-airflow-project/.venv/lib/python3.9/site-packages/airflow/example_dags/example_dynamic_task_mapping.py for tasks to queue
[2023-12-27T09:38:04.749+0545] {logging_mixin.py:188} INFO - [2023-12-27T09:38:04.749+0545] {dagbag.py:538} INFO - Filling up the DagBag from /home/sarita/Documents/apache-airflow-project/.venv/lib/python3.9/site-packages/airflow/example_dags/example_dynamic_task_mapping.py
[2023-12-27T09:38:04.758+0545] {processor.py:840} INFO - DAG(s) 'example_dynamic_task_mapping' retrieved from /home/sarita/Documents/apache-airflow-project/.venv/lib/python3.9/site-packages/airflow/example_dags/example_dynamic_task_mapping.py
[2023-12-27T09:38:04.772+0545] {logging_mixin.py:188} INFO - [2023-12-27T09:38:04.772+0545] {dag.py:3033} INFO - Sync 1 DAGs
[2023-12-27T09:38:04.788+0545] {logging_mixin.py:188} INFO - [2023-12-27T09:38:04.788+0545] {dag.py:3820} INFO - Setting next_dagrun for example_dynamic_task_mapping to 2022-03-04T00:00:00+00:00, run_after=2022-03-05T00:00:00+00:00
[2023-12-27T09:38:04.804+0545] {processor.py:183} INFO - Processing /home/sarita/Documents/apache-airflow-project/.venv/lib/python3.9/site-packages/airflow/example_dags/example_dynamic_task_mapping.py took 0.064 seconds
[2023-12-27T09:39:01.057+0545] {processor.py:161} INFO - Started process (PID=7125) to work on /home/sarita/Documents/apache-airflow-project/.venv/lib/python3.9/site-packages/airflow/example_dags/example_dynamic_task_mapping.py
[2023-12-27T09:39:01.060+0545] {processor.py:830} INFO - Processing file /home/sarita/Documents/apache-airflow-project/.venv/lib/python3.9/site-packages/airflow/example_dags/example_dynamic_task_mapping.py for tasks to queue
[2023-12-27T09:39:01.062+0545] {logging_mixin.py:188} INFO - [2023-12-27T09:39:01.062+0545] {dagbag.py:538} INFO - Filling up the DagBag from /home/sarita/Documents/apache-airflow-project/.venv/lib/python3.9/site-packages/airflow/example_dags/example_dynamic_task_mapping.py
[2023-12-27T09:39:01.078+0545] {processor.py:840} INFO - DAG(s) 'example_dynamic_task_mapping' retrieved from /home/sarita/Documents/apache-airflow-project/.venv/lib/python3.9/site-packages/airflow/example_dags/example_dynamic_task_mapping.py
[2023-12-27T09:39:01.094+0545] {logging_mixin.py:188} INFO - [2023-12-27T09:39:01.094+0545] {dag.py:3033} INFO - Sync 1 DAGs
[2023-12-27T09:39:01.110+0545] {logging_mixin.py:188} INFO - [2023-12-27T09:39:01.110+0545] {dag.py:3820} INFO - Setting next_dagrun for example_dynamic_task_mapping to 2022-03-04T00:00:00+00:00, run_after=2022-03-05T00:00:00+00:00
[2023-12-27T09:39:01.129+0545] {processor.py:183} INFO - Processing /home/sarita/Documents/apache-airflow-project/.venv/lib/python3.9/site-packages/airflow/example_dags/example_dynamic_task_mapping.py took 0.079 seconds
[2023-12-27T09:39:57.146+0545] {processor.py:161} INFO - Started process (PID=7216) to work on /home/sarita/Documents/apache-airflow-project/.venv/lib/python3.9/site-packages/airflow/example_dags/example_dynamic_task_mapping.py
[2023-12-27T09:39:57.149+0545] {processor.py:830} INFO - Processing file /home/sarita/Documents/apache-airflow-project/.venv/lib/python3.9/site-packages/airflow/example_dags/example_dynamic_task_mapping.py for tasks to queue
[2023-12-27T09:39:57.151+0545] {logging_mixin.py:188} INFO - [2023-12-27T09:39:57.150+0545] {dagbag.py:538} INFO - Filling up the DagBag from /home/sarita/Documents/apache-airflow-project/.venv/lib/python3.9/site-packages/airflow/example_dags/example_dynamic_task_mapping.py
[2023-12-27T09:39:57.157+0545] {processor.py:840} INFO - DAG(s) 'example_dynamic_task_mapping' retrieved from /home/sarita/Documents/apache-airflow-project/.venv/lib/python3.9/site-packages/airflow/example_dags/example_dynamic_task_mapping.py
[2023-12-27T09:39:57.170+0545] {logging_mixin.py:188} INFO - [2023-12-27T09:39:57.170+0545] {dag.py:3033} INFO - Sync 1 DAGs
[2023-12-27T09:39:57.186+0545] {logging_mixin.py:188} INFO - [2023-12-27T09:39:57.186+0545] {dag.py:3820} INFO - Setting next_dagrun for example_dynamic_task_mapping to 2022-03-04T00:00:00+00:00, run_after=2022-03-05T00:00:00+00:00
[2023-12-27T09:39:57.204+0545] {processor.py:183} INFO - Processing /home/sarita/Documents/apache-airflow-project/.venv/lib/python3.9/site-packages/airflow/example_dags/example_dynamic_task_mapping.py took 0.063 seconds
[2023-12-27T09:40:52.889+0545] {processor.py:161} INFO - Started process (PID=7409) to work on /home/sarita/Documents/apache-airflow-project/.venv/lib/python3.9/site-packages/airflow/example_dags/example_dynamic_task_mapping.py
[2023-12-27T09:40:52.889+0545] {processor.py:830} INFO - Processing file /home/sarita/Documents/apache-airflow-project/.venv/lib/python3.9/site-packages/airflow/example_dags/example_dynamic_task_mapping.py for tasks to queue
[2023-12-27T09:40:52.890+0545] {logging_mixin.py:188} INFO - [2023-12-27T09:40:52.890+0545] {dagbag.py:538} INFO - Filling up the DagBag from /home/sarita/Documents/apache-airflow-project/.venv/lib/python3.9/site-packages/airflow/example_dags/example_dynamic_task_mapping.py
[2023-12-27T09:40:52.901+0545] {processor.py:840} INFO - DAG(s) 'example_dynamic_task_mapping' retrieved from /home/sarita/Documents/apache-airflow-project/.venv/lib/python3.9/site-packages/airflow/example_dags/example_dynamic_task_mapping.py
[2023-12-27T09:40:52.914+0545] {logging_mixin.py:188} INFO - [2023-12-27T09:40:52.913+0545] {dag.py:3033} INFO - Sync 1 DAGs
[2023-12-27T09:40:52.934+0545] {logging_mixin.py:188} INFO - [2023-12-27T09:40:52.934+0545] {dag.py:3820} INFO - Setting next_dagrun for example_dynamic_task_mapping to 2022-03-04T00:00:00+00:00, run_after=2022-03-05T00:00:00+00:00
[2023-12-27T09:40:52.957+0545] {processor.py:183} INFO - Processing /home/sarita/Documents/apache-airflow-project/.venv/lib/python3.9/site-packages/airflow/example_dags/example_dynamic_task_mapping.py took 0.071 seconds
[2023-12-27T09:41:50.102+0545] {processor.py:161} INFO - Started process (PID=7727) to work on /home/sarita/Documents/apache-airflow-project/.venv/lib/python3.9/site-packages/airflow/example_dags/example_dynamic_task_mapping.py
[2023-12-27T09:41:50.105+0545] {processor.py:830} INFO - Processing file /home/sarita/Documents/apache-airflow-project/.venv/lib/python3.9/site-packages/airflow/example_dags/example_dynamic_task_mapping.py for tasks to queue
[2023-12-27T09:41:50.106+0545] {logging_mixin.py:188} INFO - [2023-12-27T09:41:50.105+0545] {dagbag.py:538} INFO - Filling up the DagBag from /home/sarita/Documents/apache-airflow-project/.venv/lib/python3.9/site-packages/airflow/example_dags/example_dynamic_task_mapping.py
[2023-12-27T09:41:50.112+0545] {processor.py:840} INFO - DAG(s) 'example_dynamic_task_mapping' retrieved from /home/sarita/Documents/apache-airflow-project/.venv/lib/python3.9/site-packages/airflow/example_dags/example_dynamic_task_mapping.py
[2023-12-27T09:41:50.126+0545] {logging_mixin.py:188} INFO - [2023-12-27T09:41:50.126+0545] {dag.py:3033} INFO - Sync 1 DAGs
[2023-12-27T09:41:50.148+0545] {logging_mixin.py:188} INFO - [2023-12-27T09:41:50.148+0545] {dag.py:3820} INFO - Setting next_dagrun for example_dynamic_task_mapping to 2022-03-04T00:00:00+00:00, run_after=2022-03-05T00:00:00+00:00
[2023-12-27T09:41:50.171+0545] {processor.py:183} INFO - Processing /home/sarita/Documents/apache-airflow-project/.venv/lib/python3.9/site-packages/airflow/example_dags/example_dynamic_task_mapping.py took 0.071 seconds
[2023-12-27T09:42:45.031+0545] {processor.py:161} INFO - Started process (PID=7817) to work on /home/sarita/Documents/apache-airflow-project/.venv/lib/python3.9/site-packages/airflow/example_dags/example_dynamic_task_mapping.py
[2023-12-27T09:42:45.034+0545] {processor.py:830} INFO - Processing file /home/sarita/Documents/apache-airflow-project/.venv/lib/python3.9/site-packages/airflow/example_dags/example_dynamic_task_mapping.py for tasks to queue
[2023-12-27T09:42:45.036+0545] {logging_mixin.py:188} INFO - [2023-12-27T09:42:45.035+0545] {dagbag.py:538} INFO - Filling up the DagBag from /home/sarita/Documents/apache-airflow-project/.venv/lib/python3.9/site-packages/airflow/example_dags/example_dynamic_task_mapping.py
[2023-12-27T09:42:45.048+0545] {processor.py:840} INFO - DAG(s) 'example_dynamic_task_mapping' retrieved from /home/sarita/Documents/apache-airflow-project/.venv/lib/python3.9/site-packages/airflow/example_dags/example_dynamic_task_mapping.py
[2023-12-27T09:42:45.062+0545] {logging_mixin.py:188} INFO - [2023-12-27T09:42:45.062+0545] {dag.py:3033} INFO - Sync 1 DAGs
[2023-12-27T09:42:45.078+0545] {logging_mixin.py:188} INFO - [2023-12-27T09:42:45.078+0545] {dag.py:3820} INFO - Setting next_dagrun for example_dynamic_task_mapping to 2022-03-04T00:00:00+00:00, run_after=2022-03-05T00:00:00+00:00
[2023-12-27T09:42:45.096+0545] {processor.py:183} INFO - Processing /home/sarita/Documents/apache-airflow-project/.venv/lib/python3.9/site-packages/airflow/example_dags/example_dynamic_task_mapping.py took 0.070 seconds
[2023-12-27T09:43:35.726+0545] {processor.py:161} INFO - Started process (PID=7889) to work on /home/sarita/Documents/apache-airflow-project/.venv/lib/python3.9/site-packages/airflow/example_dags/example_dynamic_task_mapping.py
[2023-12-27T09:43:35.728+0545] {processor.py:830} INFO - Processing file /home/sarita/Documents/apache-airflow-project/.venv/lib/python3.9/site-packages/airflow/example_dags/example_dynamic_task_mapping.py for tasks to queue
[2023-12-27T09:43:35.730+0545] {logging_mixin.py:188} INFO - [2023-12-27T09:43:35.729+0545] {dagbag.py:538} INFO - Filling up the DagBag from /home/sarita/Documents/apache-airflow-project/.venv/lib/python3.9/site-packages/airflow/example_dags/example_dynamic_task_mapping.py
[2023-12-27T09:43:35.737+0545] {processor.py:840} INFO - DAG(s) 'example_dynamic_task_mapping' retrieved from /home/sarita/Documents/apache-airflow-project/.venv/lib/python3.9/site-packages/airflow/example_dags/example_dynamic_task_mapping.py
[2023-12-27T09:43:35.750+0545] {logging_mixin.py:188} INFO - [2023-12-27T09:43:35.749+0545] {dag.py:3033} INFO - Sync 1 DAGs
[2023-12-27T09:43:35.765+0545] {logging_mixin.py:188} INFO - [2023-12-27T09:43:35.765+0545] {dag.py:3820} INFO - Setting next_dagrun for example_dynamic_task_mapping to 2022-03-04T00:00:00+00:00, run_after=2022-03-05T00:00:00+00:00
[2023-12-27T09:43:35.782+0545] {processor.py:183} INFO - Processing /home/sarita/Documents/apache-airflow-project/.venv/lib/python3.9/site-packages/airflow/example_dags/example_dynamic_task_mapping.py took 0.061 seconds
[2023-12-27T09:44:32.732+0545] {processor.py:161} INFO - Started process (PID=7962) to work on /home/sarita/Documents/apache-airflow-project/.venv/lib/python3.9/site-packages/airflow/example_dags/example_dynamic_task_mapping.py
[2023-12-27T09:44:32.734+0545] {processor.py:830} INFO - Processing file /home/sarita/Documents/apache-airflow-project/.venv/lib/python3.9/site-packages/airflow/example_dags/example_dynamic_task_mapping.py for tasks to queue
[2023-12-27T09:44:32.735+0545] {logging_mixin.py:188} INFO - [2023-12-27T09:44:32.734+0545] {dagbag.py:538} INFO - Filling up the DagBag from /home/sarita/Documents/apache-airflow-project/.venv/lib/python3.9/site-packages/airflow/example_dags/example_dynamic_task_mapping.py
[2023-12-27T09:44:32.742+0545] {processor.py:840} INFO - DAG(s) 'example_dynamic_task_mapping' retrieved from /home/sarita/Documents/apache-airflow-project/.venv/lib/python3.9/site-packages/airflow/example_dags/example_dynamic_task_mapping.py
[2023-12-27T09:44:32.753+0545] {logging_mixin.py:188} INFO - [2023-12-27T09:44:32.753+0545] {dag.py:3033} INFO - Sync 1 DAGs
[2023-12-27T09:44:32.769+0545] {logging_mixin.py:188} INFO - [2023-12-27T09:44:32.769+0545] {dag.py:3820} INFO - Setting next_dagrun for example_dynamic_task_mapping to 2022-03-04T00:00:00+00:00, run_after=2022-03-05T00:00:00+00:00
[2023-12-27T09:44:32.787+0545] {processor.py:183} INFO - Processing /home/sarita/Documents/apache-airflow-project/.venv/lib/python3.9/site-packages/airflow/example_dags/example_dynamic_task_mapping.py took 0.060 seconds
[2023-12-27T09:45:28.475+0545] {processor.py:161} INFO - Started process (PID=8096) to work on /home/sarita/Documents/apache-airflow-project/.venv/lib/python3.9/site-packages/airflow/example_dags/example_dynamic_task_mapping.py
[2023-12-27T09:45:28.477+0545] {processor.py:830} INFO - Processing file /home/sarita/Documents/apache-airflow-project/.venv/lib/python3.9/site-packages/airflow/example_dags/example_dynamic_task_mapping.py for tasks to queue
[2023-12-27T09:45:28.478+0545] {logging_mixin.py:188} INFO - [2023-12-27T09:45:28.478+0545] {dagbag.py:538} INFO - Filling up the DagBag from /home/sarita/Documents/apache-airflow-project/.venv/lib/python3.9/site-packages/airflow/example_dags/example_dynamic_task_mapping.py
[2023-12-27T09:45:28.483+0545] {processor.py:840} INFO - DAG(s) 'example_dynamic_task_mapping' retrieved from /home/sarita/Documents/apache-airflow-project/.venv/lib/python3.9/site-packages/airflow/example_dags/example_dynamic_task_mapping.py
[2023-12-27T09:45:28.492+0545] {logging_mixin.py:188} INFO - [2023-12-27T09:45:28.492+0545] {dag.py:3033} INFO - Sync 1 DAGs
[2023-12-27T09:45:28.508+0545] {logging_mixin.py:188} INFO - [2023-12-27T09:45:28.508+0545] {dag.py:3820} INFO - Setting next_dagrun for example_dynamic_task_mapping to 2022-03-04T00:00:00+00:00, run_after=2022-03-05T00:00:00+00:00
[2023-12-27T09:45:28.525+0545] {processor.py:183} INFO - Processing /home/sarita/Documents/apache-airflow-project/.venv/lib/python3.9/site-packages/airflow/example_dags/example_dynamic_task_mapping.py took 0.051 seconds
[2023-12-27T09:46:20.849+0545] {processor.py:161} INFO - Started process (PID=8493) to work on /home/sarita/Documents/apache-airflow-project/.venv/lib/python3.9/site-packages/airflow/example_dags/example_dynamic_task_mapping.py
[2023-12-27T09:46:20.852+0545] {processor.py:830} INFO - Processing file /home/sarita/Documents/apache-airflow-project/.venv/lib/python3.9/site-packages/airflow/example_dags/example_dynamic_task_mapping.py for tasks to queue
[2023-12-27T09:46:20.853+0545] {logging_mixin.py:188} INFO - [2023-12-27T09:46:20.853+0545] {dagbag.py:538} INFO - Filling up the DagBag from /home/sarita/Documents/apache-airflow-project/.venv/lib/python3.9/site-packages/airflow/example_dags/example_dynamic_task_mapping.py
[2023-12-27T09:46:20.863+0545] {processor.py:840} INFO - DAG(s) 'example_dynamic_task_mapping' retrieved from /home/sarita/Documents/apache-airflow-project/.venv/lib/python3.9/site-packages/airflow/example_dags/example_dynamic_task_mapping.py
[2023-12-27T09:46:20.877+0545] {logging_mixin.py:188} INFO - [2023-12-27T09:46:20.876+0545] {dag.py:3033} INFO - Sync 1 DAGs
[2023-12-27T09:46:20.892+0545] {logging_mixin.py:188} INFO - [2023-12-27T09:46:20.892+0545] {dag.py:3820} INFO - Setting next_dagrun for example_dynamic_task_mapping to 2022-03-04T00:00:00+00:00, run_after=2022-03-05T00:00:00+00:00
[2023-12-27T09:46:20.973+0545] {processor.py:183} INFO - Processing /home/sarita/Documents/apache-airflow-project/.venv/lib/python3.9/site-packages/airflow/example_dags/example_dynamic_task_mapping.py took 0.129 seconds
[2023-12-27T09:47:19.121+0545] {processor.py:161} INFO - Started process (PID=8552) to work on /home/sarita/Documents/apache-airflow-project/.venv/lib/python3.9/site-packages/airflow/example_dags/example_dynamic_task_mapping.py
[2023-12-27T09:47:19.124+0545] {processor.py:830} INFO - Processing file /home/sarita/Documents/apache-airflow-project/.venv/lib/python3.9/site-packages/airflow/example_dags/example_dynamic_task_mapping.py for tasks to queue
[2023-12-27T09:47:19.125+0545] {logging_mixin.py:188} INFO - [2023-12-27T09:47:19.125+0545] {dagbag.py:538} INFO - Filling up the DagBag from /home/sarita/Documents/apache-airflow-project/.venv/lib/python3.9/site-packages/airflow/example_dags/example_dynamic_task_mapping.py
[2023-12-27T09:47:19.135+0545] {processor.py:840} INFO - DAG(s) 'example_dynamic_task_mapping' retrieved from /home/sarita/Documents/apache-airflow-project/.venv/lib/python3.9/site-packages/airflow/example_dags/example_dynamic_task_mapping.py
[2023-12-27T09:47:19.150+0545] {logging_mixin.py:188} INFO - [2023-12-27T09:47:19.150+0545] {dag.py:3033} INFO - Sync 1 DAGs
[2023-12-27T09:47:19.166+0545] {logging_mixin.py:188} INFO - [2023-12-27T09:47:19.166+0545] {dag.py:3820} INFO - Setting next_dagrun for example_dynamic_task_mapping to 2022-03-04T00:00:00+00:00, run_after=2022-03-05T00:00:00+00:00
[2023-12-27T09:47:19.188+0545] {processor.py:183} INFO - Processing /home/sarita/Documents/apache-airflow-project/.venv/lib/python3.9/site-packages/airflow/example_dags/example_dynamic_task_mapping.py took 0.071 seconds
[2023-12-27T09:48:17.730+0545] {processor.py:161} INFO - Started process (PID=8638) to work on /home/sarita/Documents/apache-airflow-project/.venv/lib/python3.9/site-packages/airflow/example_dags/example_dynamic_task_mapping.py
[2023-12-27T09:48:17.732+0545] {processor.py:830} INFO - Processing file /home/sarita/Documents/apache-airflow-project/.venv/lib/python3.9/site-packages/airflow/example_dags/example_dynamic_task_mapping.py for tasks to queue
[2023-12-27T09:48:17.733+0545] {logging_mixin.py:188} INFO - [2023-12-27T09:48:17.733+0545] {dagbag.py:538} INFO - Filling up the DagBag from /home/sarita/Documents/apache-airflow-project/.venv/lib/python3.9/site-packages/airflow/example_dags/example_dynamic_task_mapping.py
[2023-12-27T09:48:17.741+0545] {processor.py:840} INFO - DAG(s) 'example_dynamic_task_mapping' retrieved from /home/sarita/Documents/apache-airflow-project/.venv/lib/python3.9/site-packages/airflow/example_dags/example_dynamic_task_mapping.py
[2023-12-27T09:48:17.755+0545] {logging_mixin.py:188} INFO - [2023-12-27T09:48:17.755+0545] {dag.py:3033} INFO - Sync 1 DAGs
[2023-12-27T09:48:17.772+0545] {logging_mixin.py:188} INFO - [2023-12-27T09:48:17.772+0545] {dag.py:3820} INFO - Setting next_dagrun for example_dynamic_task_mapping to 2022-03-04T00:00:00+00:00, run_after=2022-03-05T00:00:00+00:00
[2023-12-27T09:48:17.790+0545] {processor.py:183} INFO - Processing /home/sarita/Documents/apache-airflow-project/.venv/lib/python3.9/site-packages/airflow/example_dags/example_dynamic_task_mapping.py took 0.063 seconds
[2023-12-27T09:49:11.791+0545] {processor.py:161} INFO - Started process (PID=8695) to work on /home/sarita/Documents/apache-airflow-project/.venv/lib/python3.9/site-packages/airflow/example_dags/example_dynamic_task_mapping.py
[2023-12-27T09:49:11.794+0545] {processor.py:830} INFO - Processing file /home/sarita/Documents/apache-airflow-project/.venv/lib/python3.9/site-packages/airflow/example_dags/example_dynamic_task_mapping.py for tasks to queue
[2023-12-27T09:49:11.797+0545] {logging_mixin.py:188} INFO - [2023-12-27T09:49:11.796+0545] {dagbag.py:538} INFO - Filling up the DagBag from /home/sarita/Documents/apache-airflow-project/.venv/lib/python3.9/site-packages/airflow/example_dags/example_dynamic_task_mapping.py
[2023-12-27T09:49:11.809+0545] {processor.py:840} INFO - DAG(s) 'example_dynamic_task_mapping' retrieved from /home/sarita/Documents/apache-airflow-project/.venv/lib/python3.9/site-packages/airflow/example_dags/example_dynamic_task_mapping.py
[2023-12-27T09:49:11.824+0545] {logging_mixin.py:188} INFO - [2023-12-27T09:49:11.824+0545] {dag.py:3033} INFO - Sync 1 DAGs
[2023-12-27T09:49:11.839+0545] {logging_mixin.py:188} INFO - [2023-12-27T09:49:11.839+0545] {dag.py:3820} INFO - Setting next_dagrun for example_dynamic_task_mapping to 2022-03-04T00:00:00+00:00, run_after=2022-03-05T00:00:00+00:00
[2023-12-27T09:49:11.866+0545] {processor.py:183} INFO - Processing /home/sarita/Documents/apache-airflow-project/.venv/lib/python3.9/site-packages/airflow/example_dags/example_dynamic_task_mapping.py took 0.083 seconds
[2023-12-27T09:50:08.092+0545] {processor.py:161} INFO - Started process (PID=8756) to work on /home/sarita/Documents/apache-airflow-project/.venv/lib/python3.9/site-packages/airflow/example_dags/example_dynamic_task_mapping.py
[2023-12-27T09:50:08.095+0545] {processor.py:830} INFO - Processing file /home/sarita/Documents/apache-airflow-project/.venv/lib/python3.9/site-packages/airflow/example_dags/example_dynamic_task_mapping.py for tasks to queue
[2023-12-27T09:50:08.096+0545] {logging_mixin.py:188} INFO - [2023-12-27T09:50:08.095+0545] {dagbag.py:538} INFO - Filling up the DagBag from /home/sarita/Documents/apache-airflow-project/.venv/lib/python3.9/site-packages/airflow/example_dags/example_dynamic_task_mapping.py
[2023-12-27T09:50:08.102+0545] {processor.py:840} INFO - DAG(s) 'example_dynamic_task_mapping' retrieved from /home/sarita/Documents/apache-airflow-project/.venv/lib/python3.9/site-packages/airflow/example_dags/example_dynamic_task_mapping.py
[2023-12-27T09:50:08.113+0545] {logging_mixin.py:188} INFO - [2023-12-27T09:50:08.113+0545] {dag.py:3033} INFO - Sync 1 DAGs
[2023-12-27T09:50:08.128+0545] {logging_mixin.py:188} INFO - [2023-12-27T09:50:08.128+0545] {dag.py:3820} INFO - Setting next_dagrun for example_dynamic_task_mapping to 2022-03-04T00:00:00+00:00, run_after=2022-03-05T00:00:00+00:00
[2023-12-27T09:50:08.146+0545] {processor.py:183} INFO - Processing /home/sarita/Documents/apache-airflow-project/.venv/lib/python3.9/site-packages/airflow/example_dags/example_dynamic_task_mapping.py took 0.057 seconds
[2023-12-27T09:51:06.179+0545] {processor.py:161} INFO - Started process (PID=8860) to work on /home/sarita/Documents/apache-airflow-project/.venv/lib/python3.9/site-packages/airflow/example_dags/example_dynamic_task_mapping.py
[2023-12-27T09:51:06.181+0545] {processor.py:830} INFO - Processing file /home/sarita/Documents/apache-airflow-project/.venv/lib/python3.9/site-packages/airflow/example_dags/example_dynamic_task_mapping.py for tasks to queue
[2023-12-27T09:51:06.182+0545] {logging_mixin.py:188} INFO - [2023-12-27T09:51:06.182+0545] {dagbag.py:538} INFO - Filling up the DagBag from /home/sarita/Documents/apache-airflow-project/.venv/lib/python3.9/site-packages/airflow/example_dags/example_dynamic_task_mapping.py
[2023-12-27T09:51:06.191+0545] {processor.py:840} INFO - DAG(s) 'example_dynamic_task_mapping' retrieved from /home/sarita/Documents/apache-airflow-project/.venv/lib/python3.9/site-packages/airflow/example_dags/example_dynamic_task_mapping.py
[2023-12-27T09:51:06.208+0545] {logging_mixin.py:188} INFO - [2023-12-27T09:51:06.208+0545] {dag.py:3033} INFO - Sync 1 DAGs
[2023-12-27T09:51:06.224+0545] {logging_mixin.py:188} INFO - [2023-12-27T09:51:06.224+0545] {dag.py:3820} INFO - Setting next_dagrun for example_dynamic_task_mapping to 2022-03-04T00:00:00+00:00, run_after=2022-03-05T00:00:00+00:00
[2023-12-27T09:51:06.240+0545] {processor.py:183} INFO - Processing /home/sarita/Documents/apache-airflow-project/.venv/lib/python3.9/site-packages/airflow/example_dags/example_dynamic_task_mapping.py took 0.065 seconds
[2023-12-27T09:52:04.450+0545] {processor.py:161} INFO - Started process (PID=8934) to work on /home/sarita/Documents/apache-airflow-project/.venv/lib/python3.9/site-packages/airflow/example_dags/example_dynamic_task_mapping.py
[2023-12-27T09:52:04.452+0545] {processor.py:830} INFO - Processing file /home/sarita/Documents/apache-airflow-project/.venv/lib/python3.9/site-packages/airflow/example_dags/example_dynamic_task_mapping.py for tasks to queue
[2023-12-27T09:52:04.453+0545] {logging_mixin.py:188} INFO - [2023-12-27T09:52:04.453+0545] {dagbag.py:538} INFO - Filling up the DagBag from /home/sarita/Documents/apache-airflow-project/.venv/lib/python3.9/site-packages/airflow/example_dags/example_dynamic_task_mapping.py
[2023-12-27T09:52:04.460+0545] {processor.py:840} INFO - DAG(s) 'example_dynamic_task_mapping' retrieved from /home/sarita/Documents/apache-airflow-project/.venv/lib/python3.9/site-packages/airflow/example_dags/example_dynamic_task_mapping.py
[2023-12-27T09:52:04.475+0545] {logging_mixin.py:188} INFO - [2023-12-27T09:52:04.475+0545] {dag.py:3033} INFO - Sync 1 DAGs
[2023-12-27T09:52:04.491+0545] {logging_mixin.py:188} INFO - [2023-12-27T09:52:04.491+0545] {dag.py:3820} INFO - Setting next_dagrun for example_dynamic_task_mapping to 2022-03-04T00:00:00+00:00, run_after=2022-03-05T00:00:00+00:00
[2023-12-27T09:52:04.507+0545] {processor.py:183} INFO - Processing /home/sarita/Documents/apache-airflow-project/.venv/lib/python3.9/site-packages/airflow/example_dags/example_dynamic_task_mapping.py took 0.060 seconds
[2023-12-27T12:18:30.735+0545] {processor.py:161} INFO - Started process (PID=13603) to work on /home/sarita/Documents/apache-airflow-project/.venv/lib/python3.9/site-packages/airflow/example_dags/example_dynamic_task_mapping.py
[2023-12-27T12:18:30.738+0545] {processor.py:830} INFO - Processing file /home/sarita/Documents/apache-airflow-project/.venv/lib/python3.9/site-packages/airflow/example_dags/example_dynamic_task_mapping.py for tasks to queue
[2023-12-27T12:18:30.740+0545] {logging_mixin.py:188} INFO - [2023-12-27T12:18:30.740+0545] {dagbag.py:538} INFO - Filling up the DagBag from /home/sarita/Documents/apache-airflow-project/.venv/lib/python3.9/site-packages/airflow/example_dags/example_dynamic_task_mapping.py
[2023-12-27T12:18:30.762+0545] {processor.py:840} INFO - DAG(s) 'example_dynamic_task_mapping' retrieved from /home/sarita/Documents/apache-airflow-project/.venv/lib/python3.9/site-packages/airflow/example_dags/example_dynamic_task_mapping.py
[2023-12-27T12:18:30.776+0545] {logging_mixin.py:188} INFO - [2023-12-27T12:18:30.776+0545] {dag.py:3033} INFO - Sync 1 DAGs
[2023-12-27T12:18:30.791+0545] {logging_mixin.py:188} INFO - [2023-12-27T12:18:30.791+0545] {dag.py:3820} INFO - Setting next_dagrun for example_dynamic_task_mapping to 2022-03-04T00:00:00+00:00, run_after=2022-03-05T00:00:00+00:00
[2023-12-27T12:18:30.808+0545] {processor.py:183} INFO - Processing /home/sarita/Documents/apache-airflow-project/.venv/lib/python3.9/site-packages/airflow/example_dags/example_dynamic_task_mapping.py took 0.081 seconds
[2023-12-27T12:39:50.551+0545] {processor.py:161} INFO - Started process (PID=15454) to work on /home/sarita/Documents/apache-airflow-project/.venv/lib/python3.9/site-packages/airflow/example_dags/example_dynamic_task_mapping.py
[2023-12-27T12:39:50.553+0545] {processor.py:830} INFO - Processing file /home/sarita/Documents/apache-airflow-project/.venv/lib/python3.9/site-packages/airflow/example_dags/example_dynamic_task_mapping.py for tasks to queue
[2023-12-27T12:39:50.554+0545] {logging_mixin.py:188} INFO - [2023-12-27T12:39:50.554+0545] {dagbag.py:538} INFO - Filling up the DagBag from /home/sarita/Documents/apache-airflow-project/.venv/lib/python3.9/site-packages/airflow/example_dags/example_dynamic_task_mapping.py
[2023-12-27T12:39:50.562+0545] {processor.py:840} INFO - DAG(s) 'example_dynamic_task_mapping' retrieved from /home/sarita/Documents/apache-airflow-project/.venv/lib/python3.9/site-packages/airflow/example_dags/example_dynamic_task_mapping.py
[2023-12-27T12:39:50.575+0545] {logging_mixin.py:188} INFO - [2023-12-27T12:39:50.575+0545] {dag.py:3033} INFO - Sync 1 DAGs
[2023-12-27T12:39:50.591+0545] {logging_mixin.py:188} INFO - [2023-12-27T12:39:50.591+0545] {dag.py:3820} INFO - Setting next_dagrun for example_dynamic_task_mapping to 2022-03-04T00:00:00+00:00, run_after=2022-03-05T00:00:00+00:00
[2023-12-27T12:39:50.608+0545] {processor.py:183} INFO - Processing /home/sarita/Documents/apache-airflow-project/.venv/lib/python3.9/site-packages/airflow/example_dags/example_dynamic_task_mapping.py took 0.060 seconds
[2023-12-27T12:52:50.656+0545] {processor.py:161} INFO - Started process (PID=17640) to work on /home/sarita/Documents/apache-airflow-project/.venv/lib/python3.9/site-packages/airflow/example_dags/example_dynamic_task_mapping.py
[2023-12-27T12:52:50.658+0545] {processor.py:830} INFO - Processing file /home/sarita/Documents/apache-airflow-project/.venv/lib/python3.9/site-packages/airflow/example_dags/example_dynamic_task_mapping.py for tasks to queue
[2023-12-27T12:52:50.659+0545] {logging_mixin.py:188} INFO - [2023-12-27T12:52:50.659+0545] {dagbag.py:538} INFO - Filling up the DagBag from /home/sarita/Documents/apache-airflow-project/.venv/lib/python3.9/site-packages/airflow/example_dags/example_dynamic_task_mapping.py
[2023-12-27T12:52:50.665+0545] {processor.py:840} INFO - DAG(s) 'example_dynamic_task_mapping' retrieved from /home/sarita/Documents/apache-airflow-project/.venv/lib/python3.9/site-packages/airflow/example_dags/example_dynamic_task_mapping.py
[2023-12-27T12:52:50.675+0545] {logging_mixin.py:188} INFO - [2023-12-27T12:52:50.675+0545] {dag.py:3033} INFO - Sync 1 DAGs
[2023-12-27T12:52:50.689+0545] {logging_mixin.py:188} INFO - [2023-12-27T12:52:50.689+0545] {dag.py:3820} INFO - Setting next_dagrun for example_dynamic_task_mapping to 2022-03-04T00:00:00+00:00, run_after=2022-03-05T00:00:00+00:00
[2023-12-27T12:52:50.705+0545] {processor.py:183} INFO - Processing /home/sarita/Documents/apache-airflow-project/.venv/lib/python3.9/site-packages/airflow/example_dags/example_dynamic_task_mapping.py took 0.050 seconds
