[2023-12-27T09:36:57.629+0545] {processor.py:161} INFO - Started process (PID=6920) to work on /home/sarita/Documents/apache-airflow-project/.venv/lib/python3.9/site-packages/airflow/example_dags/example_task_group_decorator.py
[2023-12-27T09:36:57.630+0545] {processor.py:830} INFO - Processing file /home/sarita/Documents/apache-airflow-project/.venv/lib/python3.9/site-packages/airflow/example_dags/example_task_group_decorator.py for tasks to queue
[2023-12-27T09:36:57.632+0545] {logging_mixin.py:188} INFO - [2023-12-27T09:36:57.632+0545] {dagbag.py:538} INFO - Filling up the DagBag from /home/sarita/Documents/apache-airflow-project/.venv/lib/python3.9/site-packages/airflow/example_dags/example_task_group_decorator.py
[2023-12-27T09:36:57.659+0545] {processor.py:840} INFO - DAG(s) 'example_task_group_decorator' retrieved from /home/sarita/Documents/apache-airflow-project/.venv/lib/python3.9/site-packages/airflow/example_dags/example_task_group_decorator.py
[2023-12-27T09:36:57.676+0545] {logging_mixin.py:188} INFO - [2023-12-27T09:36:57.676+0545] {dag.py:3033} INFO - Sync 1 DAGs
[2023-12-27T09:36:57.692+0545] {logging_mixin.py:188} INFO - [2023-12-27T09:36:57.692+0545] {dag.py:3820} INFO - Setting next_dagrun for example_task_group_decorator to 2023-12-26T00:00:00+00:00, run_after=2023-12-27T00:00:00+00:00
[2023-12-27T09:36:57.711+0545] {processor.py:183} INFO - Processing /home/sarita/Documents/apache-airflow-project/.venv/lib/python3.9/site-packages/airflow/example_dags/example_task_group_decorator.py took 0.090 seconds
[2023-12-27T09:37:43.919+0545] {processor.py:161} INFO - Started process (PID=6976) to work on /home/sarita/Documents/apache-airflow-project/.venv/lib/python3.9/site-packages/airflow/example_dags/example_task_group_decorator.py
[2023-12-27T09:37:43.922+0545] {processor.py:830} INFO - Processing file /home/sarita/Documents/apache-airflow-project/.venv/lib/python3.9/site-packages/airflow/example_dags/example_task_group_decorator.py for tasks to queue
[2023-12-27T09:37:43.923+0545] {logging_mixin.py:188} INFO - [2023-12-27T09:37:43.922+0545] {dagbag.py:538} INFO - Filling up the DagBag from /home/sarita/Documents/apache-airflow-project/.venv/lib/python3.9/site-packages/airflow/example_dags/example_task_group_decorator.py
[2023-12-27T09:37:43.938+0545] {processor.py:840} INFO - DAG(s) 'example_task_group_decorator' retrieved from /home/sarita/Documents/apache-airflow-project/.venv/lib/python3.9/site-packages/airflow/example_dags/example_task_group_decorator.py
[2023-12-27T09:37:43.953+0545] {logging_mixin.py:188} INFO - [2023-12-27T09:37:43.953+0545] {dag.py:3033} INFO - Sync 1 DAGs
[2023-12-27T09:37:43.969+0545] {logging_mixin.py:188} INFO - [2023-12-27T09:37:43.968+0545] {dag.py:3820} INFO - Setting next_dagrun for example_task_group_decorator to 2023-12-26T00:00:00+00:00, run_after=2023-12-27T00:00:00+00:00
[2023-12-27T09:37:43.987+0545] {processor.py:183} INFO - Processing /home/sarita/Documents/apache-airflow-project/.venv/lib/python3.9/site-packages/airflow/example_dags/example_task_group_decorator.py took 0.071 seconds
[2023-12-27T09:38:38.682+0545] {processor.py:161} INFO - Started process (PID=7102) to work on /home/sarita/Documents/apache-airflow-project/.venv/lib/python3.9/site-packages/airflow/example_dags/example_task_group_decorator.py
[2023-12-27T09:38:38.684+0545] {processor.py:830} INFO - Processing file /home/sarita/Documents/apache-airflow-project/.venv/lib/python3.9/site-packages/airflow/example_dags/example_task_group_decorator.py for tasks to queue
[2023-12-27T09:38:38.685+0545] {logging_mixin.py:188} INFO - [2023-12-27T09:38:38.685+0545] {dagbag.py:538} INFO - Filling up the DagBag from /home/sarita/Documents/apache-airflow-project/.venv/lib/python3.9/site-packages/airflow/example_dags/example_task_group_decorator.py
[2023-12-27T09:38:38.702+0545] {processor.py:840} INFO - DAG(s) 'example_task_group_decorator' retrieved from /home/sarita/Documents/apache-airflow-project/.venv/lib/python3.9/site-packages/airflow/example_dags/example_task_group_decorator.py
[2023-12-27T09:38:38.719+0545] {logging_mixin.py:188} INFO - [2023-12-27T09:38:38.718+0545] {dag.py:3033} INFO - Sync 1 DAGs
[2023-12-27T09:38:38.733+0545] {logging_mixin.py:188} INFO - [2023-12-27T09:38:38.733+0545] {dag.py:3820} INFO - Setting next_dagrun for example_task_group_decorator to 2023-12-26T00:00:00+00:00, run_after=2023-12-27T00:00:00+00:00
[2023-12-27T09:38:38.761+0545] {processor.py:183} INFO - Processing /home/sarita/Documents/apache-airflow-project/.venv/lib/python3.9/site-packages/airflow/example_dags/example_task_group_decorator.py took 0.082 seconds
[2023-12-27T09:39:27.363+0545] {processor.py:161} INFO - Started process (PID=7158) to work on /home/sarita/Documents/apache-airflow-project/.venv/lib/python3.9/site-packages/airflow/example_dags/example_task_group_decorator.py
[2023-12-27T09:39:27.365+0545] {processor.py:830} INFO - Processing file /home/sarita/Documents/apache-airflow-project/.venv/lib/python3.9/site-packages/airflow/example_dags/example_task_group_decorator.py for tasks to queue
[2023-12-27T09:39:27.366+0545] {logging_mixin.py:188} INFO - [2023-12-27T09:39:27.366+0545] {dagbag.py:538} INFO - Filling up the DagBag from /home/sarita/Documents/apache-airflow-project/.venv/lib/python3.9/site-packages/airflow/example_dags/example_task_group_decorator.py
[2023-12-27T09:39:27.378+0545] {processor.py:840} INFO - DAG(s) 'example_task_group_decorator' retrieved from /home/sarita/Documents/apache-airflow-project/.venv/lib/python3.9/site-packages/airflow/example_dags/example_task_group_decorator.py
[2023-12-27T09:39:27.393+0545] {logging_mixin.py:188} INFO - [2023-12-27T09:39:27.393+0545] {dag.py:3033} INFO - Sync 1 DAGs
[2023-12-27T09:39:27.409+0545] {logging_mixin.py:188} INFO - [2023-12-27T09:39:27.409+0545] {dag.py:3820} INFO - Setting next_dagrun for example_task_group_decorator to 2023-12-26T00:00:00+00:00, run_after=2023-12-27T00:00:00+00:00
[2023-12-27T09:39:27.425+0545] {processor.py:183} INFO - Processing /home/sarita/Documents/apache-airflow-project/.venv/lib/python3.9/site-packages/airflow/example_dags/example_task_group_decorator.py took 0.065 seconds
[2023-12-27T09:40:24.764+0545] {processor.py:161} INFO - Started process (PID=7263) to work on /home/sarita/Documents/apache-airflow-project/.venv/lib/python3.9/site-packages/airflow/example_dags/example_task_group_decorator.py
[2023-12-27T09:40:24.767+0545] {processor.py:830} INFO - Processing file /home/sarita/Documents/apache-airflow-project/.venv/lib/python3.9/site-packages/airflow/example_dags/example_task_group_decorator.py for tasks to queue
[2023-12-27T09:40:24.770+0545] {logging_mixin.py:188} INFO - [2023-12-27T09:40:24.769+0545] {dagbag.py:538} INFO - Filling up the DagBag from /home/sarita/Documents/apache-airflow-project/.venv/lib/python3.9/site-packages/airflow/example_dags/example_task_group_decorator.py
[2023-12-27T09:40:24.792+0545] {processor.py:840} INFO - DAG(s) 'example_task_group_decorator' retrieved from /home/sarita/Documents/apache-airflow-project/.venv/lib/python3.9/site-packages/airflow/example_dags/example_task_group_decorator.py
[2023-12-27T09:40:24.806+0545] {logging_mixin.py:188} INFO - [2023-12-27T09:40:24.806+0545] {dag.py:3033} INFO - Sync 1 DAGs
[2023-12-27T09:40:24.820+0545] {logging_mixin.py:188} INFO - [2023-12-27T09:40:24.820+0545] {dag.py:3820} INFO - Setting next_dagrun for example_task_group_decorator to 2023-12-26T00:00:00+00:00, run_after=2023-12-27T00:00:00+00:00
[2023-12-27T09:40:24.838+0545] {processor.py:183} INFO - Processing /home/sarita/Documents/apache-airflow-project/.venv/lib/python3.9/site-packages/airflow/example_dags/example_task_group_decorator.py took 0.081 seconds
[2023-12-27T09:41:15.181+0545] {processor.py:161} INFO - Started process (PID=7517) to work on /home/sarita/Documents/apache-airflow-project/.venv/lib/python3.9/site-packages/airflow/example_dags/example_task_group_decorator.py
[2023-12-27T09:41:15.184+0545] {processor.py:830} INFO - Processing file /home/sarita/Documents/apache-airflow-project/.venv/lib/python3.9/site-packages/airflow/example_dags/example_task_group_decorator.py for tasks to queue
[2023-12-27T09:41:15.186+0545] {logging_mixin.py:188} INFO - [2023-12-27T09:41:15.185+0545] {dagbag.py:538} INFO - Filling up the DagBag from /home/sarita/Documents/apache-airflow-project/.venv/lib/python3.9/site-packages/airflow/example_dags/example_task_group_decorator.py
[2023-12-27T09:41:15.208+0545] {processor.py:840} INFO - DAG(s) 'example_task_group_decorator' retrieved from /home/sarita/Documents/apache-airflow-project/.venv/lib/python3.9/site-packages/airflow/example_dags/example_task_group_decorator.py
[2023-12-27T09:41:15.224+0545] {logging_mixin.py:188} INFO - [2023-12-27T09:41:15.223+0545] {dag.py:3033} INFO - Sync 1 DAGs
[2023-12-27T09:41:15.238+0545] {logging_mixin.py:188} INFO - [2023-12-27T09:41:15.238+0545] {dag.py:3820} INFO - Setting next_dagrun for example_task_group_decorator to 2023-12-26T00:00:00+00:00, run_after=2023-12-27T00:00:00+00:00
[2023-12-27T09:41:15.258+0545] {processor.py:183} INFO - Processing /home/sarita/Documents/apache-airflow-project/.venv/lib/python3.9/site-packages/airflow/example_dags/example_task_group_decorator.py took 0.082 seconds
[2023-12-27T09:42:13.049+0545] {processor.py:161} INFO - Started process (PID=7750) to work on /home/sarita/Documents/apache-airflow-project/.venv/lib/python3.9/site-packages/airflow/example_dags/example_task_group_decorator.py
[2023-12-27T09:42:13.051+0545] {processor.py:830} INFO - Processing file /home/sarita/Documents/apache-airflow-project/.venv/lib/python3.9/site-packages/airflow/example_dags/example_task_group_decorator.py for tasks to queue
[2023-12-27T09:42:13.052+0545] {logging_mixin.py:188} INFO - [2023-12-27T09:42:13.052+0545] {dagbag.py:538} INFO - Filling up the DagBag from /home/sarita/Documents/apache-airflow-project/.venv/lib/python3.9/site-packages/airflow/example_dags/example_task_group_decorator.py
[2023-12-27T09:42:13.072+0545] {processor.py:840} INFO - DAG(s) 'example_task_group_decorator' retrieved from /home/sarita/Documents/apache-airflow-project/.venv/lib/python3.9/site-packages/airflow/example_dags/example_task_group_decorator.py
[2023-12-27T09:42:13.087+0545] {logging_mixin.py:188} INFO - [2023-12-27T09:42:13.087+0545] {dag.py:3033} INFO - Sync 1 DAGs
[2023-12-27T09:42:13.102+0545] {logging_mixin.py:188} INFO - [2023-12-27T09:42:13.102+0545] {dag.py:3820} INFO - Setting next_dagrun for example_task_group_decorator to 2023-12-26T00:00:00+00:00, run_after=2023-12-27T00:00:00+00:00
[2023-12-27T09:42:13.120+0545] {processor.py:183} INFO - Processing /home/sarita/Documents/apache-airflow-project/.venv/lib/python3.9/site-packages/airflow/example_dags/example_task_group_decorator.py took 0.075 seconds
[2023-12-27T09:43:03.869+0545] {processor.py:161} INFO - Started process (PID=7840) to work on /home/sarita/Documents/apache-airflow-project/.venv/lib/python3.9/site-packages/airflow/example_dags/example_task_group_decorator.py
[2023-12-27T09:43:03.871+0545] {processor.py:830} INFO - Processing file /home/sarita/Documents/apache-airflow-project/.venv/lib/python3.9/site-packages/airflow/example_dags/example_task_group_decorator.py for tasks to queue
[2023-12-27T09:43:03.873+0545] {logging_mixin.py:188} INFO - [2023-12-27T09:43:03.872+0545] {dagbag.py:538} INFO - Filling up the DagBag from /home/sarita/Documents/apache-airflow-project/.venv/lib/python3.9/site-packages/airflow/example_dags/example_task_group_decorator.py
[2023-12-27T09:43:03.896+0545] {processor.py:840} INFO - DAG(s) 'example_task_group_decorator' retrieved from /home/sarita/Documents/apache-airflow-project/.venv/lib/python3.9/site-packages/airflow/example_dags/example_task_group_decorator.py
[2023-12-27T09:43:03.911+0545] {logging_mixin.py:188} INFO - [2023-12-27T09:43:03.911+0545] {dag.py:3033} INFO - Sync 1 DAGs
[2023-12-27T09:43:03.926+0545] {logging_mixin.py:188} INFO - [2023-12-27T09:43:03.926+0545] {dag.py:3820} INFO - Setting next_dagrun for example_task_group_decorator to 2023-12-26T00:00:00+00:00, run_after=2023-12-27T00:00:00+00:00
[2023-12-27T09:43:03.945+0545] {processor.py:183} INFO - Processing /home/sarita/Documents/apache-airflow-project/.venv/lib/python3.9/site-packages/airflow/example_dags/example_task_group_decorator.py took 0.081 seconds
[2023-12-27T09:43:58.342+0545] {processor.py:161} INFO - Started process (PID=7914) to work on /home/sarita/Documents/apache-airflow-project/.venv/lib/python3.9/site-packages/airflow/example_dags/example_task_group_decorator.py
[2023-12-27T09:43:58.346+0545] {processor.py:830} INFO - Processing file /home/sarita/Documents/apache-airflow-project/.venv/lib/python3.9/site-packages/airflow/example_dags/example_task_group_decorator.py for tasks to queue
[2023-12-27T09:43:58.348+0545] {logging_mixin.py:188} INFO - [2023-12-27T09:43:58.347+0545] {dagbag.py:538} INFO - Filling up the DagBag from /home/sarita/Documents/apache-airflow-project/.venv/lib/python3.9/site-packages/airflow/example_dags/example_task_group_decorator.py
[2023-12-27T09:43:58.368+0545] {processor.py:840} INFO - DAG(s) 'example_task_group_decorator' retrieved from /home/sarita/Documents/apache-airflow-project/.venv/lib/python3.9/site-packages/airflow/example_dags/example_task_group_decorator.py
[2023-12-27T09:43:58.383+0545] {logging_mixin.py:188} INFO - [2023-12-27T09:43:58.383+0545] {dag.py:3033} INFO - Sync 1 DAGs
[2023-12-27T09:43:58.398+0545] {logging_mixin.py:188} INFO - [2023-12-27T09:43:58.397+0545] {dag.py:3820} INFO - Setting next_dagrun for example_task_group_decorator to 2023-12-26T00:00:00+00:00, run_after=2023-12-27T00:00:00+00:00
[2023-12-27T09:43:58.416+0545] {processor.py:183} INFO - Processing /home/sarita/Documents/apache-airflow-project/.venv/lib/python3.9/site-packages/airflow/example_dags/example_task_group_decorator.py took 0.082 seconds
[2023-12-27T09:44:53.426+0545] {processor.py:161} INFO - Started process (PID=7989) to work on /home/sarita/Documents/apache-airflow-project/.venv/lib/python3.9/site-packages/airflow/example_dags/example_task_group_decorator.py
[2023-12-27T09:44:53.429+0545] {processor.py:830} INFO - Processing file /home/sarita/Documents/apache-airflow-project/.venv/lib/python3.9/site-packages/airflow/example_dags/example_task_group_decorator.py for tasks to queue
[2023-12-27T09:44:53.430+0545] {logging_mixin.py:188} INFO - [2023-12-27T09:44:53.430+0545] {dagbag.py:538} INFO - Filling up the DagBag from /home/sarita/Documents/apache-airflow-project/.venv/lib/python3.9/site-packages/airflow/example_dags/example_task_group_decorator.py
[2023-12-27T09:44:53.450+0545] {processor.py:840} INFO - DAG(s) 'example_task_group_decorator' retrieved from /home/sarita/Documents/apache-airflow-project/.venv/lib/python3.9/site-packages/airflow/example_dags/example_task_group_decorator.py
[2023-12-27T09:44:53.465+0545] {logging_mixin.py:188} INFO - [2023-12-27T09:44:53.465+0545] {dag.py:3033} INFO - Sync 1 DAGs
[2023-12-27T09:44:53.480+0545] {logging_mixin.py:188} INFO - [2023-12-27T09:44:53.480+0545] {dag.py:3820} INFO - Setting next_dagrun for example_task_group_decorator to 2023-12-26T00:00:00+00:00, run_after=2023-12-27T00:00:00+00:00
[2023-12-27T09:44:53.500+0545] {processor.py:183} INFO - Processing /home/sarita/Documents/apache-airflow-project/.venv/lib/python3.9/site-packages/airflow/example_dags/example_task_group_decorator.py took 0.079 seconds
[2023-12-27T09:45:49.260+0545] {processor.py:161} INFO - Started process (PID=8450) to work on /home/sarita/Documents/apache-airflow-project/.venv/lib/python3.9/site-packages/airflow/example_dags/example_task_group_decorator.py
[2023-12-27T09:45:49.263+0545] {processor.py:830} INFO - Processing file /home/sarita/Documents/apache-airflow-project/.venv/lib/python3.9/site-packages/airflow/example_dags/example_task_group_decorator.py for tasks to queue
[2023-12-27T09:45:49.264+0545] {logging_mixin.py:188} INFO - [2023-12-27T09:45:49.263+0545] {dagbag.py:538} INFO - Filling up the DagBag from /home/sarita/Documents/apache-airflow-project/.venv/lib/python3.9/site-packages/airflow/example_dags/example_task_group_decorator.py
[2023-12-27T09:45:49.276+0545] {processor.py:840} INFO - DAG(s) 'example_task_group_decorator' retrieved from /home/sarita/Documents/apache-airflow-project/.venv/lib/python3.9/site-packages/airflow/example_dags/example_task_group_decorator.py
[2023-12-27T09:45:49.290+0545] {logging_mixin.py:188} INFO - [2023-12-27T09:45:49.290+0545] {dag.py:3033} INFO - Sync 1 DAGs
[2023-12-27T09:45:49.305+0545] {logging_mixin.py:188} INFO - [2023-12-27T09:45:49.305+0545] {dag.py:3820} INFO - Setting next_dagrun for example_task_group_decorator to 2023-12-26T00:00:00+00:00, run_after=2023-12-27T00:00:00+00:00
[2023-12-27T09:45:49.321+0545] {processor.py:183} INFO - Processing /home/sarita/Documents/apache-airflow-project/.venv/lib/python3.9/site-packages/airflow/example_dags/example_task_group_decorator.py took 0.065 seconds
[2023-12-27T09:46:43.162+0545] {processor.py:161} INFO - Started process (PID=8516) to work on /home/sarita/Documents/apache-airflow-project/.venv/lib/python3.9/site-packages/airflow/example_dags/example_task_group_decorator.py
[2023-12-27T09:46:43.164+0545] {processor.py:830} INFO - Processing file /home/sarita/Documents/apache-airflow-project/.venv/lib/python3.9/site-packages/airflow/example_dags/example_task_group_decorator.py for tasks to queue
[2023-12-27T09:46:43.164+0545] {logging_mixin.py:188} INFO - [2023-12-27T09:46:43.164+0545] {dagbag.py:538} INFO - Filling up the DagBag from /home/sarita/Documents/apache-airflow-project/.venv/lib/python3.9/site-packages/airflow/example_dags/example_task_group_decorator.py
[2023-12-27T09:46:43.176+0545] {processor.py:840} INFO - DAG(s) 'example_task_group_decorator' retrieved from /home/sarita/Documents/apache-airflow-project/.venv/lib/python3.9/site-packages/airflow/example_dags/example_task_group_decorator.py
[2023-12-27T09:46:43.191+0545] {logging_mixin.py:188} INFO - [2023-12-27T09:46:43.191+0545] {dag.py:3033} INFO - Sync 1 DAGs
[2023-12-27T09:46:43.207+0545] {logging_mixin.py:188} INFO - [2023-12-27T09:46:43.207+0545] {dag.py:3820} INFO - Setting next_dagrun for example_task_group_decorator to 2023-12-26T00:00:00+00:00, run_after=2023-12-27T00:00:00+00:00
[2023-12-27T09:46:43.225+0545] {processor.py:183} INFO - Processing /home/sarita/Documents/apache-airflow-project/.venv/lib/python3.9/site-packages/airflow/example_dags/example_task_group_decorator.py took 0.065 seconds
[2023-12-27T09:47:41.681+0545] {processor.py:161} INFO - Started process (PID=8590) to work on /home/sarita/Documents/apache-airflow-project/.venv/lib/python3.9/site-packages/airflow/example_dags/example_task_group_decorator.py
[2023-12-27T09:47:41.683+0545] {processor.py:830} INFO - Processing file /home/sarita/Documents/apache-airflow-project/.venv/lib/python3.9/site-packages/airflow/example_dags/example_task_group_decorator.py for tasks to queue
[2023-12-27T09:47:41.683+0545] {logging_mixin.py:188} INFO - [2023-12-27T09:47:41.683+0545] {dagbag.py:538} INFO - Filling up the DagBag from /home/sarita/Documents/apache-airflow-project/.venv/lib/python3.9/site-packages/airflow/example_dags/example_task_group_decorator.py
[2023-12-27T09:47:41.700+0545] {processor.py:840} INFO - DAG(s) 'example_task_group_decorator' retrieved from /home/sarita/Documents/apache-airflow-project/.venv/lib/python3.9/site-packages/airflow/example_dags/example_task_group_decorator.py
[2023-12-27T09:47:41.718+0545] {logging_mixin.py:188} INFO - [2023-12-27T09:47:41.717+0545] {dag.py:3033} INFO - Sync 1 DAGs
[2023-12-27T09:47:41.735+0545] {logging_mixin.py:188} INFO - [2023-12-27T09:47:41.734+0545] {dag.py:3820} INFO - Setting next_dagrun for example_task_group_decorator to 2023-12-26T00:00:00+00:00, run_after=2023-12-27T00:00:00+00:00
[2023-12-27T09:47:41.753+0545] {processor.py:183} INFO - Processing /home/sarita/Documents/apache-airflow-project/.venv/lib/python3.9/site-packages/airflow/example_dags/example_task_group_decorator.py took 0.075 seconds
[2023-12-27T09:48:39.452+0545] {processor.py:161} INFO - Started process (PID=8661) to work on /home/sarita/Documents/apache-airflow-project/.venv/lib/python3.9/site-packages/airflow/example_dags/example_task_group_decorator.py
[2023-12-27T09:48:39.455+0545] {processor.py:830} INFO - Processing file /home/sarita/Documents/apache-airflow-project/.venv/lib/python3.9/site-packages/airflow/example_dags/example_task_group_decorator.py for tasks to queue
[2023-12-27T09:48:39.458+0545] {logging_mixin.py:188} INFO - [2023-12-27T09:48:39.457+0545] {dagbag.py:538} INFO - Filling up the DagBag from /home/sarita/Documents/apache-airflow-project/.venv/lib/python3.9/site-packages/airflow/example_dags/example_task_group_decorator.py
[2023-12-27T09:48:39.483+0545] {processor.py:840} INFO - DAG(s) 'example_task_group_decorator' retrieved from /home/sarita/Documents/apache-airflow-project/.venv/lib/python3.9/site-packages/airflow/example_dags/example_task_group_decorator.py
[2023-12-27T09:48:39.499+0545] {logging_mixin.py:188} INFO - [2023-12-27T09:48:39.499+0545] {dag.py:3033} INFO - Sync 1 DAGs
[2023-12-27T09:48:39.514+0545] {logging_mixin.py:188} INFO - [2023-12-27T09:48:39.514+0545] {dag.py:3820} INFO - Setting next_dagrun for example_task_group_decorator to 2023-12-26T00:00:00+00:00, run_after=2023-12-27T00:00:00+00:00
[2023-12-27T09:48:39.533+0545] {processor.py:183} INFO - Processing /home/sarita/Documents/apache-airflow-project/.venv/lib/python3.9/site-packages/airflow/example_dags/example_task_group_decorator.py took 0.087 seconds
[2023-12-27T09:49:33.121+0545] {processor.py:161} INFO - Started process (PID=8718) to work on /home/sarita/Documents/apache-airflow-project/.venv/lib/python3.9/site-packages/airflow/example_dags/example_task_group_decorator.py
[2023-12-27T09:49:33.122+0545] {processor.py:830} INFO - Processing file /home/sarita/Documents/apache-airflow-project/.venv/lib/python3.9/site-packages/airflow/example_dags/example_task_group_decorator.py for tasks to queue
[2023-12-27T09:49:33.123+0545] {logging_mixin.py:188} INFO - [2023-12-27T09:49:33.123+0545] {dagbag.py:538} INFO - Filling up the DagBag from /home/sarita/Documents/apache-airflow-project/.venv/lib/python3.9/site-packages/airflow/example_dags/example_task_group_decorator.py
[2023-12-27T09:49:33.137+0545] {processor.py:840} INFO - DAG(s) 'example_task_group_decorator' retrieved from /home/sarita/Documents/apache-airflow-project/.venv/lib/python3.9/site-packages/airflow/example_dags/example_task_group_decorator.py
[2023-12-27T09:49:33.154+0545] {logging_mixin.py:188} INFO - [2023-12-27T09:49:33.153+0545] {dag.py:3033} INFO - Sync 1 DAGs
[2023-12-27T09:49:33.169+0545] {logging_mixin.py:188} INFO - [2023-12-27T09:49:33.168+0545] {dag.py:3820} INFO - Setting next_dagrun for example_task_group_decorator to 2023-12-26T00:00:00+00:00, run_after=2023-12-27T00:00:00+00:00
[2023-12-27T09:49:33.187+0545] {processor.py:183} INFO - Processing /home/sarita/Documents/apache-airflow-project/.venv/lib/python3.9/site-packages/airflow/example_dags/example_task_group_decorator.py took 0.069 seconds
[2023-12-27T09:50:30.848+0545] {processor.py:161} INFO - Started process (PID=8789) to work on /home/sarita/Documents/apache-airflow-project/.venv/lib/python3.9/site-packages/airflow/example_dags/example_task_group_decorator.py
[2023-12-27T09:50:30.850+0545] {processor.py:830} INFO - Processing file /home/sarita/Documents/apache-airflow-project/.venv/lib/python3.9/site-packages/airflow/example_dags/example_task_group_decorator.py for tasks to queue
[2023-12-27T09:50:30.852+0545] {logging_mixin.py:188} INFO - [2023-12-27T09:50:30.851+0545] {dagbag.py:538} INFO - Filling up the DagBag from /home/sarita/Documents/apache-airflow-project/.venv/lib/python3.9/site-packages/airflow/example_dags/example_task_group_decorator.py
[2023-12-27T09:50:30.868+0545] {processor.py:840} INFO - DAG(s) 'example_task_group_decorator' retrieved from /home/sarita/Documents/apache-airflow-project/.venv/lib/python3.9/site-packages/airflow/example_dags/example_task_group_decorator.py
[2023-12-27T09:50:30.884+0545] {logging_mixin.py:188} INFO - [2023-12-27T09:50:30.884+0545] {dag.py:3033} INFO - Sync 1 DAGs
[2023-12-27T09:50:30.902+0545] {logging_mixin.py:188} INFO - [2023-12-27T09:50:30.902+0545] {dag.py:3820} INFO - Setting next_dagrun for example_task_group_decorator to 2023-12-26T00:00:00+00:00, run_after=2023-12-27T00:00:00+00:00
[2023-12-27T09:50:30.922+0545] {processor.py:183} INFO - Processing /home/sarita/Documents/apache-airflow-project/.venv/lib/python3.9/site-packages/airflow/example_dags/example_task_group_decorator.py took 0.077 seconds
[2023-12-27T09:51:30.386+0545] {processor.py:161} INFO - Started process (PID=8890) to work on /home/sarita/Documents/apache-airflow-project/.venv/lib/python3.9/site-packages/airflow/example_dags/example_task_group_decorator.py
[2023-12-27T09:51:30.390+0545] {processor.py:830} INFO - Processing file /home/sarita/Documents/apache-airflow-project/.venv/lib/python3.9/site-packages/airflow/example_dags/example_task_group_decorator.py for tasks to queue
[2023-12-27T09:51:30.391+0545] {logging_mixin.py:188} INFO - [2023-12-27T09:51:30.391+0545] {dagbag.py:538} INFO - Filling up the DagBag from /home/sarita/Documents/apache-airflow-project/.venv/lib/python3.9/site-packages/airflow/example_dags/example_task_group_decorator.py
[2023-12-27T09:51:30.412+0545] {processor.py:840} INFO - DAG(s) 'example_task_group_decorator' retrieved from /home/sarita/Documents/apache-airflow-project/.venv/lib/python3.9/site-packages/airflow/example_dags/example_task_group_decorator.py
[2023-12-27T09:51:30.436+0545] {logging_mixin.py:188} INFO - [2023-12-27T09:51:30.436+0545] {dag.py:3033} INFO - Sync 1 DAGs
[2023-12-27T09:51:30.464+0545] {logging_mixin.py:188} INFO - [2023-12-27T09:51:30.463+0545] {dag.py:3820} INFO - Setting next_dagrun for example_task_group_decorator to 2023-12-26T00:00:00+00:00, run_after=2023-12-27T00:00:00+00:00
[2023-12-27T09:51:30.486+0545] {processor.py:183} INFO - Processing /home/sarita/Documents/apache-airflow-project/.venv/lib/python3.9/site-packages/airflow/example_dags/example_task_group_decorator.py took 0.102 seconds
[2023-12-27T09:53:12.556+0545] {processor.py:161} INFO - Started process (PID=9078) to work on /home/sarita/Documents/apache-airflow-project/.venv/lib/python3.9/site-packages/airflow/example_dags/example_task_group_decorator.py
[2023-12-27T09:53:12.557+0545] {processor.py:830} INFO - Processing file /home/sarita/Documents/apache-airflow-project/.venv/lib/python3.9/site-packages/airflow/example_dags/example_task_group_decorator.py for tasks to queue
[2023-12-27T09:53:12.558+0545] {logging_mixin.py:188} INFO - [2023-12-27T09:53:12.558+0545] {dagbag.py:538} INFO - Filling up the DagBag from /home/sarita/Documents/apache-airflow-project/.venv/lib/python3.9/site-packages/airflow/example_dags/example_task_group_decorator.py
[2023-12-27T09:53:12.571+0545] {processor.py:840} INFO - DAG(s) 'example_task_group_decorator' retrieved from /home/sarita/Documents/apache-airflow-project/.venv/lib/python3.9/site-packages/airflow/example_dags/example_task_group_decorator.py
[2023-12-27T09:53:12.586+0545] {logging_mixin.py:188} INFO - [2023-12-27T09:53:12.585+0545] {dag.py:3033} INFO - Sync 1 DAGs
[2023-12-27T09:53:12.601+0545] {logging_mixin.py:188} INFO - [2023-12-27T09:53:12.601+0545] {dag.py:3820} INFO - Setting next_dagrun for example_task_group_decorator to 2023-12-26T00:00:00+00:00, run_after=2023-12-27T00:00:00+00:00
[2023-12-27T09:53:12.617+0545] {processor.py:183} INFO - Processing /home/sarita/Documents/apache-airflow-project/.venv/lib/python3.9/site-packages/airflow/example_dags/example_task_group_decorator.py took 0.064 seconds
[2023-12-27T12:17:08.372+0545] {processor.py:161} INFO - Started process (PID=13372) to work on /home/sarita/Documents/apache-airflow-project/.venv/lib/python3.9/site-packages/airflow/example_dags/example_task_group_decorator.py
[2023-12-27T12:17:08.373+0545] {processor.py:830} INFO - Processing file /home/sarita/Documents/apache-airflow-project/.venv/lib/python3.9/site-packages/airflow/example_dags/example_task_group_decorator.py for tasks to queue
[2023-12-27T12:17:08.373+0545] {logging_mixin.py:188} INFO - [2023-12-27T12:17:08.373+0545] {dagbag.py:538} INFO - Filling up the DagBag from /home/sarita/Documents/apache-airflow-project/.venv/lib/python3.9/site-packages/airflow/example_dags/example_task_group_decorator.py
[2023-12-27T12:17:08.386+0545] {processor.py:840} INFO - DAG(s) 'example_task_group_decorator' retrieved from /home/sarita/Documents/apache-airflow-project/.venv/lib/python3.9/site-packages/airflow/example_dags/example_task_group_decorator.py
[2023-12-27T12:17:08.402+0545] {logging_mixin.py:188} INFO - [2023-12-27T12:17:08.402+0545] {dag.py:3033} INFO - Sync 1 DAGs
[2023-12-27T12:17:08.418+0545] {logging_mixin.py:188} INFO - [2023-12-27T12:17:08.418+0545] {dag.py:3820} INFO - Setting next_dagrun for example_task_group_decorator to 2023-12-26T00:00:00+00:00, run_after=2023-12-27T00:00:00+00:00
[2023-12-27T12:17:08.436+0545] {processor.py:183} INFO - Processing /home/sarita/Documents/apache-airflow-project/.venv/lib/python3.9/site-packages/airflow/example_dags/example_task_group_decorator.py took 0.066 seconds
[2023-12-27T12:39:34.299+0545] {processor.py:161} INFO - Started process (PID=15392) to work on /home/sarita/Documents/apache-airflow-project/.venv/lib/python3.9/site-packages/airflow/example_dags/example_task_group_decorator.py
[2023-12-27T12:39:34.302+0545] {processor.py:830} INFO - Processing file /home/sarita/Documents/apache-airflow-project/.venv/lib/python3.9/site-packages/airflow/example_dags/example_task_group_decorator.py for tasks to queue
[2023-12-27T12:39:34.305+0545] {logging_mixin.py:188} INFO - [2023-12-27T12:39:34.304+0545] {dagbag.py:538} INFO - Filling up the DagBag from /home/sarita/Documents/apache-airflow-project/.venv/lib/python3.9/site-packages/airflow/example_dags/example_task_group_decorator.py
[2023-12-27T12:39:34.331+0545] {processor.py:840} INFO - DAG(s) 'example_task_group_decorator' retrieved from /home/sarita/Documents/apache-airflow-project/.venv/lib/python3.9/site-packages/airflow/example_dags/example_task_group_decorator.py
[2023-12-27T12:39:34.348+0545] {logging_mixin.py:188} INFO - [2023-12-27T12:39:34.348+0545] {dag.py:3033} INFO - Sync 1 DAGs
[2023-12-27T12:39:34.364+0545] {logging_mixin.py:188} INFO - [2023-12-27T12:39:34.364+0545] {dag.py:3820} INFO - Setting next_dagrun for example_task_group_decorator to 2023-12-26T00:00:00+00:00, run_after=2023-12-27T00:00:00+00:00
[2023-12-27T12:39:34.939+0545] {processor.py:183} INFO - Processing /home/sarita/Documents/apache-airflow-project/.venv/lib/python3.9/site-packages/airflow/example_dags/example_task_group_decorator.py took 0.647 seconds
[2023-12-27T12:46:51.658+0545] {processor.py:161} INFO - Started process (PID=17170) to work on /home/sarita/Documents/apache-airflow-project/.venv/lib/python3.9/site-packages/airflow/example_dags/example_task_group_decorator.py
[2023-12-27T12:46:51.661+0545] {processor.py:830} INFO - Processing file /home/sarita/Documents/apache-airflow-project/.venv/lib/python3.9/site-packages/airflow/example_dags/example_task_group_decorator.py for tasks to queue
[2023-12-27T12:46:51.661+0545] {logging_mixin.py:188} INFO - [2023-12-27T12:46:51.661+0545] {dagbag.py:538} INFO - Filling up the DagBag from /home/sarita/Documents/apache-airflow-project/.venv/lib/python3.9/site-packages/airflow/example_dags/example_task_group_decorator.py
[2023-12-27T12:46:51.672+0545] {processor.py:840} INFO - DAG(s) 'example_task_group_decorator' retrieved from /home/sarita/Documents/apache-airflow-project/.venv/lib/python3.9/site-packages/airflow/example_dags/example_task_group_decorator.py
[2023-12-27T12:46:51.687+0545] {logging_mixin.py:188} INFO - [2023-12-27T12:46:51.687+0545] {dag.py:3033} INFO - Sync 1 DAGs
[2023-12-27T12:46:51.702+0545] {logging_mixin.py:188} INFO - [2023-12-27T12:46:51.702+0545] {dag.py:3820} INFO - Setting next_dagrun for example_task_group_decorator to 2023-12-26T00:00:00+00:00, run_after=2023-12-27T00:00:00+00:00
[2023-12-27T12:46:51.718+0545] {processor.py:183} INFO - Processing /home/sarita/Documents/apache-airflow-project/.venv/lib/python3.9/site-packages/airflow/example_dags/example_task_group_decorator.py took 0.062 seconds
[2023-12-27T12:52:36.667+0545] {processor.py:161} INFO - Started process (PID=17616) to work on /home/sarita/Documents/apache-airflow-project/.venv/lib/python3.9/site-packages/airflow/example_dags/example_task_group_decorator.py
[2023-12-27T12:52:36.670+0545] {processor.py:830} INFO - Processing file /home/sarita/Documents/apache-airflow-project/.venv/lib/python3.9/site-packages/airflow/example_dags/example_task_group_decorator.py for tasks to queue
[2023-12-27T12:52:36.671+0545] {logging_mixin.py:188} INFO - [2023-12-27T12:52:36.671+0545] {dagbag.py:538} INFO - Filling up the DagBag from /home/sarita/Documents/apache-airflow-project/.venv/lib/python3.9/site-packages/airflow/example_dags/example_task_group_decorator.py
[2023-12-27T12:52:36.688+0545] {processor.py:840} INFO - DAG(s) 'example_task_group_decorator' retrieved from /home/sarita/Documents/apache-airflow-project/.venv/lib/python3.9/site-packages/airflow/example_dags/example_task_group_decorator.py
[2023-12-27T12:52:36.704+0545] {logging_mixin.py:188} INFO - [2023-12-27T12:52:36.704+0545] {dag.py:3033} INFO - Sync 1 DAGs
[2023-12-27T12:52:36.719+0545] {logging_mixin.py:188} INFO - [2023-12-27T12:52:36.719+0545] {dag.py:3820} INFO - Setting next_dagrun for example_task_group_decorator to 2023-12-26T00:00:00+00:00, run_after=2023-12-27T00:00:00+00:00
[2023-12-27T12:52:36.737+0545] {processor.py:183} INFO - Processing /home/sarita/Documents/apache-airflow-project/.venv/lib/python3.9/site-packages/airflow/example_dags/example_task_group_decorator.py took 0.075 seconds
[2023-12-27T12:53:27.070+0545] {processor.py:161} INFO - Started process (PID=17724) to work on /home/sarita/Documents/apache-airflow-project/.venv/lib/python3.9/site-packages/airflow/example_dags/example_task_group_decorator.py
[2023-12-27T12:53:27.074+0545] {processor.py:830} INFO - Processing file /home/sarita/Documents/apache-airflow-project/.venv/lib/python3.9/site-packages/airflow/example_dags/example_task_group_decorator.py for tasks to queue
[2023-12-27T12:53:27.077+0545] {logging_mixin.py:188} INFO - [2023-12-27T12:53:27.076+0545] {dagbag.py:538} INFO - Filling up the DagBag from /home/sarita/Documents/apache-airflow-project/.venv/lib/python3.9/site-packages/airflow/example_dags/example_task_group_decorator.py
[2023-12-27T12:53:27.105+0545] {processor.py:840} INFO - DAG(s) 'example_task_group_decorator' retrieved from /home/sarita/Documents/apache-airflow-project/.venv/lib/python3.9/site-packages/airflow/example_dags/example_task_group_decorator.py
[2023-12-27T12:53:27.120+0545] {logging_mixin.py:188} INFO - [2023-12-27T12:53:27.120+0545] {dag.py:3033} INFO - Sync 1 DAGs
[2023-12-27T12:53:27.138+0545] {logging_mixin.py:188} INFO - [2023-12-27T12:53:27.138+0545] {dag.py:3820} INFO - Setting next_dagrun for example_task_group_decorator to 2023-12-26T00:00:00+00:00, run_after=2023-12-27T00:00:00+00:00
[2023-12-27T12:53:27.162+0545] {processor.py:183} INFO - Processing /home/sarita/Documents/apache-airflow-project/.venv/lib/python3.9/site-packages/airflow/example_dags/example_task_group_decorator.py took 0.100 seconds
