[2023-12-27T09:36:39.239+0545] {processor.py:161} INFO - Started process (PID=6900) to work on /home/sarita/Documents/apache-airflow-project/.venv/lib/python3.9/site-packages/airflow/example_dags/example_subdag_operator.py
[2023-12-27T09:36:39.240+0545] {processor.py:830} INFO - Processing file /home/sarita/Documents/apache-airflow-project/.venv/lib/python3.9/site-packages/airflow/example_dags/example_subdag_operator.py for tasks to queue
[2023-12-27T09:36:39.241+0545] {logging_mixin.py:188} INFO - [2023-12-27T09:36:39.240+0545] {dagbag.py:538} INFO - Filling up the DagBag from /home/sarita/Documents/apache-airflow-project/.venv/lib/python3.9/site-packages/airflow/example_dags/example_subdag_operator.py
[2023-12-27T09:36:39.263+0545] {processor.py:840} INFO - DAG(s) 'example_subdag_operator.section-1', 'example_subdag_operator.section-2', 'example_subdag_operator' retrieved from /home/sarita/Documents/apache-airflow-project/.venv/lib/python3.9/site-packages/airflow/example_dags/example_subdag_operator.py
[2023-12-27T09:36:39.353+0545] {logging_mixin.py:188} INFO - [2023-12-27T09:36:39.352+0545] {dag.py:3033} INFO - Sync 3 DAGs
[2023-12-27T09:36:39.397+0545] {logging_mixin.py:188} INFO - [2023-12-27T09:36:39.396+0545] {dag.py:3820} INFO - Setting next_dagrun for example_subdag_operator to 2022-01-01T00:00:00+00:00, run_after=2022-01-01T00:00:00+00:00
[2023-12-27T09:36:39.401+0545] {logging_mixin.py:188} INFO - [2023-12-27T09:36:39.401+0545] {dag.py:3820} INFO - Setting next_dagrun for example_subdag_operator.section-1 to None, run_after=None
[2023-12-27T09:36:39.410+0545] {logging_mixin.py:188} INFO - [2023-12-27T09:36:39.410+0545] {dag.py:3820} INFO - Setting next_dagrun for example_subdag_operator.section-2 to None, run_after=None
[2023-12-27T09:36:39.415+0545] {logging_mixin.py:188} INFO - [2023-12-27T09:36:39.415+0545] {dag.py:3033} INFO - Sync 2 DAGs
[2023-12-27T09:36:39.418+0545] {logging_mixin.py:188} INFO - [2023-12-27T09:36:39.418+0545] {dag.py:3820} INFO - Setting next_dagrun for example_subdag_operator.section-1 to None, run_after=None
[2023-12-27T09:36:39.418+0545] {logging_mixin.py:188} INFO - [2023-12-27T09:36:39.418+0545] {dag.py:3820} INFO - Setting next_dagrun for example_subdag_operator.section-2 to None, run_after=None
[2023-12-27T09:36:39.431+0545] {processor.py:183} INFO - Processing /home/sarita/Documents/apache-airflow-project/.venv/lib/python3.9/site-packages/airflow/example_dags/example_subdag_operator.py took 0.195 seconds
[2023-12-27T09:37:28.407+0545] {processor.py:161} INFO - Started process (PID=6959) to work on /home/sarita/Documents/apache-airflow-project/.venv/lib/python3.9/site-packages/airflow/example_dags/example_subdag_operator.py
[2023-12-27T09:37:28.409+0545] {processor.py:830} INFO - Processing file /home/sarita/Documents/apache-airflow-project/.venv/lib/python3.9/site-packages/airflow/example_dags/example_subdag_operator.py for tasks to queue
[2023-12-27T09:37:28.410+0545] {logging_mixin.py:188} INFO - [2023-12-27T09:37:28.410+0545] {dagbag.py:538} INFO - Filling up the DagBag from /home/sarita/Documents/apache-airflow-project/.venv/lib/python3.9/site-packages/airflow/example_dags/example_subdag_operator.py
[2023-12-27T09:37:28.424+0545] {processor.py:840} INFO - DAG(s) 'example_subdag_operator.section-1', 'example_subdag_operator.section-2', 'example_subdag_operator' retrieved from /home/sarita/Documents/apache-airflow-project/.venv/lib/python3.9/site-packages/airflow/example_dags/example_subdag_operator.py
[2023-12-27T09:37:28.437+0545] {logging_mixin.py:188} INFO - [2023-12-27T09:37:28.437+0545] {dag.py:3033} INFO - Sync 3 DAGs
[2023-12-27T09:37:28.455+0545] {logging_mixin.py:188} INFO - [2023-12-27T09:37:28.455+0545] {dag.py:3820} INFO - Setting next_dagrun for example_subdag_operator to 2022-01-01T00:00:00+00:00, run_after=2022-01-01T00:00:00+00:00
[2023-12-27T09:37:28.458+0545] {logging_mixin.py:188} INFO - [2023-12-27T09:37:28.458+0545] {dag.py:3820} INFO - Setting next_dagrun for example_subdag_operator.section-1 to None, run_after=None
[2023-12-27T09:37:28.459+0545] {logging_mixin.py:188} INFO - [2023-12-27T09:37:28.459+0545] {dag.py:3820} INFO - Setting next_dagrun for example_subdag_operator.section-2 to None, run_after=None
[2023-12-27T09:37:28.464+0545] {logging_mixin.py:188} INFO - [2023-12-27T09:37:28.463+0545] {dag.py:3033} INFO - Sync 2 DAGs
[2023-12-27T09:37:28.468+0545] {logging_mixin.py:188} INFO - [2023-12-27T09:37:28.468+0545] {dag.py:3820} INFO - Setting next_dagrun for example_subdag_operator.section-1 to None, run_after=None
[2023-12-27T09:37:28.468+0545] {logging_mixin.py:188} INFO - [2023-12-27T09:37:28.468+0545] {dag.py:3820} INFO - Setting next_dagrun for example_subdag_operator.section-2 to None, run_after=None
[2023-12-27T09:37:28.482+0545] {processor.py:183} INFO - Processing /home/sarita/Documents/apache-airflow-project/.venv/lib/python3.9/site-packages/airflow/example_dags/example_subdag_operator.py took 0.076 seconds
[2023-12-27T09:38:17.075+0545] {processor.py:161} INFO - Started process (PID=7020) to work on /home/sarita/Documents/apache-airflow-project/.venv/lib/python3.9/site-packages/airflow/example_dags/example_subdag_operator.py
[2023-12-27T09:38:17.079+0545] {processor.py:830} INFO - Processing file /home/sarita/Documents/apache-airflow-project/.venv/lib/python3.9/site-packages/airflow/example_dags/example_subdag_operator.py for tasks to queue
[2023-12-27T09:38:17.081+0545] {logging_mixin.py:188} INFO - [2023-12-27T09:38:17.080+0545] {dagbag.py:538} INFO - Filling up the DagBag from /home/sarita/Documents/apache-airflow-project/.venv/lib/python3.9/site-packages/airflow/example_dags/example_subdag_operator.py
[2023-12-27T09:38:17.104+0545] {processor.py:840} INFO - DAG(s) 'example_subdag_operator.section-1', 'example_subdag_operator.section-2', 'example_subdag_operator' retrieved from /home/sarita/Documents/apache-airflow-project/.venv/lib/python3.9/site-packages/airflow/example_dags/example_subdag_operator.py
[2023-12-27T09:38:17.116+0545] {logging_mixin.py:188} INFO - [2023-12-27T09:38:17.116+0545] {dag.py:3033} INFO - Sync 3 DAGs
[2023-12-27T09:38:17.132+0545] {logging_mixin.py:188} INFO - [2023-12-27T09:38:17.131+0545] {dag.py:3820} INFO - Setting next_dagrun for example_subdag_operator to 2022-01-01T00:00:00+00:00, run_after=2022-01-01T00:00:00+00:00
[2023-12-27T09:38:17.134+0545] {logging_mixin.py:188} INFO - [2023-12-27T09:38:17.134+0545] {dag.py:3820} INFO - Setting next_dagrun for example_subdag_operator.section-1 to None, run_after=None
[2023-12-27T09:38:17.135+0545] {logging_mixin.py:188} INFO - [2023-12-27T09:38:17.135+0545] {dag.py:3820} INFO - Setting next_dagrun for example_subdag_operator.section-2 to None, run_after=None
[2023-12-27T09:38:17.139+0545] {logging_mixin.py:188} INFO - [2023-12-27T09:38:17.139+0545] {dag.py:3033} INFO - Sync 2 DAGs
[2023-12-27T09:38:17.143+0545] {logging_mixin.py:188} INFO - [2023-12-27T09:38:17.143+0545] {dag.py:3820} INFO - Setting next_dagrun for example_subdag_operator.section-1 to None, run_after=None
[2023-12-27T09:38:17.143+0545] {logging_mixin.py:188} INFO - [2023-12-27T09:38:17.143+0545] {dag.py:3820} INFO - Setting next_dagrun for example_subdag_operator.section-2 to None, run_after=None
[2023-12-27T09:38:17.165+0545] {processor.py:183} INFO - Processing /home/sarita/Documents/apache-airflow-project/.venv/lib/python3.9/site-packages/airflow/example_dags/example_subdag_operator.py took 0.096 seconds
[2023-12-27T09:38:55.283+0545] {processor.py:161} INFO - Started process (PID=7118) to work on /home/sarita/Documents/apache-airflow-project/.venv/lib/python3.9/site-packages/airflow/example_dags/example_subdag_operator.py
[2023-12-27T09:38:55.284+0545] {processor.py:830} INFO - Processing file /home/sarita/Documents/apache-airflow-project/.venv/lib/python3.9/site-packages/airflow/example_dags/example_subdag_operator.py for tasks to queue
[2023-12-27T09:38:55.286+0545] {logging_mixin.py:188} INFO - [2023-12-27T09:38:55.285+0545] {dagbag.py:538} INFO - Filling up the DagBag from /home/sarita/Documents/apache-airflow-project/.venv/lib/python3.9/site-packages/airflow/example_dags/example_subdag_operator.py
[2023-12-27T09:38:55.307+0545] {processor.py:840} INFO - DAG(s) 'example_subdag_operator.section-1', 'example_subdag_operator.section-2', 'example_subdag_operator' retrieved from /home/sarita/Documents/apache-airflow-project/.venv/lib/python3.9/site-packages/airflow/example_dags/example_subdag_operator.py
[2023-12-27T09:38:55.319+0545] {logging_mixin.py:188} INFO - [2023-12-27T09:38:55.319+0545] {dag.py:3033} INFO - Sync 3 DAGs
[2023-12-27T09:38:55.335+0545] {logging_mixin.py:188} INFO - [2023-12-27T09:38:55.335+0545] {dag.py:3820} INFO - Setting next_dagrun for example_subdag_operator to 2022-01-01T00:00:00+00:00, run_after=2022-01-01T00:00:00+00:00
[2023-12-27T09:38:55.338+0545] {logging_mixin.py:188} INFO - [2023-12-27T09:38:55.338+0545] {dag.py:3820} INFO - Setting next_dagrun for example_subdag_operator.section-1 to None, run_after=None
[2023-12-27T09:38:55.339+0545] {logging_mixin.py:188} INFO - [2023-12-27T09:38:55.339+0545] {dag.py:3820} INFO - Setting next_dagrun for example_subdag_operator.section-2 to None, run_after=None
[2023-12-27T09:38:55.344+0545] {logging_mixin.py:188} INFO - [2023-12-27T09:38:55.344+0545] {dag.py:3033} INFO - Sync 2 DAGs
[2023-12-27T09:38:55.347+0545] {logging_mixin.py:188} INFO - [2023-12-27T09:38:55.347+0545] {dag.py:3820} INFO - Setting next_dagrun for example_subdag_operator.section-1 to None, run_after=None
[2023-12-27T09:38:55.348+0545] {logging_mixin.py:188} INFO - [2023-12-27T09:38:55.348+0545] {dag.py:3820} INFO - Setting next_dagrun for example_subdag_operator.section-2 to None, run_after=None
[2023-12-27T09:38:55.361+0545] {processor.py:183} INFO - Processing /home/sarita/Documents/apache-airflow-project/.venv/lib/python3.9/site-packages/airflow/example_dags/example_subdag_operator.py took 0.082 seconds
[2023-12-27T09:39:31.486+0545] {processor.py:161} INFO - Started process (PID=7163) to work on /home/sarita/Documents/apache-airflow-project/.venv/lib/python3.9/site-packages/airflow/example_dags/example_subdag_operator.py
[2023-12-27T09:39:31.489+0545] {processor.py:830} INFO - Processing file /home/sarita/Documents/apache-airflow-project/.venv/lib/python3.9/site-packages/airflow/example_dags/example_subdag_operator.py for tasks to queue
[2023-12-27T09:39:31.490+0545] {logging_mixin.py:188} INFO - [2023-12-27T09:39:31.490+0545] {dagbag.py:538} INFO - Filling up the DagBag from /home/sarita/Documents/apache-airflow-project/.venv/lib/python3.9/site-packages/airflow/example_dags/example_subdag_operator.py
[2023-12-27T09:39:31.509+0545] {processor.py:840} INFO - DAG(s) 'example_subdag_operator.section-1', 'example_subdag_operator.section-2', 'example_subdag_operator' retrieved from /home/sarita/Documents/apache-airflow-project/.venv/lib/python3.9/site-packages/airflow/example_dags/example_subdag_operator.py
[2023-12-27T09:39:31.521+0545] {logging_mixin.py:188} INFO - [2023-12-27T09:39:31.521+0545] {dag.py:3033} INFO - Sync 3 DAGs
[2023-12-27T09:39:31.537+0545] {logging_mixin.py:188} INFO - [2023-12-27T09:39:31.537+0545] {dag.py:3820} INFO - Setting next_dagrun for example_subdag_operator to 2022-01-01T00:00:00+00:00, run_after=2022-01-01T00:00:00+00:00
[2023-12-27T09:39:31.539+0545] {logging_mixin.py:188} INFO - [2023-12-27T09:39:31.539+0545] {dag.py:3820} INFO - Setting next_dagrun for example_subdag_operator.section-1 to None, run_after=None
[2023-12-27T09:39:31.540+0545] {logging_mixin.py:188} INFO - [2023-12-27T09:39:31.540+0545] {dag.py:3820} INFO - Setting next_dagrun for example_subdag_operator.section-2 to None, run_after=None
[2023-12-27T09:39:31.544+0545] {logging_mixin.py:188} INFO - [2023-12-27T09:39:31.544+0545] {dag.py:3033} INFO - Sync 2 DAGs
[2023-12-27T09:39:31.548+0545] {logging_mixin.py:188} INFO - [2023-12-27T09:39:31.548+0545] {dag.py:3820} INFO - Setting next_dagrun for example_subdag_operator.section-1 to None, run_after=None
[2023-12-27T09:39:31.548+0545] {logging_mixin.py:188} INFO - [2023-12-27T09:39:31.548+0545] {dag.py:3820} INFO - Setting next_dagrun for example_subdag_operator.section-2 to None, run_after=None
[2023-12-27T09:39:31.562+0545] {processor.py:183} INFO - Processing /home/sarita/Documents/apache-airflow-project/.venv/lib/python3.9/site-packages/airflow/example_dags/example_subdag_operator.py took 0.081 seconds
[2023-12-27T09:40:10.851+0545] {processor.py:161} INFO - Started process (PID=7245) to work on /home/sarita/Documents/apache-airflow-project/.venv/lib/python3.9/site-packages/airflow/example_dags/example_subdag_operator.py
[2023-12-27T09:40:10.854+0545] {processor.py:830} INFO - Processing file /home/sarita/Documents/apache-airflow-project/.venv/lib/python3.9/site-packages/airflow/example_dags/example_subdag_operator.py for tasks to queue
[2023-12-27T09:40:10.855+0545] {logging_mixin.py:188} INFO - [2023-12-27T09:40:10.855+0545] {dagbag.py:538} INFO - Filling up the DagBag from /home/sarita/Documents/apache-airflow-project/.venv/lib/python3.9/site-packages/airflow/example_dags/example_subdag_operator.py
[2023-12-27T09:40:10.883+0545] {processor.py:840} INFO - DAG(s) 'example_subdag_operator.section-1', 'example_subdag_operator.section-2', 'example_subdag_operator' retrieved from /home/sarita/Documents/apache-airflow-project/.venv/lib/python3.9/site-packages/airflow/example_dags/example_subdag_operator.py
[2023-12-27T09:40:10.895+0545] {logging_mixin.py:188} INFO - [2023-12-27T09:40:10.895+0545] {dag.py:3033} INFO - Sync 3 DAGs
[2023-12-27T09:40:10.910+0545] {logging_mixin.py:188} INFO - [2023-12-27T09:40:10.910+0545] {dag.py:3820} INFO - Setting next_dagrun for example_subdag_operator to 2022-01-01T00:00:00+00:00, run_after=2022-01-01T00:00:00+00:00
[2023-12-27T09:40:10.912+0545] {logging_mixin.py:188} INFO - [2023-12-27T09:40:10.912+0545] {dag.py:3820} INFO - Setting next_dagrun for example_subdag_operator.section-1 to None, run_after=None
[2023-12-27T09:40:10.913+0545] {logging_mixin.py:188} INFO - [2023-12-27T09:40:10.913+0545] {dag.py:3820} INFO - Setting next_dagrun for example_subdag_operator.section-2 to None, run_after=None
[2023-12-27T09:40:10.917+0545] {logging_mixin.py:188} INFO - [2023-12-27T09:40:10.917+0545] {dag.py:3033} INFO - Sync 2 DAGs
[2023-12-27T09:40:10.920+0545] {logging_mixin.py:188} INFO - [2023-12-27T09:40:10.920+0545] {dag.py:3820} INFO - Setting next_dagrun for example_subdag_operator.section-1 to None, run_after=None
[2023-12-27T09:40:10.920+0545] {logging_mixin.py:188} INFO - [2023-12-27T09:40:10.920+0545] {dag.py:3820} INFO - Setting next_dagrun for example_subdag_operator.section-2 to None, run_after=None
[2023-12-27T09:40:10.933+0545] {processor.py:183} INFO - Processing /home/sarita/Documents/apache-airflow-project/.venv/lib/python3.9/site-packages/airflow/example_dags/example_subdag_operator.py took 0.087 seconds
[2023-12-27T09:40:49.058+0545] {processor.py:161} INFO - Started process (PID=7357) to work on /home/sarita/Documents/apache-airflow-project/.venv/lib/python3.9/site-packages/airflow/example_dags/example_subdag_operator.py
[2023-12-27T09:40:49.060+0545] {processor.py:830} INFO - Processing file /home/sarita/Documents/apache-airflow-project/.venv/lib/python3.9/site-packages/airflow/example_dags/example_subdag_operator.py for tasks to queue
[2023-12-27T09:40:49.061+0545] {logging_mixin.py:188} INFO - [2023-12-27T09:40:49.061+0545] {dagbag.py:538} INFO - Filling up the DagBag from /home/sarita/Documents/apache-airflow-project/.venv/lib/python3.9/site-packages/airflow/example_dags/example_subdag_operator.py
[2023-12-27T09:40:49.084+0545] {processor.py:840} INFO - DAG(s) 'example_subdag_operator.section-1', 'example_subdag_operator.section-2', 'example_subdag_operator' retrieved from /home/sarita/Documents/apache-airflow-project/.venv/lib/python3.9/site-packages/airflow/example_dags/example_subdag_operator.py
[2023-12-27T09:40:49.097+0545] {logging_mixin.py:188} INFO - [2023-12-27T09:40:49.097+0545] {dag.py:3033} INFO - Sync 3 DAGs
[2023-12-27T09:40:49.111+0545] {logging_mixin.py:188} INFO - [2023-12-27T09:40:49.111+0545] {dag.py:3820} INFO - Setting next_dagrun for example_subdag_operator to 2022-01-01T00:00:00+00:00, run_after=2022-01-01T00:00:00+00:00
[2023-12-27T09:40:49.114+0545] {logging_mixin.py:188} INFO - [2023-12-27T09:40:49.114+0545] {dag.py:3820} INFO - Setting next_dagrun for example_subdag_operator.section-1 to None, run_after=None
[2023-12-27T09:40:49.115+0545] {logging_mixin.py:188} INFO - [2023-12-27T09:40:49.115+0545] {dag.py:3820} INFO - Setting next_dagrun for example_subdag_operator.section-2 to None, run_after=None
[2023-12-27T09:40:49.119+0545] {logging_mixin.py:188} INFO - [2023-12-27T09:40:49.119+0545] {dag.py:3033} INFO - Sync 2 DAGs
[2023-12-27T09:40:49.122+0545] {logging_mixin.py:188} INFO - [2023-12-27T09:40:49.122+0545] {dag.py:3820} INFO - Setting next_dagrun for example_subdag_operator.section-1 to None, run_after=None
[2023-12-27T09:40:49.122+0545] {logging_mixin.py:188} INFO - [2023-12-27T09:40:49.122+0545] {dag.py:3820} INFO - Setting next_dagrun for example_subdag_operator.section-2 to None, run_after=None
[2023-12-27T09:40:49.136+0545] {processor.py:183} INFO - Processing /home/sarita/Documents/apache-airflow-project/.venv/lib/python3.9/site-packages/airflow/example_dags/example_subdag_operator.py took 0.081 seconds
[2023-12-27T09:41:43.237+0545] {processor.py:161} INFO - Started process (PID=7560) to work on /home/sarita/Documents/apache-airflow-project/.venv/lib/python3.9/site-packages/airflow/example_dags/example_subdag_operator.py
[2023-12-27T09:41:43.240+0545] {processor.py:830} INFO - Processing file /home/sarita/Documents/apache-airflow-project/.venv/lib/python3.9/site-packages/airflow/example_dags/example_subdag_operator.py for tasks to queue
[2023-12-27T09:41:43.242+0545] {logging_mixin.py:188} INFO - [2023-12-27T09:41:43.241+0545] {dagbag.py:538} INFO - Filling up the DagBag from /home/sarita/Documents/apache-airflow-project/.venv/lib/python3.9/site-packages/airflow/example_dags/example_subdag_operator.py
[2023-12-27T09:41:43.270+0545] {processor.py:840} INFO - DAG(s) 'example_subdag_operator.section-1', 'example_subdag_operator.section-2', 'example_subdag_operator' retrieved from /home/sarita/Documents/apache-airflow-project/.venv/lib/python3.9/site-packages/airflow/example_dags/example_subdag_operator.py
[2023-12-27T09:41:43.282+0545] {logging_mixin.py:188} INFO - [2023-12-27T09:41:43.282+0545] {dag.py:3033} INFO - Sync 3 DAGs
[2023-12-27T09:41:43.298+0545] {logging_mixin.py:188} INFO - [2023-12-27T09:41:43.298+0545] {dag.py:3820} INFO - Setting next_dagrun for example_subdag_operator to 2022-01-01T00:00:00+00:00, run_after=2022-01-01T00:00:00+00:00
[2023-12-27T09:41:43.301+0545] {logging_mixin.py:188} INFO - [2023-12-27T09:41:43.301+0545] {dag.py:3820} INFO - Setting next_dagrun for example_subdag_operator.section-1 to None, run_after=None
[2023-12-27T09:41:43.302+0545] {logging_mixin.py:188} INFO - [2023-12-27T09:41:43.302+0545] {dag.py:3820} INFO - Setting next_dagrun for example_subdag_operator.section-2 to None, run_after=None
[2023-12-27T09:41:43.306+0545] {logging_mixin.py:188} INFO - [2023-12-27T09:41:43.306+0545] {dag.py:3033} INFO - Sync 2 DAGs
[2023-12-27T09:41:43.310+0545] {logging_mixin.py:188} INFO - [2023-12-27T09:41:43.310+0545] {dag.py:3820} INFO - Setting next_dagrun for example_subdag_operator.section-1 to None, run_after=None
[2023-12-27T09:41:43.311+0545] {logging_mixin.py:188} INFO - [2023-12-27T09:41:43.310+0545] {dag.py:3820} INFO - Setting next_dagrun for example_subdag_operator.section-2 to None, run_after=None
[2023-12-27T09:41:43.325+0545] {processor.py:183} INFO - Processing /home/sarita/Documents/apache-airflow-project/.venv/lib/python3.9/site-packages/airflow/example_dags/example_subdag_operator.py took 0.093 seconds
[2023-12-27T09:42:22.202+0545] {processor.py:161} INFO - Started process (PID=7760) to work on /home/sarita/Documents/apache-airflow-project/.venv/lib/python3.9/site-packages/airflow/example_dags/example_subdag_operator.py
[2023-12-27T09:42:22.205+0545] {processor.py:830} INFO - Processing file /home/sarita/Documents/apache-airflow-project/.venv/lib/python3.9/site-packages/airflow/example_dags/example_subdag_operator.py for tasks to queue
[2023-12-27T09:42:22.206+0545] {logging_mixin.py:188} INFO - [2023-12-27T09:42:22.206+0545] {dagbag.py:538} INFO - Filling up the DagBag from /home/sarita/Documents/apache-airflow-project/.venv/lib/python3.9/site-packages/airflow/example_dags/example_subdag_operator.py
[2023-12-27T09:42:22.235+0545] {processor.py:840} INFO - DAG(s) 'example_subdag_operator.section-1', 'example_subdag_operator.section-2', 'example_subdag_operator' retrieved from /home/sarita/Documents/apache-airflow-project/.venv/lib/python3.9/site-packages/airflow/example_dags/example_subdag_operator.py
[2023-12-27T09:42:22.248+0545] {logging_mixin.py:188} INFO - [2023-12-27T09:42:22.248+0545] {dag.py:3033} INFO - Sync 3 DAGs
[2023-12-27T09:42:22.262+0545] {logging_mixin.py:188} INFO - [2023-12-27T09:42:22.262+0545] {dag.py:3820} INFO - Setting next_dagrun for example_subdag_operator to 2022-01-01T00:00:00+00:00, run_after=2022-01-01T00:00:00+00:00
[2023-12-27T09:42:22.265+0545] {logging_mixin.py:188} INFO - [2023-12-27T09:42:22.264+0545] {dag.py:3820} INFO - Setting next_dagrun for example_subdag_operator.section-1 to None, run_after=None
[2023-12-27T09:42:22.265+0545] {logging_mixin.py:188} INFO - [2023-12-27T09:42:22.265+0545] {dag.py:3820} INFO - Setting next_dagrun for example_subdag_operator.section-2 to None, run_after=None
[2023-12-27T09:42:22.270+0545] {logging_mixin.py:188} INFO - [2023-12-27T09:42:22.270+0545] {dag.py:3033} INFO - Sync 2 DAGs
[2023-12-27T09:42:22.273+0545] {logging_mixin.py:188} INFO - [2023-12-27T09:42:22.273+0545] {dag.py:3820} INFO - Setting next_dagrun for example_subdag_operator.section-1 to None, run_after=None
[2023-12-27T09:42:22.273+0545] {logging_mixin.py:188} INFO - [2023-12-27T09:42:22.273+0545] {dag.py:3820} INFO - Setting next_dagrun for example_subdag_operator.section-2 to None, run_after=None
[2023-12-27T09:42:22.286+0545] {processor.py:183} INFO - Processing /home/sarita/Documents/apache-airflow-project/.venv/lib/python3.9/site-packages/airflow/example_dags/example_subdag_operator.py took 0.090 seconds
[2023-12-27T09:43:11.352+0545] {processor.py:161} INFO - Started process (PID=7851) to work on /home/sarita/Documents/apache-airflow-project/.venv/lib/python3.9/site-packages/airflow/example_dags/example_subdag_operator.py
[2023-12-27T09:43:11.355+0545] {processor.py:830} INFO - Processing file /home/sarita/Documents/apache-airflow-project/.venv/lib/python3.9/site-packages/airflow/example_dags/example_subdag_operator.py for tasks to queue
[2023-12-27T09:43:11.356+0545] {logging_mixin.py:188} INFO - [2023-12-27T09:43:11.356+0545] {dagbag.py:538} INFO - Filling up the DagBag from /home/sarita/Documents/apache-airflow-project/.venv/lib/python3.9/site-packages/airflow/example_dags/example_subdag_operator.py
[2023-12-27T09:43:11.379+0545] {processor.py:840} INFO - DAG(s) 'example_subdag_operator.section-1', 'example_subdag_operator.section-2', 'example_subdag_operator' retrieved from /home/sarita/Documents/apache-airflow-project/.venv/lib/python3.9/site-packages/airflow/example_dags/example_subdag_operator.py
[2023-12-27T09:43:11.390+0545] {logging_mixin.py:188} INFO - [2023-12-27T09:43:11.390+0545] {dag.py:3033} INFO - Sync 3 DAGs
[2023-12-27T09:43:11.407+0545] {logging_mixin.py:188} INFO - [2023-12-27T09:43:11.406+0545] {dag.py:3820} INFO - Setting next_dagrun for example_subdag_operator to 2022-01-01T00:00:00+00:00, run_after=2022-01-01T00:00:00+00:00
[2023-12-27T09:43:11.409+0545] {logging_mixin.py:188} INFO - [2023-12-27T09:43:11.409+0545] {dag.py:3820} INFO - Setting next_dagrun for example_subdag_operator.section-1 to None, run_after=None
[2023-12-27T09:43:11.410+0545] {logging_mixin.py:188} INFO - [2023-12-27T09:43:11.410+0545] {dag.py:3820} INFO - Setting next_dagrun for example_subdag_operator.section-2 to None, run_after=None
[2023-12-27T09:43:11.415+0545] {logging_mixin.py:188} INFO - [2023-12-27T09:43:11.415+0545] {dag.py:3033} INFO - Sync 2 DAGs
[2023-12-27T09:43:11.418+0545] {logging_mixin.py:188} INFO - [2023-12-27T09:43:11.418+0545] {dag.py:3820} INFO - Setting next_dagrun for example_subdag_operator.section-1 to None, run_after=None
[2023-12-27T09:43:11.418+0545] {logging_mixin.py:188} INFO - [2023-12-27T09:43:11.418+0545] {dag.py:3820} INFO - Setting next_dagrun for example_subdag_operator.section-2 to None, run_after=None
[2023-12-27T09:43:11.432+0545] {processor.py:183} INFO - Processing /home/sarita/Documents/apache-airflow-project/.venv/lib/python3.9/site-packages/airflow/example_dags/example_subdag_operator.py took 0.088 seconds
[2023-12-27T09:43:47.927+0545] {processor.py:161} INFO - Started process (PID=7902) to work on /home/sarita/Documents/apache-airflow-project/.venv/lib/python3.9/site-packages/airflow/example_dags/example_subdag_operator.py
[2023-12-27T09:43:47.930+0545] {processor.py:830} INFO - Processing file /home/sarita/Documents/apache-airflow-project/.venv/lib/python3.9/site-packages/airflow/example_dags/example_subdag_operator.py for tasks to queue
[2023-12-27T09:43:47.932+0545] {logging_mixin.py:188} INFO - [2023-12-27T09:43:47.931+0545] {dagbag.py:538} INFO - Filling up the DagBag from /home/sarita/Documents/apache-airflow-project/.venv/lib/python3.9/site-packages/airflow/example_dags/example_subdag_operator.py
[2023-12-27T09:43:47.956+0545] {processor.py:840} INFO - DAG(s) 'example_subdag_operator.section-1', 'example_subdag_operator.section-2', 'example_subdag_operator' retrieved from /home/sarita/Documents/apache-airflow-project/.venv/lib/python3.9/site-packages/airflow/example_dags/example_subdag_operator.py
[2023-12-27T09:43:47.968+0545] {logging_mixin.py:188} INFO - [2023-12-27T09:43:47.968+0545] {dag.py:3033} INFO - Sync 3 DAGs
[2023-12-27T09:43:47.983+0545] {logging_mixin.py:188} INFO - [2023-12-27T09:43:47.983+0545] {dag.py:3820} INFO - Setting next_dagrun for example_subdag_operator to 2022-01-01T00:00:00+00:00, run_after=2022-01-01T00:00:00+00:00
[2023-12-27T09:43:47.986+0545] {logging_mixin.py:188} INFO - [2023-12-27T09:43:47.986+0545] {dag.py:3820} INFO - Setting next_dagrun for example_subdag_operator.section-1 to None, run_after=None
[2023-12-27T09:43:47.986+0545] {logging_mixin.py:188} INFO - [2023-12-27T09:43:47.986+0545] {dag.py:3820} INFO - Setting next_dagrun for example_subdag_operator.section-2 to None, run_after=None
[2023-12-27T09:43:47.991+0545] {logging_mixin.py:188} INFO - [2023-12-27T09:43:47.991+0545] {dag.py:3033} INFO - Sync 2 DAGs
[2023-12-27T09:43:47.994+0545] {logging_mixin.py:188} INFO - [2023-12-27T09:43:47.994+0545] {dag.py:3820} INFO - Setting next_dagrun for example_subdag_operator.section-1 to None, run_after=None
[2023-12-27T09:43:47.994+0545] {logging_mixin.py:188} INFO - [2023-12-27T09:43:47.994+0545] {dag.py:3820} INFO - Setting next_dagrun for example_subdag_operator.section-2 to None, run_after=None
[2023-12-27T09:43:48.007+0545] {processor.py:183} INFO - Processing /home/sarita/Documents/apache-airflow-project/.venv/lib/python3.9/site-packages/airflow/example_dags/example_subdag_operator.py took 0.085 seconds
[2023-12-27T09:44:27.577+0545] {processor.py:161} INFO - Started process (PID=7954) to work on /home/sarita/Documents/apache-airflow-project/.venv/lib/python3.9/site-packages/airflow/example_dags/example_subdag_operator.py
[2023-12-27T09:44:27.580+0545] {processor.py:830} INFO - Processing file /home/sarita/Documents/apache-airflow-project/.venv/lib/python3.9/site-packages/airflow/example_dags/example_subdag_operator.py for tasks to queue
[2023-12-27T09:44:27.581+0545] {logging_mixin.py:188} INFO - [2023-12-27T09:44:27.580+0545] {dagbag.py:538} INFO - Filling up the DagBag from /home/sarita/Documents/apache-airflow-project/.venv/lib/python3.9/site-packages/airflow/example_dags/example_subdag_operator.py
[2023-12-27T09:44:27.602+0545] {processor.py:840} INFO - DAG(s) 'example_subdag_operator.section-1', 'example_subdag_operator.section-2', 'example_subdag_operator' retrieved from /home/sarita/Documents/apache-airflow-project/.venv/lib/python3.9/site-packages/airflow/example_dags/example_subdag_operator.py
[2023-12-27T09:44:27.613+0545] {logging_mixin.py:188} INFO - [2023-12-27T09:44:27.613+0545] {dag.py:3033} INFO - Sync 3 DAGs
[2023-12-27T09:44:27.629+0545] {logging_mixin.py:188} INFO - [2023-12-27T09:44:27.629+0545] {dag.py:3820} INFO - Setting next_dagrun for example_subdag_operator to 2022-01-01T00:00:00+00:00, run_after=2022-01-01T00:00:00+00:00
[2023-12-27T09:44:27.631+0545] {logging_mixin.py:188} INFO - [2023-12-27T09:44:27.631+0545] {dag.py:3820} INFO - Setting next_dagrun for example_subdag_operator.section-1 to None, run_after=None
[2023-12-27T09:44:27.632+0545] {logging_mixin.py:188} INFO - [2023-12-27T09:44:27.632+0545] {dag.py:3820} INFO - Setting next_dagrun for example_subdag_operator.section-2 to None, run_after=None
[2023-12-27T09:44:27.637+0545] {logging_mixin.py:188} INFO - [2023-12-27T09:44:27.636+0545] {dag.py:3033} INFO - Sync 2 DAGs
[2023-12-27T09:44:27.640+0545] {logging_mixin.py:188} INFO - [2023-12-27T09:44:27.640+0545] {dag.py:3820} INFO - Setting next_dagrun for example_subdag_operator.section-1 to None, run_after=None
[2023-12-27T09:44:27.640+0545] {logging_mixin.py:188} INFO - [2023-12-27T09:44:27.640+0545] {dag.py:3820} INFO - Setting next_dagrun for example_subdag_operator.section-2 to None, run_after=None
[2023-12-27T09:44:27.665+0545] {processor.py:183} INFO - Processing /home/sarita/Documents/apache-airflow-project/.venv/lib/python3.9/site-packages/airflow/example_dags/example_subdag_operator.py took 0.091 seconds
[2023-12-27T09:45:02.576+0545] {processor.py:161} INFO - Started process (PID=8003) to work on /home/sarita/Documents/apache-airflow-project/.venv/lib/python3.9/site-packages/airflow/example_dags/example_subdag_operator.py
[2023-12-27T09:45:02.579+0545] {processor.py:830} INFO - Processing file /home/sarita/Documents/apache-airflow-project/.venv/lib/python3.9/site-packages/airflow/example_dags/example_subdag_operator.py for tasks to queue
[2023-12-27T09:45:02.579+0545] {logging_mixin.py:188} INFO - [2023-12-27T09:45:02.579+0545] {dagbag.py:538} INFO - Filling up the DagBag from /home/sarita/Documents/apache-airflow-project/.venv/lib/python3.9/site-packages/airflow/example_dags/example_subdag_operator.py
[2023-12-27T09:45:02.597+0545] {processor.py:840} INFO - DAG(s) 'example_subdag_operator.section-1', 'example_subdag_operator.section-2', 'example_subdag_operator' retrieved from /home/sarita/Documents/apache-airflow-project/.venv/lib/python3.9/site-packages/airflow/example_dags/example_subdag_operator.py
[2023-12-27T09:45:02.609+0545] {logging_mixin.py:188} INFO - [2023-12-27T09:45:02.608+0545] {dag.py:3033} INFO - Sync 3 DAGs
[2023-12-27T09:45:02.624+0545] {logging_mixin.py:188} INFO - [2023-12-27T09:45:02.624+0545] {dag.py:3820} INFO - Setting next_dagrun for example_subdag_operator to 2022-01-01T00:00:00+00:00, run_after=2022-01-01T00:00:00+00:00
[2023-12-27T09:45:02.628+0545] {logging_mixin.py:188} INFO - [2023-12-27T09:45:02.627+0545] {dag.py:3820} INFO - Setting next_dagrun for example_subdag_operator.section-1 to None, run_after=None
[2023-12-27T09:45:02.628+0545] {logging_mixin.py:188} INFO - [2023-12-27T09:45:02.628+0545] {dag.py:3820} INFO - Setting next_dagrun for example_subdag_operator.section-2 to None, run_after=None
[2023-12-27T09:45:02.633+0545] {logging_mixin.py:188} INFO - [2023-12-27T09:45:02.633+0545] {dag.py:3033} INFO - Sync 2 DAGs
[2023-12-27T09:45:02.636+0545] {logging_mixin.py:188} INFO - [2023-12-27T09:45:02.636+0545] {dag.py:3820} INFO - Setting next_dagrun for example_subdag_operator.section-1 to None, run_after=None
[2023-12-27T09:45:02.637+0545] {logging_mixin.py:188} INFO - [2023-12-27T09:45:02.636+0545] {dag.py:3820} INFO - Setting next_dagrun for example_subdag_operator.section-2 to None, run_after=None
[2023-12-27T09:45:02.650+0545] {processor.py:183} INFO - Processing /home/sarita/Documents/apache-airflow-project/.venv/lib/python3.9/site-packages/airflow/example_dags/example_subdag_operator.py took 0.078 seconds
[2023-12-27T09:45:40.968+0545] {processor.py:161} INFO - Started process (PID=8436) to work on /home/sarita/Documents/apache-airflow-project/.venv/lib/python3.9/site-packages/airflow/example_dags/example_subdag_operator.py
[2023-12-27T09:45:40.970+0545] {processor.py:830} INFO - Processing file /home/sarita/Documents/apache-airflow-project/.venv/lib/python3.9/site-packages/airflow/example_dags/example_subdag_operator.py for tasks to queue
[2023-12-27T09:45:40.972+0545] {logging_mixin.py:188} INFO - [2023-12-27T09:45:40.971+0545] {dagbag.py:538} INFO - Filling up the DagBag from /home/sarita/Documents/apache-airflow-project/.venv/lib/python3.9/site-packages/airflow/example_dags/example_subdag_operator.py
[2023-12-27T09:45:40.997+0545] {processor.py:840} INFO - DAG(s) 'example_subdag_operator.section-1', 'example_subdag_operator.section-2', 'example_subdag_operator' retrieved from /home/sarita/Documents/apache-airflow-project/.venv/lib/python3.9/site-packages/airflow/example_dags/example_subdag_operator.py
[2023-12-27T09:45:41.010+0545] {logging_mixin.py:188} INFO - [2023-12-27T09:45:41.010+0545] {dag.py:3033} INFO - Sync 3 DAGs
[2023-12-27T09:45:41.026+0545] {logging_mixin.py:188} INFO - [2023-12-27T09:45:41.026+0545] {dag.py:3820} INFO - Setting next_dagrun for example_subdag_operator to 2022-01-01T00:00:00+00:00, run_after=2022-01-01T00:00:00+00:00
[2023-12-27T09:45:41.029+0545] {logging_mixin.py:188} INFO - [2023-12-27T09:45:41.029+0545] {dag.py:3820} INFO - Setting next_dagrun for example_subdag_operator.section-1 to None, run_after=None
[2023-12-27T09:45:41.030+0545] {logging_mixin.py:188} INFO - [2023-12-27T09:45:41.029+0545] {dag.py:3820} INFO - Setting next_dagrun for example_subdag_operator.section-2 to None, run_after=None
[2023-12-27T09:45:41.034+0545] {logging_mixin.py:188} INFO - [2023-12-27T09:45:41.034+0545] {dag.py:3033} INFO - Sync 2 DAGs
[2023-12-27T09:45:41.037+0545] {logging_mixin.py:188} INFO - [2023-12-27T09:45:41.037+0545] {dag.py:3820} INFO - Setting next_dagrun for example_subdag_operator.section-1 to None, run_after=None
[2023-12-27T09:45:41.038+0545] {logging_mixin.py:188} INFO - [2023-12-27T09:45:41.037+0545] {dag.py:3820} INFO - Setting next_dagrun for example_subdag_operator.section-2 to None, run_after=None
[2023-12-27T09:45:41.051+0545] {processor.py:183} INFO - Processing /home/sarita/Documents/apache-airflow-project/.venv/lib/python3.9/site-packages/airflow/example_dags/example_subdag_operator.py took 0.088 seconds
[2023-12-27T09:46:16.270+0545] {processor.py:161} INFO - Started process (PID=8488) to work on /home/sarita/Documents/apache-airflow-project/.venv/lib/python3.9/site-packages/airflow/example_dags/example_subdag_operator.py
[2023-12-27T09:46:16.272+0545] {processor.py:830} INFO - Processing file /home/sarita/Documents/apache-airflow-project/.venv/lib/python3.9/site-packages/airflow/example_dags/example_subdag_operator.py for tasks to queue
[2023-12-27T09:46:16.273+0545] {logging_mixin.py:188} INFO - [2023-12-27T09:46:16.272+0545] {dagbag.py:538} INFO - Filling up the DagBag from /home/sarita/Documents/apache-airflow-project/.venv/lib/python3.9/site-packages/airflow/example_dags/example_subdag_operator.py
[2023-12-27T09:46:16.287+0545] {processor.py:840} INFO - DAG(s) 'example_subdag_operator.section-1', 'example_subdag_operator.section-2', 'example_subdag_operator' retrieved from /home/sarita/Documents/apache-airflow-project/.venv/lib/python3.9/site-packages/airflow/example_dags/example_subdag_operator.py
[2023-12-27T09:46:16.299+0545] {logging_mixin.py:188} INFO - [2023-12-27T09:46:16.299+0545] {dag.py:3033} INFO - Sync 3 DAGs
[2023-12-27T09:46:16.316+0545] {logging_mixin.py:188} INFO - [2023-12-27T09:46:16.316+0545] {dag.py:3820} INFO - Setting next_dagrun for example_subdag_operator to 2022-01-01T00:00:00+00:00, run_after=2022-01-01T00:00:00+00:00
[2023-12-27T09:46:16.319+0545] {logging_mixin.py:188} INFO - [2023-12-27T09:46:16.319+0545] {dag.py:3820} INFO - Setting next_dagrun for example_subdag_operator.section-1 to None, run_after=None
[2023-12-27T09:46:16.320+0545] {logging_mixin.py:188} INFO - [2023-12-27T09:46:16.320+0545] {dag.py:3820} INFO - Setting next_dagrun for example_subdag_operator.section-2 to None, run_after=None
[2023-12-27T09:46:16.325+0545] {logging_mixin.py:188} INFO - [2023-12-27T09:46:16.325+0545] {dag.py:3033} INFO - Sync 2 DAGs
[2023-12-27T09:46:16.328+0545] {logging_mixin.py:188} INFO - [2023-12-27T09:46:16.328+0545] {dag.py:3820} INFO - Setting next_dagrun for example_subdag_operator.section-1 to None, run_after=None
[2023-12-27T09:46:16.329+0545] {logging_mixin.py:188} INFO - [2023-12-27T09:46:16.328+0545] {dag.py:3820} INFO - Setting next_dagrun for example_subdag_operator.section-2 to None, run_after=None
[2023-12-27T09:46:16.401+0545] {processor.py:183} INFO - Processing /home/sarita/Documents/apache-airflow-project/.venv/lib/python3.9/site-packages/airflow/example_dags/example_subdag_operator.py took 0.132 seconds
[2023-12-27T09:46:52.225+0545] {processor.py:161} INFO - Started process (PID=8525) to work on /home/sarita/Documents/apache-airflow-project/.venv/lib/python3.9/site-packages/airflow/example_dags/example_subdag_operator.py
[2023-12-27T09:46:52.228+0545] {processor.py:830} INFO - Processing file /home/sarita/Documents/apache-airflow-project/.venv/lib/python3.9/site-packages/airflow/example_dags/example_subdag_operator.py for tasks to queue
[2023-12-27T09:46:52.231+0545] {logging_mixin.py:188} INFO - [2023-12-27T09:46:52.230+0545] {dagbag.py:538} INFO - Filling up the DagBag from /home/sarita/Documents/apache-airflow-project/.venv/lib/python3.9/site-packages/airflow/example_dags/example_subdag_operator.py
[2023-12-27T09:46:52.253+0545] {processor.py:840} INFO - DAG(s) 'example_subdag_operator.section-1', 'example_subdag_operator.section-2', 'example_subdag_operator' retrieved from /home/sarita/Documents/apache-airflow-project/.venv/lib/python3.9/site-packages/airflow/example_dags/example_subdag_operator.py
[2023-12-27T09:46:52.264+0545] {logging_mixin.py:188} INFO - [2023-12-27T09:46:52.264+0545] {dag.py:3033} INFO - Sync 3 DAGs
[2023-12-27T09:46:52.278+0545] {logging_mixin.py:188} INFO - [2023-12-27T09:46:52.278+0545] {dag.py:3820} INFO - Setting next_dagrun for example_subdag_operator to 2022-01-01T00:00:00+00:00, run_after=2022-01-01T00:00:00+00:00
[2023-12-27T09:46:52.281+0545] {logging_mixin.py:188} INFO - [2023-12-27T09:46:52.281+0545] {dag.py:3820} INFO - Setting next_dagrun for example_subdag_operator.section-1 to None, run_after=None
[2023-12-27T09:46:52.282+0545] {logging_mixin.py:188} INFO - [2023-12-27T09:46:52.282+0545] {dag.py:3820} INFO - Setting next_dagrun for example_subdag_operator.section-2 to None, run_after=None
[2023-12-27T09:46:52.286+0545] {logging_mixin.py:188} INFO - [2023-12-27T09:46:52.286+0545] {dag.py:3033} INFO - Sync 2 DAGs
[2023-12-27T09:46:52.289+0545] {logging_mixin.py:188} INFO - [2023-12-27T09:46:52.289+0545] {dag.py:3820} INFO - Setting next_dagrun for example_subdag_operator.section-1 to None, run_after=None
[2023-12-27T09:46:52.289+0545] {logging_mixin.py:188} INFO - [2023-12-27T09:46:52.289+0545] {dag.py:3820} INFO - Setting next_dagrun for example_subdag_operator.section-2 to None, run_after=None
[2023-12-27T09:46:52.312+0545] {processor.py:183} INFO - Processing /home/sarita/Documents/apache-airflow-project/.venv/lib/python3.9/site-packages/airflow/example_dags/example_subdag_operator.py took 0.095 seconds
[2023-12-27T09:47:30.552+0545] {processor.py:161} INFO - Started process (PID=8564) to work on /home/sarita/Documents/apache-airflow-project/.venv/lib/python3.9/site-packages/airflow/example_dags/example_subdag_operator.py
[2023-12-27T09:47:30.555+0545] {processor.py:830} INFO - Processing file /home/sarita/Documents/apache-airflow-project/.venv/lib/python3.9/site-packages/airflow/example_dags/example_subdag_operator.py for tasks to queue
[2023-12-27T09:47:30.556+0545] {logging_mixin.py:188} INFO - [2023-12-27T09:47:30.555+0545] {dagbag.py:538} INFO - Filling up the DagBag from /home/sarita/Documents/apache-airflow-project/.venv/lib/python3.9/site-packages/airflow/example_dags/example_subdag_operator.py
[2023-12-27T09:47:30.579+0545] {processor.py:840} INFO - DAG(s) 'example_subdag_operator.section-1', 'example_subdag_operator.section-2', 'example_subdag_operator' retrieved from /home/sarita/Documents/apache-airflow-project/.venv/lib/python3.9/site-packages/airflow/example_dags/example_subdag_operator.py
[2023-12-27T09:47:30.593+0545] {logging_mixin.py:188} INFO - [2023-12-27T09:47:30.593+0545] {dag.py:3033} INFO - Sync 3 DAGs
[2023-12-27T09:47:30.609+0545] {logging_mixin.py:188} INFO - [2023-12-27T09:47:30.609+0545] {dag.py:3820} INFO - Setting next_dagrun for example_subdag_operator to 2022-01-01T00:00:00+00:00, run_after=2022-01-01T00:00:00+00:00
[2023-12-27T09:47:30.611+0545] {logging_mixin.py:188} INFO - [2023-12-27T09:47:30.611+0545] {dag.py:3820} INFO - Setting next_dagrun for example_subdag_operator.section-1 to None, run_after=None
[2023-12-27T09:47:30.612+0545] {logging_mixin.py:188} INFO - [2023-12-27T09:47:30.612+0545] {dag.py:3820} INFO - Setting next_dagrun for example_subdag_operator.section-2 to None, run_after=None
[2023-12-27T09:47:30.617+0545] {logging_mixin.py:188} INFO - [2023-12-27T09:47:30.616+0545] {dag.py:3033} INFO - Sync 2 DAGs
[2023-12-27T09:47:30.620+0545] {logging_mixin.py:188} INFO - [2023-12-27T09:47:30.619+0545] {dag.py:3820} INFO - Setting next_dagrun for example_subdag_operator.section-1 to None, run_after=None
[2023-12-27T09:47:30.620+0545] {logging_mixin.py:188} INFO - [2023-12-27T09:47:30.620+0545] {dag.py:3820} INFO - Setting next_dagrun for example_subdag_operator.section-2 to None, run_after=None
[2023-12-27T09:47:30.634+0545] {processor.py:183} INFO - Processing /home/sarita/Documents/apache-airflow-project/.venv/lib/python3.9/site-packages/airflow/example_dags/example_subdag_operator.py took 0.084 seconds
[2023-12-27T09:48:09.721+0545] {processor.py:161} INFO - Started process (PID=8629) to work on /home/sarita/Documents/apache-airflow-project/.venv/lib/python3.9/site-packages/airflow/example_dags/example_subdag_operator.py
[2023-12-27T09:48:09.724+0545] {processor.py:830} INFO - Processing file /home/sarita/Documents/apache-airflow-project/.venv/lib/python3.9/site-packages/airflow/example_dags/example_subdag_operator.py for tasks to queue
[2023-12-27T09:48:09.725+0545] {logging_mixin.py:188} INFO - [2023-12-27T09:48:09.725+0545] {dagbag.py:538} INFO - Filling up the DagBag from /home/sarita/Documents/apache-airflow-project/.venv/lib/python3.9/site-packages/airflow/example_dags/example_subdag_operator.py
[2023-12-27T09:48:09.751+0545] {processor.py:840} INFO - DAG(s) 'example_subdag_operator.section-1', 'example_subdag_operator.section-2', 'example_subdag_operator' retrieved from /home/sarita/Documents/apache-airflow-project/.venv/lib/python3.9/site-packages/airflow/example_dags/example_subdag_operator.py
[2023-12-27T09:48:09.764+0545] {logging_mixin.py:188} INFO - [2023-12-27T09:48:09.764+0545] {dag.py:3033} INFO - Sync 3 DAGs
[2023-12-27T09:48:09.780+0545] {logging_mixin.py:188} INFO - [2023-12-27T09:48:09.780+0545] {dag.py:3820} INFO - Setting next_dagrun for example_subdag_operator to 2022-01-01T00:00:00+00:00, run_after=2022-01-01T00:00:00+00:00
[2023-12-27T09:48:09.783+0545] {logging_mixin.py:188} INFO - [2023-12-27T09:48:09.782+0545] {dag.py:3820} INFO - Setting next_dagrun for example_subdag_operator.section-1 to None, run_after=None
[2023-12-27T09:48:09.783+0545] {logging_mixin.py:188} INFO - [2023-12-27T09:48:09.783+0545] {dag.py:3820} INFO - Setting next_dagrun for example_subdag_operator.section-2 to None, run_after=None
[2023-12-27T09:48:09.788+0545] {logging_mixin.py:188} INFO - [2023-12-27T09:48:09.788+0545] {dag.py:3033} INFO - Sync 2 DAGs
[2023-12-27T09:48:09.792+0545] {logging_mixin.py:188} INFO - [2023-12-27T09:48:09.792+0545] {dag.py:3820} INFO - Setting next_dagrun for example_subdag_operator.section-1 to None, run_after=None
[2023-12-27T09:48:09.792+0545] {logging_mixin.py:188} INFO - [2023-12-27T09:48:09.792+0545] {dag.py:3820} INFO - Setting next_dagrun for example_subdag_operator.section-2 to None, run_after=None
[2023-12-27T09:48:09.807+0545] {processor.py:183} INFO - Processing /home/sarita/Documents/apache-airflow-project/.venv/lib/python3.9/site-packages/airflow/example_dags/example_subdag_operator.py took 0.090 seconds
[2023-12-27T09:48:48.609+0545] {processor.py:161} INFO - Started process (PID=8670) to work on /home/sarita/Documents/apache-airflow-project/.venv/lib/python3.9/site-packages/airflow/example_dags/example_subdag_operator.py
[2023-12-27T09:48:48.611+0545] {processor.py:830} INFO - Processing file /home/sarita/Documents/apache-airflow-project/.venv/lib/python3.9/site-packages/airflow/example_dags/example_subdag_operator.py for tasks to queue
[2023-12-27T09:48:48.612+0545] {logging_mixin.py:188} INFO - [2023-12-27T09:48:48.612+0545] {dagbag.py:538} INFO - Filling up the DagBag from /home/sarita/Documents/apache-airflow-project/.venv/lib/python3.9/site-packages/airflow/example_dags/example_subdag_operator.py
[2023-12-27T09:48:48.630+0545] {processor.py:840} INFO - DAG(s) 'example_subdag_operator.section-1', 'example_subdag_operator.section-2', 'example_subdag_operator' retrieved from /home/sarita/Documents/apache-airflow-project/.venv/lib/python3.9/site-packages/airflow/example_dags/example_subdag_operator.py
[2023-12-27T09:48:48.641+0545] {logging_mixin.py:188} INFO - [2023-12-27T09:48:48.641+0545] {dag.py:3033} INFO - Sync 3 DAGs
[2023-12-27T09:48:48.655+0545] {logging_mixin.py:188} INFO - [2023-12-27T09:48:48.655+0545] {dag.py:3820} INFO - Setting next_dagrun for example_subdag_operator to 2022-01-01T00:00:00+00:00, run_after=2022-01-01T00:00:00+00:00
[2023-12-27T09:48:48.658+0545] {logging_mixin.py:188} INFO - [2023-12-27T09:48:48.658+0545] {dag.py:3820} INFO - Setting next_dagrun for example_subdag_operator.section-1 to None, run_after=None
[2023-12-27T09:48:48.658+0545] {logging_mixin.py:188} INFO - [2023-12-27T09:48:48.658+0545] {dag.py:3820} INFO - Setting next_dagrun for example_subdag_operator.section-2 to None, run_after=None
[2023-12-27T09:48:48.663+0545] {logging_mixin.py:188} INFO - [2023-12-27T09:48:48.662+0545] {dag.py:3033} INFO - Sync 2 DAGs
[2023-12-27T09:48:48.666+0545] {logging_mixin.py:188} INFO - [2023-12-27T09:48:48.666+0545] {dag.py:3820} INFO - Setting next_dagrun for example_subdag_operator.section-1 to None, run_after=None
[2023-12-27T09:48:48.666+0545] {logging_mixin.py:188} INFO - [2023-12-27T09:48:48.666+0545] {dag.py:3820} INFO - Setting next_dagrun for example_subdag_operator.section-2 to None, run_after=None
[2023-12-27T09:48:48.679+0545] {processor.py:183} INFO - Processing /home/sarita/Documents/apache-airflow-project/.venv/lib/python3.9/site-packages/airflow/example_dags/example_subdag_operator.py took 0.075 seconds
[2023-12-27T09:49:23.754+0545] {processor.py:161} INFO - Started process (PID=8708) to work on /home/sarita/Documents/apache-airflow-project/.venv/lib/python3.9/site-packages/airflow/example_dags/example_subdag_operator.py
[2023-12-27T09:49:23.756+0545] {processor.py:830} INFO - Processing file /home/sarita/Documents/apache-airflow-project/.venv/lib/python3.9/site-packages/airflow/example_dags/example_subdag_operator.py for tasks to queue
[2023-12-27T09:49:23.757+0545] {logging_mixin.py:188} INFO - [2023-12-27T09:49:23.757+0545] {dagbag.py:538} INFO - Filling up the DagBag from /home/sarita/Documents/apache-airflow-project/.venv/lib/python3.9/site-packages/airflow/example_dags/example_subdag_operator.py
[2023-12-27T09:49:23.772+0545] {processor.py:840} INFO - DAG(s) 'example_subdag_operator.section-1', 'example_subdag_operator.section-2', 'example_subdag_operator' retrieved from /home/sarita/Documents/apache-airflow-project/.venv/lib/python3.9/site-packages/airflow/example_dags/example_subdag_operator.py
[2023-12-27T09:49:23.783+0545] {logging_mixin.py:188} INFO - [2023-12-27T09:49:23.783+0545] {dag.py:3033} INFO - Sync 3 DAGs
[2023-12-27T09:49:23.799+0545] {logging_mixin.py:188} INFO - [2023-12-27T09:49:23.798+0545] {dag.py:3820} INFO - Setting next_dagrun for example_subdag_operator to 2022-01-01T00:00:00+00:00, run_after=2022-01-01T00:00:00+00:00
[2023-12-27T09:49:23.801+0545] {logging_mixin.py:188} INFO - [2023-12-27T09:49:23.801+0545] {dag.py:3820} INFO - Setting next_dagrun for example_subdag_operator.section-1 to None, run_after=None
[2023-12-27T09:49:23.802+0545] {logging_mixin.py:188} INFO - [2023-12-27T09:49:23.802+0545] {dag.py:3820} INFO - Setting next_dagrun for example_subdag_operator.section-2 to None, run_after=None
[2023-12-27T09:49:23.807+0545] {logging_mixin.py:188} INFO - [2023-12-27T09:49:23.807+0545] {dag.py:3033} INFO - Sync 2 DAGs
[2023-12-27T09:49:23.810+0545] {logging_mixin.py:188} INFO - [2023-12-27T09:49:23.810+0545] {dag.py:3820} INFO - Setting next_dagrun for example_subdag_operator.section-1 to None, run_after=None
[2023-12-27T09:49:23.810+0545] {logging_mixin.py:188} INFO - [2023-12-27T09:49:23.810+0545] {dag.py:3820} INFO - Setting next_dagrun for example_subdag_operator.section-2 to None, run_after=None
[2023-12-27T09:49:23.824+0545] {processor.py:183} INFO - Processing /home/sarita/Documents/apache-airflow-project/.venv/lib/python3.9/site-packages/airflow/example_dags/example_subdag_operator.py took 0.072 seconds
[2023-12-27T09:50:00.747+0545] {processor.py:161} INFO - Started process (PID=8747) to work on /home/sarita/Documents/apache-airflow-project/.venv/lib/python3.9/site-packages/airflow/example_dags/example_subdag_operator.py
[2023-12-27T09:50:00.750+0545] {processor.py:830} INFO - Processing file /home/sarita/Documents/apache-airflow-project/.venv/lib/python3.9/site-packages/airflow/example_dags/example_subdag_operator.py for tasks to queue
[2023-12-27T09:50:00.753+0545] {logging_mixin.py:188} INFO - [2023-12-27T09:50:00.752+0545] {dagbag.py:538} INFO - Filling up the DagBag from /home/sarita/Documents/apache-airflow-project/.venv/lib/python3.9/site-packages/airflow/example_dags/example_subdag_operator.py
[2023-12-27T09:50:00.780+0545] {processor.py:840} INFO - DAG(s) 'example_subdag_operator.section-1', 'example_subdag_operator.section-2', 'example_subdag_operator' retrieved from /home/sarita/Documents/apache-airflow-project/.venv/lib/python3.9/site-packages/airflow/example_dags/example_subdag_operator.py
[2023-12-27T09:50:00.792+0545] {logging_mixin.py:188} INFO - [2023-12-27T09:50:00.792+0545] {dag.py:3033} INFO - Sync 3 DAGs
[2023-12-27T09:50:00.807+0545] {logging_mixin.py:188} INFO - [2023-12-27T09:50:00.807+0545] {dag.py:3820} INFO - Setting next_dagrun for example_subdag_operator to 2022-01-01T00:00:00+00:00, run_after=2022-01-01T00:00:00+00:00
[2023-12-27T09:50:00.810+0545] {logging_mixin.py:188} INFO - [2023-12-27T09:50:00.810+0545] {dag.py:3820} INFO - Setting next_dagrun for example_subdag_operator.section-1 to None, run_after=None
[2023-12-27T09:50:00.811+0545] {logging_mixin.py:188} INFO - [2023-12-27T09:50:00.811+0545] {dag.py:3820} INFO - Setting next_dagrun for example_subdag_operator.section-2 to None, run_after=None
[2023-12-27T09:50:00.815+0545] {logging_mixin.py:188} INFO - [2023-12-27T09:50:00.815+0545] {dag.py:3033} INFO - Sync 2 DAGs
[2023-12-27T09:50:00.818+0545] {logging_mixin.py:188} INFO - [2023-12-27T09:50:00.818+0545] {dag.py:3820} INFO - Setting next_dagrun for example_subdag_operator.section-1 to None, run_after=None
[2023-12-27T09:50:00.819+0545] {logging_mixin.py:188} INFO - [2023-12-27T09:50:00.819+0545] {dag.py:3820} INFO - Setting next_dagrun for example_subdag_operator.section-2 to None, run_after=None
[2023-12-27T09:50:00.831+0545] {processor.py:183} INFO - Processing /home/sarita/Documents/apache-airflow-project/.venv/lib/python3.9/site-packages/airflow/example_dags/example_subdag_operator.py took 0.092 seconds
[2023-12-27T09:50:39.467+0545] {processor.py:161} INFO - Started process (PID=8801) to work on /home/sarita/Documents/apache-airflow-project/.venv/lib/python3.9/site-packages/airflow/example_dags/example_subdag_operator.py
[2023-12-27T09:50:39.470+0545] {processor.py:830} INFO - Processing file /home/sarita/Documents/apache-airflow-project/.venv/lib/python3.9/site-packages/airflow/example_dags/example_subdag_operator.py for tasks to queue
[2023-12-27T09:50:39.471+0545] {logging_mixin.py:188} INFO - [2023-12-27T09:50:39.471+0545] {dagbag.py:538} INFO - Filling up the DagBag from /home/sarita/Documents/apache-airflow-project/.venv/lib/python3.9/site-packages/airflow/example_dags/example_subdag_operator.py
[2023-12-27T09:50:39.498+0545] {processor.py:840} INFO - DAG(s) 'example_subdag_operator.section-1', 'example_subdag_operator.section-2', 'example_subdag_operator' retrieved from /home/sarita/Documents/apache-airflow-project/.venv/lib/python3.9/site-packages/airflow/example_dags/example_subdag_operator.py
[2023-12-27T09:50:39.511+0545] {logging_mixin.py:188} INFO - [2023-12-27T09:50:39.510+0545] {dag.py:3033} INFO - Sync 3 DAGs
[2023-12-27T09:50:39.526+0545] {logging_mixin.py:188} INFO - [2023-12-27T09:50:39.525+0545] {dag.py:3820} INFO - Setting next_dagrun for example_subdag_operator to 2022-01-01T00:00:00+00:00, run_after=2022-01-01T00:00:00+00:00
[2023-12-27T09:50:39.528+0545] {logging_mixin.py:188} INFO - [2023-12-27T09:50:39.528+0545] {dag.py:3820} INFO - Setting next_dagrun for example_subdag_operator.section-1 to None, run_after=None
[2023-12-27T09:50:39.529+0545] {logging_mixin.py:188} INFO - [2023-12-27T09:50:39.529+0545] {dag.py:3820} INFO - Setting next_dagrun for example_subdag_operator.section-2 to None, run_after=None
[2023-12-27T09:50:39.533+0545] {logging_mixin.py:188} INFO - [2023-12-27T09:50:39.533+0545] {dag.py:3033} INFO - Sync 2 DAGs
[2023-12-27T09:50:39.537+0545] {logging_mixin.py:188} INFO - [2023-12-27T09:50:39.537+0545] {dag.py:3820} INFO - Setting next_dagrun for example_subdag_operator.section-1 to None, run_after=None
[2023-12-27T09:50:39.537+0545] {logging_mixin.py:188} INFO - [2023-12-27T09:50:39.537+0545] {dag.py:3820} INFO - Setting next_dagrun for example_subdag_operator.section-2 to None, run_after=None
[2023-12-27T09:50:39.553+0545] {processor.py:183} INFO - Processing /home/sarita/Documents/apache-airflow-project/.venv/lib/python3.9/site-packages/airflow/example_dags/example_subdag_operator.py took 0.092 seconds
[2023-12-27T09:51:19.123+0545] {processor.py:161} INFO - Started process (PID=8875) to work on /home/sarita/Documents/apache-airflow-project/.venv/lib/python3.9/site-packages/airflow/example_dags/example_subdag_operator.py
[2023-12-27T09:51:19.126+0545] {processor.py:830} INFO - Processing file /home/sarita/Documents/apache-airflow-project/.venv/lib/python3.9/site-packages/airflow/example_dags/example_subdag_operator.py for tasks to queue
[2023-12-27T09:51:19.127+0545] {logging_mixin.py:188} INFO - [2023-12-27T09:51:19.126+0545] {dagbag.py:538} INFO - Filling up the DagBag from /home/sarita/Documents/apache-airflow-project/.venv/lib/python3.9/site-packages/airflow/example_dags/example_subdag_operator.py
[2023-12-27T09:51:19.148+0545] {processor.py:840} INFO - DAG(s) 'example_subdag_operator.section-1', 'example_subdag_operator.section-2', 'example_subdag_operator' retrieved from /home/sarita/Documents/apache-airflow-project/.venv/lib/python3.9/site-packages/airflow/example_dags/example_subdag_operator.py
[2023-12-27T09:51:19.160+0545] {logging_mixin.py:188} INFO - [2023-12-27T09:51:19.160+0545] {dag.py:3033} INFO - Sync 3 DAGs
[2023-12-27T09:51:19.175+0545] {logging_mixin.py:188} INFO - [2023-12-27T09:51:19.175+0545] {dag.py:3820} INFO - Setting next_dagrun for example_subdag_operator to 2022-01-01T00:00:00+00:00, run_after=2022-01-01T00:00:00+00:00
[2023-12-27T09:51:19.177+0545] {logging_mixin.py:188} INFO - [2023-12-27T09:51:19.177+0545] {dag.py:3820} INFO - Setting next_dagrun for example_subdag_operator.section-1 to None, run_after=None
[2023-12-27T09:51:19.178+0545] {logging_mixin.py:188} INFO - [2023-12-27T09:51:19.178+0545] {dag.py:3820} INFO - Setting next_dagrun for example_subdag_operator.section-2 to None, run_after=None
[2023-12-27T09:51:19.183+0545] {logging_mixin.py:188} INFO - [2023-12-27T09:51:19.182+0545] {dag.py:3033} INFO - Sync 2 DAGs
[2023-12-27T09:51:19.186+0545] {logging_mixin.py:188} INFO - [2023-12-27T09:51:19.186+0545] {dag.py:3820} INFO - Setting next_dagrun for example_subdag_operator.section-1 to None, run_after=None
[2023-12-27T09:51:19.186+0545] {logging_mixin.py:188} INFO - [2023-12-27T09:51:19.186+0545] {dag.py:3820} INFO - Setting next_dagrun for example_subdag_operator.section-2 to None, run_after=None
[2023-12-27T09:51:19.200+0545] {processor.py:183} INFO - Processing /home/sarita/Documents/apache-airflow-project/.venv/lib/python3.9/site-packages/airflow/example_dags/example_subdag_operator.py took 0.081 seconds
[2023-12-27T09:51:58.714+0545] {processor.py:161} INFO - Started process (PID=8927) to work on /home/sarita/Documents/apache-airflow-project/.venv/lib/python3.9/site-packages/airflow/example_dags/example_subdag_operator.py
[2023-12-27T09:51:58.716+0545] {processor.py:830} INFO - Processing file /home/sarita/Documents/apache-airflow-project/.venv/lib/python3.9/site-packages/airflow/example_dags/example_subdag_operator.py for tasks to queue
[2023-12-27T09:51:58.716+0545] {logging_mixin.py:188} INFO - [2023-12-27T09:51:58.716+0545] {dagbag.py:538} INFO - Filling up the DagBag from /home/sarita/Documents/apache-airflow-project/.venv/lib/python3.9/site-packages/airflow/example_dags/example_subdag_operator.py
[2023-12-27T09:51:58.730+0545] {processor.py:840} INFO - DAG(s) 'example_subdag_operator.section-1', 'example_subdag_operator.section-2', 'example_subdag_operator' retrieved from /home/sarita/Documents/apache-airflow-project/.venv/lib/python3.9/site-packages/airflow/example_dags/example_subdag_operator.py
[2023-12-27T09:51:58.742+0545] {logging_mixin.py:188} INFO - [2023-12-27T09:51:58.742+0545] {dag.py:3033} INFO - Sync 3 DAGs
[2023-12-27T09:51:58.759+0545] {logging_mixin.py:188} INFO - [2023-12-27T09:51:58.759+0545] {dag.py:3820} INFO - Setting next_dagrun for example_subdag_operator to 2022-01-01T00:00:00+00:00, run_after=2022-01-01T00:00:00+00:00
[2023-12-27T09:51:58.763+0545] {logging_mixin.py:188} INFO - [2023-12-27T09:51:58.762+0545] {dag.py:3820} INFO - Setting next_dagrun for example_subdag_operator.section-1 to None, run_after=None
[2023-12-27T09:51:58.764+0545] {logging_mixin.py:188} INFO - [2023-12-27T09:51:58.763+0545] {dag.py:3820} INFO - Setting next_dagrun for example_subdag_operator.section-2 to None, run_after=None
[2023-12-27T09:51:58.770+0545] {logging_mixin.py:188} INFO - [2023-12-27T09:51:58.770+0545] {dag.py:3033} INFO - Sync 2 DAGs
[2023-12-27T09:51:58.775+0545] {logging_mixin.py:188} INFO - [2023-12-27T09:51:58.775+0545] {dag.py:3820} INFO - Setting next_dagrun for example_subdag_operator.section-1 to None, run_after=None
[2023-12-27T09:51:58.776+0545] {logging_mixin.py:188} INFO - [2023-12-27T09:51:58.776+0545] {dag.py:3820} INFO - Setting next_dagrun for example_subdag_operator.section-2 to None, run_after=None
[2023-12-27T09:51:58.793+0545] {processor.py:183} INFO - Processing /home/sarita/Documents/apache-airflow-project/.venv/lib/python3.9/site-packages/airflow/example_dags/example_subdag_operator.py took 0.082 seconds
[2023-12-27T09:54:15.268+0545] {processor.py:161} INFO - Started process (PID=9202) to work on /home/sarita/Documents/apache-airflow-project/.venv/lib/python3.9/site-packages/airflow/example_dags/example_subdag_operator.py
[2023-12-27T09:54:15.269+0545] {processor.py:830} INFO - Processing file /home/sarita/Documents/apache-airflow-project/.venv/lib/python3.9/site-packages/airflow/example_dags/example_subdag_operator.py for tasks to queue
[2023-12-27T09:54:15.269+0545] {logging_mixin.py:188} INFO - [2023-12-27T09:54:15.269+0545] {dagbag.py:538} INFO - Filling up the DagBag from /home/sarita/Documents/apache-airflow-project/.venv/lib/python3.9/site-packages/airflow/example_dags/example_subdag_operator.py
[2023-12-27T09:54:15.283+0545] {processor.py:840} INFO - DAG(s) 'example_subdag_operator.section-1', 'example_subdag_operator.section-2', 'example_subdag_operator' retrieved from /home/sarita/Documents/apache-airflow-project/.venv/lib/python3.9/site-packages/airflow/example_dags/example_subdag_operator.py
[2023-12-27T09:54:15.295+0545] {logging_mixin.py:188} INFO - [2023-12-27T09:54:15.295+0545] {dag.py:3033} INFO - Sync 3 DAGs
[2023-12-27T09:54:15.310+0545] {logging_mixin.py:188} INFO - [2023-12-27T09:54:15.310+0545] {dag.py:3820} INFO - Setting next_dagrun for example_subdag_operator to 2022-01-01T00:00:00+00:00, run_after=2022-01-01T00:00:00+00:00
[2023-12-27T09:54:15.313+0545] {logging_mixin.py:188} INFO - [2023-12-27T09:54:15.313+0545] {dag.py:3820} INFO - Setting next_dagrun for example_subdag_operator.section-1 to None, run_after=None
[2023-12-27T09:54:15.314+0545] {logging_mixin.py:188} INFO - [2023-12-27T09:54:15.314+0545] {dag.py:3820} INFO - Setting next_dagrun for example_subdag_operator.section-2 to None, run_after=None
[2023-12-27T09:54:15.318+0545] {logging_mixin.py:188} INFO - [2023-12-27T09:54:15.318+0545] {dag.py:3033} INFO - Sync 2 DAGs
[2023-12-27T09:54:15.321+0545] {logging_mixin.py:188} INFO - [2023-12-27T09:54:15.321+0545] {dag.py:3820} INFO - Setting next_dagrun for example_subdag_operator.section-1 to None, run_after=None
[2023-12-27T09:54:15.322+0545] {logging_mixin.py:188} INFO - [2023-12-27T09:54:15.321+0545] {dag.py:3820} INFO - Setting next_dagrun for example_subdag_operator.section-2 to None, run_after=None
[2023-12-27T09:54:15.336+0545] {processor.py:183} INFO - Processing /home/sarita/Documents/apache-airflow-project/.venv/lib/python3.9/site-packages/airflow/example_dags/example_subdag_operator.py took 0.070 seconds
[2023-12-27T12:12:20.177+0545] {processor.py:161} INFO - Started process (PID=12583) to work on /home/sarita/Documents/apache-airflow-project/.venv/lib/python3.9/site-packages/airflow/example_dags/example_subdag_operator.py
[2023-12-27T12:12:20.178+0545] {processor.py:830} INFO - Processing file /home/sarita/Documents/apache-airflow-project/.venv/lib/python3.9/site-packages/airflow/example_dags/example_subdag_operator.py for tasks to queue
[2023-12-27T12:12:20.178+0545] {logging_mixin.py:188} INFO - [2023-12-27T12:12:20.178+0545] {dagbag.py:538} INFO - Filling up the DagBag from /home/sarita/Documents/apache-airflow-project/.venv/lib/python3.9/site-packages/airflow/example_dags/example_subdag_operator.py
[2023-12-27T12:12:20.193+0545] {processor.py:840} INFO - DAG(s) 'example_subdag_operator.section-1', 'example_subdag_operator.section-2', 'example_subdag_operator' retrieved from /home/sarita/Documents/apache-airflow-project/.venv/lib/python3.9/site-packages/airflow/example_dags/example_subdag_operator.py
[2023-12-27T12:12:20.278+0545] {logging_mixin.py:188} INFO - [2023-12-27T12:12:20.278+0545] {dag.py:3033} INFO - Sync 3 DAGs
[2023-12-27T12:12:20.298+0545] {logging_mixin.py:188} INFO - [2023-12-27T12:12:20.297+0545] {dag.py:3820} INFO - Setting next_dagrun for example_subdag_operator to 2022-01-01T00:00:00+00:00, run_after=2022-01-01T00:00:00+00:00
[2023-12-27T12:12:20.300+0545] {logging_mixin.py:188} INFO - [2023-12-27T12:12:20.300+0545] {dag.py:3820} INFO - Setting next_dagrun for example_subdag_operator.section-1 to None, run_after=None
[2023-12-27T12:12:20.301+0545] {logging_mixin.py:188} INFO - [2023-12-27T12:12:20.301+0545] {dag.py:3820} INFO - Setting next_dagrun for example_subdag_operator.section-2 to None, run_after=None
[2023-12-27T12:12:20.306+0545] {logging_mixin.py:188} INFO - [2023-12-27T12:12:20.305+0545] {dag.py:3033} INFO - Sync 2 DAGs
[2023-12-27T12:12:20.309+0545] {logging_mixin.py:188} INFO - [2023-12-27T12:12:20.309+0545] {dag.py:3820} INFO - Setting next_dagrun for example_subdag_operator.section-1 to None, run_after=None
[2023-12-27T12:12:20.310+0545] {logging_mixin.py:188} INFO - [2023-12-27T12:12:20.310+0545] {dag.py:3820} INFO - Setting next_dagrun for example_subdag_operator.section-2 to None, run_after=None
[2023-12-27T12:12:20.323+0545] {processor.py:183} INFO - Processing /home/sarita/Documents/apache-airflow-project/.venv/lib/python3.9/site-packages/airflow/example_dags/example_subdag_operator.py took 0.147 seconds
[2023-12-27T12:15:15.600+0545] {processor.py:161} INFO - Started process (PID=12793) to work on /home/sarita/Documents/apache-airflow-project/.venv/lib/python3.9/site-packages/airflow/example_dags/example_subdag_operator.py
[2023-12-27T12:15:15.601+0545] {processor.py:830} INFO - Processing file /home/sarita/Documents/apache-airflow-project/.venv/lib/python3.9/site-packages/airflow/example_dags/example_subdag_operator.py for tasks to queue
[2023-12-27T12:15:15.602+0545] {logging_mixin.py:188} INFO - [2023-12-27T12:15:15.601+0545] {dagbag.py:538} INFO - Filling up the DagBag from /home/sarita/Documents/apache-airflow-project/.venv/lib/python3.9/site-packages/airflow/example_dags/example_subdag_operator.py
[2023-12-27T12:15:15.616+0545] {processor.py:840} INFO - DAG(s) 'example_subdag_operator.section-1', 'example_subdag_operator.section-2', 'example_subdag_operator' retrieved from /home/sarita/Documents/apache-airflow-project/.venv/lib/python3.9/site-packages/airflow/example_dags/example_subdag_operator.py
[2023-12-27T12:15:15.701+0545] {logging_mixin.py:188} INFO - [2023-12-27T12:15:15.701+0545] {dag.py:3033} INFO - Sync 3 DAGs
[2023-12-27T12:15:15.715+0545] {logging_mixin.py:188} INFO - [2023-12-27T12:15:15.715+0545] {dag.py:3820} INFO - Setting next_dagrun for example_subdag_operator to 2022-01-01T00:00:00+00:00, run_after=2022-01-01T00:00:00+00:00
[2023-12-27T12:15:15.718+0545] {logging_mixin.py:188} INFO - [2023-12-27T12:15:15.718+0545] {dag.py:3820} INFO - Setting next_dagrun for example_subdag_operator.section-1 to None, run_after=None
[2023-12-27T12:15:15.719+0545] {logging_mixin.py:188} INFO - [2023-12-27T12:15:15.719+0545] {dag.py:3820} INFO - Setting next_dagrun for example_subdag_operator.section-2 to None, run_after=None
[2023-12-27T12:15:15.725+0545] {logging_mixin.py:188} INFO - [2023-12-27T12:15:15.724+0545] {dag.py:3033} INFO - Sync 2 DAGs
[2023-12-27T12:15:15.728+0545] {logging_mixin.py:188} INFO - [2023-12-27T12:15:15.728+0545] {dag.py:3820} INFO - Setting next_dagrun for example_subdag_operator.section-1 to None, run_after=None
[2023-12-27T12:15:15.728+0545] {logging_mixin.py:188} INFO - [2023-12-27T12:15:15.728+0545] {dag.py:3820} INFO - Setting next_dagrun for example_subdag_operator.section-2 to None, run_after=None
[2023-12-27T12:15:15.742+0545] {processor.py:183} INFO - Processing /home/sarita/Documents/apache-airflow-project/.venv/lib/python3.9/site-packages/airflow/example_dags/example_subdag_operator.py took 0.143 seconds
[2023-12-27T12:20:32.980+0545] {processor.py:161} INFO - Started process (PID=13758) to work on /home/sarita/Documents/apache-airflow-project/.venv/lib/python3.9/site-packages/airflow/example_dags/example_subdag_operator.py
[2023-12-27T12:20:32.981+0545] {processor.py:830} INFO - Processing file /home/sarita/Documents/apache-airflow-project/.venv/lib/python3.9/site-packages/airflow/example_dags/example_subdag_operator.py for tasks to queue
[2023-12-27T12:20:32.982+0545] {logging_mixin.py:188} INFO - [2023-12-27T12:20:32.981+0545] {dagbag.py:538} INFO - Filling up the DagBag from /home/sarita/Documents/apache-airflow-project/.venv/lib/python3.9/site-packages/airflow/example_dags/example_subdag_operator.py
[2023-12-27T12:20:32.995+0545] {processor.py:840} INFO - DAG(s) 'example_subdag_operator.section-1', 'example_subdag_operator.section-2', 'example_subdag_operator' retrieved from /home/sarita/Documents/apache-airflow-project/.venv/lib/python3.9/site-packages/airflow/example_dags/example_subdag_operator.py
[2023-12-27T12:20:33.006+0545] {logging_mixin.py:188} INFO - [2023-12-27T12:20:33.006+0545] {dag.py:3033} INFO - Sync 3 DAGs
[2023-12-27T12:20:33.019+0545] {logging_mixin.py:188} INFO - [2023-12-27T12:20:33.019+0545] {dag.py:3820} INFO - Setting next_dagrun for example_subdag_operator to 2022-01-01T00:00:00+00:00, run_after=2022-01-01T00:00:00+00:00
[2023-12-27T12:20:33.022+0545] {logging_mixin.py:188} INFO - [2023-12-27T12:20:33.022+0545] {dag.py:3820} INFO - Setting next_dagrun for example_subdag_operator.section-1 to None, run_after=None
[2023-12-27T12:20:33.022+0545] {logging_mixin.py:188} INFO - [2023-12-27T12:20:33.022+0545] {dag.py:3820} INFO - Setting next_dagrun for example_subdag_operator.section-2 to None, run_after=None
[2023-12-27T12:20:33.026+0545] {logging_mixin.py:188} INFO - [2023-12-27T12:20:33.026+0545] {dag.py:3033} INFO - Sync 2 DAGs
[2023-12-27T12:20:33.030+0545] {logging_mixin.py:188} INFO - [2023-12-27T12:20:33.030+0545] {dag.py:3820} INFO - Setting next_dagrun for example_subdag_operator.section-1 to None, run_after=None
[2023-12-27T12:20:33.030+0545] {logging_mixin.py:188} INFO - [2023-12-27T12:20:33.030+0545] {dag.py:3820} INFO - Setting next_dagrun for example_subdag_operator.section-2 to None, run_after=None
[2023-12-27T12:20:33.042+0545] {processor.py:183} INFO - Processing /home/sarita/Documents/apache-airflow-project/.venv/lib/python3.9/site-packages/airflow/example_dags/example_subdag_operator.py took 0.063 seconds
[2023-12-27T12:39:13.906+0545] {processor.py:161} INFO - Started process (PID=15345) to work on /home/sarita/Documents/apache-airflow-project/.venv/lib/python3.9/site-packages/airflow/example_dags/example_subdag_operator.py
[2023-12-27T12:39:13.910+0545] {processor.py:830} INFO - Processing file /home/sarita/Documents/apache-airflow-project/.venv/lib/python3.9/site-packages/airflow/example_dags/example_subdag_operator.py for tasks to queue
[2023-12-27T12:39:13.913+0545] {logging_mixin.py:188} INFO - [2023-12-27T12:39:13.912+0545] {dagbag.py:538} INFO - Filling up the DagBag from /home/sarita/Documents/apache-airflow-project/.venv/lib/python3.9/site-packages/airflow/example_dags/example_subdag_operator.py
[2023-12-27T12:39:13.937+0545] {processor.py:840} INFO - DAG(s) 'example_subdag_operator.section-1', 'example_subdag_operator.section-2', 'example_subdag_operator' retrieved from /home/sarita/Documents/apache-airflow-project/.venv/lib/python3.9/site-packages/airflow/example_dags/example_subdag_operator.py
[2023-12-27T12:39:14.027+0545] {logging_mixin.py:188} INFO - [2023-12-27T12:39:14.027+0545] {dag.py:3033} INFO - Sync 3 DAGs
[2023-12-27T12:39:14.042+0545] {logging_mixin.py:188} INFO - [2023-12-27T12:39:14.042+0545] {dag.py:3820} INFO - Setting next_dagrun for example_subdag_operator to 2022-01-01T00:00:00+00:00, run_after=2022-01-01T00:00:00+00:00
[2023-12-27T12:39:14.045+0545] {logging_mixin.py:188} INFO - [2023-12-27T12:39:14.045+0545] {dag.py:3820} INFO - Setting next_dagrun for example_subdag_operator.section-1 to None, run_after=None
[2023-12-27T12:39:14.046+0545] {logging_mixin.py:188} INFO - [2023-12-27T12:39:14.046+0545] {dag.py:3820} INFO - Setting next_dagrun for example_subdag_operator.section-2 to None, run_after=None
[2023-12-27T12:39:14.050+0545] {logging_mixin.py:188} INFO - [2023-12-27T12:39:14.050+0545] {dag.py:3033} INFO - Sync 2 DAGs
[2023-12-27T12:39:14.053+0545] {logging_mixin.py:188} INFO - [2023-12-27T12:39:14.053+0545] {dag.py:3820} INFO - Setting next_dagrun for example_subdag_operator.section-1 to None, run_after=None
[2023-12-27T12:39:14.053+0545] {logging_mixin.py:188} INFO - [2023-12-27T12:39:14.053+0545] {dag.py:3820} INFO - Setting next_dagrun for example_subdag_operator.section-2 to None, run_after=None
[2023-12-27T12:39:14.067+0545] {processor.py:183} INFO - Processing /home/sarita/Documents/apache-airflow-project/.venv/lib/python3.9/site-packages/airflow/example_dags/example_subdag_operator.py took 0.166 seconds
[2023-12-27T12:41:06.452+0545] {processor.py:161} INFO - Started process (PID=15631) to work on /home/sarita/Documents/apache-airflow-project/.venv/lib/python3.9/site-packages/airflow/example_dags/example_subdag_operator.py
[2023-12-27T12:41:06.453+0545] {processor.py:830} INFO - Processing file /home/sarita/Documents/apache-airflow-project/.venv/lib/python3.9/site-packages/airflow/example_dags/example_subdag_operator.py for tasks to queue
[2023-12-27T12:41:06.454+0545] {logging_mixin.py:188} INFO - [2023-12-27T12:41:06.454+0545] {dagbag.py:538} INFO - Filling up the DagBag from /home/sarita/Documents/apache-airflow-project/.venv/lib/python3.9/site-packages/airflow/example_dags/example_subdag_operator.py
[2023-12-27T12:41:06.467+0545] {processor.py:840} INFO - DAG(s) 'example_subdag_operator.section-1', 'example_subdag_operator.section-2', 'example_subdag_operator' retrieved from /home/sarita/Documents/apache-airflow-project/.venv/lib/python3.9/site-packages/airflow/example_dags/example_subdag_operator.py
[2023-12-27T12:41:06.478+0545] {logging_mixin.py:188} INFO - [2023-12-27T12:41:06.478+0545] {dag.py:3033} INFO - Sync 3 DAGs
[2023-12-27T12:41:06.493+0545] {logging_mixin.py:188} INFO - [2023-12-27T12:41:06.493+0545] {dag.py:3820} INFO - Setting next_dagrun for example_subdag_operator to 2022-01-01T00:00:00+00:00, run_after=2022-01-01T00:00:00+00:00
[2023-12-27T12:41:06.495+0545] {logging_mixin.py:188} INFO - [2023-12-27T12:41:06.495+0545] {dag.py:3820} INFO - Setting next_dagrun for example_subdag_operator.section-1 to None, run_after=None
[2023-12-27T12:41:06.496+0545] {logging_mixin.py:188} INFO - [2023-12-27T12:41:06.496+0545] {dag.py:3820} INFO - Setting next_dagrun for example_subdag_operator.section-2 to None, run_after=None
[2023-12-27T12:41:06.500+0545] {logging_mixin.py:188} INFO - [2023-12-27T12:41:06.500+0545] {dag.py:3033} INFO - Sync 2 DAGs
[2023-12-27T12:41:06.503+0545] {logging_mixin.py:188} INFO - [2023-12-27T12:41:06.503+0545] {dag.py:3820} INFO - Setting next_dagrun for example_subdag_operator.section-1 to None, run_after=None
[2023-12-27T12:41:06.504+0545] {logging_mixin.py:188} INFO - [2023-12-27T12:41:06.504+0545] {dag.py:3820} INFO - Setting next_dagrun for example_subdag_operator.section-2 to None, run_after=None
[2023-12-27T12:41:06.516+0545] {processor.py:183} INFO - Processing /home/sarita/Documents/apache-airflow-project/.venv/lib/python3.9/site-packages/airflow/example_dags/example_subdag_operator.py took 0.066 seconds
[2023-12-27T12:42:56.314+0545] {processor.py:161} INFO - Started process (PID=16789) to work on /home/sarita/Documents/apache-airflow-project/.venv/lib/python3.9/site-packages/airflow/example_dags/example_subdag_operator.py
[2023-12-27T12:42:56.315+0545] {processor.py:830} INFO - Processing file /home/sarita/Documents/apache-airflow-project/.venv/lib/python3.9/site-packages/airflow/example_dags/example_subdag_operator.py for tasks to queue
[2023-12-27T12:42:56.316+0545] {logging_mixin.py:188} INFO - [2023-12-27T12:42:56.315+0545] {dagbag.py:538} INFO - Filling up the DagBag from /home/sarita/Documents/apache-airflow-project/.venv/lib/python3.9/site-packages/airflow/example_dags/example_subdag_operator.py
[2023-12-27T12:42:56.330+0545] {processor.py:840} INFO - DAG(s) 'example_subdag_operator.section-1', 'example_subdag_operator.section-2', 'example_subdag_operator' retrieved from /home/sarita/Documents/apache-airflow-project/.venv/lib/python3.9/site-packages/airflow/example_dags/example_subdag_operator.py
[2023-12-27T12:42:56.343+0545] {logging_mixin.py:188} INFO - [2023-12-27T12:42:56.343+0545] {dag.py:3033} INFO - Sync 3 DAGs
[2023-12-27T12:42:56.358+0545] {logging_mixin.py:188} INFO - [2023-12-27T12:42:56.358+0545] {dag.py:3820} INFO - Setting next_dagrun for example_subdag_operator to 2022-01-01T00:00:00+00:00, run_after=2022-01-01T00:00:00+00:00
[2023-12-27T12:42:56.360+0545] {logging_mixin.py:188} INFO - [2023-12-27T12:42:56.360+0545] {dag.py:3820} INFO - Setting next_dagrun for example_subdag_operator.section-1 to None, run_after=None
[2023-12-27T12:42:56.361+0545] {logging_mixin.py:188} INFO - [2023-12-27T12:42:56.361+0545] {dag.py:3820} INFO - Setting next_dagrun for example_subdag_operator.section-2 to None, run_after=None
[2023-12-27T12:42:56.365+0545] {logging_mixin.py:188} INFO - [2023-12-27T12:42:56.365+0545] {dag.py:3033} INFO - Sync 2 DAGs
[2023-12-27T12:42:56.368+0545] {logging_mixin.py:188} INFO - [2023-12-27T12:42:56.368+0545] {dag.py:3820} INFO - Setting next_dagrun for example_subdag_operator.section-1 to None, run_after=None
[2023-12-27T12:42:56.368+0545] {logging_mixin.py:188} INFO - [2023-12-27T12:42:56.368+0545] {dag.py:3820} INFO - Setting next_dagrun for example_subdag_operator.section-2 to None, run_after=None
[2023-12-27T12:42:56.390+0545] {processor.py:183} INFO - Processing /home/sarita/Documents/apache-airflow-project/.venv/lib/python3.9/site-packages/airflow/example_dags/example_subdag_operator.py took 0.077 seconds
[2023-12-27T12:45:41.696+0545] {processor.py:161} INFO - Started process (PID=17063) to work on /home/sarita/Documents/apache-airflow-project/.venv/lib/python3.9/site-packages/airflow/example_dags/example_subdag_operator.py
[2023-12-27T12:45:41.697+0545] {processor.py:830} INFO - Processing file /home/sarita/Documents/apache-airflow-project/.venv/lib/python3.9/site-packages/airflow/example_dags/example_subdag_operator.py for tasks to queue
[2023-12-27T12:45:41.698+0545] {logging_mixin.py:188} INFO - [2023-12-27T12:45:41.697+0545] {dagbag.py:538} INFO - Filling up the DagBag from /home/sarita/Documents/apache-airflow-project/.venv/lib/python3.9/site-packages/airflow/example_dags/example_subdag_operator.py
[2023-12-27T12:45:41.711+0545] {processor.py:840} INFO - DAG(s) 'example_subdag_operator.section-1', 'example_subdag_operator.section-2', 'example_subdag_operator' retrieved from /home/sarita/Documents/apache-airflow-project/.venv/lib/python3.9/site-packages/airflow/example_dags/example_subdag_operator.py
[2023-12-27T12:45:41.797+0545] {logging_mixin.py:188} INFO - [2023-12-27T12:45:41.797+0545] {dag.py:3033} INFO - Sync 3 DAGs
[2023-12-27T12:45:41.811+0545] {logging_mixin.py:188} INFO - [2023-12-27T12:45:41.811+0545] {dag.py:3820} INFO - Setting next_dagrun for example_subdag_operator to 2022-01-01T00:00:00+00:00, run_after=2022-01-01T00:00:00+00:00
[2023-12-27T12:45:41.814+0545] {logging_mixin.py:188} INFO - [2023-12-27T12:45:41.814+0545] {dag.py:3820} INFO - Setting next_dagrun for example_subdag_operator.section-1 to None, run_after=None
[2023-12-27T12:45:41.815+0545] {logging_mixin.py:188} INFO - [2023-12-27T12:45:41.814+0545] {dag.py:3820} INFO - Setting next_dagrun for example_subdag_operator.section-2 to None, run_after=None
[2023-12-27T12:45:41.819+0545] {logging_mixin.py:188} INFO - [2023-12-27T12:45:41.819+0545] {dag.py:3033} INFO - Sync 2 DAGs
[2023-12-27T12:45:41.822+0545] {logging_mixin.py:188} INFO - [2023-12-27T12:45:41.822+0545] {dag.py:3820} INFO - Setting next_dagrun for example_subdag_operator.section-1 to None, run_after=None
[2023-12-27T12:45:41.822+0545] {logging_mixin.py:188} INFO - [2023-12-27T12:45:41.822+0545] {dag.py:3820} INFO - Setting next_dagrun for example_subdag_operator.section-2 to None, run_after=None
[2023-12-27T12:45:41.835+0545] {processor.py:183} INFO - Processing /home/sarita/Documents/apache-airflow-project/.venv/lib/python3.9/site-packages/airflow/example_dags/example_subdag_operator.py took 0.141 seconds
[2023-12-27T12:52:18.882+0545] {processor.py:161} INFO - Started process (PID=17593) to work on /home/sarita/Documents/apache-airflow-project/.venv/lib/python3.9/site-packages/airflow/example_dags/example_subdag_operator.py
[2023-12-27T12:52:18.884+0545] {processor.py:830} INFO - Processing file /home/sarita/Documents/apache-airflow-project/.venv/lib/python3.9/site-packages/airflow/example_dags/example_subdag_operator.py for tasks to queue
[2023-12-27T12:52:18.885+0545] {logging_mixin.py:188} INFO - [2023-12-27T12:52:18.885+0545] {dagbag.py:538} INFO - Filling up the DagBag from /home/sarita/Documents/apache-airflow-project/.venv/lib/python3.9/site-packages/airflow/example_dags/example_subdag_operator.py
[2023-12-27T12:52:18.898+0545] {processor.py:840} INFO - DAG(s) 'example_subdag_operator.section-1', 'example_subdag_operator.section-2', 'example_subdag_operator' retrieved from /home/sarita/Documents/apache-airflow-project/.venv/lib/python3.9/site-packages/airflow/example_dags/example_subdag_operator.py
[2023-12-27T12:52:18.984+0545] {logging_mixin.py:188} INFO - [2023-12-27T12:52:18.984+0545] {dag.py:3033} INFO - Sync 3 DAGs
[2023-12-27T12:52:18.998+0545] {logging_mixin.py:188} INFO - [2023-12-27T12:52:18.998+0545] {dag.py:3820} INFO - Setting next_dagrun for example_subdag_operator to 2022-01-01T00:00:00+00:00, run_after=2022-01-01T00:00:00+00:00
[2023-12-27T12:52:19.001+0545] {logging_mixin.py:188} INFO - [2023-12-27T12:52:19.001+0545] {dag.py:3820} INFO - Setting next_dagrun for example_subdag_operator.section-1 to None, run_after=None
[2023-12-27T12:52:19.001+0545] {logging_mixin.py:188} INFO - [2023-12-27T12:52:19.001+0545] {dag.py:3820} INFO - Setting next_dagrun for example_subdag_operator.section-2 to None, run_after=None
[2023-12-27T12:52:19.005+0545] {logging_mixin.py:188} INFO - [2023-12-27T12:52:19.005+0545] {dag.py:3033} INFO - Sync 2 DAGs
[2023-12-27T12:52:19.008+0545] {logging_mixin.py:188} INFO - [2023-12-27T12:52:19.008+0545] {dag.py:3820} INFO - Setting next_dagrun for example_subdag_operator.section-1 to None, run_after=None
[2023-12-27T12:52:19.009+0545] {logging_mixin.py:188} INFO - [2023-12-27T12:52:19.008+0545] {dag.py:3820} INFO - Setting next_dagrun for example_subdag_operator.section-2 to None, run_after=None
[2023-12-27T12:52:19.022+0545] {processor.py:183} INFO - Processing /home/sarita/Documents/apache-airflow-project/.venv/lib/python3.9/site-packages/airflow/example_dags/example_subdag_operator.py took 0.145 seconds
[2023-12-27T12:53:09.257+0545] {processor.py:161} INFO - Started process (PID=17698) to work on /home/sarita/Documents/apache-airflow-project/.venv/lib/python3.9/site-packages/airflow/example_dags/example_subdag_operator.py
[2023-12-27T12:53:09.259+0545] {processor.py:830} INFO - Processing file /home/sarita/Documents/apache-airflow-project/.venv/lib/python3.9/site-packages/airflow/example_dags/example_subdag_operator.py for tasks to queue
[2023-12-27T12:53:09.260+0545] {logging_mixin.py:188} INFO - [2023-12-27T12:53:09.260+0545] {dagbag.py:538} INFO - Filling up the DagBag from /home/sarita/Documents/apache-airflow-project/.venv/lib/python3.9/site-packages/airflow/example_dags/example_subdag_operator.py
[2023-12-27T12:53:09.274+0545] {processor.py:840} INFO - DAG(s) 'example_subdag_operator.section-1', 'example_subdag_operator.section-2', 'example_subdag_operator' retrieved from /home/sarita/Documents/apache-airflow-project/.venv/lib/python3.9/site-packages/airflow/example_dags/example_subdag_operator.py
[2023-12-27T12:53:09.287+0545] {logging_mixin.py:188} INFO - [2023-12-27T12:53:09.287+0545] {dag.py:3033} INFO - Sync 3 DAGs
[2023-12-27T12:53:09.301+0545] {logging_mixin.py:188} INFO - [2023-12-27T12:53:09.300+0545] {dag.py:3820} INFO - Setting next_dagrun for example_subdag_operator to 2022-01-01T00:00:00+00:00, run_after=2022-01-01T00:00:00+00:00
[2023-12-27T12:53:09.303+0545] {logging_mixin.py:188} INFO - [2023-12-27T12:53:09.303+0545] {dag.py:3820} INFO - Setting next_dagrun for example_subdag_operator.section-1 to None, run_after=None
[2023-12-27T12:53:09.304+0545] {logging_mixin.py:188} INFO - [2023-12-27T12:53:09.304+0545] {dag.py:3820} INFO - Setting next_dagrun for example_subdag_operator.section-2 to None, run_after=None
[2023-12-27T12:53:09.308+0545] {logging_mixin.py:188} INFO - [2023-12-27T12:53:09.308+0545] {dag.py:3033} INFO - Sync 2 DAGs
[2023-12-27T12:53:09.311+0545] {logging_mixin.py:188} INFO - [2023-12-27T12:53:09.311+0545] {dag.py:3820} INFO - Setting next_dagrun for example_subdag_operator.section-1 to None, run_after=None
[2023-12-27T12:53:09.311+0545] {logging_mixin.py:188} INFO - [2023-12-27T12:53:09.311+0545] {dag.py:3820} INFO - Setting next_dagrun for example_subdag_operator.section-2 to None, run_after=None
[2023-12-27T12:53:09.324+0545] {processor.py:183} INFO - Processing /home/sarita/Documents/apache-airflow-project/.venv/lib/python3.9/site-packages/airflow/example_dags/example_subdag_operator.py took 0.068 seconds
[2023-12-27T12:54:38.027+0545] {processor.py:161} INFO - Started process (PID=17864) to work on /home/sarita/Documents/apache-airflow-project/.venv/lib/python3.9/site-packages/airflow/example_dags/example_subdag_operator.py
[2023-12-27T12:54:38.031+0545] {processor.py:830} INFO - Processing file /home/sarita/Documents/apache-airflow-project/.venv/lib/python3.9/site-packages/airflow/example_dags/example_subdag_operator.py for tasks to queue
[2023-12-27T12:54:38.033+0545] {logging_mixin.py:188} INFO - [2023-12-27T12:54:38.032+0545] {dagbag.py:538} INFO - Filling up the DagBag from /home/sarita/Documents/apache-airflow-project/.venv/lib/python3.9/site-packages/airflow/example_dags/example_subdag_operator.py
[2023-12-27T12:54:38.063+0545] {processor.py:840} INFO - DAG(s) 'example_subdag_operator.section-1', 'example_subdag_operator.section-2', 'example_subdag_operator' retrieved from /home/sarita/Documents/apache-airflow-project/.venv/lib/python3.9/site-packages/airflow/example_dags/example_subdag_operator.py
[2023-12-27T12:54:38.161+0545] {logging_mixin.py:188} INFO - [2023-12-27T12:54:38.161+0545] {dag.py:3033} INFO - Sync 3 DAGs
[2023-12-27T12:54:38.183+0545] {logging_mixin.py:188} INFO - [2023-12-27T12:54:38.182+0545] {dag.py:3820} INFO - Setting next_dagrun for example_subdag_operator to 2022-01-01T00:00:00+00:00, run_after=2022-01-01T00:00:00+00:00
[2023-12-27T12:54:38.187+0545] {logging_mixin.py:188} INFO - [2023-12-27T12:54:38.186+0545] {dag.py:3820} INFO - Setting next_dagrun for example_subdag_operator.section-1 to None, run_after=None
[2023-12-27T12:54:38.188+0545] {logging_mixin.py:188} INFO - [2023-12-27T12:54:38.188+0545] {dag.py:3820} INFO - Setting next_dagrun for example_subdag_operator.section-2 to None, run_after=None
[2023-12-27T12:54:38.195+0545] {logging_mixin.py:188} INFO - [2023-12-27T12:54:38.194+0545] {dag.py:3033} INFO - Sync 2 DAGs
[2023-12-27T12:54:38.200+0545] {logging_mixin.py:188} INFO - [2023-12-27T12:54:38.199+0545] {dag.py:3820} INFO - Setting next_dagrun for example_subdag_operator.section-1 to None, run_after=None
[2023-12-27T12:54:38.200+0545] {logging_mixin.py:188} INFO - [2023-12-27T12:54:38.200+0545] {dag.py:3820} INFO - Setting next_dagrun for example_subdag_operator.section-2 to None, run_after=None
[2023-12-27T12:54:38.222+0545] {processor.py:183} INFO - Processing /home/sarita/Documents/apache-airflow-project/.venv/lib/python3.9/site-packages/airflow/example_dags/example_subdag_operator.py took 0.203 seconds
[2023-12-27T12:57:55.433+0545] {processor.py:161} INFO - Started process (PID=18052) to work on /home/sarita/Documents/apache-airflow-project/.venv/lib/python3.9/site-packages/airflow/example_dags/example_subdag_operator.py
[2023-12-27T12:57:55.436+0545] {processor.py:830} INFO - Processing file /home/sarita/Documents/apache-airflow-project/.venv/lib/python3.9/site-packages/airflow/example_dags/example_subdag_operator.py for tasks to queue
[2023-12-27T12:57:55.437+0545] {logging_mixin.py:188} INFO - [2023-12-27T12:57:55.437+0545] {dagbag.py:538} INFO - Filling up the DagBag from /home/sarita/Documents/apache-airflow-project/.venv/lib/python3.9/site-packages/airflow/example_dags/example_subdag_operator.py
[2023-12-27T12:57:55.458+0545] {processor.py:840} INFO - DAG(s) 'example_subdag_operator.section-1', 'example_subdag_operator.section-2', 'example_subdag_operator' retrieved from /home/sarita/Documents/apache-airflow-project/.venv/lib/python3.9/site-packages/airflow/example_dags/example_subdag_operator.py
[2023-12-27T12:57:55.544+0545] {logging_mixin.py:188} INFO - [2023-12-27T12:57:55.544+0545] {dag.py:3033} INFO - Sync 3 DAGs
[2023-12-27T12:57:55.558+0545] {logging_mixin.py:188} INFO - [2023-12-27T12:57:55.558+0545] {dag.py:3820} INFO - Setting next_dagrun for example_subdag_operator to 2022-01-01T00:00:00+00:00, run_after=2022-01-01T00:00:00+00:00
[2023-12-27T12:57:55.560+0545] {logging_mixin.py:188} INFO - [2023-12-27T12:57:55.560+0545] {dag.py:3820} INFO - Setting next_dagrun for example_subdag_operator.section-1 to None, run_after=None
[2023-12-27T12:57:55.561+0545] {logging_mixin.py:188} INFO - [2023-12-27T12:57:55.561+0545] {dag.py:3820} INFO - Setting next_dagrun for example_subdag_operator.section-2 to None, run_after=None
[2023-12-27T12:57:55.565+0545] {logging_mixin.py:188} INFO - [2023-12-27T12:57:55.565+0545] {dag.py:3033} INFO - Sync 2 DAGs
[2023-12-27T12:57:55.568+0545] {logging_mixin.py:188} INFO - [2023-12-27T12:57:55.568+0545] {dag.py:3820} INFO - Setting next_dagrun for example_subdag_operator.section-1 to None, run_after=None
[2023-12-27T12:57:55.568+0545] {logging_mixin.py:188} INFO - [2023-12-27T12:57:55.568+0545] {dag.py:3820} INFO - Setting next_dagrun for example_subdag_operator.section-2 to None, run_after=None
[2023-12-27T12:57:55.581+0545] {processor.py:183} INFO - Processing /home/sarita/Documents/apache-airflow-project/.venv/lib/python3.9/site-packages/airflow/example_dags/example_subdag_operator.py took 0.152 seconds
[2023-12-27T16:15:44.250+0545] {processor.py:161} INFO - Started process (PID=24788) to work on /home/sarita/Documents/apache-airflow-project/.venv/lib/python3.9/site-packages/airflow/example_dags/example_subdag_operator.py
[2023-12-27T16:15:44.253+0545] {processor.py:830} INFO - Processing file /home/sarita/Documents/apache-airflow-project/.venv/lib/python3.9/site-packages/airflow/example_dags/example_subdag_operator.py for tasks to queue
[2023-12-27T16:15:44.255+0545] {logging_mixin.py:188} INFO - [2023-12-27T16:15:44.254+0545] {dagbag.py:538} INFO - Filling up the DagBag from /home/sarita/Documents/apache-airflow-project/.venv/lib/python3.9/site-packages/airflow/example_dags/example_subdag_operator.py
[2023-12-27T16:15:44.281+0545] {processor.py:840} INFO - DAG(s) 'example_subdag_operator.section-1', 'example_subdag_operator.section-2', 'example_subdag_operator' retrieved from /home/sarita/Documents/apache-airflow-project/.venv/lib/python3.9/site-packages/airflow/example_dags/example_subdag_operator.py
[2023-12-27T16:15:44.370+0545] {logging_mixin.py:188} INFO - [2023-12-27T16:15:44.369+0545] {dag.py:3033} INFO - Sync 3 DAGs
[2023-12-27T16:15:44.386+0545] {logging_mixin.py:188} INFO - [2023-12-27T16:15:44.386+0545] {dag.py:3820} INFO - Setting next_dagrun for example_subdag_operator to 2022-01-01T00:00:00+00:00, run_after=2022-01-01T00:00:00+00:00
[2023-12-27T16:15:44.388+0545] {logging_mixin.py:188} INFO - [2023-12-27T16:15:44.388+0545] {dag.py:3820} INFO - Setting next_dagrun for example_subdag_operator.section-1 to None, run_after=None
[2023-12-27T16:15:44.389+0545] {logging_mixin.py:188} INFO - [2023-12-27T16:15:44.389+0545] {dag.py:3820} INFO - Setting next_dagrun for example_subdag_operator.section-2 to None, run_after=None
[2023-12-27T16:15:44.397+0545] {logging_mixin.py:188} INFO - [2023-12-27T16:15:44.397+0545] {dag.py:3033} INFO - Sync 2 DAGs
[2023-12-27T16:15:44.401+0545] {logging_mixin.py:188} INFO - [2023-12-27T16:15:44.401+0545] {dag.py:3820} INFO - Setting next_dagrun for example_subdag_operator.section-1 to None, run_after=None
[2023-12-27T16:15:44.401+0545] {logging_mixin.py:188} INFO - [2023-12-27T16:15:44.401+0545] {dag.py:3820} INFO - Setting next_dagrun for example_subdag_operator.section-2 to None, run_after=None
[2023-12-27T16:15:44.415+0545] {processor.py:183} INFO - Processing /home/sarita/Documents/apache-airflow-project/.venv/lib/python3.9/site-packages/airflow/example_dags/example_subdag_operator.py took 0.170 seconds
