[2023-12-27T09:37:08.034+0545] {processor.py:161} INFO - Started process (PID=6937) to work on /home/sarita/Documents/apache-airflow-project/.venv/lib/python3.9/site-packages/airflow/example_dags/example_branch_labels.py
[2023-12-27T09:37:08.035+0545] {processor.py:830} INFO - Processing file /home/sarita/Documents/apache-airflow-project/.venv/lib/python3.9/site-packages/airflow/example_dags/example_branch_labels.py for tasks to queue
[2023-12-27T09:37:08.038+0545] {logging_mixin.py:188} INFO - [2023-12-27T09:37:08.037+0545] {dagbag.py:538} INFO - Filling up the DagBag from /home/sarita/Documents/apache-airflow-project/.venv/lib/python3.9/site-packages/airflow/example_dags/example_branch_labels.py
[2023-12-27T09:37:08.054+0545] {processor.py:840} INFO - DAG(s) 'example_branch_labels' retrieved from /home/sarita/Documents/apache-airflow-project/.venv/lib/python3.9/site-packages/airflow/example_dags/example_branch_labels.py
[2023-12-27T09:37:08.073+0545] {logging_mixin.py:188} INFO - [2023-12-27T09:37:08.073+0545] {dag.py:3033} INFO - Sync 1 DAGs
[2023-12-27T09:37:08.089+0545] {logging_mixin.py:188} INFO - [2023-12-27T09:37:08.089+0545] {dag.py:3820} INFO - Setting next_dagrun for example_branch_labels to 2023-12-26T00:00:00+00:00, run_after=2023-12-27T00:00:00+00:00
[2023-12-27T09:37:08.117+0545] {processor.py:183} INFO - Processing /home/sarita/Documents/apache-airflow-project/.venv/lib/python3.9/site-packages/airflow/example_dags/example_branch_labels.py took 0.090 seconds
[2023-12-27T09:38:01.292+0545] {processor.py:161} INFO - Started process (PID=7000) to work on /home/sarita/Documents/apache-airflow-project/.venv/lib/python3.9/site-packages/airflow/example_dags/example_branch_labels.py
[2023-12-27T09:38:01.294+0545] {processor.py:830} INFO - Processing file /home/sarita/Documents/apache-airflow-project/.venv/lib/python3.9/site-packages/airflow/example_dags/example_branch_labels.py for tasks to queue
[2023-12-27T09:38:01.295+0545] {logging_mixin.py:188} INFO - [2023-12-27T09:38:01.294+0545] {dagbag.py:538} INFO - Filling up the DagBag from /home/sarita/Documents/apache-airflow-project/.venv/lib/python3.9/site-packages/airflow/example_dags/example_branch_labels.py
[2023-12-27T09:38:01.301+0545] {processor.py:840} INFO - DAG(s) 'example_branch_labels' retrieved from /home/sarita/Documents/apache-airflow-project/.venv/lib/python3.9/site-packages/airflow/example_dags/example_branch_labels.py
[2023-12-27T09:38:01.314+0545] {logging_mixin.py:188} INFO - [2023-12-27T09:38:01.314+0545] {dag.py:3033} INFO - Sync 1 DAGs
[2023-12-27T09:38:01.333+0545] {logging_mixin.py:188} INFO - [2023-12-27T09:38:01.332+0545] {dag.py:3820} INFO - Setting next_dagrun for example_branch_labels to 2023-12-26T00:00:00+00:00, run_after=2023-12-27T00:00:00+00:00
[2023-12-27T09:38:01.351+0545] {processor.py:183} INFO - Processing /home/sarita/Documents/apache-airflow-project/.venv/lib/python3.9/site-packages/airflow/example_dags/example_branch_labels.py took 0.061 seconds
[2023-12-27T09:38:50.146+0545] {processor.py:161} INFO - Started process (PID=7113) to work on /home/sarita/Documents/apache-airflow-project/.venv/lib/python3.9/site-packages/airflow/example_dags/example_branch_labels.py
[2023-12-27T09:38:50.149+0545] {processor.py:830} INFO - Processing file /home/sarita/Documents/apache-airflow-project/.venv/lib/python3.9/site-packages/airflow/example_dags/example_branch_labels.py for tasks to queue
[2023-12-27T09:38:50.152+0545] {logging_mixin.py:188} INFO - [2023-12-27T09:38:50.151+0545] {dagbag.py:538} INFO - Filling up the DagBag from /home/sarita/Documents/apache-airflow-project/.venv/lib/python3.9/site-packages/airflow/example_dags/example_branch_labels.py
[2023-12-27T09:38:50.167+0545] {processor.py:840} INFO - DAG(s) 'example_branch_labels' retrieved from /home/sarita/Documents/apache-airflow-project/.venv/lib/python3.9/site-packages/airflow/example_dags/example_branch_labels.py
[2023-12-27T09:38:50.183+0545] {logging_mixin.py:188} INFO - [2023-12-27T09:38:50.183+0545] {dag.py:3033} INFO - Sync 1 DAGs
[2023-12-27T09:38:50.199+0545] {logging_mixin.py:188} INFO - [2023-12-27T09:38:50.199+0545] {dag.py:3820} INFO - Setting next_dagrun for example_branch_labels to 2023-12-26T00:00:00+00:00, run_after=2023-12-27T00:00:00+00:00
[2023-12-27T09:38:50.216+0545] {processor.py:183} INFO - Processing /home/sarita/Documents/apache-airflow-project/.venv/lib/python3.9/site-packages/airflow/example_dags/example_branch_labels.py took 0.078 seconds
[2023-12-27T09:39:45.407+0545] {processor.py:161} INFO - Started process (PID=7176) to work on /home/sarita/Documents/apache-airflow-project/.venv/lib/python3.9/site-packages/airflow/example_dags/example_branch_labels.py
[2023-12-27T09:39:45.410+0545] {processor.py:830} INFO - Processing file /home/sarita/Documents/apache-airflow-project/.venv/lib/python3.9/site-packages/airflow/example_dags/example_branch_labels.py for tasks to queue
[2023-12-27T09:39:45.412+0545] {logging_mixin.py:188} INFO - [2023-12-27T09:39:45.411+0545] {dagbag.py:538} INFO - Filling up the DagBag from /home/sarita/Documents/apache-airflow-project/.venv/lib/python3.9/site-packages/airflow/example_dags/example_branch_labels.py
[2023-12-27T09:39:45.434+0545] {processor.py:840} INFO - DAG(s) 'example_branch_labels' retrieved from /home/sarita/Documents/apache-airflow-project/.venv/lib/python3.9/site-packages/airflow/example_dags/example_branch_labels.py
[2023-12-27T09:39:45.452+0545] {logging_mixin.py:188} INFO - [2023-12-27T09:39:45.452+0545] {dag.py:3033} INFO - Sync 1 DAGs
[2023-12-27T09:39:45.469+0545] {logging_mixin.py:188} INFO - [2023-12-27T09:39:45.469+0545] {dag.py:3820} INFO - Setting next_dagrun for example_branch_labels to 2023-12-26T00:00:00+00:00, run_after=2023-12-27T00:00:00+00:00
[2023-12-27T09:39:45.491+0545] {processor.py:183} INFO - Processing /home/sarita/Documents/apache-airflow-project/.venv/lib/python3.9/site-packages/airflow/example_dags/example_branch_labels.py took 0.086 seconds
[2023-12-27T09:40:41.198+0545] {processor.py:161} INFO - Started process (PID=7303) to work on /home/sarita/Documents/apache-airflow-project/.venv/lib/python3.9/site-packages/airflow/example_dags/example_branch_labels.py
[2023-12-27T09:40:41.200+0545] {processor.py:830} INFO - Processing file /home/sarita/Documents/apache-airflow-project/.venv/lib/python3.9/site-packages/airflow/example_dags/example_branch_labels.py for tasks to queue
[2023-12-27T09:40:41.201+0545] {logging_mixin.py:188} INFO - [2023-12-27T09:40:41.200+0545] {dagbag.py:538} INFO - Filling up the DagBag from /home/sarita/Documents/apache-airflow-project/.venv/lib/python3.9/site-packages/airflow/example_dags/example_branch_labels.py
[2023-12-27T09:40:41.206+0545] {processor.py:840} INFO - DAG(s) 'example_branch_labels' retrieved from /home/sarita/Documents/apache-airflow-project/.venv/lib/python3.9/site-packages/airflow/example_dags/example_branch_labels.py
[2023-12-27T09:40:41.218+0545] {logging_mixin.py:188} INFO - [2023-12-27T09:40:41.218+0545] {dag.py:3033} INFO - Sync 1 DAGs
[2023-12-27T09:40:41.238+0545] {logging_mixin.py:188} INFO - [2023-12-27T09:40:41.238+0545] {dag.py:3820} INFO - Setting next_dagrun for example_branch_labels to 2023-12-26T00:00:00+00:00, run_after=2023-12-27T00:00:00+00:00
[2023-12-27T09:40:41.260+0545] {processor.py:183} INFO - Processing /home/sarita/Documents/apache-airflow-project/.venv/lib/python3.9/site-packages/airflow/example_dags/example_branch_labels.py took 0.064 seconds
[2023-12-27T09:41:34.649+0545] {processor.py:161} INFO - Started process (PID=7548) to work on /home/sarita/Documents/apache-airflow-project/.venv/lib/python3.9/site-packages/airflow/example_dags/example_branch_labels.py
[2023-12-27T09:41:34.651+0545] {processor.py:830} INFO - Processing file /home/sarita/Documents/apache-airflow-project/.venv/lib/python3.9/site-packages/airflow/example_dags/example_branch_labels.py for tasks to queue
[2023-12-27T09:41:34.652+0545] {logging_mixin.py:188} INFO - [2023-12-27T09:41:34.652+0545] {dagbag.py:538} INFO - Filling up the DagBag from /home/sarita/Documents/apache-airflow-project/.venv/lib/python3.9/site-packages/airflow/example_dags/example_branch_labels.py
[2023-12-27T09:41:34.659+0545] {processor.py:840} INFO - DAG(s) 'example_branch_labels' retrieved from /home/sarita/Documents/apache-airflow-project/.venv/lib/python3.9/site-packages/airflow/example_dags/example_branch_labels.py
[2023-12-27T09:41:34.671+0545] {logging_mixin.py:188} INFO - [2023-12-27T09:41:34.671+0545] {dag.py:3033} INFO - Sync 1 DAGs
[2023-12-27T09:41:34.687+0545] {logging_mixin.py:188} INFO - [2023-12-27T09:41:34.687+0545] {dag.py:3820} INFO - Setting next_dagrun for example_branch_labels to 2023-12-26T00:00:00+00:00, run_after=2023-12-27T00:00:00+00:00
[2023-12-27T09:41:34.703+0545] {processor.py:183} INFO - Processing /home/sarita/Documents/apache-airflow-project/.venv/lib/python3.9/site-packages/airflow/example_dags/example_branch_labels.py took 0.056 seconds
[2023-12-27T09:42:32.202+0545] {processor.py:161} INFO - Started process (PID=7791) to work on /home/sarita/Documents/apache-airflow-project/.venv/lib/python3.9/site-packages/airflow/example_dags/example_branch_labels.py
[2023-12-27T09:42:32.203+0545] {processor.py:830} INFO - Processing file /home/sarita/Documents/apache-airflow-project/.venv/lib/python3.9/site-packages/airflow/example_dags/example_branch_labels.py for tasks to queue
[2023-12-27T09:42:32.204+0545] {logging_mixin.py:188} INFO - [2023-12-27T09:42:32.203+0545] {dagbag.py:538} INFO - Filling up the DagBag from /home/sarita/Documents/apache-airflow-project/.venv/lib/python3.9/site-packages/airflow/example_dags/example_branch_labels.py
[2023-12-27T09:42:32.212+0545] {processor.py:840} INFO - DAG(s) 'example_branch_labels' retrieved from /home/sarita/Documents/apache-airflow-project/.venv/lib/python3.9/site-packages/airflow/example_dags/example_branch_labels.py
[2023-12-27T09:42:32.226+0545] {logging_mixin.py:188} INFO - [2023-12-27T09:42:32.226+0545] {dag.py:3033} INFO - Sync 1 DAGs
[2023-12-27T09:42:32.244+0545] {logging_mixin.py:188} INFO - [2023-12-27T09:42:32.244+0545] {dag.py:3820} INFO - Setting next_dagrun for example_branch_labels to 2023-12-26T00:00:00+00:00, run_after=2023-12-27T00:00:00+00:00
[2023-12-27T09:42:32.264+0545] {processor.py:183} INFO - Processing /home/sarita/Documents/apache-airflow-project/.venv/lib/python3.9/site-packages/airflow/example_dags/example_branch_labels.py took 0.065 seconds
[2023-12-27T09:43:23.008+0545] {processor.py:161} INFO - Started process (PID=7872) to work on /home/sarita/Documents/apache-airflow-project/.venv/lib/python3.9/site-packages/airflow/example_dags/example_branch_labels.py
[2023-12-27T09:43:23.011+0545] {processor.py:830} INFO - Processing file /home/sarita/Documents/apache-airflow-project/.venv/lib/python3.9/site-packages/airflow/example_dags/example_branch_labels.py for tasks to queue
[2023-12-27T09:43:23.014+0545] {logging_mixin.py:188} INFO - [2023-12-27T09:43:23.013+0545] {dagbag.py:538} INFO - Filling up the DagBag from /home/sarita/Documents/apache-airflow-project/.venv/lib/python3.9/site-packages/airflow/example_dags/example_branch_labels.py
[2023-12-27T09:43:23.029+0545] {processor.py:840} INFO - DAG(s) 'example_branch_labels' retrieved from /home/sarita/Documents/apache-airflow-project/.venv/lib/python3.9/site-packages/airflow/example_dags/example_branch_labels.py
[2023-12-27T09:43:23.046+0545] {logging_mixin.py:188} INFO - [2023-12-27T09:43:23.045+0545] {dag.py:3033} INFO - Sync 1 DAGs
[2023-12-27T09:43:23.063+0545] {logging_mixin.py:188} INFO - [2023-12-27T09:43:23.063+0545] {dag.py:3820} INFO - Setting next_dagrun for example_branch_labels to 2023-12-26T00:00:00+00:00, run_after=2023-12-27T00:00:00+00:00
[2023-12-27T09:43:23.081+0545] {processor.py:183} INFO - Processing /home/sarita/Documents/apache-airflow-project/.venv/lib/python3.9/site-packages/airflow/example_dags/example_branch_labels.py took 0.081 seconds
[2023-12-27T09:44:20.092+0545] {processor.py:161} INFO - Started process (PID=7945) to work on /home/sarita/Documents/apache-airflow-project/.venv/lib/python3.9/site-packages/airflow/example_dags/example_branch_labels.py
[2023-12-27T09:44:20.093+0545] {processor.py:830} INFO - Processing file /home/sarita/Documents/apache-airflow-project/.venv/lib/python3.9/site-packages/airflow/example_dags/example_branch_labels.py for tasks to queue
[2023-12-27T09:44:20.095+0545] {logging_mixin.py:188} INFO - [2023-12-27T09:44:20.094+0545] {dagbag.py:538} INFO - Filling up the DagBag from /home/sarita/Documents/apache-airflow-project/.venv/lib/python3.9/site-packages/airflow/example_dags/example_branch_labels.py
[2023-12-27T09:44:20.108+0545] {processor.py:840} INFO - DAG(s) 'example_branch_labels' retrieved from /home/sarita/Documents/apache-airflow-project/.venv/lib/python3.9/site-packages/airflow/example_dags/example_branch_labels.py
[2023-12-27T09:44:20.125+0545] {logging_mixin.py:188} INFO - [2023-12-27T09:44:20.124+0545] {dag.py:3033} INFO - Sync 1 DAGs
[2023-12-27T09:44:20.143+0545] {logging_mixin.py:188} INFO - [2023-12-27T09:44:20.143+0545] {dag.py:3820} INFO - Setting next_dagrun for example_branch_labels to 2023-12-26T00:00:00+00:00, run_after=2023-12-27T00:00:00+00:00
[2023-12-27T09:44:20.160+0545] {processor.py:183} INFO - Processing /home/sarita/Documents/apache-airflow-project/.venv/lib/python3.9/site-packages/airflow/example_dags/example_branch_labels.py took 0.073 seconds
[2023-12-27T09:45:14.022+0545] {processor.py:161} INFO - Started process (PID=8022) to work on /home/sarita/Documents/apache-airflow-project/.venv/lib/python3.9/site-packages/airflow/example_dags/example_branch_labels.py
[2023-12-27T09:45:14.025+0545] {processor.py:830} INFO - Processing file /home/sarita/Documents/apache-airflow-project/.venv/lib/python3.9/site-packages/airflow/example_dags/example_branch_labels.py for tasks to queue
[2023-12-27T09:45:14.026+0545] {logging_mixin.py:188} INFO - [2023-12-27T09:45:14.025+0545] {dagbag.py:538} INFO - Filling up the DagBag from /home/sarita/Documents/apache-airflow-project/.venv/lib/python3.9/site-packages/airflow/example_dags/example_branch_labels.py
[2023-12-27T09:45:14.035+0545] {processor.py:840} INFO - DAG(s) 'example_branch_labels' retrieved from /home/sarita/Documents/apache-airflow-project/.venv/lib/python3.9/site-packages/airflow/example_dags/example_branch_labels.py
[2023-12-27T09:45:14.047+0545] {logging_mixin.py:188} INFO - [2023-12-27T09:45:14.047+0545] {dag.py:3033} INFO - Sync 1 DAGs
[2023-12-27T09:45:14.064+0545] {logging_mixin.py:188} INFO - [2023-12-27T09:45:14.064+0545] {dag.py:3820} INFO - Setting next_dagrun for example_branch_labels to 2023-12-26T00:00:00+00:00, run_after=2023-12-27T00:00:00+00:00
[2023-12-27T09:45:14.083+0545] {processor.py:183} INFO - Processing /home/sarita/Documents/apache-airflow-project/.venv/lib/python3.9/site-packages/airflow/example_dags/example_branch_labels.py took 0.064 seconds
[2023-12-27T09:46:08.491+0545] {processor.py:161} INFO - Started process (PID=8481) to work on /home/sarita/Documents/apache-airflow-project/.venv/lib/python3.9/site-packages/airflow/example_dags/example_branch_labels.py
[2023-12-27T09:46:08.499+0545] {processor.py:830} INFO - Processing file /home/sarita/Documents/apache-airflow-project/.venv/lib/python3.9/site-packages/airflow/example_dags/example_branch_labels.py for tasks to queue
[2023-12-27T09:46:08.500+0545] {logging_mixin.py:188} INFO - [2023-12-27T09:46:08.499+0545] {dagbag.py:538} INFO - Filling up the DagBag from /home/sarita/Documents/apache-airflow-project/.venv/lib/python3.9/site-packages/airflow/example_dags/example_branch_labels.py
[2023-12-27T09:46:08.505+0545] {processor.py:840} INFO - DAG(s) 'example_branch_labels' retrieved from /home/sarita/Documents/apache-airflow-project/.venv/lib/python3.9/site-packages/airflow/example_dags/example_branch_labels.py
[2023-12-27T09:46:08.519+0545] {logging_mixin.py:188} INFO - [2023-12-27T09:46:08.518+0545] {dag.py:3033} INFO - Sync 1 DAGs
[2023-12-27T09:46:08.537+0545] {logging_mixin.py:188} INFO - [2023-12-27T09:46:08.536+0545] {dag.py:3820} INFO - Setting next_dagrun for example_branch_labels to 2023-12-26T00:00:00+00:00, run_after=2023-12-27T00:00:00+00:00
[2023-12-27T09:46:08.555+0545] {processor.py:183} INFO - Processing /home/sarita/Documents/apache-airflow-project/.venv/lib/python3.9/site-packages/airflow/example_dags/example_branch_labels.py took 0.066 seconds
[2023-12-27T09:47:03.835+0545] {processor.py:161} INFO - Started process (PID=8536) to work on /home/sarita/Documents/apache-airflow-project/.venv/lib/python3.9/site-packages/airflow/example_dags/example_branch_labels.py
[2023-12-27T09:47:03.837+0545] {processor.py:830} INFO - Processing file /home/sarita/Documents/apache-airflow-project/.venv/lib/python3.9/site-packages/airflow/example_dags/example_branch_labels.py for tasks to queue
[2023-12-27T09:47:03.838+0545] {logging_mixin.py:188} INFO - [2023-12-27T09:47:03.837+0545] {dagbag.py:538} INFO - Filling up the DagBag from /home/sarita/Documents/apache-airflow-project/.venv/lib/python3.9/site-packages/airflow/example_dags/example_branch_labels.py
[2023-12-27T09:47:03.848+0545] {processor.py:840} INFO - DAG(s) 'example_branch_labels' retrieved from /home/sarita/Documents/apache-airflow-project/.venv/lib/python3.9/site-packages/airflow/example_dags/example_branch_labels.py
[2023-12-27T09:47:03.864+0545] {logging_mixin.py:188} INFO - [2023-12-27T09:47:03.864+0545] {dag.py:3033} INFO - Sync 1 DAGs
[2023-12-27T09:47:03.880+0545] {logging_mixin.py:188} INFO - [2023-12-27T09:47:03.880+0545] {dag.py:3820} INFO - Setting next_dagrun for example_branch_labels to 2023-12-26T00:00:00+00:00, run_after=2023-12-27T00:00:00+00:00
[2023-12-27T09:47:03.897+0545] {processor.py:183} INFO - Processing /home/sarita/Documents/apache-airflow-project/.venv/lib/python3.9/site-packages/airflow/example_dags/example_branch_labels.py took 0.067 seconds
[2023-12-27T09:48:02.286+0545] {processor.py:161} INFO - Started process (PID=8619) to work on /home/sarita/Documents/apache-airflow-project/.venv/lib/python3.9/site-packages/airflow/example_dags/example_branch_labels.py
[2023-12-27T09:48:02.288+0545] {processor.py:830} INFO - Processing file /home/sarita/Documents/apache-airflow-project/.venv/lib/python3.9/site-packages/airflow/example_dags/example_branch_labels.py for tasks to queue
[2023-12-27T09:48:02.289+0545] {logging_mixin.py:188} INFO - [2023-12-27T09:48:02.288+0545] {dagbag.py:538} INFO - Filling up the DagBag from /home/sarita/Documents/apache-airflow-project/.venv/lib/python3.9/site-packages/airflow/example_dags/example_branch_labels.py
[2023-12-27T09:48:02.296+0545] {processor.py:840} INFO - DAG(s) 'example_branch_labels' retrieved from /home/sarita/Documents/apache-airflow-project/.venv/lib/python3.9/site-packages/airflow/example_dags/example_branch_labels.py
[2023-12-27T09:48:02.310+0545] {logging_mixin.py:188} INFO - [2023-12-27T09:48:02.310+0545] {dag.py:3033} INFO - Sync 1 DAGs
[2023-12-27T09:48:02.328+0545] {logging_mixin.py:188} INFO - [2023-12-27T09:48:02.328+0545] {dag.py:3820} INFO - Setting next_dagrun for example_branch_labels to 2023-12-26T00:00:00+00:00, run_after=2023-12-27T00:00:00+00:00
[2023-12-27T09:48:02.348+0545] {processor.py:183} INFO - Processing /home/sarita/Documents/apache-airflow-project/.venv/lib/python3.9/site-packages/airflow/example_dags/example_branch_labels.py took 0.064 seconds
[2023-12-27T09:48:58.923+0545] {processor.py:161} INFO - Started process (PID=8681) to work on /home/sarita/Documents/apache-airflow-project/.venv/lib/python3.9/site-packages/airflow/example_dags/example_branch_labels.py
[2023-12-27T09:48:58.926+0545] {processor.py:830} INFO - Processing file /home/sarita/Documents/apache-airflow-project/.venv/lib/python3.9/site-packages/airflow/example_dags/example_branch_labels.py for tasks to queue
[2023-12-27T09:48:58.929+0545] {logging_mixin.py:188} INFO - [2023-12-27T09:48:58.928+0545] {dagbag.py:538} INFO - Filling up the DagBag from /home/sarita/Documents/apache-airflow-project/.venv/lib/python3.9/site-packages/airflow/example_dags/example_branch_labels.py
[2023-12-27T09:48:58.945+0545] {processor.py:840} INFO - DAG(s) 'example_branch_labels' retrieved from /home/sarita/Documents/apache-airflow-project/.venv/lib/python3.9/site-packages/airflow/example_dags/example_branch_labels.py
[2023-12-27T09:48:58.961+0545] {logging_mixin.py:188} INFO - [2023-12-27T09:48:58.961+0545] {dag.py:3033} INFO - Sync 1 DAGs
[2023-12-27T09:48:58.978+0545] {logging_mixin.py:188} INFO - [2023-12-27T09:48:58.978+0545] {dag.py:3820} INFO - Setting next_dagrun for example_branch_labels to 2023-12-26T00:00:00+00:00, run_after=2023-12-27T00:00:00+00:00
[2023-12-27T09:48:58.995+0545] {processor.py:183} INFO - Processing /home/sarita/Documents/apache-airflow-project/.venv/lib/python3.9/site-packages/airflow/example_dags/example_branch_labels.py took 0.080 seconds
[2023-12-27T09:49:54.035+0545] {processor.py:161} INFO - Started process (PID=8740) to work on /home/sarita/Documents/apache-airflow-project/.venv/lib/python3.9/site-packages/airflow/example_dags/example_branch_labels.py
[2023-12-27T09:49:54.038+0545] {processor.py:830} INFO - Processing file /home/sarita/Documents/apache-airflow-project/.venv/lib/python3.9/site-packages/airflow/example_dags/example_branch_labels.py for tasks to queue
[2023-12-27T09:49:54.040+0545] {logging_mixin.py:188} INFO - [2023-12-27T09:49:54.039+0545] {dagbag.py:538} INFO - Filling up the DagBag from /home/sarita/Documents/apache-airflow-project/.venv/lib/python3.9/site-packages/airflow/example_dags/example_branch_labels.py
[2023-12-27T09:49:54.054+0545] {processor.py:840} INFO - DAG(s) 'example_branch_labels' retrieved from /home/sarita/Documents/apache-airflow-project/.venv/lib/python3.9/site-packages/airflow/example_dags/example_branch_labels.py
[2023-12-27T09:49:54.070+0545] {logging_mixin.py:188} INFO - [2023-12-27T09:49:54.070+0545] {dag.py:3033} INFO - Sync 1 DAGs
[2023-12-27T09:49:54.087+0545] {logging_mixin.py:188} INFO - [2023-12-27T09:49:54.087+0545] {dag.py:3820} INFO - Setting next_dagrun for example_branch_labels to 2023-12-26T00:00:00+00:00, run_after=2023-12-27T00:00:00+00:00
[2023-12-27T09:49:54.104+0545] {processor.py:183} INFO - Processing /home/sarita/Documents/apache-airflow-project/.venv/lib/python3.9/site-packages/airflow/example_dags/example_branch_labels.py took 0.075 seconds
[2023-12-27T09:50:52.309+0545] {processor.py:161} INFO - Started process (PID=8840) to work on /home/sarita/Documents/apache-airflow-project/.venv/lib/python3.9/site-packages/airflow/example_dags/example_branch_labels.py
[2023-12-27T09:50:52.310+0545] {processor.py:830} INFO - Processing file /home/sarita/Documents/apache-airflow-project/.venv/lib/python3.9/site-packages/airflow/example_dags/example_branch_labels.py for tasks to queue
[2023-12-27T09:50:52.311+0545] {logging_mixin.py:188} INFO - [2023-12-27T09:50:52.310+0545] {dagbag.py:538} INFO - Filling up the DagBag from /home/sarita/Documents/apache-airflow-project/.venv/lib/python3.9/site-packages/airflow/example_dags/example_branch_labels.py
[2023-12-27T09:50:52.319+0545] {processor.py:840} INFO - DAG(s) 'example_branch_labels' retrieved from /home/sarita/Documents/apache-airflow-project/.venv/lib/python3.9/site-packages/airflow/example_dags/example_branch_labels.py
[2023-12-27T09:50:52.335+0545] {logging_mixin.py:188} INFO - [2023-12-27T09:50:52.335+0545] {dag.py:3033} INFO - Sync 1 DAGs
[2023-12-27T09:50:52.353+0545] {logging_mixin.py:188} INFO - [2023-12-27T09:50:52.353+0545] {dag.py:3820} INFO - Setting next_dagrun for example_branch_labels to 2023-12-26T00:00:00+00:00, run_after=2023-12-27T00:00:00+00:00
[2023-12-27T09:50:52.370+0545] {processor.py:183} INFO - Processing /home/sarita/Documents/apache-airflow-project/.venv/lib/python3.9/site-packages/airflow/example_dags/example_branch_labels.py took 0.064 seconds
[2023-12-27T09:51:52.548+0545] {processor.py:161} INFO - Started process (PID=8914) to work on /home/sarita/Documents/apache-airflow-project/.venv/lib/python3.9/site-packages/airflow/example_dags/example_branch_labels.py
[2023-12-27T09:51:52.552+0545] {processor.py:830} INFO - Processing file /home/sarita/Documents/apache-airflow-project/.venv/lib/python3.9/site-packages/airflow/example_dags/example_branch_labels.py for tasks to queue
[2023-12-27T09:51:52.554+0545] {logging_mixin.py:188} INFO - [2023-12-27T09:51:52.553+0545] {dagbag.py:538} INFO - Filling up the DagBag from /home/sarita/Documents/apache-airflow-project/.venv/lib/python3.9/site-packages/airflow/example_dags/example_branch_labels.py
[2023-12-27T09:51:52.572+0545] {processor.py:840} INFO - DAG(s) 'example_branch_labels' retrieved from /home/sarita/Documents/apache-airflow-project/.venv/lib/python3.9/site-packages/airflow/example_dags/example_branch_labels.py
[2023-12-27T09:51:52.584+0545] {logging_mixin.py:188} INFO - [2023-12-27T09:51:52.584+0545] {dag.py:3033} INFO - Sync 1 DAGs
[2023-12-27T09:51:52.600+0545] {logging_mixin.py:188} INFO - [2023-12-27T09:51:52.600+0545] {dag.py:3820} INFO - Setting next_dagrun for example_branch_labels to 2023-12-26T00:00:00+00:00, run_after=2023-12-27T00:00:00+00:00
[2023-12-27T09:51:52.617+0545] {processor.py:183} INFO - Processing /home/sarita/Documents/apache-airflow-project/.venv/lib/python3.9/site-packages/airflow/example_dags/example_branch_labels.py took 0.077 seconds
[2023-12-27T12:18:12.536+0545] {processor.py:161} INFO - Started process (PID=13595) to work on /home/sarita/Documents/apache-airflow-project/.venv/lib/python3.9/site-packages/airflow/example_dags/example_branch_labels.py
[2023-12-27T12:18:12.538+0545] {processor.py:830} INFO - Processing file /home/sarita/Documents/apache-airflow-project/.venv/lib/python3.9/site-packages/airflow/example_dags/example_branch_labels.py for tasks to queue
[2023-12-27T12:18:12.539+0545] {logging_mixin.py:188} INFO - [2023-12-27T12:18:12.539+0545] {dagbag.py:538} INFO - Filling up the DagBag from /home/sarita/Documents/apache-airflow-project/.venv/lib/python3.9/site-packages/airflow/example_dags/example_branch_labels.py
[2023-12-27T12:18:12.545+0545] {processor.py:840} INFO - DAG(s) 'example_branch_labels' retrieved from /home/sarita/Documents/apache-airflow-project/.venv/lib/python3.9/site-packages/airflow/example_dags/example_branch_labels.py
[2023-12-27T12:18:12.559+0545] {logging_mixin.py:188} INFO - [2023-12-27T12:18:12.558+0545] {dag.py:3033} INFO - Sync 1 DAGs
[2023-12-27T12:18:12.574+0545] {logging_mixin.py:188} INFO - [2023-12-27T12:18:12.574+0545] {dag.py:3820} INFO - Setting next_dagrun for example_branch_labels to 2023-12-26T00:00:00+00:00, run_after=2023-12-27T00:00:00+00:00
[2023-12-27T12:18:12.590+0545] {processor.py:183} INFO - Processing /home/sarita/Documents/apache-airflow-project/.venv/lib/python3.9/site-packages/airflow/example_dags/example_branch_labels.py took 0.056 seconds
[2023-12-27T12:39:47.708+0545] {processor.py:161} INFO - Started process (PID=15451) to work on /home/sarita/Documents/apache-airflow-project/.venv/lib/python3.9/site-packages/airflow/example_dags/example_branch_labels.py
[2023-12-27T12:39:47.712+0545] {processor.py:830} INFO - Processing file /home/sarita/Documents/apache-airflow-project/.venv/lib/python3.9/site-packages/airflow/example_dags/example_branch_labels.py for tasks to queue
[2023-12-27T12:39:47.714+0545] {logging_mixin.py:188} INFO - [2023-12-27T12:39:47.713+0545] {dagbag.py:538} INFO - Filling up the DagBag from /home/sarita/Documents/apache-airflow-project/.venv/lib/python3.9/site-packages/airflow/example_dags/example_branch_labels.py
[2023-12-27T12:39:47.731+0545] {processor.py:840} INFO - DAG(s) 'example_branch_labels' retrieved from /home/sarita/Documents/apache-airflow-project/.venv/lib/python3.9/site-packages/airflow/example_dags/example_branch_labels.py
[2023-12-27T12:39:47.750+0545] {logging_mixin.py:188} INFO - [2023-12-27T12:39:47.750+0545] {dag.py:3033} INFO - Sync 1 DAGs
[2023-12-27T12:39:47.766+0545] {logging_mixin.py:188} INFO - [2023-12-27T12:39:47.766+0545] {dag.py:3820} INFO - Setting next_dagrun for example_branch_labels to 2023-12-26T00:00:00+00:00, run_after=2023-12-27T00:00:00+00:00
[2023-12-27T12:39:47.783+0545] {processor.py:183} INFO - Processing /home/sarita/Documents/apache-airflow-project/.venv/lib/python3.9/site-packages/airflow/example_dags/example_branch_labels.py took 0.082 seconds
[2023-12-27T12:47:44.794+0545] {processor.py:161} INFO - Started process (PID=17252) to work on /home/sarita/Documents/apache-airflow-project/.venv/lib/python3.9/site-packages/airflow/example_dags/example_branch_labels.py
[2023-12-27T12:47:44.795+0545] {processor.py:830} INFO - Processing file /home/sarita/Documents/apache-airflow-project/.venv/lib/python3.9/site-packages/airflow/example_dags/example_branch_labels.py for tasks to queue
[2023-12-27T12:47:44.796+0545] {logging_mixin.py:188} INFO - [2023-12-27T12:47:44.795+0545] {dagbag.py:538} INFO - Filling up the DagBag from /home/sarita/Documents/apache-airflow-project/.venv/lib/python3.9/site-packages/airflow/example_dags/example_branch_labels.py
[2023-12-27T12:47:44.801+0545] {processor.py:840} INFO - DAG(s) 'example_branch_labels' retrieved from /home/sarita/Documents/apache-airflow-project/.venv/lib/python3.9/site-packages/airflow/example_dags/example_branch_labels.py
[2023-12-27T12:47:44.814+0545] {logging_mixin.py:188} INFO - [2023-12-27T12:47:44.814+0545] {dag.py:3033} INFO - Sync 1 DAGs
[2023-12-27T12:47:44.830+0545] {logging_mixin.py:188} INFO - [2023-12-27T12:47:44.829+0545] {dag.py:3820} INFO - Setting next_dagrun for example_branch_labels to 2023-12-26T00:00:00+00:00, run_after=2023-12-27T00:00:00+00:00
[2023-12-27T12:47:44.845+0545] {processor.py:183} INFO - Processing /home/sarita/Documents/apache-airflow-project/.venv/lib/python3.9/site-packages/airflow/example_dags/example_branch_labels.py took 0.052 seconds
[2023-12-27T12:52:47.219+0545] {processor.py:161} INFO - Started process (PID=17636) to work on /home/sarita/Documents/apache-airflow-project/.venv/lib/python3.9/site-packages/airflow/example_dags/example_branch_labels.py
[2023-12-27T12:52:47.221+0545] {processor.py:830} INFO - Processing file /home/sarita/Documents/apache-airflow-project/.venv/lib/python3.9/site-packages/airflow/example_dags/example_branch_labels.py for tasks to queue
[2023-12-27T12:52:47.222+0545] {logging_mixin.py:188} INFO - [2023-12-27T12:52:47.222+0545] {dagbag.py:538} INFO - Filling up the DagBag from /home/sarita/Documents/apache-airflow-project/.venv/lib/python3.9/site-packages/airflow/example_dags/example_branch_labels.py
[2023-12-27T12:52:47.228+0545] {processor.py:840} INFO - DAG(s) 'example_branch_labels' retrieved from /home/sarita/Documents/apache-airflow-project/.venv/lib/python3.9/site-packages/airflow/example_dags/example_branch_labels.py
[2023-12-27T12:52:47.244+0545] {logging_mixin.py:188} INFO - [2023-12-27T12:52:47.244+0545] {dag.py:3033} INFO - Sync 1 DAGs
[2023-12-27T12:52:47.261+0545] {logging_mixin.py:188} INFO - [2023-12-27T12:52:47.261+0545] {dag.py:3820} INFO - Setting next_dagrun for example_branch_labels to 2023-12-26T00:00:00+00:00, run_after=2023-12-27T00:00:00+00:00
[2023-12-27T12:52:47.277+0545] {processor.py:183} INFO - Processing /home/sarita/Documents/apache-airflow-project/.venv/lib/python3.9/site-packages/airflow/example_dags/example_branch_labels.py took 0.059 seconds
[2023-12-27T12:53:38.584+0545] {processor.py:161} INFO - Started process (PID=17765) to work on /home/sarita/Documents/apache-airflow-project/.venv/lib/python3.9/site-packages/airflow/example_dags/example_branch_labels.py
[2023-12-27T12:53:38.586+0545] {processor.py:830} INFO - Processing file /home/sarita/Documents/apache-airflow-project/.venv/lib/python3.9/site-packages/airflow/example_dags/example_branch_labels.py for tasks to queue
[2023-12-27T12:53:38.587+0545] {logging_mixin.py:188} INFO - [2023-12-27T12:53:38.586+0545] {dagbag.py:538} INFO - Filling up the DagBag from /home/sarita/Documents/apache-airflow-project/.venv/lib/python3.9/site-packages/airflow/example_dags/example_branch_labels.py
[2023-12-27T12:53:38.593+0545] {processor.py:840} INFO - DAG(s) 'example_branch_labels' retrieved from /home/sarita/Documents/apache-airflow-project/.venv/lib/python3.9/site-packages/airflow/example_dags/example_branch_labels.py
[2023-12-27T12:53:38.606+0545] {logging_mixin.py:188} INFO - [2023-12-27T12:53:38.605+0545] {dag.py:3033} INFO - Sync 1 DAGs
[2023-12-27T12:53:38.621+0545] {logging_mixin.py:188} INFO - [2023-12-27T12:53:38.621+0545] {dag.py:3820} INFO - Setting next_dagrun for example_branch_labels to 2023-12-26T00:00:00+00:00, run_after=2023-12-27T00:00:00+00:00
[2023-12-27T12:53:38.646+0545] {processor.py:183} INFO - Processing /home/sarita/Documents/apache-airflow-project/.venv/lib/python3.9/site-packages/airflow/example_dags/example_branch_labels.py took 0.064 seconds
