[2023-12-27T09:37:14.234+0545] {processor.py:161} INFO - Started process (PID=6943) to work on /home/sarita/Documents/apache-airflow-project/.venv/lib/python3.9/site-packages/airflow/example_dags/example_branch_datetime_operator.py
[2023-12-27T09:37:14.235+0545] {processor.py:830} INFO - Processing file /home/sarita/Documents/apache-airflow-project/.venv/lib/python3.9/site-packages/airflow/example_dags/example_branch_datetime_operator.py for tasks to queue
[2023-12-27T09:37:14.236+0545] {logging_mixin.py:188} INFO - [2023-12-27T09:37:14.236+0545] {dagbag.py:538} INFO - Filling up the DagBag from /home/sarita/Documents/apache-airflow-project/.venv/lib/python3.9/site-packages/airflow/example_dags/example_branch_datetime_operator.py
[2023-12-27T09:37:14.249+0545] {processor.py:840} INFO - DAG(s) 'example_branch_datetime_operator', 'example_branch_datetime_operator_2', 'example_branch_datetime_operator_3' retrieved from /home/sarita/Documents/apache-airflow-project/.venv/lib/python3.9/site-packages/airflow/example_dags/example_branch_datetime_operator.py
[2023-12-27T09:37:14.268+0545] {logging_mixin.py:188} INFO - [2023-12-27T09:37:14.268+0545] {dag.py:3033} INFO - Sync 3 DAGs
[2023-12-27T09:37:14.286+0545] {logging_mixin.py:188} INFO - [2023-12-27T09:37:14.286+0545] {dag.py:3820} INFO - Setting next_dagrun for example_branch_datetime_operator to 2023-12-26T00:00:00+00:00, run_after=2023-12-27T00:00:00+00:00
[2023-12-27T09:37:14.291+0545] {logging_mixin.py:188} INFO - [2023-12-27T09:37:14.291+0545] {dag.py:3820} INFO - Setting next_dagrun for example_branch_datetime_operator_2 to 2023-12-26T00:00:00+00:00, run_after=2023-12-27T00:00:00+00:00
[2023-12-27T09:37:14.293+0545] {logging_mixin.py:188} INFO - [2023-12-27T09:37:14.293+0545] {dag.py:3820} INFO - Setting next_dagrun for example_branch_datetime_operator_3 to 2023-12-26T00:00:00+00:00, run_after=2023-12-27T00:00:00+00:00
[2023-12-27T09:37:14.311+0545] {processor.py:183} INFO - Processing /home/sarita/Documents/apache-airflow-project/.venv/lib/python3.9/site-packages/airflow/example_dags/example_branch_datetime_operator.py took 0.080 seconds
[2023-12-27T09:38:07.591+0545] {processor.py:161} INFO - Started process (PID=7008) to work on /home/sarita/Documents/apache-airflow-project/.venv/lib/python3.9/site-packages/airflow/example_dags/example_branch_datetime_operator.py
[2023-12-27T09:38:07.594+0545] {processor.py:830} INFO - Processing file /home/sarita/Documents/apache-airflow-project/.venv/lib/python3.9/site-packages/airflow/example_dags/example_branch_datetime_operator.py for tasks to queue
[2023-12-27T09:38:07.595+0545] {logging_mixin.py:188} INFO - [2023-12-27T09:38:07.595+0545] {dagbag.py:538} INFO - Filling up the DagBag from /home/sarita/Documents/apache-airflow-project/.venv/lib/python3.9/site-packages/airflow/example_dags/example_branch_datetime_operator.py
[2023-12-27T09:38:07.605+0545] {processor.py:840} INFO - DAG(s) 'example_branch_datetime_operator_2', 'example_branch_datetime_operator_3', 'example_branch_datetime_operator' retrieved from /home/sarita/Documents/apache-airflow-project/.venv/lib/python3.9/site-packages/airflow/example_dags/example_branch_datetime_operator.py
[2023-12-27T09:38:07.623+0545] {logging_mixin.py:188} INFO - [2023-12-27T09:38:07.622+0545] {dag.py:3033} INFO - Sync 3 DAGs
[2023-12-27T09:38:07.640+0545] {logging_mixin.py:188} INFO - [2023-12-27T09:38:07.639+0545] {dag.py:3820} INFO - Setting next_dagrun for example_branch_datetime_operator to 2023-12-26T00:00:00+00:00, run_after=2023-12-27T00:00:00+00:00
[2023-12-27T09:38:07.644+0545] {logging_mixin.py:188} INFO - [2023-12-27T09:38:07.643+0545] {dag.py:3820} INFO - Setting next_dagrun for example_branch_datetime_operator_2 to 2023-12-26T00:00:00+00:00, run_after=2023-12-27T00:00:00+00:00
[2023-12-27T09:38:07.646+0545] {logging_mixin.py:188} INFO - [2023-12-27T09:38:07.646+0545] {dag.py:3820} INFO - Setting next_dagrun for example_branch_datetime_operator_3 to 2023-12-26T00:00:00+00:00, run_after=2023-12-27T00:00:00+00:00
[2023-12-27T09:38:07.675+0545] {processor.py:183} INFO - Processing /home/sarita/Documents/apache-airflow-project/.venv/lib/python3.9/site-packages/airflow/example_dags/example_branch_datetime_operator.py took 0.086 seconds
[2023-12-27T09:39:04.442+0545] {processor.py:161} INFO - Started process (PID=7129) to work on /home/sarita/Documents/apache-airflow-project/.venv/lib/python3.9/site-packages/airflow/example_dags/example_branch_datetime_operator.py
[2023-12-27T09:39:04.445+0545] {processor.py:830} INFO - Processing file /home/sarita/Documents/apache-airflow-project/.venv/lib/python3.9/site-packages/airflow/example_dags/example_branch_datetime_operator.py for tasks to queue
[2023-12-27T09:39:04.446+0545] {logging_mixin.py:188} INFO - [2023-12-27T09:39:04.445+0545] {dagbag.py:538} INFO - Filling up the DagBag from /home/sarita/Documents/apache-airflow-project/.venv/lib/python3.9/site-packages/airflow/example_dags/example_branch_datetime_operator.py
[2023-12-27T09:39:04.464+0545] {processor.py:840} INFO - DAG(s) 'example_branch_datetime_operator_2', 'example_branch_datetime_operator_3', 'example_branch_datetime_operator' retrieved from /home/sarita/Documents/apache-airflow-project/.venv/lib/python3.9/site-packages/airflow/example_dags/example_branch_datetime_operator.py
[2023-12-27T09:39:04.484+0545] {logging_mixin.py:188} INFO - [2023-12-27T09:39:04.484+0545] {dag.py:3033} INFO - Sync 3 DAGs
[2023-12-27T09:39:04.502+0545] {logging_mixin.py:188} INFO - [2023-12-27T09:39:04.502+0545] {dag.py:3820} INFO - Setting next_dagrun for example_branch_datetime_operator to 2023-12-26T00:00:00+00:00, run_after=2023-12-27T00:00:00+00:00
[2023-12-27T09:39:04.507+0545] {logging_mixin.py:188} INFO - [2023-12-27T09:39:04.506+0545] {dag.py:3820} INFO - Setting next_dagrun for example_branch_datetime_operator_2 to 2023-12-26T00:00:00+00:00, run_after=2023-12-27T00:00:00+00:00
[2023-12-27T09:39:04.509+0545] {logging_mixin.py:188} INFO - [2023-12-27T09:39:04.508+0545] {dag.py:3820} INFO - Setting next_dagrun for example_branch_datetime_operator_3 to 2023-12-26T00:00:00+00:00, run_after=2023-12-27T00:00:00+00:00
[2023-12-27T09:39:04.527+0545] {processor.py:183} INFO - Processing /home/sarita/Documents/apache-airflow-project/.venv/lib/python3.9/site-packages/airflow/example_dags/example_branch_datetime_operator.py took 0.090 seconds
[2023-12-27T09:40:00.672+0545] {processor.py:161} INFO - Started process (PID=7223) to work on /home/sarita/Documents/apache-airflow-project/.venv/lib/python3.9/site-packages/airflow/example_dags/example_branch_datetime_operator.py
[2023-12-27T09:40:00.674+0545] {processor.py:830} INFO - Processing file /home/sarita/Documents/apache-airflow-project/.venv/lib/python3.9/site-packages/airflow/example_dags/example_branch_datetime_operator.py for tasks to queue
[2023-12-27T09:40:00.675+0545] {logging_mixin.py:188} INFO - [2023-12-27T09:40:00.674+0545] {dagbag.py:538} INFO - Filling up the DagBag from /home/sarita/Documents/apache-airflow-project/.venv/lib/python3.9/site-packages/airflow/example_dags/example_branch_datetime_operator.py
[2023-12-27T09:40:00.683+0545] {processor.py:840} INFO - DAG(s) 'example_branch_datetime_operator', 'example_branch_datetime_operator_3', 'example_branch_datetime_operator_2' retrieved from /home/sarita/Documents/apache-airflow-project/.venv/lib/python3.9/site-packages/airflow/example_dags/example_branch_datetime_operator.py
[2023-12-27T09:40:00.700+0545] {logging_mixin.py:188} INFO - [2023-12-27T09:40:00.700+0545] {dag.py:3033} INFO - Sync 3 DAGs
[2023-12-27T09:40:00.718+0545] {logging_mixin.py:188} INFO - [2023-12-27T09:40:00.718+0545] {dag.py:3820} INFO - Setting next_dagrun for example_branch_datetime_operator to 2023-12-26T00:00:00+00:00, run_after=2023-12-27T00:00:00+00:00
[2023-12-27T09:40:00.722+0545] {logging_mixin.py:188} INFO - [2023-12-27T09:40:00.722+0545] {dag.py:3820} INFO - Setting next_dagrun for example_branch_datetime_operator_2 to 2023-12-26T00:00:00+00:00, run_after=2023-12-27T00:00:00+00:00
[2023-12-27T09:40:00.724+0545] {logging_mixin.py:188} INFO - [2023-12-27T09:40:00.724+0545] {dag.py:3820} INFO - Setting next_dagrun for example_branch_datetime_operator_3 to 2023-12-26T00:00:00+00:00, run_after=2023-12-27T00:00:00+00:00
[2023-12-27T09:40:00.740+0545] {processor.py:183} INFO - Processing /home/sarita/Documents/apache-airflow-project/.venv/lib/python3.9/site-packages/airflow/example_dags/example_branch_datetime_operator.py took 0.071 seconds
[2023-12-27T09:40:55.537+0545] {processor.py:161} INFO - Started process (PID=7452) to work on /home/sarita/Documents/apache-airflow-project/.venv/lib/python3.9/site-packages/airflow/example_dags/example_branch_datetime_operator.py
[2023-12-27T09:40:55.540+0545] {processor.py:830} INFO - Processing file /home/sarita/Documents/apache-airflow-project/.venv/lib/python3.9/site-packages/airflow/example_dags/example_branch_datetime_operator.py for tasks to queue
[2023-12-27T09:40:55.541+0545] {logging_mixin.py:188} INFO - [2023-12-27T09:40:55.541+0545] {dagbag.py:538} INFO - Filling up the DagBag from /home/sarita/Documents/apache-airflow-project/.venv/lib/python3.9/site-packages/airflow/example_dags/example_branch_datetime_operator.py
[2023-12-27T09:40:55.552+0545] {processor.py:840} INFO - DAG(s) 'example_branch_datetime_operator_3', 'example_branch_datetime_operator_2', 'example_branch_datetime_operator' retrieved from /home/sarita/Documents/apache-airflow-project/.venv/lib/python3.9/site-packages/airflow/example_dags/example_branch_datetime_operator.py
[2023-12-27T09:40:55.568+0545] {logging_mixin.py:188} INFO - [2023-12-27T09:40:55.568+0545] {dag.py:3033} INFO - Sync 3 DAGs
[2023-12-27T09:40:55.584+0545] {logging_mixin.py:188} INFO - [2023-12-27T09:40:55.584+0545] {dag.py:3820} INFO - Setting next_dagrun for example_branch_datetime_operator to 2023-12-26T00:00:00+00:00, run_after=2023-12-27T00:00:00+00:00
[2023-12-27T09:40:55.588+0545] {logging_mixin.py:188} INFO - [2023-12-27T09:40:55.588+0545] {dag.py:3820} INFO - Setting next_dagrun for example_branch_datetime_operator_2 to 2023-12-26T00:00:00+00:00, run_after=2023-12-27T00:00:00+00:00
[2023-12-27T09:40:55.590+0545] {logging_mixin.py:188} INFO - [2023-12-27T09:40:55.590+0545] {dag.py:3820} INFO - Setting next_dagrun for example_branch_datetime_operator_3 to 2023-12-26T00:00:00+00:00, run_after=2023-12-27T00:00:00+00:00
[2023-12-27T09:40:55.607+0545] {processor.py:183} INFO - Processing /home/sarita/Documents/apache-airflow-project/.venv/lib/python3.9/site-packages/airflow/example_dags/example_branch_datetime_operator.py took 0.073 seconds
[2023-12-27T09:41:53.642+0545] {processor.py:161} INFO - Started process (PID=7730) to work on /home/sarita/Documents/apache-airflow-project/.venv/lib/python3.9/site-packages/airflow/example_dags/example_branch_datetime_operator.py
[2023-12-27T09:41:53.643+0545] {processor.py:830} INFO - Processing file /home/sarita/Documents/apache-airflow-project/.venv/lib/python3.9/site-packages/airflow/example_dags/example_branch_datetime_operator.py for tasks to queue
[2023-12-27T09:41:53.644+0545] {logging_mixin.py:188} INFO - [2023-12-27T09:41:53.644+0545] {dagbag.py:538} INFO - Filling up the DagBag from /home/sarita/Documents/apache-airflow-project/.venv/lib/python3.9/site-packages/airflow/example_dags/example_branch_datetime_operator.py
[2023-12-27T09:41:53.659+0545] {processor.py:840} INFO - DAG(s) 'example_branch_datetime_operator', 'example_branch_datetime_operator_3', 'example_branch_datetime_operator_2' retrieved from /home/sarita/Documents/apache-airflow-project/.venv/lib/python3.9/site-packages/airflow/example_dags/example_branch_datetime_operator.py
[2023-12-27T09:41:53.681+0545] {logging_mixin.py:188} INFO - [2023-12-27T09:41:53.681+0545] {dag.py:3033} INFO - Sync 3 DAGs
[2023-12-27T09:41:53.697+0545] {logging_mixin.py:188} INFO - [2023-12-27T09:41:53.697+0545] {dag.py:3820} INFO - Setting next_dagrun for example_branch_datetime_operator to 2023-12-26T00:00:00+00:00, run_after=2023-12-27T00:00:00+00:00
[2023-12-27T09:41:53.701+0545] {logging_mixin.py:188} INFO - [2023-12-27T09:41:53.701+0545] {dag.py:3820} INFO - Setting next_dagrun for example_branch_datetime_operator_2 to 2023-12-26T00:00:00+00:00, run_after=2023-12-27T00:00:00+00:00
[2023-12-27T09:41:53.703+0545] {logging_mixin.py:188} INFO - [2023-12-27T09:41:53.703+0545] {dag.py:3820} INFO - Setting next_dagrun for example_branch_datetime_operator_3 to 2023-12-26T00:00:00+00:00, run_after=2023-12-27T00:00:00+00:00
[2023-12-27T09:41:53.719+0545] {processor.py:183} INFO - Processing /home/sarita/Documents/apache-airflow-project/.venv/lib/python3.9/site-packages/airflow/example_dags/example_branch_datetime_operator.py took 0.081 seconds
[2023-12-27T09:42:47.336+0545] {processor.py:161} INFO - Started process (PID=7820) to work on /home/sarita/Documents/apache-airflow-project/.venv/lib/python3.9/site-packages/airflow/example_dags/example_branch_datetime_operator.py
[2023-12-27T09:42:47.338+0545] {processor.py:830} INFO - Processing file /home/sarita/Documents/apache-airflow-project/.venv/lib/python3.9/site-packages/airflow/example_dags/example_branch_datetime_operator.py for tasks to queue
[2023-12-27T09:42:47.339+0545] {logging_mixin.py:188} INFO - [2023-12-27T09:42:47.338+0545] {dagbag.py:538} INFO - Filling up the DagBag from /home/sarita/Documents/apache-airflow-project/.venv/lib/python3.9/site-packages/airflow/example_dags/example_branch_datetime_operator.py
[2023-12-27T09:42:47.346+0545] {processor.py:840} INFO - DAG(s) 'example_branch_datetime_operator_2', 'example_branch_datetime_operator', 'example_branch_datetime_operator_3' retrieved from /home/sarita/Documents/apache-airflow-project/.venv/lib/python3.9/site-packages/airflow/example_dags/example_branch_datetime_operator.py
[2023-12-27T09:42:47.362+0545] {logging_mixin.py:188} INFO - [2023-12-27T09:42:47.362+0545] {dag.py:3033} INFO - Sync 3 DAGs
[2023-12-27T09:42:47.379+0545] {logging_mixin.py:188} INFO - [2023-12-27T09:42:47.378+0545] {dag.py:3820} INFO - Setting next_dagrun for example_branch_datetime_operator to 2023-12-26T00:00:00+00:00, run_after=2023-12-27T00:00:00+00:00
[2023-12-27T09:42:47.382+0545] {logging_mixin.py:188} INFO - [2023-12-27T09:42:47.382+0545] {dag.py:3820} INFO - Setting next_dagrun for example_branch_datetime_operator_2 to 2023-12-26T00:00:00+00:00, run_after=2023-12-27T00:00:00+00:00
[2023-12-27T09:42:47.384+0545] {logging_mixin.py:188} INFO - [2023-12-27T09:42:47.384+0545] {dag.py:3820} INFO - Setting next_dagrun for example_branch_datetime_operator_3 to 2023-12-26T00:00:00+00:00, run_after=2023-12-27T00:00:00+00:00
[2023-12-27T09:42:47.400+0545] {processor.py:183} INFO - Processing /home/sarita/Documents/apache-airflow-project/.venv/lib/python3.9/site-packages/airflow/example_dags/example_branch_datetime_operator.py took 0.066 seconds
[2023-12-27T09:43:38.823+0545] {processor.py:161} INFO - Started process (PID=7892) to work on /home/sarita/Documents/apache-airflow-project/.venv/lib/python3.9/site-packages/airflow/example_dags/example_branch_datetime_operator.py
[2023-12-27T09:43:38.826+0545] {processor.py:830} INFO - Processing file /home/sarita/Documents/apache-airflow-project/.venv/lib/python3.9/site-packages/airflow/example_dags/example_branch_datetime_operator.py for tasks to queue
[2023-12-27T09:43:38.827+0545] {logging_mixin.py:188} INFO - [2023-12-27T09:43:38.827+0545] {dagbag.py:538} INFO - Filling up the DagBag from /home/sarita/Documents/apache-airflow-project/.venv/lib/python3.9/site-packages/airflow/example_dags/example_branch_datetime_operator.py
[2023-12-27T09:43:38.844+0545] {processor.py:840} INFO - DAG(s) 'example_branch_datetime_operator_3', 'example_branch_datetime_operator_2', 'example_branch_datetime_operator' retrieved from /home/sarita/Documents/apache-airflow-project/.venv/lib/python3.9/site-packages/airflow/example_dags/example_branch_datetime_operator.py
[2023-12-27T09:43:38.862+0545] {logging_mixin.py:188} INFO - [2023-12-27T09:43:38.862+0545] {dag.py:3033} INFO - Sync 3 DAGs
[2023-12-27T09:43:38.880+0545] {logging_mixin.py:188} INFO - [2023-12-27T09:43:38.879+0545] {dag.py:3820} INFO - Setting next_dagrun for example_branch_datetime_operator to 2023-12-26T00:00:00+00:00, run_after=2023-12-27T00:00:00+00:00
[2023-12-27T09:43:38.884+0545] {logging_mixin.py:188} INFO - [2023-12-27T09:43:38.884+0545] {dag.py:3820} INFO - Setting next_dagrun for example_branch_datetime_operator_2 to 2023-12-26T00:00:00+00:00, run_after=2023-12-27T00:00:00+00:00
[2023-12-27T09:43:38.886+0545] {logging_mixin.py:188} INFO - [2023-12-27T09:43:38.886+0545] {dag.py:3820} INFO - Setting next_dagrun for example_branch_datetime_operator_3 to 2023-12-26T00:00:00+00:00, run_after=2023-12-27T00:00:00+00:00
[2023-12-27T09:43:38.904+0545] {processor.py:183} INFO - Processing /home/sarita/Documents/apache-airflow-project/.venv/lib/python3.9/site-packages/airflow/example_dags/example_branch_datetime_operator.py took 0.086 seconds
[2023-12-27T09:44:35.593+0545] {processor.py:161} INFO - Started process (PID=7965) to work on /home/sarita/Documents/apache-airflow-project/.venv/lib/python3.9/site-packages/airflow/example_dags/example_branch_datetime_operator.py
[2023-12-27T09:44:35.596+0545] {processor.py:830} INFO - Processing file /home/sarita/Documents/apache-airflow-project/.venv/lib/python3.9/site-packages/airflow/example_dags/example_branch_datetime_operator.py for tasks to queue
[2023-12-27T09:44:35.599+0545] {logging_mixin.py:188} INFO - [2023-12-27T09:44:35.598+0545] {dagbag.py:538} INFO - Filling up the DagBag from /home/sarita/Documents/apache-airflow-project/.venv/lib/python3.9/site-packages/airflow/example_dags/example_branch_datetime_operator.py
[2023-12-27T09:44:35.618+0545] {processor.py:840} INFO - DAG(s) 'example_branch_datetime_operator_3', 'example_branch_datetime_operator_2', 'example_branch_datetime_operator' retrieved from /home/sarita/Documents/apache-airflow-project/.venv/lib/python3.9/site-packages/airflow/example_dags/example_branch_datetime_operator.py
[2023-12-27T09:44:35.637+0545] {logging_mixin.py:188} INFO - [2023-12-27T09:44:35.637+0545] {dag.py:3033} INFO - Sync 3 DAGs
[2023-12-27T09:44:35.653+0545] {logging_mixin.py:188} INFO - [2023-12-27T09:44:35.653+0545] {dag.py:3820} INFO - Setting next_dagrun for example_branch_datetime_operator to 2023-12-26T00:00:00+00:00, run_after=2023-12-27T00:00:00+00:00
[2023-12-27T09:44:35.656+0545] {logging_mixin.py:188} INFO - [2023-12-27T09:44:35.656+0545] {dag.py:3820} INFO - Setting next_dagrun for example_branch_datetime_operator_2 to 2023-12-26T00:00:00+00:00, run_after=2023-12-27T00:00:00+00:00
[2023-12-27T09:44:35.658+0545] {logging_mixin.py:188} INFO - [2023-12-27T09:44:35.658+0545] {dag.py:3820} INFO - Setting next_dagrun for example_branch_datetime_operator_3 to 2023-12-26T00:00:00+00:00, run_after=2023-12-27T00:00:00+00:00
[2023-12-27T09:44:35.675+0545] {processor.py:183} INFO - Processing /home/sarita/Documents/apache-airflow-project/.venv/lib/python3.9/site-packages/airflow/example_dags/example_branch_datetime_operator.py took 0.090 seconds
[2023-12-27T09:45:31.398+0545] {processor.py:161} INFO - Started process (PID=8361) to work on /home/sarita/Documents/apache-airflow-project/.venv/lib/python3.9/site-packages/airflow/example_dags/example_branch_datetime_operator.py
[2023-12-27T09:45:31.400+0545] {processor.py:830} INFO - Processing file /home/sarita/Documents/apache-airflow-project/.venv/lib/python3.9/site-packages/airflow/example_dags/example_branch_datetime_operator.py for tasks to queue
[2023-12-27T09:45:31.401+0545] {logging_mixin.py:188} INFO - [2023-12-27T09:45:31.401+0545] {dagbag.py:538} INFO - Filling up the DagBag from /home/sarita/Documents/apache-airflow-project/.venv/lib/python3.9/site-packages/airflow/example_dags/example_branch_datetime_operator.py
[2023-12-27T09:45:31.409+0545] {processor.py:840} INFO - DAG(s) 'example_branch_datetime_operator', 'example_branch_datetime_operator_3', 'example_branch_datetime_operator_2' retrieved from /home/sarita/Documents/apache-airflow-project/.venv/lib/python3.9/site-packages/airflow/example_dags/example_branch_datetime_operator.py
[2023-12-27T09:45:31.427+0545] {logging_mixin.py:188} INFO - [2023-12-27T09:45:31.427+0545] {dag.py:3033} INFO - Sync 3 DAGs
[2023-12-27T09:45:31.449+0545] {logging_mixin.py:188} INFO - [2023-12-27T09:45:31.448+0545] {dag.py:3820} INFO - Setting next_dagrun for example_branch_datetime_operator to 2023-12-26T00:00:00+00:00, run_after=2023-12-27T00:00:00+00:00
[2023-12-27T09:45:31.453+0545] {logging_mixin.py:188} INFO - [2023-12-27T09:45:31.453+0545] {dag.py:3820} INFO - Setting next_dagrun for example_branch_datetime_operator_2 to 2023-12-26T00:00:00+00:00, run_after=2023-12-27T00:00:00+00:00
[2023-12-27T09:45:31.455+0545] {logging_mixin.py:188} INFO - [2023-12-27T09:45:31.455+0545] {dag.py:3820} INFO - Setting next_dagrun for example_branch_datetime_operator_3 to 2023-12-26T00:00:00+00:00, run_after=2023-12-27T00:00:00+00:00
[2023-12-27T09:45:31.474+0545] {processor.py:183} INFO - Processing /home/sarita/Documents/apache-airflow-project/.venv/lib/python3.9/site-packages/airflow/example_dags/example_branch_datetime_operator.py took 0.078 seconds
[2023-12-27T09:46:24.393+0545] {processor.py:161} INFO - Started process (PID=8496) to work on /home/sarita/Documents/apache-airflow-project/.venv/lib/python3.9/site-packages/airflow/example_dags/example_branch_datetime_operator.py
[2023-12-27T09:46:24.395+0545] {processor.py:830} INFO - Processing file /home/sarita/Documents/apache-airflow-project/.venv/lib/python3.9/site-packages/airflow/example_dags/example_branch_datetime_operator.py for tasks to queue
[2023-12-27T09:46:24.397+0545] {logging_mixin.py:188} INFO - [2023-12-27T09:46:24.396+0545] {dagbag.py:538} INFO - Filling up the DagBag from /home/sarita/Documents/apache-airflow-project/.venv/lib/python3.9/site-packages/airflow/example_dags/example_branch_datetime_operator.py
[2023-12-27T09:46:24.413+0545] {processor.py:840} INFO - DAG(s) 'example_branch_datetime_operator', 'example_branch_datetime_operator_3', 'example_branch_datetime_operator_2' retrieved from /home/sarita/Documents/apache-airflow-project/.venv/lib/python3.9/site-packages/airflow/example_dags/example_branch_datetime_operator.py
[2023-12-27T09:46:24.432+0545] {logging_mixin.py:188} INFO - [2023-12-27T09:46:24.432+0545] {dag.py:3033} INFO - Sync 3 DAGs
[2023-12-27T09:46:24.449+0545] {logging_mixin.py:188} INFO - [2023-12-27T09:46:24.448+0545] {dag.py:3820} INFO - Setting next_dagrun for example_branch_datetime_operator to 2023-12-26T00:00:00+00:00, run_after=2023-12-27T00:00:00+00:00
[2023-12-27T09:46:24.453+0545] {logging_mixin.py:188} INFO - [2023-12-27T09:46:24.453+0545] {dag.py:3820} INFO - Setting next_dagrun for example_branch_datetime_operator_2 to 2023-12-26T00:00:00+00:00, run_after=2023-12-27T00:00:00+00:00
[2023-12-27T09:46:24.455+0545] {logging_mixin.py:188} INFO - [2023-12-27T09:46:24.455+0545] {dag.py:3820} INFO - Setting next_dagrun for example_branch_datetime_operator_3 to 2023-12-26T00:00:00+00:00, run_after=2023-12-27T00:00:00+00:00
[2023-12-27T09:46:24.472+0545] {processor.py:183} INFO - Processing /home/sarita/Documents/apache-airflow-project/.venv/lib/python3.9/site-packages/airflow/example_dags/example_branch_datetime_operator.py took 0.084 seconds
[2023-12-27T09:47:22.058+0545] {processor.py:161} INFO - Started process (PID=8555) to work on /home/sarita/Documents/apache-airflow-project/.venv/lib/python3.9/site-packages/airflow/example_dags/example_branch_datetime_operator.py
[2023-12-27T09:47:22.060+0545] {processor.py:830} INFO - Processing file /home/sarita/Documents/apache-airflow-project/.venv/lib/python3.9/site-packages/airflow/example_dags/example_branch_datetime_operator.py for tasks to queue
[2023-12-27T09:47:22.061+0545] {logging_mixin.py:188} INFO - [2023-12-27T09:47:22.061+0545] {dagbag.py:538} INFO - Filling up the DagBag from /home/sarita/Documents/apache-airflow-project/.venv/lib/python3.9/site-packages/airflow/example_dags/example_branch_datetime_operator.py
[2023-12-27T09:47:22.072+0545] {processor.py:840} INFO - DAG(s) 'example_branch_datetime_operator', 'example_branch_datetime_operator_2', 'example_branch_datetime_operator_3' retrieved from /home/sarita/Documents/apache-airflow-project/.venv/lib/python3.9/site-packages/airflow/example_dags/example_branch_datetime_operator.py
[2023-12-27T09:47:22.093+0545] {logging_mixin.py:188} INFO - [2023-12-27T09:47:22.093+0545] {dag.py:3033} INFO - Sync 3 DAGs
[2023-12-27T09:47:22.109+0545] {logging_mixin.py:188} INFO - [2023-12-27T09:47:22.109+0545] {dag.py:3820} INFO - Setting next_dagrun for example_branch_datetime_operator to 2023-12-26T00:00:00+00:00, run_after=2023-12-27T00:00:00+00:00
[2023-12-27T09:47:22.114+0545] {logging_mixin.py:188} INFO - [2023-12-27T09:47:22.114+0545] {dag.py:3820} INFO - Setting next_dagrun for example_branch_datetime_operator_2 to 2023-12-26T00:00:00+00:00, run_after=2023-12-27T00:00:00+00:00
[2023-12-27T09:47:22.116+0545] {logging_mixin.py:188} INFO - [2023-12-27T09:47:22.116+0545] {dag.py:3820} INFO - Setting next_dagrun for example_branch_datetime_operator_3 to 2023-12-26T00:00:00+00:00, run_after=2023-12-27T00:00:00+00:00
[2023-12-27T09:47:22.133+0545] {processor.py:183} INFO - Processing /home/sarita/Documents/apache-airflow-project/.venv/lib/python3.9/site-packages/airflow/example_dags/example_branch_datetime_operator.py took 0.077 seconds
[2023-12-27T09:48:20.849+0545] {processor.py:161} INFO - Started process (PID=8641) to work on /home/sarita/Documents/apache-airflow-project/.venv/lib/python3.9/site-packages/airflow/example_dags/example_branch_datetime_operator.py
[2023-12-27T09:48:20.852+0545] {processor.py:830} INFO - Processing file /home/sarita/Documents/apache-airflow-project/.venv/lib/python3.9/site-packages/airflow/example_dags/example_branch_datetime_operator.py for tasks to queue
[2023-12-27T09:48:20.853+0545] {logging_mixin.py:188} INFO - [2023-12-27T09:48:20.853+0545] {dagbag.py:538} INFO - Filling up the DagBag from /home/sarita/Documents/apache-airflow-project/.venv/lib/python3.9/site-packages/airflow/example_dags/example_branch_datetime_operator.py
[2023-12-27T09:48:20.867+0545] {processor.py:840} INFO - DAG(s) 'example_branch_datetime_operator_2', 'example_branch_datetime_operator_3', 'example_branch_datetime_operator' retrieved from /home/sarita/Documents/apache-airflow-project/.venv/lib/python3.9/site-packages/airflow/example_dags/example_branch_datetime_operator.py
[2023-12-27T09:48:20.886+0545] {logging_mixin.py:188} INFO - [2023-12-27T09:48:20.886+0545] {dag.py:3033} INFO - Sync 3 DAGs
[2023-12-27T09:48:20.904+0545] {logging_mixin.py:188} INFO - [2023-12-27T09:48:20.904+0545] {dag.py:3820} INFO - Setting next_dagrun for example_branch_datetime_operator to 2023-12-26T00:00:00+00:00, run_after=2023-12-27T00:00:00+00:00
[2023-12-27T09:48:20.909+0545] {logging_mixin.py:188} INFO - [2023-12-27T09:48:20.909+0545] {dag.py:3820} INFO - Setting next_dagrun for example_branch_datetime_operator_2 to 2023-12-26T00:00:00+00:00, run_after=2023-12-27T00:00:00+00:00
[2023-12-27T09:48:20.911+0545] {logging_mixin.py:188} INFO - [2023-12-27T09:48:20.911+0545] {dag.py:3820} INFO - Setting next_dagrun for example_branch_datetime_operator_3 to 2023-12-26T00:00:00+00:00, run_after=2023-12-27T00:00:00+00:00
[2023-12-27T09:48:20.930+0545] {processor.py:183} INFO - Processing /home/sarita/Documents/apache-airflow-project/.venv/lib/python3.9/site-packages/airflow/example_dags/example_branch_datetime_operator.py took 0.084 seconds
[2023-12-27T09:49:14.321+0545] {processor.py:161} INFO - Started process (PID=8699) to work on /home/sarita/Documents/apache-airflow-project/.venv/lib/python3.9/site-packages/airflow/example_dags/example_branch_datetime_operator.py
[2023-12-27T09:49:14.323+0545] {processor.py:830} INFO - Processing file /home/sarita/Documents/apache-airflow-project/.venv/lib/python3.9/site-packages/airflow/example_dags/example_branch_datetime_operator.py for tasks to queue
[2023-12-27T09:49:14.324+0545] {logging_mixin.py:188} INFO - [2023-12-27T09:49:14.324+0545] {dagbag.py:538} INFO - Filling up the DagBag from /home/sarita/Documents/apache-airflow-project/.venv/lib/python3.9/site-packages/airflow/example_dags/example_branch_datetime_operator.py
[2023-12-27T09:49:14.335+0545] {processor.py:840} INFO - DAG(s) 'example_branch_datetime_operator_3', 'example_branch_datetime_operator_2', 'example_branch_datetime_operator' retrieved from /home/sarita/Documents/apache-airflow-project/.venv/lib/python3.9/site-packages/airflow/example_dags/example_branch_datetime_operator.py
[2023-12-27T09:49:14.355+0545] {logging_mixin.py:188} INFO - [2023-12-27T09:49:14.355+0545] {dag.py:3033} INFO - Sync 3 DAGs
[2023-12-27T09:49:14.371+0545] {logging_mixin.py:188} INFO - [2023-12-27T09:49:14.371+0545] {dag.py:3820} INFO - Setting next_dagrun for example_branch_datetime_operator to 2023-12-26T00:00:00+00:00, run_after=2023-12-27T00:00:00+00:00
[2023-12-27T09:49:14.375+0545] {logging_mixin.py:188} INFO - [2023-12-27T09:49:14.375+0545] {dag.py:3820} INFO - Setting next_dagrun for example_branch_datetime_operator_2 to 2023-12-26T00:00:00+00:00, run_after=2023-12-27T00:00:00+00:00
[2023-12-27T09:49:14.377+0545] {logging_mixin.py:188} INFO - [2023-12-27T09:49:14.377+0545] {dag.py:3820} INFO - Setting next_dagrun for example_branch_datetime_operator_3 to 2023-12-26T00:00:00+00:00, run_after=2023-12-27T00:00:00+00:00
[2023-12-27T09:49:14.394+0545] {processor.py:183} INFO - Processing /home/sarita/Documents/apache-airflow-project/.venv/lib/python3.9/site-packages/airflow/example_dags/example_branch_datetime_operator.py took 0.076 seconds
[2023-12-27T09:50:11.060+0545] {processor.py:161} INFO - Started process (PID=8762) to work on /home/sarita/Documents/apache-airflow-project/.venv/lib/python3.9/site-packages/airflow/example_dags/example_branch_datetime_operator.py
[2023-12-27T09:50:11.063+0545] {processor.py:830} INFO - Processing file /home/sarita/Documents/apache-airflow-project/.venv/lib/python3.9/site-packages/airflow/example_dags/example_branch_datetime_operator.py for tasks to queue
[2023-12-27T09:50:11.064+0545] {logging_mixin.py:188} INFO - [2023-12-27T09:50:11.063+0545] {dagbag.py:538} INFO - Filling up the DagBag from /home/sarita/Documents/apache-airflow-project/.venv/lib/python3.9/site-packages/airflow/example_dags/example_branch_datetime_operator.py
[2023-12-27T09:50:11.078+0545] {processor.py:840} INFO - DAG(s) 'example_branch_datetime_operator', 'example_branch_datetime_operator_2', 'example_branch_datetime_operator_3' retrieved from /home/sarita/Documents/apache-airflow-project/.venv/lib/python3.9/site-packages/airflow/example_dags/example_branch_datetime_operator.py
[2023-12-27T09:50:11.097+0545] {logging_mixin.py:188} INFO - [2023-12-27T09:50:11.097+0545] {dag.py:3033} INFO - Sync 3 DAGs
[2023-12-27T09:50:11.113+0545] {logging_mixin.py:188} INFO - [2023-12-27T09:50:11.113+0545] {dag.py:3820} INFO - Setting next_dagrun for example_branch_datetime_operator to 2023-12-26T00:00:00+00:00, run_after=2023-12-27T00:00:00+00:00
[2023-12-27T09:50:11.117+0545] {logging_mixin.py:188} INFO - [2023-12-27T09:50:11.116+0545] {dag.py:3820} INFO - Setting next_dagrun for example_branch_datetime_operator_2 to 2023-12-26T00:00:00+00:00, run_after=2023-12-27T00:00:00+00:00
[2023-12-27T09:50:11.118+0545] {logging_mixin.py:188} INFO - [2023-12-27T09:50:11.118+0545] {dag.py:3820} INFO - Setting next_dagrun for example_branch_datetime_operator_3 to 2023-12-26T00:00:00+00:00, run_after=2023-12-27T00:00:00+00:00
[2023-12-27T09:50:11.144+0545] {processor.py:183} INFO - Processing /home/sarita/Documents/apache-airflow-project/.venv/lib/python3.9/site-packages/airflow/example_dags/example_branch_datetime_operator.py took 0.087 seconds
[2023-12-27T09:51:09.933+0545] {processor.py:161} INFO - Started process (PID=8866) to work on /home/sarita/Documents/apache-airflow-project/.venv/lib/python3.9/site-packages/airflow/example_dags/example_branch_datetime_operator.py
[2023-12-27T09:51:09.936+0545] {processor.py:830} INFO - Processing file /home/sarita/Documents/apache-airflow-project/.venv/lib/python3.9/site-packages/airflow/example_dags/example_branch_datetime_operator.py for tasks to queue
[2023-12-27T09:51:09.937+0545] {logging_mixin.py:188} INFO - [2023-12-27T09:51:09.937+0545] {dagbag.py:538} INFO - Filling up the DagBag from /home/sarita/Documents/apache-airflow-project/.venv/lib/python3.9/site-packages/airflow/example_dags/example_branch_datetime_operator.py
[2023-12-27T09:51:09.948+0545] {processor.py:840} INFO - DAG(s) 'example_branch_datetime_operator', 'example_branch_datetime_operator_3', 'example_branch_datetime_operator_2' retrieved from /home/sarita/Documents/apache-airflow-project/.venv/lib/python3.9/site-packages/airflow/example_dags/example_branch_datetime_operator.py
[2023-12-27T09:51:09.966+0545] {logging_mixin.py:188} INFO - [2023-12-27T09:51:09.966+0545] {dag.py:3033} INFO - Sync 3 DAGs
[2023-12-27T09:51:09.984+0545] {logging_mixin.py:188} INFO - [2023-12-27T09:51:09.983+0545] {dag.py:3820} INFO - Setting next_dagrun for example_branch_datetime_operator to 2023-12-26T00:00:00+00:00, run_after=2023-12-27T00:00:00+00:00
[2023-12-27T09:51:09.988+0545] {logging_mixin.py:188} INFO - [2023-12-27T09:51:09.987+0545] {dag.py:3820} INFO - Setting next_dagrun for example_branch_datetime_operator_2 to 2023-12-26T00:00:00+00:00, run_after=2023-12-27T00:00:00+00:00
[2023-12-27T09:51:09.990+0545] {logging_mixin.py:188} INFO - [2023-12-27T09:51:09.990+0545] {dag.py:3820} INFO - Setting next_dagrun for example_branch_datetime_operator_3 to 2023-12-26T00:00:00+00:00, run_after=2023-12-27T00:00:00+00:00
[2023-12-27T09:51:10.008+0545] {processor.py:183} INFO - Processing /home/sarita/Documents/apache-airflow-project/.venv/lib/python3.9/site-packages/airflow/example_dags/example_branch_datetime_operator.py took 0.080 seconds
[2023-12-27T09:52:07.989+0545] {processor.py:161} INFO - Started process (PID=8961) to work on /home/sarita/Documents/apache-airflow-project/.venv/lib/python3.9/site-packages/airflow/example_dags/example_branch_datetime_operator.py
[2023-12-27T09:52:07.991+0545] {processor.py:830} INFO - Processing file /home/sarita/Documents/apache-airflow-project/.venv/lib/python3.9/site-packages/airflow/example_dags/example_branch_datetime_operator.py for tasks to queue
[2023-12-27T09:52:07.991+0545] {logging_mixin.py:188} INFO - [2023-12-27T09:52:07.991+0545] {dagbag.py:538} INFO - Filling up the DagBag from /home/sarita/Documents/apache-airflow-project/.venv/lib/python3.9/site-packages/airflow/example_dags/example_branch_datetime_operator.py
[2023-12-27T09:52:07.998+0545] {processor.py:840} INFO - DAG(s) 'example_branch_datetime_operator', 'example_branch_datetime_operator_2', 'example_branch_datetime_operator_3' retrieved from /home/sarita/Documents/apache-airflow-project/.venv/lib/python3.9/site-packages/airflow/example_dags/example_branch_datetime_operator.py
[2023-12-27T09:52:08.015+0545] {logging_mixin.py:188} INFO - [2023-12-27T09:52:08.015+0545] {dag.py:3033} INFO - Sync 3 DAGs
[2023-12-27T09:52:08.032+0545] {logging_mixin.py:188} INFO - [2023-12-27T09:52:08.032+0545] {dag.py:3820} INFO - Setting next_dagrun for example_branch_datetime_operator to 2023-12-26T00:00:00+00:00, run_after=2023-12-27T00:00:00+00:00
[2023-12-27T09:52:08.036+0545] {logging_mixin.py:188} INFO - [2023-12-27T09:52:08.036+0545] {dag.py:3820} INFO - Setting next_dagrun for example_branch_datetime_operator_2 to 2023-12-26T00:00:00+00:00, run_after=2023-12-27T00:00:00+00:00
[2023-12-27T09:52:08.038+0545] {logging_mixin.py:188} INFO - [2023-12-27T09:52:08.038+0545] {dag.py:3820} INFO - Setting next_dagrun for example_branch_datetime_operator_3 to 2023-12-26T00:00:00+00:00, run_after=2023-12-27T00:00:00+00:00
[2023-12-27T09:52:08.057+0545] {processor.py:183} INFO - Processing /home/sarita/Documents/apache-airflow-project/.venv/lib/python3.9/site-packages/airflow/example_dags/example_branch_datetime_operator.py took 0.070 seconds
[2023-12-27T12:18:48.595+0545] {processor.py:161} INFO - Started process (PID=13613) to work on /home/sarita/Documents/apache-airflow-project/.venv/lib/python3.9/site-packages/airflow/example_dags/example_branch_datetime_operator.py
[2023-12-27T12:18:48.598+0545] {processor.py:830} INFO - Processing file /home/sarita/Documents/apache-airflow-project/.venv/lib/python3.9/site-packages/airflow/example_dags/example_branch_datetime_operator.py for tasks to queue
[2023-12-27T12:18:48.600+0545] {logging_mixin.py:188} INFO - [2023-12-27T12:18:48.600+0545] {dagbag.py:538} INFO - Filling up the DagBag from /home/sarita/Documents/apache-airflow-project/.venv/lib/python3.9/site-packages/airflow/example_dags/example_branch_datetime_operator.py
[2023-12-27T12:18:48.629+0545] {processor.py:840} INFO - DAG(s) 'example_branch_datetime_operator_3', 'example_branch_datetime_operator_2', 'example_branch_datetime_operator' retrieved from /home/sarita/Documents/apache-airflow-project/.venv/lib/python3.9/site-packages/airflow/example_dags/example_branch_datetime_operator.py
[2023-12-27T12:18:48.651+0545] {logging_mixin.py:188} INFO - [2023-12-27T12:18:48.651+0545] {dag.py:3033} INFO - Sync 3 DAGs
[2023-12-27T12:18:48.672+0545] {logging_mixin.py:188} INFO - [2023-12-27T12:18:48.672+0545] {dag.py:3820} INFO - Setting next_dagrun for example_branch_datetime_operator to 2023-12-26T00:00:00+00:00, run_after=2023-12-27T00:00:00+00:00
[2023-12-27T12:18:48.677+0545] {logging_mixin.py:188} INFO - [2023-12-27T12:18:48.677+0545] {dag.py:3820} INFO - Setting next_dagrun for example_branch_datetime_operator_2 to 2023-12-26T00:00:00+00:00, run_after=2023-12-27T00:00:00+00:00
[2023-12-27T12:18:48.680+0545] {logging_mixin.py:188} INFO - [2023-12-27T12:18:48.679+0545] {dag.py:3820} INFO - Setting next_dagrun for example_branch_datetime_operator_3 to 2023-12-26T00:00:00+00:00, run_after=2023-12-27T00:00:00+00:00
[2023-12-27T12:18:48.700+0545] {processor.py:183} INFO - Processing /home/sarita/Documents/apache-airflow-project/.venv/lib/python3.9/site-packages/airflow/example_dags/example_branch_datetime_operator.py took 0.112 seconds
[2023-12-27T12:39:52.891+0545] {processor.py:161} INFO - Started process (PID=15513) to work on /home/sarita/Documents/apache-airflow-project/.venv/lib/python3.9/site-packages/airflow/example_dags/example_branch_datetime_operator.py
[2023-12-27T12:39:52.892+0545] {processor.py:830} INFO - Processing file /home/sarita/Documents/apache-airflow-project/.venv/lib/python3.9/site-packages/airflow/example_dags/example_branch_datetime_operator.py for tasks to queue
[2023-12-27T12:39:52.893+0545] {logging_mixin.py:188} INFO - [2023-12-27T12:39:52.893+0545] {dagbag.py:538} INFO - Filling up the DagBag from /home/sarita/Documents/apache-airflow-project/.venv/lib/python3.9/site-packages/airflow/example_dags/example_branch_datetime_operator.py
[2023-12-27T12:39:52.901+0545] {processor.py:840} INFO - DAG(s) 'example_branch_datetime_operator', 'example_branch_datetime_operator_3', 'example_branch_datetime_operator_2' retrieved from /home/sarita/Documents/apache-airflow-project/.venv/lib/python3.9/site-packages/airflow/example_dags/example_branch_datetime_operator.py
[2023-12-27T12:39:52.919+0545] {logging_mixin.py:188} INFO - [2023-12-27T12:39:52.919+0545] {dag.py:3033} INFO - Sync 3 DAGs
[2023-12-27T12:39:52.937+0545] {logging_mixin.py:188} INFO - [2023-12-27T12:39:52.937+0545] {dag.py:3820} INFO - Setting next_dagrun for example_branch_datetime_operator to 2023-12-26T00:00:00+00:00, run_after=2023-12-27T00:00:00+00:00
[2023-12-27T12:39:52.941+0545] {logging_mixin.py:188} INFO - [2023-12-27T12:39:52.941+0545] {dag.py:3820} INFO - Setting next_dagrun for example_branch_datetime_operator_2 to 2023-12-26T00:00:00+00:00, run_after=2023-12-27T00:00:00+00:00
[2023-12-27T12:39:52.943+0545] {logging_mixin.py:188} INFO - [2023-12-27T12:39:52.943+0545] {dag.py:3820} INFO - Setting next_dagrun for example_branch_datetime_operator_3 to 2023-12-26T00:00:00+00:00, run_after=2023-12-27T00:00:00+00:00
[2023-12-27T12:39:52.961+0545] {processor.py:183} INFO - Processing /home/sarita/Documents/apache-airflow-project/.venv/lib/python3.9/site-packages/airflow/example_dags/example_branch_datetime_operator.py took 0.072 seconds
[2023-12-27T12:52:53.670+0545] {processor.py:161} INFO - Started process (PID=17643) to work on /home/sarita/Documents/apache-airflow-project/.venv/lib/python3.9/site-packages/airflow/example_dags/example_branch_datetime_operator.py
[2023-12-27T12:52:53.672+0545] {processor.py:830} INFO - Processing file /home/sarita/Documents/apache-airflow-project/.venv/lib/python3.9/site-packages/airflow/example_dags/example_branch_datetime_operator.py for tasks to queue
[2023-12-27T12:52:53.673+0545] {logging_mixin.py:188} INFO - [2023-12-27T12:52:53.672+0545] {dagbag.py:538} INFO - Filling up the DagBag from /home/sarita/Documents/apache-airflow-project/.venv/lib/python3.9/site-packages/airflow/example_dags/example_branch_datetime_operator.py
[2023-12-27T12:52:53.680+0545] {processor.py:840} INFO - DAG(s) 'example_branch_datetime_operator_3', 'example_branch_datetime_operator', 'example_branch_datetime_operator_2' retrieved from /home/sarita/Documents/apache-airflow-project/.venv/lib/python3.9/site-packages/airflow/example_dags/example_branch_datetime_operator.py
[2023-12-27T12:52:53.697+0545] {logging_mixin.py:188} INFO - [2023-12-27T12:52:53.697+0545] {dag.py:3033} INFO - Sync 3 DAGs
[2023-12-27T12:52:53.712+0545] {logging_mixin.py:188} INFO - [2023-12-27T12:52:53.712+0545] {dag.py:3820} INFO - Setting next_dagrun for example_branch_datetime_operator to 2023-12-26T00:00:00+00:00, run_after=2023-12-27T00:00:00+00:00
[2023-12-27T12:52:53.716+0545] {logging_mixin.py:188} INFO - [2023-12-27T12:52:53.716+0545] {dag.py:3820} INFO - Setting next_dagrun for example_branch_datetime_operator_2 to 2023-12-26T00:00:00+00:00, run_after=2023-12-27T00:00:00+00:00
[2023-12-27T12:52:53.718+0545] {logging_mixin.py:188} INFO - [2023-12-27T12:52:53.717+0545] {dag.py:3820} INFO - Setting next_dagrun for example_branch_datetime_operator_3 to 2023-12-26T00:00:00+00:00, run_after=2023-12-27T00:00:00+00:00
[2023-12-27T12:52:53.732+0545] {processor.py:183} INFO - Processing /home/sarita/Documents/apache-airflow-project/.venv/lib/python3.9/site-packages/airflow/example_dags/example_branch_datetime_operator.py took 0.064 seconds
