[2023-12-27T09:36:51.175+0545] {processor.py:161} INFO - Started process (PID=6914) to work on /home/sarita/Documents/apache-airflow-project/.venv/lib/python3.9/site-packages/airflow/example_dags/tutorial_taskflow_api_virtualenv.py
[2023-12-27T09:36:51.177+0545] {processor.py:830} INFO - Processing file /home/sarita/Documents/apache-airflow-project/.venv/lib/python3.9/site-packages/airflow/example_dags/tutorial_taskflow_api_virtualenv.py for tasks to queue
[2023-12-27T09:36:51.180+0545] {logging_mixin.py:188} INFO - [2023-12-27T09:36:51.179+0545] {dagbag.py:538} INFO - Filling up the DagBag from /home/sarita/Documents/apache-airflow-project/.venv/lib/python3.9/site-packages/airflow/example_dags/tutorial_taskflow_api_virtualenv.py
[2023-12-27T09:36:51.190+0545] {processor.py:840} INFO - DAG(s) 'tutorial_taskflow_api_virtualenv' retrieved from /home/sarita/Documents/apache-airflow-project/.venv/lib/python3.9/site-packages/airflow/example_dags/tutorial_taskflow_api_virtualenv.py
[2023-12-27T09:36:51.206+0545] {logging_mixin.py:188} INFO - [2023-12-27T09:36:51.206+0545] {dag.py:3033} INFO - Sync 1 DAGs
[2023-12-27T09:36:51.216+0545] {logging_mixin.py:188} INFO - [2023-12-27T09:36:51.216+0545] {dag.py:3820} INFO - Setting next_dagrun for tutorial_taskflow_api_virtualenv to None, run_after=None
[2023-12-27T09:36:51.245+0545] {processor.py:183} INFO - Processing /home/sarita/Documents/apache-airflow-project/.venv/lib/python3.9/site-packages/airflow/example_dags/tutorial_taskflow_api_virtualenv.py took 0.077 seconds
[2023-12-27T09:37:37.582+0545] {processor.py:161} INFO - Started process (PID=6970) to work on /home/sarita/Documents/apache-airflow-project/.venv/lib/python3.9/site-packages/airflow/example_dags/tutorial_taskflow_api_virtualenv.py
[2023-12-27T09:37:37.584+0545] {processor.py:830} INFO - Processing file /home/sarita/Documents/apache-airflow-project/.venv/lib/python3.9/site-packages/airflow/example_dags/tutorial_taskflow_api_virtualenv.py for tasks to queue
[2023-12-27T09:37:37.584+0545] {logging_mixin.py:188} INFO - [2023-12-27T09:37:37.584+0545] {dagbag.py:538} INFO - Filling up the DagBag from /home/sarita/Documents/apache-airflow-project/.venv/lib/python3.9/site-packages/airflow/example_dags/tutorial_taskflow_api_virtualenv.py
[2023-12-27T09:37:37.590+0545] {processor.py:840} INFO - DAG(s) 'tutorial_taskflow_api_virtualenv' retrieved from /home/sarita/Documents/apache-airflow-project/.venv/lib/python3.9/site-packages/airflow/example_dags/tutorial_taskflow_api_virtualenv.py
[2023-12-27T09:37:37.602+0545] {logging_mixin.py:188} INFO - [2023-12-27T09:37:37.602+0545] {dag.py:3033} INFO - Sync 1 DAGs
[2023-12-27T09:37:37.611+0545] {logging_mixin.py:188} INFO - [2023-12-27T09:37:37.611+0545] {dag.py:3820} INFO - Setting next_dagrun for tutorial_taskflow_api_virtualenv to None, run_after=None
[2023-12-27T09:37:37.631+0545] {processor.py:183} INFO - Processing /home/sarita/Documents/apache-airflow-project/.venv/lib/python3.9/site-packages/airflow/example_dags/tutorial_taskflow_api_virtualenv.py took 0.052 seconds
[2023-12-27T09:38:28.356+0545] {processor.py:161} INFO - Started process (PID=7031) to work on /home/sarita/Documents/apache-airflow-project/.venv/lib/python3.9/site-packages/airflow/example_dags/tutorial_taskflow_api_virtualenv.py
[2023-12-27T09:38:28.359+0545] {processor.py:830} INFO - Processing file /home/sarita/Documents/apache-airflow-project/.venv/lib/python3.9/site-packages/airflow/example_dags/tutorial_taskflow_api_virtualenv.py for tasks to queue
[2023-12-27T09:38:28.360+0545] {logging_mixin.py:188} INFO - [2023-12-27T09:38:28.359+0545] {dagbag.py:538} INFO - Filling up the DagBag from /home/sarita/Documents/apache-airflow-project/.venv/lib/python3.9/site-packages/airflow/example_dags/tutorial_taskflow_api_virtualenv.py
[2023-12-27T09:38:28.365+0545] {processor.py:840} INFO - DAG(s) 'tutorial_taskflow_api_virtualenv' retrieved from /home/sarita/Documents/apache-airflow-project/.venv/lib/python3.9/site-packages/airflow/example_dags/tutorial_taskflow_api_virtualenv.py
[2023-12-27T09:38:28.377+0545] {logging_mixin.py:188} INFO - [2023-12-27T09:38:28.377+0545] {dag.py:3033} INFO - Sync 1 DAGs
[2023-12-27T09:38:28.388+0545] {logging_mixin.py:188} INFO - [2023-12-27T09:38:28.388+0545] {dag.py:3820} INFO - Setting next_dagrun for tutorial_taskflow_api_virtualenv to None, run_after=None
[2023-12-27T09:38:28.409+0545] {processor.py:183} INFO - Processing /home/sarita/Documents/apache-airflow-project/.venv/lib/python3.9/site-packages/airflow/example_dags/tutorial_taskflow_api_virtualenv.py took 0.054 seconds
[2023-12-27T09:39:21.331+0545] {processor.py:161} INFO - Started process (PID=7148) to work on /home/sarita/Documents/apache-airflow-project/.venv/lib/python3.9/site-packages/airflow/example_dags/tutorial_taskflow_api_virtualenv.py
[2023-12-27T09:39:21.333+0545] {processor.py:830} INFO - Processing file /home/sarita/Documents/apache-airflow-project/.venv/lib/python3.9/site-packages/airflow/example_dags/tutorial_taskflow_api_virtualenv.py for tasks to queue
[2023-12-27T09:39:21.334+0545] {logging_mixin.py:188} INFO - [2023-12-27T09:39:21.334+0545] {dagbag.py:538} INFO - Filling up the DagBag from /home/sarita/Documents/apache-airflow-project/.venv/lib/python3.9/site-packages/airflow/example_dags/tutorial_taskflow_api_virtualenv.py
[2023-12-27T09:39:21.339+0545] {processor.py:840} INFO - DAG(s) 'tutorial_taskflow_api_virtualenv' retrieved from /home/sarita/Documents/apache-airflow-project/.venv/lib/python3.9/site-packages/airflow/example_dags/tutorial_taskflow_api_virtualenv.py
[2023-12-27T09:39:21.351+0545] {logging_mixin.py:188} INFO - [2023-12-27T09:39:21.350+0545] {dag.py:3033} INFO - Sync 1 DAGs
[2023-12-27T09:39:21.359+0545] {logging_mixin.py:188} INFO - [2023-12-27T09:39:21.359+0545] {dag.py:3820} INFO - Setting next_dagrun for tutorial_taskflow_api_virtualenv to None, run_after=None
[2023-12-27T09:39:21.380+0545] {processor.py:183} INFO - Processing /home/sarita/Documents/apache-airflow-project/.venv/lib/python3.9/site-packages/airflow/example_dags/tutorial_taskflow_api_virtualenv.py took 0.052 seconds
[2023-12-27T09:40:19.065+0545] {processor.py:161} INFO - Started process (PID=7254) to work on /home/sarita/Documents/apache-airflow-project/.venv/lib/python3.9/site-packages/airflow/example_dags/tutorial_taskflow_api_virtualenv.py
[2023-12-27T09:40:19.067+0545] {processor.py:830} INFO - Processing file /home/sarita/Documents/apache-airflow-project/.venv/lib/python3.9/site-packages/airflow/example_dags/tutorial_taskflow_api_virtualenv.py for tasks to queue
[2023-12-27T09:40:19.068+0545] {logging_mixin.py:188} INFO - [2023-12-27T09:40:19.068+0545] {dagbag.py:538} INFO - Filling up the DagBag from /home/sarita/Documents/apache-airflow-project/.venv/lib/python3.9/site-packages/airflow/example_dags/tutorial_taskflow_api_virtualenv.py
[2023-12-27T09:40:19.074+0545] {processor.py:840} INFO - DAG(s) 'tutorial_taskflow_api_virtualenv' retrieved from /home/sarita/Documents/apache-airflow-project/.venv/lib/python3.9/site-packages/airflow/example_dags/tutorial_taskflow_api_virtualenv.py
[2023-12-27T09:40:19.085+0545] {logging_mixin.py:188} INFO - [2023-12-27T09:40:19.085+0545] {dag.py:3033} INFO - Sync 1 DAGs
[2023-12-27T09:40:19.094+0545] {logging_mixin.py:188} INFO - [2023-12-27T09:40:19.094+0545] {dag.py:3820} INFO - Setting next_dagrun for tutorial_taskflow_api_virtualenv to None, run_after=None
[2023-12-27T09:40:19.112+0545] {processor.py:183} INFO - Processing /home/sarita/Documents/apache-airflow-project/.venv/lib/python3.9/site-packages/airflow/example_dags/tutorial_taskflow_api_virtualenv.py took 0.049 seconds
[2023-12-27T09:41:08.851+0545] {processor.py:161} INFO - Started process (PID=7511) to work on /home/sarita/Documents/apache-airflow-project/.venv/lib/python3.9/site-packages/airflow/example_dags/tutorial_taskflow_api_virtualenv.py
[2023-12-27T09:41:08.854+0545] {processor.py:830} INFO - Processing file /home/sarita/Documents/apache-airflow-project/.venv/lib/python3.9/site-packages/airflow/example_dags/tutorial_taskflow_api_virtualenv.py for tasks to queue
[2023-12-27T09:41:08.856+0545] {logging_mixin.py:188} INFO - [2023-12-27T09:41:08.855+0545] {dagbag.py:538} INFO - Filling up the DagBag from /home/sarita/Documents/apache-airflow-project/.venv/lib/python3.9/site-packages/airflow/example_dags/tutorial_taskflow_api_virtualenv.py
[2023-12-27T09:41:08.872+0545] {processor.py:840} INFO - DAG(s) 'tutorial_taskflow_api_virtualenv' retrieved from /home/sarita/Documents/apache-airflow-project/.venv/lib/python3.9/site-packages/airflow/example_dags/tutorial_taskflow_api_virtualenv.py
[2023-12-27T09:41:08.890+0545] {logging_mixin.py:188} INFO - [2023-12-27T09:41:08.890+0545] {dag.py:3033} INFO - Sync 1 DAGs
[2023-12-27T09:41:08.900+0545] {logging_mixin.py:188} INFO - [2023-12-27T09:41:08.900+0545] {dag.py:3820} INFO - Setting next_dagrun for tutorial_taskflow_api_virtualenv to None, run_after=None
[2023-12-27T09:41:08.927+0545] {processor.py:183} INFO - Processing /home/sarita/Documents/apache-airflow-project/.venv/lib/python3.9/site-packages/airflow/example_dags/tutorial_taskflow_api_virtualenv.py took 0.083 seconds
[2023-12-27T09:42:06.739+0545] {processor.py:161} INFO - Started process (PID=7744) to work on /home/sarita/Documents/apache-airflow-project/.venv/lib/python3.9/site-packages/airflow/example_dags/tutorial_taskflow_api_virtualenv.py
[2023-12-27T09:42:06.741+0545] {processor.py:830} INFO - Processing file /home/sarita/Documents/apache-airflow-project/.venv/lib/python3.9/site-packages/airflow/example_dags/tutorial_taskflow_api_virtualenv.py for tasks to queue
[2023-12-27T09:42:06.742+0545] {logging_mixin.py:188} INFO - [2023-12-27T09:42:06.742+0545] {dagbag.py:538} INFO - Filling up the DagBag from /home/sarita/Documents/apache-airflow-project/.venv/lib/python3.9/site-packages/airflow/example_dags/tutorial_taskflow_api_virtualenv.py
[2023-12-27T09:42:06.750+0545] {processor.py:840} INFO - DAG(s) 'tutorial_taskflow_api_virtualenv' retrieved from /home/sarita/Documents/apache-airflow-project/.venv/lib/python3.9/site-packages/airflow/example_dags/tutorial_taskflow_api_virtualenv.py
[2023-12-27T09:42:06.764+0545] {logging_mixin.py:188} INFO - [2023-12-27T09:42:06.764+0545] {dag.py:3033} INFO - Sync 1 DAGs
[2023-12-27T09:42:06.775+0545] {logging_mixin.py:188} INFO - [2023-12-27T09:42:06.775+0545] {dag.py:3820} INFO - Setting next_dagrun for tutorial_taskflow_api_virtualenv to None, run_after=None
[2023-12-27T09:42:06.794+0545] {processor.py:183} INFO - Processing /home/sarita/Documents/apache-airflow-project/.venv/lib/python3.9/site-packages/airflow/example_dags/tutorial_taskflow_api_virtualenv.py took 0.059 seconds
[2023-12-27T09:42:58.720+0545] {processor.py:161} INFO - Started process (PID=7831) to work on /home/sarita/Documents/apache-airflow-project/.venv/lib/python3.9/site-packages/airflow/example_dags/tutorial_taskflow_api_virtualenv.py
[2023-12-27T09:42:58.723+0545] {processor.py:830} INFO - Processing file /home/sarita/Documents/apache-airflow-project/.venv/lib/python3.9/site-packages/airflow/example_dags/tutorial_taskflow_api_virtualenv.py for tasks to queue
[2023-12-27T09:42:58.724+0545] {logging_mixin.py:188} INFO - [2023-12-27T09:42:58.723+0545] {dagbag.py:538} INFO - Filling up the DagBag from /home/sarita/Documents/apache-airflow-project/.venv/lib/python3.9/site-packages/airflow/example_dags/tutorial_taskflow_api_virtualenv.py
[2023-12-27T09:42:58.732+0545] {processor.py:840} INFO - DAG(s) 'tutorial_taskflow_api_virtualenv' retrieved from /home/sarita/Documents/apache-airflow-project/.venv/lib/python3.9/site-packages/airflow/example_dags/tutorial_taskflow_api_virtualenv.py
[2023-12-27T09:42:58.748+0545] {logging_mixin.py:188} INFO - [2023-12-27T09:42:58.747+0545] {dag.py:3033} INFO - Sync 1 DAGs
[2023-12-27T09:42:58.756+0545] {logging_mixin.py:188} INFO - [2023-12-27T09:42:58.756+0545] {dag.py:3820} INFO - Setting next_dagrun for tutorial_taskflow_api_virtualenv to None, run_after=None
[2023-12-27T09:42:58.774+0545] {processor.py:183} INFO - Processing /home/sarita/Documents/apache-airflow-project/.venv/lib/python3.9/site-packages/airflow/example_dags/tutorial_taskflow_api_virtualenv.py took 0.058 seconds
[2023-12-27T09:43:52.849+0545] {processor.py:161} INFO - Started process (PID=7906) to work on /home/sarita/Documents/apache-airflow-project/.venv/lib/python3.9/site-packages/airflow/example_dags/tutorial_taskflow_api_virtualenv.py
[2023-12-27T09:43:52.851+0545] {processor.py:830} INFO - Processing file /home/sarita/Documents/apache-airflow-project/.venv/lib/python3.9/site-packages/airflow/example_dags/tutorial_taskflow_api_virtualenv.py for tasks to queue
[2023-12-27T09:43:52.851+0545] {logging_mixin.py:188} INFO - [2023-12-27T09:43:52.851+0545] {dagbag.py:538} INFO - Filling up the DagBag from /home/sarita/Documents/apache-airflow-project/.venv/lib/python3.9/site-packages/airflow/example_dags/tutorial_taskflow_api_virtualenv.py
[2023-12-27T09:43:52.856+0545] {processor.py:840} INFO - DAG(s) 'tutorial_taskflow_api_virtualenv' retrieved from /home/sarita/Documents/apache-airflow-project/.venv/lib/python3.9/site-packages/airflow/example_dags/tutorial_taskflow_api_virtualenv.py
[2023-12-27T09:43:52.868+0545] {logging_mixin.py:188} INFO - [2023-12-27T09:43:52.867+0545] {dag.py:3033} INFO - Sync 1 DAGs
[2023-12-27T09:43:52.876+0545] {logging_mixin.py:188} INFO - [2023-12-27T09:43:52.876+0545] {dag.py:3820} INFO - Setting next_dagrun for tutorial_taskflow_api_virtualenv to None, run_after=None
[2023-12-27T09:43:52.895+0545] {processor.py:183} INFO - Processing /home/sarita/Documents/apache-airflow-project/.venv/lib/python3.9/site-packages/airflow/example_dags/tutorial_taskflow_api_virtualenv.py took 0.049 seconds
[2023-12-27T09:44:31.590+0545] {processor.py:161} INFO - Started process (PID=7961) to work on /home/sarita/Documents/apache-airflow-project/.venv/lib/python3.9/site-packages/airflow/example_dags/tutorial_taskflow_api_virtualenv.py
[2023-12-27T09:44:31.592+0545] {processor.py:830} INFO - Processing file /home/sarita/Documents/apache-airflow-project/.venv/lib/python3.9/site-packages/airflow/example_dags/tutorial_taskflow_api_virtualenv.py for tasks to queue
[2023-12-27T09:44:31.593+0545] {logging_mixin.py:188} INFO - [2023-12-27T09:44:31.593+0545] {dagbag.py:538} INFO - Filling up the DagBag from /home/sarita/Documents/apache-airflow-project/.venv/lib/python3.9/site-packages/airflow/example_dags/tutorial_taskflow_api_virtualenv.py
[2023-12-27T09:44:31.599+0545] {processor.py:840} INFO - DAG(s) 'tutorial_taskflow_api_virtualenv' retrieved from /home/sarita/Documents/apache-airflow-project/.venv/lib/python3.9/site-packages/airflow/example_dags/tutorial_taskflow_api_virtualenv.py
[2023-12-27T09:44:31.613+0545] {logging_mixin.py:188} INFO - [2023-12-27T09:44:31.613+0545] {dag.py:3033} INFO - Sync 1 DAGs
[2023-12-27T09:44:31.622+0545] {logging_mixin.py:188} INFO - [2023-12-27T09:44:31.622+0545] {dag.py:3820} INFO - Setting next_dagrun for tutorial_taskflow_api_virtualenv to None, run_after=None
[2023-12-27T09:44:31.649+0545] {processor.py:183} INFO - Processing /home/sarita/Documents/apache-airflow-project/.venv/lib/python3.9/site-packages/airflow/example_dags/tutorial_taskflow_api_virtualenv.py took 0.062 seconds
[2023-12-27T09:45:27.331+0545] {processor.py:161} INFO - Started process (PID=8077) to work on /home/sarita/Documents/apache-airflow-project/.venv/lib/python3.9/site-packages/airflow/example_dags/tutorial_taskflow_api_virtualenv.py
[2023-12-27T09:45:27.332+0545] {processor.py:830} INFO - Processing file /home/sarita/Documents/apache-airflow-project/.venv/lib/python3.9/site-packages/airflow/example_dags/tutorial_taskflow_api_virtualenv.py for tasks to queue
[2023-12-27T09:45:27.332+0545] {logging_mixin.py:188} INFO - [2023-12-27T09:45:27.332+0545] {dagbag.py:538} INFO - Filling up the DagBag from /home/sarita/Documents/apache-airflow-project/.venv/lib/python3.9/site-packages/airflow/example_dags/tutorial_taskflow_api_virtualenv.py
[2023-12-27T09:45:27.337+0545] {processor.py:840} INFO - DAG(s) 'tutorial_taskflow_api_virtualenv' retrieved from /home/sarita/Documents/apache-airflow-project/.venv/lib/python3.9/site-packages/airflow/example_dags/tutorial_taskflow_api_virtualenv.py
[2023-12-27T09:45:27.347+0545] {logging_mixin.py:188} INFO - [2023-12-27T09:45:27.347+0545] {dag.py:3033} INFO - Sync 1 DAGs
[2023-12-27T09:45:27.357+0545] {logging_mixin.py:188} INFO - [2023-12-27T09:45:27.356+0545] {dag.py:3820} INFO - Setting next_dagrun for tutorial_taskflow_api_virtualenv to None, run_after=None
[2023-12-27T09:45:27.377+0545] {processor.py:183} INFO - Processing /home/sarita/Documents/apache-airflow-project/.venv/lib/python3.9/site-packages/airflow/example_dags/tutorial_taskflow_api_virtualenv.py took 0.048 seconds
[2023-12-27T09:46:19.553+0545] {processor.py:161} INFO - Started process (PID=8492) to work on /home/sarita/Documents/apache-airflow-project/.venv/lib/python3.9/site-packages/airflow/example_dags/tutorial_taskflow_api_virtualenv.py
[2023-12-27T09:46:19.555+0545] {processor.py:830} INFO - Processing file /home/sarita/Documents/apache-airflow-project/.venv/lib/python3.9/site-packages/airflow/example_dags/tutorial_taskflow_api_virtualenv.py for tasks to queue
[2023-12-27T09:46:19.556+0545] {logging_mixin.py:188} INFO - [2023-12-27T09:46:19.555+0545] {dagbag.py:538} INFO - Filling up the DagBag from /home/sarita/Documents/apache-airflow-project/.venv/lib/python3.9/site-packages/airflow/example_dags/tutorial_taskflow_api_virtualenv.py
[2023-12-27T09:46:19.562+0545] {processor.py:840} INFO - DAG(s) 'tutorial_taskflow_api_virtualenv' retrieved from /home/sarita/Documents/apache-airflow-project/.venv/lib/python3.9/site-packages/airflow/example_dags/tutorial_taskflow_api_virtualenv.py
[2023-12-27T09:46:19.575+0545] {logging_mixin.py:188} INFO - [2023-12-27T09:46:19.575+0545] {dag.py:3033} INFO - Sync 1 DAGs
[2023-12-27T09:46:19.584+0545] {logging_mixin.py:188} INFO - [2023-12-27T09:46:19.584+0545] {dag.py:3820} INFO - Setting next_dagrun for tutorial_taskflow_api_virtualenv to None, run_after=None
[2023-12-27T09:46:19.670+0545] {processor.py:183} INFO - Processing /home/sarita/Documents/apache-airflow-project/.venv/lib/python3.9/site-packages/airflow/example_dags/tutorial_taskflow_api_virtualenv.py took 0.120 seconds
[2023-12-27T09:47:18.030+0545] {processor.py:161} INFO - Started process (PID=8551) to work on /home/sarita/Documents/apache-airflow-project/.venv/lib/python3.9/site-packages/airflow/example_dags/tutorial_taskflow_api_virtualenv.py
[2023-12-27T09:47:18.032+0545] {processor.py:830} INFO - Processing file /home/sarita/Documents/apache-airflow-project/.venv/lib/python3.9/site-packages/airflow/example_dags/tutorial_taskflow_api_virtualenv.py for tasks to queue
[2023-12-27T09:47:18.033+0545] {logging_mixin.py:188} INFO - [2023-12-27T09:47:18.033+0545] {dagbag.py:538} INFO - Filling up the DagBag from /home/sarita/Documents/apache-airflow-project/.venv/lib/python3.9/site-packages/airflow/example_dags/tutorial_taskflow_api_virtualenv.py
[2023-12-27T09:47:18.039+0545] {processor.py:840} INFO - DAG(s) 'tutorial_taskflow_api_virtualenv' retrieved from /home/sarita/Documents/apache-airflow-project/.venv/lib/python3.9/site-packages/airflow/example_dags/tutorial_taskflow_api_virtualenv.py
[2023-12-27T09:47:18.052+0545] {logging_mixin.py:188} INFO - [2023-12-27T09:47:18.052+0545] {dag.py:3033} INFO - Sync 1 DAGs
[2023-12-27T09:47:18.062+0545] {logging_mixin.py:188} INFO - [2023-12-27T09:47:18.062+0545] {dag.py:3820} INFO - Setting next_dagrun for tutorial_taskflow_api_virtualenv to None, run_after=None
[2023-12-27T09:47:18.081+0545] {processor.py:183} INFO - Processing /home/sarita/Documents/apache-airflow-project/.venv/lib/python3.9/site-packages/airflow/example_dags/tutorial_taskflow_api_virtualenv.py took 0.053 seconds
[2023-12-27T09:48:17.148+0545] {processor.py:161} INFO - Started process (PID=8637) to work on /home/sarita/Documents/apache-airflow-project/.venv/lib/python3.9/site-packages/airflow/example_dags/tutorial_taskflow_api_virtualenv.py
[2023-12-27T09:48:17.151+0545] {processor.py:830} INFO - Processing file /home/sarita/Documents/apache-airflow-project/.venv/lib/python3.9/site-packages/airflow/example_dags/tutorial_taskflow_api_virtualenv.py for tasks to queue
[2023-12-27T09:48:17.152+0545] {logging_mixin.py:188} INFO - [2023-12-27T09:48:17.151+0545] {dagbag.py:538} INFO - Filling up the DagBag from /home/sarita/Documents/apache-airflow-project/.venv/lib/python3.9/site-packages/airflow/example_dags/tutorial_taskflow_api_virtualenv.py
[2023-12-27T09:48:17.158+0545] {processor.py:840} INFO - DAG(s) 'tutorial_taskflow_api_virtualenv' retrieved from /home/sarita/Documents/apache-airflow-project/.venv/lib/python3.9/site-packages/airflow/example_dags/tutorial_taskflow_api_virtualenv.py
[2023-12-27T09:48:17.168+0545] {logging_mixin.py:188} INFO - [2023-12-27T09:48:17.168+0545] {dag.py:3033} INFO - Sync 1 DAGs
[2023-12-27T09:48:17.178+0545] {logging_mixin.py:188} INFO - [2023-12-27T09:48:17.178+0545] {dag.py:3820} INFO - Setting next_dagrun for tutorial_taskflow_api_virtualenv to None, run_after=None
[2023-12-27T09:48:17.195+0545] {processor.py:183} INFO - Processing /home/sarita/Documents/apache-airflow-project/.venv/lib/python3.9/site-packages/airflow/example_dags/tutorial_taskflow_api_virtualenv.py took 0.050 seconds
[2023-12-27T09:49:10.631+0545] {processor.py:161} INFO - Started process (PID=8694) to work on /home/sarita/Documents/apache-airflow-project/.venv/lib/python3.9/site-packages/airflow/example_dags/tutorial_taskflow_api_virtualenv.py
[2023-12-27T09:49:10.633+0545] {processor.py:830} INFO - Processing file /home/sarita/Documents/apache-airflow-project/.venv/lib/python3.9/site-packages/airflow/example_dags/tutorial_taskflow_api_virtualenv.py for tasks to queue
[2023-12-27T09:49:10.635+0545] {logging_mixin.py:188} INFO - [2023-12-27T09:49:10.634+0545] {dagbag.py:538} INFO - Filling up the DagBag from /home/sarita/Documents/apache-airflow-project/.venv/lib/python3.9/site-packages/airflow/example_dags/tutorial_taskflow_api_virtualenv.py
[2023-12-27T09:49:10.643+0545] {processor.py:840} INFO - DAG(s) 'tutorial_taskflow_api_virtualenv' retrieved from /home/sarita/Documents/apache-airflow-project/.venv/lib/python3.9/site-packages/airflow/example_dags/tutorial_taskflow_api_virtualenv.py
[2023-12-27T09:49:10.660+0545] {logging_mixin.py:188} INFO - [2023-12-27T09:49:10.660+0545] {dag.py:3033} INFO - Sync 1 DAGs
[2023-12-27T09:49:10.670+0545] {logging_mixin.py:188} INFO - [2023-12-27T09:49:10.670+0545] {dag.py:3820} INFO - Setting next_dagrun for tutorial_taskflow_api_virtualenv to None, run_after=None
[2023-12-27T09:49:10.687+0545] {processor.py:183} INFO - Processing /home/sarita/Documents/apache-airflow-project/.venv/lib/python3.9/site-packages/airflow/example_dags/tutorial_taskflow_api_virtualenv.py took 0.059 seconds
[2023-12-27T09:50:06.908+0545] {processor.py:161} INFO - Started process (PID=8755) to work on /home/sarita/Documents/apache-airflow-project/.venv/lib/python3.9/site-packages/airflow/example_dags/tutorial_taskflow_api_virtualenv.py
[2023-12-27T09:50:06.912+0545] {processor.py:830} INFO - Processing file /home/sarita/Documents/apache-airflow-project/.venv/lib/python3.9/site-packages/airflow/example_dags/tutorial_taskflow_api_virtualenv.py for tasks to queue
[2023-12-27T09:50:06.913+0545] {logging_mixin.py:188} INFO - [2023-12-27T09:50:06.913+0545] {dagbag.py:538} INFO - Filling up the DagBag from /home/sarita/Documents/apache-airflow-project/.venv/lib/python3.9/site-packages/airflow/example_dags/tutorial_taskflow_api_virtualenv.py
[2023-12-27T09:50:06.922+0545] {processor.py:840} INFO - DAG(s) 'tutorial_taskflow_api_virtualenv' retrieved from /home/sarita/Documents/apache-airflow-project/.venv/lib/python3.9/site-packages/airflow/example_dags/tutorial_taskflow_api_virtualenv.py
[2023-12-27T09:50:06.936+0545] {logging_mixin.py:188} INFO - [2023-12-27T09:50:06.936+0545] {dag.py:3033} INFO - Sync 1 DAGs
[2023-12-27T09:50:06.945+0545] {logging_mixin.py:188} INFO - [2023-12-27T09:50:06.945+0545] {dag.py:3820} INFO - Setting next_dagrun for tutorial_taskflow_api_virtualenv to None, run_after=None
[2023-12-27T09:50:06.962+0545] {processor.py:183} INFO - Processing /home/sarita/Documents/apache-airflow-project/.venv/lib/python3.9/site-packages/airflow/example_dags/tutorial_taskflow_api_virtualenv.py took 0.059 seconds
[2023-12-27T09:51:05.007+0545] {processor.py:161} INFO - Started process (PID=8858) to work on /home/sarita/Documents/apache-airflow-project/.venv/lib/python3.9/site-packages/airflow/example_dags/tutorial_taskflow_api_virtualenv.py
[2023-12-27T09:51:05.009+0545] {processor.py:830} INFO - Processing file /home/sarita/Documents/apache-airflow-project/.venv/lib/python3.9/site-packages/airflow/example_dags/tutorial_taskflow_api_virtualenv.py for tasks to queue
[2023-12-27T09:51:05.010+0545] {logging_mixin.py:188} INFO - [2023-12-27T09:51:05.009+0545] {dagbag.py:538} INFO - Filling up the DagBag from /home/sarita/Documents/apache-airflow-project/.venv/lib/python3.9/site-packages/airflow/example_dags/tutorial_taskflow_api_virtualenv.py
[2023-12-27T09:51:05.014+0545] {processor.py:840} INFO - DAG(s) 'tutorial_taskflow_api_virtualenv' retrieved from /home/sarita/Documents/apache-airflow-project/.venv/lib/python3.9/site-packages/airflow/example_dags/tutorial_taskflow_api_virtualenv.py
[2023-12-27T09:51:05.025+0545] {logging_mixin.py:188} INFO - [2023-12-27T09:51:05.025+0545] {dag.py:3033} INFO - Sync 1 DAGs
[2023-12-27T09:51:05.034+0545] {logging_mixin.py:188} INFO - [2023-12-27T09:51:05.033+0545] {dag.py:3820} INFO - Setting next_dagrun for tutorial_taskflow_api_virtualenv to None, run_after=None
[2023-12-27T09:51:05.051+0545] {processor.py:183} INFO - Processing /home/sarita/Documents/apache-airflow-project/.venv/lib/python3.9/site-packages/airflow/example_dags/tutorial_taskflow_api_virtualenv.py took 0.046 seconds
[2023-12-27T09:52:03.590+0545] {processor.py:161} INFO - Started process (PID=8933) to work on /home/sarita/Documents/apache-airflow-project/.venv/lib/python3.9/site-packages/airflow/example_dags/tutorial_taskflow_api_virtualenv.py
[2023-12-27T09:52:03.594+0545] {processor.py:830} INFO - Processing file /home/sarita/Documents/apache-airflow-project/.venv/lib/python3.9/site-packages/airflow/example_dags/tutorial_taskflow_api_virtualenv.py for tasks to queue
[2023-12-27T09:52:03.597+0545] {logging_mixin.py:188} INFO - [2023-12-27T09:52:03.596+0545] {dagbag.py:538} INFO - Filling up the DagBag from /home/sarita/Documents/apache-airflow-project/.venv/lib/python3.9/site-packages/airflow/example_dags/tutorial_taskflow_api_virtualenv.py
[2023-12-27T09:52:03.608+0545] {processor.py:840} INFO - DAG(s) 'tutorial_taskflow_api_virtualenv' retrieved from /home/sarita/Documents/apache-airflow-project/.venv/lib/python3.9/site-packages/airflow/example_dags/tutorial_taskflow_api_virtualenv.py
[2023-12-27T09:52:03.623+0545] {logging_mixin.py:188} INFO - [2023-12-27T09:52:03.622+0545] {dag.py:3033} INFO - Sync 1 DAGs
[2023-12-27T09:52:03.631+0545] {logging_mixin.py:188} INFO - [2023-12-27T09:52:03.631+0545] {dag.py:3820} INFO - Setting next_dagrun for tutorial_taskflow_api_virtualenv to None, run_after=None
[2023-12-27T09:52:03.648+0545] {processor.py:183} INFO - Processing /home/sarita/Documents/apache-airflow-project/.venv/lib/python3.9/site-packages/airflow/example_dags/tutorial_taskflow_api_virtualenv.py took 0.067 seconds
[2023-12-27T12:16:26.923+0545] {processor.py:161} INFO - Started process (PID=13349) to work on /home/sarita/Documents/apache-airflow-project/.venv/lib/python3.9/site-packages/airflow/example_dags/tutorial_taskflow_api_virtualenv.py
[2023-12-27T12:16:26.924+0545] {processor.py:830} INFO - Processing file /home/sarita/Documents/apache-airflow-project/.venv/lib/python3.9/site-packages/airflow/example_dags/tutorial_taskflow_api_virtualenv.py for tasks to queue
[2023-12-27T12:16:26.924+0545] {logging_mixin.py:188} INFO - [2023-12-27T12:16:26.924+0545] {dagbag.py:538} INFO - Filling up the DagBag from /home/sarita/Documents/apache-airflow-project/.venv/lib/python3.9/site-packages/airflow/example_dags/tutorial_taskflow_api_virtualenv.py
[2023-12-27T12:16:26.930+0545] {processor.py:840} INFO - DAG(s) 'tutorial_taskflow_api_virtualenv' retrieved from /home/sarita/Documents/apache-airflow-project/.venv/lib/python3.9/site-packages/airflow/example_dags/tutorial_taskflow_api_virtualenv.py
[2023-12-27T12:16:26.943+0545] {logging_mixin.py:188} INFO - [2023-12-27T12:16:26.943+0545] {dag.py:3033} INFO - Sync 1 DAGs
[2023-12-27T12:16:26.955+0545] {logging_mixin.py:188} INFO - [2023-12-27T12:16:26.954+0545] {dag.py:3820} INFO - Setting next_dagrun for tutorial_taskflow_api_virtualenv to None, run_after=None
[2023-12-27T12:16:26.973+0545] {processor.py:183} INFO - Processing /home/sarita/Documents/apache-airflow-project/.venv/lib/python3.9/site-packages/airflow/example_dags/tutorial_taskflow_api_virtualenv.py took 0.052 seconds
[2023-12-27T12:21:33.925+0545] {processor.py:161} INFO - Started process (PID=13873) to work on /home/sarita/Documents/apache-airflow-project/.venv/lib/python3.9/site-packages/airflow/example_dags/tutorial_taskflow_api_virtualenv.py
[2023-12-27T12:21:33.927+0545] {processor.py:830} INFO - Processing file /home/sarita/Documents/apache-airflow-project/.venv/lib/python3.9/site-packages/airflow/example_dags/tutorial_taskflow_api_virtualenv.py for tasks to queue
[2023-12-27T12:21:33.929+0545] {logging_mixin.py:188} INFO - [2023-12-27T12:21:33.928+0545] {dagbag.py:538} INFO - Filling up the DagBag from /home/sarita/Documents/apache-airflow-project/.venv/lib/python3.9/site-packages/airflow/example_dags/tutorial_taskflow_api_virtualenv.py
[2023-12-27T12:21:33.953+0545] {processor.py:840} INFO - DAG(s) 'tutorial_taskflow_api_virtualenv' retrieved from /home/sarita/Documents/apache-airflow-project/.venv/lib/python3.9/site-packages/airflow/example_dags/tutorial_taskflow_api_virtualenv.py
[2023-12-27T12:21:33.970+0545] {logging_mixin.py:188} INFO - [2023-12-27T12:21:33.970+0545] {dag.py:3033} INFO - Sync 1 DAGs
[2023-12-27T12:21:33.984+0545] {logging_mixin.py:188} INFO - [2023-12-27T12:21:33.983+0545] {dag.py:3820} INFO - Setting next_dagrun for tutorial_taskflow_api_virtualenv to None, run_after=None
[2023-12-27T12:21:34.015+0545] {processor.py:183} INFO - Processing /home/sarita/Documents/apache-airflow-project/.venv/lib/python3.9/site-packages/airflow/example_dags/tutorial_taskflow_api_virtualenv.py took 0.097 seconds
[2023-12-27T12:39:26.568+0545] {processor.py:161} INFO - Started process (PID=15383) to work on /home/sarita/Documents/apache-airflow-project/.venv/lib/python3.9/site-packages/airflow/example_dags/tutorial_taskflow_api_virtualenv.py
[2023-12-27T12:39:26.576+0545] {processor.py:830} INFO - Processing file /home/sarita/Documents/apache-airflow-project/.venv/lib/python3.9/site-packages/airflow/example_dags/tutorial_taskflow_api_virtualenv.py for tasks to queue
[2023-12-27T12:39:26.579+0545] {logging_mixin.py:188} INFO - [2023-12-27T12:39:26.578+0545] {dagbag.py:538} INFO - Filling up the DagBag from /home/sarita/Documents/apache-airflow-project/.venv/lib/python3.9/site-packages/airflow/example_dags/tutorial_taskflow_api_virtualenv.py
[2023-12-27T12:39:26.600+0545] {processor.py:840} INFO - DAG(s) 'tutorial_taskflow_api_virtualenv' retrieved from /home/sarita/Documents/apache-airflow-project/.venv/lib/python3.9/site-packages/airflow/example_dags/tutorial_taskflow_api_virtualenv.py
[2023-12-27T12:39:26.618+0545] {logging_mixin.py:188} INFO - [2023-12-27T12:39:26.618+0545] {dag.py:3033} INFO - Sync 1 DAGs
[2023-12-27T12:39:26.628+0545] {logging_mixin.py:188} INFO - [2023-12-27T12:39:26.628+0545] {dag.py:3820} INFO - Setting next_dagrun for tutorial_taskflow_api_virtualenv to None, run_after=None
[2023-12-27T12:39:26.706+0545] {processor.py:183} INFO - Processing /home/sarita/Documents/apache-airflow-project/.venv/lib/python3.9/site-packages/airflow/example_dags/tutorial_taskflow_api_virtualenv.py took 0.141 seconds
[2023-12-27T12:42:06.228+0545] {processor.py:161} INFO - Started process (PID=16577) to work on /home/sarita/Documents/apache-airflow-project/.venv/lib/python3.9/site-packages/airflow/example_dags/tutorial_taskflow_api_virtualenv.py
[2023-12-27T12:42:06.230+0545] {processor.py:830} INFO - Processing file /home/sarita/Documents/apache-airflow-project/.venv/lib/python3.9/site-packages/airflow/example_dags/tutorial_taskflow_api_virtualenv.py for tasks to queue
[2023-12-27T12:42:06.230+0545] {logging_mixin.py:188} INFO - [2023-12-27T12:42:06.230+0545] {dagbag.py:538} INFO - Filling up the DagBag from /home/sarita/Documents/apache-airflow-project/.venv/lib/python3.9/site-packages/airflow/example_dags/tutorial_taskflow_api_virtualenv.py
[2023-12-27T12:42:06.236+0545] {processor.py:840} INFO - DAG(s) 'tutorial_taskflow_api_virtualenv' retrieved from /home/sarita/Documents/apache-airflow-project/.venv/lib/python3.9/site-packages/airflow/example_dags/tutorial_taskflow_api_virtualenv.py
[2023-12-27T12:42:06.248+0545] {logging_mixin.py:188} INFO - [2023-12-27T12:42:06.248+0545] {dag.py:3033} INFO - Sync 1 DAGs
[2023-12-27T12:42:06.259+0545] {logging_mixin.py:188} INFO - [2023-12-27T12:42:06.259+0545] {dag.py:3820} INFO - Setting next_dagrun for tutorial_taskflow_api_virtualenv to None, run_after=None
[2023-12-27T12:42:06.281+0545] {processor.py:183} INFO - Processing /home/sarita/Documents/apache-airflow-project/.venv/lib/python3.9/site-packages/airflow/example_dags/tutorial_taskflow_api_virtualenv.py took 0.055 seconds
[2023-12-27T12:46:24.491+0545] {processor.py:161} INFO - Started process (PID=17143) to work on /home/sarita/Documents/apache-airflow-project/.venv/lib/python3.9/site-packages/airflow/example_dags/tutorial_taskflow_api_virtualenv.py
[2023-12-27T12:46:24.495+0545] {processor.py:830} INFO - Processing file /home/sarita/Documents/apache-airflow-project/.venv/lib/python3.9/site-packages/airflow/example_dags/tutorial_taskflow_api_virtualenv.py for tasks to queue
[2023-12-27T12:46:24.497+0545] {logging_mixin.py:188} INFO - [2023-12-27T12:46:24.496+0545] {dagbag.py:538} INFO - Filling up the DagBag from /home/sarita/Documents/apache-airflow-project/.venv/lib/python3.9/site-packages/airflow/example_dags/tutorial_taskflow_api_virtualenv.py
[2023-12-27T12:46:24.510+0545] {processor.py:840} INFO - DAG(s) 'tutorial_taskflow_api_virtualenv' retrieved from /home/sarita/Documents/apache-airflow-project/.venv/lib/python3.9/site-packages/airflow/example_dags/tutorial_taskflow_api_virtualenv.py
[2023-12-27T12:46:24.527+0545] {logging_mixin.py:188} INFO - [2023-12-27T12:46:24.526+0545] {dag.py:3033} INFO - Sync 1 DAGs
[2023-12-27T12:46:24.536+0545] {logging_mixin.py:188} INFO - [2023-12-27T12:46:24.536+0545] {dag.py:3820} INFO - Setting next_dagrun for tutorial_taskflow_api_virtualenv to None, run_after=None
[2023-12-27T12:46:24.552+0545] {processor.py:183} INFO - Processing /home/sarita/Documents/apache-airflow-project/.venv/lib/python3.9/site-packages/airflow/example_dags/tutorial_taskflow_api_virtualenv.py took 0.069 seconds
[2023-12-27T12:52:31.187+0545] {processor.py:161} INFO - Started process (PID=17610) to work on /home/sarita/Documents/apache-airflow-project/.venv/lib/python3.9/site-packages/airflow/example_dags/tutorial_taskflow_api_virtualenv.py
[2023-12-27T12:52:31.189+0545] {processor.py:830} INFO - Processing file /home/sarita/Documents/apache-airflow-project/.venv/lib/python3.9/site-packages/airflow/example_dags/tutorial_taskflow_api_virtualenv.py for tasks to queue
[2023-12-27T12:52:31.190+0545] {logging_mixin.py:188} INFO - [2023-12-27T12:52:31.190+0545] {dagbag.py:538} INFO - Filling up the DagBag from /home/sarita/Documents/apache-airflow-project/.venv/lib/python3.9/site-packages/airflow/example_dags/tutorial_taskflow_api_virtualenv.py
[2023-12-27T12:52:31.195+0545] {processor.py:840} INFO - DAG(s) 'tutorial_taskflow_api_virtualenv' retrieved from /home/sarita/Documents/apache-airflow-project/.venv/lib/python3.9/site-packages/airflow/example_dags/tutorial_taskflow_api_virtualenv.py
[2023-12-27T12:52:31.210+0545] {logging_mixin.py:188} INFO - [2023-12-27T12:52:31.209+0545] {dag.py:3033} INFO - Sync 1 DAGs
[2023-12-27T12:52:31.221+0545] {logging_mixin.py:188} INFO - [2023-12-27T12:52:31.220+0545] {dag.py:3820} INFO - Setting next_dagrun for tutorial_taskflow_api_virtualenv to None, run_after=None
[2023-12-27T12:52:31.237+0545] {processor.py:183} INFO - Processing /home/sarita/Documents/apache-airflow-project/.venv/lib/python3.9/site-packages/airflow/example_dags/tutorial_taskflow_api_virtualenv.py took 0.051 seconds
[2023-12-27T12:53:20.775+0545] {processor.py:161} INFO - Started process (PID=17716) to work on /home/sarita/Documents/apache-airflow-project/.venv/lib/python3.9/site-packages/airflow/example_dags/tutorial_taskflow_api_virtualenv.py
[2023-12-27T12:53:20.778+0545] {processor.py:830} INFO - Processing file /home/sarita/Documents/apache-airflow-project/.venv/lib/python3.9/site-packages/airflow/example_dags/tutorial_taskflow_api_virtualenv.py for tasks to queue
[2023-12-27T12:53:20.781+0545] {logging_mixin.py:188} INFO - [2023-12-27T12:53:20.780+0545] {dagbag.py:538} INFO - Filling up the DagBag from /home/sarita/Documents/apache-airflow-project/.venv/lib/python3.9/site-packages/airflow/example_dags/tutorial_taskflow_api_virtualenv.py
[2023-12-27T12:53:20.800+0545] {processor.py:840} INFO - DAG(s) 'tutorial_taskflow_api_virtualenv' retrieved from /home/sarita/Documents/apache-airflow-project/.venv/lib/python3.9/site-packages/airflow/example_dags/tutorial_taskflow_api_virtualenv.py
[2023-12-27T12:53:20.843+0545] {logging_mixin.py:188} INFO - [2023-12-27T12:53:20.843+0545] {dag.py:3033} INFO - Sync 1 DAGs
[2023-12-27T12:53:20.872+0545] {logging_mixin.py:188} INFO - [2023-12-27T12:53:20.872+0545] {dag.py:3820} INFO - Setting next_dagrun for tutorial_taskflow_api_virtualenv to None, run_after=None
[2023-12-27T12:53:20.898+0545] {processor.py:183} INFO - Processing /home/sarita/Documents/apache-airflow-project/.venv/lib/python3.9/site-packages/airflow/example_dags/tutorial_taskflow_api_virtualenv.py took 0.130 seconds
[2023-12-27T12:54:50.303+0545] {processor.py:161} INFO - Started process (PID=17879) to work on /home/sarita/Documents/apache-airflow-project/.venv/lib/python3.9/site-packages/airflow/example_dags/tutorial_taskflow_api_virtualenv.py
[2023-12-27T12:54:50.306+0545] {processor.py:830} INFO - Processing file /home/sarita/Documents/apache-airflow-project/.venv/lib/python3.9/site-packages/airflow/example_dags/tutorial_taskflow_api_virtualenv.py for tasks to queue
[2023-12-27T12:54:50.306+0545] {logging_mixin.py:188} INFO - [2023-12-27T12:54:50.306+0545] {dagbag.py:538} INFO - Filling up the DagBag from /home/sarita/Documents/apache-airflow-project/.venv/lib/python3.9/site-packages/airflow/example_dags/tutorial_taskflow_api_virtualenv.py
[2023-12-27T12:54:50.311+0545] {processor.py:840} INFO - DAG(s) 'tutorial_taskflow_api_virtualenv' retrieved from /home/sarita/Documents/apache-airflow-project/.venv/lib/python3.9/site-packages/airflow/example_dags/tutorial_taskflow_api_virtualenv.py
[2023-12-27T12:54:50.323+0545] {logging_mixin.py:188} INFO - [2023-12-27T12:54:50.322+0545] {dag.py:3033} INFO - Sync 1 DAGs
[2023-12-27T12:54:50.332+0545] {logging_mixin.py:188} INFO - [2023-12-27T12:54:50.332+0545] {dag.py:3820} INFO - Setting next_dagrun for tutorial_taskflow_api_virtualenv to None, run_after=None
[2023-12-27T12:54:50.349+0545] {processor.py:183} INFO - Processing /home/sarita/Documents/apache-airflow-project/.venv/lib/python3.9/site-packages/airflow/example_dags/tutorial_taskflow_api_virtualenv.py took 0.047 seconds
[2023-12-27T12:58:08.267+0545] {processor.py:161} INFO - Started process (PID=18088) to work on /home/sarita/Documents/apache-airflow-project/.venv/lib/python3.9/site-packages/airflow/example_dags/tutorial_taskflow_api_virtualenv.py
[2023-12-27T12:58:08.269+0545] {processor.py:830} INFO - Processing file /home/sarita/Documents/apache-airflow-project/.venv/lib/python3.9/site-packages/airflow/example_dags/tutorial_taskflow_api_virtualenv.py for tasks to queue
[2023-12-27T12:58:08.270+0545] {logging_mixin.py:188} INFO - [2023-12-27T12:58:08.270+0545] {dagbag.py:538} INFO - Filling up the DagBag from /home/sarita/Documents/apache-airflow-project/.venv/lib/python3.9/site-packages/airflow/example_dags/tutorial_taskflow_api_virtualenv.py
[2023-12-27T12:58:08.276+0545] {processor.py:840} INFO - DAG(s) 'tutorial_taskflow_api_virtualenv' retrieved from /home/sarita/Documents/apache-airflow-project/.venv/lib/python3.9/site-packages/airflow/example_dags/tutorial_taskflow_api_virtualenv.py
[2023-12-27T12:58:08.291+0545] {logging_mixin.py:188} INFO - [2023-12-27T12:58:08.291+0545] {dag.py:3033} INFO - Sync 1 DAGs
[2023-12-27T12:58:08.302+0545] {logging_mixin.py:188} INFO - [2023-12-27T12:58:08.302+0545] {dag.py:3820} INFO - Setting next_dagrun for tutorial_taskflow_api_virtualenv to None, run_after=None
[2023-12-27T12:58:08.411+0545] {processor.py:183} INFO - Processing /home/sarita/Documents/apache-airflow-project/.venv/lib/python3.9/site-packages/airflow/example_dags/tutorial_taskflow_api_virtualenv.py took 0.146 seconds
