[2023-12-27T09:36:38.820+0545] {processor.py:161} INFO - Started process (PID=6899) to work on /home/sarita/Documents/apache-airflow-project/.venv/lib/python3.9/site-packages/airflow/example_dags/tutorial.py
[2023-12-27T09:36:38.822+0545] {processor.py:830} INFO - Processing file /home/sarita/Documents/apache-airflow-project/.venv/lib/python3.9/site-packages/airflow/example_dags/tutorial.py for tasks to queue
[2023-12-27T09:36:38.825+0545] {logging_mixin.py:188} INFO - [2023-12-27T09:36:38.824+0545] {dagbag.py:538} INFO - Filling up the DagBag from /home/sarita/Documents/apache-airflow-project/.venv/lib/python3.9/site-packages/airflow/example_dags/tutorial.py
[2023-12-27T09:36:38.838+0545] {processor.py:840} INFO - DAG(s) 'tutorial' retrieved from /home/sarita/Documents/apache-airflow-project/.venv/lib/python3.9/site-packages/airflow/example_dags/tutorial.py
[2023-12-27T09:36:38.924+0545] {logging_mixin.py:188} INFO - [2023-12-27T09:36:38.924+0545] {dag.py:3033} INFO - Sync 1 DAGs
[2023-12-27T09:36:38.940+0545] {logging_mixin.py:188} INFO - [2023-12-27T09:36:38.940+0545] {dag.py:3820} INFO - Setting next_dagrun for tutorial to 2023-12-26T00:00:00+00:00, run_after=2023-12-27T00:00:00+00:00
[2023-12-27T09:36:38.958+0545] {processor.py:183} INFO - Processing /home/sarita/Documents/apache-airflow-project/.venv/lib/python3.9/site-packages/airflow/example_dags/tutorial.py took 0.146 seconds
[2023-12-27T09:37:27.274+0545] {processor.py:161} INFO - Started process (PID=6958) to work on /home/sarita/Documents/apache-airflow-project/.venv/lib/python3.9/site-packages/airflow/example_dags/tutorial.py
[2023-12-27T09:37:27.276+0545] {processor.py:830} INFO - Processing file /home/sarita/Documents/apache-airflow-project/.venv/lib/python3.9/site-packages/airflow/example_dags/tutorial.py for tasks to queue
[2023-12-27T09:37:27.276+0545] {logging_mixin.py:188} INFO - [2023-12-27T09:37:27.276+0545] {dagbag.py:538} INFO - Filling up the DagBag from /home/sarita/Documents/apache-airflow-project/.venv/lib/python3.9/site-packages/airflow/example_dags/tutorial.py
[2023-12-27T09:37:27.281+0545] {processor.py:840} INFO - DAG(s) 'tutorial' retrieved from /home/sarita/Documents/apache-airflow-project/.venv/lib/python3.9/site-packages/airflow/example_dags/tutorial.py
[2023-12-27T09:37:27.292+0545] {logging_mixin.py:188} INFO - [2023-12-27T09:37:27.292+0545] {dag.py:3033} INFO - Sync 1 DAGs
[2023-12-27T09:37:27.308+0545] {logging_mixin.py:188} INFO - [2023-12-27T09:37:27.308+0545] {dag.py:3820} INFO - Setting next_dagrun for tutorial to 2023-12-26T00:00:00+00:00, run_after=2023-12-27T00:00:00+00:00
[2023-12-27T09:37:27.326+0545] {processor.py:183} INFO - Processing /home/sarita/Documents/apache-airflow-project/.venv/lib/python3.9/site-packages/airflow/example_dags/tutorial.py took 0.054 seconds
[2023-12-27T09:38:15.926+0545] {processor.py:161} INFO - Started process (PID=7019) to work on /home/sarita/Documents/apache-airflow-project/.venv/lib/python3.9/site-packages/airflow/example_dags/tutorial.py
[2023-12-27T09:38:15.928+0545] {processor.py:830} INFO - Processing file /home/sarita/Documents/apache-airflow-project/.venv/lib/python3.9/site-packages/airflow/example_dags/tutorial.py for tasks to queue
[2023-12-27T09:38:15.929+0545] {logging_mixin.py:188} INFO - [2023-12-27T09:38:15.929+0545] {dagbag.py:538} INFO - Filling up the DagBag from /home/sarita/Documents/apache-airflow-project/.venv/lib/python3.9/site-packages/airflow/example_dags/tutorial.py
[2023-12-27T09:38:15.937+0545] {processor.py:840} INFO - DAG(s) 'tutorial' retrieved from /home/sarita/Documents/apache-airflow-project/.venv/lib/python3.9/site-packages/airflow/example_dags/tutorial.py
[2023-12-27T09:38:15.952+0545] {logging_mixin.py:188} INFO - [2023-12-27T09:38:15.952+0545] {dag.py:3033} INFO - Sync 1 DAGs
[2023-12-27T09:38:15.969+0545] {logging_mixin.py:188} INFO - [2023-12-27T09:38:15.969+0545] {dag.py:3820} INFO - Setting next_dagrun for tutorial to 2023-12-26T00:00:00+00:00, run_after=2023-12-27T00:00:00+00:00
[2023-12-27T09:38:15.987+0545] {processor.py:183} INFO - Processing /home/sarita/Documents/apache-airflow-project/.venv/lib/python3.9/site-packages/airflow/example_dags/tutorial.py took 0.065 seconds
[2023-12-27T09:38:54.120+0545] {processor.py:161} INFO - Started process (PID=7117) to work on /home/sarita/Documents/apache-airflow-project/.venv/lib/python3.9/site-packages/airflow/example_dags/tutorial.py
[2023-12-27T09:38:54.122+0545] {processor.py:830} INFO - Processing file /home/sarita/Documents/apache-airflow-project/.venv/lib/python3.9/site-packages/airflow/example_dags/tutorial.py for tasks to queue
[2023-12-27T09:38:54.123+0545] {logging_mixin.py:188} INFO - [2023-12-27T09:38:54.122+0545] {dagbag.py:538} INFO - Filling up the DagBag from /home/sarita/Documents/apache-airflow-project/.venv/lib/python3.9/site-packages/airflow/example_dags/tutorial.py
[2023-12-27T09:38:54.127+0545] {processor.py:840} INFO - DAG(s) 'tutorial' retrieved from /home/sarita/Documents/apache-airflow-project/.venv/lib/python3.9/site-packages/airflow/example_dags/tutorial.py
[2023-12-27T09:38:54.138+0545] {logging_mixin.py:188} INFO - [2023-12-27T09:38:54.138+0545] {dag.py:3033} INFO - Sync 1 DAGs
[2023-12-27T09:38:54.154+0545] {logging_mixin.py:188} INFO - [2023-12-27T09:38:54.154+0545] {dag.py:3820} INFO - Setting next_dagrun for tutorial to 2023-12-26T00:00:00+00:00, run_after=2023-12-27T00:00:00+00:00
[2023-12-27T09:38:54.172+0545] {processor.py:183} INFO - Processing /home/sarita/Documents/apache-airflow-project/.venv/lib/python3.9/site-packages/airflow/example_dags/tutorial.py took 0.054 seconds
[2023-12-27T09:39:30.483+0545] {processor.py:161} INFO - Started process (PID=7162) to work on /home/sarita/Documents/apache-airflow-project/.venv/lib/python3.9/site-packages/airflow/example_dags/tutorial.py
[2023-12-27T09:39:30.486+0545] {processor.py:830} INFO - Processing file /home/sarita/Documents/apache-airflow-project/.venv/lib/python3.9/site-packages/airflow/example_dags/tutorial.py for tasks to queue
[2023-12-27T09:39:30.488+0545] {logging_mixin.py:188} INFO - [2023-12-27T09:39:30.487+0545] {dagbag.py:538} INFO - Filling up the DagBag from /home/sarita/Documents/apache-airflow-project/.venv/lib/python3.9/site-packages/airflow/example_dags/tutorial.py
[2023-12-27T09:39:30.499+0545] {processor.py:840} INFO - DAG(s) 'tutorial' retrieved from /home/sarita/Documents/apache-airflow-project/.venv/lib/python3.9/site-packages/airflow/example_dags/tutorial.py
[2023-12-27T09:39:30.513+0545] {logging_mixin.py:188} INFO - [2023-12-27T09:39:30.513+0545] {dag.py:3033} INFO - Sync 1 DAGs
[2023-12-27T09:39:30.529+0545] {logging_mixin.py:188} INFO - [2023-12-27T09:39:30.528+0545] {dag.py:3820} INFO - Setting next_dagrun for tutorial to 2023-12-26T00:00:00+00:00, run_after=2023-12-27T00:00:00+00:00
[2023-12-27T09:39:30.546+0545] {processor.py:183} INFO - Processing /home/sarita/Documents/apache-airflow-project/.venv/lib/python3.9/site-packages/airflow/example_dags/tutorial.py took 0.069 seconds
[2023-12-27T09:40:09.712+0545] {processor.py:161} INFO - Started process (PID=7241) to work on /home/sarita/Documents/apache-airflow-project/.venv/lib/python3.9/site-packages/airflow/example_dags/tutorial.py
[2023-12-27T09:40:09.713+0545] {processor.py:830} INFO - Processing file /home/sarita/Documents/apache-airflow-project/.venv/lib/python3.9/site-packages/airflow/example_dags/tutorial.py for tasks to queue
[2023-12-27T09:40:09.714+0545] {logging_mixin.py:188} INFO - [2023-12-27T09:40:09.714+0545] {dagbag.py:538} INFO - Filling up the DagBag from /home/sarita/Documents/apache-airflow-project/.venv/lib/python3.9/site-packages/airflow/example_dags/tutorial.py
[2023-12-27T09:40:09.719+0545] {processor.py:840} INFO - DAG(s) 'tutorial' retrieved from /home/sarita/Documents/apache-airflow-project/.venv/lib/python3.9/site-packages/airflow/example_dags/tutorial.py
[2023-12-27T09:40:09.731+0545] {logging_mixin.py:188} INFO - [2023-12-27T09:40:09.731+0545] {dag.py:3033} INFO - Sync 1 DAGs
[2023-12-27T09:40:09.748+0545] {logging_mixin.py:188} INFO - [2023-12-27T09:40:09.748+0545] {dag.py:3820} INFO - Setting next_dagrun for tutorial to 2023-12-26T00:00:00+00:00, run_after=2023-12-27T00:00:00+00:00
[2023-12-27T09:40:09.776+0545] {processor.py:183} INFO - Processing /home/sarita/Documents/apache-airflow-project/.venv/lib/python3.9/site-packages/airflow/example_dags/tutorial.py took 0.066 seconds
[2023-12-27T09:40:47.910+0545] {processor.py:161} INFO - Started process (PID=7355) to work on /home/sarita/Documents/apache-airflow-project/.venv/lib/python3.9/site-packages/airflow/example_dags/tutorial.py
[2023-12-27T09:40:47.914+0545] {processor.py:830} INFO - Processing file /home/sarita/Documents/apache-airflow-project/.venv/lib/python3.9/site-packages/airflow/example_dags/tutorial.py for tasks to queue
[2023-12-27T09:40:47.916+0545] {logging_mixin.py:188} INFO - [2023-12-27T09:40:47.915+0545] {dagbag.py:538} INFO - Filling up the DagBag from /home/sarita/Documents/apache-airflow-project/.venv/lib/python3.9/site-packages/airflow/example_dags/tutorial.py
[2023-12-27T09:40:47.928+0545] {processor.py:840} INFO - DAG(s) 'tutorial' retrieved from /home/sarita/Documents/apache-airflow-project/.venv/lib/python3.9/site-packages/airflow/example_dags/tutorial.py
[2023-12-27T09:40:47.943+0545] {logging_mixin.py:188} INFO - [2023-12-27T09:40:47.943+0545] {dag.py:3033} INFO - Sync 1 DAGs
[2023-12-27T09:40:47.960+0545] {logging_mixin.py:188} INFO - [2023-12-27T09:40:47.960+0545] {dag.py:3820} INFO - Setting next_dagrun for tutorial to 2023-12-26T00:00:00+00:00, run_after=2023-12-27T00:00:00+00:00
[2023-12-27T09:40:47.982+0545] {processor.py:183} INFO - Processing /home/sarita/Documents/apache-airflow-project/.venv/lib/python3.9/site-packages/airflow/example_dags/tutorial.py took 0.078 seconds
[2023-12-27T09:41:22.635+0545] {processor.py:161} INFO - Started process (PID=7524) to work on /home/sarita/Documents/apache-airflow-project/.venv/lib/python3.9/site-packages/airflow/example_dags/tutorial.py
[2023-12-27T09:41:22.637+0545] {processor.py:830} INFO - Processing file /home/sarita/Documents/apache-airflow-project/.venv/lib/python3.9/site-packages/airflow/example_dags/tutorial.py for tasks to queue
[2023-12-27T09:41:22.639+0545] {logging_mixin.py:188} INFO - [2023-12-27T09:41:22.638+0545] {dagbag.py:538} INFO - Filling up the DagBag from /home/sarita/Documents/apache-airflow-project/.venv/lib/python3.9/site-packages/airflow/example_dags/tutorial.py
[2023-12-27T09:41:22.649+0545] {processor.py:840} INFO - DAG(s) 'tutorial' retrieved from /home/sarita/Documents/apache-airflow-project/.venv/lib/python3.9/site-packages/airflow/example_dags/tutorial.py
[2023-12-27T09:41:22.663+0545] {logging_mixin.py:188} INFO - [2023-12-27T09:41:22.663+0545] {dag.py:3033} INFO - Sync 1 DAGs
[2023-12-27T09:41:22.679+0545] {logging_mixin.py:188} INFO - [2023-12-27T09:41:22.679+0545] {dag.py:3820} INFO - Setting next_dagrun for tutorial to 2023-12-26T00:00:00+00:00, run_after=2023-12-27T00:00:00+00:00
[2023-12-27T09:41:22.698+0545] {processor.py:183} INFO - Processing /home/sarita/Documents/apache-airflow-project/.venv/lib/python3.9/site-packages/airflow/example_dags/tutorial.py took 0.070 seconds
[2023-12-27T09:42:01.963+0545] {processor.py:161} INFO - Started process (PID=7739) to work on /home/sarita/Documents/apache-airflow-project/.venv/lib/python3.9/site-packages/airflow/example_dags/tutorial.py
[2023-12-27T09:42:01.965+0545] {processor.py:830} INFO - Processing file /home/sarita/Documents/apache-airflow-project/.venv/lib/python3.9/site-packages/airflow/example_dags/tutorial.py for tasks to queue
[2023-12-27T09:42:01.966+0545] {logging_mixin.py:188} INFO - [2023-12-27T09:42:01.966+0545] {dagbag.py:538} INFO - Filling up the DagBag from /home/sarita/Documents/apache-airflow-project/.venv/lib/python3.9/site-packages/airflow/example_dags/tutorial.py
[2023-12-27T09:42:01.973+0545] {processor.py:840} INFO - DAG(s) 'tutorial' retrieved from /home/sarita/Documents/apache-airflow-project/.venv/lib/python3.9/site-packages/airflow/example_dags/tutorial.py
[2023-12-27T09:42:01.985+0545] {logging_mixin.py:188} INFO - [2023-12-27T09:42:01.985+0545] {dag.py:3033} INFO - Sync 1 DAGs
[2023-12-27T09:42:02.000+0545] {logging_mixin.py:188} INFO - [2023-12-27T09:42:01.999+0545] {dag.py:3820} INFO - Setting next_dagrun for tutorial to 2023-12-26T00:00:00+00:00, run_after=2023-12-27T00:00:00+00:00
[2023-12-27T09:42:02.017+0545] {processor.py:183} INFO - Processing /home/sarita/Documents/apache-airflow-project/.venv/lib/python3.9/site-packages/airflow/example_dags/tutorial.py took 0.058 seconds
[2023-12-27T09:42:38.960+0545] {processor.py:161} INFO - Started process (PID=7807) to work on /home/sarita/Documents/apache-airflow-project/.venv/lib/python3.9/site-packages/airflow/example_dags/tutorial.py
[2023-12-27T09:42:38.962+0545] {processor.py:830} INFO - Processing file /home/sarita/Documents/apache-airflow-project/.venv/lib/python3.9/site-packages/airflow/example_dags/tutorial.py for tasks to queue
[2023-12-27T09:42:38.963+0545] {logging_mixin.py:188} INFO - [2023-12-27T09:42:38.963+0545] {dagbag.py:538} INFO - Filling up the DagBag from /home/sarita/Documents/apache-airflow-project/.venv/lib/python3.9/site-packages/airflow/example_dags/tutorial.py
[2023-12-27T09:42:38.968+0545] {processor.py:840} INFO - DAG(s) 'tutorial' retrieved from /home/sarita/Documents/apache-airflow-project/.venv/lib/python3.9/site-packages/airflow/example_dags/tutorial.py
[2023-12-27T09:42:38.980+0545] {logging_mixin.py:188} INFO - [2023-12-27T09:42:38.980+0545] {dag.py:3033} INFO - Sync 1 DAGs
[2023-12-27T09:42:38.995+0545] {logging_mixin.py:188} INFO - [2023-12-27T09:42:38.995+0545] {dag.py:3820} INFO - Setting next_dagrun for tutorial to 2023-12-26T00:00:00+00:00, run_after=2023-12-27T00:00:00+00:00
[2023-12-27T09:42:39.011+0545] {processor.py:183} INFO - Processing /home/sarita/Documents/apache-airflow-project/.venv/lib/python3.9/site-packages/airflow/example_dags/tutorial.py took 0.054 seconds
[2023-12-27T09:43:29.986+0545] {processor.py:161} INFO - Started process (PID=7881) to work on /home/sarita/Documents/apache-airflow-project/.venv/lib/python3.9/site-packages/airflow/example_dags/tutorial.py
[2023-12-27T09:43:29.988+0545] {processor.py:830} INFO - Processing file /home/sarita/Documents/apache-airflow-project/.venv/lib/python3.9/site-packages/airflow/example_dags/tutorial.py for tasks to queue
[2023-12-27T09:43:29.989+0545] {logging_mixin.py:188} INFO - [2023-12-27T09:43:29.988+0545] {dagbag.py:538} INFO - Filling up the DagBag from /home/sarita/Documents/apache-airflow-project/.venv/lib/python3.9/site-packages/airflow/example_dags/tutorial.py
[2023-12-27T09:43:29.993+0545] {processor.py:840} INFO - DAG(s) 'tutorial' retrieved from /home/sarita/Documents/apache-airflow-project/.venv/lib/python3.9/site-packages/airflow/example_dags/tutorial.py
[2023-12-27T09:43:30.003+0545] {logging_mixin.py:188} INFO - [2023-12-27T09:43:30.003+0545] {dag.py:3033} INFO - Sync 1 DAGs
[2023-12-27T09:43:30.019+0545] {logging_mixin.py:188} INFO - [2023-12-27T09:43:30.019+0545] {dag.py:3820} INFO - Setting next_dagrun for tutorial to 2023-12-26T00:00:00+00:00, run_after=2023-12-27T00:00:00+00:00
[2023-12-27T09:43:30.037+0545] {processor.py:183} INFO - Processing /home/sarita/Documents/apache-airflow-project/.venv/lib/python3.9/site-packages/airflow/example_dags/tutorial.py took 0.053 seconds
[2023-12-27T09:44:08.498+0545] {processor.py:161} INFO - Started process (PID=7928) to work on /home/sarita/Documents/apache-airflow-project/.venv/lib/python3.9/site-packages/airflow/example_dags/tutorial.py
[2023-12-27T09:44:08.500+0545] {processor.py:830} INFO - Processing file /home/sarita/Documents/apache-airflow-project/.venv/lib/python3.9/site-packages/airflow/example_dags/tutorial.py for tasks to queue
[2023-12-27T09:44:08.501+0545] {logging_mixin.py:188} INFO - [2023-12-27T09:44:08.500+0545] {dagbag.py:538} INFO - Filling up the DagBag from /home/sarita/Documents/apache-airflow-project/.venv/lib/python3.9/site-packages/airflow/example_dags/tutorial.py
[2023-12-27T09:44:08.505+0545] {processor.py:840} INFO - DAG(s) 'tutorial' retrieved from /home/sarita/Documents/apache-airflow-project/.venv/lib/python3.9/site-packages/airflow/example_dags/tutorial.py
[2023-12-27T09:44:08.515+0545] {logging_mixin.py:188} INFO - [2023-12-27T09:44:08.515+0545] {dag.py:3033} INFO - Sync 1 DAGs
[2023-12-27T09:44:08.530+0545] {logging_mixin.py:188} INFO - [2023-12-27T09:44:08.530+0545] {dag.py:3820} INFO - Setting next_dagrun for tutorial to 2023-12-26T00:00:00+00:00, run_after=2023-12-27T00:00:00+00:00
[2023-12-27T09:44:08.547+0545] {processor.py:183} INFO - Processing /home/sarita/Documents/apache-airflow-project/.venv/lib/python3.9/site-packages/airflow/example_dags/tutorial.py took 0.051 seconds
[2023-12-27T09:44:45.937+0545] {processor.py:161} INFO - Started process (PID=7977) to work on /home/sarita/Documents/apache-airflow-project/.venv/lib/python3.9/site-packages/airflow/example_dags/tutorial.py
[2023-12-27T09:44:45.939+0545] {processor.py:830} INFO - Processing file /home/sarita/Documents/apache-airflow-project/.venv/lib/python3.9/site-packages/airflow/example_dags/tutorial.py for tasks to queue
[2023-12-27T09:44:45.940+0545] {logging_mixin.py:188} INFO - [2023-12-27T09:44:45.939+0545] {dagbag.py:538} INFO - Filling up the DagBag from /home/sarita/Documents/apache-airflow-project/.venv/lib/python3.9/site-packages/airflow/example_dags/tutorial.py
[2023-12-27T09:44:45.946+0545] {processor.py:840} INFO - DAG(s) 'tutorial' retrieved from /home/sarita/Documents/apache-airflow-project/.venv/lib/python3.9/site-packages/airflow/example_dags/tutorial.py
[2023-12-27T09:44:45.958+0545] {logging_mixin.py:188} INFO - [2023-12-27T09:44:45.958+0545] {dag.py:3033} INFO - Sync 1 DAGs
[2023-12-27T09:44:45.973+0545] {logging_mixin.py:188} INFO - [2023-12-27T09:44:45.973+0545] {dag.py:3820} INFO - Setting next_dagrun for tutorial to 2023-12-26T00:00:00+00:00, run_after=2023-12-27T00:00:00+00:00
[2023-12-27T09:44:45.994+0545] {processor.py:183} INFO - Processing /home/sarita/Documents/apache-airflow-project/.venv/lib/python3.9/site-packages/airflow/example_dags/tutorial.py took 0.062 seconds
[2023-12-27T09:45:21.088+0545] {processor.py:161} INFO - Started process (PID=8038) to work on /home/sarita/Documents/apache-airflow-project/.venv/lib/python3.9/site-packages/airflow/example_dags/tutorial.py
[2023-12-27T09:45:21.089+0545] {processor.py:830} INFO - Processing file /home/sarita/Documents/apache-airflow-project/.venv/lib/python3.9/site-packages/airflow/example_dags/tutorial.py for tasks to queue
[2023-12-27T09:45:21.090+0545] {logging_mixin.py:188} INFO - [2023-12-27T09:45:21.090+0545] {dagbag.py:538} INFO - Filling up the DagBag from /home/sarita/Documents/apache-airflow-project/.venv/lib/python3.9/site-packages/airflow/example_dags/tutorial.py
[2023-12-27T09:45:21.094+0545] {processor.py:840} INFO - DAG(s) 'tutorial' retrieved from /home/sarita/Documents/apache-airflow-project/.venv/lib/python3.9/site-packages/airflow/example_dags/tutorial.py
[2023-12-27T09:45:21.105+0545] {logging_mixin.py:188} INFO - [2023-12-27T09:45:21.104+0545] {dag.py:3033} INFO - Sync 1 DAGs
[2023-12-27T09:45:21.120+0545] {logging_mixin.py:188} INFO - [2023-12-27T09:45:21.120+0545] {dag.py:3820} INFO - Setting next_dagrun for tutorial to 2023-12-26T00:00:00+00:00, run_after=2023-12-27T00:00:00+00:00
[2023-12-27T09:45:21.139+0545] {processor.py:183} INFO - Processing /home/sarita/Documents/apache-airflow-project/.venv/lib/python3.9/site-packages/airflow/example_dags/tutorial.py took 0.053 seconds
[2023-12-27T09:45:58.102+0545] {processor.py:161} INFO - Started process (PID=8461) to work on /home/sarita/Documents/apache-airflow-project/.venv/lib/python3.9/site-packages/airflow/example_dags/tutorial.py
[2023-12-27T09:45:58.105+0545] {processor.py:830} INFO - Processing file /home/sarita/Documents/apache-airflow-project/.venv/lib/python3.9/site-packages/airflow/example_dags/tutorial.py for tasks to queue
[2023-12-27T09:45:58.107+0545] {logging_mixin.py:188} INFO - [2023-12-27T09:45:58.106+0545] {dagbag.py:538} INFO - Filling up the DagBag from /home/sarita/Documents/apache-airflow-project/.venv/lib/python3.9/site-packages/airflow/example_dags/tutorial.py
[2023-12-27T09:45:58.121+0545] {processor.py:840} INFO - DAG(s) 'tutorial' retrieved from /home/sarita/Documents/apache-airflow-project/.venv/lib/python3.9/site-packages/airflow/example_dags/tutorial.py
[2023-12-27T09:45:58.148+0545] {logging_mixin.py:188} INFO - [2023-12-27T09:45:58.147+0545] {dag.py:3033} INFO - Sync 1 DAGs
[2023-12-27T09:45:58.175+0545] {logging_mixin.py:188} INFO - [2023-12-27T09:45:58.174+0545] {dag.py:3820} INFO - Setting next_dagrun for tutorial to 2023-12-26T00:00:00+00:00, run_after=2023-12-27T00:00:00+00:00
[2023-12-27T09:45:58.201+0545] {processor.py:183} INFO - Processing /home/sarita/Documents/apache-airflow-project/.venv/lib/python3.9/site-packages/airflow/example_dags/tutorial.py took 0.106 seconds
[2023-12-27T09:46:33.879+0545] {processor.py:161} INFO - Started process (PID=8506) to work on /home/sarita/Documents/apache-airflow-project/.venv/lib/python3.9/site-packages/airflow/example_dags/tutorial.py
[2023-12-27T09:46:33.881+0545] {processor.py:830} INFO - Processing file /home/sarita/Documents/apache-airflow-project/.venv/lib/python3.9/site-packages/airflow/example_dags/tutorial.py for tasks to queue
[2023-12-27T09:46:33.882+0545] {logging_mixin.py:188} INFO - [2023-12-27T09:46:33.882+0545] {dagbag.py:538} INFO - Filling up the DagBag from /home/sarita/Documents/apache-airflow-project/.venv/lib/python3.9/site-packages/airflow/example_dags/tutorial.py
[2023-12-27T09:46:33.891+0545] {processor.py:840} INFO - DAG(s) 'tutorial' retrieved from /home/sarita/Documents/apache-airflow-project/.venv/lib/python3.9/site-packages/airflow/example_dags/tutorial.py
[2023-12-27T09:46:33.907+0545] {logging_mixin.py:188} INFO - [2023-12-27T09:46:33.907+0545] {dag.py:3033} INFO - Sync 1 DAGs
[2023-12-27T09:46:33.923+0545] {logging_mixin.py:188} INFO - [2023-12-27T09:46:33.923+0545] {dag.py:3820} INFO - Setting next_dagrun for tutorial to 2023-12-26T00:00:00+00:00, run_after=2023-12-27T00:00:00+00:00
[2023-12-27T09:46:33.940+0545] {processor.py:183} INFO - Processing /home/sarita/Documents/apache-airflow-project/.venv/lib/python3.9/site-packages/airflow/example_dags/tutorial.py took 0.066 seconds
[2023-12-27T09:47:11.761+0545] {processor.py:161} INFO - Started process (PID=8544) to work on /home/sarita/Documents/apache-airflow-project/.venv/lib/python3.9/site-packages/airflow/example_dags/tutorial.py
[2023-12-27T09:47:11.764+0545] {processor.py:830} INFO - Processing file /home/sarita/Documents/apache-airflow-project/.venv/lib/python3.9/site-packages/airflow/example_dags/tutorial.py for tasks to queue
[2023-12-27T09:47:11.765+0545] {logging_mixin.py:188} INFO - [2023-12-27T09:47:11.765+0545] {dagbag.py:538} INFO - Filling up the DagBag from /home/sarita/Documents/apache-airflow-project/.venv/lib/python3.9/site-packages/airflow/example_dags/tutorial.py
[2023-12-27T09:47:11.775+0545] {processor.py:840} INFO - DAG(s) 'tutorial' retrieved from /home/sarita/Documents/apache-airflow-project/.venv/lib/python3.9/site-packages/airflow/example_dags/tutorial.py
[2023-12-27T09:47:11.790+0545] {logging_mixin.py:188} INFO - [2023-12-27T09:47:11.790+0545] {dag.py:3033} INFO - Sync 1 DAGs
[2023-12-27T09:47:11.806+0545] {logging_mixin.py:188} INFO - [2023-12-27T09:47:11.806+0545] {dag.py:3820} INFO - Setting next_dagrun for tutorial to 2023-12-26T00:00:00+00:00, run_after=2023-12-27T00:00:00+00:00
[2023-12-27T09:47:11.823+0545] {processor.py:183} INFO - Processing /home/sarita/Documents/apache-airflow-project/.venv/lib/python3.9/site-packages/airflow/example_dags/tutorial.py took 0.067 seconds
[2023-12-27T09:47:51.731+0545] {processor.py:161} INFO - Started process (PID=8604) to work on /home/sarita/Documents/apache-airflow-project/.venv/lib/python3.9/site-packages/airflow/example_dags/tutorial.py
[2023-12-27T09:47:51.733+0545] {processor.py:830} INFO - Processing file /home/sarita/Documents/apache-airflow-project/.venv/lib/python3.9/site-packages/airflow/example_dags/tutorial.py for tasks to queue
[2023-12-27T09:47:51.736+0545] {logging_mixin.py:188} INFO - [2023-12-27T09:47:51.735+0545] {dagbag.py:538} INFO - Filling up the DagBag from /home/sarita/Documents/apache-airflow-project/.venv/lib/python3.9/site-packages/airflow/example_dags/tutorial.py
[2023-12-27T09:47:51.746+0545] {processor.py:840} INFO - DAG(s) 'tutorial' retrieved from /home/sarita/Documents/apache-airflow-project/.venv/lib/python3.9/site-packages/airflow/example_dags/tutorial.py
[2023-12-27T09:47:51.760+0545] {logging_mixin.py:188} INFO - [2023-12-27T09:47:51.760+0545] {dag.py:3033} INFO - Sync 1 DAGs
[2023-12-27T09:47:51.776+0545] {logging_mixin.py:188} INFO - [2023-12-27T09:47:51.776+0545] {dag.py:3820} INFO - Setting next_dagrun for tutorial to 2023-12-26T00:00:00+00:00, run_after=2023-12-27T00:00:00+00:00
[2023-12-27T09:47:51.803+0545] {processor.py:183} INFO - Processing /home/sarita/Documents/apache-airflow-project/.venv/lib/python3.9/site-packages/airflow/example_dags/tutorial.py took 0.079 seconds
[2023-12-27T09:48:30.024+0545] {processor.py:161} INFO - Started process (PID=8651) to work on /home/sarita/Documents/apache-airflow-project/.venv/lib/python3.9/site-packages/airflow/example_dags/tutorial.py
[2023-12-27T09:48:30.027+0545] {processor.py:830} INFO - Processing file /home/sarita/Documents/apache-airflow-project/.venv/lib/python3.9/site-packages/airflow/example_dags/tutorial.py for tasks to queue
[2023-12-27T09:48:30.028+0545] {logging_mixin.py:188} INFO - [2023-12-27T09:48:30.028+0545] {dagbag.py:538} INFO - Filling up the DagBag from /home/sarita/Documents/apache-airflow-project/.venv/lib/python3.9/site-packages/airflow/example_dags/tutorial.py
[2023-12-27T09:48:30.039+0545] {processor.py:840} INFO - DAG(s) 'tutorial' retrieved from /home/sarita/Documents/apache-airflow-project/.venv/lib/python3.9/site-packages/airflow/example_dags/tutorial.py
[2023-12-27T09:48:30.054+0545] {logging_mixin.py:188} INFO - [2023-12-27T09:48:30.054+0545] {dag.py:3033} INFO - Sync 1 DAGs
[2023-12-27T09:48:30.070+0545] {logging_mixin.py:188} INFO - [2023-12-27T09:48:30.070+0545] {dag.py:3820} INFO - Setting next_dagrun for tutorial to 2023-12-26T00:00:00+00:00, run_after=2023-12-27T00:00:00+00:00
[2023-12-27T09:48:30.106+0545] {processor.py:183} INFO - Processing /home/sarita/Documents/apache-airflow-project/.venv/lib/python3.9/site-packages/airflow/example_dags/tutorial.py took 0.088 seconds
[2023-12-27T09:49:07.462+0545] {processor.py:161} INFO - Started process (PID=8690) to work on /home/sarita/Documents/apache-airflow-project/.venv/lib/python3.9/site-packages/airflow/example_dags/tutorial.py
[2023-12-27T09:49:07.465+0545] {processor.py:830} INFO - Processing file /home/sarita/Documents/apache-airflow-project/.venv/lib/python3.9/site-packages/airflow/example_dags/tutorial.py for tasks to queue
[2023-12-27T09:49:07.467+0545] {logging_mixin.py:188} INFO - [2023-12-27T09:49:07.466+0545] {dagbag.py:538} INFO - Filling up the DagBag from /home/sarita/Documents/apache-airflow-project/.venv/lib/python3.9/site-packages/airflow/example_dags/tutorial.py
[2023-12-27T09:49:07.481+0545] {processor.py:840} INFO - DAG(s) 'tutorial' retrieved from /home/sarita/Documents/apache-airflow-project/.venv/lib/python3.9/site-packages/airflow/example_dags/tutorial.py
[2023-12-27T09:49:07.497+0545] {logging_mixin.py:188} INFO - [2023-12-27T09:49:07.497+0545] {dag.py:3033} INFO - Sync 1 DAGs
[2023-12-27T09:49:07.512+0545] {logging_mixin.py:188} INFO - [2023-12-27T09:49:07.512+0545] {dag.py:3820} INFO - Setting next_dagrun for tutorial to 2023-12-26T00:00:00+00:00, run_after=2023-12-27T00:00:00+00:00
[2023-12-27T09:49:07.531+0545] {processor.py:183} INFO - Processing /home/sarita/Documents/apache-airflow-project/.venv/lib/python3.9/site-packages/airflow/example_dags/tutorial.py took 0.075 seconds
[2023-12-27T09:49:43.331+0545] {processor.py:161} INFO - Started process (PID=8728) to work on /home/sarita/Documents/apache-airflow-project/.venv/lib/python3.9/site-packages/airflow/example_dags/tutorial.py
[2023-12-27T09:49:43.333+0545] {processor.py:830} INFO - Processing file /home/sarita/Documents/apache-airflow-project/.venv/lib/python3.9/site-packages/airflow/example_dags/tutorial.py for tasks to queue
[2023-12-27T09:49:43.334+0545] {logging_mixin.py:188} INFO - [2023-12-27T09:49:43.333+0545] {dagbag.py:538} INFO - Filling up the DagBag from /home/sarita/Documents/apache-airflow-project/.venv/lib/python3.9/site-packages/airflow/example_dags/tutorial.py
[2023-12-27T09:49:43.340+0545] {processor.py:840} INFO - DAG(s) 'tutorial' retrieved from /home/sarita/Documents/apache-airflow-project/.venv/lib/python3.9/site-packages/airflow/example_dags/tutorial.py
[2023-12-27T09:49:43.356+0545] {logging_mixin.py:188} INFO - [2023-12-27T09:49:43.356+0545] {dag.py:3033} INFO - Sync 1 DAGs
[2023-12-27T09:49:43.372+0545] {logging_mixin.py:188} INFO - [2023-12-27T09:49:43.372+0545] {dag.py:3820} INFO - Setting next_dagrun for tutorial to 2023-12-26T00:00:00+00:00, run_after=2023-12-27T00:00:00+00:00
[2023-12-27T09:49:43.390+0545] {processor.py:183} INFO - Processing /home/sarita/Documents/apache-airflow-project/.venv/lib/python3.9/site-packages/airflow/example_dags/tutorial.py took 0.062 seconds
[2023-12-27T09:50:21.353+0545] {processor.py:161} INFO - Started process (PID=8778) to work on /home/sarita/Documents/apache-airflow-project/.venv/lib/python3.9/site-packages/airflow/example_dags/tutorial.py
[2023-12-27T09:50:21.356+0545] {processor.py:830} INFO - Processing file /home/sarita/Documents/apache-airflow-project/.venv/lib/python3.9/site-packages/airflow/example_dags/tutorial.py for tasks to queue
[2023-12-27T09:50:21.357+0545] {logging_mixin.py:188} INFO - [2023-12-27T09:50:21.357+0545] {dagbag.py:538} INFO - Filling up the DagBag from /home/sarita/Documents/apache-airflow-project/.venv/lib/python3.9/site-packages/airflow/example_dags/tutorial.py
[2023-12-27T09:50:21.364+0545] {processor.py:840} INFO - DAG(s) 'tutorial' retrieved from /home/sarita/Documents/apache-airflow-project/.venv/lib/python3.9/site-packages/airflow/example_dags/tutorial.py
[2023-12-27T09:50:21.379+0545] {logging_mixin.py:188} INFO - [2023-12-27T09:50:21.378+0545] {dag.py:3033} INFO - Sync 1 DAGs
[2023-12-27T09:50:21.401+0545] {logging_mixin.py:188} INFO - [2023-12-27T09:50:21.401+0545] {dag.py:3820} INFO - Setting next_dagrun for tutorial to 2023-12-26T00:00:00+00:00, run_after=2023-12-27T00:00:00+00:00
[2023-12-27T09:50:21.431+0545] {processor.py:183} INFO - Processing /home/sarita/Documents/apache-airflow-project/.venv/lib/python3.9/site-packages/airflow/example_dags/tutorial.py took 0.082 seconds
[2023-12-27T09:51:00.625+0545] {processor.py:161} INFO - Started process (PID=8852) to work on /home/sarita/Documents/apache-airflow-project/.venv/lib/python3.9/site-packages/airflow/example_dags/tutorial.py
[2023-12-27T09:51:00.627+0545] {processor.py:830} INFO - Processing file /home/sarita/Documents/apache-airflow-project/.venv/lib/python3.9/site-packages/airflow/example_dags/tutorial.py for tasks to queue
[2023-12-27T09:51:00.629+0545] {logging_mixin.py:188} INFO - [2023-12-27T09:51:00.628+0545] {dagbag.py:538} INFO - Filling up the DagBag from /home/sarita/Documents/apache-airflow-project/.venv/lib/python3.9/site-packages/airflow/example_dags/tutorial.py
[2023-12-27T09:51:00.637+0545] {processor.py:840} INFO - DAG(s) 'tutorial' retrieved from /home/sarita/Documents/apache-airflow-project/.venv/lib/python3.9/site-packages/airflow/example_dags/tutorial.py
[2023-12-27T09:51:00.654+0545] {logging_mixin.py:188} INFO - [2023-12-27T09:51:00.654+0545] {dag.py:3033} INFO - Sync 1 DAGs
[2023-12-27T09:51:00.671+0545] {logging_mixin.py:188} INFO - [2023-12-27T09:51:00.671+0545] {dag.py:3820} INFO - Setting next_dagrun for tutorial to 2023-12-26T00:00:00+00:00, run_after=2023-12-27T00:00:00+00:00
[2023-12-27T09:51:00.688+0545] {processor.py:183} INFO - Processing /home/sarita/Documents/apache-airflow-project/.venv/lib/python3.9/site-packages/airflow/example_dags/tutorial.py took 0.066 seconds
[2023-12-27T09:51:39.593+0545] {processor.py:161} INFO - Started process (PID=8901) to work on /home/sarita/Documents/apache-airflow-project/.venv/lib/python3.9/site-packages/airflow/example_dags/tutorial.py
[2023-12-27T09:51:39.596+0545] {processor.py:830} INFO - Processing file /home/sarita/Documents/apache-airflow-project/.venv/lib/python3.9/site-packages/airflow/example_dags/tutorial.py for tasks to queue
[2023-12-27T09:51:39.597+0545] {logging_mixin.py:188} INFO - [2023-12-27T09:51:39.597+0545] {dagbag.py:538} INFO - Filling up the DagBag from /home/sarita/Documents/apache-airflow-project/.venv/lib/python3.9/site-packages/airflow/example_dags/tutorial.py
[2023-12-27T09:51:39.607+0545] {processor.py:840} INFO - DAG(s) 'tutorial' retrieved from /home/sarita/Documents/apache-airflow-project/.venv/lib/python3.9/site-packages/airflow/example_dags/tutorial.py
[2023-12-27T09:51:39.624+0545] {logging_mixin.py:188} INFO - [2023-12-27T09:51:39.624+0545] {dag.py:3033} INFO - Sync 1 DAGs
[2023-12-27T09:51:39.640+0545] {logging_mixin.py:188} INFO - [2023-12-27T09:51:39.639+0545] {dag.py:3820} INFO - Setting next_dagrun for tutorial to 2023-12-26T00:00:00+00:00, run_after=2023-12-27T00:00:00+00:00
[2023-12-27T09:51:39.657+0545] {processor.py:183} INFO - Processing /home/sarita/Documents/apache-airflow-project/.venv/lib/python3.9/site-packages/airflow/example_dags/tutorial.py took 0.069 seconds
[2023-12-27T09:52:37.603+0545] {processor.py:161} INFO - Started process (PID=9024) to work on /home/sarita/Documents/apache-airflow-project/.venv/lib/python3.9/site-packages/airflow/example_dags/tutorial.py
[2023-12-27T09:52:37.605+0545] {processor.py:830} INFO - Processing file /home/sarita/Documents/apache-airflow-project/.venv/lib/python3.9/site-packages/airflow/example_dags/tutorial.py for tasks to queue
[2023-12-27T09:52:37.606+0545] {logging_mixin.py:188} INFO - [2023-12-27T09:52:37.606+0545] {dagbag.py:538} INFO - Filling up the DagBag from /home/sarita/Documents/apache-airflow-project/.venv/lib/python3.9/site-packages/airflow/example_dags/tutorial.py
[2023-12-27T09:52:37.612+0545] {processor.py:840} INFO - DAG(s) 'tutorial' retrieved from /home/sarita/Documents/apache-airflow-project/.venv/lib/python3.9/site-packages/airflow/example_dags/tutorial.py
[2023-12-27T09:52:37.624+0545] {logging_mixin.py:188} INFO - [2023-12-27T09:52:37.624+0545] {dag.py:3033} INFO - Sync 1 DAGs
[2023-12-27T09:52:37.639+0545] {logging_mixin.py:188} INFO - [2023-12-27T09:52:37.639+0545] {dag.py:3820} INFO - Setting next_dagrun for tutorial to 2023-12-26T00:00:00+00:00, run_after=2023-12-27T00:00:00+00:00
[2023-12-27T09:52:37.655+0545] {processor.py:183} INFO - Processing /home/sarita/Documents/apache-airflow-project/.venv/lib/python3.9/site-packages/airflow/example_dags/tutorial.py took 0.055 seconds
[2023-12-27T09:54:09.878+0545] {processor.py:161} INFO - Started process (PID=9195) to work on /home/sarita/Documents/apache-airflow-project/.venv/lib/python3.9/site-packages/airflow/example_dags/tutorial.py
[2023-12-27T09:54:09.878+0545] {processor.py:830} INFO - Processing file /home/sarita/Documents/apache-airflow-project/.venv/lib/python3.9/site-packages/airflow/example_dags/tutorial.py for tasks to queue
[2023-12-27T09:54:09.879+0545] {logging_mixin.py:188} INFO - [2023-12-27T09:54:09.879+0545] {dagbag.py:538} INFO - Filling up the DagBag from /home/sarita/Documents/apache-airflow-project/.venv/lib/python3.9/site-packages/airflow/example_dags/tutorial.py
[2023-12-27T09:54:09.883+0545] {processor.py:840} INFO - DAG(s) 'tutorial' retrieved from /home/sarita/Documents/apache-airflow-project/.venv/lib/python3.9/site-packages/airflow/example_dags/tutorial.py
[2023-12-27T09:54:09.894+0545] {logging_mixin.py:188} INFO - [2023-12-27T09:54:09.894+0545] {dag.py:3033} INFO - Sync 1 DAGs
[2023-12-27T09:54:09.910+0545] {logging_mixin.py:188} INFO - [2023-12-27T09:54:09.909+0545] {dag.py:3820} INFO - Setting next_dagrun for tutorial to 2023-12-26T00:00:00+00:00, run_after=2023-12-27T00:00:00+00:00
[2023-12-27T09:54:09.926+0545] {processor.py:183} INFO - Processing /home/sarita/Documents/apache-airflow-project/.venv/lib/python3.9/site-packages/airflow/example_dags/tutorial.py took 0.050 seconds
[2023-12-27T12:12:07.980+0545] {processor.py:161} INFO - Started process (PID=12577) to work on /home/sarita/Documents/apache-airflow-project/.venv/lib/python3.9/site-packages/airflow/example_dags/tutorial.py
[2023-12-27T12:12:07.981+0545] {processor.py:830} INFO - Processing file /home/sarita/Documents/apache-airflow-project/.venv/lib/python3.9/site-packages/airflow/example_dags/tutorial.py for tasks to queue
[2023-12-27T12:12:07.981+0545] {logging_mixin.py:188} INFO - [2023-12-27T12:12:07.981+0545] {dagbag.py:538} INFO - Filling up the DagBag from /home/sarita/Documents/apache-airflow-project/.venv/lib/python3.9/site-packages/airflow/example_dags/tutorial.py
[2023-12-27T12:12:07.988+0545] {processor.py:840} INFO - DAG(s) 'tutorial' retrieved from /home/sarita/Documents/apache-airflow-project/.venv/lib/python3.9/site-packages/airflow/example_dags/tutorial.py
[2023-12-27T12:12:08.074+0545] {logging_mixin.py:188} INFO - [2023-12-27T12:12:08.074+0545] {dag.py:3033} INFO - Sync 1 DAGs
[2023-12-27T12:12:08.088+0545] {logging_mixin.py:188} INFO - [2023-12-27T12:12:08.088+0545] {dag.py:3820} INFO - Setting next_dagrun for tutorial to 2023-12-26T00:00:00+00:00, run_after=2023-12-27T00:00:00+00:00
[2023-12-27T12:12:08.106+0545] {processor.py:183} INFO - Processing /home/sarita/Documents/apache-airflow-project/.venv/lib/python3.9/site-packages/airflow/example_dags/tutorial.py took 0.128 seconds
[2023-12-27T12:15:03.184+0545] {processor.py:161} INFO - Started process (PID=12763) to work on /home/sarita/Documents/apache-airflow-project/.venv/lib/python3.9/site-packages/airflow/example_dags/tutorial.py
[2023-12-27T12:15:03.185+0545] {processor.py:830} INFO - Processing file /home/sarita/Documents/apache-airflow-project/.venv/lib/python3.9/site-packages/airflow/example_dags/tutorial.py for tasks to queue
[2023-12-27T12:15:03.185+0545] {logging_mixin.py:188} INFO - [2023-12-27T12:15:03.185+0545] {dagbag.py:538} INFO - Filling up the DagBag from /home/sarita/Documents/apache-airflow-project/.venv/lib/python3.9/site-packages/airflow/example_dags/tutorial.py
[2023-12-27T12:15:03.191+0545] {processor.py:840} INFO - DAG(s) 'tutorial' retrieved from /home/sarita/Documents/apache-airflow-project/.venv/lib/python3.9/site-packages/airflow/example_dags/tutorial.py
[2023-12-27T12:15:03.275+0545] {logging_mixin.py:188} INFO - [2023-12-27T12:15:03.275+0545] {dag.py:3033} INFO - Sync 1 DAGs
[2023-12-27T12:15:03.291+0545] {logging_mixin.py:188} INFO - [2023-12-27T12:15:03.291+0545] {dag.py:3820} INFO - Setting next_dagrun for tutorial to 2023-12-26T00:00:00+00:00, run_after=2023-12-27T00:00:00+00:00
[2023-12-27T12:15:03.308+0545] {processor.py:183} INFO - Processing /home/sarita/Documents/apache-airflow-project/.venv/lib/python3.9/site-packages/airflow/example_dags/tutorial.py took 0.126 seconds
[2023-12-27T12:20:26.808+0545] {processor.py:161} INFO - Started process (PID=13752) to work on /home/sarita/Documents/apache-airflow-project/.venv/lib/python3.9/site-packages/airflow/example_dags/tutorial.py
[2023-12-27T12:20:26.809+0545] {processor.py:830} INFO - Processing file /home/sarita/Documents/apache-airflow-project/.venv/lib/python3.9/site-packages/airflow/example_dags/tutorial.py for tasks to queue
[2023-12-27T12:20:26.810+0545] {logging_mixin.py:188} INFO - [2023-12-27T12:20:26.809+0545] {dagbag.py:538} INFO - Filling up the DagBag from /home/sarita/Documents/apache-airflow-project/.venv/lib/python3.9/site-packages/airflow/example_dags/tutorial.py
[2023-12-27T12:20:26.814+0545] {processor.py:840} INFO - DAG(s) 'tutorial' retrieved from /home/sarita/Documents/apache-airflow-project/.venv/lib/python3.9/site-packages/airflow/example_dags/tutorial.py
[2023-12-27T12:20:26.825+0545] {logging_mixin.py:188} INFO - [2023-12-27T12:20:26.825+0545] {dag.py:3033} INFO - Sync 1 DAGs
[2023-12-27T12:20:26.841+0545] {logging_mixin.py:188} INFO - [2023-12-27T12:20:26.841+0545] {dag.py:3820} INFO - Setting next_dagrun for tutorial to 2023-12-26T00:00:00+00:00, run_after=2023-12-27T00:00:00+00:00
[2023-12-27T12:20:26.857+0545] {processor.py:183} INFO - Processing /home/sarita/Documents/apache-airflow-project/.venv/lib/python3.9/site-packages/airflow/example_dags/tutorial.py took 0.050 seconds
[2023-12-27T12:39:12.703+0545] {processor.py:161} INFO - Started process (PID=15344) to work on /home/sarita/Documents/apache-airflow-project/.venv/lib/python3.9/site-packages/airflow/example_dags/tutorial.py
[2023-12-27T12:39:12.707+0545] {processor.py:830} INFO - Processing file /home/sarita/Documents/apache-airflow-project/.venv/lib/python3.9/site-packages/airflow/example_dags/tutorial.py for tasks to queue
[2023-12-27T12:39:12.709+0545] {logging_mixin.py:188} INFO - [2023-12-27T12:39:12.708+0545] {dagbag.py:538} INFO - Filling up the DagBag from /home/sarita/Documents/apache-airflow-project/.venv/lib/python3.9/site-packages/airflow/example_dags/tutorial.py
[2023-12-27T12:39:12.722+0545] {processor.py:840} INFO - DAG(s) 'tutorial' retrieved from /home/sarita/Documents/apache-airflow-project/.venv/lib/python3.9/site-packages/airflow/example_dags/tutorial.py
[2023-12-27T12:39:12.811+0545] {logging_mixin.py:188} INFO - [2023-12-27T12:39:12.811+0545] {dag.py:3033} INFO - Sync 1 DAGs
[2023-12-27T12:39:12.826+0545] {logging_mixin.py:188} INFO - [2023-12-27T12:39:12.826+0545] {dag.py:3820} INFO - Setting next_dagrun for tutorial to 2023-12-26T00:00:00+00:00, run_after=2023-12-27T00:00:00+00:00
[2023-12-27T12:39:12.844+0545] {processor.py:183} INFO - Processing /home/sarita/Documents/apache-airflow-project/.venv/lib/python3.9/site-packages/airflow/example_dags/tutorial.py took 0.149 seconds
[2023-12-27T12:40:54.117+0545] {processor.py:161} INFO - Started process (PID=15624) to work on /home/sarita/Documents/apache-airflow-project/.venv/lib/python3.9/site-packages/airflow/example_dags/tutorial.py
[2023-12-27T12:40:54.118+0545] {processor.py:830} INFO - Processing file /home/sarita/Documents/apache-airflow-project/.venv/lib/python3.9/site-packages/airflow/example_dags/tutorial.py for tasks to queue
[2023-12-27T12:40:54.118+0545] {logging_mixin.py:188} INFO - [2023-12-27T12:40:54.118+0545] {dagbag.py:538} INFO - Filling up the DagBag from /home/sarita/Documents/apache-airflow-project/.venv/lib/python3.9/site-packages/airflow/example_dags/tutorial.py
[2023-12-27T12:40:54.122+0545] {processor.py:840} INFO - DAG(s) 'tutorial' retrieved from /home/sarita/Documents/apache-airflow-project/.venv/lib/python3.9/site-packages/airflow/example_dags/tutorial.py
[2023-12-27T12:40:54.133+0545] {logging_mixin.py:188} INFO - [2023-12-27T12:40:54.133+0545] {dag.py:3033} INFO - Sync 1 DAGs
[2023-12-27T12:40:54.148+0545] {logging_mixin.py:188} INFO - [2023-12-27T12:40:54.148+0545] {dag.py:3820} INFO - Setting next_dagrun for tutorial to 2023-12-26T00:00:00+00:00, run_after=2023-12-27T00:00:00+00:00
[2023-12-27T12:40:54.166+0545] {processor.py:183} INFO - Processing /home/sarita/Documents/apache-airflow-project/.venv/lib/python3.9/site-packages/airflow/example_dags/tutorial.py took 0.051 seconds
[2023-12-27T12:42:50.192+0545] {processor.py:161} INFO - Started process (PID=16783) to work on /home/sarita/Documents/apache-airflow-project/.venv/lib/python3.9/site-packages/airflow/example_dags/tutorial.py
[2023-12-27T12:42:50.192+0545] {processor.py:830} INFO - Processing file /home/sarita/Documents/apache-airflow-project/.venv/lib/python3.9/site-packages/airflow/example_dags/tutorial.py for tasks to queue
[2023-12-27T12:42:50.193+0545] {logging_mixin.py:188} INFO - [2023-12-27T12:42:50.193+0545] {dagbag.py:538} INFO - Filling up the DagBag from /home/sarita/Documents/apache-airflow-project/.venv/lib/python3.9/site-packages/airflow/example_dags/tutorial.py
[2023-12-27T12:42:50.197+0545] {processor.py:840} INFO - DAG(s) 'tutorial' retrieved from /home/sarita/Documents/apache-airflow-project/.venv/lib/python3.9/site-packages/airflow/example_dags/tutorial.py
[2023-12-27T12:42:50.207+0545] {logging_mixin.py:188} INFO - [2023-12-27T12:42:50.207+0545] {dag.py:3033} INFO - Sync 1 DAGs
[2023-12-27T12:42:50.222+0545] {logging_mixin.py:188} INFO - [2023-12-27T12:42:50.221+0545] {dag.py:3820} INFO - Setting next_dagrun for tutorial to 2023-12-26T00:00:00+00:00, run_after=2023-12-27T00:00:00+00:00
[2023-12-27T12:42:50.238+0545] {processor.py:183} INFO - Processing /home/sarita/Documents/apache-airflow-project/.venv/lib/python3.9/site-packages/airflow/example_dags/tutorial.py took 0.048 seconds
[2023-12-27T12:45:33.883+0545] {processor.py:161} INFO - Started process (PID=17057) to work on /home/sarita/Documents/apache-airflow-project/.venv/lib/python3.9/site-packages/airflow/example_dags/tutorial.py
[2023-12-27T12:45:33.885+0545] {processor.py:830} INFO - Processing file /home/sarita/Documents/apache-airflow-project/.venv/lib/python3.9/site-packages/airflow/example_dags/tutorial.py for tasks to queue
[2023-12-27T12:45:33.886+0545] {logging_mixin.py:188} INFO - [2023-12-27T12:45:33.885+0545] {dagbag.py:538} INFO - Filling up the DagBag from /home/sarita/Documents/apache-airflow-project/.venv/lib/python3.9/site-packages/airflow/example_dags/tutorial.py
[2023-12-27T12:45:33.893+0545] {processor.py:840} INFO - DAG(s) 'tutorial' retrieved from /home/sarita/Documents/apache-airflow-project/.venv/lib/python3.9/site-packages/airflow/example_dags/tutorial.py
[2023-12-27T12:45:33.981+0545] {logging_mixin.py:188} INFO - [2023-12-27T12:45:33.980+0545] {dag.py:3033} INFO - Sync 1 DAGs
[2023-12-27T12:45:33.997+0545] {logging_mixin.py:188} INFO - [2023-12-27T12:45:33.996+0545] {dag.py:3820} INFO - Setting next_dagrun for tutorial to 2023-12-26T00:00:00+00:00, run_after=2023-12-27T00:00:00+00:00
[2023-12-27T12:45:34.014+0545] {processor.py:183} INFO - Processing /home/sarita/Documents/apache-airflow-project/.venv/lib/python3.9/site-packages/airflow/example_dags/tutorial.py took 0.134 seconds
[2023-12-27T12:52:17.633+0545] {processor.py:161} INFO - Started process (PID=17592) to work on /home/sarita/Documents/apache-airflow-project/.venv/lib/python3.9/site-packages/airflow/example_dags/tutorial.py
[2023-12-27T12:52:17.637+0545] {processor.py:830} INFO - Processing file /home/sarita/Documents/apache-airflow-project/.venv/lib/python3.9/site-packages/airflow/example_dags/tutorial.py for tasks to queue
[2023-12-27T12:52:17.639+0545] {logging_mixin.py:188} INFO - [2023-12-27T12:52:17.638+0545] {dagbag.py:538} INFO - Filling up the DagBag from /home/sarita/Documents/apache-airflow-project/.venv/lib/python3.9/site-packages/airflow/example_dags/tutorial.py
[2023-12-27T12:52:17.659+0545] {processor.py:840} INFO - DAG(s) 'tutorial' retrieved from /home/sarita/Documents/apache-airflow-project/.venv/lib/python3.9/site-packages/airflow/example_dags/tutorial.py
[2023-12-27T12:52:17.751+0545] {logging_mixin.py:188} INFO - [2023-12-27T12:52:17.751+0545] {dag.py:3033} INFO - Sync 1 DAGs
[2023-12-27T12:52:17.766+0545] {logging_mixin.py:188} INFO - [2023-12-27T12:52:17.766+0545] {dag.py:3820} INFO - Setting next_dagrun for tutorial to 2023-12-26T00:00:00+00:00, run_after=2023-12-27T00:00:00+00:00
[2023-12-27T12:52:17.783+0545] {processor.py:183} INFO - Processing /home/sarita/Documents/apache-airflow-project/.venv/lib/python3.9/site-packages/airflow/example_dags/tutorial.py took 0.157 seconds
[2023-12-27T12:53:08.095+0545] {processor.py:161} INFO - Started process (PID=17697) to work on /home/sarita/Documents/apache-airflow-project/.venv/lib/python3.9/site-packages/airflow/example_dags/tutorial.py
[2023-12-27T12:53:08.098+0545] {processor.py:830} INFO - Processing file /home/sarita/Documents/apache-airflow-project/.venv/lib/python3.9/site-packages/airflow/example_dags/tutorial.py for tasks to queue
[2023-12-27T12:53:08.098+0545] {logging_mixin.py:188} INFO - [2023-12-27T12:53:08.098+0545] {dagbag.py:538} INFO - Filling up the DagBag from /home/sarita/Documents/apache-airflow-project/.venv/lib/python3.9/site-packages/airflow/example_dags/tutorial.py
[2023-12-27T12:53:08.103+0545] {processor.py:840} INFO - DAG(s) 'tutorial' retrieved from /home/sarita/Documents/apache-airflow-project/.venv/lib/python3.9/site-packages/airflow/example_dags/tutorial.py
[2023-12-27T12:53:08.114+0545] {logging_mixin.py:188} INFO - [2023-12-27T12:53:08.113+0545] {dag.py:3033} INFO - Sync 1 DAGs
[2023-12-27T12:53:08.129+0545] {logging_mixin.py:188} INFO - [2023-12-27T12:53:08.128+0545] {dag.py:3820} INFO - Setting next_dagrun for tutorial to 2023-12-26T00:00:00+00:00, run_after=2023-12-27T00:00:00+00:00
[2023-12-27T12:53:08.145+0545] {processor.py:183} INFO - Processing /home/sarita/Documents/apache-airflow-project/.venv/lib/python3.9/site-packages/airflow/example_dags/tutorial.py took 0.051 seconds
[2023-12-27T12:54:36.773+0545] {processor.py:161} INFO - Started process (PID=17862) to work on /home/sarita/Documents/apache-airflow-project/.venv/lib/python3.9/site-packages/airflow/example_dags/tutorial.py
[2023-12-27T12:54:36.776+0545] {processor.py:830} INFO - Processing file /home/sarita/Documents/apache-airflow-project/.venv/lib/python3.9/site-packages/airflow/example_dags/tutorial.py for tasks to queue
[2023-12-27T12:54:36.779+0545] {logging_mixin.py:188} INFO - [2023-12-27T12:54:36.778+0545] {dagbag.py:538} INFO - Filling up the DagBag from /home/sarita/Documents/apache-airflow-project/.venv/lib/python3.9/site-packages/airflow/example_dags/tutorial.py
[2023-12-27T12:54:36.798+0545] {processor.py:840} INFO - DAG(s) 'tutorial' retrieved from /home/sarita/Documents/apache-airflow-project/.venv/lib/python3.9/site-packages/airflow/example_dags/tutorial.py
[2023-12-27T12:54:36.888+0545] {logging_mixin.py:188} INFO - [2023-12-27T12:54:36.888+0545] {dag.py:3033} INFO - Sync 1 DAGs
[2023-12-27T12:54:36.903+0545] {logging_mixin.py:188} INFO - [2023-12-27T12:54:36.903+0545] {dag.py:3820} INFO - Setting next_dagrun for tutorial to 2023-12-26T00:00:00+00:00, run_after=2023-12-27T00:00:00+00:00
[2023-12-27T12:54:36.920+0545] {processor.py:183} INFO - Processing /home/sarita/Documents/apache-airflow-project/.venv/lib/python3.9/site-packages/airflow/example_dags/tutorial.py took 0.155 seconds
[2023-12-27T12:57:54.173+0545] {processor.py:161} INFO - Started process (PID=18050) to work on /home/sarita/Documents/apache-airflow-project/.venv/lib/python3.9/site-packages/airflow/example_dags/tutorial.py
[2023-12-27T12:57:54.175+0545] {processor.py:830} INFO - Processing file /home/sarita/Documents/apache-airflow-project/.venv/lib/python3.9/site-packages/airflow/example_dags/tutorial.py for tasks to queue
[2023-12-27T12:57:54.175+0545] {logging_mixin.py:188} INFO - [2023-12-27T12:57:54.175+0545] {dagbag.py:538} INFO - Filling up the DagBag from /home/sarita/Documents/apache-airflow-project/.venv/lib/python3.9/site-packages/airflow/example_dags/tutorial.py
[2023-12-27T12:57:54.181+0545] {processor.py:840} INFO - DAG(s) 'tutorial' retrieved from /home/sarita/Documents/apache-airflow-project/.venv/lib/python3.9/site-packages/airflow/example_dags/tutorial.py
[2023-12-27T12:57:54.266+0545] {logging_mixin.py:188} INFO - [2023-12-27T12:57:54.266+0545] {dag.py:3033} INFO - Sync 1 DAGs
[2023-12-27T12:57:54.281+0545] {logging_mixin.py:188} INFO - [2023-12-27T12:57:54.281+0545] {dag.py:3820} INFO - Setting next_dagrun for tutorial to 2023-12-26T00:00:00+00:00, run_after=2023-12-27T00:00:00+00:00
[2023-12-27T12:57:54.298+0545] {processor.py:183} INFO - Processing /home/sarita/Documents/apache-airflow-project/.venv/lib/python3.9/site-packages/airflow/example_dags/tutorial.py took 0.128 seconds
[2023-12-27T16:15:43.003+0545] {processor.py:161} INFO - Started process (PID=24787) to work on /home/sarita/Documents/apache-airflow-project/.venv/lib/python3.9/site-packages/airflow/example_dags/tutorial.py
[2023-12-27T16:15:43.007+0545] {processor.py:830} INFO - Processing file /home/sarita/Documents/apache-airflow-project/.venv/lib/python3.9/site-packages/airflow/example_dags/tutorial.py for tasks to queue
[2023-12-27T16:15:43.010+0545] {logging_mixin.py:188} INFO - [2023-12-27T16:15:43.009+0545] {dagbag.py:538} INFO - Filling up the DagBag from /home/sarita/Documents/apache-airflow-project/.venv/lib/python3.9/site-packages/airflow/example_dags/tutorial.py
[2023-12-27T16:15:43.023+0545] {processor.py:840} INFO - DAG(s) 'tutorial' retrieved from /home/sarita/Documents/apache-airflow-project/.venv/lib/python3.9/site-packages/airflow/example_dags/tutorial.py
[2023-12-27T16:15:43.111+0545] {logging_mixin.py:188} INFO - [2023-12-27T16:15:43.110+0545] {dag.py:3033} INFO - Sync 1 DAGs
[2023-12-27T16:15:43.126+0545] {logging_mixin.py:188} INFO - [2023-12-27T16:15:43.126+0545] {dag.py:3820} INFO - Setting next_dagrun for tutorial to 2023-12-26T00:00:00+00:00, run_after=2023-12-27T00:00:00+00:00
[2023-12-27T16:15:43.143+0545] {processor.py:183} INFO - Processing /home/sarita/Documents/apache-airflow-project/.venv/lib/python3.9/site-packages/airflow/example_dags/tutorial.py took 0.150 seconds
