[2023-12-27T09:36:44.612+0545] {processor.py:161} INFO - Started process (PID=6905) to work on /home/sarita/Documents/apache-airflow-project/.venv/lib/python3.9/site-packages/airflow/example_dags/tutorial_objectstorage.py
[2023-12-27T09:36:44.613+0545] {processor.py:830} INFO - Processing file /home/sarita/Documents/apache-airflow-project/.venv/lib/python3.9/site-packages/airflow/example_dags/tutorial_objectstorage.py for tasks to queue
[2023-12-27T09:36:44.613+0545] {logging_mixin.py:188} INFO - [2023-12-27T09:36:44.613+0545] {dagbag.py:538} INFO - Filling up the DagBag from /home/sarita/Documents/apache-airflow-project/.venv/lib/python3.9/site-packages/airflow/example_dags/tutorial_objectstorage.py
[2023-12-27T09:36:44.618+0545] {processor.py:840} INFO - DAG(s) 'tutorial_objectstorage' retrieved from /home/sarita/Documents/apache-airflow-project/.venv/lib/python3.9/site-packages/airflow/example_dags/tutorial_objectstorage.py
[2023-12-27T09:36:44.637+0545] {logging_mixin.py:188} INFO - [2023-12-27T09:36:44.636+0545] {dag.py:3033} INFO - Sync 1 DAGs
[2023-12-27T09:36:44.646+0545] {logging_mixin.py:188} INFO - [2023-12-27T09:36:44.646+0545] {dag.py:3820} INFO - Setting next_dagrun for tutorial_objectstorage to None, run_after=None
[2023-12-27T09:36:44.665+0545] {processor.py:183} INFO - Processing /home/sarita/Documents/apache-airflow-project/.venv/lib/python3.9/site-packages/airflow/example_dags/tutorial_objectstorage.py took 0.055 seconds
[2023-12-27T09:37:31.294+0545] {processor.py:161} INFO - Started process (PID=6964) to work on /home/sarita/Documents/apache-airflow-project/.venv/lib/python3.9/site-packages/airflow/example_dags/tutorial_objectstorage.py
[2023-12-27T09:37:31.295+0545] {processor.py:830} INFO - Processing file /home/sarita/Documents/apache-airflow-project/.venv/lib/python3.9/site-packages/airflow/example_dags/tutorial_objectstorage.py for tasks to queue
[2023-12-27T09:37:31.296+0545] {logging_mixin.py:188} INFO - [2023-12-27T09:37:31.295+0545] {dagbag.py:538} INFO - Filling up the DagBag from /home/sarita/Documents/apache-airflow-project/.venv/lib/python3.9/site-packages/airflow/example_dags/tutorial_objectstorage.py
[2023-12-27T09:37:31.301+0545] {processor.py:840} INFO - DAG(s) 'tutorial_objectstorage' retrieved from /home/sarita/Documents/apache-airflow-project/.venv/lib/python3.9/site-packages/airflow/example_dags/tutorial_objectstorage.py
[2023-12-27T09:37:31.312+0545] {logging_mixin.py:188} INFO - [2023-12-27T09:37:31.312+0545] {dag.py:3033} INFO - Sync 1 DAGs
[2023-12-27T09:37:31.322+0545] {logging_mixin.py:188} INFO - [2023-12-27T09:37:31.322+0545] {dag.py:3820} INFO - Setting next_dagrun for tutorial_objectstorage to None, run_after=None
[2023-12-27T09:37:31.345+0545] {processor.py:183} INFO - Processing /home/sarita/Documents/apache-airflow-project/.venv/lib/python3.9/site-packages/airflow/example_dags/tutorial_objectstorage.py took 0.054 seconds
[2023-12-27T09:38:22.656+0545] {processor.py:161} INFO - Started process (PID=7025) to work on /home/sarita/Documents/apache-airflow-project/.venv/lib/python3.9/site-packages/airflow/example_dags/tutorial_objectstorage.py
[2023-12-27T09:38:22.658+0545] {processor.py:830} INFO - Processing file /home/sarita/Documents/apache-airflow-project/.venv/lib/python3.9/site-packages/airflow/example_dags/tutorial_objectstorage.py for tasks to queue
[2023-12-27T09:38:22.658+0545] {logging_mixin.py:188} INFO - [2023-12-27T09:38:22.658+0545] {dagbag.py:538} INFO - Filling up the DagBag from /home/sarita/Documents/apache-airflow-project/.venv/lib/python3.9/site-packages/airflow/example_dags/tutorial_objectstorage.py
[2023-12-27T09:38:22.663+0545] {processor.py:840} INFO - DAG(s) 'tutorial_objectstorage' retrieved from /home/sarita/Documents/apache-airflow-project/.venv/lib/python3.9/site-packages/airflow/example_dags/tutorial_objectstorage.py
[2023-12-27T09:38:22.675+0545] {logging_mixin.py:188} INFO - [2023-12-27T09:38:22.675+0545] {dag.py:3033} INFO - Sync 1 DAGs
[2023-12-27T09:38:22.684+0545] {logging_mixin.py:188} INFO - [2023-12-27T09:38:22.684+0545] {dag.py:3820} INFO - Setting next_dagrun for tutorial_objectstorage to None, run_after=None
[2023-12-27T09:38:22.701+0545] {processor.py:183} INFO - Processing /home/sarita/Documents/apache-airflow-project/.venv/lib/python3.9/site-packages/airflow/example_dags/tutorial_objectstorage.py took 0.048 seconds
[2023-12-27T09:39:15.296+0545] {processor.py:161} INFO - Started process (PID=7142) to work on /home/sarita/Documents/apache-airflow-project/.venv/lib/python3.9/site-packages/airflow/example_dags/tutorial_objectstorage.py
[2023-12-27T09:39:15.298+0545] {processor.py:830} INFO - Processing file /home/sarita/Documents/apache-airflow-project/.venv/lib/python3.9/site-packages/airflow/example_dags/tutorial_objectstorage.py for tasks to queue
[2023-12-27T09:39:15.299+0545] {logging_mixin.py:188} INFO - [2023-12-27T09:39:15.299+0545] {dagbag.py:538} INFO - Filling up the DagBag from /home/sarita/Documents/apache-airflow-project/.venv/lib/python3.9/site-packages/airflow/example_dags/tutorial_objectstorage.py
[2023-12-27T09:39:15.304+0545] {processor.py:840} INFO - DAG(s) 'tutorial_objectstorage' retrieved from /home/sarita/Documents/apache-airflow-project/.venv/lib/python3.9/site-packages/airflow/example_dags/tutorial_objectstorage.py
[2023-12-27T09:39:15.315+0545] {logging_mixin.py:188} INFO - [2023-12-27T09:39:15.315+0545] {dag.py:3033} INFO - Sync 1 DAGs
[2023-12-27T09:39:15.324+0545] {logging_mixin.py:188} INFO - [2023-12-27T09:39:15.324+0545] {dag.py:3820} INFO - Setting next_dagrun for tutorial_objectstorage to None, run_after=None
[2023-12-27T09:39:15.342+0545] {processor.py:183} INFO - Processing /home/sarita/Documents/apache-airflow-project/.venv/lib/python3.9/site-packages/airflow/example_dags/tutorial_objectstorage.py took 0.049 seconds
[2023-12-27T09:39:54.283+0545] {processor.py:161} INFO - Started process (PID=7213) to work on /home/sarita/Documents/apache-airflow-project/.venv/lib/python3.9/site-packages/airflow/example_dags/tutorial_objectstorage.py
[2023-12-27T09:39:54.286+0545] {processor.py:830} INFO - Processing file /home/sarita/Documents/apache-airflow-project/.venv/lib/python3.9/site-packages/airflow/example_dags/tutorial_objectstorage.py for tasks to queue
[2023-12-27T09:39:54.287+0545] {logging_mixin.py:188} INFO - [2023-12-27T09:39:54.286+0545] {dagbag.py:538} INFO - Filling up the DagBag from /home/sarita/Documents/apache-airflow-project/.venv/lib/python3.9/site-packages/airflow/example_dags/tutorial_objectstorage.py
[2023-12-27T09:39:54.300+0545] {processor.py:840} INFO - DAG(s) 'tutorial_objectstorage' retrieved from /home/sarita/Documents/apache-airflow-project/.venv/lib/python3.9/site-packages/airflow/example_dags/tutorial_objectstorage.py
[2023-12-27T09:39:54.317+0545] {logging_mixin.py:188} INFO - [2023-12-27T09:39:54.317+0545] {dag.py:3033} INFO - Sync 1 DAGs
[2023-12-27T09:39:54.326+0545] {logging_mixin.py:188} INFO - [2023-12-27T09:39:54.326+0545] {dag.py:3820} INFO - Setting next_dagrun for tutorial_objectstorage to None, run_after=None
[2023-12-27T09:39:54.345+0545] {processor.py:183} INFO - Processing /home/sarita/Documents/apache-airflow-project/.venv/lib/python3.9/site-packages/airflow/example_dags/tutorial_objectstorage.py took 0.068 seconds
[2023-12-27T09:40:32.386+0545] {processor.py:161} INFO - Started process (PID=7276) to work on /home/sarita/Documents/apache-airflow-project/.venv/lib/python3.9/site-packages/airflow/example_dags/tutorial_objectstorage.py
[2023-12-27T09:40:32.388+0545] {processor.py:830} INFO - Processing file /home/sarita/Documents/apache-airflow-project/.venv/lib/python3.9/site-packages/airflow/example_dags/tutorial_objectstorage.py for tasks to queue
[2023-12-27T09:40:32.389+0545] {logging_mixin.py:188} INFO - [2023-12-27T09:40:32.389+0545] {dagbag.py:538} INFO - Filling up the DagBag from /home/sarita/Documents/apache-airflow-project/.venv/lib/python3.9/site-packages/airflow/example_dags/tutorial_objectstorage.py
[2023-12-27T09:40:32.397+0545] {processor.py:840} INFO - DAG(s) 'tutorial_objectstorage' retrieved from /home/sarita/Documents/apache-airflow-project/.venv/lib/python3.9/site-packages/airflow/example_dags/tutorial_objectstorage.py
[2023-12-27T09:40:32.410+0545] {logging_mixin.py:188} INFO - [2023-12-27T09:40:32.410+0545] {dag.py:3033} INFO - Sync 1 DAGs
[2023-12-27T09:40:32.421+0545] {logging_mixin.py:188} INFO - [2023-12-27T09:40:32.421+0545] {dag.py:3820} INFO - Setting next_dagrun for tutorial_objectstorage to None, run_after=None
[2023-12-27T09:40:32.438+0545] {processor.py:183} INFO - Processing /home/sarita/Documents/apache-airflow-project/.venv/lib/python3.9/site-packages/airflow/example_dags/tutorial_objectstorage.py took 0.056 seconds
[2023-12-27T09:41:25.481+0545] {processor.py:161} INFO - Started process (PID=7537) to work on /home/sarita/Documents/apache-airflow-project/.venv/lib/python3.9/site-packages/airflow/example_dags/tutorial_objectstorage.py
[2023-12-27T09:41:25.484+0545] {processor.py:830} INFO - Processing file /home/sarita/Documents/apache-airflow-project/.venv/lib/python3.9/site-packages/airflow/example_dags/tutorial_objectstorage.py for tasks to queue
[2023-12-27T09:41:25.485+0545] {logging_mixin.py:188} INFO - [2023-12-27T09:41:25.484+0545] {dagbag.py:538} INFO - Filling up the DagBag from /home/sarita/Documents/apache-airflow-project/.venv/lib/python3.9/site-packages/airflow/example_dags/tutorial_objectstorage.py
[2023-12-27T09:41:25.492+0545] {processor.py:840} INFO - DAG(s) 'tutorial_objectstorage' retrieved from /home/sarita/Documents/apache-airflow-project/.venv/lib/python3.9/site-packages/airflow/example_dags/tutorial_objectstorage.py
[2023-12-27T09:41:25.507+0545] {logging_mixin.py:188} INFO - [2023-12-27T09:41:25.507+0545] {dag.py:3033} INFO - Sync 1 DAGs
[2023-12-27T09:41:25.517+0545] {logging_mixin.py:188} INFO - [2023-12-27T09:41:25.517+0545] {dag.py:3820} INFO - Setting next_dagrun for tutorial_objectstorage to None, run_after=None
[2023-12-27T09:41:25.534+0545] {processor.py:183} INFO - Processing /home/sarita/Documents/apache-airflow-project/.venv/lib/python3.9/site-packages/airflow/example_dags/tutorial_objectstorage.py took 0.055 seconds
[2023-12-27T09:42:04.430+0545] {processor.py:161} INFO - Started process (PID=7742) to work on /home/sarita/Documents/apache-airflow-project/.venv/lib/python3.9/site-packages/airflow/example_dags/tutorial_objectstorage.py
[2023-12-27T09:42:04.434+0545] {processor.py:830} INFO - Processing file /home/sarita/Documents/apache-airflow-project/.venv/lib/python3.9/site-packages/airflow/example_dags/tutorial_objectstorage.py for tasks to queue
[2023-12-27T09:42:04.436+0545] {logging_mixin.py:188} INFO - [2023-12-27T09:42:04.435+0545] {dagbag.py:538} INFO - Filling up the DagBag from /home/sarita/Documents/apache-airflow-project/.venv/lib/python3.9/site-packages/airflow/example_dags/tutorial_objectstorage.py
[2023-12-27T09:42:04.449+0545] {processor.py:840} INFO - DAG(s) 'tutorial_objectstorage' retrieved from /home/sarita/Documents/apache-airflow-project/.venv/lib/python3.9/site-packages/airflow/example_dags/tutorial_objectstorage.py
[2023-12-27T09:42:04.464+0545] {logging_mixin.py:188} INFO - [2023-12-27T09:42:04.463+0545] {dag.py:3033} INFO - Sync 1 DAGs
[2023-12-27T09:42:04.473+0545] {logging_mixin.py:188} INFO - [2023-12-27T09:42:04.473+0545] {dag.py:3820} INFO - Setting next_dagrun for tutorial_objectstorage to None, run_after=None
[2023-12-27T09:42:04.490+0545] {processor.py:183} INFO - Processing /home/sarita/Documents/apache-airflow-project/.venv/lib/python3.9/site-packages/airflow/example_dags/tutorial_objectstorage.py took 0.068 seconds
[2023-12-27T09:42:41.822+0545] {processor.py:161} INFO - Started process (PID=7812) to work on /home/sarita/Documents/apache-airflow-project/.venv/lib/python3.9/site-packages/airflow/example_dags/tutorial_objectstorage.py
[2023-12-27T09:42:41.825+0545] {processor.py:830} INFO - Processing file /home/sarita/Documents/apache-airflow-project/.venv/lib/python3.9/site-packages/airflow/example_dags/tutorial_objectstorage.py for tasks to queue
[2023-12-27T09:42:41.827+0545] {logging_mixin.py:188} INFO - [2023-12-27T09:42:41.826+0545] {dagbag.py:538} INFO - Filling up the DagBag from /home/sarita/Documents/apache-airflow-project/.venv/lib/python3.9/site-packages/airflow/example_dags/tutorial_objectstorage.py
[2023-12-27T09:42:41.838+0545] {processor.py:840} INFO - DAG(s) 'tutorial_objectstorage' retrieved from /home/sarita/Documents/apache-airflow-project/.venv/lib/python3.9/site-packages/airflow/example_dags/tutorial_objectstorage.py
[2023-12-27T09:42:41.853+0545] {logging_mixin.py:188} INFO - [2023-12-27T09:42:41.853+0545] {dag.py:3033} INFO - Sync 1 DAGs
[2023-12-27T09:42:41.862+0545] {logging_mixin.py:188} INFO - [2023-12-27T09:42:41.862+0545] {dag.py:3820} INFO - Setting next_dagrun for tutorial_objectstorage to None, run_after=None
[2023-12-27T09:42:41.879+0545] {processor.py:183} INFO - Processing /home/sarita/Documents/apache-airflow-project/.venv/lib/python3.9/site-packages/airflow/example_dags/tutorial_objectstorage.py took 0.064 seconds
[2023-12-27T09:43:32.777+0545] {processor.py:161} INFO - Started process (PID=7884) to work on /home/sarita/Documents/apache-airflow-project/.venv/lib/python3.9/site-packages/airflow/example_dags/tutorial_objectstorage.py
[2023-12-27T09:43:32.780+0545] {processor.py:830} INFO - Processing file /home/sarita/Documents/apache-airflow-project/.venv/lib/python3.9/site-packages/airflow/example_dags/tutorial_objectstorage.py for tasks to queue
[2023-12-27T09:43:32.781+0545] {logging_mixin.py:188} INFO - [2023-12-27T09:43:32.781+0545] {dagbag.py:538} INFO - Filling up the DagBag from /home/sarita/Documents/apache-airflow-project/.venv/lib/python3.9/site-packages/airflow/example_dags/tutorial_objectstorage.py
[2023-12-27T09:43:32.790+0545] {processor.py:840} INFO - DAG(s) 'tutorial_objectstorage' retrieved from /home/sarita/Documents/apache-airflow-project/.venv/lib/python3.9/site-packages/airflow/example_dags/tutorial_objectstorage.py
[2023-12-27T09:43:32.805+0545] {logging_mixin.py:188} INFO - [2023-12-27T09:43:32.805+0545] {dag.py:3033} INFO - Sync 1 DAGs
[2023-12-27T09:43:32.814+0545] {logging_mixin.py:188} INFO - [2023-12-27T09:43:32.814+0545] {dag.py:3820} INFO - Setting next_dagrun for tutorial_objectstorage to None, run_after=None
[2023-12-27T09:43:32.832+0545] {processor.py:183} INFO - Processing /home/sarita/Documents/apache-airflow-project/.venv/lib/python3.9/site-packages/airflow/example_dags/tutorial_objectstorage.py took 0.058 seconds
[2023-12-27T09:44:10.943+0545] {processor.py:161} INFO - Started process (PID=7932) to work on /home/sarita/Documents/apache-airflow-project/.venv/lib/python3.9/site-packages/airflow/example_dags/tutorial_objectstorage.py
[2023-12-27T09:44:10.945+0545] {processor.py:830} INFO - Processing file /home/sarita/Documents/apache-airflow-project/.venv/lib/python3.9/site-packages/airflow/example_dags/tutorial_objectstorage.py for tasks to queue
[2023-12-27T09:44:10.947+0545] {logging_mixin.py:188} INFO - [2023-12-27T09:44:10.946+0545] {dagbag.py:538} INFO - Filling up the DagBag from /home/sarita/Documents/apache-airflow-project/.venv/lib/python3.9/site-packages/airflow/example_dags/tutorial_objectstorage.py
[2023-12-27T09:44:10.958+0545] {processor.py:840} INFO - DAG(s) 'tutorial_objectstorage' retrieved from /home/sarita/Documents/apache-airflow-project/.venv/lib/python3.9/site-packages/airflow/example_dags/tutorial_objectstorage.py
[2023-12-27T09:44:10.973+0545] {logging_mixin.py:188} INFO - [2023-12-27T09:44:10.973+0545] {dag.py:3033} INFO - Sync 1 DAGs
[2023-12-27T09:44:10.982+0545] {logging_mixin.py:188} INFO - [2023-12-27T09:44:10.982+0545] {dag.py:3820} INFO - Setting next_dagrun for tutorial_objectstorage to None, run_after=None
[2023-12-27T09:44:11.001+0545] {processor.py:183} INFO - Processing /home/sarita/Documents/apache-airflow-project/.venv/lib/python3.9/site-packages/airflow/example_dags/tutorial_objectstorage.py took 0.063 seconds
[2023-12-27T09:45:03.636+0545] {processor.py:161} INFO - Started process (PID=8004) to work on /home/sarita/Documents/apache-airflow-project/.venv/lib/python3.9/site-packages/airflow/example_dags/tutorial_objectstorage.py
[2023-12-27T09:45:03.639+0545] {processor.py:830} INFO - Processing file /home/sarita/Documents/apache-airflow-project/.venv/lib/python3.9/site-packages/airflow/example_dags/tutorial_objectstorage.py for tasks to queue
[2023-12-27T09:45:03.640+0545] {logging_mixin.py:188} INFO - [2023-12-27T09:45:03.640+0545] {dagbag.py:538} INFO - Filling up the DagBag from /home/sarita/Documents/apache-airflow-project/.venv/lib/python3.9/site-packages/airflow/example_dags/tutorial_objectstorage.py
[2023-12-27T09:45:03.649+0545] {processor.py:840} INFO - DAG(s) 'tutorial_objectstorage' retrieved from /home/sarita/Documents/apache-airflow-project/.venv/lib/python3.9/site-packages/airflow/example_dags/tutorial_objectstorage.py
[2023-12-27T09:45:03.662+0545] {logging_mixin.py:188} INFO - [2023-12-27T09:45:03.662+0545] {dag.py:3033} INFO - Sync 1 DAGs
[2023-12-27T09:45:03.672+0545] {logging_mixin.py:188} INFO - [2023-12-27T09:45:03.672+0545] {dag.py:3820} INFO - Setting next_dagrun for tutorial_objectstorage to None, run_after=None
[2023-12-27T09:45:03.690+0545] {processor.py:183} INFO - Processing /home/sarita/Documents/apache-airflow-project/.venv/lib/python3.9/site-packages/airflow/example_dags/tutorial_objectstorage.py took 0.058 seconds
[2023-12-27T09:45:42.643+0545] {processor.py:161} INFO - Started process (PID=8441) to work on /home/sarita/Documents/apache-airflow-project/.venv/lib/python3.9/site-packages/airflow/example_dags/tutorial_objectstorage.py
[2023-12-27T09:45:42.645+0545] {processor.py:830} INFO - Processing file /home/sarita/Documents/apache-airflow-project/.venv/lib/python3.9/site-packages/airflow/example_dags/tutorial_objectstorage.py for tasks to queue
[2023-12-27T09:45:42.646+0545] {logging_mixin.py:188} INFO - [2023-12-27T09:45:42.646+0545] {dagbag.py:538} INFO - Filling up the DagBag from /home/sarita/Documents/apache-airflow-project/.venv/lib/python3.9/site-packages/airflow/example_dags/tutorial_objectstorage.py
[2023-12-27T09:45:42.650+0545] {processor.py:840} INFO - DAG(s) 'tutorial_objectstorage' retrieved from /home/sarita/Documents/apache-airflow-project/.venv/lib/python3.9/site-packages/airflow/example_dags/tutorial_objectstorage.py
[2023-12-27T09:45:42.660+0545] {logging_mixin.py:188} INFO - [2023-12-27T09:45:42.660+0545] {dag.py:3033} INFO - Sync 1 DAGs
[2023-12-27T09:45:42.669+0545] {logging_mixin.py:188} INFO - [2023-12-27T09:45:42.669+0545] {dag.py:3820} INFO - Setting next_dagrun for tutorial_objectstorage to None, run_after=None
[2023-12-27T09:45:42.687+0545] {processor.py:183} INFO - Processing /home/sarita/Documents/apache-airflow-project/.venv/lib/python3.9/site-packages/airflow/example_dags/tutorial_objectstorage.py took 0.045 seconds
[2023-12-27T09:46:34.848+0545] {processor.py:161} INFO - Started process (PID=8508) to work on /home/sarita/Documents/apache-airflow-project/.venv/lib/python3.9/site-packages/airflow/example_dags/tutorial_objectstorage.py
[2023-12-27T09:46:34.851+0545] {processor.py:830} INFO - Processing file /home/sarita/Documents/apache-airflow-project/.venv/lib/python3.9/site-packages/airflow/example_dags/tutorial_objectstorage.py for tasks to queue
[2023-12-27T09:46:34.853+0545] {logging_mixin.py:188} INFO - [2023-12-27T09:46:34.853+0545] {dagbag.py:538} INFO - Filling up the DagBag from /home/sarita/Documents/apache-airflow-project/.venv/lib/python3.9/site-packages/airflow/example_dags/tutorial_objectstorage.py
[2023-12-27T09:46:34.866+0545] {processor.py:840} INFO - DAG(s) 'tutorial_objectstorage' retrieved from /home/sarita/Documents/apache-airflow-project/.venv/lib/python3.9/site-packages/airflow/example_dags/tutorial_objectstorage.py
[2023-12-27T09:46:34.883+0545] {logging_mixin.py:188} INFO - [2023-12-27T09:46:34.883+0545] {dag.py:3033} INFO - Sync 1 DAGs
[2023-12-27T09:46:34.893+0545] {logging_mixin.py:188} INFO - [2023-12-27T09:46:34.893+0545] {dag.py:3820} INFO - Setting next_dagrun for tutorial_objectstorage to None, run_after=None
[2023-12-27T09:46:34.911+0545] {processor.py:183} INFO - Processing /home/sarita/Documents/apache-airflow-project/.venv/lib/python3.9/site-packages/airflow/example_dags/tutorial_objectstorage.py took 0.067 seconds
[2023-12-27T09:47:14.042+0545] {processor.py:161} INFO - Started process (PID=8547) to work on /home/sarita/Documents/apache-airflow-project/.venv/lib/python3.9/site-packages/airflow/example_dags/tutorial_objectstorage.py
[2023-12-27T09:47:14.045+0545] {processor.py:830} INFO - Processing file /home/sarita/Documents/apache-airflow-project/.venv/lib/python3.9/site-packages/airflow/example_dags/tutorial_objectstorage.py for tasks to queue
[2023-12-27T09:47:14.047+0545] {logging_mixin.py:188} INFO - [2023-12-27T09:47:14.046+0545] {dagbag.py:538} INFO - Filling up the DagBag from /home/sarita/Documents/apache-airflow-project/.venv/lib/python3.9/site-packages/airflow/example_dags/tutorial_objectstorage.py
[2023-12-27T09:47:14.059+0545] {processor.py:840} INFO - DAG(s) 'tutorial_objectstorage' retrieved from /home/sarita/Documents/apache-airflow-project/.venv/lib/python3.9/site-packages/airflow/example_dags/tutorial_objectstorage.py
[2023-12-27T09:47:14.076+0545] {logging_mixin.py:188} INFO - [2023-12-27T09:47:14.076+0545] {dag.py:3033} INFO - Sync 1 DAGs
[2023-12-27T09:47:14.086+0545] {logging_mixin.py:188} INFO - [2023-12-27T09:47:14.086+0545] {dag.py:3820} INFO - Setting next_dagrun for tutorial_objectstorage to None, run_after=None
[2023-12-27T09:47:14.104+0545] {processor.py:183} INFO - Processing /home/sarita/Documents/apache-airflow-project/.venv/lib/python3.9/site-packages/airflow/example_dags/tutorial_objectstorage.py took 0.067 seconds
[2023-12-27T09:47:53.168+0545] {processor.py:161} INFO - Started process (PID=8606) to work on /home/sarita/Documents/apache-airflow-project/.venv/lib/python3.9/site-packages/airflow/example_dags/tutorial_objectstorage.py
[2023-12-27T09:47:53.172+0545] {processor.py:830} INFO - Processing file /home/sarita/Documents/apache-airflow-project/.venv/lib/python3.9/site-packages/airflow/example_dags/tutorial_objectstorage.py for tasks to queue
[2023-12-27T09:47:53.174+0545] {logging_mixin.py:188} INFO - [2023-12-27T09:47:53.173+0545] {dagbag.py:538} INFO - Filling up the DagBag from /home/sarita/Documents/apache-airflow-project/.venv/lib/python3.9/site-packages/airflow/example_dags/tutorial_objectstorage.py
[2023-12-27T09:47:53.188+0545] {processor.py:840} INFO - DAG(s) 'tutorial_objectstorage' retrieved from /home/sarita/Documents/apache-airflow-project/.venv/lib/python3.9/site-packages/airflow/example_dags/tutorial_objectstorage.py
[2023-12-27T09:47:53.204+0545] {logging_mixin.py:188} INFO - [2023-12-27T09:47:53.203+0545] {dag.py:3033} INFO - Sync 1 DAGs
[2023-12-27T09:47:53.213+0545] {logging_mixin.py:188} INFO - [2023-12-27T09:47:53.213+0545] {dag.py:3820} INFO - Setting next_dagrun for tutorial_objectstorage to None, run_after=None
[2023-12-27T09:47:53.229+0545] {processor.py:183} INFO - Processing /home/sarita/Documents/apache-airflow-project/.venv/lib/python3.9/site-packages/airflow/example_dags/tutorial_objectstorage.py took 0.069 seconds
[2023-12-27T09:48:31.855+0545] {processor.py:161} INFO - Started process (PID=8653) to work on /home/sarita/Documents/apache-airflow-project/.venv/lib/python3.9/site-packages/airflow/example_dags/tutorial_objectstorage.py
[2023-12-27T09:48:31.858+0545] {processor.py:830} INFO - Processing file /home/sarita/Documents/apache-airflow-project/.venv/lib/python3.9/site-packages/airflow/example_dags/tutorial_objectstorage.py for tasks to queue
[2023-12-27T09:48:31.859+0545] {logging_mixin.py:188} INFO - [2023-12-27T09:48:31.858+0545] {dagbag.py:538} INFO - Filling up the DagBag from /home/sarita/Documents/apache-airflow-project/.venv/lib/python3.9/site-packages/airflow/example_dags/tutorial_objectstorage.py
[2023-12-27T09:48:31.867+0545] {processor.py:840} INFO - DAG(s) 'tutorial_objectstorage' retrieved from /home/sarita/Documents/apache-airflow-project/.venv/lib/python3.9/site-packages/airflow/example_dags/tutorial_objectstorage.py
[2023-12-27T09:48:31.884+0545] {logging_mixin.py:188} INFO - [2023-12-27T09:48:31.883+0545] {dag.py:3033} INFO - Sync 1 DAGs
[2023-12-27T09:48:31.893+0545] {logging_mixin.py:188} INFO - [2023-12-27T09:48:31.893+0545] {dag.py:3820} INFO - Setting next_dagrun for tutorial_objectstorage to None, run_after=None
[2023-12-27T09:48:31.911+0545] {processor.py:183} INFO - Processing /home/sarita/Documents/apache-airflow-project/.venv/lib/python3.9/site-packages/airflow/example_dags/tutorial_objectstorage.py took 0.060 seconds
[2023-12-27T09:49:24.654+0545] {processor.py:161} INFO - Started process (PID=8709) to work on /home/sarita/Documents/apache-airflow-project/.venv/lib/python3.9/site-packages/airflow/example_dags/tutorial_objectstorage.py
[2023-12-27T09:49:24.657+0545] {processor.py:830} INFO - Processing file /home/sarita/Documents/apache-airflow-project/.venv/lib/python3.9/site-packages/airflow/example_dags/tutorial_objectstorage.py for tasks to queue
[2023-12-27T09:49:24.659+0545] {logging_mixin.py:188} INFO - [2023-12-27T09:49:24.658+0545] {dagbag.py:538} INFO - Filling up the DagBag from /home/sarita/Documents/apache-airflow-project/.venv/lib/python3.9/site-packages/airflow/example_dags/tutorial_objectstorage.py
[2023-12-27T09:49:24.673+0545] {processor.py:840} INFO - DAG(s) 'tutorial_objectstorage' retrieved from /home/sarita/Documents/apache-airflow-project/.venv/lib/python3.9/site-packages/airflow/example_dags/tutorial_objectstorage.py
[2023-12-27T09:49:24.689+0545] {logging_mixin.py:188} INFO - [2023-12-27T09:49:24.689+0545] {dag.py:3033} INFO - Sync 1 DAGs
[2023-12-27T09:49:24.699+0545] {logging_mixin.py:188} INFO - [2023-12-27T09:49:24.699+0545] {dag.py:3820} INFO - Setting next_dagrun for tutorial_objectstorage to None, run_after=None
[2023-12-27T09:49:24.716+0545] {processor.py:183} INFO - Processing /home/sarita/Documents/apache-airflow-project/.venv/lib/python3.9/site-packages/airflow/example_dags/tutorial_objectstorage.py took 0.068 seconds
[2023-12-27T09:50:02.660+0545] {processor.py:161} INFO - Started process (PID=8749) to work on /home/sarita/Documents/apache-airflow-project/.venv/lib/python3.9/site-packages/airflow/example_dags/tutorial_objectstorage.py
[2023-12-27T09:50:02.662+0545] {processor.py:830} INFO - Processing file /home/sarita/Documents/apache-airflow-project/.venv/lib/python3.9/site-packages/airflow/example_dags/tutorial_objectstorage.py for tasks to queue
[2023-12-27T09:50:02.664+0545] {logging_mixin.py:188} INFO - [2023-12-27T09:50:02.663+0545] {dagbag.py:538} INFO - Filling up the DagBag from /home/sarita/Documents/apache-airflow-project/.venv/lib/python3.9/site-packages/airflow/example_dags/tutorial_objectstorage.py
[2023-12-27T09:50:02.670+0545] {processor.py:840} INFO - DAG(s) 'tutorial_objectstorage' retrieved from /home/sarita/Documents/apache-airflow-project/.venv/lib/python3.9/site-packages/airflow/example_dags/tutorial_objectstorage.py
[2023-12-27T09:50:02.681+0545] {logging_mixin.py:188} INFO - [2023-12-27T09:50:02.681+0545] {dag.py:3033} INFO - Sync 1 DAGs
[2023-12-27T09:50:02.691+0545] {logging_mixin.py:188} INFO - [2023-12-27T09:50:02.691+0545] {dag.py:3820} INFO - Setting next_dagrun for tutorial_objectstorage to None, run_after=None
[2023-12-27T09:50:02.709+0545] {processor.py:183} INFO - Processing /home/sarita/Documents/apache-airflow-project/.venv/lib/python3.9/site-packages/airflow/example_dags/tutorial_objectstorage.py took 0.053 seconds
[2023-12-27T09:50:42.289+0545] {processor.py:161} INFO - Started process (PID=8804) to work on /home/sarita/Documents/apache-airflow-project/.venv/lib/python3.9/site-packages/airflow/example_dags/tutorial_objectstorage.py
[2023-12-27T09:50:42.291+0545] {processor.py:830} INFO - Processing file /home/sarita/Documents/apache-airflow-project/.venv/lib/python3.9/site-packages/airflow/example_dags/tutorial_objectstorage.py for tasks to queue
[2023-12-27T09:50:42.291+0545] {logging_mixin.py:188} INFO - [2023-12-27T09:50:42.291+0545] {dagbag.py:538} INFO - Filling up the DagBag from /home/sarita/Documents/apache-airflow-project/.venv/lib/python3.9/site-packages/airflow/example_dags/tutorial_objectstorage.py
[2023-12-27T09:50:42.295+0545] {processor.py:840} INFO - DAG(s) 'tutorial_objectstorage' retrieved from /home/sarita/Documents/apache-airflow-project/.venv/lib/python3.9/site-packages/airflow/example_dags/tutorial_objectstorage.py
[2023-12-27T09:50:42.306+0545] {logging_mixin.py:188} INFO - [2023-12-27T09:50:42.306+0545] {dag.py:3033} INFO - Sync 1 DAGs
[2023-12-27T09:50:42.315+0545] {logging_mixin.py:188} INFO - [2023-12-27T09:50:42.314+0545] {dag.py:3820} INFO - Setting next_dagrun for tutorial_objectstorage to None, run_after=None
[2023-12-27T09:50:42.332+0545] {processor.py:183} INFO - Processing /home/sarita/Documents/apache-airflow-project/.venv/lib/python3.9/site-packages/airflow/example_dags/tutorial_objectstorage.py took 0.045 seconds
[2023-12-27T09:51:22.573+0545] {processor.py:161} INFO - Started process (PID=8878) to work on /home/sarita/Documents/apache-airflow-project/.venv/lib/python3.9/site-packages/airflow/example_dags/tutorial_objectstorage.py
[2023-12-27T09:51:22.576+0545] {processor.py:830} INFO - Processing file /home/sarita/Documents/apache-airflow-project/.venv/lib/python3.9/site-packages/airflow/example_dags/tutorial_objectstorage.py for tasks to queue
[2023-12-27T09:51:22.577+0545] {logging_mixin.py:188} INFO - [2023-12-27T09:51:22.576+0545] {dagbag.py:538} INFO - Filling up the DagBag from /home/sarita/Documents/apache-airflow-project/.venv/lib/python3.9/site-packages/airflow/example_dags/tutorial_objectstorage.py
[2023-12-27T09:51:22.585+0545] {processor.py:840} INFO - DAG(s) 'tutorial_objectstorage' retrieved from /home/sarita/Documents/apache-airflow-project/.venv/lib/python3.9/site-packages/airflow/example_dags/tutorial_objectstorage.py
[2023-12-27T09:51:22.601+0545] {logging_mixin.py:188} INFO - [2023-12-27T09:51:22.601+0545] {dag.py:3033} INFO - Sync 1 DAGs
[2023-12-27T09:51:22.611+0545] {logging_mixin.py:188} INFO - [2023-12-27T09:51:22.611+0545] {dag.py:3820} INFO - Setting next_dagrun for tutorial_objectstorage to None, run_after=None
[2023-12-27T09:51:22.628+0545] {processor.py:183} INFO - Processing /home/sarita/Documents/apache-airflow-project/.venv/lib/python3.9/site-packages/airflow/example_dags/tutorial_objectstorage.py took 0.059 seconds
[2023-12-27T09:52:01.607+0545] {processor.py:161} INFO - Started process (PID=8930) to work on /home/sarita/Documents/apache-airflow-project/.venv/lib/python3.9/site-packages/airflow/example_dags/tutorial_objectstorage.py
[2023-12-27T09:52:01.609+0545] {processor.py:830} INFO - Processing file /home/sarita/Documents/apache-airflow-project/.venv/lib/python3.9/site-packages/airflow/example_dags/tutorial_objectstorage.py for tasks to queue
[2023-12-27T09:52:01.610+0545] {logging_mixin.py:188} INFO - [2023-12-27T09:52:01.610+0545] {dagbag.py:538} INFO - Filling up the DagBag from /home/sarita/Documents/apache-airflow-project/.venv/lib/python3.9/site-packages/airflow/example_dags/tutorial_objectstorage.py
[2023-12-27T09:52:01.616+0545] {processor.py:840} INFO - DAG(s) 'tutorial_objectstorage' retrieved from /home/sarita/Documents/apache-airflow-project/.venv/lib/python3.9/site-packages/airflow/example_dags/tutorial_objectstorage.py
[2023-12-27T09:52:01.627+0545] {logging_mixin.py:188} INFO - [2023-12-27T09:52:01.627+0545] {dag.py:3033} INFO - Sync 1 DAGs
[2023-12-27T09:52:01.636+0545] {logging_mixin.py:188} INFO - [2023-12-27T09:52:01.636+0545] {dag.py:3820} INFO - Setting next_dagrun for tutorial_objectstorage to None, run_after=None
[2023-12-27T09:52:01.664+0545] {processor.py:183} INFO - Processing /home/sarita/Documents/apache-airflow-project/.venv/lib/python3.9/site-packages/airflow/example_dags/tutorial_objectstorage.py took 0.060 seconds
[2023-12-27T09:54:33.195+0545] {processor.py:161} INFO - Started process (PID=9237) to work on /home/sarita/Documents/apache-airflow-project/.venv/lib/python3.9/site-packages/airflow/example_dags/tutorial_objectstorage.py
[2023-12-27T09:54:33.196+0545] {processor.py:830} INFO - Processing file /home/sarita/Documents/apache-airflow-project/.venv/lib/python3.9/site-packages/airflow/example_dags/tutorial_objectstorage.py for tasks to queue
[2023-12-27T09:54:33.196+0545] {logging_mixin.py:188} INFO - [2023-12-27T09:54:33.196+0545] {dagbag.py:538} INFO - Filling up the DagBag from /home/sarita/Documents/apache-airflow-project/.venv/lib/python3.9/site-packages/airflow/example_dags/tutorial_objectstorage.py
[2023-12-27T09:54:33.201+0545] {processor.py:840} INFO - DAG(s) 'tutorial_objectstorage' retrieved from /home/sarita/Documents/apache-airflow-project/.venv/lib/python3.9/site-packages/airflow/example_dags/tutorial_objectstorage.py
[2023-12-27T09:54:33.210+0545] {logging_mixin.py:188} INFO - [2023-12-27T09:54:33.210+0545] {dag.py:3033} INFO - Sync 1 DAGs
[2023-12-27T09:54:33.219+0545] {logging_mixin.py:188} INFO - [2023-12-27T09:54:33.219+0545] {dag.py:3820} INFO - Setting next_dagrun for tutorial_objectstorage to None, run_after=None
[2023-12-27T09:54:33.236+0545] {processor.py:183} INFO - Processing /home/sarita/Documents/apache-airflow-project/.venv/lib/python3.9/site-packages/airflow/example_dags/tutorial_objectstorage.py took 0.043 seconds
[2023-12-27T12:15:46.728+0545] {processor.py:161} INFO - Started process (PID=12897) to work on /home/sarita/Documents/apache-airflow-project/.venv/lib/python3.9/site-packages/airflow/example_dags/tutorial_objectstorage.py
[2023-12-27T12:15:46.730+0545] {processor.py:830} INFO - Processing file /home/sarita/Documents/apache-airflow-project/.venv/lib/python3.9/site-packages/airflow/example_dags/tutorial_objectstorage.py for tasks to queue
[2023-12-27T12:15:46.731+0545] {logging_mixin.py:188} INFO - [2023-12-27T12:15:46.731+0545] {dagbag.py:538} INFO - Filling up the DagBag from /home/sarita/Documents/apache-airflow-project/.venv/lib/python3.9/site-packages/airflow/example_dags/tutorial_objectstorage.py
[2023-12-27T12:15:46.735+0545] {processor.py:840} INFO - DAG(s) 'tutorial_objectstorage' retrieved from /home/sarita/Documents/apache-airflow-project/.venv/lib/python3.9/site-packages/airflow/example_dags/tutorial_objectstorage.py
[2023-12-27T12:15:46.749+0545] {logging_mixin.py:188} INFO - [2023-12-27T12:15:46.749+0545] {dag.py:3033} INFO - Sync 1 DAGs
[2023-12-27T12:15:46.758+0545] {logging_mixin.py:188} INFO - [2023-12-27T12:15:46.757+0545] {dag.py:3820} INFO - Setting next_dagrun for tutorial_objectstorage to None, run_after=None
[2023-12-27T12:15:46.775+0545] {processor.py:183} INFO - Processing /home/sarita/Documents/apache-airflow-project/.venv/lib/python3.9/site-packages/airflow/example_dags/tutorial_objectstorage.py took 0.049 seconds
[2023-12-27T12:21:01.359+0545] {processor.py:161} INFO - Started process (PID=13778) to work on /home/sarita/Documents/apache-airflow-project/.venv/lib/python3.9/site-packages/airflow/example_dags/tutorial_objectstorage.py
[2023-12-27T12:21:01.360+0545] {processor.py:830} INFO - Processing file /home/sarita/Documents/apache-airflow-project/.venv/lib/python3.9/site-packages/airflow/example_dags/tutorial_objectstorage.py for tasks to queue
[2023-12-27T12:21:01.361+0545] {logging_mixin.py:188} INFO - [2023-12-27T12:21:01.360+0545] {dagbag.py:538} INFO - Filling up the DagBag from /home/sarita/Documents/apache-airflow-project/.venv/lib/python3.9/site-packages/airflow/example_dags/tutorial_objectstorage.py
[2023-12-27T12:21:01.366+0545] {processor.py:840} INFO - DAG(s) 'tutorial_objectstorage' retrieved from /home/sarita/Documents/apache-airflow-project/.venv/lib/python3.9/site-packages/airflow/example_dags/tutorial_objectstorage.py
[2023-12-27T12:21:01.376+0545] {logging_mixin.py:188} INFO - [2023-12-27T12:21:01.375+0545] {dag.py:3033} INFO - Sync 1 DAGs
[2023-12-27T12:21:01.384+0545] {logging_mixin.py:188} INFO - [2023-12-27T12:21:01.384+0545] {dag.py:3820} INFO - Setting next_dagrun for tutorial_objectstorage to None, run_after=None
[2023-12-27T12:21:01.400+0545] {processor.py:183} INFO - Processing /home/sarita/Documents/apache-airflow-project/.venv/lib/python3.9/site-packages/airflow/example_dags/tutorial_objectstorage.py took 0.043 seconds
[2023-12-27T12:39:20.386+0545] {processor.py:161} INFO - Started process (PID=15354) to work on /home/sarita/Documents/apache-airflow-project/.venv/lib/python3.9/site-packages/airflow/example_dags/tutorial_objectstorage.py
[2023-12-27T12:39:20.388+0545] {processor.py:830} INFO - Processing file /home/sarita/Documents/apache-airflow-project/.venv/lib/python3.9/site-packages/airflow/example_dags/tutorial_objectstorage.py for tasks to queue
[2023-12-27T12:39:20.391+0545] {logging_mixin.py:188} INFO - [2023-12-27T12:39:20.390+0545] {dagbag.py:538} INFO - Filling up the DagBag from /home/sarita/Documents/apache-airflow-project/.venv/lib/python3.9/site-packages/airflow/example_dags/tutorial_objectstorage.py
[2023-12-27T12:39:20.402+0545] {processor.py:840} INFO - DAG(s) 'tutorial_objectstorage' retrieved from /home/sarita/Documents/apache-airflow-project/.venv/lib/python3.9/site-packages/airflow/example_dags/tutorial_objectstorage.py
[2023-12-27T12:39:20.426+0545] {logging_mixin.py:188} INFO - [2023-12-27T12:39:20.426+0545] {dag.py:3033} INFO - Sync 1 DAGs
[2023-12-27T12:39:20.435+0545] {logging_mixin.py:188} INFO - [2023-12-27T12:39:20.435+0545] {dag.py:3820} INFO - Setting next_dagrun for tutorial_objectstorage to None, run_after=None
[2023-12-27T12:39:20.454+0545] {processor.py:183} INFO - Processing /home/sarita/Documents/apache-airflow-project/.venv/lib/python3.9/site-packages/airflow/example_dags/tutorial_objectstorage.py took 0.070 seconds
[2023-12-27T12:41:39.512+0545] {processor.py:161} INFO - Started process (PID=16011) to work on /home/sarita/Documents/apache-airflow-project/.venv/lib/python3.9/site-packages/airflow/example_dags/tutorial_objectstorage.py
[2023-12-27T12:41:39.513+0545] {processor.py:830} INFO - Processing file /home/sarita/Documents/apache-airflow-project/.venv/lib/python3.9/site-packages/airflow/example_dags/tutorial_objectstorage.py for tasks to queue
[2023-12-27T12:41:39.514+0545] {logging_mixin.py:188} INFO - [2023-12-27T12:41:39.514+0545] {dagbag.py:538} INFO - Filling up the DagBag from /home/sarita/Documents/apache-airflow-project/.venv/lib/python3.9/site-packages/airflow/example_dags/tutorial_objectstorage.py
[2023-12-27T12:41:39.518+0545] {processor.py:840} INFO - DAG(s) 'tutorial_objectstorage' retrieved from /home/sarita/Documents/apache-airflow-project/.venv/lib/python3.9/site-packages/airflow/example_dags/tutorial_objectstorage.py
[2023-12-27T12:41:39.530+0545] {logging_mixin.py:188} INFO - [2023-12-27T12:41:39.530+0545] {dag.py:3033} INFO - Sync 1 DAGs
[2023-12-27T12:41:39.539+0545] {logging_mixin.py:188} INFO - [2023-12-27T12:41:39.539+0545] {dag.py:3820} INFO - Setting next_dagrun for tutorial_objectstorage to None, run_after=None
[2023-12-27T12:41:39.568+0545] {processor.py:183} INFO - Processing /home/sarita/Documents/apache-airflow-project/.venv/lib/python3.9/site-packages/airflow/example_dags/tutorial_objectstorage.py took 0.057 seconds
[2023-12-27T12:43:13.623+0545] {processor.py:161} INFO - Started process (PID=16821) to work on /home/sarita/Documents/apache-airflow-project/.venv/lib/python3.9/site-packages/airflow/example_dags/tutorial_objectstorage.py
[2023-12-27T12:43:13.624+0545] {processor.py:830} INFO - Processing file /home/sarita/Documents/apache-airflow-project/.venv/lib/python3.9/site-packages/airflow/example_dags/tutorial_objectstorage.py for tasks to queue
[2023-12-27T12:43:13.625+0545] {logging_mixin.py:188} INFO - [2023-12-27T12:43:13.624+0545] {dagbag.py:538} INFO - Filling up the DagBag from /home/sarita/Documents/apache-airflow-project/.venv/lib/python3.9/site-packages/airflow/example_dags/tutorial_objectstorage.py
[2023-12-27T12:43:13.629+0545] {processor.py:840} INFO - DAG(s) 'tutorial_objectstorage' retrieved from /home/sarita/Documents/apache-airflow-project/.venv/lib/python3.9/site-packages/airflow/example_dags/tutorial_objectstorage.py
[2023-12-27T12:43:13.639+0545] {logging_mixin.py:188} INFO - [2023-12-27T12:43:13.639+0545] {dag.py:3033} INFO - Sync 1 DAGs
[2023-12-27T12:43:13.647+0545] {logging_mixin.py:188} INFO - [2023-12-27T12:43:13.647+0545] {dag.py:3820} INFO - Setting next_dagrun for tutorial_objectstorage to None, run_after=None
[2023-12-27T12:43:13.663+0545] {processor.py:183} INFO - Processing /home/sarita/Documents/apache-airflow-project/.venv/lib/python3.9/site-packages/airflow/example_dags/tutorial_objectstorage.py took 0.041 seconds
[2023-12-27T12:45:59.388+0545] {processor.py:161} INFO - Started process (PID=17081) to work on /home/sarita/Documents/apache-airflow-project/.venv/lib/python3.9/site-packages/airflow/example_dags/tutorial_objectstorage.py
[2023-12-27T12:45:59.389+0545] {processor.py:830} INFO - Processing file /home/sarita/Documents/apache-airflow-project/.venv/lib/python3.9/site-packages/airflow/example_dags/tutorial_objectstorage.py for tasks to queue
[2023-12-27T12:45:59.390+0545] {logging_mixin.py:188} INFO - [2023-12-27T12:45:59.390+0545] {dagbag.py:538} INFO - Filling up the DagBag from /home/sarita/Documents/apache-airflow-project/.venv/lib/python3.9/site-packages/airflow/example_dags/tutorial_objectstorage.py
[2023-12-27T12:45:59.394+0545] {processor.py:840} INFO - DAG(s) 'tutorial_objectstorage' retrieved from /home/sarita/Documents/apache-airflow-project/.venv/lib/python3.9/site-packages/airflow/example_dags/tutorial_objectstorage.py
[2023-12-27T12:45:59.409+0545] {logging_mixin.py:188} INFO - [2023-12-27T12:45:59.409+0545] {dag.py:3033} INFO - Sync 1 DAGs
[2023-12-27T12:45:59.417+0545] {logging_mixin.py:188} INFO - [2023-12-27T12:45:59.417+0545] {dag.py:3820} INFO - Setting next_dagrun for tutorial_objectstorage to None, run_after=None
[2023-12-27T12:45:59.435+0545] {processor.py:183} INFO - Processing /home/sarita/Documents/apache-airflow-project/.venv/lib/python3.9/site-packages/airflow/example_dags/tutorial_objectstorage.py took 0.049 seconds
[2023-12-27T12:52:25.218+0545] {processor.py:161} INFO - Started process (PID=17600) to work on /home/sarita/Documents/apache-airflow-project/.venv/lib/python3.9/site-packages/airflow/example_dags/tutorial_objectstorage.py
[2023-12-27T12:52:25.220+0545] {processor.py:830} INFO - Processing file /home/sarita/Documents/apache-airflow-project/.venv/lib/python3.9/site-packages/airflow/example_dags/tutorial_objectstorage.py for tasks to queue
[2023-12-27T12:52:25.220+0545] {logging_mixin.py:188} INFO - [2023-12-27T12:52:25.220+0545] {dagbag.py:538} INFO - Filling up the DagBag from /home/sarita/Documents/apache-airflow-project/.venv/lib/python3.9/site-packages/airflow/example_dags/tutorial_objectstorage.py
[2023-12-27T12:52:25.225+0545] {processor.py:840} INFO - DAG(s) 'tutorial_objectstorage' retrieved from /home/sarita/Documents/apache-airflow-project/.venv/lib/python3.9/site-packages/airflow/example_dags/tutorial_objectstorage.py
[2023-12-27T12:52:25.239+0545] {logging_mixin.py:188} INFO - [2023-12-27T12:52:25.239+0545] {dag.py:3033} INFO - Sync 1 DAGs
[2023-12-27T12:52:25.248+0545] {logging_mixin.py:188} INFO - [2023-12-27T12:52:25.247+0545] {dag.py:3820} INFO - Setting next_dagrun for tutorial_objectstorage to None, run_after=None
[2023-12-27T12:52:25.266+0545] {processor.py:183} INFO - Processing /home/sarita/Documents/apache-airflow-project/.venv/lib/python3.9/site-packages/airflow/example_dags/tutorial_objectstorage.py took 0.050 seconds
[2023-12-27T12:53:14.431+0545] {processor.py:161} INFO - Started process (PID=17705) to work on /home/sarita/Documents/apache-airflow-project/.venv/lib/python3.9/site-packages/airflow/example_dags/tutorial_objectstorage.py
[2023-12-27T12:53:14.434+0545] {processor.py:830} INFO - Processing file /home/sarita/Documents/apache-airflow-project/.venv/lib/python3.9/site-packages/airflow/example_dags/tutorial_objectstorage.py for tasks to queue
[2023-12-27T12:53:14.437+0545] {logging_mixin.py:188} INFO - [2023-12-27T12:53:14.436+0545] {dagbag.py:538} INFO - Filling up the DagBag from /home/sarita/Documents/apache-airflow-project/.venv/lib/python3.9/site-packages/airflow/example_dags/tutorial_objectstorage.py
[2023-12-27T12:53:14.452+0545] {processor.py:840} INFO - DAG(s) 'tutorial_objectstorage' retrieved from /home/sarita/Documents/apache-airflow-project/.venv/lib/python3.9/site-packages/airflow/example_dags/tutorial_objectstorage.py
[2023-12-27T12:53:14.467+0545] {logging_mixin.py:188} INFO - [2023-12-27T12:53:14.467+0545] {dag.py:3033} INFO - Sync 1 DAGs
[2023-12-27T12:53:14.477+0545] {logging_mixin.py:188} INFO - [2023-12-27T12:53:14.477+0545] {dag.py:3820} INFO - Setting next_dagrun for tutorial_objectstorage to None, run_after=None
[2023-12-27T12:53:14.493+0545] {processor.py:183} INFO - Processing /home/sarita/Documents/apache-airflow-project/.venv/lib/python3.9/site-packages/airflow/example_dags/tutorial_objectstorage.py took 0.069 seconds
[2023-12-27T12:54:44.354+0545] {processor.py:161} INFO - Started process (PID=17871) to work on /home/sarita/Documents/apache-airflow-project/.venv/lib/python3.9/site-packages/airflow/example_dags/tutorial_objectstorage.py
[2023-12-27T12:54:44.355+0545] {processor.py:830} INFO - Processing file /home/sarita/Documents/apache-airflow-project/.venv/lib/python3.9/site-packages/airflow/example_dags/tutorial_objectstorage.py for tasks to queue
[2023-12-27T12:54:44.356+0545] {logging_mixin.py:188} INFO - [2023-12-27T12:54:44.356+0545] {dagbag.py:538} INFO - Filling up the DagBag from /home/sarita/Documents/apache-airflow-project/.venv/lib/python3.9/site-packages/airflow/example_dags/tutorial_objectstorage.py
[2023-12-27T12:54:44.360+0545] {processor.py:840} INFO - DAG(s) 'tutorial_objectstorage' retrieved from /home/sarita/Documents/apache-airflow-project/.venv/lib/python3.9/site-packages/airflow/example_dags/tutorial_objectstorage.py
[2023-12-27T12:54:44.375+0545] {logging_mixin.py:188} INFO - [2023-12-27T12:54:44.375+0545] {dag.py:3033} INFO - Sync 1 DAGs
[2023-12-27T12:54:44.383+0545] {logging_mixin.py:188} INFO - [2023-12-27T12:54:44.383+0545] {dag.py:3820} INFO - Setting next_dagrun for tutorial_objectstorage to None, run_after=None
[2023-12-27T12:54:44.401+0545] {processor.py:183} INFO - Processing /home/sarita/Documents/apache-airflow-project/.venv/lib/python3.9/site-packages/airflow/example_dags/tutorial_objectstorage.py took 0.050 seconds
[2023-12-27T12:58:00.598+0545] {processor.py:161} INFO - Started process (PID=18059) to work on /home/sarita/Documents/apache-airflow-project/.venv/lib/python3.9/site-packages/airflow/example_dags/tutorial_objectstorage.py
[2023-12-27T12:58:00.600+0545] {processor.py:830} INFO - Processing file /home/sarita/Documents/apache-airflow-project/.venv/lib/python3.9/site-packages/airflow/example_dags/tutorial_objectstorage.py for tasks to queue
[2023-12-27T12:58:00.601+0545] {logging_mixin.py:188} INFO - [2023-12-27T12:58:00.600+0545] {dagbag.py:538} INFO - Filling up the DagBag from /home/sarita/Documents/apache-airflow-project/.venv/lib/python3.9/site-packages/airflow/example_dags/tutorial_objectstorage.py
[2023-12-27T12:58:00.605+0545] {processor.py:840} INFO - DAG(s) 'tutorial_objectstorage' retrieved from /home/sarita/Documents/apache-airflow-project/.venv/lib/python3.9/site-packages/airflow/example_dags/tutorial_objectstorage.py
[2023-12-27T12:58:00.619+0545] {logging_mixin.py:188} INFO - [2023-12-27T12:58:00.619+0545] {dag.py:3033} INFO - Sync 1 DAGs
[2023-12-27T12:58:00.628+0545] {logging_mixin.py:188} INFO - [2023-12-27T12:58:00.628+0545] {dag.py:3820} INFO - Setting next_dagrun for tutorial_objectstorage to None, run_after=None
[2023-12-27T12:58:00.646+0545] {processor.py:183} INFO - Processing /home/sarita/Documents/apache-airflow-project/.venv/lib/python3.9/site-packages/airflow/example_dags/tutorial_objectstorage.py took 0.050 seconds
[2023-12-27T16:15:50.735+0545] {processor.py:161} INFO - Started process (PID=24795) to work on /home/sarita/Documents/apache-airflow-project/.venv/lib/python3.9/site-packages/airflow/example_dags/tutorial_objectstorage.py
[2023-12-27T16:15:50.737+0545] {processor.py:830} INFO - Processing file /home/sarita/Documents/apache-airflow-project/.venv/lib/python3.9/site-packages/airflow/example_dags/tutorial_objectstorage.py for tasks to queue
[2023-12-27T16:15:50.739+0545] {logging_mixin.py:188} INFO - [2023-12-27T16:15:50.739+0545] {dagbag.py:538} INFO - Filling up the DagBag from /home/sarita/Documents/apache-airflow-project/.venv/lib/python3.9/site-packages/airflow/example_dags/tutorial_objectstorage.py
[2023-12-27T16:15:50.751+0545] {processor.py:840} INFO - DAG(s) 'tutorial_objectstorage' retrieved from /home/sarita/Documents/apache-airflow-project/.venv/lib/python3.9/site-packages/airflow/example_dags/tutorial_objectstorage.py
[2023-12-27T16:15:50.775+0545] {logging_mixin.py:188} INFO - [2023-12-27T16:15:50.775+0545] {dag.py:3033} INFO - Sync 1 DAGs
[2023-12-27T16:15:50.784+0545] {logging_mixin.py:188} INFO - [2023-12-27T16:15:50.783+0545] {dag.py:3820} INFO - Setting next_dagrun for tutorial_objectstorage to None, run_after=None
[2023-12-27T16:15:50.813+0545] {processor.py:183} INFO - Processing /home/sarita/Documents/apache-airflow-project/.venv/lib/python3.9/site-packages/airflow/example_dags/tutorial_objectstorage.py took 0.080 seconds
