[2023-12-27T09:36:37.808+0545] {processor.py:161} INFO - Started process (PID=6898) to work on /home/sarita/Documents/apache-airflow-project/.venv/lib/python3.9/site-packages/airflow/example_dags/tutorial_dag.py
[2023-12-27T09:36:37.809+0545] {processor.py:830} INFO - Processing file /home/sarita/Documents/apache-airflow-project/.venv/lib/python3.9/site-packages/airflow/example_dags/tutorial_dag.py for tasks to queue
[2023-12-27T09:36:37.810+0545] {logging_mixin.py:188} INFO - [2023-12-27T09:36:37.809+0545] {dagbag.py:538} INFO - Filling up the DagBag from /home/sarita/Documents/apache-airflow-project/.venv/lib/python3.9/site-packages/airflow/example_dags/tutorial_dag.py
[2023-12-27T09:36:37.818+0545] {processor.py:840} INFO - DAG(s) 'tutorial_dag' retrieved from /home/sarita/Documents/apache-airflow-project/.venv/lib/python3.9/site-packages/airflow/example_dags/tutorial_dag.py
[2023-12-27T09:36:37.903+0545] {logging_mixin.py:188} INFO - [2023-12-27T09:36:37.903+0545] {dag.py:3033} INFO - Sync 1 DAGs
[2023-12-27T09:36:37.913+0545] {logging_mixin.py:188} INFO - [2023-12-27T09:36:37.913+0545] {dag.py:3820} INFO - Setting next_dagrun for tutorial_dag to None, run_after=None
[2023-12-27T09:36:37.932+0545] {processor.py:183} INFO - Processing /home/sarita/Documents/apache-airflow-project/.venv/lib/python3.9/site-packages/airflow/example_dags/tutorial_dag.py took 0.127 seconds
[2023-12-27T09:37:26.139+0545] {processor.py:161} INFO - Started process (PID=6957) to work on /home/sarita/Documents/apache-airflow-project/.venv/lib/python3.9/site-packages/airflow/example_dags/tutorial_dag.py
[2023-12-27T09:37:26.142+0545] {processor.py:830} INFO - Processing file /home/sarita/Documents/apache-airflow-project/.venv/lib/python3.9/site-packages/airflow/example_dags/tutorial_dag.py for tasks to queue
[2023-12-27T09:37:26.143+0545] {logging_mixin.py:188} INFO - [2023-12-27T09:37:26.143+0545] {dagbag.py:538} INFO - Filling up the DagBag from /home/sarita/Documents/apache-airflow-project/.venv/lib/python3.9/site-packages/airflow/example_dags/tutorial_dag.py
[2023-12-27T09:37:26.149+0545] {processor.py:840} INFO - DAG(s) 'tutorial_dag' retrieved from /home/sarita/Documents/apache-airflow-project/.venv/lib/python3.9/site-packages/airflow/example_dags/tutorial_dag.py
[2023-12-27T09:37:26.162+0545] {logging_mixin.py:188} INFO - [2023-12-27T09:37:26.162+0545] {dag.py:3033} INFO - Sync 1 DAGs
[2023-12-27T09:37:26.171+0545] {logging_mixin.py:188} INFO - [2023-12-27T09:37:26.171+0545] {dag.py:3820} INFO - Setting next_dagrun for tutorial_dag to None, run_after=None
[2023-12-27T09:37:26.188+0545] {processor.py:183} INFO - Processing /home/sarita/Documents/apache-airflow-project/.venv/lib/python3.9/site-packages/airflow/example_dags/tutorial_dag.py took 0.054 seconds
[2023-12-27T09:38:14.787+0545] {processor.py:161} INFO - Started process (PID=7017) to work on /home/sarita/Documents/apache-airflow-project/.venv/lib/python3.9/site-packages/airflow/example_dags/tutorial_dag.py
[2023-12-27T09:38:14.791+0545] {processor.py:830} INFO - Processing file /home/sarita/Documents/apache-airflow-project/.venv/lib/python3.9/site-packages/airflow/example_dags/tutorial_dag.py for tasks to queue
[2023-12-27T09:38:14.793+0545] {logging_mixin.py:188} INFO - [2023-12-27T09:38:14.792+0545] {dagbag.py:538} INFO - Filling up the DagBag from /home/sarita/Documents/apache-airflow-project/.venv/lib/python3.9/site-packages/airflow/example_dags/tutorial_dag.py
[2023-12-27T09:38:14.803+0545] {processor.py:840} INFO - DAG(s) 'tutorial_dag' retrieved from /home/sarita/Documents/apache-airflow-project/.venv/lib/python3.9/site-packages/airflow/example_dags/tutorial_dag.py
[2023-12-27T09:38:14.819+0545] {logging_mixin.py:188} INFO - [2023-12-27T09:38:14.819+0545] {dag.py:3033} INFO - Sync 1 DAGs
[2023-12-27T09:38:14.828+0545] {logging_mixin.py:188} INFO - [2023-12-27T09:38:14.828+0545] {dag.py:3820} INFO - Setting next_dagrun for tutorial_dag to None, run_after=None
[2023-12-27T09:38:14.845+0545] {processor.py:183} INFO - Processing /home/sarita/Documents/apache-airflow-project/.venv/lib/python3.9/site-packages/airflow/example_dags/tutorial_dag.py took 0.066 seconds
[2023-12-27T09:38:53.184+0545] {processor.py:161} INFO - Started process (PID=7116) to work on /home/sarita/Documents/apache-airflow-project/.venv/lib/python3.9/site-packages/airflow/example_dags/tutorial_dag.py
[2023-12-27T09:38:53.186+0545] {processor.py:830} INFO - Processing file /home/sarita/Documents/apache-airflow-project/.venv/lib/python3.9/site-packages/airflow/example_dags/tutorial_dag.py for tasks to queue
[2023-12-27T09:38:53.186+0545] {logging_mixin.py:188} INFO - [2023-12-27T09:38:53.186+0545] {dagbag.py:538} INFO - Filling up the DagBag from /home/sarita/Documents/apache-airflow-project/.venv/lib/python3.9/site-packages/airflow/example_dags/tutorial_dag.py
[2023-12-27T09:38:53.190+0545] {processor.py:840} INFO - DAG(s) 'tutorial_dag' retrieved from /home/sarita/Documents/apache-airflow-project/.venv/lib/python3.9/site-packages/airflow/example_dags/tutorial_dag.py
[2023-12-27T09:38:53.200+0545] {logging_mixin.py:188} INFO - [2023-12-27T09:38:53.200+0545] {dag.py:3033} INFO - Sync 1 DAGs
[2023-12-27T09:38:53.209+0545] {logging_mixin.py:188} INFO - [2023-12-27T09:38:53.209+0545] {dag.py:3820} INFO - Setting next_dagrun for tutorial_dag to None, run_after=None
[2023-12-27T09:38:53.226+0545] {processor.py:183} INFO - Processing /home/sarita/Documents/apache-airflow-project/.venv/lib/python3.9/site-packages/airflow/example_dags/tutorial_dag.py took 0.044 seconds
[2023-12-27T09:39:30.245+0545] {processor.py:161} INFO - Started process (PID=7161) to work on /home/sarita/Documents/apache-airflow-project/.venv/lib/python3.9/site-packages/airflow/example_dags/tutorial_dag.py
[2023-12-27T09:39:30.247+0545] {processor.py:830} INFO - Processing file /home/sarita/Documents/apache-airflow-project/.venv/lib/python3.9/site-packages/airflow/example_dags/tutorial_dag.py for tasks to queue
[2023-12-27T09:39:30.249+0545] {logging_mixin.py:188} INFO - [2023-12-27T09:39:30.248+0545] {dagbag.py:538} INFO - Filling up the DagBag from /home/sarita/Documents/apache-airflow-project/.venv/lib/python3.9/site-packages/airflow/example_dags/tutorial_dag.py
[2023-12-27T09:39:30.255+0545] {processor.py:840} INFO - DAG(s) 'tutorial_dag' retrieved from /home/sarita/Documents/apache-airflow-project/.venv/lib/python3.9/site-packages/airflow/example_dags/tutorial_dag.py
[2023-12-27T09:39:30.270+0545] {logging_mixin.py:188} INFO - [2023-12-27T09:39:30.270+0545] {dag.py:3033} INFO - Sync 1 DAGs
[2023-12-27T09:39:30.279+0545] {logging_mixin.py:188} INFO - [2023-12-27T09:39:30.279+0545] {dag.py:3820} INFO - Setting next_dagrun for tutorial_dag to None, run_after=None
[2023-12-27T09:39:30.296+0545] {processor.py:183} INFO - Processing /home/sarita/Documents/apache-airflow-project/.venv/lib/python3.9/site-packages/airflow/example_dags/tutorial_dag.py took 0.055 seconds
[2023-12-27T09:40:08.556+0545] {processor.py:161} INFO - Started process (PID=7240) to work on /home/sarita/Documents/apache-airflow-project/.venv/lib/python3.9/site-packages/airflow/example_dags/tutorial_dag.py
[2023-12-27T09:40:08.559+0545] {processor.py:830} INFO - Processing file /home/sarita/Documents/apache-airflow-project/.venv/lib/python3.9/site-packages/airflow/example_dags/tutorial_dag.py for tasks to queue
[2023-12-27T09:40:08.560+0545] {logging_mixin.py:188} INFO - [2023-12-27T09:40:08.560+0545] {dagbag.py:538} INFO - Filling up the DagBag from /home/sarita/Documents/apache-airflow-project/.venv/lib/python3.9/site-packages/airflow/example_dags/tutorial_dag.py
[2023-12-27T09:40:08.569+0545] {processor.py:840} INFO - DAG(s) 'tutorial_dag' retrieved from /home/sarita/Documents/apache-airflow-project/.venv/lib/python3.9/site-packages/airflow/example_dags/tutorial_dag.py
[2023-12-27T09:40:08.587+0545] {logging_mixin.py:188} INFO - [2023-12-27T09:40:08.586+0545] {dag.py:3033} INFO - Sync 1 DAGs
[2023-12-27T09:40:08.596+0545] {logging_mixin.py:188} INFO - [2023-12-27T09:40:08.596+0545] {dag.py:3820} INFO - Setting next_dagrun for tutorial_dag to None, run_after=None
[2023-12-27T09:40:08.613+0545] {processor.py:183} INFO - Processing /home/sarita/Documents/apache-airflow-project/.venv/lib/python3.9/site-packages/airflow/example_dags/tutorial_dag.py took 0.062 seconds
[2023-12-27T09:40:47.139+0545] {processor.py:161} INFO - Started process (PID=7331) to work on /home/sarita/Documents/apache-airflow-project/.venv/lib/python3.9/site-packages/airflow/example_dags/tutorial_dag.py
[2023-12-27T09:40:47.140+0545] {processor.py:830} INFO - Processing file /home/sarita/Documents/apache-airflow-project/.venv/lib/python3.9/site-packages/airflow/example_dags/tutorial_dag.py for tasks to queue
[2023-12-27T09:40:47.140+0545] {logging_mixin.py:188} INFO - [2023-12-27T09:40:47.140+0545] {dagbag.py:538} INFO - Filling up the DagBag from /home/sarita/Documents/apache-airflow-project/.venv/lib/python3.9/site-packages/airflow/example_dags/tutorial_dag.py
[2023-12-27T09:40:47.144+0545] {processor.py:840} INFO - DAG(s) 'tutorial_dag' retrieved from /home/sarita/Documents/apache-airflow-project/.venv/lib/python3.9/site-packages/airflow/example_dags/tutorial_dag.py
[2023-12-27T09:40:47.159+0545] {logging_mixin.py:188} INFO - [2023-12-27T09:40:47.159+0545] {dag.py:3033} INFO - Sync 1 DAGs
[2023-12-27T09:40:47.169+0545] {logging_mixin.py:188} INFO - [2023-12-27T09:40:47.168+0545] {dag.py:3820} INFO - Setting next_dagrun for tutorial_dag to None, run_after=None
[2023-12-27T09:40:47.188+0545] {processor.py:183} INFO - Processing /home/sarita/Documents/apache-airflow-project/.venv/lib/python3.9/site-packages/airflow/example_dags/tutorial_dag.py took 0.050 seconds
[2023-12-27T09:41:21.488+0545] {processor.py:161} INFO - Started process (PID=7523) to work on /home/sarita/Documents/apache-airflow-project/.venv/lib/python3.9/site-packages/airflow/example_dags/tutorial_dag.py
[2023-12-27T09:41:21.491+0545] {processor.py:830} INFO - Processing file /home/sarita/Documents/apache-airflow-project/.venv/lib/python3.9/site-packages/airflow/example_dags/tutorial_dag.py for tasks to queue
[2023-12-27T09:41:21.493+0545] {logging_mixin.py:188} INFO - [2023-12-27T09:41:21.493+0545] {dagbag.py:538} INFO - Filling up the DagBag from /home/sarita/Documents/apache-airflow-project/.venv/lib/python3.9/site-packages/airflow/example_dags/tutorial_dag.py
[2023-12-27T09:41:21.505+0545] {processor.py:840} INFO - DAG(s) 'tutorial_dag' retrieved from /home/sarita/Documents/apache-airflow-project/.venv/lib/python3.9/site-packages/airflow/example_dags/tutorial_dag.py
[2023-12-27T09:41:21.522+0545] {logging_mixin.py:188} INFO - [2023-12-27T09:41:21.522+0545] {dag.py:3033} INFO - Sync 1 DAGs
[2023-12-27T09:41:21.533+0545] {logging_mixin.py:188} INFO - [2023-12-27T09:41:21.532+0545] {dag.py:3820} INFO - Setting next_dagrun for tutorial_dag to None, run_after=None
[2023-12-27T09:41:21.552+0545] {processor.py:183} INFO - Processing /home/sarita/Documents/apache-airflow-project/.venv/lib/python3.9/site-packages/airflow/example_dags/tutorial_dag.py took 0.070 seconds
[2023-12-27T09:42:01.594+0545] {processor.py:161} INFO - Started process (PID=7738) to work on /home/sarita/Documents/apache-airflow-project/.venv/lib/python3.9/site-packages/airflow/example_dags/tutorial_dag.py
[2023-12-27T09:42:01.597+0545] {processor.py:830} INFO - Processing file /home/sarita/Documents/apache-airflow-project/.venv/lib/python3.9/site-packages/airflow/example_dags/tutorial_dag.py for tasks to queue
[2023-12-27T09:42:01.599+0545] {logging_mixin.py:188} INFO - [2023-12-27T09:42:01.598+0545] {dagbag.py:538} INFO - Filling up the DagBag from /home/sarita/Documents/apache-airflow-project/.venv/lib/python3.9/site-packages/airflow/example_dags/tutorial_dag.py
[2023-12-27T09:42:01.606+0545] {processor.py:840} INFO - DAG(s) 'tutorial_dag' retrieved from /home/sarita/Documents/apache-airflow-project/.venv/lib/python3.9/site-packages/airflow/example_dags/tutorial_dag.py
[2023-12-27T09:42:01.620+0545] {logging_mixin.py:188} INFO - [2023-12-27T09:42:01.620+0545] {dag.py:3033} INFO - Sync 1 DAGs
[2023-12-27T09:42:01.629+0545] {logging_mixin.py:188} INFO - [2023-12-27T09:42:01.629+0545] {dag.py:3820} INFO - Setting next_dagrun for tutorial_dag to None, run_after=None
[2023-12-27T09:42:01.646+0545] {processor.py:183} INFO - Processing /home/sarita/Documents/apache-airflow-project/.venv/lib/python3.9/site-packages/airflow/example_dags/tutorial_dag.py took 0.059 seconds
[2023-12-27T09:42:37.825+0545] {processor.py:161} INFO - Started process (PID=7806) to work on /home/sarita/Documents/apache-airflow-project/.venv/lib/python3.9/site-packages/airflow/example_dags/tutorial_dag.py
[2023-12-27T09:42:37.829+0545] {processor.py:830} INFO - Processing file /home/sarita/Documents/apache-airflow-project/.venv/lib/python3.9/site-packages/airflow/example_dags/tutorial_dag.py for tasks to queue
[2023-12-27T09:42:37.831+0545] {logging_mixin.py:188} INFO - [2023-12-27T09:42:37.830+0545] {dagbag.py:538} INFO - Filling up the DagBag from /home/sarita/Documents/apache-airflow-project/.venv/lib/python3.9/site-packages/airflow/example_dags/tutorial_dag.py
[2023-12-27T09:42:37.843+0545] {processor.py:840} INFO - DAG(s) 'tutorial_dag' retrieved from /home/sarita/Documents/apache-airflow-project/.venv/lib/python3.9/site-packages/airflow/example_dags/tutorial_dag.py
[2023-12-27T09:42:37.860+0545] {logging_mixin.py:188} INFO - [2023-12-27T09:42:37.860+0545] {dag.py:3033} INFO - Sync 1 DAGs
[2023-12-27T09:42:37.869+0545] {logging_mixin.py:188} INFO - [2023-12-27T09:42:37.869+0545] {dag.py:3820} INFO - Setting next_dagrun for tutorial_dag to None, run_after=None
[2023-12-27T09:42:37.886+0545] {processor.py:183} INFO - Processing /home/sarita/Documents/apache-airflow-project/.venv/lib/python3.9/site-packages/airflow/example_dags/tutorial_dag.py took 0.069 seconds
[2023-12-27T09:43:29.657+0545] {processor.py:161} INFO - Started process (PID=7880) to work on /home/sarita/Documents/apache-airflow-project/.venv/lib/python3.9/site-packages/airflow/example_dags/tutorial_dag.py
[2023-12-27T09:43:29.660+0545] {processor.py:830} INFO - Processing file /home/sarita/Documents/apache-airflow-project/.venv/lib/python3.9/site-packages/airflow/example_dags/tutorial_dag.py for tasks to queue
[2023-12-27T09:43:29.662+0545] {logging_mixin.py:188} INFO - [2023-12-27T09:43:29.661+0545] {dagbag.py:538} INFO - Filling up the DagBag from /home/sarita/Documents/apache-airflow-project/.venv/lib/python3.9/site-packages/airflow/example_dags/tutorial_dag.py
[2023-12-27T09:43:29.670+0545] {processor.py:840} INFO - DAG(s) 'tutorial_dag' retrieved from /home/sarita/Documents/apache-airflow-project/.venv/lib/python3.9/site-packages/airflow/example_dags/tutorial_dag.py
[2023-12-27T09:43:29.684+0545] {logging_mixin.py:188} INFO - [2023-12-27T09:43:29.684+0545] {dag.py:3033} INFO - Sync 1 DAGs
[2023-12-27T09:43:29.693+0545] {logging_mixin.py:188} INFO - [2023-12-27T09:43:29.693+0545] {dag.py:3820} INFO - Setting next_dagrun for tutorial_dag to None, run_after=None
[2023-12-27T09:43:29.711+0545] {processor.py:183} INFO - Processing /home/sarita/Documents/apache-airflow-project/.venv/lib/python3.9/site-packages/airflow/example_dags/tutorial_dag.py took 0.059 seconds
[2023-12-27T09:44:07.360+0545] {processor.py:161} INFO - Started process (PID=7926) to work on /home/sarita/Documents/apache-airflow-project/.venv/lib/python3.9/site-packages/airflow/example_dags/tutorial_dag.py
[2023-12-27T09:44:07.363+0545] {processor.py:830} INFO - Processing file /home/sarita/Documents/apache-airflow-project/.venv/lib/python3.9/site-packages/airflow/example_dags/tutorial_dag.py for tasks to queue
[2023-12-27T09:44:07.364+0545] {logging_mixin.py:188} INFO - [2023-12-27T09:44:07.363+0545] {dagbag.py:538} INFO - Filling up the DagBag from /home/sarita/Documents/apache-airflow-project/.venv/lib/python3.9/site-packages/airflow/example_dags/tutorial_dag.py
[2023-12-27T09:44:07.373+0545] {processor.py:840} INFO - DAG(s) 'tutorial_dag' retrieved from /home/sarita/Documents/apache-airflow-project/.venv/lib/python3.9/site-packages/airflow/example_dags/tutorial_dag.py
[2023-12-27T09:44:07.393+0545] {logging_mixin.py:188} INFO - [2023-12-27T09:44:07.393+0545] {dag.py:3033} INFO - Sync 1 DAGs
[2023-12-27T09:44:07.403+0545] {logging_mixin.py:188} INFO - [2023-12-27T09:44:07.403+0545] {dag.py:3820} INFO - Setting next_dagrun for tutorial_dag to None, run_after=None
[2023-12-27T09:44:07.434+0545] {processor.py:183} INFO - Processing /home/sarita/Documents/apache-airflow-project/.venv/lib/python3.9/site-packages/airflow/example_dags/tutorial_dag.py took 0.079 seconds
[2023-12-27T09:44:45.423+0545] {processor.py:161} INFO - Started process (PID=7976) to work on /home/sarita/Documents/apache-airflow-project/.venv/lib/python3.9/site-packages/airflow/example_dags/tutorial_dag.py
[2023-12-27T09:44:45.426+0545] {processor.py:830} INFO - Processing file /home/sarita/Documents/apache-airflow-project/.venv/lib/python3.9/site-packages/airflow/example_dags/tutorial_dag.py for tasks to queue
[2023-12-27T09:44:45.427+0545] {logging_mixin.py:188} INFO - [2023-12-27T09:44:45.427+0545] {dagbag.py:538} INFO - Filling up the DagBag from /home/sarita/Documents/apache-airflow-project/.venv/lib/python3.9/site-packages/airflow/example_dags/tutorial_dag.py
[2023-12-27T09:44:45.434+0545] {processor.py:840} INFO - DAG(s) 'tutorial_dag' retrieved from /home/sarita/Documents/apache-airflow-project/.venv/lib/python3.9/site-packages/airflow/example_dags/tutorial_dag.py
[2023-12-27T09:44:45.449+0545] {logging_mixin.py:188} INFO - [2023-12-27T09:44:45.448+0545] {dag.py:3033} INFO - Sync 1 DAGs
[2023-12-27T09:44:45.459+0545] {logging_mixin.py:188} INFO - [2023-12-27T09:44:45.458+0545] {dag.py:3820} INFO - Setting next_dagrun for tutorial_dag to None, run_after=None
[2023-12-27T09:44:45.478+0545] {processor.py:183} INFO - Processing /home/sarita/Documents/apache-airflow-project/.venv/lib/python3.9/site-packages/airflow/example_dags/tutorial_dag.py took 0.062 seconds
[2023-12-27T09:45:19.956+0545] {processor.py:161} INFO - Started process (PID=8037) to work on /home/sarita/Documents/apache-airflow-project/.venv/lib/python3.9/site-packages/airflow/example_dags/tutorial_dag.py
[2023-12-27T09:45:19.958+0545] {processor.py:830} INFO - Processing file /home/sarita/Documents/apache-airflow-project/.venv/lib/python3.9/site-packages/airflow/example_dags/tutorial_dag.py for tasks to queue
[2023-12-27T09:45:19.959+0545] {logging_mixin.py:188} INFO - [2023-12-27T09:45:19.958+0545] {dagbag.py:538} INFO - Filling up the DagBag from /home/sarita/Documents/apache-airflow-project/.venv/lib/python3.9/site-packages/airflow/example_dags/tutorial_dag.py
[2023-12-27T09:45:19.962+0545] {processor.py:840} INFO - DAG(s) 'tutorial_dag' retrieved from /home/sarita/Documents/apache-airflow-project/.venv/lib/python3.9/site-packages/airflow/example_dags/tutorial_dag.py
[2023-12-27T09:45:19.973+0545] {logging_mixin.py:188} INFO - [2023-12-27T09:45:19.973+0545] {dag.py:3033} INFO - Sync 1 DAGs
[2023-12-27T09:45:19.982+0545] {logging_mixin.py:188} INFO - [2023-12-27T09:45:19.982+0545] {dag.py:3820} INFO - Setting next_dagrun for tutorial_dag to None, run_after=None
[2023-12-27T09:45:20.005+0545] {processor.py:183} INFO - Processing /home/sarita/Documents/apache-airflow-project/.venv/lib/python3.9/site-packages/airflow/example_dags/tutorial_dag.py took 0.051 seconds
[2023-12-27T09:45:57.779+0545] {processor.py:161} INFO - Started process (PID=8460) to work on /home/sarita/Documents/apache-airflow-project/.venv/lib/python3.9/site-packages/airflow/example_dags/tutorial_dag.py
[2023-12-27T09:45:57.779+0545] {processor.py:830} INFO - Processing file /home/sarita/Documents/apache-airflow-project/.venv/lib/python3.9/site-packages/airflow/example_dags/tutorial_dag.py for tasks to queue
[2023-12-27T09:45:57.780+0545] {logging_mixin.py:188} INFO - [2023-12-27T09:45:57.780+0545] {dagbag.py:538} INFO - Filling up the DagBag from /home/sarita/Documents/apache-airflow-project/.venv/lib/python3.9/site-packages/airflow/example_dags/tutorial_dag.py
[2023-12-27T09:45:57.784+0545] {processor.py:840} INFO - DAG(s) 'tutorial_dag' retrieved from /home/sarita/Documents/apache-airflow-project/.venv/lib/python3.9/site-packages/airflow/example_dags/tutorial_dag.py
[2023-12-27T09:45:57.801+0545] {logging_mixin.py:188} INFO - [2023-12-27T09:45:57.801+0545] {dag.py:3033} INFO - Sync 1 DAGs
[2023-12-27T09:45:57.817+0545] {logging_mixin.py:188} INFO - [2023-12-27T09:45:57.817+0545] {dag.py:3820} INFO - Setting next_dagrun for tutorial_dag to None, run_after=None
[2023-12-27T09:45:57.845+0545] {processor.py:183} INFO - Processing /home/sarita/Documents/apache-airflow-project/.venv/lib/python3.9/site-packages/airflow/example_dags/tutorial_dag.py took 0.069 seconds
[2023-12-27T09:46:32.738+0545] {processor.py:161} INFO - Started process (PID=8505) to work on /home/sarita/Documents/apache-airflow-project/.venv/lib/python3.9/site-packages/airflow/example_dags/tutorial_dag.py
[2023-12-27T09:46:32.740+0545] {processor.py:830} INFO - Processing file /home/sarita/Documents/apache-airflow-project/.venv/lib/python3.9/site-packages/airflow/example_dags/tutorial_dag.py for tasks to queue
[2023-12-27T09:46:32.741+0545] {logging_mixin.py:188} INFO - [2023-12-27T09:46:32.741+0545] {dagbag.py:538} INFO - Filling up the DagBag from /home/sarita/Documents/apache-airflow-project/.venv/lib/python3.9/site-packages/airflow/example_dags/tutorial_dag.py
[2023-12-27T09:46:32.747+0545] {processor.py:840} INFO - DAG(s) 'tutorial_dag' retrieved from /home/sarita/Documents/apache-airflow-project/.venv/lib/python3.9/site-packages/airflow/example_dags/tutorial_dag.py
[2023-12-27T09:46:32.762+0545] {logging_mixin.py:188} INFO - [2023-12-27T09:46:32.761+0545] {dag.py:3033} INFO - Sync 1 DAGs
[2023-12-27T09:46:32.771+0545] {logging_mixin.py:188} INFO - [2023-12-27T09:46:32.771+0545] {dag.py:3820} INFO - Setting next_dagrun for tutorial_dag to None, run_after=None
[2023-12-27T09:46:32.790+0545] {processor.py:183} INFO - Processing /home/sarita/Documents/apache-airflow-project/.venv/lib/python3.9/site-packages/airflow/example_dags/tutorial_dag.py took 0.056 seconds
[2023-12-27T09:47:10.600+0545] {processor.py:161} INFO - Started process (PID=8543) to work on /home/sarita/Documents/apache-airflow-project/.venv/lib/python3.9/site-packages/airflow/example_dags/tutorial_dag.py
[2023-12-27T09:47:10.603+0545] {processor.py:830} INFO - Processing file /home/sarita/Documents/apache-airflow-project/.venv/lib/python3.9/site-packages/airflow/example_dags/tutorial_dag.py for tasks to queue
[2023-12-27T09:47:10.604+0545] {logging_mixin.py:188} INFO - [2023-12-27T09:47:10.603+0545] {dagbag.py:538} INFO - Filling up the DagBag from /home/sarita/Documents/apache-airflow-project/.venv/lib/python3.9/site-packages/airflow/example_dags/tutorial_dag.py
[2023-12-27T09:47:10.608+0545] {processor.py:840} INFO - DAG(s) 'tutorial_dag' retrieved from /home/sarita/Documents/apache-airflow-project/.venv/lib/python3.9/site-packages/airflow/example_dags/tutorial_dag.py
[2023-12-27T09:47:10.621+0545] {logging_mixin.py:188} INFO - [2023-12-27T09:47:10.621+0545] {dag.py:3033} INFO - Sync 1 DAGs
[2023-12-27T09:47:10.629+0545] {logging_mixin.py:188} INFO - [2023-12-27T09:47:10.629+0545] {dag.py:3820} INFO - Setting next_dagrun for tutorial_dag to None, run_after=None
[2023-12-27T09:47:10.645+0545] {processor.py:183} INFO - Processing /home/sarita/Documents/apache-airflow-project/.venv/lib/python3.9/site-packages/airflow/example_dags/tutorial_dag.py took 0.050 seconds
[2023-12-27T09:47:50.552+0545] {processor.py:161} INFO - Started process (PID=8603) to work on /home/sarita/Documents/apache-airflow-project/.venv/lib/python3.9/site-packages/airflow/example_dags/tutorial_dag.py
[2023-12-27T09:47:50.555+0545] {processor.py:830} INFO - Processing file /home/sarita/Documents/apache-airflow-project/.venv/lib/python3.9/site-packages/airflow/example_dags/tutorial_dag.py for tasks to queue
[2023-12-27T09:47:50.556+0545] {logging_mixin.py:188} INFO - [2023-12-27T09:47:50.556+0545] {dagbag.py:538} INFO - Filling up the DagBag from /home/sarita/Documents/apache-airflow-project/.venv/lib/python3.9/site-packages/airflow/example_dags/tutorial_dag.py
[2023-12-27T09:47:50.564+0545] {processor.py:840} INFO - DAG(s) 'tutorial_dag' retrieved from /home/sarita/Documents/apache-airflow-project/.venv/lib/python3.9/site-packages/airflow/example_dags/tutorial_dag.py
[2023-12-27T09:47:50.580+0545] {logging_mixin.py:188} INFO - [2023-12-27T09:47:50.580+0545] {dag.py:3033} INFO - Sync 1 DAGs
[2023-12-27T09:47:50.589+0545] {logging_mixin.py:188} INFO - [2023-12-27T09:47:50.589+0545] {dag.py:3820} INFO - Setting next_dagrun for tutorial_dag to None, run_after=None
[2023-12-27T09:47:50.608+0545] {processor.py:183} INFO - Processing /home/sarita/Documents/apache-airflow-project/.venv/lib/python3.9/site-packages/airflow/example_dags/tutorial_dag.py took 0.061 seconds
[2023-12-27T09:48:29.565+0545] {processor.py:161} INFO - Started process (PID=8650) to work on /home/sarita/Documents/apache-airflow-project/.venv/lib/python3.9/site-packages/airflow/example_dags/tutorial_dag.py
[2023-12-27T09:48:29.567+0545] {processor.py:830} INFO - Processing file /home/sarita/Documents/apache-airflow-project/.venv/lib/python3.9/site-packages/airflow/example_dags/tutorial_dag.py for tasks to queue
[2023-12-27T09:48:29.568+0545] {logging_mixin.py:188} INFO - [2023-12-27T09:48:29.568+0545] {dagbag.py:538} INFO - Filling up the DagBag from /home/sarita/Documents/apache-airflow-project/.venv/lib/python3.9/site-packages/airflow/example_dags/tutorial_dag.py
[2023-12-27T09:48:29.575+0545] {processor.py:840} INFO - DAG(s) 'tutorial_dag' retrieved from /home/sarita/Documents/apache-airflow-project/.venv/lib/python3.9/site-packages/airflow/example_dags/tutorial_dag.py
[2023-12-27T09:48:29.592+0545] {logging_mixin.py:188} INFO - [2023-12-27T09:48:29.592+0545] {dag.py:3033} INFO - Sync 1 DAGs
[2023-12-27T09:48:29.602+0545] {logging_mixin.py:188} INFO - [2023-12-27T09:48:29.602+0545] {dag.py:3820} INFO - Setting next_dagrun for tutorial_dag to None, run_after=None
[2023-12-27T09:48:29.618+0545] {processor.py:183} INFO - Processing /home/sarita/Documents/apache-airflow-project/.venv/lib/python3.9/site-packages/airflow/example_dags/tutorial_dag.py took 0.057 seconds
[2023-12-27T09:49:06.312+0545] {processor.py:161} INFO - Started process (PID=8689) to work on /home/sarita/Documents/apache-airflow-project/.venv/lib/python3.9/site-packages/airflow/example_dags/tutorial_dag.py
[2023-12-27T09:49:06.315+0545] {processor.py:830} INFO - Processing file /home/sarita/Documents/apache-airflow-project/.venv/lib/python3.9/site-packages/airflow/example_dags/tutorial_dag.py for tasks to queue
[2023-12-27T09:49:06.317+0545] {logging_mixin.py:188} INFO - [2023-12-27T09:49:06.316+0545] {dagbag.py:538} INFO - Filling up the DagBag from /home/sarita/Documents/apache-airflow-project/.venv/lib/python3.9/site-packages/airflow/example_dags/tutorial_dag.py
[2023-12-27T09:49:06.329+0545] {processor.py:840} INFO - DAG(s) 'tutorial_dag' retrieved from /home/sarita/Documents/apache-airflow-project/.venv/lib/python3.9/site-packages/airflow/example_dags/tutorial_dag.py
[2023-12-27T09:49:06.346+0545] {logging_mixin.py:188} INFO - [2023-12-27T09:49:06.346+0545] {dag.py:3033} INFO - Sync 1 DAGs
[2023-12-27T09:49:06.356+0545] {logging_mixin.py:188} INFO - [2023-12-27T09:49:06.355+0545] {dag.py:3820} INFO - Setting next_dagrun for tutorial_dag to None, run_after=None
[2023-12-27T09:49:06.372+0545] {processor.py:183} INFO - Processing /home/sarita/Documents/apache-airflow-project/.venv/lib/python3.9/site-packages/airflow/example_dags/tutorial_dag.py took 0.067 seconds
[2023-12-27T09:49:42.171+0545] {processor.py:161} INFO - Started process (PID=8727) to work on /home/sarita/Documents/apache-airflow-project/.venv/lib/python3.9/site-packages/airflow/example_dags/tutorial_dag.py
[2023-12-27T09:49:42.174+0545] {processor.py:830} INFO - Processing file /home/sarita/Documents/apache-airflow-project/.venv/lib/python3.9/site-packages/airflow/example_dags/tutorial_dag.py for tasks to queue
[2023-12-27T09:49:42.175+0545] {logging_mixin.py:188} INFO - [2023-12-27T09:49:42.174+0545] {dagbag.py:538} INFO - Filling up the DagBag from /home/sarita/Documents/apache-airflow-project/.venv/lib/python3.9/site-packages/airflow/example_dags/tutorial_dag.py
[2023-12-27T09:49:42.180+0545] {processor.py:840} INFO - DAG(s) 'tutorial_dag' retrieved from /home/sarita/Documents/apache-airflow-project/.venv/lib/python3.9/site-packages/airflow/example_dags/tutorial_dag.py
[2023-12-27T09:49:42.193+0545] {logging_mixin.py:188} INFO - [2023-12-27T09:49:42.193+0545] {dag.py:3033} INFO - Sync 1 DAGs
[2023-12-27T09:49:42.201+0545] {logging_mixin.py:188} INFO - [2023-12-27T09:49:42.201+0545] {dag.py:3820} INFO - Setting next_dagrun for tutorial_dag to None, run_after=None
[2023-12-27T09:49:42.219+0545] {processor.py:183} INFO - Processing /home/sarita/Documents/apache-airflow-project/.venv/lib/python3.9/site-packages/airflow/example_dags/tutorial_dag.py took 0.052 seconds
[2023-12-27T09:50:20.750+0545] {processor.py:161} INFO - Started process (PID=8777) to work on /home/sarita/Documents/apache-airflow-project/.venv/lib/python3.9/site-packages/airflow/example_dags/tutorial_dag.py
[2023-12-27T09:50:20.753+0545] {processor.py:830} INFO - Processing file /home/sarita/Documents/apache-airflow-project/.venv/lib/python3.9/site-packages/airflow/example_dags/tutorial_dag.py for tasks to queue
[2023-12-27T09:50:20.754+0545] {logging_mixin.py:188} INFO - [2023-12-27T09:50:20.754+0545] {dagbag.py:538} INFO - Filling up the DagBag from /home/sarita/Documents/apache-airflow-project/.venv/lib/python3.9/site-packages/airflow/example_dags/tutorial_dag.py
[2023-12-27T09:50:20.763+0545] {processor.py:840} INFO - DAG(s) 'tutorial_dag' retrieved from /home/sarita/Documents/apache-airflow-project/.venv/lib/python3.9/site-packages/airflow/example_dags/tutorial_dag.py
[2023-12-27T09:50:20.780+0545] {logging_mixin.py:188} INFO - [2023-12-27T09:50:20.780+0545] {dag.py:3033} INFO - Sync 1 DAGs
[2023-12-27T09:50:20.790+0545] {logging_mixin.py:188} INFO - [2023-12-27T09:50:20.790+0545] {dag.py:3820} INFO - Setting next_dagrun for tutorial_dag to None, run_after=None
[2023-12-27T09:50:20.806+0545] {processor.py:183} INFO - Processing /home/sarita/Documents/apache-airflow-project/.venv/lib/python3.9/site-packages/airflow/example_dags/tutorial_dag.py took 0.061 seconds
[2023-12-27T09:50:59.487+0545] {processor.py:161} INFO - Started process (PID=8851) to work on /home/sarita/Documents/apache-airflow-project/.venv/lib/python3.9/site-packages/airflow/example_dags/tutorial_dag.py
[2023-12-27T09:50:59.490+0545] {processor.py:830} INFO - Processing file /home/sarita/Documents/apache-airflow-project/.venv/lib/python3.9/site-packages/airflow/example_dags/tutorial_dag.py for tasks to queue
[2023-12-27T09:50:59.491+0545] {logging_mixin.py:188} INFO - [2023-12-27T09:50:59.490+0545] {dagbag.py:538} INFO - Filling up the DagBag from /home/sarita/Documents/apache-airflow-project/.venv/lib/python3.9/site-packages/airflow/example_dags/tutorial_dag.py
[2023-12-27T09:50:59.497+0545] {processor.py:840} INFO - DAG(s) 'tutorial_dag' retrieved from /home/sarita/Documents/apache-airflow-project/.venv/lib/python3.9/site-packages/airflow/example_dags/tutorial_dag.py
[2023-12-27T09:50:59.514+0545] {logging_mixin.py:188} INFO - [2023-12-27T09:50:59.514+0545] {dag.py:3033} INFO - Sync 1 DAGs
[2023-12-27T09:50:59.524+0545] {logging_mixin.py:188} INFO - [2023-12-27T09:50:59.524+0545] {dag.py:3820} INFO - Setting next_dagrun for tutorial_dag to None, run_after=None
[2023-12-27T09:50:59.552+0545] {processor.py:183} INFO - Processing /home/sarita/Documents/apache-airflow-project/.venv/lib/python3.9/site-packages/airflow/example_dags/tutorial_dag.py took 0.068 seconds
[2023-12-27T09:51:38.432+0545] {processor.py:161} INFO - Started process (PID=8900) to work on /home/sarita/Documents/apache-airflow-project/.venv/lib/python3.9/site-packages/airflow/example_dags/tutorial_dag.py
[2023-12-27T09:51:38.435+0545] {processor.py:830} INFO - Processing file /home/sarita/Documents/apache-airflow-project/.venv/lib/python3.9/site-packages/airflow/example_dags/tutorial_dag.py for tasks to queue
[2023-12-27T09:51:38.436+0545] {logging_mixin.py:188} INFO - [2023-12-27T09:51:38.436+0545] {dagbag.py:538} INFO - Filling up the DagBag from /home/sarita/Documents/apache-airflow-project/.venv/lib/python3.9/site-packages/airflow/example_dags/tutorial_dag.py
[2023-12-27T09:51:38.442+0545] {processor.py:840} INFO - DAG(s) 'tutorial_dag' retrieved from /home/sarita/Documents/apache-airflow-project/.venv/lib/python3.9/site-packages/airflow/example_dags/tutorial_dag.py
[2023-12-27T09:51:38.461+0545] {logging_mixin.py:188} INFO - [2023-12-27T09:51:38.461+0545] {dag.py:3033} INFO - Sync 1 DAGs
[2023-12-27T09:51:38.471+0545] {logging_mixin.py:188} INFO - [2023-12-27T09:51:38.471+0545] {dag.py:3820} INFO - Setting next_dagrun for tutorial_dag to None, run_after=None
[2023-12-27T09:51:38.499+0545] {processor.py:183} INFO - Processing /home/sarita/Documents/apache-airflow-project/.venv/lib/python3.9/site-packages/airflow/example_dags/tutorial_dag.py took 0.070 seconds
[2023-12-27T09:52:36.423+0545] {processor.py:161} INFO - Started process (PID=9023) to work on /home/sarita/Documents/apache-airflow-project/.venv/lib/python3.9/site-packages/airflow/example_dags/tutorial_dag.py
[2023-12-27T09:52:36.424+0545] {processor.py:830} INFO - Processing file /home/sarita/Documents/apache-airflow-project/.venv/lib/python3.9/site-packages/airflow/example_dags/tutorial_dag.py for tasks to queue
[2023-12-27T09:52:36.425+0545] {logging_mixin.py:188} INFO - [2023-12-27T09:52:36.424+0545] {dagbag.py:538} INFO - Filling up the DagBag from /home/sarita/Documents/apache-airflow-project/.venv/lib/python3.9/site-packages/airflow/example_dags/tutorial_dag.py
[2023-12-27T09:52:36.428+0545] {processor.py:840} INFO - DAG(s) 'tutorial_dag' retrieved from /home/sarita/Documents/apache-airflow-project/.venv/lib/python3.9/site-packages/airflow/example_dags/tutorial_dag.py
[2023-12-27T09:52:36.439+0545] {logging_mixin.py:188} INFO - [2023-12-27T09:52:36.439+0545] {dag.py:3033} INFO - Sync 1 DAGs
[2023-12-27T09:52:36.451+0545] {logging_mixin.py:188} INFO - [2023-12-27T09:52:36.451+0545] {dag.py:3820} INFO - Setting next_dagrun for tutorial_dag to None, run_after=None
[2023-12-27T09:52:36.472+0545] {processor.py:183} INFO - Processing /home/sarita/Documents/apache-airflow-project/.venv/lib/python3.9/site-packages/airflow/example_dags/tutorial_dag.py took 0.050 seconds
[2023-12-27T09:54:04.504+0545] {processor.py:161} INFO - Started process (PID=9183) to work on /home/sarita/Documents/apache-airflow-project/.venv/lib/python3.9/site-packages/airflow/example_dags/tutorial_dag.py
[2023-12-27T09:54:04.505+0545] {processor.py:830} INFO - Processing file /home/sarita/Documents/apache-airflow-project/.venv/lib/python3.9/site-packages/airflow/example_dags/tutorial_dag.py for tasks to queue
[2023-12-27T09:54:04.507+0545] {logging_mixin.py:188} INFO - [2023-12-27T09:54:04.506+0545] {dagbag.py:538} INFO - Filling up the DagBag from /home/sarita/Documents/apache-airflow-project/.venv/lib/python3.9/site-packages/airflow/example_dags/tutorial_dag.py
[2023-12-27T09:54:04.512+0545] {processor.py:840} INFO - DAG(s) 'tutorial_dag' retrieved from /home/sarita/Documents/apache-airflow-project/.venv/lib/python3.9/site-packages/airflow/example_dags/tutorial_dag.py
[2023-12-27T09:54:04.533+0545] {logging_mixin.py:188} INFO - [2023-12-27T09:54:04.533+0545] {dag.py:3033} INFO - Sync 1 DAGs
[2023-12-27T09:54:04.548+0545] {logging_mixin.py:188} INFO - [2023-12-27T09:54:04.548+0545] {dag.py:3820} INFO - Setting next_dagrun for tutorial_dag to None, run_after=None
[2023-12-27T09:54:04.569+0545] {processor.py:183} INFO - Processing /home/sarita/Documents/apache-airflow-project/.venv/lib/python3.9/site-packages/airflow/example_dags/tutorial_dag.py took 0.068 seconds
[2023-12-27T12:11:56.151+0545] {processor.py:161} INFO - Started process (PID=12571) to work on /home/sarita/Documents/apache-airflow-project/.venv/lib/python3.9/site-packages/airflow/example_dags/tutorial_dag.py
[2023-12-27T12:11:56.155+0545] {processor.py:830} INFO - Processing file /home/sarita/Documents/apache-airflow-project/.venv/lib/python3.9/site-packages/airflow/example_dags/tutorial_dag.py for tasks to queue
[2023-12-27T12:11:56.158+0545] {logging_mixin.py:188} INFO - [2023-12-27T12:11:56.157+0545] {dagbag.py:538} INFO - Filling up the DagBag from /home/sarita/Documents/apache-airflow-project/.venv/lib/python3.9/site-packages/airflow/example_dags/tutorial_dag.py
[2023-12-27T12:11:56.173+0545] {processor.py:840} INFO - DAG(s) 'tutorial_dag' retrieved from /home/sarita/Documents/apache-airflow-project/.venv/lib/python3.9/site-packages/airflow/example_dags/tutorial_dag.py
[2023-12-27T12:11:56.263+0545] {logging_mixin.py:188} INFO - [2023-12-27T12:11:56.262+0545] {dag.py:3033} INFO - Sync 1 DAGs
[2023-12-27T12:11:56.275+0545] {logging_mixin.py:188} INFO - [2023-12-27T12:11:56.275+0545] {dag.py:3820} INFO - Setting next_dagrun for tutorial_dag to None, run_after=None
[2023-12-27T12:11:56.296+0545] {processor.py:183} INFO - Processing /home/sarita/Documents/apache-airflow-project/.venv/lib/python3.9/site-packages/airflow/example_dags/tutorial_dag.py took 0.153 seconds
[2023-12-27T12:14:52.651+0545] {processor.py:161} INFO - Started process (PID=12758) to work on /home/sarita/Documents/apache-airflow-project/.venv/lib/python3.9/site-packages/airflow/example_dags/tutorial_dag.py
[2023-12-27T12:14:52.653+0545] {processor.py:830} INFO - Processing file /home/sarita/Documents/apache-airflow-project/.venv/lib/python3.9/site-packages/airflow/example_dags/tutorial_dag.py for tasks to queue
[2023-12-27T12:14:52.654+0545] {logging_mixin.py:188} INFO - [2023-12-27T12:14:52.653+0545] {dagbag.py:538} INFO - Filling up the DagBag from /home/sarita/Documents/apache-airflow-project/.venv/lib/python3.9/site-packages/airflow/example_dags/tutorial_dag.py
[2023-12-27T12:14:52.659+0545] {processor.py:840} INFO - DAG(s) 'tutorial_dag' retrieved from /home/sarita/Documents/apache-airflow-project/.venv/lib/python3.9/site-packages/airflow/example_dags/tutorial_dag.py
[2023-12-27T12:14:52.744+0545] {logging_mixin.py:188} INFO - [2023-12-27T12:14:52.743+0545] {dag.py:3033} INFO - Sync 1 DAGs
[2023-12-27T12:14:52.753+0545] {logging_mixin.py:188} INFO - [2023-12-27T12:14:52.753+0545] {dag.py:3820} INFO - Setting next_dagrun for tutorial_dag to None, run_after=None
[2023-12-27T12:14:52.771+0545] {processor.py:183} INFO - Processing /home/sarita/Documents/apache-airflow-project/.venv/lib/python3.9/site-packages/airflow/example_dags/tutorial_dag.py took 0.122 seconds
[2023-12-27T12:20:16.636+0545] {processor.py:161} INFO - Started process (PID=13745) to work on /home/sarita/Documents/apache-airflow-project/.venv/lib/python3.9/site-packages/airflow/example_dags/tutorial_dag.py
[2023-12-27T12:20:16.639+0545] {processor.py:830} INFO - Processing file /home/sarita/Documents/apache-airflow-project/.venv/lib/python3.9/site-packages/airflow/example_dags/tutorial_dag.py for tasks to queue
[2023-12-27T12:20:16.641+0545] {logging_mixin.py:188} INFO - [2023-12-27T12:20:16.640+0545] {dagbag.py:538} INFO - Filling up the DagBag from /home/sarita/Documents/apache-airflow-project/.venv/lib/python3.9/site-packages/airflow/example_dags/tutorial_dag.py
[2023-12-27T12:20:16.656+0545] {processor.py:840} INFO - DAG(s) 'tutorial_dag' retrieved from /home/sarita/Documents/apache-airflow-project/.venv/lib/python3.9/site-packages/airflow/example_dags/tutorial_dag.py
[2023-12-27T12:20:16.681+0545] {logging_mixin.py:188} INFO - [2023-12-27T12:20:16.681+0545] {dag.py:3033} INFO - Sync 1 DAGs
[2023-12-27T12:20:16.691+0545] {logging_mixin.py:188} INFO - [2023-12-27T12:20:16.691+0545] {dag.py:3820} INFO - Setting next_dagrun for tutorial_dag to None, run_after=None
[2023-12-27T12:20:16.708+0545] {processor.py:183} INFO - Processing /home/sarita/Documents/apache-airflow-project/.venv/lib/python3.9/site-packages/airflow/example_dags/tutorial_dag.py took 0.074 seconds
[2023-12-27T12:39:11.450+0545] {processor.py:161} INFO - Started process (PID=15343) to work on /home/sarita/Documents/apache-airflow-project/.venv/lib/python3.9/site-packages/airflow/example_dags/tutorial_dag.py
[2023-12-27T12:39:11.453+0545] {processor.py:830} INFO - Processing file /home/sarita/Documents/apache-airflow-project/.venv/lib/python3.9/site-packages/airflow/example_dags/tutorial_dag.py for tasks to queue
[2023-12-27T12:39:11.456+0545] {logging_mixin.py:188} INFO - [2023-12-27T12:39:11.455+0545] {dagbag.py:538} INFO - Filling up the DagBag from /home/sarita/Documents/apache-airflow-project/.venv/lib/python3.9/site-packages/airflow/example_dags/tutorial_dag.py
[2023-12-27T12:39:11.469+0545] {processor.py:840} INFO - DAG(s) 'tutorial_dag' retrieved from /home/sarita/Documents/apache-airflow-project/.venv/lib/python3.9/site-packages/airflow/example_dags/tutorial_dag.py
[2023-12-27T12:39:11.560+0545] {logging_mixin.py:188} INFO - [2023-12-27T12:39:11.560+0545] {dag.py:3033} INFO - Sync 1 DAGs
[2023-12-27T12:39:11.569+0545] {logging_mixin.py:188} INFO - [2023-12-27T12:39:11.569+0545] {dag.py:3820} INFO - Setting next_dagrun for tutorial_dag to None, run_after=None
[2023-12-27T12:39:11.588+0545] {processor.py:183} INFO - Processing /home/sarita/Documents/apache-airflow-project/.venv/lib/python3.9/site-packages/airflow/example_dags/tutorial_dag.py took 0.146 seconds
[2023-12-27T12:40:53.709+0545] {processor.py:161} INFO - Started process (PID=15623) to work on /home/sarita/Documents/apache-airflow-project/.venv/lib/python3.9/site-packages/airflow/example_dags/tutorial_dag.py
[2023-12-27T12:40:53.710+0545] {processor.py:830} INFO - Processing file /home/sarita/Documents/apache-airflow-project/.venv/lib/python3.9/site-packages/airflow/example_dags/tutorial_dag.py for tasks to queue
[2023-12-27T12:40:53.710+0545] {logging_mixin.py:188} INFO - [2023-12-27T12:40:53.710+0545] {dagbag.py:538} INFO - Filling up the DagBag from /home/sarita/Documents/apache-airflow-project/.venv/lib/python3.9/site-packages/airflow/example_dags/tutorial_dag.py
[2023-12-27T12:40:53.714+0545] {processor.py:840} INFO - DAG(s) 'tutorial_dag' retrieved from /home/sarita/Documents/apache-airflow-project/.venv/lib/python3.9/site-packages/airflow/example_dags/tutorial_dag.py
[2023-12-27T12:40:53.725+0545] {logging_mixin.py:188} INFO - [2023-12-27T12:40:53.724+0545] {dag.py:3033} INFO - Sync 1 DAGs
[2023-12-27T12:40:53.734+0545] {logging_mixin.py:188} INFO - [2023-12-27T12:40:53.734+0545] {dag.py:3820} INFO - Setting next_dagrun for tutorial_dag to None, run_after=None
[2023-12-27T12:40:53.751+0545] {processor.py:183} INFO - Processing /home/sarita/Documents/apache-airflow-project/.venv/lib/python3.9/site-packages/airflow/example_dags/tutorial_dag.py took 0.044 seconds
[2023-12-27T12:42:44.320+0545] {processor.py:161} INFO - Started process (PID=16774) to work on /home/sarita/Documents/apache-airflow-project/.venv/lib/python3.9/site-packages/airflow/example_dags/tutorial_dag.py
[2023-12-27T12:42:44.323+0545] {processor.py:830} INFO - Processing file /home/sarita/Documents/apache-airflow-project/.venv/lib/python3.9/site-packages/airflow/example_dags/tutorial_dag.py for tasks to queue
[2023-12-27T12:42:44.324+0545] {logging_mixin.py:188} INFO - [2023-12-27T12:42:44.324+0545] {dagbag.py:538} INFO - Filling up the DagBag from /home/sarita/Documents/apache-airflow-project/.venv/lib/python3.9/site-packages/airflow/example_dags/tutorial_dag.py
[2023-12-27T12:42:44.334+0545] {processor.py:840} INFO - DAG(s) 'tutorial_dag' retrieved from /home/sarita/Documents/apache-airflow-project/.venv/lib/python3.9/site-packages/airflow/example_dags/tutorial_dag.py
[2023-12-27T12:42:44.356+0545] {logging_mixin.py:188} INFO - [2023-12-27T12:42:44.356+0545] {dag.py:3033} INFO - Sync 1 DAGs
[2023-12-27T12:42:44.367+0545] {logging_mixin.py:188} INFO - [2023-12-27T12:42:44.366+0545] {dag.py:3820} INFO - Setting next_dagrun for tutorial_dag to None, run_after=None
[2023-12-27T12:42:44.386+0545] {processor.py:183} INFO - Processing /home/sarita/Documents/apache-airflow-project/.venv/lib/python3.9/site-packages/airflow/example_dags/tutorial_dag.py took 0.070 seconds
[2023-12-27T12:45:32.586+0545] {processor.py:161} INFO - Started process (PID=17056) to work on /home/sarita/Documents/apache-airflow-project/.venv/lib/python3.9/site-packages/airflow/example_dags/tutorial_dag.py
[2023-12-27T12:45:32.586+0545] {processor.py:830} INFO - Processing file /home/sarita/Documents/apache-airflow-project/.venv/lib/python3.9/site-packages/airflow/example_dags/tutorial_dag.py for tasks to queue
[2023-12-27T12:45:32.587+0545] {logging_mixin.py:188} INFO - [2023-12-27T12:45:32.587+0545] {dagbag.py:538} INFO - Filling up the DagBag from /home/sarita/Documents/apache-airflow-project/.venv/lib/python3.9/site-packages/airflow/example_dags/tutorial_dag.py
[2023-12-27T12:45:32.592+0545] {processor.py:840} INFO - DAG(s) 'tutorial_dag' retrieved from /home/sarita/Documents/apache-airflow-project/.venv/lib/python3.9/site-packages/airflow/example_dags/tutorial_dag.py
[2023-12-27T12:45:32.678+0545] {logging_mixin.py:188} INFO - [2023-12-27T12:45:32.678+0545] {dag.py:3033} INFO - Sync 1 DAGs
[2023-12-27T12:45:32.687+0545] {logging_mixin.py:188} INFO - [2023-12-27T12:45:32.687+0545] {dag.py:3820} INFO - Setting next_dagrun for tutorial_dag to None, run_after=None
[2023-12-27T12:45:32.705+0545] {processor.py:183} INFO - Processing /home/sarita/Documents/apache-airflow-project/.venv/lib/python3.9/site-packages/airflow/example_dags/tutorial_dag.py took 0.121 seconds
[2023-12-27T12:52:16.341+0545] {processor.py:161} INFO - Started process (PID=17591) to work on /home/sarita/Documents/apache-airflow-project/.venv/lib/python3.9/site-packages/airflow/example_dags/tutorial_dag.py
[2023-12-27T12:52:16.343+0545] {processor.py:830} INFO - Processing file /home/sarita/Documents/apache-airflow-project/.venv/lib/python3.9/site-packages/airflow/example_dags/tutorial_dag.py for tasks to queue
[2023-12-27T12:52:16.344+0545] {logging_mixin.py:188} INFO - [2023-12-27T12:52:16.343+0545] {dagbag.py:538} INFO - Filling up the DagBag from /home/sarita/Documents/apache-airflow-project/.venv/lib/python3.9/site-packages/airflow/example_dags/tutorial_dag.py
[2023-12-27T12:52:16.350+0545] {processor.py:840} INFO - DAG(s) 'tutorial_dag' retrieved from /home/sarita/Documents/apache-airflow-project/.venv/lib/python3.9/site-packages/airflow/example_dags/tutorial_dag.py
[2023-12-27T12:52:16.439+0545] {logging_mixin.py:188} INFO - [2023-12-27T12:52:16.439+0545] {dag.py:3033} INFO - Sync 1 DAGs
[2023-12-27T12:52:16.448+0545] {logging_mixin.py:188} INFO - [2023-12-27T12:52:16.448+0545] {dag.py:3820} INFO - Setting next_dagrun for tutorial_dag to None, run_after=None
[2023-12-27T12:52:16.466+0545] {processor.py:183} INFO - Processing /home/sarita/Documents/apache-airflow-project/.venv/lib/python3.9/site-packages/airflow/example_dags/tutorial_dag.py took 0.127 seconds
[2023-12-27T12:53:07.038+0545] {processor.py:161} INFO - Started process (PID=17696) to work on /home/sarita/Documents/apache-airflow-project/.venv/lib/python3.9/site-packages/airflow/example_dags/tutorial_dag.py
[2023-12-27T12:53:07.040+0545] {processor.py:830} INFO - Processing file /home/sarita/Documents/apache-airflow-project/.venv/lib/python3.9/site-packages/airflow/example_dags/tutorial_dag.py for tasks to queue
[2023-12-27T12:53:07.040+0545] {logging_mixin.py:188} INFO - [2023-12-27T12:53:07.040+0545] {dagbag.py:538} INFO - Filling up the DagBag from /home/sarita/Documents/apache-airflow-project/.venv/lib/python3.9/site-packages/airflow/example_dags/tutorial_dag.py
[2023-12-27T12:53:07.045+0545] {processor.py:840} INFO - DAG(s) 'tutorial_dag' retrieved from /home/sarita/Documents/apache-airflow-project/.venv/lib/python3.9/site-packages/airflow/example_dags/tutorial_dag.py
[2023-12-27T12:53:07.055+0545] {logging_mixin.py:188} INFO - [2023-12-27T12:53:07.055+0545] {dag.py:3033} INFO - Sync 1 DAGs
[2023-12-27T12:53:07.064+0545] {logging_mixin.py:188} INFO - [2023-12-27T12:53:07.063+0545] {dag.py:3820} INFO - Setting next_dagrun for tutorial_dag to None, run_after=None
[2023-12-27T12:53:07.079+0545] {processor.py:183} INFO - Processing /home/sarita/Documents/apache-airflow-project/.venv/lib/python3.9/site-packages/airflow/example_dags/tutorial_dag.py took 0.044 seconds
[2023-12-27T12:54:35.472+0545] {processor.py:161} INFO - Started process (PID=17861) to work on /home/sarita/Documents/apache-airflow-project/.venv/lib/python3.9/site-packages/airflow/example_dags/tutorial_dag.py
[2023-12-27T12:54:35.473+0545] {processor.py:830} INFO - Processing file /home/sarita/Documents/apache-airflow-project/.venv/lib/python3.9/site-packages/airflow/example_dags/tutorial_dag.py for tasks to queue
[2023-12-27T12:54:35.474+0545] {logging_mixin.py:188} INFO - [2023-12-27T12:54:35.473+0545] {dagbag.py:538} INFO - Filling up the DagBag from /home/sarita/Documents/apache-airflow-project/.venv/lib/python3.9/site-packages/airflow/example_dags/tutorial_dag.py
[2023-12-27T12:54:35.479+0545] {processor.py:840} INFO - DAG(s) 'tutorial_dag' retrieved from /home/sarita/Documents/apache-airflow-project/.venv/lib/python3.9/site-packages/airflow/example_dags/tutorial_dag.py
[2023-12-27T12:54:35.559+0545] {logging_mixin.py:188} INFO - [2023-12-27T12:54:35.559+0545] {dag.py:3033} INFO - Sync 1 DAGs
[2023-12-27T12:54:35.569+0545] {logging_mixin.py:188} INFO - [2023-12-27T12:54:35.568+0545] {dag.py:3820} INFO - Setting next_dagrun for tutorial_dag to None, run_after=None
[2023-12-27T12:54:35.587+0545] {processor.py:183} INFO - Processing /home/sarita/Documents/apache-airflow-project/.venv/lib/python3.9/site-packages/airflow/example_dags/tutorial_dag.py took 0.117 seconds
[2023-12-27T12:57:52.896+0545] {processor.py:161} INFO - Started process (PID=18048) to work on /home/sarita/Documents/apache-airflow-project/.venv/lib/python3.9/site-packages/airflow/example_dags/tutorial_dag.py
[2023-12-27T12:57:52.898+0545] {processor.py:830} INFO - Processing file /home/sarita/Documents/apache-airflow-project/.venv/lib/python3.9/site-packages/airflow/example_dags/tutorial_dag.py for tasks to queue
[2023-12-27T12:57:52.899+0545] {logging_mixin.py:188} INFO - [2023-12-27T12:57:52.898+0545] {dagbag.py:538} INFO - Filling up the DagBag from /home/sarita/Documents/apache-airflow-project/.venv/lib/python3.9/site-packages/airflow/example_dags/tutorial_dag.py
[2023-12-27T12:57:52.905+0545] {processor.py:840} INFO - DAG(s) 'tutorial_dag' retrieved from /home/sarita/Documents/apache-airflow-project/.venv/lib/python3.9/site-packages/airflow/example_dags/tutorial_dag.py
[2023-12-27T12:57:52.994+0545] {logging_mixin.py:188} INFO - [2023-12-27T12:57:52.994+0545] {dag.py:3033} INFO - Sync 1 DAGs
[2023-12-27T12:57:53.004+0545] {logging_mixin.py:188} INFO - [2023-12-27T12:57:53.003+0545] {dag.py:3820} INFO - Setting next_dagrun for tutorial_dag to None, run_after=None
[2023-12-27T12:57:53.022+0545] {processor.py:183} INFO - Processing /home/sarita/Documents/apache-airflow-project/.venv/lib/python3.9/site-packages/airflow/example_dags/tutorial_dag.py took 0.128 seconds
[2023-12-27T16:15:41.751+0545] {processor.py:161} INFO - Started process (PID=24786) to work on /home/sarita/Documents/apache-airflow-project/.venv/lib/python3.9/site-packages/airflow/example_dags/tutorial_dag.py
[2023-12-27T16:15:41.755+0545] {processor.py:830} INFO - Processing file /home/sarita/Documents/apache-airflow-project/.venv/lib/python3.9/site-packages/airflow/example_dags/tutorial_dag.py for tasks to queue
[2023-12-27T16:15:41.757+0545] {logging_mixin.py:188} INFO - [2023-12-27T16:15:41.756+0545] {dagbag.py:538} INFO - Filling up the DagBag from /home/sarita/Documents/apache-airflow-project/.venv/lib/python3.9/site-packages/airflow/example_dags/tutorial_dag.py
[2023-12-27T16:15:41.774+0545] {processor.py:840} INFO - DAG(s) 'tutorial_dag' retrieved from /home/sarita/Documents/apache-airflow-project/.venv/lib/python3.9/site-packages/airflow/example_dags/tutorial_dag.py
[2023-12-27T16:15:41.868+0545] {logging_mixin.py:188} INFO - [2023-12-27T16:15:41.868+0545] {dag.py:3033} INFO - Sync 1 DAGs
[2023-12-27T16:15:41.878+0545] {logging_mixin.py:188} INFO - [2023-12-27T16:15:41.878+0545] {dag.py:3820} INFO - Setting next_dagrun for tutorial_dag to None, run_after=None
[2023-12-27T16:15:41.906+0545] {processor.py:183} INFO - Processing /home/sarita/Documents/apache-airflow-project/.venv/lib/python3.9/site-packages/airflow/example_dags/tutorial_dag.py took 0.163 seconds
