[2023-12-27T09:36:53.472+0545] {processor.py:161} INFO - Started process (PID=6916) to work on /home/sarita/Documents/apache-airflow-project/.venv/lib/python3.9/site-packages/airflow/example_dags/tutorial_taskflow_api.py
[2023-12-27T09:36:53.474+0545] {processor.py:830} INFO - Processing file /home/sarita/Documents/apache-airflow-project/.venv/lib/python3.9/site-packages/airflow/example_dags/tutorial_taskflow_api.py for tasks to queue
[2023-12-27T09:36:53.476+0545] {logging_mixin.py:188} INFO - [2023-12-27T09:36:53.475+0545] {dagbag.py:538} INFO - Filling up the DagBag from /home/sarita/Documents/apache-airflow-project/.venv/lib/python3.9/site-packages/airflow/example_dags/tutorial_taskflow_api.py
[2023-12-27T09:36:53.489+0545] {processor.py:840} INFO - DAG(s) 'tutorial_taskflow_api' retrieved from /home/sarita/Documents/apache-airflow-project/.venv/lib/python3.9/site-packages/airflow/example_dags/tutorial_taskflow_api.py
[2023-12-27T09:36:53.508+0545] {logging_mixin.py:188} INFO - [2023-12-27T09:36:53.507+0545] {dag.py:3033} INFO - Sync 1 DAGs
[2023-12-27T09:36:53.518+0545] {logging_mixin.py:188} INFO - [2023-12-27T09:36:53.518+0545] {dag.py:3820} INFO - Setting next_dagrun for tutorial_taskflow_api to None, run_after=None
[2023-12-27T09:36:53.538+0545] {processor.py:183} INFO - Processing /home/sarita/Documents/apache-airflow-project/.venv/lib/python3.9/site-packages/airflow/example_dags/tutorial_taskflow_api.py took 0.073 seconds
[2023-12-27T09:37:39.874+0545] {processor.py:161} INFO - Started process (PID=6972) to work on /home/sarita/Documents/apache-airflow-project/.venv/lib/python3.9/site-packages/airflow/example_dags/tutorial_taskflow_api.py
[2023-12-27T09:37:39.875+0545] {processor.py:830} INFO - Processing file /home/sarita/Documents/apache-airflow-project/.venv/lib/python3.9/site-packages/airflow/example_dags/tutorial_taskflow_api.py for tasks to queue
[2023-12-27T09:37:39.876+0545] {logging_mixin.py:188} INFO - [2023-12-27T09:37:39.875+0545] {dagbag.py:538} INFO - Filling up the DagBag from /home/sarita/Documents/apache-airflow-project/.venv/lib/python3.9/site-packages/airflow/example_dags/tutorial_taskflow_api.py
[2023-12-27T09:37:39.880+0545] {processor.py:840} INFO - DAG(s) 'tutorial_taskflow_api' retrieved from /home/sarita/Documents/apache-airflow-project/.venv/lib/python3.9/site-packages/airflow/example_dags/tutorial_taskflow_api.py
[2023-12-27T09:37:39.891+0545] {logging_mixin.py:188} INFO - [2023-12-27T09:37:39.891+0545] {dag.py:3033} INFO - Sync 1 DAGs
[2023-12-27T09:37:39.900+0545] {logging_mixin.py:188} INFO - [2023-12-27T09:37:39.900+0545] {dag.py:3820} INFO - Setting next_dagrun for tutorial_taskflow_api to None, run_after=None
[2023-12-27T09:37:39.918+0545] {processor.py:183} INFO - Processing /home/sarita/Documents/apache-airflow-project/.venv/lib/python3.9/site-packages/airflow/example_dags/tutorial_taskflow_api.py took 0.046 seconds
[2023-12-27T09:38:29.166+0545] {processor.py:161} INFO - Started process (PID=7041) to work on /home/sarita/Documents/apache-airflow-project/.venv/lib/python3.9/site-packages/airflow/example_dags/tutorial_taskflow_api.py
[2023-12-27T09:38:29.170+0545] {processor.py:830} INFO - Processing file /home/sarita/Documents/apache-airflow-project/.venv/lib/python3.9/site-packages/airflow/example_dags/tutorial_taskflow_api.py for tasks to queue
[2023-12-27T09:38:29.172+0545] {logging_mixin.py:188} INFO - [2023-12-27T09:38:29.172+0545] {dagbag.py:538} INFO - Filling up the DagBag from /home/sarita/Documents/apache-airflow-project/.venv/lib/python3.9/site-packages/airflow/example_dags/tutorial_taskflow_api.py
[2023-12-27T09:38:29.186+0545] {processor.py:840} INFO - DAG(s) 'tutorial_taskflow_api' retrieved from /home/sarita/Documents/apache-airflow-project/.venv/lib/python3.9/site-packages/airflow/example_dags/tutorial_taskflow_api.py
[2023-12-27T09:38:29.202+0545] {logging_mixin.py:188} INFO - [2023-12-27T09:38:29.202+0545] {dag.py:3033} INFO - Sync 1 DAGs
[2023-12-27T09:38:29.212+0545] {logging_mixin.py:188} INFO - [2023-12-27T09:38:29.212+0545] {dag.py:3820} INFO - Setting next_dagrun for tutorial_taskflow_api to None, run_after=None
[2023-12-27T09:38:29.230+0545] {processor.py:183} INFO - Processing /home/sarita/Documents/apache-airflow-project/.venv/lib/python3.9/site-packages/airflow/example_dags/tutorial_taskflow_api.py took 0.070 seconds
[2023-12-27T09:39:23.627+0545] {processor.py:161} INFO - Started process (PID=7150) to work on /home/sarita/Documents/apache-airflow-project/.venv/lib/python3.9/site-packages/airflow/example_dags/tutorial_taskflow_api.py
[2023-12-27T09:39:23.629+0545] {processor.py:830} INFO - Processing file /home/sarita/Documents/apache-airflow-project/.venv/lib/python3.9/site-packages/airflow/example_dags/tutorial_taskflow_api.py for tasks to queue
[2023-12-27T09:39:23.630+0545] {logging_mixin.py:188} INFO - [2023-12-27T09:39:23.629+0545] {dagbag.py:538} INFO - Filling up the DagBag from /home/sarita/Documents/apache-airflow-project/.venv/lib/python3.9/site-packages/airflow/example_dags/tutorial_taskflow_api.py
[2023-12-27T09:39:23.634+0545] {processor.py:840} INFO - DAG(s) 'tutorial_taskflow_api' retrieved from /home/sarita/Documents/apache-airflow-project/.venv/lib/python3.9/site-packages/airflow/example_dags/tutorial_taskflow_api.py
[2023-12-27T09:39:23.645+0545] {logging_mixin.py:188} INFO - [2023-12-27T09:39:23.645+0545] {dag.py:3033} INFO - Sync 1 DAGs
[2023-12-27T09:39:23.655+0545] {logging_mixin.py:188} INFO - [2023-12-27T09:39:23.654+0545] {dag.py:3820} INFO - Setting next_dagrun for tutorial_taskflow_api to None, run_after=None
[2023-12-27T09:39:23.674+0545] {processor.py:183} INFO - Processing /home/sarita/Documents/apache-airflow-project/.venv/lib/python3.9/site-packages/airflow/example_dags/tutorial_taskflow_api.py took 0.049 seconds
[2023-12-27T09:40:21.397+0545] {processor.py:161} INFO - Started process (PID=7256) to work on /home/sarita/Documents/apache-airflow-project/.venv/lib/python3.9/site-packages/airflow/example_dags/tutorial_taskflow_api.py
[2023-12-27T09:40:21.400+0545] {processor.py:830} INFO - Processing file /home/sarita/Documents/apache-airflow-project/.venv/lib/python3.9/site-packages/airflow/example_dags/tutorial_taskflow_api.py for tasks to queue
[2023-12-27T09:40:21.402+0545] {logging_mixin.py:188} INFO - [2023-12-27T09:40:21.401+0545] {dagbag.py:538} INFO - Filling up the DagBag from /home/sarita/Documents/apache-airflow-project/.venv/lib/python3.9/site-packages/airflow/example_dags/tutorial_taskflow_api.py
[2023-12-27T09:40:21.410+0545] {processor.py:840} INFO - DAG(s) 'tutorial_taskflow_api' retrieved from /home/sarita/Documents/apache-airflow-project/.venv/lib/python3.9/site-packages/airflow/example_dags/tutorial_taskflow_api.py
[2023-12-27T09:40:21.423+0545] {logging_mixin.py:188} INFO - [2023-12-27T09:40:21.423+0545] {dag.py:3033} INFO - Sync 1 DAGs
[2023-12-27T09:40:21.435+0545] {logging_mixin.py:188} INFO - [2023-12-27T09:40:21.435+0545] {dag.py:3820} INFO - Setting next_dagrun for tutorial_taskflow_api to None, run_after=None
[2023-12-27T09:40:21.457+0545] {processor.py:183} INFO - Processing /home/sarita/Documents/apache-airflow-project/.venv/lib/python3.9/site-packages/airflow/example_dags/tutorial_taskflow_api.py took 0.064 seconds
[2023-12-27T09:41:11.130+0545] {processor.py:161} INFO - Started process (PID=7513) to work on /home/sarita/Documents/apache-airflow-project/.venv/lib/python3.9/site-packages/airflow/example_dags/tutorial_taskflow_api.py
[2023-12-27T09:41:11.132+0545] {processor.py:830} INFO - Processing file /home/sarita/Documents/apache-airflow-project/.venv/lib/python3.9/site-packages/airflow/example_dags/tutorial_taskflow_api.py for tasks to queue
[2023-12-27T09:41:11.132+0545] {logging_mixin.py:188} INFO - [2023-12-27T09:41:11.132+0545] {dagbag.py:538} INFO - Filling up the DagBag from /home/sarita/Documents/apache-airflow-project/.venv/lib/python3.9/site-packages/airflow/example_dags/tutorial_taskflow_api.py
[2023-12-27T09:41:11.137+0545] {processor.py:840} INFO - DAG(s) 'tutorial_taskflow_api' retrieved from /home/sarita/Documents/apache-airflow-project/.venv/lib/python3.9/site-packages/airflow/example_dags/tutorial_taskflow_api.py
[2023-12-27T09:41:11.148+0545] {logging_mixin.py:188} INFO - [2023-12-27T09:41:11.148+0545] {dag.py:3033} INFO - Sync 1 DAGs
[2023-12-27T09:41:11.159+0545] {logging_mixin.py:188} INFO - [2023-12-27T09:41:11.158+0545] {dag.py:3820} INFO - Setting next_dagrun for tutorial_taskflow_api to None, run_after=None
[2023-12-27T09:41:11.177+0545] {processor.py:183} INFO - Processing /home/sarita/Documents/apache-airflow-project/.venv/lib/python3.9/site-packages/airflow/example_dags/tutorial_taskflow_api.py took 0.050 seconds
[2023-12-27T09:42:09.040+0545] {processor.py:161} INFO - Started process (PID=7746) to work on /home/sarita/Documents/apache-airflow-project/.venv/lib/python3.9/site-packages/airflow/example_dags/tutorial_taskflow_api.py
[2023-12-27T09:42:09.040+0545] {processor.py:830} INFO - Processing file /home/sarita/Documents/apache-airflow-project/.venv/lib/python3.9/site-packages/airflow/example_dags/tutorial_taskflow_api.py for tasks to queue
[2023-12-27T09:42:09.041+0545] {logging_mixin.py:188} INFO - [2023-12-27T09:42:09.041+0545] {dagbag.py:538} INFO - Filling up the DagBag from /home/sarita/Documents/apache-airflow-project/.venv/lib/python3.9/site-packages/airflow/example_dags/tutorial_taskflow_api.py
[2023-12-27T09:42:09.048+0545] {processor.py:840} INFO - DAG(s) 'tutorial_taskflow_api' retrieved from /home/sarita/Documents/apache-airflow-project/.venv/lib/python3.9/site-packages/airflow/example_dags/tutorial_taskflow_api.py
[2023-12-27T09:42:09.062+0545] {logging_mixin.py:188} INFO - [2023-12-27T09:42:09.062+0545] {dag.py:3033} INFO - Sync 1 DAGs
[2023-12-27T09:42:09.072+0545] {logging_mixin.py:188} INFO - [2023-12-27T09:42:09.071+0545] {dag.py:3820} INFO - Setting next_dagrun for tutorial_taskflow_api to None, run_after=None
[2023-12-27T09:42:09.089+0545] {processor.py:183} INFO - Processing /home/sarita/Documents/apache-airflow-project/.venv/lib/python3.9/site-packages/airflow/example_dags/tutorial_taskflow_api.py took 0.053 seconds
[2023-12-27T09:43:01.004+0545] {processor.py:161} INFO - Started process (PID=7835) to work on /home/sarita/Documents/apache-airflow-project/.venv/lib/python3.9/site-packages/airflow/example_dags/tutorial_taskflow_api.py
[2023-12-27T09:43:01.006+0545] {processor.py:830} INFO - Processing file /home/sarita/Documents/apache-airflow-project/.venv/lib/python3.9/site-packages/airflow/example_dags/tutorial_taskflow_api.py for tasks to queue
[2023-12-27T09:43:01.007+0545] {logging_mixin.py:188} INFO - [2023-12-27T09:43:01.007+0545] {dagbag.py:538} INFO - Filling up the DagBag from /home/sarita/Documents/apache-airflow-project/.venv/lib/python3.9/site-packages/airflow/example_dags/tutorial_taskflow_api.py
[2023-12-27T09:43:01.016+0545] {processor.py:840} INFO - DAG(s) 'tutorial_taskflow_api' retrieved from /home/sarita/Documents/apache-airflow-project/.venv/lib/python3.9/site-packages/airflow/example_dags/tutorial_taskflow_api.py
[2023-12-27T09:43:01.034+0545] {logging_mixin.py:188} INFO - [2023-12-27T09:43:01.034+0545] {dag.py:3033} INFO - Sync 1 DAGs
[2023-12-27T09:43:01.044+0545] {logging_mixin.py:188} INFO - [2023-12-27T09:43:01.044+0545] {dag.py:3820} INFO - Setting next_dagrun for tutorial_taskflow_api to None, run_after=None
[2023-12-27T09:43:01.060+0545] {processor.py:183} INFO - Processing /home/sarita/Documents/apache-airflow-project/.venv/lib/python3.9/site-packages/airflow/example_dags/tutorial_taskflow_api.py took 0.061 seconds
[2023-12-27T09:43:54.458+0545] {processor.py:161} INFO - Started process (PID=7908) to work on /home/sarita/Documents/apache-airflow-project/.venv/lib/python3.9/site-packages/airflow/example_dags/tutorial_taskflow_api.py
[2023-12-27T09:43:54.460+0545] {processor.py:830} INFO - Processing file /home/sarita/Documents/apache-airflow-project/.venv/lib/python3.9/site-packages/airflow/example_dags/tutorial_taskflow_api.py for tasks to queue
[2023-12-27T09:43:54.461+0545] {logging_mixin.py:188} INFO - [2023-12-27T09:43:54.461+0545] {dagbag.py:538} INFO - Filling up the DagBag from /home/sarita/Documents/apache-airflow-project/.venv/lib/python3.9/site-packages/airflow/example_dags/tutorial_taskflow_api.py
[2023-12-27T09:43:54.470+0545] {processor.py:840} INFO - DAG(s) 'tutorial_taskflow_api' retrieved from /home/sarita/Documents/apache-airflow-project/.venv/lib/python3.9/site-packages/airflow/example_dags/tutorial_taskflow_api.py
[2023-12-27T09:43:54.485+0545] {logging_mixin.py:188} INFO - [2023-12-27T09:43:54.485+0545] {dag.py:3033} INFO - Sync 1 DAGs
[2023-12-27T09:43:54.495+0545] {logging_mixin.py:188} INFO - [2023-12-27T09:43:54.495+0545] {dag.py:3820} INFO - Setting next_dagrun for tutorial_taskflow_api to None, run_after=None
[2023-12-27T09:43:54.522+0545] {processor.py:183} INFO - Processing /home/sarita/Documents/apache-airflow-project/.venv/lib/python3.9/site-packages/airflow/example_dags/tutorial_taskflow_api.py took 0.068 seconds
[2023-12-27T09:44:49.644+0545] {processor.py:161} INFO - Started process (PID=7984) to work on /home/sarita/Documents/apache-airflow-project/.venv/lib/python3.9/site-packages/airflow/example_dags/tutorial_taskflow_api.py
[2023-12-27T09:44:49.646+0545] {processor.py:830} INFO - Processing file /home/sarita/Documents/apache-airflow-project/.venv/lib/python3.9/site-packages/airflow/example_dags/tutorial_taskflow_api.py for tasks to queue
[2023-12-27T09:44:49.648+0545] {logging_mixin.py:188} INFO - [2023-12-27T09:44:49.647+0545] {dagbag.py:538} INFO - Filling up the DagBag from /home/sarita/Documents/apache-airflow-project/.venv/lib/python3.9/site-packages/airflow/example_dags/tutorial_taskflow_api.py
[2023-12-27T09:44:49.656+0545] {processor.py:840} INFO - DAG(s) 'tutorial_taskflow_api' retrieved from /home/sarita/Documents/apache-airflow-project/.venv/lib/python3.9/site-packages/airflow/example_dags/tutorial_taskflow_api.py
[2023-12-27T09:44:49.669+0545] {logging_mixin.py:188} INFO - [2023-12-27T09:44:49.669+0545] {dag.py:3033} INFO - Sync 1 DAGs
[2023-12-27T09:44:49.678+0545] {logging_mixin.py:188} INFO - [2023-12-27T09:44:49.678+0545] {dag.py:3820} INFO - Setting next_dagrun for tutorial_taskflow_api to None, run_after=None
[2023-12-27T09:44:49.695+0545] {processor.py:183} INFO - Processing /home/sarita/Documents/apache-airflow-project/.venv/lib/python3.9/site-packages/airflow/example_dags/tutorial_taskflow_api.py took 0.059 seconds
[2023-12-27T09:45:47.372+0545] {processor.py:161} INFO - Started process (PID=8446) to work on /home/sarita/Documents/apache-airflow-project/.venv/lib/python3.9/site-packages/airflow/example_dags/tutorial_taskflow_api.py
[2023-12-27T09:45:47.375+0545] {processor.py:830} INFO - Processing file /home/sarita/Documents/apache-airflow-project/.venv/lib/python3.9/site-packages/airflow/example_dags/tutorial_taskflow_api.py for tasks to queue
[2023-12-27T09:45:47.377+0545] {logging_mixin.py:188} INFO - [2023-12-27T09:45:47.376+0545] {dagbag.py:538} INFO - Filling up the DagBag from /home/sarita/Documents/apache-airflow-project/.venv/lib/python3.9/site-packages/airflow/example_dags/tutorial_taskflow_api.py
[2023-12-27T09:45:47.391+0545] {processor.py:840} INFO - DAG(s) 'tutorial_taskflow_api' retrieved from /home/sarita/Documents/apache-airflow-project/.venv/lib/python3.9/site-packages/airflow/example_dags/tutorial_taskflow_api.py
[2023-12-27T09:45:47.408+0545] {logging_mixin.py:188} INFO - [2023-12-27T09:45:47.408+0545] {dag.py:3033} INFO - Sync 1 DAGs
[2023-12-27T09:45:47.418+0545] {logging_mixin.py:188} INFO - [2023-12-27T09:45:47.417+0545] {dag.py:3820} INFO - Setting next_dagrun for tutorial_taskflow_api to None, run_after=None
[2023-12-27T09:45:47.434+0545] {processor.py:183} INFO - Processing /home/sarita/Documents/apache-airflow-project/.venv/lib/python3.9/site-packages/airflow/example_dags/tutorial_taskflow_api.py took 0.069 seconds
[2023-12-27T09:46:38.605+0545] {processor.py:161} INFO - Started process (PID=8512) to work on /home/sarita/Documents/apache-airflow-project/.venv/lib/python3.9/site-packages/airflow/example_dags/tutorial_taskflow_api.py
[2023-12-27T09:46:38.608+0545] {processor.py:830} INFO - Processing file /home/sarita/Documents/apache-airflow-project/.venv/lib/python3.9/site-packages/airflow/example_dags/tutorial_taskflow_api.py for tasks to queue
[2023-12-27T09:46:38.609+0545] {logging_mixin.py:188} INFO - [2023-12-27T09:46:38.609+0545] {dagbag.py:538} INFO - Filling up the DagBag from /home/sarita/Documents/apache-airflow-project/.venv/lib/python3.9/site-packages/airflow/example_dags/tutorial_taskflow_api.py
[2023-12-27T09:46:38.620+0545] {processor.py:840} INFO - DAG(s) 'tutorial_taskflow_api' retrieved from /home/sarita/Documents/apache-airflow-project/.venv/lib/python3.9/site-packages/airflow/example_dags/tutorial_taskflow_api.py
[2023-12-27T09:46:38.639+0545] {logging_mixin.py:188} INFO - [2023-12-27T09:46:38.639+0545] {dag.py:3033} INFO - Sync 1 DAGs
[2023-12-27T09:46:38.650+0545] {logging_mixin.py:188} INFO - [2023-12-27T09:46:38.650+0545] {dag.py:3820} INFO - Setting next_dagrun for tutorial_taskflow_api to None, run_after=None
[2023-12-27T09:46:38.667+0545] {processor.py:183} INFO - Processing /home/sarita/Documents/apache-airflow-project/.venv/lib/python3.9/site-packages/airflow/example_dags/tutorial_taskflow_api.py took 0.066 seconds
[2023-12-27T09:47:37.692+0545] {processor.py:161} INFO - Started process (PID=8572) to work on /home/sarita/Documents/apache-airflow-project/.venv/lib/python3.9/site-packages/airflow/example_dags/tutorial_taskflow_api.py
[2023-12-27T09:47:37.694+0545] {processor.py:830} INFO - Processing file /home/sarita/Documents/apache-airflow-project/.venv/lib/python3.9/site-packages/airflow/example_dags/tutorial_taskflow_api.py for tasks to queue
[2023-12-27T09:47:37.695+0545] {logging_mixin.py:188} INFO - [2023-12-27T09:47:37.695+0545] {dagbag.py:538} INFO - Filling up the DagBag from /home/sarita/Documents/apache-airflow-project/.venv/lib/python3.9/site-packages/airflow/example_dags/tutorial_taskflow_api.py
[2023-12-27T09:47:37.704+0545] {processor.py:840} INFO - DAG(s) 'tutorial_taskflow_api' retrieved from /home/sarita/Documents/apache-airflow-project/.venv/lib/python3.9/site-packages/airflow/example_dags/tutorial_taskflow_api.py
[2023-12-27T09:47:37.722+0545] {logging_mixin.py:188} INFO - [2023-12-27T09:47:37.722+0545] {dag.py:3033} INFO - Sync 1 DAGs
[2023-12-27T09:47:37.732+0545] {logging_mixin.py:188} INFO - [2023-12-27T09:47:37.732+0545] {dag.py:3820} INFO - Setting next_dagrun for tutorial_taskflow_api to None, run_after=None
[2023-12-27T09:47:37.750+0545] {processor.py:183} INFO - Processing /home/sarita/Documents/apache-airflow-project/.venv/lib/python3.9/site-packages/airflow/example_dags/tutorial_taskflow_api.py took 0.062 seconds
[2023-12-27T09:48:35.563+0545] {processor.py:161} INFO - Started process (PID=8657) to work on /home/sarita/Documents/apache-airflow-project/.venv/lib/python3.9/site-packages/airflow/example_dags/tutorial_taskflow_api.py
[2023-12-27T09:48:35.566+0545] {processor.py:830} INFO - Processing file /home/sarita/Documents/apache-airflow-project/.venv/lib/python3.9/site-packages/airflow/example_dags/tutorial_taskflow_api.py for tasks to queue
[2023-12-27T09:48:35.567+0545] {logging_mixin.py:188} INFO - [2023-12-27T09:48:35.567+0545] {dagbag.py:538} INFO - Filling up the DagBag from /home/sarita/Documents/apache-airflow-project/.venv/lib/python3.9/site-packages/airflow/example_dags/tutorial_taskflow_api.py
[2023-12-27T09:48:35.578+0545] {processor.py:840} INFO - DAG(s) 'tutorial_taskflow_api' retrieved from /home/sarita/Documents/apache-airflow-project/.venv/lib/python3.9/site-packages/airflow/example_dags/tutorial_taskflow_api.py
[2023-12-27T09:48:35.594+0545] {logging_mixin.py:188} INFO - [2023-12-27T09:48:35.594+0545] {dag.py:3033} INFO - Sync 1 DAGs
[2023-12-27T09:48:35.603+0545] {logging_mixin.py:188} INFO - [2023-12-27T09:48:35.603+0545] {dag.py:3820} INFO - Setting next_dagrun for tutorial_taskflow_api to None, run_after=None
[2023-12-27T09:48:35.621+0545] {processor.py:183} INFO - Processing /home/sarita/Documents/apache-airflow-project/.venv/lib/python3.9/site-packages/airflow/example_dags/tutorial_taskflow_api.py took 0.063 seconds
[2023-12-27T09:49:29.410+0545] {processor.py:161} INFO - Started process (PID=8713) to work on /home/sarita/Documents/apache-airflow-project/.venv/lib/python3.9/site-packages/airflow/example_dags/tutorial_taskflow_api.py
[2023-12-27T09:49:29.413+0545] {processor.py:830} INFO - Processing file /home/sarita/Documents/apache-airflow-project/.venv/lib/python3.9/site-packages/airflow/example_dags/tutorial_taskflow_api.py for tasks to queue
[2023-12-27T09:49:29.416+0545] {logging_mixin.py:188} INFO - [2023-12-27T09:49:29.415+0545] {dagbag.py:538} INFO - Filling up the DagBag from /home/sarita/Documents/apache-airflow-project/.venv/lib/python3.9/site-packages/airflow/example_dags/tutorial_taskflow_api.py
[2023-12-27T09:49:29.429+0545] {processor.py:840} INFO - DAG(s) 'tutorial_taskflow_api' retrieved from /home/sarita/Documents/apache-airflow-project/.venv/lib/python3.9/site-packages/airflow/example_dags/tutorial_taskflow_api.py
[2023-12-27T09:49:29.444+0545] {logging_mixin.py:188} INFO - [2023-12-27T09:49:29.444+0545] {dag.py:3033} INFO - Sync 1 DAGs
[2023-12-27T09:49:29.453+0545] {logging_mixin.py:188} INFO - [2023-12-27T09:49:29.453+0545] {dag.py:3820} INFO - Setting next_dagrun for tutorial_taskflow_api to None, run_after=None
[2023-12-27T09:49:29.470+0545] {processor.py:183} INFO - Processing /home/sarita/Documents/apache-airflow-project/.venv/lib/python3.9/site-packages/airflow/example_dags/tutorial_taskflow_api.py took 0.068 seconds
[2023-12-27T09:50:26.511+0545] {processor.py:161} INFO - Started process (PID=8785) to work on /home/sarita/Documents/apache-airflow-project/.venv/lib/python3.9/site-packages/airflow/example_dags/tutorial_taskflow_api.py
[2023-12-27T09:50:26.514+0545] {processor.py:830} INFO - Processing file /home/sarita/Documents/apache-airflow-project/.venv/lib/python3.9/site-packages/airflow/example_dags/tutorial_taskflow_api.py for tasks to queue
[2023-12-27T09:50:26.515+0545] {logging_mixin.py:188} INFO - [2023-12-27T09:50:26.515+0545] {dagbag.py:538} INFO - Filling up the DagBag from /home/sarita/Documents/apache-airflow-project/.venv/lib/python3.9/site-packages/airflow/example_dags/tutorial_taskflow_api.py
[2023-12-27T09:50:26.523+0545] {processor.py:840} INFO - DAG(s) 'tutorial_taskflow_api' retrieved from /home/sarita/Documents/apache-airflow-project/.venv/lib/python3.9/site-packages/airflow/example_dags/tutorial_taskflow_api.py
[2023-12-27T09:50:26.538+0545] {logging_mixin.py:188} INFO - [2023-12-27T09:50:26.538+0545] {dag.py:3033} INFO - Sync 1 DAGs
[2023-12-27T09:50:26.547+0545] {logging_mixin.py:188} INFO - [2023-12-27T09:50:26.547+0545] {dag.py:3820} INFO - Setting next_dagrun for tutorial_taskflow_api to None, run_after=None
[2023-12-27T09:50:26.567+0545] {processor.py:183} INFO - Processing /home/sarita/Documents/apache-airflow-project/.venv/lib/python3.9/site-packages/airflow/example_dags/tutorial_taskflow_api.py took 0.059 seconds
[2023-12-27T09:51:26.433+0545] {processor.py:161} INFO - Started process (PID=8884) to work on /home/sarita/Documents/apache-airflow-project/.venv/lib/python3.9/site-packages/airflow/example_dags/tutorial_taskflow_api.py
[2023-12-27T09:51:26.436+0545] {processor.py:830} INFO - Processing file /home/sarita/Documents/apache-airflow-project/.venv/lib/python3.9/site-packages/airflow/example_dags/tutorial_taskflow_api.py for tasks to queue
[2023-12-27T09:51:26.436+0545] {logging_mixin.py:188} INFO - [2023-12-27T09:51:26.436+0545] {dagbag.py:538} INFO - Filling up the DagBag from /home/sarita/Documents/apache-airflow-project/.venv/lib/python3.9/site-packages/airflow/example_dags/tutorial_taskflow_api.py
[2023-12-27T09:51:26.443+0545] {processor.py:840} INFO - DAG(s) 'tutorial_taskflow_api' retrieved from /home/sarita/Documents/apache-airflow-project/.venv/lib/python3.9/site-packages/airflow/example_dags/tutorial_taskflow_api.py
[2023-12-27T09:51:26.459+0545] {logging_mixin.py:188} INFO - [2023-12-27T09:51:26.459+0545] {dag.py:3033} INFO - Sync 1 DAGs
[2023-12-27T09:51:26.469+0545] {logging_mixin.py:188} INFO - [2023-12-27T09:51:26.469+0545] {dag.py:3820} INFO - Setting next_dagrun for tutorial_taskflow_api to None, run_after=None
[2023-12-27T09:51:26.487+0545] {processor.py:183} INFO - Processing /home/sarita/Documents/apache-airflow-project/.venv/lib/python3.9/site-packages/airflow/example_dags/tutorial_taskflow_api.py took 0.056 seconds
[2023-12-27T09:52:59.524+0545] {processor.py:161} INFO - Started process (PID=9061) to work on /home/sarita/Documents/apache-airflow-project/.venv/lib/python3.9/site-packages/airflow/example_dags/tutorial_taskflow_api.py
[2023-12-27T09:52:59.524+0545] {processor.py:830} INFO - Processing file /home/sarita/Documents/apache-airflow-project/.venv/lib/python3.9/site-packages/airflow/example_dags/tutorial_taskflow_api.py for tasks to queue
[2023-12-27T09:52:59.525+0545] {logging_mixin.py:188} INFO - [2023-12-27T09:52:59.525+0545] {dagbag.py:538} INFO - Filling up the DagBag from /home/sarita/Documents/apache-airflow-project/.venv/lib/python3.9/site-packages/airflow/example_dags/tutorial_taskflow_api.py
[2023-12-27T09:52:59.529+0545] {processor.py:840} INFO - DAG(s) 'tutorial_taskflow_api' retrieved from /home/sarita/Documents/apache-airflow-project/.venv/lib/python3.9/site-packages/airflow/example_dags/tutorial_taskflow_api.py
[2023-12-27T09:52:59.540+0545] {logging_mixin.py:188} INFO - [2023-12-27T09:52:59.540+0545] {dag.py:3033} INFO - Sync 1 DAGs
[2023-12-27T09:52:59.549+0545] {logging_mixin.py:188} INFO - [2023-12-27T09:52:59.549+0545] {dag.py:3820} INFO - Setting next_dagrun for tutorial_taskflow_api to None, run_after=None
[2023-12-27T09:52:59.569+0545] {processor.py:183} INFO - Processing /home/sarita/Documents/apache-airflow-project/.venv/lib/python3.9/site-packages/airflow/example_dags/tutorial_taskflow_api.py took 0.047 seconds
[2023-12-27T12:16:36.918+0545] {processor.py:161} INFO - Started process (PID=13358) to work on /home/sarita/Documents/apache-airflow-project/.venv/lib/python3.9/site-packages/airflow/example_dags/tutorial_taskflow_api.py
[2023-12-27T12:16:36.920+0545] {processor.py:830} INFO - Processing file /home/sarita/Documents/apache-airflow-project/.venv/lib/python3.9/site-packages/airflow/example_dags/tutorial_taskflow_api.py for tasks to queue
[2023-12-27T12:16:36.921+0545] {logging_mixin.py:188} INFO - [2023-12-27T12:16:36.921+0545] {dagbag.py:538} INFO - Filling up the DagBag from /home/sarita/Documents/apache-airflow-project/.venv/lib/python3.9/site-packages/airflow/example_dags/tutorial_taskflow_api.py
[2023-12-27T12:16:36.926+0545] {processor.py:840} INFO - DAG(s) 'tutorial_taskflow_api' retrieved from /home/sarita/Documents/apache-airflow-project/.venv/lib/python3.9/site-packages/airflow/example_dags/tutorial_taskflow_api.py
[2023-12-27T12:16:36.941+0545] {logging_mixin.py:188} INFO - [2023-12-27T12:16:36.941+0545] {dag.py:3033} INFO - Sync 1 DAGs
[2023-12-27T12:16:36.953+0545] {logging_mixin.py:188} INFO - [2023-12-27T12:16:36.952+0545] {dag.py:3820} INFO - Setting next_dagrun for tutorial_taskflow_api to None, run_after=None
[2023-12-27T12:16:36.969+0545] {processor.py:183} INFO - Processing /home/sarita/Documents/apache-airflow-project/.venv/lib/python3.9/site-packages/airflow/example_dags/tutorial_taskflow_api.py took 0.053 seconds
[2023-12-27T12:21:41.876+0545] {processor.py:161} INFO - Started process (PID=13905) to work on /home/sarita/Documents/apache-airflow-project/.venv/lib/python3.9/site-packages/airflow/example_dags/tutorial_taskflow_api.py
[2023-12-27T12:21:41.879+0545] {processor.py:830} INFO - Processing file /home/sarita/Documents/apache-airflow-project/.venv/lib/python3.9/site-packages/airflow/example_dags/tutorial_taskflow_api.py for tasks to queue
[2023-12-27T12:21:41.882+0545] {logging_mixin.py:188} INFO - [2023-12-27T12:21:41.881+0545] {dagbag.py:538} INFO - Filling up the DagBag from /home/sarita/Documents/apache-airflow-project/.venv/lib/python3.9/site-packages/airflow/example_dags/tutorial_taskflow_api.py
[2023-12-27T12:21:41.898+0545] {processor.py:840} INFO - DAG(s) 'tutorial_taskflow_api' retrieved from /home/sarita/Documents/apache-airflow-project/.venv/lib/python3.9/site-packages/airflow/example_dags/tutorial_taskflow_api.py
[2023-12-27T12:21:41.917+0545] {logging_mixin.py:188} INFO - [2023-12-27T12:21:41.917+0545] {dag.py:3033} INFO - Sync 1 DAGs
[2023-12-27T12:21:41.925+0545] {logging_mixin.py:188} INFO - [2023-12-27T12:21:41.925+0545] {dag.py:3820} INFO - Setting next_dagrun for tutorial_taskflow_api to None, run_after=None
[2023-12-27T12:21:41.952+0545] {processor.py:183} INFO - Processing /home/sarita/Documents/apache-airflow-project/.venv/lib/python3.9/site-packages/airflow/example_dags/tutorial_taskflow_api.py took 0.084 seconds
[2023-12-27T12:39:29.096+0545] {processor.py:161} INFO - Started process (PID=15385) to work on /home/sarita/Documents/apache-airflow-project/.venv/lib/python3.9/site-packages/airflow/example_dags/tutorial_taskflow_api.py
[2023-12-27T12:39:29.101+0545] {processor.py:830} INFO - Processing file /home/sarita/Documents/apache-airflow-project/.venv/lib/python3.9/site-packages/airflow/example_dags/tutorial_taskflow_api.py for tasks to queue
[2023-12-27T12:39:29.103+0545] {logging_mixin.py:188} INFO - [2023-12-27T12:39:29.102+0545] {dagbag.py:538} INFO - Filling up the DagBag from /home/sarita/Documents/apache-airflow-project/.venv/lib/python3.9/site-packages/airflow/example_dags/tutorial_taskflow_api.py
[2023-12-27T12:39:29.118+0545] {processor.py:840} INFO - DAG(s) 'tutorial_taskflow_api' retrieved from /home/sarita/Documents/apache-airflow-project/.venv/lib/python3.9/site-packages/airflow/example_dags/tutorial_taskflow_api.py
[2023-12-27T12:39:29.135+0545] {logging_mixin.py:188} INFO - [2023-12-27T12:39:29.135+0545] {dag.py:3033} INFO - Sync 1 DAGs
[2023-12-27T12:39:29.145+0545] {logging_mixin.py:188} INFO - [2023-12-27T12:39:29.145+0545] {dag.py:3820} INFO - Setting next_dagrun for tutorial_taskflow_api to None, run_after=None
[2023-12-27T12:39:29.250+0545] {processor.py:183} INFO - Processing /home/sarita/Documents/apache-airflow-project/.venv/lib/python3.9/site-packages/airflow/example_dags/tutorial_taskflow_api.py took 0.161 seconds
[2023-12-27T12:43:19.866+0545] {processor.py:161} INFO - Started process (PID=16828) to work on /home/sarita/Documents/apache-airflow-project/.venv/lib/python3.9/site-packages/airflow/example_dags/tutorial_taskflow_api.py
[2023-12-27T12:43:19.868+0545] {processor.py:830} INFO - Processing file /home/sarita/Documents/apache-airflow-project/.venv/lib/python3.9/site-packages/airflow/example_dags/tutorial_taskflow_api.py for tasks to queue
[2023-12-27T12:43:19.868+0545] {logging_mixin.py:188} INFO - [2023-12-27T12:43:19.868+0545] {dagbag.py:538} INFO - Filling up the DagBag from /home/sarita/Documents/apache-airflow-project/.venv/lib/python3.9/site-packages/airflow/example_dags/tutorial_taskflow_api.py
[2023-12-27T12:43:19.873+0545] {processor.py:840} INFO - DAG(s) 'tutorial_taskflow_api' retrieved from /home/sarita/Documents/apache-airflow-project/.venv/lib/python3.9/site-packages/airflow/example_dags/tutorial_taskflow_api.py
[2023-12-27T12:43:19.883+0545] {logging_mixin.py:188} INFO - [2023-12-27T12:43:19.883+0545] {dag.py:3033} INFO - Sync 1 DAGs
[2023-12-27T12:43:19.892+0545] {logging_mixin.py:188} INFO - [2023-12-27T12:43:19.892+0545] {dag.py:3820} INFO - Setting next_dagrun for tutorial_taskflow_api to None, run_after=None
[2023-12-27T12:43:19.912+0545] {processor.py:183} INFO - Processing /home/sarita/Documents/apache-airflow-project/.venv/lib/python3.9/site-packages/airflow/example_dags/tutorial_taskflow_api.py took 0.048 seconds
[2023-12-27T12:46:32.612+0545] {processor.py:161} INFO - Started process (PID=17150) to work on /home/sarita/Documents/apache-airflow-project/.venv/lib/python3.9/site-packages/airflow/example_dags/tutorial_taskflow_api.py
[2023-12-27T12:46:32.614+0545] {processor.py:830} INFO - Processing file /home/sarita/Documents/apache-airflow-project/.venv/lib/python3.9/site-packages/airflow/example_dags/tutorial_taskflow_api.py for tasks to queue
[2023-12-27T12:46:32.614+0545] {logging_mixin.py:188} INFO - [2023-12-27T12:46:32.614+0545] {dagbag.py:538} INFO - Filling up the DagBag from /home/sarita/Documents/apache-airflow-project/.venv/lib/python3.9/site-packages/airflow/example_dags/tutorial_taskflow_api.py
[2023-12-27T12:46:32.619+0545] {processor.py:840} INFO - DAG(s) 'tutorial_taskflow_api' retrieved from /home/sarita/Documents/apache-airflow-project/.venv/lib/python3.9/site-packages/airflow/example_dags/tutorial_taskflow_api.py
[2023-12-27T12:46:32.631+0545] {logging_mixin.py:188} INFO - [2023-12-27T12:46:32.630+0545] {dag.py:3033} INFO - Sync 1 DAGs
[2023-12-27T12:46:32.640+0545] {logging_mixin.py:188} INFO - [2023-12-27T12:46:32.639+0545] {dag.py:3820} INFO - Setting next_dagrun for tutorial_taskflow_api to None, run_after=None
[2023-12-27T12:46:32.656+0545] {processor.py:183} INFO - Processing /home/sarita/Documents/apache-airflow-project/.venv/lib/python3.9/site-packages/airflow/example_dags/tutorial_taskflow_api.py took 0.046 seconds
[2023-12-27T12:52:32.915+0545] {processor.py:161} INFO - Started process (PID=17612) to work on /home/sarita/Documents/apache-airflow-project/.venv/lib/python3.9/site-packages/airflow/example_dags/tutorial_taskflow_api.py
[2023-12-27T12:52:32.918+0545] {processor.py:830} INFO - Processing file /home/sarita/Documents/apache-airflow-project/.venv/lib/python3.9/site-packages/airflow/example_dags/tutorial_taskflow_api.py for tasks to queue
[2023-12-27T12:52:32.918+0545] {logging_mixin.py:188} INFO - [2023-12-27T12:52:32.918+0545] {dagbag.py:538} INFO - Filling up the DagBag from /home/sarita/Documents/apache-airflow-project/.venv/lib/python3.9/site-packages/airflow/example_dags/tutorial_taskflow_api.py
[2023-12-27T12:52:32.923+0545] {processor.py:840} INFO - DAG(s) 'tutorial_taskflow_api' retrieved from /home/sarita/Documents/apache-airflow-project/.venv/lib/python3.9/site-packages/airflow/example_dags/tutorial_taskflow_api.py
[2023-12-27T12:52:32.937+0545] {logging_mixin.py:188} INFO - [2023-12-27T12:52:32.937+0545] {dag.py:3033} INFO - Sync 1 DAGs
[2023-12-27T12:52:32.948+0545] {logging_mixin.py:188} INFO - [2023-12-27T12:52:32.948+0545] {dag.py:3820} INFO - Setting next_dagrun for tutorial_taskflow_api to None, run_after=None
[2023-12-27T12:52:32.965+0545] {processor.py:183} INFO - Processing /home/sarita/Documents/apache-airflow-project/.venv/lib/python3.9/site-packages/airflow/example_dags/tutorial_taskflow_api.py took 0.052 seconds
[2023-12-27T12:53:22.221+0545] {processor.py:161} INFO - Started process (PID=17719) to work on /home/sarita/Documents/apache-airflow-project/.venv/lib/python3.9/site-packages/airflow/example_dags/tutorial_taskflow_api.py
[2023-12-27T12:53:22.224+0545] {processor.py:830} INFO - Processing file /home/sarita/Documents/apache-airflow-project/.venv/lib/python3.9/site-packages/airflow/example_dags/tutorial_taskflow_api.py for tasks to queue
[2023-12-27T12:53:22.227+0545] {logging_mixin.py:188} INFO - [2023-12-27T12:53:22.226+0545] {dagbag.py:538} INFO - Filling up the DagBag from /home/sarita/Documents/apache-airflow-project/.venv/lib/python3.9/site-packages/airflow/example_dags/tutorial_taskflow_api.py
[2023-12-27T12:53:22.242+0545] {processor.py:840} INFO - DAG(s) 'tutorial_taskflow_api' retrieved from /home/sarita/Documents/apache-airflow-project/.venv/lib/python3.9/site-packages/airflow/example_dags/tutorial_taskflow_api.py
[2023-12-27T12:53:22.259+0545] {logging_mixin.py:188} INFO - [2023-12-27T12:53:22.259+0545] {dag.py:3033} INFO - Sync 1 DAGs
[2023-12-27T12:53:22.268+0545] {logging_mixin.py:188} INFO - [2023-12-27T12:53:22.268+0545] {dag.py:3820} INFO - Setting next_dagrun for tutorial_taskflow_api to None, run_after=None
[2023-12-27T12:53:22.285+0545] {processor.py:183} INFO - Processing /home/sarita/Documents/apache-airflow-project/.venv/lib/python3.9/site-packages/airflow/example_dags/tutorial_taskflow_api.py took 0.072 seconds
[2023-12-27T12:54:50.906+0545] {processor.py:161} INFO - Started process (PID=17881) to work on /home/sarita/Documents/apache-airflow-project/.venv/lib/python3.9/site-packages/airflow/example_dags/tutorial_taskflow_api.py
[2023-12-27T12:54:50.910+0545] {processor.py:830} INFO - Processing file /home/sarita/Documents/apache-airflow-project/.venv/lib/python3.9/site-packages/airflow/example_dags/tutorial_taskflow_api.py for tasks to queue
[2023-12-27T12:54:50.912+0545] {logging_mixin.py:188} INFO - [2023-12-27T12:54:50.911+0545] {dagbag.py:538} INFO - Filling up the DagBag from /home/sarita/Documents/apache-airflow-project/.venv/lib/python3.9/site-packages/airflow/example_dags/tutorial_taskflow_api.py
[2023-12-27T12:54:50.929+0545] {processor.py:840} INFO - DAG(s) 'tutorial_taskflow_api' retrieved from /home/sarita/Documents/apache-airflow-project/.venv/lib/python3.9/site-packages/airflow/example_dags/tutorial_taskflow_api.py
[2023-12-27T12:54:50.948+0545] {logging_mixin.py:188} INFO - [2023-12-27T12:54:50.948+0545] {dag.py:3033} INFO - Sync 1 DAGs
[2023-12-27T12:54:50.959+0545] {logging_mixin.py:188} INFO - [2023-12-27T12:54:50.958+0545] {dag.py:3820} INFO - Setting next_dagrun for tutorial_taskflow_api to None, run_after=None
[2023-12-27T12:54:50.976+0545] {processor.py:183} INFO - Processing /home/sarita/Documents/apache-airflow-project/.venv/lib/python3.9/site-packages/airflow/example_dags/tutorial_taskflow_api.py took 0.078 seconds
[2023-12-27T12:58:10.773+0545] {processor.py:161} INFO - Started process (PID=18106) to work on /home/sarita/Documents/apache-airflow-project/.venv/lib/python3.9/site-packages/airflow/example_dags/tutorial_taskflow_api.py
[2023-12-27T12:58:10.774+0545] {processor.py:830} INFO - Processing file /home/sarita/Documents/apache-airflow-project/.venv/lib/python3.9/site-packages/airflow/example_dags/tutorial_taskflow_api.py for tasks to queue
[2023-12-27T12:58:10.776+0545] {logging_mixin.py:188} INFO - [2023-12-27T12:58:10.775+0545] {dagbag.py:538} INFO - Filling up the DagBag from /home/sarita/Documents/apache-airflow-project/.venv/lib/python3.9/site-packages/airflow/example_dags/tutorial_taskflow_api.py
[2023-12-27T12:58:10.784+0545] {processor.py:840} INFO - DAG(s) 'tutorial_taskflow_api' retrieved from /home/sarita/Documents/apache-airflow-project/.venv/lib/python3.9/site-packages/airflow/example_dags/tutorial_taskflow_api.py
[2023-12-27T12:58:10.807+0545] {logging_mixin.py:188} INFO - [2023-12-27T12:58:10.806+0545] {dag.py:3033} INFO - Sync 1 DAGs
[2023-12-27T12:58:10.823+0545] {logging_mixin.py:188} INFO - [2023-12-27T12:58:10.823+0545] {dag.py:3820} INFO - Setting next_dagrun for tutorial_taskflow_api to None, run_after=None
[2023-12-27T12:58:10.948+0545] {processor.py:183} INFO - Processing /home/sarita/Documents/apache-airflow-project/.venv/lib/python3.9/site-packages/airflow/example_dags/tutorial_taskflow_api.py took 0.180 seconds
