[2023-12-26T13:18:46.898+0545] {taskinstance.py:1957} INFO - Dependencies all met for dep_context=non-requeueable deps ti=<TaskInstance: metrics_pipeline.fetch_and_store_metrics scheduled__2023-06-19T00:00:00+00:00 [queued]>
[2023-12-26T13:18:46.903+0545] {taskinstance.py:1957} INFO - Dependencies all met for dep_context=requeueable deps ti=<TaskInstance: metrics_pipeline.fetch_and_store_metrics scheduled__2023-06-19T00:00:00+00:00 [queued]>
[2023-12-26T13:18:46.903+0545] {taskinstance.py:2171} INFO - Starting attempt 1 of 2
[2023-12-26T13:18:46.915+0545] {taskinstance.py:2192} INFO - Executing <Task(PythonOperator): fetch_and_store_metrics> on 2023-06-19 00:00:00+00:00
[2023-12-26T13:18:46.917+0545] {standard_task_runner.py:60} INFO - Started process 27142 to run task
[2023-12-26T13:18:46.919+0545] {standard_task_runner.py:87} INFO - Running: ['airflow', 'tasks', 'run', 'metrics_pipeline', 'fetch_and_store_metrics', 'scheduled__2023-06-19T00:00:00+00:00', '--job-id', '173', '--raw', '--subdir', 'DAGS_FOLDER/taxi_metrics_dag.py', '--cfg-path', '/tmp/tmpot7ridi2']
[2023-12-26T13:18:46.920+0545] {standard_task_runner.py:88} INFO - Job 173: Subtask fetch_and_store_metrics
[2023-12-26T13:18:46.943+0545] {task_command.py:423} INFO - Running <TaskInstance: metrics_pipeline.fetch_and_store_metrics scheduled__2023-06-19T00:00:00+00:00 [running]> on host Sarita-Thinkpad
[2023-12-26T13:18:46.995+0545] {taskinstance.py:2481} INFO - Exporting env vars: AIRFLOW_CTX_DAG_OWNER='airflow' AIRFLOW_CTX_DAG_ID='metrics_pipeline' AIRFLOW_CTX_TASK_ID='fetch_and_store_metrics' AIRFLOW_CTX_EXECUTION_DATE='2023-06-19T00:00:00+00:00' AIRFLOW_CTX_TRY_NUMBER='1' AIRFLOW_CTX_DAG_RUN_ID='scheduled__2023-06-19T00:00:00+00:00'
[2023-12-26T13:18:47.011+0545] {python.py:201} INFO - Done. Returned value was: None
[2023-12-26T13:18:47.022+0545] {taskinstance.py:1138} INFO - Marking task as SUCCESS. dag_id=metrics_pipeline, task_id=fetch_and_store_metrics, execution_date=20230619T000000, start_date=20231226T073346, end_date=20231226T073347
[2023-12-26T13:18:47.051+0545] {local_task_job_runner.py:234} INFO - Task exited with return code 0
[2023-12-26T13:18:47.060+0545] {taskinstance.py:3281} INFO - 0 downstream tasks scheduled from follow-on schedule check
[2023-12-27T12:17:10.178+0545] {taskinstance.py:1957} INFO - Dependencies all met for dep_context=non-requeueable deps ti=<TaskInstance: metrics_pipeline.fetch_and_store_metrics scheduled__2023-06-19T00:00:00+00:00 [queued]>
[2023-12-27T12:17:10.182+0545] {taskinstance.py:1957} INFO - Dependencies all met for dep_context=requeueable deps ti=<TaskInstance: metrics_pipeline.fetch_and_store_metrics scheduled__2023-06-19T00:00:00+00:00 [queued]>
[2023-12-27T12:17:10.182+0545] {taskinstance.py:2171} INFO - Starting attempt 1 of 2
[2023-12-27T12:17:10.194+0545] {taskinstance.py:2192} INFO - Executing <Task(PythonOperator): fetch_and_store_metrics> on 2023-06-19 00:00:00+00:00
[2023-12-27T12:17:10.197+0545] {standard_task_runner.py:60} INFO - Started process 13374 to run task
[2023-12-27T12:17:10.199+0545] {standard_task_runner.py:87} INFO - Running: ['airflow', 'tasks', 'run', 'metrics_pipeline', 'fetch_and_store_metrics', 'scheduled__2023-06-19T00:00:00+00:00', '--job-id', '379', '--raw', '--subdir', 'DAGS_FOLDER/taxi_metrics_dag.py', '--cfg-path', '/tmp/tmpyplk_rir']
[2023-12-27T12:17:10.199+0545] {standard_task_runner.py:88} INFO - Job 379: Subtask fetch_and_store_metrics
[2023-12-27T12:17:10.250+0545] {task_command.py:423} INFO - Running <TaskInstance: metrics_pipeline.fetch_and_store_metrics scheduled__2023-06-19T00:00:00+00:00 [running]> on host Sarita-Thinkpad
[2023-12-27T12:17:10.312+0545] {taskinstance.py:2481} INFO - Exporting env vars: AIRFLOW_CTX_DAG_OWNER='airflow' AIRFLOW_CTX_DAG_ID='metrics_pipeline' AIRFLOW_CTX_TASK_ID='fetch_and_store_metrics' AIRFLOW_CTX_EXECUTION_DATE='2023-06-19T00:00:00+00:00' AIRFLOW_CTX_TRY_NUMBER='1' AIRFLOW_CTX_DAG_RUN_ID='scheduled__2023-06-19T00:00:00+00:00'
[2023-12-27T12:17:10.314+0545] {taxi_metrics_dag.py:61} INFO - Getting Clickhouse Data.......
[2023-12-27T12:17:15.787+0545] {taxi_metrics_dag.py:67} ERROR - Could not complete the process..:HTTPDriver for https://github.demo.trial.altinity.cloud:8443 returned response code 400)
 Code: 62. DB::Exception: Syntax error (Multi-statements are not allowed): failed at position 1290 (end of query) (line 23, col 11): ;

 FORMAT Native. . (SYNTAX_ERROR) (version 23.10.5.20 (official build))

[2023-12-27T12:17:15.787+0545] {python.py:201} INFO - Done. Returned value was: None
[2023-12-27T12:17:15.801+0545] {taskinstance.py:1138} INFO - Marking task as SUCCESS. dag_id=metrics_pipeline, task_id=fetch_and_store_metrics, execution_date=20230619T000000, start_date=20231227T063210, end_date=20231227T063215
[2023-12-27T12:17:15.848+0545] {local_task_job_runner.py:234} INFO - Task exited with return code 0
[2023-12-27T12:17:15.859+0545] {taskinstance.py:3281} INFO - 0 downstream tasks scheduled from follow-on schedule check
