[2023-12-26T13:18:30.942+0545] {taskinstance.py:1957} INFO - Dependencies all met for dep_context=non-requeueable deps ti=<TaskInstance: metrics_pipeline.fetch_and_store_metrics scheduled__2023-06-14T00:00:00+00:00 [queued]>
[2023-12-26T13:18:30.946+0545] {taskinstance.py:1957} INFO - Dependencies all met for dep_context=requeueable deps ti=<TaskInstance: metrics_pipeline.fetch_and_store_metrics scheduled__2023-06-14T00:00:00+00:00 [queued]>
[2023-12-26T13:18:30.947+0545] {taskinstance.py:2171} INFO - Starting attempt 1 of 2
[2023-12-26T13:18:30.959+0545] {taskinstance.py:2192} INFO - Executing <Task(PythonOperator): fetch_and_store_metrics> on 2023-06-14 00:00:00+00:00
[2023-12-26T13:18:30.963+0545] {standard_task_runner.py:60} INFO - Started process 27103 to run task
[2023-12-26T13:18:30.967+0545] {standard_task_runner.py:87} INFO - Running: ['airflow', 'tasks', 'run', 'metrics_pipeline', 'fetch_and_store_metrics', 'scheduled__2023-06-14T00:00:00+00:00', '--job-id', '168', '--raw', '--subdir', 'DAGS_FOLDER/taxi_metrics_dag.py', '--cfg-path', '/tmp/tmpw3qkksv2']
[2023-12-26T13:18:30.967+0545] {standard_task_runner.py:88} INFO - Job 168: Subtask fetch_and_store_metrics
[2023-12-26T13:18:30.996+0545] {task_command.py:423} INFO - Running <TaskInstance: metrics_pipeline.fetch_and_store_metrics scheduled__2023-06-14T00:00:00+00:00 [running]> on host Sarita-Thinkpad
[2023-12-26T13:18:31.049+0545] {taskinstance.py:2481} INFO - Exporting env vars: AIRFLOW_CTX_DAG_OWNER='airflow' AIRFLOW_CTX_DAG_ID='metrics_pipeline' AIRFLOW_CTX_TASK_ID='fetch_and_store_metrics' AIRFLOW_CTX_EXECUTION_DATE='2023-06-14T00:00:00+00:00' AIRFLOW_CTX_TRY_NUMBER='1' AIRFLOW_CTX_DAG_RUN_ID='scheduled__2023-06-14T00:00:00+00:00'
[2023-12-26T13:18:31.066+0545] {python.py:201} INFO - Done. Returned value was: None
[2023-12-26T13:18:31.072+0545] {taskinstance.py:1138} INFO - Marking task as SUCCESS. dag_id=metrics_pipeline, task_id=fetch_and_store_metrics, execution_date=20230614T000000, start_date=20231226T073330, end_date=20231226T073331
[2023-12-26T13:18:31.098+0545] {local_task_job_runner.py:234} INFO - Task exited with return code 0
[2023-12-26T13:18:31.107+0545] {taskinstance.py:3281} INFO - 0 downstream tasks scheduled from follow-on schedule check
[2023-12-27T12:16:18.769+0545] {taskinstance.py:1957} INFO - Dependencies all met for dep_context=non-requeueable deps ti=<TaskInstance: metrics_pipeline.fetch_and_store_metrics scheduled__2023-06-14T00:00:00+00:00 [queued]>
[2023-12-27T12:16:18.773+0545] {taskinstance.py:1957} INFO - Dependencies all met for dep_context=requeueable deps ti=<TaskInstance: metrics_pipeline.fetch_and_store_metrics scheduled__2023-06-14T00:00:00+00:00 [queued]>
[2023-12-27T12:16:18.773+0545] {taskinstance.py:2171} INFO - Starting attempt 1 of 2
[2023-12-27T12:16:18.785+0545] {taskinstance.py:2192} INFO - Executing <Task(PythonOperator): fetch_and_store_metrics> on 2023-06-14 00:00:00+00:00
[2023-12-27T12:16:18.788+0545] {standard_task_runner.py:60} INFO - Started process 13345 to run task
[2023-12-27T12:16:18.789+0545] {standard_task_runner.py:87} INFO - Running: ['airflow', 'tasks', 'run', 'metrics_pipeline', 'fetch_and_store_metrics', 'scheduled__2023-06-14T00:00:00+00:00', '--job-id', '374', '--raw', '--subdir', 'DAGS_FOLDER/taxi_metrics_dag.py', '--cfg-path', '/tmp/tmpce9smr4u']
[2023-12-27T12:16:18.790+0545] {standard_task_runner.py:88} INFO - Job 374: Subtask fetch_and_store_metrics
[2023-12-27T12:16:18.813+0545] {task_command.py:423} INFO - Running <TaskInstance: metrics_pipeline.fetch_and_store_metrics scheduled__2023-06-14T00:00:00+00:00 [running]> on host Sarita-Thinkpad
[2023-12-27T12:16:18.857+0545] {taskinstance.py:2481} INFO - Exporting env vars: AIRFLOW_CTX_DAG_OWNER='airflow' AIRFLOW_CTX_DAG_ID='metrics_pipeline' AIRFLOW_CTX_TASK_ID='fetch_and_store_metrics' AIRFLOW_CTX_EXECUTION_DATE='2023-06-14T00:00:00+00:00' AIRFLOW_CTX_TRY_NUMBER='1' AIRFLOW_CTX_DAG_RUN_ID='scheduled__2023-06-14T00:00:00+00:00'
[2023-12-27T12:16:18.858+0545] {taxi_metrics_dag.py:61} INFO - Getting Clickhouse Data.......
[2023-12-27T12:16:26.439+0545] {taxi_metrics_dag.py:67} ERROR - Could not complete the process..:HTTPDriver for https://github.demo.trial.altinity.cloud:8443 returned response code 400)
 Code: 62. DB::Exception: Syntax error (Multi-statements are not allowed): failed at position 1290 (end of query) (line 23, col 11): ;

 FORMAT Native. . (SYNTAX_ERROR) (version 23.10.5.20 (official build))

[2023-12-27T12:16:26.439+0545] {python.py:201} INFO - Done. Returned value was: None
[2023-12-27T12:16:26.445+0545] {taskinstance.py:1138} INFO - Marking task as SUCCESS. dag_id=metrics_pipeline, task_id=fetch_and_store_metrics, execution_date=20230614T000000, start_date=20231227T063118, end_date=20231227T063126
[2023-12-27T12:16:26.491+0545] {local_task_job_runner.py:234} INFO - Task exited with return code 0
[2023-12-27T12:16:26.514+0545] {taskinstance.py:3281} INFO - 0 downstream tasks scheduled from follow-on schedule check
