[2023-12-26T13:22:20.922+0545] {taskinstance.py:1957} INFO - Dependencies all met for dep_context=non-requeueable deps ti=<TaskInstance: metrics_pipeline.fetch_and_store_metrics scheduled__2023-08-31T00:00:00+00:00 [queued]>
[2023-12-26T13:22:20.926+0545] {taskinstance.py:1957} INFO - Dependencies all met for dep_context=requeueable deps ti=<TaskInstance: metrics_pipeline.fetch_and_store_metrics scheduled__2023-08-31T00:00:00+00:00 [queued]>
[2023-12-26T13:22:20.926+0545] {taskinstance.py:2171} INFO - Starting attempt 1 of 2
[2023-12-26T13:22:20.939+0545] {taskinstance.py:2192} INFO - Executing <Task(PythonOperator): fetch_and_store_metrics> on 2023-08-31 00:00:00+00:00
[2023-12-26T13:22:20.941+0545] {standard_task_runner.py:60} INFO - Started process 27687 to run task
[2023-12-26T13:22:20.943+0545] {standard_task_runner.py:87} INFO - Running: ['airflow', 'tasks', 'run', 'metrics_pipeline', 'fetch_and_store_metrics', 'scheduled__2023-08-31T00:00:00+00:00', '--job-id', '246', '--raw', '--subdir', 'DAGS_FOLDER/taxi_metrics_dag.py', '--cfg-path', '/tmp/tmp43c8f54z']
[2023-12-26T13:22:20.943+0545] {standard_task_runner.py:88} INFO - Job 246: Subtask fetch_and_store_metrics
[2023-12-26T13:22:20.966+0545] {task_command.py:423} INFO - Running <TaskInstance: metrics_pipeline.fetch_and_store_metrics scheduled__2023-08-31T00:00:00+00:00 [running]> on host Sarita-Thinkpad
[2023-12-26T13:22:21.017+0545] {taskinstance.py:2481} INFO - Exporting env vars: AIRFLOW_CTX_DAG_OWNER='airflow' AIRFLOW_CTX_DAG_ID='metrics_pipeline' AIRFLOW_CTX_TASK_ID='fetch_and_store_metrics' AIRFLOW_CTX_EXECUTION_DATE='2023-08-31T00:00:00+00:00' AIRFLOW_CTX_TRY_NUMBER='1' AIRFLOW_CTX_DAG_RUN_ID='scheduled__2023-08-31T00:00:00+00:00'
[2023-12-26T13:22:21.035+0545] {python.py:201} INFO - Done. Returned value was: None
[2023-12-26T13:22:21.045+0545] {taskinstance.py:1138} INFO - Marking task as SUCCESS. dag_id=metrics_pipeline, task_id=fetch_and_store_metrics, execution_date=20230831T000000, start_date=20231226T073720, end_date=20231226T073721
[2023-12-26T13:22:21.075+0545] {local_task_job_runner.py:234} INFO - Task exited with return code 0
[2023-12-26T13:22:21.085+0545] {taskinstance.py:3281} INFO - 0 downstream tasks scheduled from follow-on schedule check
[2023-12-27T12:44:01.385+0545] {taskinstance.py:1957} INFO - Dependencies all met for dep_context=non-requeueable deps ti=<TaskInstance: metrics_pipeline.fetch_and_store_metrics scheduled__2023-08-31T00:00:00+00:00 [queued]>
[2023-12-27T12:44:01.390+0545] {taskinstance.py:1957} INFO - Dependencies all met for dep_context=requeueable deps ti=<TaskInstance: metrics_pipeline.fetch_and_store_metrics scheduled__2023-08-31T00:00:00+00:00 [queued]>
[2023-12-27T12:44:01.390+0545] {taskinstance.py:2171} INFO - Starting attempt 1 of 2
[2023-12-27T12:44:01.402+0545] {taskinstance.py:2192} INFO - Executing <Task(PythonOperator): fetch_and_store_metrics> on 2023-08-31 00:00:00+00:00
[2023-12-27T12:44:01.404+0545] {standard_task_runner.py:60} INFO - Started process 16875 to run task
[2023-12-27T12:44:01.406+0545] {standard_task_runner.py:87} INFO - Running: ['airflow', 'tasks', 'run', 'metrics_pipeline', 'fetch_and_store_metrics', 'scheduled__2023-08-31T00:00:00+00:00', '--job-id', '467', '--raw', '--subdir', 'DAGS_FOLDER/taxi_metrics_dag.py', '--cfg-path', '/tmp/tmplqn557c9']
[2023-12-27T12:44:01.406+0545] {standard_task_runner.py:88} INFO - Job 467: Subtask fetch_and_store_metrics
[2023-12-27T12:44:01.430+0545] {task_command.py:423} INFO - Running <TaskInstance: metrics_pipeline.fetch_and_store_metrics scheduled__2023-08-31T00:00:00+00:00 [running]> on host Sarita-Thinkpad
[2023-12-27T12:44:01.476+0545] {taskinstance.py:2481} INFO - Exporting env vars: AIRFLOW_CTX_DAG_OWNER='airflow' AIRFLOW_CTX_DAG_ID='metrics_pipeline' AIRFLOW_CTX_TASK_ID='fetch_and_store_metrics' AIRFLOW_CTX_EXECUTION_DATE='2023-08-31T00:00:00+00:00' AIRFLOW_CTX_TRY_NUMBER='1' AIRFLOW_CTX_DAG_RUN_ID='scheduled__2023-08-31T00:00:00+00:00'
[2023-12-27T12:44:01.477+0545] {taxi_metrics_dag.py:61} INFO - Getting Clickhouse Data.......
[2023-12-27T12:44:06.280+0545] {taxi_metrics_dag.py:63} INFO - Inserting Data into SQLite.....
[2023-12-27T12:44:06.295+0545] {taxi_metrics_dag.py:56} INFO - Successfully inserted data into SQLite!!
[2023-12-27T12:44:06.296+0545] {taxi_metrics_dag.py:65} INFO - Task completed successfully!!
[2023-12-27T12:44:06.296+0545] {python.py:201} INFO - Done. Returned value was: None
[2023-12-27T12:44:06.309+0545] {taskinstance.py:1138} INFO - Marking task as SUCCESS. dag_id=metrics_pipeline, task_id=fetch_and_store_metrics, execution_date=20230831T000000, start_date=20231227T065901, end_date=20231227T065906
[2023-12-27T12:44:06.359+0545] {local_task_job_runner.py:234} INFO - Task exited with return code 0
[2023-12-27T12:44:06.370+0545] {taskinstance.py:3281} INFO - 0 downstream tasks scheduled from follow-on schedule check
