[2023-12-26T13:22:44.716+0545] {taskinstance.py:1957} INFO - Dependencies all met for dep_context=non-requeueable deps ti=<TaskInstance: metrics_pipeline.fetch_and_store_metrics scheduled__2023-09-08T00:00:00+00:00 [queued]>
[2023-12-26T13:22:44.720+0545] {taskinstance.py:1957} INFO - Dependencies all met for dep_context=requeueable deps ti=<TaskInstance: metrics_pipeline.fetch_and_store_metrics scheduled__2023-09-08T00:00:00+00:00 [queued]>
[2023-12-26T13:22:44.721+0545] {taskinstance.py:2171} INFO - Starting attempt 1 of 2
[2023-12-26T13:22:44.732+0545] {taskinstance.py:2192} INFO - Executing <Task(PythonOperator): fetch_and_store_metrics> on 2023-09-08 00:00:00+00:00
[2023-12-26T13:22:44.735+0545] {standard_task_runner.py:60} INFO - Started process 27751 to run task
[2023-12-26T13:22:44.737+0545] {standard_task_runner.py:87} INFO - Running: ['airflow', 'tasks', 'run', 'metrics_pipeline', 'fetch_and_store_metrics', 'scheduled__2023-09-08T00:00:00+00:00', '--job-id', '254', '--raw', '--subdir', 'DAGS_FOLDER/taxi_metrics_dag.py', '--cfg-path', '/tmp/tmpzjs0mlqs']
[2023-12-26T13:22:44.737+0545] {standard_task_runner.py:88} INFO - Job 254: Subtask fetch_and_store_metrics
[2023-12-26T13:22:44.761+0545] {task_command.py:423} INFO - Running <TaskInstance: metrics_pipeline.fetch_and_store_metrics scheduled__2023-09-08T00:00:00+00:00 [running]> on host Sarita-Thinkpad
[2023-12-26T13:22:44.831+0545] {taskinstance.py:2481} INFO - Exporting env vars: AIRFLOW_CTX_DAG_OWNER='airflow' AIRFLOW_CTX_DAG_ID='metrics_pipeline' AIRFLOW_CTX_TASK_ID='fetch_and_store_metrics' AIRFLOW_CTX_EXECUTION_DATE='2023-09-08T00:00:00+00:00' AIRFLOW_CTX_TRY_NUMBER='1' AIRFLOW_CTX_DAG_RUN_ID='scheduled__2023-09-08T00:00:00+00:00'
[2023-12-26T13:22:44.849+0545] {python.py:201} INFO - Done. Returned value was: None
[2023-12-26T13:22:44.855+0545] {taskinstance.py:1138} INFO - Marking task as SUCCESS. dag_id=metrics_pipeline, task_id=fetch_and_store_metrics, execution_date=20230908T000000, start_date=20231226T073744, end_date=20231226T073744
[2023-12-26T13:22:44.908+0545] {local_task_job_runner.py:234} INFO - Task exited with return code 0
[2023-12-26T13:22:44.921+0545] {taskinstance.py:3281} INFO - 0 downstream tasks scheduled from follow-on schedule check
[2023-12-27T12:45:52.740+0545] {taskinstance.py:1957} INFO - Dependencies all met for dep_context=non-requeueable deps ti=<TaskInstance: metrics_pipeline.fetch_and_store_metrics scheduled__2023-09-08T00:00:00+00:00 [queued]>
[2023-12-27T12:45:52.744+0545] {taskinstance.py:1957} INFO - Dependencies all met for dep_context=requeueable deps ti=<TaskInstance: metrics_pipeline.fetch_and_store_metrics scheduled__2023-09-08T00:00:00+00:00 [queued]>
[2023-12-27T12:45:52.744+0545] {taskinstance.py:2171} INFO - Starting attempt 1 of 2
[2023-12-27T12:45:52.756+0545] {taskinstance.py:2192} INFO - Executing <Task(PythonOperator): fetch_and_store_metrics> on 2023-09-08 00:00:00+00:00
[2023-12-27T12:45:52.758+0545] {standard_task_runner.py:60} INFO - Started process 17075 to run task
[2023-12-27T12:45:52.760+0545] {standard_task_runner.py:87} INFO - Running: ['airflow', 'tasks', 'run', 'metrics_pipeline', 'fetch_and_store_metrics', 'scheduled__2023-09-08T00:00:00+00:00', '--job-id', '476', '--raw', '--subdir', 'DAGS_FOLDER/taxi_metrics_dag.py', '--cfg-path', '/tmp/tmpogopb18m']
[2023-12-27T12:45:52.761+0545] {standard_task_runner.py:88} INFO - Job 476: Subtask fetch_and_store_metrics
[2023-12-27T12:45:52.785+0545] {task_command.py:423} INFO - Running <TaskInstance: metrics_pipeline.fetch_and_store_metrics scheduled__2023-09-08T00:00:00+00:00 [running]> on host Sarita-Thinkpad
[2023-12-27T12:45:52.854+0545] {taskinstance.py:2481} INFO - Exporting env vars: AIRFLOW_CTX_DAG_OWNER='airflow' AIRFLOW_CTX_DAG_ID='metrics_pipeline' AIRFLOW_CTX_TASK_ID='fetch_and_store_metrics' AIRFLOW_CTX_EXECUTION_DATE='2023-09-08T00:00:00+00:00' AIRFLOW_CTX_TRY_NUMBER='1' AIRFLOW_CTX_DAG_RUN_ID='scheduled__2023-09-08T00:00:00+00:00'
[2023-12-27T12:45:52.856+0545] {taxi_metrics_dag.py:62} INFO - Getting Clickhouse Data.......
[2023-12-27T12:45:57.547+0545] {taxi_metrics_dag.py:64} INFO - Inserting Data into SQLite.....
[2023-12-27T12:45:57.596+0545] {taxi_metrics_dag.py:57} INFO - Successfully inserted data into SQLite!!
[2023-12-27T12:45:57.597+0545] {taxi_metrics_dag.py:66} INFO - Task completed successfully!!
[2023-12-27T12:45:57.597+0545] {python.py:201} INFO - Done. Returned value was: None
[2023-12-27T12:45:57.605+0545] {taskinstance.py:1138} INFO - Marking task as SUCCESS. dag_id=metrics_pipeline, task_id=fetch_and_store_metrics, execution_date=20230908T000000, start_date=20231227T070052, end_date=20231227T070057
[2023-12-27T12:45:57.631+0545] {local_task_job_runner.py:234} INFO - Task exited with return code 0
[2023-12-27T12:45:57.644+0545] {taskinstance.py:3281} INFO - 0 downstream tasks scheduled from follow-on schedule check
