[2023-12-26T13:17:28.027+0545] {taskinstance.py:1957} INFO - Dependencies all met for dep_context=non-requeueable deps ti=<TaskInstance: metrics_pipeline.fetch_and_store_metrics scheduled__2023-05-25T00:00:00+00:00 [queued]>
[2023-12-26T13:17:28.031+0545] {taskinstance.py:1957} INFO - Dependencies all met for dep_context=requeueable deps ti=<TaskInstance: metrics_pipeline.fetch_and_store_metrics scheduled__2023-05-25T00:00:00+00:00 [queued]>
[2023-12-26T13:17:28.032+0545] {taskinstance.py:2171} INFO - Starting attempt 1 of 2
[2023-12-26T13:17:28.043+0545] {taskinstance.py:2192} INFO - Executing <Task(PythonOperator): fetch_and_store_metrics> on 2023-05-25 00:00:00+00:00
[2023-12-26T13:17:28.045+0545] {standard_task_runner.py:60} INFO - Started process 26950 to run task
[2023-12-26T13:17:28.047+0545] {standard_task_runner.py:87} INFO - Running: ['airflow', 'tasks', 'run', 'metrics_pipeline', 'fetch_and_store_metrics', 'scheduled__2023-05-25T00:00:00+00:00', '--job-id', '148', '--raw', '--subdir', 'DAGS_FOLDER/taxi_metrics_dag.py', '--cfg-path', '/tmp/tmp5x1u8u2d']
[2023-12-26T13:17:28.047+0545] {standard_task_runner.py:88} INFO - Job 148: Subtask fetch_and_store_metrics
[2023-12-26T13:17:28.081+0545] {task_command.py:423} INFO - Running <TaskInstance: metrics_pipeline.fetch_and_store_metrics scheduled__2023-05-25T00:00:00+00:00 [running]> on host Sarita-Thinkpad
[2023-12-26T13:17:28.135+0545] {taskinstance.py:2481} INFO - Exporting env vars: AIRFLOW_CTX_DAG_OWNER='airflow' AIRFLOW_CTX_DAG_ID='metrics_pipeline' AIRFLOW_CTX_TASK_ID='fetch_and_store_metrics' AIRFLOW_CTX_EXECUTION_DATE='2023-05-25T00:00:00+00:00' AIRFLOW_CTX_TRY_NUMBER='1' AIRFLOW_CTX_DAG_RUN_ID='scheduled__2023-05-25T00:00:00+00:00'
[2023-12-26T13:17:28.151+0545] {python.py:201} INFO - Done. Returned value was: None
[2023-12-26T13:17:28.162+0545] {taskinstance.py:1138} INFO - Marking task as SUCCESS. dag_id=metrics_pipeline, task_id=fetch_and_store_metrics, execution_date=20230525T000000, start_date=20231226T073228, end_date=20231226T073228
[2023-12-26T13:17:28.219+0545] {local_task_job_runner.py:234} INFO - Task exited with return code 0
[2023-12-26T13:17:28.235+0545] {taskinstance.py:3281} INFO - 0 downstream tasks scheduled from follow-on schedule check
[2023-12-27T12:11:10.140+0545] {taskinstance.py:1957} INFO - Dependencies all met for dep_context=non-requeueable deps ti=<TaskInstance: metrics_pipeline.fetch_and_store_metrics scheduled__2023-05-25T00:00:00+00:00 [queued]>
[2023-12-27T12:11:10.144+0545] {taskinstance.py:1957} INFO - Dependencies all met for dep_context=requeueable deps ti=<TaskInstance: metrics_pipeline.fetch_and_store_metrics scheduled__2023-05-25T00:00:00+00:00 [queued]>
[2023-12-27T12:11:10.144+0545] {taskinstance.py:2171} INFO - Starting attempt 1 of 2
[2023-12-27T12:11:10.157+0545] {taskinstance.py:2192} INFO - Executing <Task(PythonOperator): fetch_and_store_metrics> on 2023-05-25 00:00:00+00:00
[2023-12-27T12:11:10.159+0545] {standard_task_runner.py:60} INFO - Started process 12502 to run task
[2023-12-27T12:11:10.161+0545] {standard_task_runner.py:87} INFO - Running: ['airflow', 'tasks', 'run', 'metrics_pipeline', 'fetch_and_store_metrics', 'scheduled__2023-05-25T00:00:00+00:00', '--job-id', '353', '--raw', '--subdir', 'DAGS_FOLDER/taxi_metrics_dag.py', '--cfg-path', '/tmp/tmpbqiekwxn']
[2023-12-27T12:11:10.161+0545] {standard_task_runner.py:88} INFO - Job 353: Subtask fetch_and_store_metrics
[2023-12-27T12:11:10.186+0545] {task_command.py:423} INFO - Running <TaskInstance: metrics_pipeline.fetch_and_store_metrics scheduled__2023-05-25T00:00:00+00:00 [running]> on host Sarita-Thinkpad
[2023-12-27T12:11:10.236+0545] {taskinstance.py:2481} INFO - Exporting env vars: AIRFLOW_CTX_DAG_OWNER='airflow' AIRFLOW_CTX_DAG_ID='metrics_pipeline' AIRFLOW_CTX_TASK_ID='fetch_and_store_metrics' AIRFLOW_CTX_EXECUTION_DATE='2023-05-25T00:00:00+00:00' AIRFLOW_CTX_TRY_NUMBER='1' AIRFLOW_CTX_DAG_RUN_ID='scheduled__2023-05-25T00:00:00+00:00'
[2023-12-27T12:11:10.238+0545] {taxi_metrics_dag.py:61} INFO - Getting Clickhouse Data.......
[2023-12-27T12:11:20.295+0545] {taxi_metrics_dag.py:67} ERROR - Could not complete the process..:HTTPDriver for https://github.demo.trial.altinity.cloud:8443 returned response code 400)
 Code: 62. DB::Exception: Syntax error (Multi-statements are not allowed): failed at position 1290 (end of query) (line 23, col 11): ;

 FORMAT Native. . (SYNTAX_ERROR) (version 23.10.5.20 (official build))

[2023-12-27T12:11:20.296+0545] {python.py:201} INFO - Done. Returned value was: None
[2023-12-27T12:11:20.310+0545] {taskinstance.py:1138} INFO - Marking task as SUCCESS. dag_id=metrics_pipeline, task_id=fetch_and_store_metrics, execution_date=20230525T000000, start_date=20231227T062610, end_date=20231227T062620
[2023-12-27T12:11:20.350+0545] {local_task_job_runner.py:234} INFO - Task exited with return code 0
[2023-12-27T12:11:20.357+0545] {taskinstance.py:3281} INFO - 0 downstream tasks scheduled from follow-on schedule check
