[2023-12-26T13:22:09.473+0545] {taskinstance.py:1957} INFO - Dependencies all met for dep_context=non-requeueable deps ti=<TaskInstance: metrics_pipeline.fetch_and_store_metrics scheduled__2023-08-27T00:00:00+00:00 [queued]>
[2023-12-26T13:22:09.478+0545] {taskinstance.py:1957} INFO - Dependencies all met for dep_context=requeueable deps ti=<TaskInstance: metrics_pipeline.fetch_and_store_metrics scheduled__2023-08-27T00:00:00+00:00 [queued]>
[2023-12-26T13:22:09.478+0545] {taskinstance.py:2171} INFO - Starting attempt 1 of 2
[2023-12-26T13:22:09.491+0545] {taskinstance.py:2192} INFO - Executing <Task(PythonOperator): fetch_and_store_metrics> on 2023-08-27 00:00:00+00:00
[2023-12-26T13:22:09.494+0545] {standard_task_runner.py:60} INFO - Started process 27662 to run task
[2023-12-26T13:22:09.496+0545] {standard_task_runner.py:87} INFO - Running: ['airflow', 'tasks', 'run', 'metrics_pipeline', 'fetch_and_store_metrics', 'scheduled__2023-08-27T00:00:00+00:00', '--job-id', '242', '--raw', '--subdir', 'DAGS_FOLDER/taxi_metrics_dag.py', '--cfg-path', '/tmp/tmpcivp036j']
[2023-12-26T13:22:09.496+0545] {standard_task_runner.py:88} INFO - Job 242: Subtask fetch_and_store_metrics
[2023-12-26T13:22:09.521+0545] {task_command.py:423} INFO - Running <TaskInstance: metrics_pipeline.fetch_and_store_metrics scheduled__2023-08-27T00:00:00+00:00 [running]> on host Sarita-Thinkpad
[2023-12-26T13:22:09.581+0545] {taskinstance.py:2481} INFO - Exporting env vars: AIRFLOW_CTX_DAG_OWNER='airflow' AIRFLOW_CTX_DAG_ID='metrics_pipeline' AIRFLOW_CTX_TASK_ID='fetch_and_store_metrics' AIRFLOW_CTX_EXECUTION_DATE='2023-08-27T00:00:00+00:00' AIRFLOW_CTX_TRY_NUMBER='1' AIRFLOW_CTX_DAG_RUN_ID='scheduled__2023-08-27T00:00:00+00:00'
[2023-12-26T13:22:09.598+0545] {python.py:201} INFO - Done. Returned value was: None
[2023-12-26T13:22:09.605+0545] {taskinstance.py:1138} INFO - Marking task as SUCCESS. dag_id=metrics_pipeline, task_id=fetch_and_store_metrics, execution_date=20230827T000000, start_date=20231226T073709, end_date=20231226T073709
[2023-12-26T13:22:09.627+0545] {local_task_job_runner.py:234} INFO - Task exited with return code 0
[2023-12-26T13:22:09.646+0545] {taskinstance.py:3281} INFO - 0 downstream tasks scheduled from follow-on schedule check
[2023-12-27T09:54:35.097+0545] {taskinstance.py:1957} INFO - Dependencies all met for dep_context=non-requeueable deps ti=<TaskInstance: metrics_pipeline.fetch_and_store_metrics scheduled__2023-08-27T00:00:00+00:00 [queued]>
[2023-12-27T09:54:35.102+0545] {taskinstance.py:1957} INFO - Dependencies all met for dep_context=requeueable deps ti=<TaskInstance: metrics_pipeline.fetch_and_store_metrics scheduled__2023-08-27T00:00:00+00:00 [queued]>
[2023-12-27T09:54:35.102+0545] {taskinstance.py:2171} INFO - Starting attempt 1 of 2
[2023-12-27T09:54:35.115+0545] {taskinstance.py:2192} INFO - Executing <Task(PythonOperator): fetch_and_store_metrics> on 2023-08-27 00:00:00+00:00
[2023-12-27T09:54:35.117+0545] {standard_task_runner.py:60} INFO - Started process 9239 to run task
[2023-12-27T09:54:35.119+0545] {standard_task_runner.py:87} INFO - Running: ['airflow', 'tasks', 'run', 'metrics_pipeline', 'fetch_and_store_metrics', 'scheduled__2023-08-27T00:00:00+00:00', '--job-id', '343', '--raw', '--subdir', 'DAGS_FOLDER/taxi_metrics_dag.py', '--cfg-path', '/tmp/tmp8cpc7hw5']
[2023-12-27T09:54:35.119+0545] {standard_task_runner.py:88} INFO - Job 343: Subtask fetch_and_store_metrics
[2023-12-27T09:54:35.145+0545] {task_command.py:423} INFO - Running <TaskInstance: metrics_pipeline.fetch_and_store_metrics scheduled__2023-08-27T00:00:00+00:00 [running]> on host Sarita-Thinkpad
[2023-12-27T09:54:35.190+0545] {taskinstance.py:2481} INFO - Exporting env vars: AIRFLOW_CTX_DAG_OWNER='airflow' AIRFLOW_CTX_DAG_ID='metrics_pipeline' AIRFLOW_CTX_TASK_ID='fetch_and_store_metrics' AIRFLOW_CTX_EXECUTION_DATE='2023-08-27T00:00:00+00:00' AIRFLOW_CTX_TRY_NUMBER='1' AIRFLOW_CTX_DAG_RUN_ID='scheduled__2023-08-27T00:00:00+00:00'
[2023-12-27T09:54:37.933+0545] {logging_mixin.py:188} INFO - <sqlalchemy.engine.cursor.LegacyCursorResult object at 0x7f96b8be6070>
[2023-12-27T09:54:37.949+0545] {logging_mixin.py:188} INFO - <sqlalchemy.engine.cursor.LegacyCursorResult object at 0x7f96b8b72b80>
[2023-12-27T09:54:37.963+0545] {logging_mixin.py:188} INFO - <sqlalchemy.engine.cursor.LegacyCursorResult object at 0x7f96b8be6d90>
[2023-12-27T09:54:37.979+0545] {logging_mixin.py:188} INFO - <sqlalchemy.engine.cursor.LegacyCursorResult object at 0x7f96b8b72a60>
[2023-12-27T09:54:37.994+0545] {logging_mixin.py:188} INFO - <sqlalchemy.engine.cursor.LegacyCursorResult object at 0x7f96b8b6ffd0>
[2023-12-27T09:54:38.027+0545] {logging_mixin.py:188} INFO - <sqlalchemy.engine.cursor.LegacyCursorResult object at 0x7f96b8be6ee0>
[2023-12-27T09:54:38.050+0545] {logging_mixin.py:188} INFO - <sqlalchemy.engine.cursor.LegacyCursorResult object at 0x7f96b8b8bfd0>
[2023-12-27T09:54:38.072+0545] {logging_mixin.py:188} INFO - <sqlalchemy.engine.cursor.LegacyCursorResult object at 0x7f96b8b340a0>
[2023-12-27T09:54:38.088+0545] {logging_mixin.py:188} INFO - <sqlalchemy.engine.cursor.LegacyCursorResult object at 0x7f96b8b34250>
[2023-12-27T09:54:38.103+0545] {logging_mixin.py:188} INFO - <sqlalchemy.engine.cursor.LegacyCursorResult object at 0x7f96b8b34220>
[2023-12-27T09:54:38.117+0545] {logging_mixin.py:188} INFO - <sqlalchemy.engine.cursor.LegacyCursorResult object at 0x7f96b8b64250>
[2023-12-27T09:54:38.132+0545] {logging_mixin.py:188} INFO - <sqlalchemy.engine.cursor.LegacyCursorResult object at 0x7f96b8b37f40>
[2023-12-27T09:54:38.146+0545] {logging_mixin.py:188} INFO - <sqlalchemy.engine.cursor.LegacyCursorResult object at 0x7f96b8b67e80>
[2023-12-27T09:54:38.147+0545] {python.py:201} INFO - Done. Returned value was: None
[2023-12-27T09:54:38.150+0545] {taskinstance.py:1138} INFO - Marking task as SUCCESS. dag_id=metrics_pipeline, task_id=fetch_and_store_metrics, execution_date=20230827T000000, start_date=20231227T040935, end_date=20231227T040938
[2023-12-27T09:54:38.181+0545] {local_task_job_runner.py:234} INFO - Task exited with return code 0
[2023-12-27T09:54:38.191+0545] {taskinstance.py:3281} INFO - 0 downstream tasks scheduled from follow-on schedule check
[2023-12-27T12:43:21.667+0545] {taskinstance.py:1957} INFO - Dependencies all met for dep_context=non-requeueable deps ti=<TaskInstance: metrics_pipeline.fetch_and_store_metrics scheduled__2023-08-27T00:00:00+00:00 [queued]>
[2023-12-27T12:43:21.673+0545] {taskinstance.py:1957} INFO - Dependencies all met for dep_context=requeueable deps ti=<TaskInstance: metrics_pipeline.fetch_and_store_metrics scheduled__2023-08-27T00:00:00+00:00 [queued]>
[2023-12-27T12:43:21.673+0545] {taskinstance.py:2171} INFO - Starting attempt 1 of 2
[2023-12-27T12:43:21.686+0545] {taskinstance.py:2192} INFO - Executing <Task(PythonOperator): fetch_and_store_metrics> on 2023-08-27 00:00:00+00:00
[2023-12-27T12:43:21.688+0545] {standard_task_runner.py:60} INFO - Started process 16831 to run task
[2023-12-27T12:43:21.691+0545] {standard_task_runner.py:87} INFO - Running: ['airflow', 'tasks', 'run', 'metrics_pipeline', 'fetch_and_store_metrics', 'scheduled__2023-08-27T00:00:00+00:00', '--job-id', '462', '--raw', '--subdir', 'DAGS_FOLDER/taxi_metrics_dag.py', '--cfg-path', '/tmp/tmpl1hcds_2']
[2023-12-27T12:43:21.691+0545] {standard_task_runner.py:88} INFO - Job 462: Subtask fetch_and_store_metrics
[2023-12-27T12:43:21.717+0545] {task_command.py:423} INFO - Running <TaskInstance: metrics_pipeline.fetch_and_store_metrics scheduled__2023-08-27T00:00:00+00:00 [running]> on host Sarita-Thinkpad
[2023-12-27T12:43:21.766+0545] {taskinstance.py:2481} INFO - Exporting env vars: AIRFLOW_CTX_DAG_OWNER='airflow' AIRFLOW_CTX_DAG_ID='metrics_pipeline' AIRFLOW_CTX_TASK_ID='fetch_and_store_metrics' AIRFLOW_CTX_EXECUTION_DATE='2023-08-27T00:00:00+00:00' AIRFLOW_CTX_TRY_NUMBER='1' AIRFLOW_CTX_DAG_RUN_ID='scheduled__2023-08-27T00:00:00+00:00'
[2023-12-27T12:43:21.767+0545] {taxi_metrics_dag.py:61} INFO - Getting Clickhouse Data.......
[2023-12-27T12:43:24.766+0545] {taxi_metrics_dag.py:63} INFO - Inserting Data into SQLite.....
[2023-12-27T12:43:24.820+0545] {taxi_metrics_dag.py:56} INFO - Successfully inserted data into SQLite!!
[2023-12-27T12:43:24.820+0545] {taxi_metrics_dag.py:65} INFO - Task completed successfully!!
[2023-12-27T12:43:24.820+0545] {python.py:201} INFO - Done. Returned value was: None
[2023-12-27T12:43:24.824+0545] {taskinstance.py:1138} INFO - Marking task as SUCCESS. dag_id=metrics_pipeline, task_id=fetch_and_store_metrics, execution_date=20230827T000000, start_date=20231227T065821, end_date=20231227T065824
[2023-12-27T12:43:24.874+0545] {local_task_job_runner.py:234} INFO - Task exited with return code 0
[2023-12-27T12:43:24.883+0545] {taskinstance.py:3281} INFO - 0 downstream tasks scheduled from follow-on schedule check
