[2023-12-26T13:23:00.154+0545] {taskinstance.py:1957} INFO - Dependencies all met for dep_context=non-requeueable deps ti=<TaskInstance: metrics_pipeline.fetch_and_store_metrics scheduled__2023-09-13T00:00:00+00:00 [queued]>
[2023-12-26T13:23:00.158+0545] {taskinstance.py:1957} INFO - Dependencies all met for dep_context=requeueable deps ti=<TaskInstance: metrics_pipeline.fetch_and_store_metrics scheduled__2023-09-13T00:00:00+00:00 [queued]>
[2023-12-26T13:23:00.159+0545] {taskinstance.py:2171} INFO - Starting attempt 1 of 2
[2023-12-26T13:23:00.171+0545] {taskinstance.py:2192} INFO - Executing <Task(PythonOperator): fetch_and_store_metrics> on 2023-09-13 00:00:00+00:00
[2023-12-26T13:23:00.176+0545] {standard_task_runner.py:60} INFO - Started process 27785 to run task
[2023-12-26T13:23:00.180+0545] {standard_task_runner.py:87} INFO - Running: ['airflow', 'tasks', 'run', 'metrics_pipeline', 'fetch_and_store_metrics', 'scheduled__2023-09-13T00:00:00+00:00', '--job-id', '259', '--raw', '--subdir', 'DAGS_FOLDER/taxi_metrics_dag.py', '--cfg-path', '/tmp/tmp2j_s93q8']
[2023-12-26T13:23:00.180+0545] {standard_task_runner.py:88} INFO - Job 259: Subtask fetch_and_store_metrics
[2023-12-26T13:23:00.205+0545] {task_command.py:423} INFO - Running <TaskInstance: metrics_pipeline.fetch_and_store_metrics scheduled__2023-09-13T00:00:00+00:00 [running]> on host Sarita-Thinkpad
[2023-12-26T13:23:00.256+0545] {taskinstance.py:2481} INFO - Exporting env vars: AIRFLOW_CTX_DAG_OWNER='airflow' AIRFLOW_CTX_DAG_ID='metrics_pipeline' AIRFLOW_CTX_TASK_ID='fetch_and_store_metrics' AIRFLOW_CTX_EXECUTION_DATE='2023-09-13T00:00:00+00:00' AIRFLOW_CTX_TRY_NUMBER='1' AIRFLOW_CTX_DAG_RUN_ID='scheduled__2023-09-13T00:00:00+00:00'
[2023-12-26T13:23:00.271+0545] {python.py:201} INFO - Done. Returned value was: None
[2023-12-26T13:23:00.275+0545] {taskinstance.py:1138} INFO - Marking task as SUCCESS. dag_id=metrics_pipeline, task_id=fetch_and_store_metrics, execution_date=20230913T000000, start_date=20231226T073800, end_date=20231226T073800
[2023-12-26T13:23:00.311+0545] {local_task_job_runner.py:234} INFO - Task exited with return code 0
[2023-12-26T13:23:00.339+0545] {taskinstance.py:3281} INFO - 0 downstream tasks scheduled from follow-on schedule check
[2023-12-27T12:46:34.287+0545] {taskinstance.py:1957} INFO - Dependencies all met for dep_context=non-requeueable deps ti=<TaskInstance: metrics_pipeline.fetch_and_store_metrics scheduled__2023-09-13T00:00:00+00:00 [queued]>
[2023-12-27T12:46:34.292+0545] {taskinstance.py:1957} INFO - Dependencies all met for dep_context=requeueable deps ti=<TaskInstance: metrics_pipeline.fetch_and_store_metrics scheduled__2023-09-13T00:00:00+00:00 [queued]>
[2023-12-27T12:46:34.292+0545] {taskinstance.py:2171} INFO - Starting attempt 1 of 2
[2023-12-27T12:46:34.304+0545] {taskinstance.py:2192} INFO - Executing <Task(PythonOperator): fetch_and_store_metrics> on 2023-09-13 00:00:00+00:00
[2023-12-27T12:46:34.306+0545] {standard_task_runner.py:60} INFO - Started process 17152 to run task
[2023-12-27T12:46:34.308+0545] {standard_task_runner.py:87} INFO - Running: ['airflow', 'tasks', 'run', 'metrics_pipeline', 'fetch_and_store_metrics', 'scheduled__2023-09-13T00:00:00+00:00', '--job-id', '481', '--raw', '--subdir', 'DAGS_FOLDER/taxi_metrics_dag.py', '--cfg-path', '/tmp/tmp_vm2n_eg']
[2023-12-27T12:46:34.308+0545] {standard_task_runner.py:88} INFO - Job 481: Subtask fetch_and_store_metrics
[2023-12-27T12:46:34.341+0545] {task_command.py:423} INFO - Running <TaskInstance: metrics_pipeline.fetch_and_store_metrics scheduled__2023-09-13T00:00:00+00:00 [running]> on host Sarita-Thinkpad
[2023-12-27T12:46:34.389+0545] {taskinstance.py:2481} INFO - Exporting env vars: AIRFLOW_CTX_DAG_OWNER='airflow' AIRFLOW_CTX_DAG_ID='metrics_pipeline' AIRFLOW_CTX_TASK_ID='fetch_and_store_metrics' AIRFLOW_CTX_EXECUTION_DATE='2023-09-13T00:00:00+00:00' AIRFLOW_CTX_TRY_NUMBER='1' AIRFLOW_CTX_DAG_RUN_ID='scheduled__2023-09-13T00:00:00+00:00'
[2023-12-27T12:46:34.392+0545] {taxi_metrics_dag.py:62} INFO - Getting Clickhouse Data.......
[2023-12-27T12:46:41.213+0545] {taxi_metrics_dag.py:64} INFO - Inserting Data into SQLite.....
[2023-12-27T12:46:41.245+0545] {taxi_metrics_dag.py:57} INFO - Successfully inserted data into SQLite!!
[2023-12-27T12:46:41.246+0545] {taxi_metrics_dag.py:66} INFO - Task completed successfully!!
[2023-12-27T12:46:41.246+0545] {python.py:201} INFO - Done. Returned value was: None
[2023-12-27T12:46:41.254+0545] {taskinstance.py:1138} INFO - Marking task as SUCCESS. dag_id=metrics_pipeline, task_id=fetch_and_store_metrics, execution_date=20230913T000000, start_date=20231227T070134, end_date=20231227T070141
[2023-12-27T12:46:41.300+0545] {local_task_job_runner.py:234} INFO - Task exited with return code 0
[2023-12-27T12:46:41.307+0545] {taskinstance.py:3281} INFO - 0 downstream tasks scheduled from follow-on schedule check
