[2023-12-26T13:22:32.518+0545] {taskinstance.py:1957} INFO - Dependencies all met for dep_context=non-requeueable deps ti=<TaskInstance: metrics_pipeline.fetch_and_store_metrics scheduled__2023-09-04T00:00:00+00:00 [queued]>
[2023-12-26T13:22:32.523+0545] {taskinstance.py:1957} INFO - Dependencies all met for dep_context=requeueable deps ti=<TaskInstance: metrics_pipeline.fetch_and_store_metrics scheduled__2023-09-04T00:00:00+00:00 [queued]>
[2023-12-26T13:22:32.523+0545] {taskinstance.py:2171} INFO - Starting attempt 1 of 2
[2023-12-26T13:22:32.535+0545] {taskinstance.py:2192} INFO - Executing <Task(PythonOperator): fetch_and_store_metrics> on 2023-09-04 00:00:00+00:00
[2023-12-26T13:22:32.537+0545] {standard_task_runner.py:60} INFO - Started process 27715 to run task
[2023-12-26T13:22:32.539+0545] {standard_task_runner.py:87} INFO - Running: ['airflow', 'tasks', 'run', 'metrics_pipeline', 'fetch_and_store_metrics', 'scheduled__2023-09-04T00:00:00+00:00', '--job-id', '250', '--raw', '--subdir', 'DAGS_FOLDER/taxi_metrics_dag.py', '--cfg-path', '/tmp/tmpztxlihgl']
[2023-12-26T13:22:32.539+0545] {standard_task_runner.py:88} INFO - Job 250: Subtask fetch_and_store_metrics
[2023-12-26T13:22:32.562+0545] {task_command.py:423} INFO - Running <TaskInstance: metrics_pipeline.fetch_and_store_metrics scheduled__2023-09-04T00:00:00+00:00 [running]> on host Sarita-Thinkpad
[2023-12-26T13:22:32.616+0545] {taskinstance.py:2481} INFO - Exporting env vars: AIRFLOW_CTX_DAG_OWNER='airflow' AIRFLOW_CTX_DAG_ID='metrics_pipeline' AIRFLOW_CTX_TASK_ID='fetch_and_store_metrics' AIRFLOW_CTX_EXECUTION_DATE='2023-09-04T00:00:00+00:00' AIRFLOW_CTX_TRY_NUMBER='1' AIRFLOW_CTX_DAG_RUN_ID='scheduled__2023-09-04T00:00:00+00:00'
[2023-12-26T13:22:32.636+0545] {python.py:201} INFO - Done. Returned value was: None
[2023-12-26T13:22:32.643+0545] {taskinstance.py:1138} INFO - Marking task as SUCCESS. dag_id=metrics_pipeline, task_id=fetch_and_store_metrics, execution_date=20230904T000000, start_date=20231226T073732, end_date=20231226T073732
[2023-12-26T13:22:32.671+0545] {local_task_job_runner.py:234} INFO - Task exited with return code 0
[2023-12-26T13:22:32.682+0545] {taskinstance.py:3281} INFO - 0 downstream tasks scheduled from follow-on schedule check
[2023-12-27T12:45:19.304+0545] {taskinstance.py:1957} INFO - Dependencies all met for dep_context=non-requeueable deps ti=<TaskInstance: metrics_pipeline.fetch_and_store_metrics scheduled__2023-09-04T00:00:00+00:00 [queued]>
[2023-12-27T12:45:19.309+0545] {taskinstance.py:1957} INFO - Dependencies all met for dep_context=requeueable deps ti=<TaskInstance: metrics_pipeline.fetch_and_store_metrics scheduled__2023-09-04T00:00:00+00:00 [queued]>
[2023-12-27T12:45:19.309+0545] {taskinstance.py:2171} INFO - Starting attempt 1 of 2
[2023-12-27T12:45:19.322+0545] {taskinstance.py:2192} INFO - Executing <Task(PythonOperator): fetch_and_store_metrics> on 2023-09-04 00:00:00+00:00
[2023-12-27T12:45:19.324+0545] {standard_task_runner.py:60} INFO - Started process 17045 to run task
[2023-12-27T12:45:19.326+0545] {standard_task_runner.py:87} INFO - Running: ['airflow', 'tasks', 'run', 'metrics_pipeline', 'fetch_and_store_metrics', 'scheduled__2023-09-04T00:00:00+00:00', '--job-id', '472', '--raw', '--subdir', 'DAGS_FOLDER/taxi_metrics_dag.py', '--cfg-path', '/tmp/tmpf1076nis']
[2023-12-27T12:45:19.326+0545] {standard_task_runner.py:88} INFO - Job 472: Subtask fetch_and_store_metrics
[2023-12-27T12:45:19.351+0545] {task_command.py:423} INFO - Running <TaskInstance: metrics_pipeline.fetch_and_store_metrics scheduled__2023-09-04T00:00:00+00:00 [running]> on host Sarita-Thinkpad
[2023-12-27T12:45:19.405+0545] {taskinstance.py:2481} INFO - Exporting env vars: AIRFLOW_CTX_DAG_OWNER='airflow' AIRFLOW_CTX_DAG_ID='metrics_pipeline' AIRFLOW_CTX_TASK_ID='fetch_and_store_metrics' AIRFLOW_CTX_EXECUTION_DATE='2023-09-04T00:00:00+00:00' AIRFLOW_CTX_TRY_NUMBER='1' AIRFLOW_CTX_DAG_RUN_ID='scheduled__2023-09-04T00:00:00+00:00'
[2023-12-27T12:45:19.406+0545] {taxi_metrics_dag.py:62} INFO - Getting Clickhouse Data.......
[2023-12-27T12:45:22.437+0545] {taxi_metrics_dag.py:64} INFO - Inserting Data into SQLite.....
[2023-12-27T12:45:22.450+0545] {taxi_metrics_dag.py:57} INFO - Successfully inserted data into SQLite!!
[2023-12-27T12:45:22.450+0545] {taxi_metrics_dag.py:66} INFO - Task completed successfully!!
[2023-12-27T12:45:22.450+0545] {python.py:201} INFO - Done. Returned value was: None
[2023-12-27T12:45:22.453+0545] {taskinstance.py:1138} INFO - Marking task as SUCCESS. dag_id=metrics_pipeline, task_id=fetch_and_store_metrics, execution_date=20230904T000000, start_date=20231227T070019, end_date=20231227T070022
[2023-12-27T12:45:22.471+0545] {local_task_job_runner.py:234} INFO - Task exited with return code 0
[2023-12-27T12:45:22.480+0545] {taskinstance.py:3281} INFO - 0 downstream tasks scheduled from follow-on schedule check
