[2023-12-26T13:20:57.379+0545] {taskinstance.py:1957} INFO - Dependencies all met for dep_context=non-requeueable deps ti=<TaskInstance: metrics_pipeline.fetch_and_store_metrics scheduled__2023-08-02T00:00:00+00:00 [queued]>
[2023-12-26T13:20:57.384+0545] {taskinstance.py:1957} INFO - Dependencies all met for dep_context=requeueable deps ti=<TaskInstance: metrics_pipeline.fetch_and_store_metrics scheduled__2023-08-02T00:00:00+00:00 [queued]>
[2023-12-26T13:20:57.384+0545] {taskinstance.py:2171} INFO - Starting attempt 1 of 2
[2023-12-26T13:20:57.395+0545] {taskinstance.py:2192} INFO - Executing <Task(PythonOperator): fetch_and_store_metrics> on 2023-08-02 00:00:00+00:00
[2023-12-26T13:20:57.398+0545] {standard_task_runner.py:60} INFO - Started process 27483 to run task
[2023-12-26T13:20:57.399+0545] {standard_task_runner.py:87} INFO - Running: ['airflow', 'tasks', 'run', 'metrics_pipeline', 'fetch_and_store_metrics', 'scheduled__2023-08-02T00:00:00+00:00', '--job-id', '217', '--raw', '--subdir', 'DAGS_FOLDER/taxi_metrics_dag.py', '--cfg-path', '/tmp/tmpjyk5dlk2']
[2023-12-26T13:20:57.400+0545] {standard_task_runner.py:88} INFO - Job 217: Subtask fetch_and_store_metrics
[2023-12-26T13:20:57.423+0545] {task_command.py:423} INFO - Running <TaskInstance: metrics_pipeline.fetch_and_store_metrics scheduled__2023-08-02T00:00:00+00:00 [running]> on host Sarita-Thinkpad
[2023-12-26T13:20:57.476+0545] {taskinstance.py:2481} INFO - Exporting env vars: AIRFLOW_CTX_DAG_OWNER='airflow' AIRFLOW_CTX_DAG_ID='metrics_pipeline' AIRFLOW_CTX_TASK_ID='fetch_and_store_metrics' AIRFLOW_CTX_EXECUTION_DATE='2023-08-02T00:00:00+00:00' AIRFLOW_CTX_TRY_NUMBER='1' AIRFLOW_CTX_DAG_RUN_ID='scheduled__2023-08-02T00:00:00+00:00'
[2023-12-26T13:20:57.492+0545] {python.py:201} INFO - Done. Returned value was: None
[2023-12-26T13:20:57.505+0545] {taskinstance.py:1138} INFO - Marking task as SUCCESS. dag_id=metrics_pipeline, task_id=fetch_and_store_metrics, execution_date=20230802T000000, start_date=20231226T073557, end_date=20231226T073557
[2023-12-26T13:20:57.531+0545] {local_task_job_runner.py:234} INFO - Task exited with return code 0
[2023-12-26T13:20:57.542+0545] {taskinstance.py:3281} INFO - 0 downstream tasks scheduled from follow-on schedule check
[2023-12-27T12:40:06.441+0545] {taskinstance.py:1957} INFO - Dependencies all met for dep_context=non-requeueable deps ti=<TaskInstance: metrics_pipeline.fetch_and_store_metrics scheduled__2023-08-02T00:00:00+00:00 [queued]>
[2023-12-27T12:40:06.446+0545] {taskinstance.py:1957} INFO - Dependencies all met for dep_context=requeueable deps ti=<TaskInstance: metrics_pipeline.fetch_and_store_metrics scheduled__2023-08-02T00:00:00+00:00 [queued]>
[2023-12-27T12:40:06.446+0545] {taskinstance.py:2171} INFO - Starting attempt 1 of 2
[2023-12-27T12:40:06.459+0545] {taskinstance.py:2192} INFO - Executing <Task(PythonOperator): fetch_and_store_metrics> on 2023-08-02 00:00:00+00:00
[2023-12-27T12:40:06.461+0545] {standard_task_runner.py:60} INFO - Started process 15572 to run task
[2023-12-27T12:40:06.462+0545] {standard_task_runner.py:87} INFO - Running: ['airflow', 'tasks', 'run', 'metrics_pipeline', 'fetch_and_store_metrics', 'scheduled__2023-08-02T00:00:00+00:00', '--job-id', '437', '--raw', '--subdir', 'DAGS_FOLDER/taxi_metrics_dag.py', '--cfg-path', '/tmp/tmp3t2w0e27']
[2023-12-27T12:40:06.463+0545] {standard_task_runner.py:88} INFO - Job 437: Subtask fetch_and_store_metrics
[2023-12-27T12:40:06.486+0545] {task_command.py:423} INFO - Running <TaskInstance: metrics_pipeline.fetch_and_store_metrics scheduled__2023-08-02T00:00:00+00:00 [running]> on host Sarita-Thinkpad
[2023-12-27T12:40:06.535+0545] {taskinstance.py:2481} INFO - Exporting env vars: AIRFLOW_CTX_DAG_OWNER='airflow' AIRFLOW_CTX_DAG_ID='metrics_pipeline' AIRFLOW_CTX_TASK_ID='fetch_and_store_metrics' AIRFLOW_CTX_EXECUTION_DATE='2023-08-02T00:00:00+00:00' AIRFLOW_CTX_TRY_NUMBER='1' AIRFLOW_CTX_DAG_RUN_ID='scheduled__2023-08-02T00:00:00+00:00'
[2023-12-27T12:40:06.536+0545] {taxi_metrics_dag.py:61} INFO - Getting Clickhouse Data.......
[2023-12-27T12:40:16.169+0545] {taxi_metrics_dag.py:63} INFO - Inserting Data into SQLite.....
[2023-12-27T12:40:16.202+0545] {taxi_metrics_dag.py:56} INFO - Successfully inserted data into SQLite!!
[2023-12-27T12:40:16.202+0545] {taxi_metrics_dag.py:65} INFO - Task completed successfully!!
[2023-12-27T12:40:16.202+0545] {python.py:201} INFO - Done. Returned value was: None
[2023-12-27T12:40:16.208+0545] {taskinstance.py:1138} INFO - Marking task as SUCCESS. dag_id=metrics_pipeline, task_id=fetch_and_store_metrics, execution_date=20230802T000000, start_date=20231227T065506, end_date=20231227T065516
[2023-12-27T12:40:16.242+0545] {local_task_job_runner.py:234} INFO - Task exited with return code 0
[2023-12-27T12:40:16.249+0545] {taskinstance.py:3281} INFO - 0 downstream tasks scheduled from follow-on schedule check
