[2023-12-26T13:17:51.637+0545] {taskinstance.py:1957} INFO - Dependencies all met for dep_context=non-requeueable deps ti=<TaskInstance: metrics_pipeline.fetch_and_store_metrics scheduled__2023-06-02T00:00:00+00:00 [queued]>
[2023-12-26T13:17:51.642+0545] {taskinstance.py:1957} INFO - Dependencies all met for dep_context=requeueable deps ti=<TaskInstance: metrics_pipeline.fetch_and_store_metrics scheduled__2023-06-02T00:00:00+00:00 [queued]>
[2023-12-26T13:17:51.643+0545] {taskinstance.py:2171} INFO - Starting attempt 1 of 2
[2023-12-26T13:17:51.654+0545] {taskinstance.py:2192} INFO - Executing <Task(PythonOperator): fetch_and_store_metrics> on 2023-06-02 00:00:00+00:00
[2023-12-26T13:17:51.657+0545] {standard_task_runner.py:60} INFO - Started process 27010 to run task
[2023-12-26T13:17:51.659+0545] {standard_task_runner.py:87} INFO - Running: ['airflow', 'tasks', 'run', 'metrics_pipeline', 'fetch_and_store_metrics', 'scheduled__2023-06-02T00:00:00+00:00', '--job-id', '156', '--raw', '--subdir', 'DAGS_FOLDER/taxi_metrics_dag.py', '--cfg-path', '/tmp/tmpeh7pfz1d']
[2023-12-26T13:17:51.659+0545] {standard_task_runner.py:88} INFO - Job 156: Subtask fetch_and_store_metrics
[2023-12-26T13:17:51.682+0545] {task_command.py:423} INFO - Running <TaskInstance: metrics_pipeline.fetch_and_store_metrics scheduled__2023-06-02T00:00:00+00:00 [running]> on host Sarita-Thinkpad
[2023-12-26T13:17:51.734+0545] {taskinstance.py:2481} INFO - Exporting env vars: AIRFLOW_CTX_DAG_OWNER='airflow' AIRFLOW_CTX_DAG_ID='metrics_pipeline' AIRFLOW_CTX_TASK_ID='fetch_and_store_metrics' AIRFLOW_CTX_EXECUTION_DATE='2023-06-02T00:00:00+00:00' AIRFLOW_CTX_TRY_NUMBER='1' AIRFLOW_CTX_DAG_RUN_ID='scheduled__2023-06-02T00:00:00+00:00'
[2023-12-26T13:17:51.749+0545] {python.py:201} INFO - Done. Returned value was: None
[2023-12-26T13:17:51.760+0545] {taskinstance.py:1138} INFO - Marking task as SUCCESS. dag_id=metrics_pipeline, task_id=fetch_and_store_metrics, execution_date=20230602T000000, start_date=20231226T073251, end_date=20231226T073251
[2023-12-26T13:17:51.790+0545] {local_task_job_runner.py:234} INFO - Task exited with return code 0
[2023-12-26T13:17:51.799+0545] {taskinstance.py:3281} INFO - 0 downstream tasks scheduled from follow-on schedule check
[2023-12-27T12:14:06.195+0545] {taskinstance.py:1957} INFO - Dependencies all met for dep_context=non-requeueable deps ti=<TaskInstance: metrics_pipeline.fetch_and_store_metrics scheduled__2023-06-02T00:00:00+00:00 [queued]>
[2023-12-27T12:14:06.201+0545] {taskinstance.py:1957} INFO - Dependencies all met for dep_context=requeueable deps ti=<TaskInstance: metrics_pipeline.fetch_and_store_metrics scheduled__2023-06-02T00:00:00+00:00 [queued]>
[2023-12-27T12:14:06.201+0545] {taskinstance.py:2171} INFO - Starting attempt 1 of 2
[2023-12-27T12:14:06.215+0545] {taskinstance.py:2192} INFO - Executing <Task(PythonOperator): fetch_and_store_metrics> on 2023-06-02 00:00:00+00:00
[2023-12-27T12:14:06.217+0545] {standard_task_runner.py:60} INFO - Started process 12714 to run task
[2023-12-27T12:14:06.219+0545] {standard_task_runner.py:87} INFO - Running: ['airflow', 'tasks', 'run', 'metrics_pipeline', 'fetch_and_store_metrics', 'scheduled__2023-06-02T00:00:00+00:00', '--job-id', '362', '--raw', '--subdir', 'DAGS_FOLDER/taxi_metrics_dag.py', '--cfg-path', '/tmp/tmpl3t80lcu']
[2023-12-27T12:14:06.219+0545] {standard_task_runner.py:88} INFO - Job 362: Subtask fetch_and_store_metrics
[2023-12-27T12:14:06.253+0545] {task_command.py:423} INFO - Running <TaskInstance: metrics_pipeline.fetch_and_store_metrics scheduled__2023-06-02T00:00:00+00:00 [running]> on host Sarita-Thinkpad
[2023-12-27T12:14:06.320+0545] {taskinstance.py:2481} INFO - Exporting env vars: AIRFLOW_CTX_DAG_OWNER='airflow' AIRFLOW_CTX_DAG_ID='metrics_pipeline' AIRFLOW_CTX_TASK_ID='fetch_and_store_metrics' AIRFLOW_CTX_EXECUTION_DATE='2023-06-02T00:00:00+00:00' AIRFLOW_CTX_TRY_NUMBER='1' AIRFLOW_CTX_DAG_RUN_ID='scheduled__2023-06-02T00:00:00+00:00'
[2023-12-27T12:14:06.321+0545] {taxi_metrics_dag.py:61} INFO - Getting Clickhouse Data.......
[2023-12-27T12:14:12.192+0545] {taxi_metrics_dag.py:67} ERROR - Could not complete the process..:HTTPDriver for https://github.demo.trial.altinity.cloud:8443 returned response code 400)
 Code: 62. DB::Exception: Syntax error (Multi-statements are not allowed): failed at position 1290 (end of query) (line 23, col 11): ;

 FORMAT Native. . (SYNTAX_ERROR) (version 23.10.5.20 (official build))

[2023-12-27T12:14:12.192+0545] {python.py:201} INFO - Done. Returned value was: None
[2023-12-27T12:14:12.205+0545] {taskinstance.py:1138} INFO - Marking task as SUCCESS. dag_id=metrics_pipeline, task_id=fetch_and_store_metrics, execution_date=20230602T000000, start_date=20231227T062906, end_date=20231227T062912
[2023-12-27T12:14:12.270+0545] {local_task_job_runner.py:234} INFO - Task exited with return code 0
[2023-12-27T12:14:12.296+0545] {taskinstance.py:3281} INFO - 0 downstream tasks scheduled from follow-on schedule check
