[2023-12-26T13:22:26.977+0545] {taskinstance.py:1957} INFO - Dependencies all met for dep_context=non-requeueable deps ti=<TaskInstance: metrics_pipeline.fetch_and_store_metrics scheduled__2023-09-02T00:00:00+00:00 [queued]>
[2023-12-26T13:22:26.981+0545] {taskinstance.py:1957} INFO - Dependencies all met for dep_context=requeueable deps ti=<TaskInstance: metrics_pipeline.fetch_and_store_metrics scheduled__2023-09-02T00:00:00+00:00 [queued]>
[2023-12-26T13:22:26.981+0545] {taskinstance.py:2171} INFO - Starting attempt 1 of 2
[2023-12-26T13:22:26.994+0545] {taskinstance.py:2192} INFO - Executing <Task(PythonOperator): fetch_and_store_metrics> on 2023-09-02 00:00:00+00:00
[2023-12-26T13:22:26.999+0545] {standard_task_runner.py:60} INFO - Started process 27702 to run task
[2023-12-26T13:22:27.003+0545] {standard_task_runner.py:87} INFO - Running: ['airflow', 'tasks', 'run', 'metrics_pipeline', 'fetch_and_store_metrics', 'scheduled__2023-09-02T00:00:00+00:00', '--job-id', '248', '--raw', '--subdir', 'DAGS_FOLDER/taxi_metrics_dag.py', '--cfg-path', '/tmp/tmp3nwh7e2x']
[2023-12-26T13:22:27.004+0545] {standard_task_runner.py:88} INFO - Job 248: Subtask fetch_and_store_metrics
[2023-12-26T13:22:27.029+0545] {task_command.py:423} INFO - Running <TaskInstance: metrics_pipeline.fetch_and_store_metrics scheduled__2023-09-02T00:00:00+00:00 [running]> on host Sarita-Thinkpad
[2023-12-26T13:22:27.091+0545] {taskinstance.py:2481} INFO - Exporting env vars: AIRFLOW_CTX_DAG_OWNER='airflow' AIRFLOW_CTX_DAG_ID='metrics_pipeline' AIRFLOW_CTX_TASK_ID='fetch_and_store_metrics' AIRFLOW_CTX_EXECUTION_DATE='2023-09-02T00:00:00+00:00' AIRFLOW_CTX_TRY_NUMBER='1' AIRFLOW_CTX_DAG_RUN_ID='scheduled__2023-09-02T00:00:00+00:00'
[2023-12-26T13:22:27.106+0545] {python.py:201} INFO - Done. Returned value was: None
[2023-12-26T13:22:27.110+0545] {taskinstance.py:1138} INFO - Marking task as SUCCESS. dag_id=metrics_pipeline, task_id=fetch_and_store_metrics, execution_date=20230902T000000, start_date=20231226T073726, end_date=20231226T073727
[2023-12-26T13:22:27.135+0545] {local_task_job_runner.py:234} INFO - Task exited with return code 0
[2023-12-26T13:22:27.143+0545] {taskinstance.py:3281} INFO - 0 downstream tasks scheduled from follow-on schedule check
[2023-12-27T12:44:59.967+0545] {taskinstance.py:1957} INFO - Dependencies all met for dep_context=non-requeueable deps ti=<TaskInstance: metrics_pipeline.fetch_and_store_metrics scheduled__2023-09-02T00:00:00+00:00 [queued]>
[2023-12-27T12:44:59.971+0545] {taskinstance.py:1957} INFO - Dependencies all met for dep_context=requeueable deps ti=<TaskInstance: metrics_pipeline.fetch_and_store_metrics scheduled__2023-09-02T00:00:00+00:00 [queued]>
[2023-12-27T12:44:59.971+0545] {taskinstance.py:2171} INFO - Starting attempt 1 of 2
[2023-12-27T12:44:59.983+0545] {taskinstance.py:2192} INFO - Executing <Task(PythonOperator): fetch_and_store_metrics> on 2023-09-02 00:00:00+00:00
[2023-12-27T12:44:59.985+0545] {standard_task_runner.py:60} INFO - Started process 17033 to run task
[2023-12-27T12:44:59.987+0545] {standard_task_runner.py:87} INFO - Running: ['airflow', 'tasks', 'run', 'metrics_pipeline', 'fetch_and_store_metrics', 'scheduled__2023-09-02T00:00:00+00:00', '--job-id', '470', '--raw', '--subdir', 'DAGS_FOLDER/taxi_metrics_dag.py', '--cfg-path', '/tmp/tmp03wm4jmx']
[2023-12-27T12:44:59.988+0545] {standard_task_runner.py:88} INFO - Job 470: Subtask fetch_and_store_metrics
[2023-12-27T12:45:00.012+0545] {task_command.py:423} INFO - Running <TaskInstance: metrics_pipeline.fetch_and_store_metrics scheduled__2023-09-02T00:00:00+00:00 [running]> on host Sarita-Thinkpad
[2023-12-27T12:45:00.058+0545] {taskinstance.py:2481} INFO - Exporting env vars: AIRFLOW_CTX_DAG_OWNER='airflow' AIRFLOW_CTX_DAG_ID='metrics_pipeline' AIRFLOW_CTX_TASK_ID='fetch_and_store_metrics' AIRFLOW_CTX_EXECUTION_DATE='2023-09-02T00:00:00+00:00' AIRFLOW_CTX_TRY_NUMBER='1' AIRFLOW_CTX_DAG_RUN_ID='scheduled__2023-09-02T00:00:00+00:00'
[2023-12-27T12:45:00.059+0545] {taxi_metrics_dag.py:62} INFO - Getting Clickhouse Data.......
[2023-12-27T12:45:04.299+0545] {taxi_metrics_dag.py:64} INFO - Inserting Data into SQLite.....
[2023-12-27T12:45:04.370+0545] {taxi_metrics_dag.py:57} INFO - Successfully inserted data into SQLite!!
[2023-12-27T12:45:04.370+0545] {taxi_metrics_dag.py:66} INFO - Task completed successfully!!
[2023-12-27T12:45:04.371+0545] {python.py:201} INFO - Done. Returned value was: None
[2023-12-27T12:45:04.374+0545] {taskinstance.py:1138} INFO - Marking task as SUCCESS. dag_id=metrics_pipeline, task_id=fetch_and_store_metrics, execution_date=20230902T000000, start_date=20231227T065959, end_date=20231227T070004
[2023-12-27T12:45:04.499+0545] {local_task_job_runner.py:234} INFO - Task exited with return code 0
[2023-12-27T12:45:04.513+0545] {taskinstance.py:3281} INFO - 0 downstream tasks scheduled from follow-on schedule check
