[2023-12-26T13:21:11.167+0545] {taskinstance.py:1957} INFO - Dependencies all met for dep_context=non-requeueable deps ti=<TaskInstance: metrics_pipeline.fetch_and_store_metrics scheduled__2023-08-07T00:00:00+00:00 [queued]>
[2023-12-26T13:21:11.171+0545] {taskinstance.py:1957} INFO - Dependencies all met for dep_context=requeueable deps ti=<TaskInstance: metrics_pipeline.fetch_and_store_metrics scheduled__2023-08-07T00:00:00+00:00 [queued]>
[2023-12-26T13:21:11.171+0545] {taskinstance.py:2171} INFO - Starting attempt 1 of 2
[2023-12-26T13:21:11.183+0545] {taskinstance.py:2192} INFO - Executing <Task(PythonOperator): fetch_and_store_metrics> on 2023-08-07 00:00:00+00:00
[2023-12-26T13:21:11.185+0545] {standard_task_runner.py:60} INFO - Started process 27519 to run task
[2023-12-26T13:21:11.187+0545] {standard_task_runner.py:87} INFO - Running: ['airflow', 'tasks', 'run', 'metrics_pipeline', 'fetch_and_store_metrics', 'scheduled__2023-08-07T00:00:00+00:00', '--job-id', '222', '--raw', '--subdir', 'DAGS_FOLDER/taxi_metrics_dag.py', '--cfg-path', '/tmp/tmp5nexn8p3']
[2023-12-26T13:21:11.188+0545] {standard_task_runner.py:88} INFO - Job 222: Subtask fetch_and_store_metrics
[2023-12-26T13:21:11.211+0545] {task_command.py:423} INFO - Running <TaskInstance: metrics_pipeline.fetch_and_store_metrics scheduled__2023-08-07T00:00:00+00:00 [running]> on host Sarita-Thinkpad
[2023-12-26T13:21:11.262+0545] {taskinstance.py:2481} INFO - Exporting env vars: AIRFLOW_CTX_DAG_OWNER='airflow' AIRFLOW_CTX_DAG_ID='metrics_pipeline' AIRFLOW_CTX_TASK_ID='fetch_and_store_metrics' AIRFLOW_CTX_EXECUTION_DATE='2023-08-07T00:00:00+00:00' AIRFLOW_CTX_TRY_NUMBER='1' AIRFLOW_CTX_DAG_RUN_ID='scheduled__2023-08-07T00:00:00+00:00'
[2023-12-26T13:21:11.277+0545] {python.py:201} INFO - Done. Returned value was: None
[2023-12-26T13:21:11.281+0545] {taskinstance.py:1138} INFO - Marking task as SUCCESS. dag_id=metrics_pipeline, task_id=fetch_and_store_metrics, execution_date=20230807T000000, start_date=20231226T073611, end_date=20231226T073611
[2023-12-26T13:21:11.319+0545] {local_task_job_runner.py:234} INFO - Task exited with return code 0
[2023-12-26T13:21:11.329+0545] {taskinstance.py:3281} INFO - 0 downstream tasks scheduled from follow-on schedule check
[2023-12-27T09:52:39.484+0545] {taskinstance.py:1957} INFO - Dependencies all met for dep_context=non-requeueable deps ti=<TaskInstance: metrics_pipeline.fetch_and_store_metrics scheduled__2023-08-07T00:00:00+00:00 [queued]>
[2023-12-27T09:52:39.488+0545] {taskinstance.py:1957} INFO - Dependencies all met for dep_context=requeueable deps ti=<TaskInstance: metrics_pipeline.fetch_and_store_metrics scheduled__2023-08-07T00:00:00+00:00 [queued]>
[2023-12-27T09:52:39.488+0545] {taskinstance.py:2171} INFO - Starting attempt 1 of 2
[2023-12-27T09:52:39.501+0545] {taskinstance.py:2192} INFO - Executing <Task(PythonOperator): fetch_and_store_metrics> on 2023-08-07 00:00:00+00:00
[2023-12-27T09:52:39.502+0545] {standard_task_runner.py:60} INFO - Started process 9026 to run task
[2023-12-27T09:52:39.504+0545] {standard_task_runner.py:87} INFO - Running: ['airflow', 'tasks', 'run', 'metrics_pipeline', 'fetch_and_store_metrics', 'scheduled__2023-08-07T00:00:00+00:00', '--job-id', '323', '--raw', '--subdir', 'DAGS_FOLDER/taxi_metrics_dag.py', '--cfg-path', '/tmp/tmpy79ae9ut']
[2023-12-27T09:52:39.505+0545] {standard_task_runner.py:88} INFO - Job 323: Subtask fetch_and_store_metrics
[2023-12-27T09:52:39.554+0545] {task_command.py:423} INFO - Running <TaskInstance: metrics_pipeline.fetch_and_store_metrics scheduled__2023-08-07T00:00:00+00:00 [running]> on host Sarita-Thinkpad
[2023-12-27T09:52:39.600+0545] {taskinstance.py:2481} INFO - Exporting env vars: AIRFLOW_CTX_DAG_OWNER='airflow' AIRFLOW_CTX_DAG_ID='metrics_pipeline' AIRFLOW_CTX_TASK_ID='fetch_and_store_metrics' AIRFLOW_CTX_EXECUTION_DATE='2023-08-07T00:00:00+00:00' AIRFLOW_CTX_TRY_NUMBER='1' AIRFLOW_CTX_DAG_RUN_ID='scheduled__2023-08-07T00:00:00+00:00'
[2023-12-27T09:52:41.949+0545] {logging_mixin.py:188} INFO - <sqlalchemy.engine.cursor.LegacyCursorResult object at 0x7f0de97270d0>
[2023-12-27T09:52:41.964+0545] {logging_mixin.py:188} INFO - <sqlalchemy.engine.cursor.LegacyCursorResult object at 0x7f0de97106a0>
[2023-12-27T09:52:41.979+0545] {logging_mixin.py:188} INFO - <sqlalchemy.engine.cursor.LegacyCursorResult object at 0x7f0de9727e50>
[2023-12-27T09:52:41.994+0545] {logging_mixin.py:188} INFO - <sqlalchemy.engine.cursor.LegacyCursorResult object at 0x7f0de96ccac0>
[2023-12-27T09:52:42.008+0545] {logging_mixin.py:188} INFO - <sqlalchemy.engine.cursor.LegacyCursorResult object at 0x7f0de96d7f70>
[2023-12-27T09:52:42.023+0545] {logging_mixin.py:188} INFO - <sqlalchemy.engine.cursor.LegacyCursorResult object at 0x7f0de9666fa0>
[2023-12-27T09:52:42.038+0545] {logging_mixin.py:188} INFO - <sqlalchemy.engine.cursor.LegacyCursorResult object at 0x7f0de96a4f70>
[2023-12-27T09:52:42.056+0545] {logging_mixin.py:188} INFO - <sqlalchemy.engine.cursor.LegacyCursorResult object at 0x7f0de967c130>
[2023-12-27T09:52:42.081+0545] {logging_mixin.py:188} INFO - <sqlalchemy.engine.cursor.LegacyCursorResult object at 0x7f0de96a7e50>
[2023-12-27T09:52:42.105+0545] {logging_mixin.py:188} INFO - <sqlalchemy.engine.cursor.LegacyCursorResult object at 0x7f0de9683e50>
[2023-12-27T09:52:42.128+0545] {logging_mixin.py:188} INFO - <sqlalchemy.engine.cursor.LegacyCursorResult object at 0x7f0de96b52e0>
[2023-12-27T09:52:42.152+0545] {logging_mixin.py:188} INFO - <sqlalchemy.engine.cursor.LegacyCursorResult object at 0x7f0de96a40d0>
[2023-12-27T09:52:42.175+0545] {logging_mixin.py:188} INFO - <sqlalchemy.engine.cursor.LegacyCursorResult object at 0x7f0de967cdf0>
[2023-12-27T09:52:42.176+0545] {python.py:201} INFO - Done. Returned value was: None
[2023-12-27T09:52:42.179+0545] {taskinstance.py:1138} INFO - Marking task as SUCCESS. dag_id=metrics_pipeline, task_id=fetch_and_store_metrics, execution_date=20230807T000000, start_date=20231227T040739, end_date=20231227T040742
[2023-12-27T09:52:42.206+0545] {local_task_job_runner.py:234} INFO - Task exited with return code 0
[2023-12-27T09:52:42.215+0545] {taskinstance.py:3281} INFO - 0 downstream tasks scheduled from follow-on schedule check
[2023-12-27T12:40:55.951+0545] {taskinstance.py:1957} INFO - Dependencies all met for dep_context=non-requeueable deps ti=<TaskInstance: metrics_pipeline.fetch_and_store_metrics scheduled__2023-08-07T00:00:00+00:00 [queued]>
[2023-12-27T12:40:55.955+0545] {taskinstance.py:1957} INFO - Dependencies all met for dep_context=requeueable deps ti=<TaskInstance: metrics_pipeline.fetch_and_store_metrics scheduled__2023-08-07T00:00:00+00:00 [queued]>
[2023-12-27T12:40:55.955+0545] {taskinstance.py:2171} INFO - Starting attempt 1 of 2
[2023-12-27T12:40:55.968+0545] {taskinstance.py:2192} INFO - Executing <Task(PythonOperator): fetch_and_store_metrics> on 2023-08-07 00:00:00+00:00
[2023-12-27T12:40:55.970+0545] {standard_task_runner.py:60} INFO - Started process 15628 to run task
[2023-12-27T12:40:55.972+0545] {standard_task_runner.py:87} INFO - Running: ['airflow', 'tasks', 'run', 'metrics_pipeline', 'fetch_and_store_metrics', 'scheduled__2023-08-07T00:00:00+00:00', '--job-id', '442', '--raw', '--subdir', 'DAGS_FOLDER/taxi_metrics_dag.py', '--cfg-path', '/tmp/tmp5gsgnamb']
[2023-12-27T12:40:55.972+0545] {standard_task_runner.py:88} INFO - Job 442: Subtask fetch_and_store_metrics
[2023-12-27T12:40:55.997+0545] {task_command.py:423} INFO - Running <TaskInstance: metrics_pipeline.fetch_and_store_metrics scheduled__2023-08-07T00:00:00+00:00 [running]> on host Sarita-Thinkpad
[2023-12-27T12:40:56.045+0545] {taskinstance.py:2481} INFO - Exporting env vars: AIRFLOW_CTX_DAG_OWNER='airflow' AIRFLOW_CTX_DAG_ID='metrics_pipeline' AIRFLOW_CTX_TASK_ID='fetch_and_store_metrics' AIRFLOW_CTX_EXECUTION_DATE='2023-08-07T00:00:00+00:00' AIRFLOW_CTX_TRY_NUMBER='1' AIRFLOW_CTX_DAG_RUN_ID='scheduled__2023-08-07T00:00:00+00:00'
[2023-12-27T12:40:56.046+0545] {taxi_metrics_dag.py:61} INFO - Getting Clickhouse Data.......
[2023-12-27T12:41:06.055+0545] {taxi_metrics_dag.py:63} INFO - Inserting Data into SQLite.....
[2023-12-27T12:41:06.079+0545] {taxi_metrics_dag.py:56} INFO - Successfully inserted data into SQLite!!
[2023-12-27T12:41:06.079+0545] {taxi_metrics_dag.py:65} INFO - Task completed successfully!!
[2023-12-27T12:41:06.080+0545] {python.py:201} INFO - Done. Returned value was: None
[2023-12-27T12:41:06.086+0545] {taskinstance.py:1138} INFO - Marking task as SUCCESS. dag_id=metrics_pipeline, task_id=fetch_and_store_metrics, execution_date=20230807T000000, start_date=20231227T065555, end_date=20231227T065606
[2023-12-27T12:41:06.107+0545] {local_task_job_runner.py:234} INFO - Task exited with return code 0
[2023-12-27T12:41:06.114+0545] {taskinstance.py:3281} INFO - 0 downstream tasks scheduled from follow-on schedule check
