[2023-12-26T13:20:38.958+0545] {taskinstance.py:1957} INFO - Dependencies all met for dep_context=non-requeueable deps ti=<TaskInstance: metrics_pipeline.fetch_and_store_metrics scheduled__2023-07-27T00:00:00+00:00 [queued]>
[2023-12-26T13:20:38.963+0545] {taskinstance.py:1957} INFO - Dependencies all met for dep_context=requeueable deps ti=<TaskInstance: metrics_pipeline.fetch_and_store_metrics scheduled__2023-07-27T00:00:00+00:00 [queued]>
[2023-12-26T13:20:38.963+0545] {taskinstance.py:2171} INFO - Starting attempt 1 of 2
[2023-12-26T13:20:38.975+0545] {taskinstance.py:2192} INFO - Executing <Task(PythonOperator): fetch_and_store_metrics> on 2023-07-27 00:00:00+00:00
[2023-12-26T13:20:38.977+0545] {standard_task_runner.py:60} INFO - Started process 27436 to run task
[2023-12-26T13:20:38.979+0545] {standard_task_runner.py:87} INFO - Running: ['airflow', 'tasks', 'run', 'metrics_pipeline', 'fetch_and_store_metrics', 'scheduled__2023-07-27T00:00:00+00:00', '--job-id', '211', '--raw', '--subdir', 'DAGS_FOLDER/taxi_metrics_dag.py', '--cfg-path', '/tmp/tmpj_7_i9_s']
[2023-12-26T13:20:38.979+0545] {standard_task_runner.py:88} INFO - Job 211: Subtask fetch_and_store_metrics
[2023-12-26T13:20:39.004+0545] {task_command.py:423} INFO - Running <TaskInstance: metrics_pipeline.fetch_and_store_metrics scheduled__2023-07-27T00:00:00+00:00 [running]> on host Sarita-Thinkpad
[2023-12-26T13:20:39.055+0545] {taskinstance.py:2481} INFO - Exporting env vars: AIRFLOW_CTX_DAG_OWNER='airflow' AIRFLOW_CTX_DAG_ID='metrics_pipeline' AIRFLOW_CTX_TASK_ID='fetch_and_store_metrics' AIRFLOW_CTX_EXECUTION_DATE='2023-07-27T00:00:00+00:00' AIRFLOW_CTX_TRY_NUMBER='1' AIRFLOW_CTX_DAG_RUN_ID='scheduled__2023-07-27T00:00:00+00:00'
[2023-12-26T13:20:39.070+0545] {python.py:201} INFO - Done. Returned value was: None
[2023-12-26T13:20:39.073+0545] {taskinstance.py:1138} INFO - Marking task as SUCCESS. dag_id=metrics_pipeline, task_id=fetch_and_store_metrics, execution_date=20230727T000000, start_date=20231226T073538, end_date=20231226T073539
[2023-12-26T13:20:39.111+0545] {local_task_job_runner.py:234} INFO - Task exited with return code 0
[2023-12-26T13:20:39.124+0545] {taskinstance.py:3281} INFO - 0 downstream tasks scheduled from follow-on schedule check
[2023-12-27T12:35:52.280+0545] {taskinstance.py:1957} INFO - Dependencies all met for dep_context=non-requeueable deps ti=<TaskInstance: metrics_pipeline.fetch_and_store_metrics scheduled__2023-07-27T00:00:00+00:00 [queued]>
[2023-12-27T12:35:52.284+0545] {taskinstance.py:1957} INFO - Dependencies all met for dep_context=requeueable deps ti=<TaskInstance: metrics_pipeline.fetch_and_store_metrics scheduled__2023-07-27T00:00:00+00:00 [queued]>
[2023-12-27T12:35:52.285+0545] {taskinstance.py:2171} INFO - Starting attempt 1 of 2
[2023-12-27T12:35:52.297+0545] {taskinstance.py:2192} INFO - Executing <Task(PythonOperator): fetch_and_store_metrics> on 2023-07-27 00:00:00+00:00
[2023-12-27T12:35:52.299+0545] {standard_task_runner.py:60} INFO - Started process 15086 to run task
[2023-12-27T12:35:52.301+0545] {standard_task_runner.py:87} INFO - Running: ['airflow', 'tasks', 'run', 'metrics_pipeline', 'fetch_and_store_metrics', 'scheduled__2023-07-27T00:00:00+00:00', '--job-id', '430', '--raw', '--subdir', 'DAGS_FOLDER/taxi_metrics_dag.py', '--cfg-path', '/tmp/tmp90e0p1v6']
[2023-12-27T12:35:52.301+0545] {standard_task_runner.py:88} INFO - Job 430: Subtask fetch_and_store_metrics
[2023-12-27T12:35:52.325+0545] {task_command.py:423} INFO - Running <TaskInstance: metrics_pipeline.fetch_and_store_metrics scheduled__2023-07-27T00:00:00+00:00 [running]> on host Sarita-Thinkpad
[2023-12-27T12:35:52.371+0545] {taskinstance.py:2481} INFO - Exporting env vars: AIRFLOW_CTX_DAG_OWNER='airflow' AIRFLOW_CTX_DAG_ID='metrics_pipeline' AIRFLOW_CTX_TASK_ID='fetch_and_store_metrics' AIRFLOW_CTX_EXECUTION_DATE='2023-07-27T00:00:00+00:00' AIRFLOW_CTX_TRY_NUMBER='1' AIRFLOW_CTX_DAG_RUN_ID='scheduled__2023-07-27T00:00:00+00:00'
[2023-12-27T12:35:52.373+0545] {taxi_metrics_dag.py:61} INFO - Getting Clickhouse Data.......
[2023-12-27T12:35:55.754+0545] {taxi_metrics_dag.py:63} INFO - Inserting Data into SQLite.....
[2023-12-27T12:35:55.784+0545] {taxi_metrics_dag.py:56} INFO - Successfully inserted data into SQLite!!
[2023-12-27T12:35:55.784+0545] {taxi_metrics_dag.py:65} INFO - Task completed successfully!!
[2023-12-27T12:35:55.784+0545] {python.py:201} INFO - Done. Returned value was: None
[2023-12-27T12:35:55.788+0545] {taskinstance.py:1138} INFO - Marking task as SUCCESS. dag_id=metrics_pipeline, task_id=fetch_and_store_metrics, execution_date=20230727T000000, start_date=20231227T065052, end_date=20231227T065055
[2023-12-27T12:35:55.808+0545] {local_task_job_runner.py:234} INFO - Task exited with return code 0
[2023-12-27T12:35:55.821+0545] {taskinstance.py:3281} INFO - 0 downstream tasks scheduled from follow-on schedule check
