[2023-12-26T13:19:39.216+0545] {taskinstance.py:1957} INFO - Dependencies all met for dep_context=non-requeueable deps ti=<TaskInstance: metrics_pipeline.fetch_and_store_metrics scheduled__2023-07-07T00:00:00+00:00 [queued]>
[2023-12-26T13:19:39.220+0545] {taskinstance.py:1957} INFO - Dependencies all met for dep_context=requeueable deps ti=<TaskInstance: metrics_pipeline.fetch_and_store_metrics scheduled__2023-07-07T00:00:00+00:00 [queued]>
[2023-12-26T13:19:39.220+0545] {taskinstance.py:2171} INFO - Starting attempt 1 of 2
[2023-12-26T13:19:39.232+0545] {taskinstance.py:2192} INFO - Executing <Task(PythonOperator): fetch_and_store_metrics> on 2023-07-07 00:00:00+00:00
[2023-12-26T13:19:39.234+0545] {standard_task_runner.py:60} INFO - Started process 27278 to run task
[2023-12-26T13:19:39.236+0545] {standard_task_runner.py:87} INFO - Running: ['airflow', 'tasks', 'run', 'metrics_pipeline', 'fetch_and_store_metrics', 'scheduled__2023-07-07T00:00:00+00:00', '--job-id', '191', '--raw', '--subdir', 'DAGS_FOLDER/taxi_metrics_dag.py', '--cfg-path', '/tmp/tmp1t_mgp7e']
[2023-12-26T13:19:39.236+0545] {standard_task_runner.py:88} INFO - Job 191: Subtask fetch_and_store_metrics
[2023-12-26T13:19:39.260+0545] {task_command.py:423} INFO - Running <TaskInstance: metrics_pipeline.fetch_and_store_metrics scheduled__2023-07-07T00:00:00+00:00 [running]> on host Sarita-Thinkpad
[2023-12-26T13:19:39.319+0545] {taskinstance.py:2481} INFO - Exporting env vars: AIRFLOW_CTX_DAG_OWNER='airflow' AIRFLOW_CTX_DAG_ID='metrics_pipeline' AIRFLOW_CTX_TASK_ID='fetch_and_store_metrics' AIRFLOW_CTX_EXECUTION_DATE='2023-07-07T00:00:00+00:00' AIRFLOW_CTX_TRY_NUMBER='1' AIRFLOW_CTX_DAG_RUN_ID='scheduled__2023-07-07T00:00:00+00:00'
[2023-12-26T13:19:39.335+0545] {python.py:201} INFO - Done. Returned value was: None
[2023-12-26T13:19:39.339+0545] {taskinstance.py:1138} INFO - Marking task as SUCCESS. dag_id=metrics_pipeline, task_id=fetch_and_store_metrics, execution_date=20230707T000000, start_date=20231226T073439, end_date=20231226T073439
[2023-12-26T13:19:39.368+0545] {local_task_job_runner.py:234} INFO - Task exited with return code 0
[2023-12-26T13:19:39.377+0545] {taskinstance.py:3281} INFO - 0 downstream tasks scheduled from follow-on schedule check
[2023-12-27T12:19:56.927+0545] {taskinstance.py:1957} INFO - Dependencies all met for dep_context=non-requeueable deps ti=<TaskInstance: metrics_pipeline.fetch_and_store_metrics scheduled__2023-07-07T00:00:00+00:00 [queued]>
[2023-12-27T12:19:56.931+0545] {taskinstance.py:1957} INFO - Dependencies all met for dep_context=requeueable deps ti=<TaskInstance: metrics_pipeline.fetch_and_store_metrics scheduled__2023-07-07T00:00:00+00:00 [queued]>
[2023-12-27T12:19:56.931+0545] {taskinstance.py:2171} INFO - Starting attempt 1 of 2
[2023-12-27T12:19:56.946+0545] {taskinstance.py:2192} INFO - Executing <Task(PythonOperator): fetch_and_store_metrics> on 2023-07-07 00:00:00+00:00
[2023-12-27T12:19:56.948+0545] {standard_task_runner.py:60} INFO - Started process 13732 to run task
[2023-12-27T12:19:56.950+0545] {standard_task_runner.py:87} INFO - Running: ['airflow', 'tasks', 'run', 'metrics_pipeline', 'fetch_and_store_metrics', 'scheduled__2023-07-07T00:00:00+00:00', '--job-id', '397', '--raw', '--subdir', 'DAGS_FOLDER/taxi_metrics_dag.py', '--cfg-path', '/tmp/tmp9t4g57tp']
[2023-12-27T12:19:56.951+0545] {standard_task_runner.py:88} INFO - Job 397: Subtask fetch_and_store_metrics
[2023-12-27T12:19:56.974+0545] {task_command.py:423} INFO - Running <TaskInstance: metrics_pipeline.fetch_and_store_metrics scheduled__2023-07-07T00:00:00+00:00 [running]> on host Sarita-Thinkpad
[2023-12-27T12:19:57.020+0545] {taskinstance.py:2481} INFO - Exporting env vars: AIRFLOW_CTX_DAG_OWNER='airflow' AIRFLOW_CTX_DAG_ID='metrics_pipeline' AIRFLOW_CTX_TASK_ID='fetch_and_store_metrics' AIRFLOW_CTX_EXECUTION_DATE='2023-07-07T00:00:00+00:00' AIRFLOW_CTX_TRY_NUMBER='1' AIRFLOW_CTX_DAG_RUN_ID='scheduled__2023-07-07T00:00:00+00:00'
[2023-12-27T12:19:57.021+0545] {taxi_metrics_dag.py:61} INFO - Getting Clickhouse Data.......
[2023-12-27T12:20:06.182+0545] {taxi_metrics_dag.py:67} ERROR - Could not complete the process..:HTTPDriver for https://github.demo.trial.altinity.cloud:8443 returned response code 400)
 Code: 62. DB::Exception: Syntax error (Multi-statements are not allowed): failed at position 1290 (end of query) (line 23, col 11): ;

 FORMAT Native. . (SYNTAX_ERROR) (version 23.10.5.20 (official build))

[2023-12-27T12:20:06.183+0545] {python.py:201} INFO - Done. Returned value was: None
[2023-12-27T12:20:06.196+0545] {taskinstance.py:1138} INFO - Marking task as SUCCESS. dag_id=metrics_pipeline, task_id=fetch_and_store_metrics, execution_date=20230707T000000, start_date=20231227T063456, end_date=20231227T063506
[2023-12-27T12:20:06.261+0545] {local_task_job_runner.py:234} INFO - Task exited with return code 0
[2023-12-27T12:20:06.271+0545] {taskinstance.py:3281} INFO - 0 downstream tasks scheduled from follow-on schedule check
