[2023-12-26T13:22:56.477+0545] {taskinstance.py:1957} INFO - Dependencies all met for dep_context=non-requeueable deps ti=<TaskInstance: metrics_pipeline.fetch_and_store_metrics scheduled__2023-09-12T00:00:00+00:00 [queued]>
[2023-12-26T13:22:56.483+0545] {taskinstance.py:1957} INFO - Dependencies all met for dep_context=requeueable deps ti=<TaskInstance: metrics_pipeline.fetch_and_store_metrics scheduled__2023-09-12T00:00:00+00:00 [queued]>
[2023-12-26T13:22:56.483+0545] {taskinstance.py:2171} INFO - Starting attempt 1 of 2
[2023-12-26T13:22:56.495+0545] {taskinstance.py:2192} INFO - Executing <Task(PythonOperator): fetch_and_store_metrics> on 2023-09-12 00:00:00+00:00
[2023-12-26T13:22:56.497+0545] {standard_task_runner.py:60} INFO - Started process 27778 to run task
[2023-12-26T13:22:56.499+0545] {standard_task_runner.py:87} INFO - Running: ['airflow', 'tasks', 'run', 'metrics_pipeline', 'fetch_and_store_metrics', 'scheduled__2023-09-12T00:00:00+00:00', '--job-id', '258', '--raw', '--subdir', 'DAGS_FOLDER/taxi_metrics_dag.py', '--cfg-path', '/tmp/tmpbn0n1p_4']
[2023-12-26T13:22:56.500+0545] {standard_task_runner.py:88} INFO - Job 258: Subtask fetch_and_store_metrics
[2023-12-26T13:22:56.539+0545] {task_command.py:423} INFO - Running <TaskInstance: metrics_pipeline.fetch_and_store_metrics scheduled__2023-09-12T00:00:00+00:00 [running]> on host Sarita-Thinkpad
[2023-12-26T13:22:56.597+0545] {taskinstance.py:2481} INFO - Exporting env vars: AIRFLOW_CTX_DAG_OWNER='airflow' AIRFLOW_CTX_DAG_ID='metrics_pipeline' AIRFLOW_CTX_TASK_ID='fetch_and_store_metrics' AIRFLOW_CTX_EXECUTION_DATE='2023-09-12T00:00:00+00:00' AIRFLOW_CTX_TRY_NUMBER='1' AIRFLOW_CTX_DAG_RUN_ID='scheduled__2023-09-12T00:00:00+00:00'
[2023-12-26T13:22:56.612+0545] {python.py:201} INFO - Done. Returned value was: None
[2023-12-26T13:22:56.621+0545] {taskinstance.py:1138} INFO - Marking task as SUCCESS. dag_id=metrics_pipeline, task_id=fetch_and_store_metrics, execution_date=20230912T000000, start_date=20231226T073756, end_date=20231226T073756
[2023-12-26T13:22:56.671+0545] {local_task_job_runner.py:234} INFO - Task exited with return code 0
[2023-12-26T13:22:56.681+0545] {taskinstance.py:3281} INFO - 0 downstream tasks scheduled from follow-on schedule check
[2023-12-27T12:46:26.266+0545] {taskinstance.py:1957} INFO - Dependencies all met for dep_context=non-requeueable deps ti=<TaskInstance: metrics_pipeline.fetch_and_store_metrics scheduled__2023-09-12T00:00:00+00:00 [queued]>
[2023-12-27T12:46:26.270+0545] {taskinstance.py:1957} INFO - Dependencies all met for dep_context=requeueable deps ti=<TaskInstance: metrics_pipeline.fetch_and_store_metrics scheduled__2023-09-12T00:00:00+00:00 [queued]>
[2023-12-27T12:46:26.270+0545] {taskinstance.py:2171} INFO - Starting attempt 1 of 2
[2023-12-27T12:46:26.282+0545] {taskinstance.py:2192} INFO - Executing <Task(PythonOperator): fetch_and_store_metrics> on 2023-09-12 00:00:00+00:00
[2023-12-27T12:46:26.285+0545] {standard_task_runner.py:60} INFO - Started process 17145 to run task
[2023-12-27T12:46:26.287+0545] {standard_task_runner.py:87} INFO - Running: ['airflow', 'tasks', 'run', 'metrics_pipeline', 'fetch_and_store_metrics', 'scheduled__2023-09-12T00:00:00+00:00', '--job-id', '480', '--raw', '--subdir', 'DAGS_FOLDER/taxi_metrics_dag.py', '--cfg-path', '/tmp/tmpb6fdbgcl']
[2023-12-27T12:46:26.287+0545] {standard_task_runner.py:88} INFO - Job 480: Subtask fetch_and_store_metrics
[2023-12-27T12:46:26.335+0545] {task_command.py:423} INFO - Running <TaskInstance: metrics_pipeline.fetch_and_store_metrics scheduled__2023-09-12T00:00:00+00:00 [running]> on host Sarita-Thinkpad
[2023-12-27T12:46:26.388+0545] {taskinstance.py:2481} INFO - Exporting env vars: AIRFLOW_CTX_DAG_OWNER='airflow' AIRFLOW_CTX_DAG_ID='metrics_pipeline' AIRFLOW_CTX_TASK_ID='fetch_and_store_metrics' AIRFLOW_CTX_EXECUTION_DATE='2023-09-12T00:00:00+00:00' AIRFLOW_CTX_TRY_NUMBER='1' AIRFLOW_CTX_DAG_RUN_ID='scheduled__2023-09-12T00:00:00+00:00'
[2023-12-27T12:46:26.390+0545] {taxi_metrics_dag.py:62} INFO - Getting Clickhouse Data.......
[2023-12-27T12:46:31.048+0545] {taxi_metrics_dag.py:64} INFO - Inserting Data into SQLite.....
[2023-12-27T12:46:31.082+0545] {taxi_metrics_dag.py:57} INFO - Successfully inserted data into SQLite!!
[2023-12-27T12:46:31.082+0545] {taxi_metrics_dag.py:66} INFO - Task completed successfully!!
[2023-12-27T12:46:31.082+0545] {python.py:201} INFO - Done. Returned value was: None
[2023-12-27T12:46:31.094+0545] {taskinstance.py:1138} INFO - Marking task as SUCCESS. dag_id=metrics_pipeline, task_id=fetch_and_store_metrics, execution_date=20230912T000000, start_date=20231227T070126, end_date=20231227T070131
[2023-12-27T12:46:31.117+0545] {local_task_job_runner.py:234} INFO - Task exited with return code 0
[2023-12-27T12:46:31.127+0545] {taskinstance.py:3281} INFO - 0 downstream tasks scheduled from follow-on schedule check
