[2023-12-26T13:19:41.645+0545] {taskinstance.py:1957} INFO - Dependencies all met for dep_context=non-requeueable deps ti=<TaskInstance: metrics_pipeline.fetch_and_store_metrics scheduled__2023-07-08T00:00:00+00:00 [queued]>
[2023-12-26T13:19:41.650+0545] {taskinstance.py:1957} INFO - Dependencies all met for dep_context=requeueable deps ti=<TaskInstance: metrics_pipeline.fetch_and_store_metrics scheduled__2023-07-08T00:00:00+00:00 [queued]>
[2023-12-26T13:19:41.650+0545] {taskinstance.py:2171} INFO - Starting attempt 1 of 2
[2023-12-26T13:19:41.662+0545] {taskinstance.py:2192} INFO - Executing <Task(PythonOperator): fetch_and_store_metrics> on 2023-07-08 00:00:00+00:00
[2023-12-26T13:19:41.664+0545] {standard_task_runner.py:60} INFO - Started process 27284 to run task
[2023-12-26T13:19:41.666+0545] {standard_task_runner.py:87} INFO - Running: ['airflow', 'tasks', 'run', 'metrics_pipeline', 'fetch_and_store_metrics', 'scheduled__2023-07-08T00:00:00+00:00', '--job-id', '192', '--raw', '--subdir', 'DAGS_FOLDER/taxi_metrics_dag.py', '--cfg-path', '/tmp/tmpa0f1w5p0']
[2023-12-26T13:19:41.667+0545] {standard_task_runner.py:88} INFO - Job 192: Subtask fetch_and_store_metrics
[2023-12-26T13:19:41.691+0545] {task_command.py:423} INFO - Running <TaskInstance: metrics_pipeline.fetch_and_store_metrics scheduled__2023-07-08T00:00:00+00:00 [running]> on host Sarita-Thinkpad
[2023-12-26T13:19:41.742+0545] {taskinstance.py:2481} INFO - Exporting env vars: AIRFLOW_CTX_DAG_OWNER='airflow' AIRFLOW_CTX_DAG_ID='metrics_pipeline' AIRFLOW_CTX_TASK_ID='fetch_and_store_metrics' AIRFLOW_CTX_EXECUTION_DATE='2023-07-08T00:00:00+00:00' AIRFLOW_CTX_TRY_NUMBER='1' AIRFLOW_CTX_DAG_RUN_ID='scheduled__2023-07-08T00:00:00+00:00'
[2023-12-26T13:19:41.757+0545] {python.py:201} INFO - Done. Returned value was: None
[2023-12-26T13:19:41.760+0545] {taskinstance.py:1138} INFO - Marking task as SUCCESS. dag_id=metrics_pipeline, task_id=fetch_and_store_metrics, execution_date=20230708T000000, start_date=20231226T073441, end_date=20231226T073441
[2023-12-26T13:19:41.798+0545] {local_task_job_runner.py:234} INFO - Task exited with return code 0
[2023-12-26T13:19:41.813+0545] {taskinstance.py:3281} INFO - 0 downstream tasks scheduled from follow-on schedule check
[2023-12-27T12:20:08.391+0545] {taskinstance.py:1957} INFO - Dependencies all met for dep_context=non-requeueable deps ti=<TaskInstance: metrics_pipeline.fetch_and_store_metrics scheduled__2023-07-08T00:00:00+00:00 [queued]>
[2023-12-27T12:20:08.395+0545] {taskinstance.py:1957} INFO - Dependencies all met for dep_context=requeueable deps ti=<TaskInstance: metrics_pipeline.fetch_and_store_metrics scheduled__2023-07-08T00:00:00+00:00 [queued]>
[2023-12-27T12:20:08.395+0545] {taskinstance.py:2171} INFO - Starting attempt 1 of 2
[2023-12-27T12:20:08.407+0545] {taskinstance.py:2192} INFO - Executing <Task(PythonOperator): fetch_and_store_metrics> on 2023-07-08 00:00:00+00:00
[2023-12-27T12:20:08.409+0545] {standard_task_runner.py:60} INFO - Started process 13737 to run task
[2023-12-27T12:20:08.411+0545] {standard_task_runner.py:87} INFO - Running: ['airflow', 'tasks', 'run', 'metrics_pipeline', 'fetch_and_store_metrics', 'scheduled__2023-07-08T00:00:00+00:00', '--job-id', '398', '--raw', '--subdir', 'DAGS_FOLDER/taxi_metrics_dag.py', '--cfg-path', '/tmp/tmpf9djdef3']
[2023-12-27T12:20:08.411+0545] {standard_task_runner.py:88} INFO - Job 398: Subtask fetch_and_store_metrics
[2023-12-27T12:20:08.434+0545] {task_command.py:423} INFO - Running <TaskInstance: metrics_pipeline.fetch_and_store_metrics scheduled__2023-07-08T00:00:00+00:00 [running]> on host Sarita-Thinkpad
[2023-12-27T12:20:08.480+0545] {taskinstance.py:2481} INFO - Exporting env vars: AIRFLOW_CTX_DAG_OWNER='airflow' AIRFLOW_CTX_DAG_ID='metrics_pipeline' AIRFLOW_CTX_TASK_ID='fetch_and_store_metrics' AIRFLOW_CTX_EXECUTION_DATE='2023-07-08T00:00:00+00:00' AIRFLOW_CTX_TRY_NUMBER='1' AIRFLOW_CTX_DAG_RUN_ID='scheduled__2023-07-08T00:00:00+00:00'
[2023-12-27T12:20:08.481+0545] {taxi_metrics_dag.py:61} INFO - Getting Clickhouse Data.......
[2023-12-27T12:20:15.920+0545] {taxi_metrics_dag.py:67} ERROR - Could not complete the process..:HTTPDriver for https://github.demo.trial.altinity.cloud:8443 returned response code 400)
 Code: 62. DB::Exception: Syntax error (Multi-statements are not allowed): failed at position 1290 (end of query) (line 23, col 11): ;

 FORMAT Native. . (SYNTAX_ERROR) (version 23.10.5.20 (official build))

[2023-12-27T12:20:15.921+0545] {python.py:201} INFO - Done. Returned value was: None
[2023-12-27T12:20:15.934+0545] {taskinstance.py:1138} INFO - Marking task as SUCCESS. dag_id=metrics_pipeline, task_id=fetch_and_store_metrics, execution_date=20230708T000000, start_date=20231227T063508, end_date=20231227T063515
[2023-12-27T12:20:16.001+0545] {local_task_job_runner.py:234} INFO - Task exited with return code 0
[2023-12-27T12:20:16.029+0545] {taskinstance.py:3281} INFO - 0 downstream tasks scheduled from follow-on schedule check
