[2023-12-26T13:21:45.901+0545] {taskinstance.py:1957} INFO - Dependencies all met for dep_context=non-requeueable deps ti=<TaskInstance: metrics_pipeline.fetch_and_store_metrics scheduled__2023-08-19T00:00:00+00:00 [queued]>
[2023-12-26T13:21:45.906+0545] {taskinstance.py:1957} INFO - Dependencies all met for dep_context=requeueable deps ti=<TaskInstance: metrics_pipeline.fetch_and_store_metrics scheduled__2023-08-19T00:00:00+00:00 [queued]>
[2023-12-26T13:21:45.906+0545] {taskinstance.py:2171} INFO - Starting attempt 1 of 2
[2023-12-26T13:21:45.919+0545] {taskinstance.py:2192} INFO - Executing <Task(PythonOperator): fetch_and_store_metrics> on 2023-08-19 00:00:00+00:00
[2023-12-26T13:21:45.921+0545] {standard_task_runner.py:60} INFO - Started process 27601 to run task
[2023-12-26T13:21:45.923+0545] {standard_task_runner.py:87} INFO - Running: ['airflow', 'tasks', 'run', 'metrics_pipeline', 'fetch_and_store_metrics', 'scheduled__2023-08-19T00:00:00+00:00', '--job-id', '234', '--raw', '--subdir', 'DAGS_FOLDER/taxi_metrics_dag.py', '--cfg-path', '/tmp/tmpx5j5gdl0']
[2023-12-26T13:21:45.923+0545] {standard_task_runner.py:88} INFO - Job 234: Subtask fetch_and_store_metrics
[2023-12-26T13:21:45.968+0545] {task_command.py:423} INFO - Running <TaskInstance: metrics_pipeline.fetch_and_store_metrics scheduled__2023-08-19T00:00:00+00:00 [running]> on host Sarita-Thinkpad
[2023-12-26T13:21:46.021+0545] {taskinstance.py:2481} INFO - Exporting env vars: AIRFLOW_CTX_DAG_OWNER='airflow' AIRFLOW_CTX_DAG_ID='metrics_pipeline' AIRFLOW_CTX_TASK_ID='fetch_and_store_metrics' AIRFLOW_CTX_EXECUTION_DATE='2023-08-19T00:00:00+00:00' AIRFLOW_CTX_TRY_NUMBER='1' AIRFLOW_CTX_DAG_RUN_ID='scheduled__2023-08-19T00:00:00+00:00'
[2023-12-26T13:21:46.037+0545] {python.py:201} INFO - Done. Returned value was: None
[2023-12-26T13:21:46.046+0545] {taskinstance.py:1138} INFO - Marking task as SUCCESS. dag_id=metrics_pipeline, task_id=fetch_and_store_metrics, execution_date=20230819T000000, start_date=20231226T073645, end_date=20231226T073646
[2023-12-26T13:21:46.095+0545] {local_task_job_runner.py:234} INFO - Task exited with return code 0
[2023-12-26T13:21:46.106+0545] {taskinstance.py:3281} INFO - 0 downstream tasks scheduled from follow-on schedule check
[2023-12-27T09:53:48.834+0545] {taskinstance.py:1957} INFO - Dependencies all met for dep_context=non-requeueable deps ti=<TaskInstance: metrics_pipeline.fetch_and_store_metrics scheduled__2023-08-19T00:00:00+00:00 [queued]>
[2023-12-27T09:53:48.838+0545] {taskinstance.py:1957} INFO - Dependencies all met for dep_context=requeueable deps ti=<TaskInstance: metrics_pipeline.fetch_and_store_metrics scheduled__2023-08-19T00:00:00+00:00 [queued]>
[2023-12-27T09:53:48.838+0545] {taskinstance.py:2171} INFO - Starting attempt 1 of 2
[2023-12-27T09:53:48.850+0545] {taskinstance.py:2192} INFO - Executing <Task(PythonOperator): fetch_and_store_metrics> on 2023-08-19 00:00:00+00:00
[2023-12-27T09:53:48.852+0545] {standard_task_runner.py:60} INFO - Started process 9125 to run task
[2023-12-27T09:53:48.854+0545] {standard_task_runner.py:87} INFO - Running: ['airflow', 'tasks', 'run', 'metrics_pipeline', 'fetch_and_store_metrics', 'scheduled__2023-08-19T00:00:00+00:00', '--job-id', '335', '--raw', '--subdir', 'DAGS_FOLDER/taxi_metrics_dag.py', '--cfg-path', '/tmp/tmpt718u0z4']
[2023-12-27T09:53:48.855+0545] {standard_task_runner.py:88} INFO - Job 335: Subtask fetch_and_store_metrics
[2023-12-27T09:53:48.879+0545] {task_command.py:423} INFO - Running <TaskInstance: metrics_pipeline.fetch_and_store_metrics scheduled__2023-08-19T00:00:00+00:00 [running]> on host Sarita-Thinkpad
[2023-12-27T09:53:48.935+0545] {taskinstance.py:2481} INFO - Exporting env vars: AIRFLOW_CTX_DAG_OWNER='airflow' AIRFLOW_CTX_DAG_ID='metrics_pipeline' AIRFLOW_CTX_TASK_ID='fetch_and_store_metrics' AIRFLOW_CTX_EXECUTION_DATE='2023-08-19T00:00:00+00:00' AIRFLOW_CTX_TRY_NUMBER='1' AIRFLOW_CTX_DAG_RUN_ID='scheduled__2023-08-19T00:00:00+00:00'
[2023-12-27T09:53:51.392+0545] {logging_mixin.py:188} INFO - <sqlalchemy.engine.cursor.LegacyCursorResult object at 0x7fdbc820a0d0>
[2023-12-27T09:53:51.408+0545] {logging_mixin.py:188} INFO - <sqlalchemy.engine.cursor.LegacyCursorResult object at 0x7fdbc81b1cd0>
[2023-12-27T09:53:51.423+0545] {logging_mixin.py:188} INFO - <sqlalchemy.engine.cursor.LegacyCursorResult object at 0x7fdbc820ac70>
[2023-12-27T09:53:51.438+0545] {logging_mixin.py:188} INFO - <sqlalchemy.engine.cursor.LegacyCursorResult object at 0x7fdbc820a220>
[2023-12-27T09:53:51.453+0545] {logging_mixin.py:188} INFO - <sqlalchemy.engine.cursor.LegacyCursorResult object at 0x7fdbc8193f40>
[2023-12-27T09:53:51.469+0545] {logging_mixin.py:188} INFO - <sqlalchemy.engine.cursor.LegacyCursorResult object at 0x7fdbc814bf10>
[2023-12-27T09:53:51.484+0545] {logging_mixin.py:188} INFO - <sqlalchemy.engine.cursor.LegacyCursorResult object at 0x7fdbc816dfd0>
[2023-12-27T09:53:51.516+0545] {logging_mixin.py:188} INFO - <sqlalchemy.engine.cursor.LegacyCursorResult object at 0x7fdbc81601c0>
[2023-12-27T09:53:51.533+0545] {logging_mixin.py:188} INFO - <sqlalchemy.engine.cursor.LegacyCursorResult object at 0x7fdbc8160370>
[2023-12-27T09:53:51.549+0545] {logging_mixin.py:188} INFO - <sqlalchemy.engine.cursor.LegacyCursorResult object at 0x7fdbc8155d90>
[2023-12-27T09:53:51.569+0545] {logging_mixin.py:188} INFO - <sqlalchemy.engine.cursor.LegacyCursorResult object at 0x7fdbc81b3370>
[2023-12-27T09:53:51.584+0545] {logging_mixin.py:188} INFO - <sqlalchemy.engine.cursor.LegacyCursorResult object at 0x7fdbc81b1bb0>
[2023-12-27T09:53:51.599+0545] {logging_mixin.py:188} INFO - <sqlalchemy.engine.cursor.LegacyCursorResult object at 0x7fdbc8192d60>
[2023-12-27T09:53:51.600+0545] {python.py:201} INFO - Done. Returned value was: None
[2023-12-27T09:53:51.603+0545] {taskinstance.py:1138} INFO - Marking task as SUCCESS. dag_id=metrics_pipeline, task_id=fetch_and_store_metrics, execution_date=20230819T000000, start_date=20231227T040848, end_date=20231227T040851
[2023-12-27T09:53:51.636+0545] {local_task_job_runner.py:234} INFO - Task exited with return code 0
[2023-12-27T09:53:51.647+0545] {taskinstance.py:3281} INFO - 0 downstream tasks scheduled from follow-on schedule check
[2023-12-27T12:42:33.229+0545] {taskinstance.py:1957} INFO - Dependencies all met for dep_context=non-requeueable deps ti=<TaskInstance: metrics_pipeline.fetch_and_store_metrics scheduled__2023-08-19T00:00:00+00:00 [queued]>
[2023-12-27T12:42:33.234+0545] {taskinstance.py:1957} INFO - Dependencies all met for dep_context=requeueable deps ti=<TaskInstance: metrics_pipeline.fetch_and_store_metrics scheduled__2023-08-19T00:00:00+00:00 [queued]>
[2023-12-27T12:42:33.234+0545] {taskinstance.py:2171} INFO - Starting attempt 1 of 2
[2023-12-27T12:42:33.246+0545] {taskinstance.py:2192} INFO - Executing <Task(PythonOperator): fetch_and_store_metrics> on 2023-08-19 00:00:00+00:00
[2023-12-27T12:42:33.249+0545] {standard_task_runner.py:60} INFO - Started process 16758 to run task
[2023-12-27T12:42:33.251+0545] {standard_task_runner.py:87} INFO - Running: ['airflow', 'tasks', 'run', 'metrics_pipeline', 'fetch_and_store_metrics', 'scheduled__2023-08-19T00:00:00+00:00', '--job-id', '454', '--raw', '--subdir', 'DAGS_FOLDER/taxi_metrics_dag.py', '--cfg-path', '/tmp/tmpztxmzt8i']
[2023-12-27T12:42:33.251+0545] {standard_task_runner.py:88} INFO - Job 454: Subtask fetch_and_store_metrics
[2023-12-27T12:42:33.275+0545] {task_command.py:423} INFO - Running <TaskInstance: metrics_pipeline.fetch_and_store_metrics scheduled__2023-08-19T00:00:00+00:00 [running]> on host Sarita-Thinkpad
[2023-12-27T12:42:33.321+0545] {taskinstance.py:2481} INFO - Exporting env vars: AIRFLOW_CTX_DAG_OWNER='airflow' AIRFLOW_CTX_DAG_ID='metrics_pipeline' AIRFLOW_CTX_TASK_ID='fetch_and_store_metrics' AIRFLOW_CTX_EXECUTION_DATE='2023-08-19T00:00:00+00:00' AIRFLOW_CTX_TRY_NUMBER='1' AIRFLOW_CTX_DAG_RUN_ID='scheduled__2023-08-19T00:00:00+00:00'
[2023-12-27T12:42:33.322+0545] {taxi_metrics_dag.py:61} INFO - Getting Clickhouse Data.......
[2023-12-27T12:42:37.123+0545] {taxi_metrics_dag.py:63} INFO - Inserting Data into SQLite.....
[2023-12-27T12:42:37.174+0545] {taxi_metrics_dag.py:56} INFO - Successfully inserted data into SQLite!!
[2023-12-27T12:42:37.174+0545] {taxi_metrics_dag.py:65} INFO - Task completed successfully!!
[2023-12-27T12:42:37.175+0545] {python.py:201} INFO - Done. Returned value was: None
[2023-12-27T12:42:37.187+0545] {taskinstance.py:1138} INFO - Marking task as SUCCESS. dag_id=metrics_pipeline, task_id=fetch_and_store_metrics, execution_date=20230819T000000, start_date=20231227T065733, end_date=20231227T065737
[2023-12-27T12:42:37.238+0545] {local_task_job_runner.py:234} INFO - Task exited with return code 0
[2023-12-27T12:42:37.252+0545] {taskinstance.py:3281} INFO - 0 downstream tasks scheduled from follow-on schedule check
