[2023-12-26T13:17:31.710+0545] {taskinstance.py:1957} INFO - Dependencies all met for dep_context=non-requeueable deps ti=<TaskInstance: metrics_pipeline.fetch_and_store_metrics scheduled__2023-05-26T00:00:00+00:00 [queued]>
[2023-12-26T13:17:31.715+0545] {taskinstance.py:1957} INFO - Dependencies all met for dep_context=requeueable deps ti=<TaskInstance: metrics_pipeline.fetch_and_store_metrics scheduled__2023-05-26T00:00:00+00:00 [queued]>
[2023-12-26T13:17:31.715+0545] {taskinstance.py:2171} INFO - Starting attempt 1 of 2
[2023-12-26T13:17:31.727+0545] {taskinstance.py:2192} INFO - Executing <Task(PythonOperator): fetch_and_store_metrics> on 2023-05-26 00:00:00+00:00
[2023-12-26T13:17:31.729+0545] {standard_task_runner.py:60} INFO - Started process 26959 to run task
[2023-12-26T13:17:31.731+0545] {standard_task_runner.py:87} INFO - Running: ['airflow', 'tasks', 'run', 'metrics_pipeline', 'fetch_and_store_metrics', 'scheduled__2023-05-26T00:00:00+00:00', '--job-id', '149', '--raw', '--subdir', 'DAGS_FOLDER/taxi_metrics_dag.py', '--cfg-path', '/tmp/tmp5wqoadtb']
[2023-12-26T13:17:31.732+0545] {standard_task_runner.py:88} INFO - Job 149: Subtask fetch_and_store_metrics
[2023-12-26T13:17:31.756+0545] {task_command.py:423} INFO - Running <TaskInstance: metrics_pipeline.fetch_and_store_metrics scheduled__2023-05-26T00:00:00+00:00 [running]> on host Sarita-Thinkpad
[2023-12-26T13:17:31.807+0545] {taskinstance.py:2481} INFO - Exporting env vars: AIRFLOW_CTX_DAG_OWNER='airflow' AIRFLOW_CTX_DAG_ID='metrics_pipeline' AIRFLOW_CTX_TASK_ID='fetch_and_store_metrics' AIRFLOW_CTX_EXECUTION_DATE='2023-05-26T00:00:00+00:00' AIRFLOW_CTX_TRY_NUMBER='1' AIRFLOW_CTX_DAG_RUN_ID='scheduled__2023-05-26T00:00:00+00:00'
[2023-12-26T13:17:31.826+0545] {python.py:201} INFO - Done. Returned value was: None
[2023-12-26T13:17:31.830+0545] {taskinstance.py:1138} INFO - Marking task as SUCCESS. dag_id=metrics_pipeline, task_id=fetch_and_store_metrics, execution_date=20230526T000000, start_date=20231226T073231, end_date=20231226T073231
[2023-12-26T13:17:31.863+0545] {local_task_job_runner.py:234} INFO - Task exited with return code 0
[2023-12-26T13:17:31.888+0545] {taskinstance.py:3281} INFO - 0 downstream tasks scheduled from follow-on schedule check
[2023-12-27T12:11:22.993+0545] {taskinstance.py:1957} INFO - Dependencies all met for dep_context=non-requeueable deps ti=<TaskInstance: metrics_pipeline.fetch_and_store_metrics scheduled__2023-05-26T00:00:00+00:00 [queued]>
[2023-12-27T12:11:22.998+0545] {taskinstance.py:1957} INFO - Dependencies all met for dep_context=requeueable deps ti=<TaskInstance: metrics_pipeline.fetch_and_store_metrics scheduled__2023-05-26T00:00:00+00:00 [queued]>
[2023-12-27T12:11:22.998+0545] {taskinstance.py:2171} INFO - Starting attempt 1 of 2
[2023-12-27T12:11:23.011+0545] {taskinstance.py:2192} INFO - Executing <Task(PythonOperator): fetch_and_store_metrics> on 2023-05-26 00:00:00+00:00
[2023-12-27T12:11:23.013+0545] {standard_task_runner.py:60} INFO - Started process 12516 to run task
[2023-12-27T12:11:23.015+0545] {standard_task_runner.py:87} INFO - Running: ['airflow', 'tasks', 'run', 'metrics_pipeline', 'fetch_and_store_metrics', 'scheduled__2023-05-26T00:00:00+00:00', '--job-id', '354', '--raw', '--subdir', 'DAGS_FOLDER/taxi_metrics_dag.py', '--cfg-path', '/tmp/tmp7uvuzzjg']
[2023-12-27T12:11:23.015+0545] {standard_task_runner.py:88} INFO - Job 354: Subtask fetch_and_store_metrics
[2023-12-27T12:11:23.040+0545] {task_command.py:423} INFO - Running <TaskInstance: metrics_pipeline.fetch_and_store_metrics scheduled__2023-05-26T00:00:00+00:00 [running]> on host Sarita-Thinkpad
[2023-12-27T12:11:23.098+0545] {taskinstance.py:2481} INFO - Exporting env vars: AIRFLOW_CTX_DAG_OWNER='airflow' AIRFLOW_CTX_DAG_ID='metrics_pipeline' AIRFLOW_CTX_TASK_ID='fetch_and_store_metrics' AIRFLOW_CTX_EXECUTION_DATE='2023-05-26T00:00:00+00:00' AIRFLOW_CTX_TRY_NUMBER='1' AIRFLOW_CTX_DAG_RUN_ID='scheduled__2023-05-26T00:00:00+00:00'
[2023-12-27T12:11:23.099+0545] {taxi_metrics_dag.py:61} INFO - Getting Clickhouse Data.......
[2023-12-27T12:11:32.870+0545] {taxi_metrics_dag.py:67} ERROR - Could not complete the process..:HTTPDriver for https://github.demo.trial.altinity.cloud:8443 returned response code 400)
 Code: 62. DB::Exception: Syntax error (Multi-statements are not allowed): failed at position 1290 (end of query) (line 23, col 11): ;

 FORMAT Native. . (SYNTAX_ERROR) (version 23.10.5.20 (official build))

[2023-12-27T12:11:32.871+0545] {python.py:201} INFO - Done. Returned value was: None
[2023-12-27T12:11:32.875+0545] {taskinstance.py:1138} INFO - Marking task as SUCCESS. dag_id=metrics_pipeline, task_id=fetch_and_store_metrics, execution_date=20230526T000000, start_date=20231227T062622, end_date=20231227T062632
[2023-12-27T12:11:32.898+0545] {local_task_job_runner.py:234} INFO - Task exited with return code 0
[2023-12-27T12:11:32.905+0545] {taskinstance.py:3281} INFO - 0 downstream tasks scheduled from follow-on schedule check
