[2023-12-26T13:17:22.848+0545] {taskinstance.py:1957} INFO - Dependencies all met for dep_context=non-requeueable deps ti=<TaskInstance: metrics_pipeline.fetch_and_store_metrics scheduled__2023-05-23T00:00:00+00:00 [queued]>
[2023-12-26T13:17:22.853+0545] {taskinstance.py:1957} INFO - Dependencies all met for dep_context=requeueable deps ti=<TaskInstance: metrics_pipeline.fetch_and_store_metrics scheduled__2023-05-23T00:00:00+00:00 [queued]>
[2023-12-26T13:17:22.853+0545] {taskinstance.py:2171} INFO - Starting attempt 1 of 2
[2023-12-26T13:17:22.865+0545] {taskinstance.py:2192} INFO - Executing <Task(PythonOperator): fetch_and_store_metrics> on 2023-05-23 00:00:00+00:00
[2023-12-26T13:17:22.867+0545] {standard_task_runner.py:60} INFO - Started process 26929 to run task
[2023-12-26T13:17:22.869+0545] {standard_task_runner.py:87} INFO - Running: ['airflow', 'tasks', 'run', 'metrics_pipeline', 'fetch_and_store_metrics', 'scheduled__2023-05-23T00:00:00+00:00', '--job-id', '146', '--raw', '--subdir', 'DAGS_FOLDER/taxi_metrics_dag.py', '--cfg-path', '/tmp/tmp2j_0qpvc']
[2023-12-26T13:17:22.870+0545] {standard_task_runner.py:88} INFO - Job 146: Subtask fetch_and_store_metrics
[2023-12-26T13:17:22.894+0545] {task_command.py:423} INFO - Running <TaskInstance: metrics_pipeline.fetch_and_store_metrics scheduled__2023-05-23T00:00:00+00:00 [running]> on host Sarita-Thinkpad
[2023-12-26T13:17:22.956+0545] {taskinstance.py:2481} INFO - Exporting env vars: AIRFLOW_CTX_DAG_OWNER='airflow' AIRFLOW_CTX_DAG_ID='metrics_pipeline' AIRFLOW_CTX_TASK_ID='fetch_and_store_metrics' AIRFLOW_CTX_EXECUTION_DATE='2023-05-23T00:00:00+00:00' AIRFLOW_CTX_TRY_NUMBER='1' AIRFLOW_CTX_DAG_RUN_ID='scheduled__2023-05-23T00:00:00+00:00'
[2023-12-26T13:17:22.986+0545] {python.py:201} INFO - Done. Returned value was: None
[2023-12-26T13:17:22.996+0545] {taskinstance.py:1138} INFO - Marking task as SUCCESS. dag_id=metrics_pipeline, task_id=fetch_and_store_metrics, execution_date=20230523T000000, start_date=20231226T073222, end_date=20231226T073222
[2023-12-26T13:17:23.041+0545] {local_task_job_runner.py:234} INFO - Task exited with return code 0
[2023-12-26T13:17:23.061+0545] {taskinstance.py:3281} INFO - 0 downstream tasks scheduled from follow-on schedule check
[2023-12-27T12:10:13.530+0545] {taskinstance.py:1957} INFO - Dependencies all met for dep_context=non-requeueable deps ti=<TaskInstance: metrics_pipeline.fetch_and_store_metrics scheduled__2023-05-23T00:00:00+00:00 [queued]>
[2023-12-27T12:10:13.535+0545] {taskinstance.py:1957} INFO - Dependencies all met for dep_context=requeueable deps ti=<TaskInstance: metrics_pipeline.fetch_and_store_metrics scheduled__2023-05-23T00:00:00+00:00 [queued]>
[2023-12-27T12:10:13.535+0545] {taskinstance.py:2171} INFO - Starting attempt 1 of 2
[2023-12-27T12:10:13.548+0545] {taskinstance.py:2192} INFO - Executing <Task(PythonOperator): fetch_and_store_metrics> on 2023-05-23 00:00:00+00:00
[2023-12-27T12:10:13.550+0545] {standard_task_runner.py:60} INFO - Started process 12482 to run task
[2023-12-27T12:10:13.552+0545] {standard_task_runner.py:87} INFO - Running: ['airflow', 'tasks', 'run', 'metrics_pipeline', 'fetch_and_store_metrics', 'scheduled__2023-05-23T00:00:00+00:00', '--job-id', '350', '--raw', '--subdir', 'DAGS_FOLDER/taxi_metrics_dag.py', '--cfg-path', '/tmp/tmplmisjqnx']
[2023-12-27T12:10:13.553+0545] {standard_task_runner.py:88} INFO - Job 350: Subtask fetch_and_store_metrics
[2023-12-27T12:10:13.579+0545] {task_command.py:423} INFO - Running <TaskInstance: metrics_pipeline.fetch_and_store_metrics scheduled__2023-05-23T00:00:00+00:00 [running]> on host Sarita-Thinkpad
[2023-12-27T12:10:13.627+0545] {taskinstance.py:2481} INFO - Exporting env vars: AIRFLOW_CTX_DAG_OWNER='airflow' AIRFLOW_CTX_DAG_ID='metrics_pipeline' AIRFLOW_CTX_TASK_ID='fetch_and_store_metrics' AIRFLOW_CTX_EXECUTION_DATE='2023-05-23T00:00:00+00:00' AIRFLOW_CTX_TRY_NUMBER='1' AIRFLOW_CTX_DAG_RUN_ID='scheduled__2023-05-23T00:00:00+00:00'
[2023-12-27T12:10:13.628+0545] {taxi_metrics_dag.py:61} INFO - Getting Clickhouse Data.......
[2023-12-27T12:10:13.811+0545] {process_utils.py:131} INFO - Sending Signals.SIGTERM to group 12482. PIDs of all processes in the group: [12482]
[2023-12-27T12:10:13.812+0545] {process_utils.py:86} INFO - Sending the signal Signals.SIGTERM to group 12482
[2023-12-27T12:10:13.812+0545] {taskinstance.py:2451} ERROR - Received SIGTERM. Terminating subprocesses.
[2023-12-27T12:10:13.812+0545] {taxi_metrics_dag.py:67} ERROR - Could not complete the process..Task received SIGTERM signal
[2023-12-27T12:10:13.812+0545] {python.py:201} INFO - Done. Returned value was: None
[2023-12-27T12:10:13.816+0545] {taskinstance.py:1138} INFO - Marking task as SUCCESS. dag_id=metrics_pipeline, task_id=fetch_and_store_metrics, execution_date=20230523T000000, start_date=20231227T062513, end_date=20231227T062513
[2023-12-27T12:10:13.838+0545] {process_utils.py:79} INFO - Process psutil.Process(pid=12482, status='terminated', exitcode=0, started='12:10:12') (12482) terminated with exit code 0
