[2023-12-26T13:17:20.355+0545] {taskinstance.py:1957} INFO - Dependencies all met for dep_context=non-requeueable deps ti=<TaskInstance: metrics_pipeline.fetch_and_store_metrics scheduled__2023-05-22T00:00:00+00:00 [queued]>
[2023-12-26T13:17:20.360+0545] {taskinstance.py:1957} INFO - Dependencies all met for dep_context=requeueable deps ti=<TaskInstance: metrics_pipeline.fetch_and_store_metrics scheduled__2023-05-22T00:00:00+00:00 [queued]>
[2023-12-26T13:17:20.360+0545] {taskinstance.py:2171} INFO - Starting attempt 1 of 2
[2023-12-26T13:17:20.371+0545] {taskinstance.py:2192} INFO - Executing <Task(PythonOperator): fetch_and_store_metrics> on 2023-05-22 00:00:00+00:00
[2023-12-26T13:17:20.374+0545] {standard_task_runner.py:60} INFO - Started process 26895 to run task
[2023-12-26T13:17:20.376+0545] {standard_task_runner.py:87} INFO - Running: ['airflow', 'tasks', 'run', 'metrics_pipeline', 'fetch_and_store_metrics', 'scheduled__2023-05-22T00:00:00+00:00', '--job-id', '145', '--raw', '--subdir', 'DAGS_FOLDER/taxi_metrics_dag.py', '--cfg-path', '/tmp/tmpeht04t7c']
[2023-12-26T13:17:20.376+0545] {standard_task_runner.py:88} INFO - Job 145: Subtask fetch_and_store_metrics
[2023-12-26T13:17:20.400+0545] {task_command.py:423} INFO - Running <TaskInstance: metrics_pipeline.fetch_and_store_metrics scheduled__2023-05-22T00:00:00+00:00 [running]> on host Sarita-Thinkpad
[2023-12-26T13:17:20.451+0545] {taskinstance.py:2481} INFO - Exporting env vars: AIRFLOW_CTX_DAG_OWNER='airflow' AIRFLOW_CTX_DAG_ID='metrics_pipeline' AIRFLOW_CTX_TASK_ID='fetch_and_store_metrics' AIRFLOW_CTX_EXECUTION_DATE='2023-05-22T00:00:00+00:00' AIRFLOW_CTX_TRY_NUMBER='1' AIRFLOW_CTX_DAG_RUN_ID='scheduled__2023-05-22T00:00:00+00:00'
[2023-12-26T13:17:20.466+0545] {python.py:201} INFO - Done. Returned value was: None
[2023-12-26T13:17:20.470+0545] {taskinstance.py:1138} INFO - Marking task as SUCCESS. dag_id=metrics_pipeline, task_id=fetch_and_store_metrics, execution_date=20230522T000000, start_date=20231226T073220, end_date=20231226T073220
[2023-12-26T13:17:20.508+0545] {local_task_job_runner.py:234} INFO - Task exited with return code 0
[2023-12-26T13:17:20.520+0545] {taskinstance.py:3281} INFO - 0 downstream tasks scheduled from follow-on schedule check
[2023-12-27T12:10:04.841+0545] {taskinstance.py:1957} INFO - Dependencies all met for dep_context=non-requeueable deps ti=<TaskInstance: metrics_pipeline.fetch_and_store_metrics scheduled__2023-05-22T00:00:00+00:00 [queued]>
[2023-12-27T12:10:04.845+0545] {taskinstance.py:1957} INFO - Dependencies all met for dep_context=requeueable deps ti=<TaskInstance: metrics_pipeline.fetch_and_store_metrics scheduled__2023-05-22T00:00:00+00:00 [queued]>
[2023-12-27T12:10:04.846+0545] {taskinstance.py:2171} INFO - Starting attempt 1 of 2
[2023-12-27T12:10:04.861+0545] {taskinstance.py:2192} INFO - Executing <Task(PythonOperator): fetch_and_store_metrics> on 2023-05-22 00:00:00+00:00
[2023-12-27T12:10:04.862+0545] {standard_task_runner.py:60} INFO - Started process 12466 to run task
[2023-12-27T12:10:04.864+0545] {standard_task_runner.py:87} INFO - Running: ['airflow', 'tasks', 'run', 'metrics_pipeline', 'fetch_and_store_metrics', 'scheduled__2023-05-22T00:00:00+00:00', '--job-id', '349', '--raw', '--subdir', 'DAGS_FOLDER/taxi_metrics_dag.py', '--cfg-path', '/tmp/tmp39901bhi']
[2023-12-27T12:10:04.865+0545] {standard_task_runner.py:88} INFO - Job 349: Subtask fetch_and_store_metrics
[2023-12-27T12:10:04.891+0545] {task_command.py:423} INFO - Running <TaskInstance: metrics_pipeline.fetch_and_store_metrics scheduled__2023-05-22T00:00:00+00:00 [running]> on host Sarita-Thinkpad
[2023-12-27T12:10:04.944+0545] {taskinstance.py:2481} INFO - Exporting env vars: AIRFLOW_CTX_DAG_OWNER='airflow' AIRFLOW_CTX_DAG_ID='metrics_pipeline' AIRFLOW_CTX_TASK_ID='fetch_and_store_metrics' AIRFLOW_CTX_EXECUTION_DATE='2023-05-22T00:00:00+00:00' AIRFLOW_CTX_TRY_NUMBER='1' AIRFLOW_CTX_DAG_RUN_ID='scheduled__2023-05-22T00:00:00+00:00'
[2023-12-27T12:10:04.946+0545] {taxi_metrics_dag.py:61} INFO - Getting Clickhouse Data.......
[2023-12-27T12:10:11.016+0545] {taxi_metrics_dag.py:67} ERROR - Could not complete the process..:HTTPDriver for https://github.demo.trial.altinity.cloud:8443 returned response code 400)
 Code: 62. DB::Exception: Syntax error (Multi-statements are not allowed): failed at position 1290 (end of query) (line 23, col 11): ;

 FORMAT Native. . (SYNTAX_ERROR) (version 23.10.5.20 (official build))

[2023-12-27T12:10:11.017+0545] {python.py:201} INFO - Done. Returned value was: None
[2023-12-27T12:10:11.022+0545] {taskinstance.py:1138} INFO - Marking task as SUCCESS. dag_id=metrics_pipeline, task_id=fetch_and_store_metrics, execution_date=20230522T000000, start_date=20231227T062504, end_date=20231227T062511
[2023-12-27T12:10:11.073+0545] {local_task_job_runner.py:234} INFO - Task exited with return code 0
[2023-12-27T12:10:11.102+0545] {taskinstance.py:3281} INFO - 0 downstream tasks scheduled from follow-on schedule check
