[2023-12-26T13:23:02.712+0545] {taskinstance.py:1957} INFO - Dependencies all met for dep_context=non-requeueable deps ti=<TaskInstance: metrics_pipeline.fetch_and_store_metrics scheduled__2023-09-14T00:00:00+00:00 [queued]>
[2023-12-26T13:23:02.717+0545] {taskinstance.py:1957} INFO - Dependencies all met for dep_context=requeueable deps ti=<TaskInstance: metrics_pipeline.fetch_and_store_metrics scheduled__2023-09-14T00:00:00+00:00 [queued]>
[2023-12-26T13:23:02.717+0545] {taskinstance.py:2171} INFO - Starting attempt 1 of 2
[2023-12-26T13:23:02.729+0545] {taskinstance.py:2192} INFO - Executing <Task(PythonOperator): fetch_and_store_metrics> on 2023-09-14 00:00:00+00:00
[2023-12-26T13:23:02.731+0545] {standard_task_runner.py:60} INFO - Started process 27792 to run task
[2023-12-26T13:23:02.733+0545] {standard_task_runner.py:87} INFO - Running: ['airflow', 'tasks', 'run', 'metrics_pipeline', 'fetch_and_store_metrics', 'scheduled__2023-09-14T00:00:00+00:00', '--job-id', '260', '--raw', '--subdir', 'DAGS_FOLDER/taxi_metrics_dag.py', '--cfg-path', '/tmp/tmpf82r6_ov']
[2023-12-26T13:23:02.733+0545] {standard_task_runner.py:88} INFO - Job 260: Subtask fetch_and_store_metrics
[2023-12-26T13:23:02.779+0545] {task_command.py:423} INFO - Running <TaskInstance: metrics_pipeline.fetch_and_store_metrics scheduled__2023-09-14T00:00:00+00:00 [running]> on host Sarita-Thinkpad
[2023-12-26T13:23:02.834+0545] {taskinstance.py:2481} INFO - Exporting env vars: AIRFLOW_CTX_DAG_OWNER='airflow' AIRFLOW_CTX_DAG_ID='metrics_pipeline' AIRFLOW_CTX_TASK_ID='fetch_and_store_metrics' AIRFLOW_CTX_EXECUTION_DATE='2023-09-14T00:00:00+00:00' AIRFLOW_CTX_TRY_NUMBER='1' AIRFLOW_CTX_DAG_RUN_ID='scheduled__2023-09-14T00:00:00+00:00'
[2023-12-26T13:23:02.850+0545] {python.py:201} INFO - Done. Returned value was: None
[2023-12-26T13:23:02.861+0545] {taskinstance.py:1138} INFO - Marking task as SUCCESS. dag_id=metrics_pipeline, task_id=fetch_and_store_metrics, execution_date=20230914T000000, start_date=20231226T073802, end_date=20231226T073802
[2023-12-26T13:23:02.905+0545] {local_task_job_runner.py:234} INFO - Task exited with return code 0
[2023-12-26T13:23:02.916+0545] {taskinstance.py:3281} INFO - 0 downstream tasks scheduled from follow-on schedule check
[2023-12-27T12:46:44.578+0545] {taskinstance.py:1957} INFO - Dependencies all met for dep_context=non-requeueable deps ti=<TaskInstance: metrics_pipeline.fetch_and_store_metrics scheduled__2023-09-14T00:00:00+00:00 [queued]>
[2023-12-27T12:46:44.582+0545] {taskinstance.py:1957} INFO - Dependencies all met for dep_context=requeueable deps ti=<TaskInstance: metrics_pipeline.fetch_and_store_metrics scheduled__2023-09-14T00:00:00+00:00 [queued]>
[2023-12-27T12:46:44.582+0545] {taskinstance.py:2171} INFO - Starting attempt 1 of 2
[2023-12-27T12:46:44.594+0545] {taskinstance.py:2192} INFO - Executing <Task(PythonOperator): fetch_and_store_metrics> on 2023-09-14 00:00:00+00:00
[2023-12-27T12:46:44.596+0545] {standard_task_runner.py:60} INFO - Started process 17163 to run task
[2023-12-27T12:46:44.598+0545] {standard_task_runner.py:87} INFO - Running: ['airflow', 'tasks', 'run', 'metrics_pipeline', 'fetch_and_store_metrics', 'scheduled__2023-09-14T00:00:00+00:00', '--job-id', '482', '--raw', '--subdir', 'DAGS_FOLDER/taxi_metrics_dag.py', '--cfg-path', '/tmp/tmpv2qyjk_b']
[2023-12-27T12:46:44.599+0545] {standard_task_runner.py:88} INFO - Job 482: Subtask fetch_and_store_metrics
[2023-12-27T12:46:44.622+0545] {task_command.py:423} INFO - Running <TaskInstance: metrics_pipeline.fetch_and_store_metrics scheduled__2023-09-14T00:00:00+00:00 [running]> on host Sarita-Thinkpad
[2023-12-27T12:46:44.669+0545] {taskinstance.py:2481} INFO - Exporting env vars: AIRFLOW_CTX_DAG_OWNER='airflow' AIRFLOW_CTX_DAG_ID='metrics_pipeline' AIRFLOW_CTX_TASK_ID='fetch_and_store_metrics' AIRFLOW_CTX_EXECUTION_DATE='2023-09-14T00:00:00+00:00' AIRFLOW_CTX_TRY_NUMBER='1' AIRFLOW_CTX_DAG_RUN_ID='scheduled__2023-09-14T00:00:00+00:00'
[2023-12-27T12:46:44.670+0545] {taxi_metrics_dag.py:62} INFO - Getting Clickhouse Data.......
[2023-12-27T12:46:50.549+0545] {taxi_metrics_dag.py:64} INFO - Inserting Data into SQLite.....
[2023-12-27T12:46:50.563+0545] {taxi_metrics_dag.py:57} INFO - Successfully inserted data into SQLite!!
[2023-12-27T12:46:50.563+0545] {taxi_metrics_dag.py:66} INFO - Task completed successfully!!
[2023-12-27T12:46:50.563+0545] {python.py:201} INFO - Done. Returned value was: None
[2023-12-27T12:46:50.566+0545] {taskinstance.py:1138} INFO - Marking task as SUCCESS. dag_id=metrics_pipeline, task_id=fetch_and_store_metrics, execution_date=20230914T000000, start_date=20231227T070144, end_date=20231227T070150
[2023-12-27T12:46:50.584+0545] {local_task_job_runner.py:234} INFO - Task exited with return code 0
[2023-12-27T12:46:50.591+0545] {taskinstance.py:3281} INFO - 0 downstream tasks scheduled from follow-on schedule check
