[2023-12-26T13:20:59.806+0545] {taskinstance.py:1957} INFO - Dependencies all met for dep_context=non-requeueable deps ti=<TaskInstance: metrics_pipeline.fetch_and_store_metrics scheduled__2023-08-03T00:00:00+00:00 [queued]>
[2023-12-26T13:20:59.811+0545] {taskinstance.py:1957} INFO - Dependencies all met for dep_context=requeueable deps ti=<TaskInstance: metrics_pipeline.fetch_and_store_metrics scheduled__2023-08-03T00:00:00+00:00 [queued]>
[2023-12-26T13:20:59.811+0545] {taskinstance.py:2171} INFO - Starting attempt 1 of 2
[2023-12-26T13:20:59.824+0545] {taskinstance.py:2192} INFO - Executing <Task(PythonOperator): fetch_and_store_metrics> on 2023-08-03 00:00:00+00:00
[2023-12-26T13:20:59.826+0545] {standard_task_runner.py:60} INFO - Started process 27490 to run task
[2023-12-26T13:20:59.828+0545] {standard_task_runner.py:87} INFO - Running: ['airflow', 'tasks', 'run', 'metrics_pipeline', 'fetch_and_store_metrics', 'scheduled__2023-08-03T00:00:00+00:00', '--job-id', '218', '--raw', '--subdir', 'DAGS_FOLDER/taxi_metrics_dag.py', '--cfg-path', '/tmp/tmppyipuoj9']
[2023-12-26T13:20:59.829+0545] {standard_task_runner.py:88} INFO - Job 218: Subtask fetch_and_store_metrics
[2023-12-26T13:20:59.852+0545] {task_command.py:423} INFO - Running <TaskInstance: metrics_pipeline.fetch_and_store_metrics scheduled__2023-08-03T00:00:00+00:00 [running]> on host Sarita-Thinkpad
[2023-12-26T13:20:59.904+0545] {taskinstance.py:2481} INFO - Exporting env vars: AIRFLOW_CTX_DAG_OWNER='airflow' AIRFLOW_CTX_DAG_ID='metrics_pipeline' AIRFLOW_CTX_TASK_ID='fetch_and_store_metrics' AIRFLOW_CTX_EXECUTION_DATE='2023-08-03T00:00:00+00:00' AIRFLOW_CTX_TRY_NUMBER='1' AIRFLOW_CTX_DAG_RUN_ID='scheduled__2023-08-03T00:00:00+00:00'
[2023-12-26T13:20:59.920+0545] {python.py:201} INFO - Done. Returned value was: None
[2023-12-26T13:20:59.924+0545] {taskinstance.py:1138} INFO - Marking task as SUCCESS. dag_id=metrics_pipeline, task_id=fetch_and_store_metrics, execution_date=20230803T000000, start_date=20231226T073559, end_date=20231226T073559
[2023-12-26T13:20:59.960+0545] {local_task_job_runner.py:234} INFO - Task exited with return code 0
[2023-12-26T13:20:59.984+0545] {taskinstance.py:3281} INFO - 0 downstream tasks scheduled from follow-on schedule check
[2023-12-27T09:52:15.056+0545] {taskinstance.py:1957} INFO - Dependencies all met for dep_context=non-requeueable deps ti=<TaskInstance: metrics_pipeline.fetch_and_store_metrics scheduled__2023-08-03T00:00:00+00:00 [queued]>
[2023-12-27T09:52:15.060+0545] {taskinstance.py:1957} INFO - Dependencies all met for dep_context=requeueable deps ti=<TaskInstance: metrics_pipeline.fetch_and_store_metrics scheduled__2023-08-03T00:00:00+00:00 [queued]>
[2023-12-27T09:52:15.060+0545] {taskinstance.py:2171} INFO - Starting attempt 1 of 2
[2023-12-27T09:52:15.072+0545] {taskinstance.py:2192} INFO - Executing <Task(PythonOperator): fetch_and_store_metrics> on 2023-08-03 00:00:00+00:00
[2023-12-27T09:52:15.074+0545] {standard_task_runner.py:60} INFO - Started process 8982 to run task
[2023-12-27T09:52:15.076+0545] {standard_task_runner.py:87} INFO - Running: ['airflow', 'tasks', 'run', 'metrics_pipeline', 'fetch_and_store_metrics', 'scheduled__2023-08-03T00:00:00+00:00', '--job-id', '319', '--raw', '--subdir', 'DAGS_FOLDER/taxi_metrics_dag.py', '--cfg-path', '/tmp/tmpiy89vgev']
[2023-12-27T09:52:15.076+0545] {standard_task_runner.py:88} INFO - Job 319: Subtask fetch_and_store_metrics
[2023-12-27T09:52:15.100+0545] {task_command.py:423} INFO - Running <TaskInstance: metrics_pipeline.fetch_and_store_metrics scheduled__2023-08-03T00:00:00+00:00 [running]> on host Sarita-Thinkpad
[2023-12-27T09:52:15.148+0545] {taskinstance.py:2481} INFO - Exporting env vars: AIRFLOW_CTX_DAG_OWNER='airflow' AIRFLOW_CTX_DAG_ID='metrics_pipeline' AIRFLOW_CTX_TASK_ID='fetch_and_store_metrics' AIRFLOW_CTX_EXECUTION_DATE='2023-08-03T00:00:00+00:00' AIRFLOW_CTX_TRY_NUMBER='1' AIRFLOW_CTX_DAG_RUN_ID='scheduled__2023-08-03T00:00:00+00:00'
[2023-12-27T09:52:18.355+0545] {logging_mixin.py:188} INFO - <sqlalchemy.engine.cursor.LegacyCursorResult object at 0x7f5e3f693b80>
[2023-12-27T09:52:18.371+0545] {logging_mixin.py:188} INFO - <sqlalchemy.engine.cursor.LegacyCursorResult object at 0x7f5e3f64ecd0>
[2023-12-27T09:52:18.385+0545] {logging_mixin.py:188} INFO - <sqlalchemy.engine.cursor.LegacyCursorResult object at 0x7f5e3f64e940>
[2023-12-27T09:52:18.400+0545] {logging_mixin.py:188} INFO - <sqlalchemy.engine.cursor.LegacyCursorResult object at 0x7f5e3f64ebb0>
[2023-12-27T09:52:18.415+0545] {logging_mixin.py:188} INFO - <sqlalchemy.engine.cursor.LegacyCursorResult object at 0x7f5e3f65aee0>
[2023-12-27T09:52:18.430+0545] {logging_mixin.py:188} INFO - <sqlalchemy.engine.cursor.LegacyCursorResult object at 0x7f5e3f693550>
[2023-12-27T09:52:18.445+0545] {logging_mixin.py:188} INFO - <sqlalchemy.engine.cursor.LegacyCursorResult object at 0x7f5e3f64ff10>
[2023-12-27T09:52:18.460+0545] {logging_mixin.py:188} INFO - <sqlalchemy.engine.cursor.LegacyCursorResult object at 0x7f5e3f5fa160>
[2023-12-27T09:52:18.475+0545] {logging_mixin.py:188} INFO - <sqlalchemy.engine.cursor.LegacyCursorResult object at 0x7f5e3f5fa310>
[2023-12-27T09:52:18.490+0545] {logging_mixin.py:188} INFO - <sqlalchemy.engine.cursor.LegacyCursorResult object at 0x7f5e3f5f8250>
[2023-12-27T09:52:18.504+0545] {logging_mixin.py:188} INFO - <sqlalchemy.engine.cursor.LegacyCursorResult object at 0x7f5e3f60f3a0>
[2023-12-27T09:52:18.519+0545] {logging_mixin.py:188} INFO - <sqlalchemy.engine.cursor.LegacyCursorResult object at 0x7f5e3f5f4df0>
[2023-12-27T09:52:18.536+0545] {logging_mixin.py:188} INFO - <sqlalchemy.engine.cursor.LegacyCursorResult object at 0x7f5e3f630d30>
[2023-12-27T09:52:18.536+0545] {python.py:201} INFO - Done. Returned value was: None
[2023-12-27T09:52:18.540+0545] {taskinstance.py:1138} INFO - Marking task as SUCCESS. dag_id=metrics_pipeline, task_id=fetch_and_store_metrics, execution_date=20230803T000000, start_date=20231227T040715, end_date=20231227T040718
[2023-12-27T09:52:18.580+0545] {local_task_job_runner.py:234} INFO - Task exited with return code 0
[2023-12-27T09:52:18.590+0545] {taskinstance.py:3281} INFO - 0 downstream tasks scheduled from follow-on schedule check
[2023-12-27T12:40:19.746+0545] {taskinstance.py:1957} INFO - Dependencies all met for dep_context=non-requeueable deps ti=<TaskInstance: metrics_pipeline.fetch_and_store_metrics scheduled__2023-08-03T00:00:00+00:00 [queued]>
[2023-12-27T12:40:19.751+0545] {taskinstance.py:1957} INFO - Dependencies all met for dep_context=requeueable deps ti=<TaskInstance: metrics_pipeline.fetch_and_store_metrics scheduled__2023-08-03T00:00:00+00:00 [queued]>
[2023-12-27T12:40:19.751+0545] {taskinstance.py:2171} INFO - Starting attempt 1 of 2
[2023-12-27T12:40:19.763+0545] {taskinstance.py:2192} INFO - Executing <Task(PythonOperator): fetch_and_store_metrics> on 2023-08-03 00:00:00+00:00
[2023-12-27T12:40:19.765+0545] {standard_task_runner.py:60} INFO - Started process 15587 to run task
[2023-12-27T12:40:19.767+0545] {standard_task_runner.py:87} INFO - Running: ['airflow', 'tasks', 'run', 'metrics_pipeline', 'fetch_and_store_metrics', 'scheduled__2023-08-03T00:00:00+00:00', '--job-id', '438', '--raw', '--subdir', 'DAGS_FOLDER/taxi_metrics_dag.py', '--cfg-path', '/tmp/tmp6yzpzged']
[2023-12-27T12:40:19.768+0545] {standard_task_runner.py:88} INFO - Job 438: Subtask fetch_and_store_metrics
[2023-12-27T12:40:19.791+0545] {task_command.py:423} INFO - Running <TaskInstance: metrics_pipeline.fetch_and_store_metrics scheduled__2023-08-03T00:00:00+00:00 [running]> on host Sarita-Thinkpad
[2023-12-27T12:40:19.839+0545] {taskinstance.py:2481} INFO - Exporting env vars: AIRFLOW_CTX_DAG_OWNER='airflow' AIRFLOW_CTX_DAG_ID='metrics_pipeline' AIRFLOW_CTX_TASK_ID='fetch_and_store_metrics' AIRFLOW_CTX_EXECUTION_DATE='2023-08-03T00:00:00+00:00' AIRFLOW_CTX_TRY_NUMBER='1' AIRFLOW_CTX_DAG_RUN_ID='scheduled__2023-08-03T00:00:00+00:00'
[2023-12-27T12:40:19.840+0545] {taxi_metrics_dag.py:61} INFO - Getting Clickhouse Data.......
[2023-12-27T12:40:26.153+0545] {taxi_metrics_dag.py:63} INFO - Inserting Data into SQLite.....
[2023-12-27T12:40:26.188+0545] {taxi_metrics_dag.py:56} INFO - Successfully inserted data into SQLite!!
[2023-12-27T12:40:26.189+0545] {taxi_metrics_dag.py:65} INFO - Task completed successfully!!
[2023-12-27T12:40:26.189+0545] {python.py:201} INFO - Done. Returned value was: None
[2023-12-27T12:40:26.193+0545] {taskinstance.py:1138} INFO - Marking task as SUCCESS. dag_id=metrics_pipeline, task_id=fetch_and_store_metrics, execution_date=20230803T000000, start_date=20231227T065519, end_date=20231227T065526
[2023-12-27T12:40:26.225+0545] {local_task_job_runner.py:234} INFO - Task exited with return code 0
[2023-12-27T12:40:26.232+0545] {taskinstance.py:3281} INFO - 0 downstream tasks scheduled from follow-on schedule check
