[2023-12-26T13:19:30.351+0545] {taskinstance.py:1957} INFO - Dependencies all met for dep_context=non-requeueable deps ti=<TaskInstance: metrics_pipeline.fetch_and_store_metrics scheduled__2023-07-04T00:00:00+00:00 [queued]>
[2023-12-26T13:19:30.355+0545] {taskinstance.py:1957} INFO - Dependencies all met for dep_context=requeueable deps ti=<TaskInstance: metrics_pipeline.fetch_and_store_metrics scheduled__2023-07-04T00:00:00+00:00 [queued]>
[2023-12-26T13:19:30.355+0545] {taskinstance.py:2171} INFO - Starting attempt 1 of 2
[2023-12-26T13:19:30.367+0545] {taskinstance.py:2192} INFO - Executing <Task(PythonOperator): fetch_and_store_metrics> on 2023-07-04 00:00:00+00:00
[2023-12-26T13:19:30.369+0545] {standard_task_runner.py:60} INFO - Started process 27254 to run task
[2023-12-26T13:19:30.371+0545] {standard_task_runner.py:87} INFO - Running: ['airflow', 'tasks', 'run', 'metrics_pipeline', 'fetch_and_store_metrics', 'scheduled__2023-07-04T00:00:00+00:00', '--job-id', '188', '--raw', '--subdir', 'DAGS_FOLDER/taxi_metrics_dag.py', '--cfg-path', '/tmp/tmpg_egf2bu']
[2023-12-26T13:19:30.372+0545] {standard_task_runner.py:88} INFO - Job 188: Subtask fetch_and_store_metrics
[2023-12-26T13:19:30.395+0545] {task_command.py:423} INFO - Running <TaskInstance: metrics_pipeline.fetch_and_store_metrics scheduled__2023-07-04T00:00:00+00:00 [running]> on host Sarita-Thinkpad
[2023-12-26T13:19:30.452+0545] {taskinstance.py:2481} INFO - Exporting env vars: AIRFLOW_CTX_DAG_OWNER='airflow' AIRFLOW_CTX_DAG_ID='metrics_pipeline' AIRFLOW_CTX_TASK_ID='fetch_and_store_metrics' AIRFLOW_CTX_EXECUTION_DATE='2023-07-04T00:00:00+00:00' AIRFLOW_CTX_TRY_NUMBER='1' AIRFLOW_CTX_DAG_RUN_ID='scheduled__2023-07-04T00:00:00+00:00'
[2023-12-26T13:19:30.467+0545] {python.py:201} INFO - Done. Returned value was: None
[2023-12-26T13:19:30.471+0545] {taskinstance.py:1138} INFO - Marking task as SUCCESS. dag_id=metrics_pipeline, task_id=fetch_and_store_metrics, execution_date=20230704T000000, start_date=20231226T073430, end_date=20231226T073430
[2023-12-26T13:19:30.503+0545] {local_task_job_runner.py:234} INFO - Task exited with return code 0
[2023-12-26T13:19:30.514+0545] {taskinstance.py:3281} INFO - 0 downstream tasks scheduled from follow-on schedule check
[2023-12-27T12:19:28.501+0545] {taskinstance.py:1957} INFO - Dependencies all met for dep_context=non-requeueable deps ti=<TaskInstance: metrics_pipeline.fetch_and_store_metrics scheduled__2023-07-04T00:00:00+00:00 [queued]>
[2023-12-27T12:19:28.506+0545] {taskinstance.py:1957} INFO - Dependencies all met for dep_context=requeueable deps ti=<TaskInstance: metrics_pipeline.fetch_and_store_metrics scheduled__2023-07-04T00:00:00+00:00 [queued]>
[2023-12-27T12:19:28.506+0545] {taskinstance.py:2171} INFO - Starting attempt 1 of 2
[2023-12-27T12:19:28.519+0545] {taskinstance.py:2192} INFO - Executing <Task(PythonOperator): fetch_and_store_metrics> on 2023-07-04 00:00:00+00:00
[2023-12-27T12:19:28.521+0545] {standard_task_runner.py:60} INFO - Started process 13633 to run task
[2023-12-27T12:19:28.523+0545] {standard_task_runner.py:87} INFO - Running: ['airflow', 'tasks', 'run', 'metrics_pipeline', 'fetch_and_store_metrics', 'scheduled__2023-07-04T00:00:00+00:00', '--job-id', '394', '--raw', '--subdir', 'DAGS_FOLDER/taxi_metrics_dag.py', '--cfg-path', '/tmp/tmpjy7q0ztf']
[2023-12-27T12:19:28.523+0545] {standard_task_runner.py:88} INFO - Job 394: Subtask fetch_and_store_metrics
[2023-12-27T12:19:28.548+0545] {task_command.py:423} INFO - Running <TaskInstance: metrics_pipeline.fetch_and_store_metrics scheduled__2023-07-04T00:00:00+00:00 [running]> on host Sarita-Thinkpad
[2023-12-27T12:19:28.600+0545] {taskinstance.py:2481} INFO - Exporting env vars: AIRFLOW_CTX_DAG_OWNER='airflow' AIRFLOW_CTX_DAG_ID='metrics_pipeline' AIRFLOW_CTX_TASK_ID='fetch_and_store_metrics' AIRFLOW_CTX_EXECUTION_DATE='2023-07-04T00:00:00+00:00' AIRFLOW_CTX_TRY_NUMBER='1' AIRFLOW_CTX_DAG_RUN_ID='scheduled__2023-07-04T00:00:00+00:00'
[2023-12-27T12:19:28.601+0545] {taxi_metrics_dag.py:61} INFO - Getting Clickhouse Data.......
[2023-12-27T12:19:34.653+0545] {taxi_metrics_dag.py:67} ERROR - Could not complete the process..:HTTPDriver for https://github.demo.trial.altinity.cloud:8443 returned response code 400)
 Code: 62. DB::Exception: Syntax error (Multi-statements are not allowed): failed at position 1290 (end of query) (line 23, col 11): ;

 FORMAT Native. . (SYNTAX_ERROR) (version 23.10.5.20 (official build))

[2023-12-27T12:19:34.654+0545] {python.py:201} INFO - Done. Returned value was: None
[2023-12-27T12:19:34.664+0545] {taskinstance.py:1138} INFO - Marking task as SUCCESS. dag_id=metrics_pipeline, task_id=fetch_and_store_metrics, execution_date=20230704T000000, start_date=20231227T063428, end_date=20231227T063434
[2023-12-27T12:19:34.716+0545] {local_task_job_runner.py:234} INFO - Task exited with return code 0
[2023-12-27T12:19:34.729+0545] {taskinstance.py:3281} INFO - 0 downstream tasks scheduled from follow-on schedule check
