[2023-12-26T13:19:56.683+0545] {taskinstance.py:1957} INFO - Dependencies all met for dep_context=non-requeueable deps ti=<TaskInstance: metrics_pipeline.fetch_and_store_metrics scheduled__2023-07-13T00:00:00+00:00 [queued]>
[2023-12-26T13:19:56.688+0545] {taskinstance.py:1957} INFO - Dependencies all met for dep_context=requeueable deps ti=<TaskInstance: metrics_pipeline.fetch_and_store_metrics scheduled__2023-07-13T00:00:00+00:00 [queued]>
[2023-12-26T13:19:56.689+0545] {taskinstance.py:2171} INFO - Starting attempt 1 of 2
[2023-12-26T13:19:56.701+0545] {taskinstance.py:2192} INFO - Executing <Task(PythonOperator): fetch_and_store_metrics> on 2023-07-13 00:00:00+00:00
[2023-12-26T13:19:56.703+0545] {standard_task_runner.py:60} INFO - Started process 27324 to run task
[2023-12-26T13:19:56.705+0545] {standard_task_runner.py:87} INFO - Running: ['airflow', 'tasks', 'run', 'metrics_pipeline', 'fetch_and_store_metrics', 'scheduled__2023-07-13T00:00:00+00:00', '--job-id', '197', '--raw', '--subdir', 'DAGS_FOLDER/taxi_metrics_dag.py', '--cfg-path', '/tmp/tmpckgdzyfy']
[2023-12-26T13:19:56.706+0545] {standard_task_runner.py:88} INFO - Job 197: Subtask fetch_and_store_metrics
[2023-12-26T13:19:56.730+0545] {task_command.py:423} INFO - Running <TaskInstance: metrics_pipeline.fetch_and_store_metrics scheduled__2023-07-13T00:00:00+00:00 [running]> on host Sarita-Thinkpad
[2023-12-26T13:19:56.782+0545] {taskinstance.py:2481} INFO - Exporting env vars: AIRFLOW_CTX_DAG_OWNER='airflow' AIRFLOW_CTX_DAG_ID='metrics_pipeline' AIRFLOW_CTX_TASK_ID='fetch_and_store_metrics' AIRFLOW_CTX_EXECUTION_DATE='2023-07-13T00:00:00+00:00' AIRFLOW_CTX_TRY_NUMBER='1' AIRFLOW_CTX_DAG_RUN_ID='scheduled__2023-07-13T00:00:00+00:00'
[2023-12-26T13:19:56.797+0545] {python.py:201} INFO - Done. Returned value was: None
[2023-12-26T13:19:56.800+0545] {taskinstance.py:1138} INFO - Marking task as SUCCESS. dag_id=metrics_pipeline, task_id=fetch_and_store_metrics, execution_date=20230713T000000, start_date=20231226T073456, end_date=20231226T073456
[2023-12-26T13:19:56.837+0545] {local_task_job_runner.py:234} INFO - Task exited with return code 0
[2023-12-26T13:19:56.847+0545] {taskinstance.py:3281} INFO - 0 downstream tasks scheduled from follow-on schedule check
[2023-12-27T12:20:54.205+0545] {taskinstance.py:1957} INFO - Dependencies all met for dep_context=non-requeueable deps ti=<TaskInstance: metrics_pipeline.fetch_and_store_metrics scheduled__2023-07-13T00:00:00+00:00 [queued]>
[2023-12-27T12:20:54.210+0545] {taskinstance.py:1957} INFO - Dependencies all met for dep_context=requeueable deps ti=<TaskInstance: metrics_pipeline.fetch_and_store_metrics scheduled__2023-07-13T00:00:00+00:00 [queued]>
[2023-12-27T12:20:54.210+0545] {taskinstance.py:2171} INFO - Starting attempt 1 of 2
[2023-12-27T12:20:54.223+0545] {taskinstance.py:2192} INFO - Executing <Task(PythonOperator): fetch_and_store_metrics> on 2023-07-13 00:00:00+00:00
[2023-12-27T12:20:54.227+0545] {standard_task_runner.py:60} INFO - Started process 13777 to run task
[2023-12-27T12:20:54.230+0545] {standard_task_runner.py:87} INFO - Running: ['airflow', 'tasks', 'run', 'metrics_pipeline', 'fetch_and_store_metrics', 'scheduled__2023-07-13T00:00:00+00:00', '--job-id', '403', '--raw', '--subdir', 'DAGS_FOLDER/taxi_metrics_dag.py', '--cfg-path', '/tmp/tmp1mo5vdrg']
[2023-12-27T12:20:54.231+0545] {standard_task_runner.py:88} INFO - Job 403: Subtask fetch_and_store_metrics
[2023-12-27T12:20:54.267+0545] {task_command.py:423} INFO - Running <TaskInstance: metrics_pipeline.fetch_and_store_metrics scheduled__2023-07-13T00:00:00+00:00 [running]> on host Sarita-Thinkpad
[2023-12-27T12:20:54.329+0545] {taskinstance.py:2481} INFO - Exporting env vars: AIRFLOW_CTX_DAG_OWNER='airflow' AIRFLOW_CTX_DAG_ID='metrics_pipeline' AIRFLOW_CTX_TASK_ID='fetch_and_store_metrics' AIRFLOW_CTX_EXECUTION_DATE='2023-07-13T00:00:00+00:00' AIRFLOW_CTX_TRY_NUMBER='1' AIRFLOW_CTX_DAG_RUN_ID='scheduled__2023-07-13T00:00:00+00:00'
[2023-12-27T12:20:54.331+0545] {taxi_metrics_dag.py:61} INFO - Getting Clickhouse Data.......
[2023-12-27T12:21:00.903+0545] {taxi_metrics_dag.py:67} ERROR - Could not complete the process..:HTTPDriver for https://github.demo.trial.altinity.cloud:8443 returned response code 400)
 Code: 62. DB::Exception: Syntax error (Multi-statements are not allowed): failed at position 1290 (end of query) (line 23, col 11): ;

 FORMAT Native. . (SYNTAX_ERROR) (version 23.10.5.20 (official build))

[2023-12-27T12:21:00.903+0545] {python.py:201} INFO - Done. Returned value was: None
[2023-12-27T12:21:00.916+0545] {taskinstance.py:1138} INFO - Marking task as SUCCESS. dag_id=metrics_pipeline, task_id=fetch_and_store_metrics, execution_date=20230713T000000, start_date=20231227T063554, end_date=20231227T063600
[2023-12-27T12:21:00.965+0545] {local_task_job_runner.py:234} INFO - Task exited with return code 0
[2023-12-27T12:21:00.979+0545] {taskinstance.py:3281} INFO - 0 downstream tasks scheduled from follow-on schedule check
