[2023-12-26T13:21:52.187+0545] {taskinstance.py:1957} INFO - Dependencies all met for dep_context=non-requeueable deps ti=<TaskInstance: metrics_pipeline.fetch_and_store_metrics scheduled__2023-08-21T00:00:00+00:00 [queued]>
[2023-12-26T13:21:52.192+0545] {taskinstance.py:1957} INFO - Dependencies all met for dep_context=requeueable deps ti=<TaskInstance: metrics_pipeline.fetch_and_store_metrics scheduled__2023-08-21T00:00:00+00:00 [queued]>
[2023-12-26T13:21:52.192+0545] {taskinstance.py:2171} INFO - Starting attempt 1 of 2
[2023-12-26T13:21:52.203+0545] {taskinstance.py:2192} INFO - Executing <Task(PythonOperator): fetch_and_store_metrics> on 2023-08-21 00:00:00+00:00
[2023-12-26T13:21:52.206+0545] {standard_task_runner.py:60} INFO - Started process 27615 to run task
[2023-12-26T13:21:52.208+0545] {standard_task_runner.py:87} INFO - Running: ['airflow', 'tasks', 'run', 'metrics_pipeline', 'fetch_and_store_metrics', 'scheduled__2023-08-21T00:00:00+00:00', '--job-id', '236', '--raw', '--subdir', 'DAGS_FOLDER/taxi_metrics_dag.py', '--cfg-path', '/tmp/tmpjndwc3ik']
[2023-12-26T13:21:52.209+0545] {standard_task_runner.py:88} INFO - Job 236: Subtask fetch_and_store_metrics
[2023-12-26T13:21:52.232+0545] {task_command.py:423} INFO - Running <TaskInstance: metrics_pipeline.fetch_and_store_metrics scheduled__2023-08-21T00:00:00+00:00 [running]> on host Sarita-Thinkpad
[2023-12-26T13:21:52.283+0545] {taskinstance.py:2481} INFO - Exporting env vars: AIRFLOW_CTX_DAG_OWNER='airflow' AIRFLOW_CTX_DAG_ID='metrics_pipeline' AIRFLOW_CTX_TASK_ID='fetch_and_store_metrics' AIRFLOW_CTX_EXECUTION_DATE='2023-08-21T00:00:00+00:00' AIRFLOW_CTX_TRY_NUMBER='1' AIRFLOW_CTX_DAG_RUN_ID='scheduled__2023-08-21T00:00:00+00:00'
[2023-12-26T13:21:52.298+0545] {python.py:201} INFO - Done. Returned value was: None
[2023-12-26T13:21:52.301+0545] {taskinstance.py:1138} INFO - Marking task as SUCCESS. dag_id=metrics_pipeline, task_id=fetch_and_store_metrics, execution_date=20230821T000000, start_date=20231226T073652, end_date=20231226T073652
[2023-12-26T13:21:52.340+0545] {local_task_job_runner.py:234} INFO - Task exited with return code 0
[2023-12-26T13:21:52.354+0545] {taskinstance.py:3281} INFO - 0 downstream tasks scheduled from follow-on schedule check
[2023-12-27T09:54:00.186+0545] {taskinstance.py:1957} INFO - Dependencies all met for dep_context=non-requeueable deps ti=<TaskInstance: metrics_pipeline.fetch_and_store_metrics scheduled__2023-08-21T00:00:00+00:00 [queued]>
[2023-12-27T09:54:00.190+0545] {taskinstance.py:1957} INFO - Dependencies all met for dep_context=requeueable deps ti=<TaskInstance: metrics_pipeline.fetch_and_store_metrics scheduled__2023-08-21T00:00:00+00:00 [queued]>
[2023-12-27T09:54:00.190+0545] {taskinstance.py:2171} INFO - Starting attempt 1 of 2
[2023-12-27T09:54:00.205+0545] {taskinstance.py:2192} INFO - Executing <Task(PythonOperator): fetch_and_store_metrics> on 2023-08-21 00:00:00+00:00
[2023-12-27T09:54:00.207+0545] {standard_task_runner.py:60} INFO - Started process 9146 to run task
[2023-12-27T09:54:00.209+0545] {standard_task_runner.py:87} INFO - Running: ['airflow', 'tasks', 'run', 'metrics_pipeline', 'fetch_and_store_metrics', 'scheduled__2023-08-21T00:00:00+00:00', '--job-id', '337', '--raw', '--subdir', 'DAGS_FOLDER/taxi_metrics_dag.py', '--cfg-path', '/tmp/tmpfoo90sp1']
[2023-12-27T09:54:00.209+0545] {standard_task_runner.py:88} INFO - Job 337: Subtask fetch_and_store_metrics
[2023-12-27T09:54:00.235+0545] {task_command.py:423} INFO - Running <TaskInstance: metrics_pipeline.fetch_and_store_metrics scheduled__2023-08-21T00:00:00+00:00 [running]> on host Sarita-Thinkpad
[2023-12-27T09:54:00.290+0545] {taskinstance.py:2481} INFO - Exporting env vars: AIRFLOW_CTX_DAG_OWNER='airflow' AIRFLOW_CTX_DAG_ID='metrics_pipeline' AIRFLOW_CTX_TASK_ID='fetch_and_store_metrics' AIRFLOW_CTX_EXECUTION_DATE='2023-08-21T00:00:00+00:00' AIRFLOW_CTX_TRY_NUMBER='1' AIRFLOW_CTX_DAG_RUN_ID='scheduled__2023-08-21T00:00:00+00:00'
[2023-12-27T09:54:02.691+0545] {logging_mixin.py:188} INFO - <sqlalchemy.engine.cursor.LegacyCursorResult object at 0x7f37215b3070>
[2023-12-27T09:54:02.733+0545] {logging_mixin.py:188} INFO - <sqlalchemy.engine.cursor.LegacyCursorResult object at 0x7f3721558b80>
[2023-12-27T09:54:02.751+0545] {logging_mixin.py:188} INFO - <sqlalchemy.engine.cursor.LegacyCursorResult object at 0x7f37215b3d90>
[2023-12-27T09:54:02.767+0545] {logging_mixin.py:188} INFO - <sqlalchemy.engine.cursor.LegacyCursorResult object at 0x7f3721558a60>
[2023-12-27T09:54:02.782+0545] {logging_mixin.py:188} INFO - <sqlalchemy.engine.cursor.LegacyCursorResult object at 0x7f372153bfd0>
[2023-12-27T09:54:02.798+0545] {logging_mixin.py:188} INFO - <sqlalchemy.engine.cursor.LegacyCursorResult object at 0x7f37215b3ee0>
[2023-12-27T09:54:02.816+0545] {logging_mixin.py:188} INFO - <sqlalchemy.engine.cursor.LegacyCursorResult object at 0x7f372152ffd0>
[2023-12-27T09:54:02.832+0545] {logging_mixin.py:188} INFO - <sqlalchemy.engine.cursor.LegacyCursorResult object at 0x7f37215010a0>
[2023-12-27T09:54:02.848+0545] {logging_mixin.py:188} INFO - <sqlalchemy.engine.cursor.LegacyCursorResult object at 0x7f3721501250>
[2023-12-27T09:54:02.864+0545] {logging_mixin.py:188} INFO - <sqlalchemy.engine.cursor.LegacyCursorResult object at 0x7f3721501220>
[2023-12-27T09:54:02.880+0545] {logging_mixin.py:188} INFO - <sqlalchemy.engine.cursor.LegacyCursorResult object at 0x7f372155a250>
[2023-12-27T09:54:02.897+0545] {logging_mixin.py:188} INFO - <sqlalchemy.engine.cursor.LegacyCursorResult object at 0x7f3721504f40>
[2023-12-27T09:54:02.912+0545] {logging_mixin.py:188} INFO - <sqlalchemy.engine.cursor.LegacyCursorResult object at 0x7f3721538e80>
[2023-12-27T09:54:02.913+0545] {python.py:201} INFO - Done. Returned value was: None
[2023-12-27T09:54:02.916+0545] {taskinstance.py:1138} INFO - Marking task as SUCCESS. dag_id=metrics_pipeline, task_id=fetch_and_store_metrics, execution_date=20230821T000000, start_date=20231227T040900, end_date=20231227T040902
[2023-12-27T09:54:02.949+0545] {local_task_job_runner.py:234} INFO - Task exited with return code 0
[2023-12-27T09:54:02.958+0545] {taskinstance.py:3281} INFO - 0 downstream tasks scheduled from follow-on schedule check
[2023-12-27T12:42:46.280+0545] {taskinstance.py:1957} INFO - Dependencies all met for dep_context=non-requeueable deps ti=<TaskInstance: metrics_pipeline.fetch_and_store_metrics scheduled__2023-08-21T00:00:00+00:00 [queued]>
[2023-12-27T12:42:46.285+0545] {taskinstance.py:1957} INFO - Dependencies all met for dep_context=requeueable deps ti=<TaskInstance: metrics_pipeline.fetch_and_store_metrics scheduled__2023-08-21T00:00:00+00:00 [queued]>
[2023-12-27T12:42:46.285+0545] {taskinstance.py:2171} INFO - Starting attempt 1 of 2
[2023-12-27T12:42:46.297+0545] {taskinstance.py:2192} INFO - Executing <Task(PythonOperator): fetch_and_store_metrics> on 2023-08-21 00:00:00+00:00
[2023-12-27T12:42:46.300+0545] {standard_task_runner.py:60} INFO - Started process 16778 to run task
[2023-12-27T12:42:46.302+0545] {standard_task_runner.py:87} INFO - Running: ['airflow', 'tasks', 'run', 'metrics_pipeline', 'fetch_and_store_metrics', 'scheduled__2023-08-21T00:00:00+00:00', '--job-id', '456', '--raw', '--subdir', 'DAGS_FOLDER/taxi_metrics_dag.py', '--cfg-path', '/tmp/tmpjbanu71n']
[2023-12-27T12:42:46.302+0545] {standard_task_runner.py:88} INFO - Job 456: Subtask fetch_and_store_metrics
[2023-12-27T12:42:46.326+0545] {task_command.py:423} INFO - Running <TaskInstance: metrics_pipeline.fetch_and_store_metrics scheduled__2023-08-21T00:00:00+00:00 [running]> on host Sarita-Thinkpad
[2023-12-27T12:42:46.373+0545] {taskinstance.py:2481} INFO - Exporting env vars: AIRFLOW_CTX_DAG_OWNER='airflow' AIRFLOW_CTX_DAG_ID='metrics_pipeline' AIRFLOW_CTX_TASK_ID='fetch_and_store_metrics' AIRFLOW_CTX_EXECUTION_DATE='2023-08-21T00:00:00+00:00' AIRFLOW_CTX_TRY_NUMBER='1' AIRFLOW_CTX_DAG_RUN_ID='scheduled__2023-08-21T00:00:00+00:00'
[2023-12-27T12:42:46.374+0545] {taxi_metrics_dag.py:61} INFO - Getting Clickhouse Data.......
[2023-12-27T12:42:49.707+0545] {taxi_metrics_dag.py:63} INFO - Inserting Data into SQLite.....
[2023-12-27T12:42:49.736+0545] {taxi_metrics_dag.py:56} INFO - Successfully inserted data into SQLite!!
[2023-12-27T12:42:49.737+0545] {taxi_metrics_dag.py:65} INFO - Task completed successfully!!
[2023-12-27T12:42:49.737+0545] {python.py:201} INFO - Done. Returned value was: None
[2023-12-27T12:42:49.747+0545] {taskinstance.py:1138} INFO - Marking task as SUCCESS. dag_id=metrics_pipeline, task_id=fetch_and_store_metrics, execution_date=20230821T000000, start_date=20231227T065746, end_date=20231227T065749
[2023-12-27T12:42:49.803+0545] {local_task_job_runner.py:234} INFO - Task exited with return code 0
[2023-12-27T12:42:49.833+0545] {taskinstance.py:3281} INFO - 0 downstream tasks scheduled from follow-on schedule check
