[2023-12-26T13:20:41.367+0545] {taskinstance.py:1957} INFO - Dependencies all met for dep_context=non-requeueable deps ti=<TaskInstance: metrics_pipeline.fetch_and_store_metrics scheduled__2023-07-28T00:00:00+00:00 [queued]>
[2023-12-26T13:20:41.371+0545] {taskinstance.py:1957} INFO - Dependencies all met for dep_context=requeueable deps ti=<TaskInstance: metrics_pipeline.fetch_and_store_metrics scheduled__2023-07-28T00:00:00+00:00 [queued]>
[2023-12-26T13:20:41.372+0545] {taskinstance.py:2171} INFO - Starting attempt 1 of 2
[2023-12-26T13:20:41.384+0545] {taskinstance.py:2192} INFO - Executing <Task(PythonOperator): fetch_and_store_metrics> on 2023-07-28 00:00:00+00:00
[2023-12-26T13:20:41.386+0545] {standard_task_runner.py:60} INFO - Started process 27441 to run task
[2023-12-26T13:20:41.388+0545] {standard_task_runner.py:87} INFO - Running: ['airflow', 'tasks', 'run', 'metrics_pipeline', 'fetch_and_store_metrics', 'scheduled__2023-07-28T00:00:00+00:00', '--job-id', '212', '--raw', '--subdir', 'DAGS_FOLDER/taxi_metrics_dag.py', '--cfg-path', '/tmp/tmpvw2pe46r']
[2023-12-26T13:20:41.388+0545] {standard_task_runner.py:88} INFO - Job 212: Subtask fetch_and_store_metrics
[2023-12-26T13:20:41.411+0545] {task_command.py:423} INFO - Running <TaskInstance: metrics_pipeline.fetch_and_store_metrics scheduled__2023-07-28T00:00:00+00:00 [running]> on host Sarita-Thinkpad
[2023-12-26T13:20:41.462+0545] {taskinstance.py:2481} INFO - Exporting env vars: AIRFLOW_CTX_DAG_OWNER='airflow' AIRFLOW_CTX_DAG_ID='metrics_pipeline' AIRFLOW_CTX_TASK_ID='fetch_and_store_metrics' AIRFLOW_CTX_EXECUTION_DATE='2023-07-28T00:00:00+00:00' AIRFLOW_CTX_TRY_NUMBER='1' AIRFLOW_CTX_DAG_RUN_ID='scheduled__2023-07-28T00:00:00+00:00'
[2023-12-26T13:20:41.477+0545] {python.py:201} INFO - Done. Returned value was: None
[2023-12-26T13:20:41.480+0545] {taskinstance.py:1138} INFO - Marking task as SUCCESS. dag_id=metrics_pipeline, task_id=fetch_and_store_metrics, execution_date=20230728T000000, start_date=20231226T073541, end_date=20231226T073541
[2023-12-26T13:20:41.520+0545] {local_task_job_runner.py:234} INFO - Task exited with return code 0
[2023-12-26T13:20:41.529+0545] {taskinstance.py:3281} INFO - 0 downstream tasks scheduled from follow-on schedule check
[2023-12-27T12:35:58.123+0545] {taskinstance.py:1957} INFO - Dependencies all met for dep_context=non-requeueable deps ti=<TaskInstance: metrics_pipeline.fetch_and_store_metrics scheduled__2023-07-28T00:00:00+00:00 [queued]>
[2023-12-27T12:35:58.127+0545] {taskinstance.py:1957} INFO - Dependencies all met for dep_context=requeueable deps ti=<TaskInstance: metrics_pipeline.fetch_and_store_metrics scheduled__2023-07-28T00:00:00+00:00 [queued]>
[2023-12-27T12:35:58.127+0545] {taskinstance.py:2171} INFO - Starting attempt 1 of 2
[2023-12-27T12:35:58.139+0545] {taskinstance.py:2192} INFO - Executing <Task(PythonOperator): fetch_and_store_metrics> on 2023-07-28 00:00:00+00:00
[2023-12-27T12:35:58.141+0545] {standard_task_runner.py:60} INFO - Started process 15092 to run task
[2023-12-27T12:35:58.143+0545] {standard_task_runner.py:87} INFO - Running: ['airflow', 'tasks', 'run', 'metrics_pipeline', 'fetch_and_store_metrics', 'scheduled__2023-07-28T00:00:00+00:00', '--job-id', '431', '--raw', '--subdir', 'DAGS_FOLDER/taxi_metrics_dag.py', '--cfg-path', '/tmp/tmpkytyg8fz']
[2023-12-27T12:35:58.143+0545] {standard_task_runner.py:88} INFO - Job 431: Subtask fetch_and_store_metrics
[2023-12-27T12:35:58.186+0545] {task_command.py:423} INFO - Running <TaskInstance: metrics_pipeline.fetch_and_store_metrics scheduled__2023-07-28T00:00:00+00:00 [running]> on host Sarita-Thinkpad
[2023-12-27T12:35:58.234+0545] {taskinstance.py:2481} INFO - Exporting env vars: AIRFLOW_CTX_DAG_OWNER='airflow' AIRFLOW_CTX_DAG_ID='metrics_pipeline' AIRFLOW_CTX_TASK_ID='fetch_and_store_metrics' AIRFLOW_CTX_EXECUTION_DATE='2023-07-28T00:00:00+00:00' AIRFLOW_CTX_TRY_NUMBER='1' AIRFLOW_CTX_DAG_RUN_ID='scheduled__2023-07-28T00:00:00+00:00'
[2023-12-27T12:35:58.235+0545] {taxi_metrics_dag.py:61} INFO - Getting Clickhouse Data.......
[2023-12-27T12:36:02.871+0545] {taxi_metrics_dag.py:63} INFO - Inserting Data into SQLite.....
[2023-12-27T12:36:02.886+0545] {taxi_metrics_dag.py:56} INFO - Successfully inserted data into SQLite!!
[2023-12-27T12:36:02.887+0545] {taxi_metrics_dag.py:65} INFO - Task completed successfully!!
[2023-12-27T12:36:02.887+0545] {python.py:201} INFO - Done. Returned value was: None
[2023-12-27T12:36:02.900+0545] {taskinstance.py:1138} INFO - Marking task as SUCCESS. dag_id=metrics_pipeline, task_id=fetch_and_store_metrics, execution_date=20230728T000000, start_date=20231227T065058, end_date=20231227T065102
[2023-12-27T12:36:02.936+0545] {local_task_job_runner.py:234} INFO - Task exited with return code 0
[2023-12-27T12:36:02.947+0545] {taskinstance.py:3281} INFO - 0 downstream tasks scheduled from follow-on schedule check
