[2023-12-26T13:18:22.283+0545] {taskinstance.py:1957} INFO - Dependencies all met for dep_context=non-requeueable deps ti=<TaskInstance: metrics_pipeline.fetch_and_store_metrics scheduled__2023-06-11T00:00:00+00:00 [queued]>
[2023-12-26T13:18:22.289+0545] {taskinstance.py:1957} INFO - Dependencies all met for dep_context=requeueable deps ti=<TaskInstance: metrics_pipeline.fetch_and_store_metrics scheduled__2023-06-11T00:00:00+00:00 [queued]>
[2023-12-26T13:18:22.289+0545] {taskinstance.py:2171} INFO - Starting attempt 1 of 2
[2023-12-26T13:18:22.300+0545] {taskinstance.py:2192} INFO - Executing <Task(PythonOperator): fetch_and_store_metrics> on 2023-06-11 00:00:00+00:00
[2023-12-26T13:18:22.303+0545] {standard_task_runner.py:60} INFO - Started process 27081 to run task
[2023-12-26T13:18:22.305+0545] {standard_task_runner.py:87} INFO - Running: ['airflow', 'tasks', 'run', 'metrics_pipeline', 'fetch_and_store_metrics', 'scheduled__2023-06-11T00:00:00+00:00', '--job-id', '165', '--raw', '--subdir', 'DAGS_FOLDER/taxi_metrics_dag.py', '--cfg-path', '/tmp/tmp1ke6sg30']
[2023-12-26T13:18:22.305+0545] {standard_task_runner.py:88} INFO - Job 165: Subtask fetch_and_store_metrics
[2023-12-26T13:18:22.347+0545] {task_command.py:423} INFO - Running <TaskInstance: metrics_pipeline.fetch_and_store_metrics scheduled__2023-06-11T00:00:00+00:00 [running]> on host Sarita-Thinkpad
[2023-12-26T13:18:22.404+0545] {taskinstance.py:2481} INFO - Exporting env vars: AIRFLOW_CTX_DAG_OWNER='airflow' AIRFLOW_CTX_DAG_ID='metrics_pipeline' AIRFLOW_CTX_TASK_ID='fetch_and_store_metrics' AIRFLOW_CTX_EXECUTION_DATE='2023-06-11T00:00:00+00:00' AIRFLOW_CTX_TRY_NUMBER='1' AIRFLOW_CTX_DAG_RUN_ID='scheduled__2023-06-11T00:00:00+00:00'
[2023-12-26T13:18:22.424+0545] {python.py:201} INFO - Done. Returned value was: None
[2023-12-26T13:18:22.435+0545] {taskinstance.py:1138} INFO - Marking task as SUCCESS. dag_id=metrics_pipeline, task_id=fetch_and_store_metrics, execution_date=20230611T000000, start_date=20231226T073322, end_date=20231226T073322
[2023-12-26T13:18:22.477+0545] {local_task_job_runner.py:234} INFO - Task exited with return code 0
[2023-12-26T13:18:22.489+0545] {taskinstance.py:3281} INFO - 0 downstream tasks scheduled from follow-on schedule check
[2023-12-27T12:15:48.524+0545] {taskinstance.py:1957} INFO - Dependencies all met for dep_context=non-requeueable deps ti=<TaskInstance: metrics_pipeline.fetch_and_store_metrics scheduled__2023-06-11T00:00:00+00:00 [queued]>
[2023-12-27T12:15:48.529+0545] {taskinstance.py:1957} INFO - Dependencies all met for dep_context=requeueable deps ti=<TaskInstance: metrics_pipeline.fetch_and_store_metrics scheduled__2023-06-11T00:00:00+00:00 [queued]>
[2023-12-27T12:15:48.529+0545] {taskinstance.py:2171} INFO - Starting attempt 1 of 2
[2023-12-27T12:15:48.541+0545] {taskinstance.py:2192} INFO - Executing <Task(PythonOperator): fetch_and_store_metrics> on 2023-06-11 00:00:00+00:00
[2023-12-27T12:15:48.543+0545] {standard_task_runner.py:60} INFO - Started process 12914 to run task
[2023-12-27T12:15:48.545+0545] {standard_task_runner.py:87} INFO - Running: ['airflow', 'tasks', 'run', 'metrics_pipeline', 'fetch_and_store_metrics', 'scheduled__2023-06-11T00:00:00+00:00', '--job-id', '371', '--raw', '--subdir', 'DAGS_FOLDER/taxi_metrics_dag.py', '--cfg-path', '/tmp/tmpnrscd8ib']
[2023-12-27T12:15:48.545+0545] {standard_task_runner.py:88} INFO - Job 371: Subtask fetch_and_store_metrics
[2023-12-27T12:15:48.569+0545] {task_command.py:423} INFO - Running <TaskInstance: metrics_pipeline.fetch_and_store_metrics scheduled__2023-06-11T00:00:00+00:00 [running]> on host Sarita-Thinkpad
[2023-12-27T12:15:48.624+0545] {taskinstance.py:2481} INFO - Exporting env vars: AIRFLOW_CTX_DAG_OWNER='airflow' AIRFLOW_CTX_DAG_ID='metrics_pipeline' AIRFLOW_CTX_TASK_ID='fetch_and_store_metrics' AIRFLOW_CTX_EXECUTION_DATE='2023-06-11T00:00:00+00:00' AIRFLOW_CTX_TRY_NUMBER='1' AIRFLOW_CTX_DAG_RUN_ID='scheduled__2023-06-11T00:00:00+00:00'
[2023-12-27T12:15:48.625+0545] {taxi_metrics_dag.py:61} INFO - Getting Clickhouse Data.......
[2023-12-27T12:15:53.734+0545] {taxi_metrics_dag.py:67} ERROR - Could not complete the process..:HTTPDriver for https://github.demo.trial.altinity.cloud:8443 returned response code 400)
 Code: 62. DB::Exception: Syntax error (Multi-statements are not allowed): failed at position 1290 (end of query) (line 23, col 11): ;

 FORMAT Native. . (SYNTAX_ERROR) (version 23.10.5.20 (official build))

[2023-12-27T12:15:53.735+0545] {python.py:201} INFO - Done. Returned value was: None
[2023-12-27T12:15:53.748+0545] {taskinstance.py:1138} INFO - Marking task as SUCCESS. dag_id=metrics_pipeline, task_id=fetch_and_store_metrics, execution_date=20230611T000000, start_date=20231227T063048, end_date=20231227T063053
[2023-12-27T12:15:53.814+0545] {local_task_job_runner.py:234} INFO - Task exited with return code 0
[2023-12-27T12:15:53.826+0545] {taskinstance.py:3281} INFO - 0 downstream tasks scheduled from follow-on schedule check
