[2023-12-26T13:18:40.641+0545] {taskinstance.py:1957} INFO - Dependencies all met for dep_context=non-requeueable deps ti=<TaskInstance: metrics_pipeline.fetch_and_store_metrics scheduled__2023-06-17T00:00:00+00:00 [queued]>
[2023-12-26T13:18:40.645+0545] {taskinstance.py:1957} INFO - Dependencies all met for dep_context=requeueable deps ti=<TaskInstance: metrics_pipeline.fetch_and_store_metrics scheduled__2023-06-17T00:00:00+00:00 [queued]>
[2023-12-26T13:18:40.645+0545] {taskinstance.py:2171} INFO - Starting attempt 1 of 2
[2023-12-26T13:18:40.658+0545] {taskinstance.py:2192} INFO - Executing <Task(PythonOperator): fetch_and_store_metrics> on 2023-06-17 00:00:00+00:00
[2023-12-26T13:18:40.660+0545] {standard_task_runner.py:60} INFO - Started process 27128 to run task
[2023-12-26T13:18:40.662+0545] {standard_task_runner.py:87} INFO - Running: ['airflow', 'tasks', 'run', 'metrics_pipeline', 'fetch_and_store_metrics', 'scheduled__2023-06-17T00:00:00+00:00', '--job-id', '171', '--raw', '--subdir', 'DAGS_FOLDER/taxi_metrics_dag.py', '--cfg-path', '/tmp/tmpi42w70ws']
[2023-12-26T13:18:40.663+0545] {standard_task_runner.py:88} INFO - Job 171: Subtask fetch_and_store_metrics
[2023-12-26T13:18:40.711+0545] {task_command.py:423} INFO - Running <TaskInstance: metrics_pipeline.fetch_and_store_metrics scheduled__2023-06-17T00:00:00+00:00 [running]> on host Sarita-Thinkpad
[2023-12-26T13:18:40.765+0545] {taskinstance.py:2481} INFO - Exporting env vars: AIRFLOW_CTX_DAG_OWNER='airflow' AIRFLOW_CTX_DAG_ID='metrics_pipeline' AIRFLOW_CTX_TASK_ID='fetch_and_store_metrics' AIRFLOW_CTX_EXECUTION_DATE='2023-06-17T00:00:00+00:00' AIRFLOW_CTX_TRY_NUMBER='1' AIRFLOW_CTX_DAG_RUN_ID='scheduled__2023-06-17T00:00:00+00:00'
[2023-12-26T13:18:40.780+0545] {python.py:201} INFO - Done. Returned value was: None
[2023-12-26T13:18:40.784+0545] {taskinstance.py:1138} INFO - Marking task as SUCCESS. dag_id=metrics_pipeline, task_id=fetch_and_store_metrics, execution_date=20230617T000000, start_date=20231226T073340, end_date=20231226T073340
[2023-12-26T13:18:40.834+0545] {local_task_job_runner.py:234} INFO - Task exited with return code 0
[2023-12-26T13:18:40.854+0545] {taskinstance.py:3281} INFO - 0 downstream tasks scheduled from follow-on schedule check
[2023-12-27T12:16:47.717+0545] {taskinstance.py:1957} INFO - Dependencies all met for dep_context=non-requeueable deps ti=<TaskInstance: metrics_pipeline.fetch_and_store_metrics scheduled__2023-06-17T00:00:00+00:00 [queued]>
[2023-12-27T12:16:47.721+0545] {taskinstance.py:1957} INFO - Dependencies all met for dep_context=requeueable deps ti=<TaskInstance: metrics_pipeline.fetch_and_store_metrics scheduled__2023-06-17T00:00:00+00:00 [queued]>
[2023-12-27T12:16:47.721+0545] {taskinstance.py:2171} INFO - Starting attempt 1 of 2
[2023-12-27T12:16:47.733+0545] {taskinstance.py:2192} INFO - Executing <Task(PythonOperator): fetch_and_store_metrics> on 2023-06-17 00:00:00+00:00
[2023-12-27T12:16:47.735+0545] {standard_task_runner.py:60} INFO - Started process 13363 to run task
[2023-12-27T12:16:47.737+0545] {standard_task_runner.py:87} INFO - Running: ['airflow', 'tasks', 'run', 'metrics_pipeline', 'fetch_and_store_metrics', 'scheduled__2023-06-17T00:00:00+00:00', '--job-id', '377', '--raw', '--subdir', 'DAGS_FOLDER/taxi_metrics_dag.py', '--cfg-path', '/tmp/tmpf5adx122']
[2023-12-27T12:16:47.737+0545] {standard_task_runner.py:88} INFO - Job 377: Subtask fetch_and_store_metrics
[2023-12-27T12:16:47.771+0545] {task_command.py:423} INFO - Running <TaskInstance: metrics_pipeline.fetch_and_store_metrics scheduled__2023-06-17T00:00:00+00:00 [running]> on host Sarita-Thinkpad
[2023-12-27T12:16:47.820+0545] {taskinstance.py:2481} INFO - Exporting env vars: AIRFLOW_CTX_DAG_OWNER='airflow' AIRFLOW_CTX_DAG_ID='metrics_pipeline' AIRFLOW_CTX_TASK_ID='fetch_and_store_metrics' AIRFLOW_CTX_EXECUTION_DATE='2023-06-17T00:00:00+00:00' AIRFLOW_CTX_TRY_NUMBER='1' AIRFLOW_CTX_DAG_RUN_ID='scheduled__2023-06-17T00:00:00+00:00'
[2023-12-27T12:16:47.822+0545] {taxi_metrics_dag.py:61} INFO - Getting Clickhouse Data.......
[2023-12-27T12:16:57.254+0545] {taxi_metrics_dag.py:67} ERROR - Could not complete the process..:HTTPDriver for https://github.demo.trial.altinity.cloud:8443 returned response code 400)
 Code: 62. DB::Exception: Syntax error (Multi-statements are not allowed): failed at position 1290 (end of query) (line 23, col 11): ;

 FORMAT Native. . (SYNTAX_ERROR) (version 23.10.5.20 (official build))

[2023-12-27T12:16:57.255+0545] {python.py:201} INFO - Done. Returned value was: None
[2023-12-27T12:16:57.260+0545] {taskinstance.py:1138} INFO - Marking task as SUCCESS. dag_id=metrics_pipeline, task_id=fetch_and_store_metrics, execution_date=20230617T000000, start_date=20231227T063147, end_date=20231227T063157
[2023-12-27T12:16:57.305+0545] {local_task_job_runner.py:234} INFO - Task exited with return code 0
[2023-12-27T12:16:57.320+0545] {taskinstance.py:3281} INFO - 0 downstream tasks scheduled from follow-on schedule check
