[2023-12-26T13:19:19.055+0545] {taskinstance.py:1957} INFO - Dependencies all met for dep_context=non-requeueable deps ti=<TaskInstance: metrics_pipeline.fetch_and_store_metrics scheduled__2023-06-30T00:00:00+00:00 [queued]>
[2023-12-26T13:19:19.060+0545] {taskinstance.py:1957} INFO - Dependencies all met for dep_context=requeueable deps ti=<TaskInstance: metrics_pipeline.fetch_and_store_metrics scheduled__2023-06-30T00:00:00+00:00 [queued]>
[2023-12-26T13:19:19.060+0545] {taskinstance.py:2171} INFO - Starting attempt 1 of 2
[2023-12-26T13:19:19.072+0545] {taskinstance.py:2192} INFO - Executing <Task(PythonOperator): fetch_and_store_metrics> on 2023-06-30 00:00:00+00:00
[2023-12-26T13:19:19.075+0545] {standard_task_runner.py:60} INFO - Started process 27220 to run task
[2023-12-26T13:19:19.077+0545] {standard_task_runner.py:87} INFO - Running: ['airflow', 'tasks', 'run', 'metrics_pipeline', 'fetch_and_store_metrics', 'scheduled__2023-06-30T00:00:00+00:00', '--job-id', '184', '--raw', '--subdir', 'DAGS_FOLDER/taxi_metrics_dag.py', '--cfg-path', '/tmp/tmpd13tlvqr']
[2023-12-26T13:19:19.078+0545] {standard_task_runner.py:88} INFO - Job 184: Subtask fetch_and_store_metrics
[2023-12-26T13:19:19.103+0545] {task_command.py:423} INFO - Running <TaskInstance: metrics_pipeline.fetch_and_store_metrics scheduled__2023-06-30T00:00:00+00:00 [running]> on host Sarita-Thinkpad
[2023-12-26T13:19:19.154+0545] {taskinstance.py:2481} INFO - Exporting env vars: AIRFLOW_CTX_DAG_OWNER='airflow' AIRFLOW_CTX_DAG_ID='metrics_pipeline' AIRFLOW_CTX_TASK_ID='fetch_and_store_metrics' AIRFLOW_CTX_EXECUTION_DATE='2023-06-30T00:00:00+00:00' AIRFLOW_CTX_TRY_NUMBER='1' AIRFLOW_CTX_DAG_RUN_ID='scheduled__2023-06-30T00:00:00+00:00'
[2023-12-26T13:19:19.169+0545] {python.py:201} INFO - Done. Returned value was: None
[2023-12-26T13:19:19.178+0545] {taskinstance.py:1138} INFO - Marking task as SUCCESS. dag_id=metrics_pipeline, task_id=fetch_and_store_metrics, execution_date=20230630T000000, start_date=20231226T073419, end_date=20231226T073419
[2023-12-26T13:19:19.209+0545] {local_task_job_runner.py:234} INFO - Task exited with return code 0
[2023-12-26T13:19:19.218+0545] {taskinstance.py:3281} INFO - 0 downstream tasks scheduled from follow-on schedule check
[2023-12-27T12:18:50.592+0545] {taskinstance.py:1957} INFO - Dependencies all met for dep_context=non-requeueable deps ti=<TaskInstance: metrics_pipeline.fetch_and_store_metrics scheduled__2023-06-30T00:00:00+00:00 [queued]>
[2023-12-27T12:18:50.598+0545] {taskinstance.py:1957} INFO - Dependencies all met for dep_context=requeueable deps ti=<TaskInstance: metrics_pipeline.fetch_and_store_metrics scheduled__2023-06-30T00:00:00+00:00 [queued]>
[2023-12-27T12:18:50.598+0545] {taskinstance.py:2171} INFO - Starting attempt 1 of 2
[2023-12-27T12:18:50.620+0545] {taskinstance.py:2192} INFO - Executing <Task(PythonOperator): fetch_and_store_metrics> on 2023-06-30 00:00:00+00:00
[2023-12-27T12:18:50.622+0545] {standard_task_runner.py:60} INFO - Started process 13615 to run task
[2023-12-27T12:18:50.624+0545] {standard_task_runner.py:87} INFO - Running: ['airflow', 'tasks', 'run', 'metrics_pipeline', 'fetch_and_store_metrics', 'scheduled__2023-06-30T00:00:00+00:00', '--job-id', '390', '--raw', '--subdir', 'DAGS_FOLDER/taxi_metrics_dag.py', '--cfg-path', '/tmp/tmp_9eyn3nn']
[2023-12-27T12:18:50.625+0545] {standard_task_runner.py:88} INFO - Job 390: Subtask fetch_and_store_metrics
[2023-12-27T12:18:50.653+0545] {task_command.py:423} INFO - Running <TaskInstance: metrics_pipeline.fetch_and_store_metrics scheduled__2023-06-30T00:00:00+00:00 [running]> on host Sarita-Thinkpad
[2023-12-27T12:18:50.707+0545] {taskinstance.py:2481} INFO - Exporting env vars: AIRFLOW_CTX_DAG_OWNER='airflow' AIRFLOW_CTX_DAG_ID='metrics_pipeline' AIRFLOW_CTX_TASK_ID='fetch_and_store_metrics' AIRFLOW_CTX_EXECUTION_DATE='2023-06-30T00:00:00+00:00' AIRFLOW_CTX_TRY_NUMBER='1' AIRFLOW_CTX_DAG_RUN_ID='scheduled__2023-06-30T00:00:00+00:00'
[2023-12-27T12:18:50.708+0545] {taxi_metrics_dag.py:61} INFO - Getting Clickhouse Data.......
[2023-12-27T12:18:57.777+0545] {taxi_metrics_dag.py:67} ERROR - Could not complete the process..:HTTPDriver for https://github.demo.trial.altinity.cloud:8443 returned response code 400)
 Code: 62. DB::Exception: Syntax error (Multi-statements are not allowed): failed at position 1290 (end of query) (line 23, col 11): ;

 FORMAT Native. . (SYNTAX_ERROR) (version 23.10.5.20 (official build))

[2023-12-27T12:18:57.778+0545] {python.py:201} INFO - Done. Returned value was: None
[2023-12-27T12:18:57.791+0545] {taskinstance.py:1138} INFO - Marking task as SUCCESS. dag_id=metrics_pipeline, task_id=fetch_and_store_metrics, execution_date=20230630T000000, start_date=20231227T063350, end_date=20231227T063357
[2023-12-27T12:18:57.858+0545] {local_task_job_runner.py:234} INFO - Task exited with return code 0
[2023-12-27T12:18:57.881+0545] {taskinstance.py:3281} INFO - 0 downstream tasks scheduled from follow-on schedule check
