[2023-12-26T13:22:38.618+0545] {taskinstance.py:1957} INFO - Dependencies all met for dep_context=non-requeueable deps ti=<TaskInstance: metrics_pipeline.fetch_and_store_metrics scheduled__2023-09-06T00:00:00+00:00 [queued]>
[2023-12-26T13:22:38.622+0545] {taskinstance.py:1957} INFO - Dependencies all met for dep_context=requeueable deps ti=<TaskInstance: metrics_pipeline.fetch_and_store_metrics scheduled__2023-09-06T00:00:00+00:00 [queued]>
[2023-12-26T13:22:38.622+0545] {taskinstance.py:2171} INFO - Starting attempt 1 of 2
[2023-12-26T13:22:38.634+0545] {taskinstance.py:2192} INFO - Executing <Task(PythonOperator): fetch_and_store_metrics> on 2023-09-06 00:00:00+00:00
[2023-12-26T13:22:38.636+0545] {standard_task_runner.py:60} INFO - Started process 27735 to run task
[2023-12-26T13:22:38.638+0545] {standard_task_runner.py:87} INFO - Running: ['airflow', 'tasks', 'run', 'metrics_pipeline', 'fetch_and_store_metrics', 'scheduled__2023-09-06T00:00:00+00:00', '--job-id', '252', '--raw', '--subdir', 'DAGS_FOLDER/taxi_metrics_dag.py', '--cfg-path', '/tmp/tmpwly9b9n5']
[2023-12-26T13:22:38.639+0545] {standard_task_runner.py:88} INFO - Job 252: Subtask fetch_and_store_metrics
[2023-12-26T13:22:38.662+0545] {task_command.py:423} INFO - Running <TaskInstance: metrics_pipeline.fetch_and_store_metrics scheduled__2023-09-06T00:00:00+00:00 [running]> on host Sarita-Thinkpad
[2023-12-26T13:22:38.714+0545] {taskinstance.py:2481} INFO - Exporting env vars: AIRFLOW_CTX_DAG_OWNER='airflow' AIRFLOW_CTX_DAG_ID='metrics_pipeline' AIRFLOW_CTX_TASK_ID='fetch_and_store_metrics' AIRFLOW_CTX_EXECUTION_DATE='2023-09-06T00:00:00+00:00' AIRFLOW_CTX_TRY_NUMBER='1' AIRFLOW_CTX_DAG_RUN_ID='scheduled__2023-09-06T00:00:00+00:00'
[2023-12-26T13:22:38.730+0545] {python.py:201} INFO - Done. Returned value was: None
[2023-12-26T13:22:38.740+0545] {taskinstance.py:1138} INFO - Marking task as SUCCESS. dag_id=metrics_pipeline, task_id=fetch_and_store_metrics, execution_date=20230906T000000, start_date=20231226T073738, end_date=20231226T073738
[2023-12-26T13:22:38.770+0545] {local_task_job_runner.py:234} INFO - Task exited with return code 0
[2023-12-26T13:22:38.779+0545] {taskinstance.py:3281} INFO - 0 downstream tasks scheduled from follow-on schedule check
[2023-12-27T12:45:35.710+0545] {taskinstance.py:1957} INFO - Dependencies all met for dep_context=non-requeueable deps ti=<TaskInstance: metrics_pipeline.fetch_and_store_metrics scheduled__2023-09-06T00:00:00+00:00 [queued]>
[2023-12-27T12:45:35.715+0545] {taskinstance.py:1957} INFO - Dependencies all met for dep_context=requeueable deps ti=<TaskInstance: metrics_pipeline.fetch_and_store_metrics scheduled__2023-09-06T00:00:00+00:00 [queued]>
[2023-12-27T12:45:35.715+0545] {taskinstance.py:2171} INFO - Starting attempt 1 of 2
[2023-12-27T12:45:35.727+0545] {taskinstance.py:2192} INFO - Executing <Task(PythonOperator): fetch_and_store_metrics> on 2023-09-06 00:00:00+00:00
[2023-12-27T12:45:35.730+0545] {standard_task_runner.py:60} INFO - Started process 17060 to run task
[2023-12-27T12:45:35.731+0545] {standard_task_runner.py:87} INFO - Running: ['airflow', 'tasks', 'run', 'metrics_pipeline', 'fetch_and_store_metrics', 'scheduled__2023-09-06T00:00:00+00:00', '--job-id', '474', '--raw', '--subdir', 'DAGS_FOLDER/taxi_metrics_dag.py', '--cfg-path', '/tmp/tmpi1huhokv']
[2023-12-27T12:45:35.732+0545] {standard_task_runner.py:88} INFO - Job 474: Subtask fetch_and_store_metrics
[2023-12-27T12:45:35.755+0545] {task_command.py:423} INFO - Running <TaskInstance: metrics_pipeline.fetch_and_store_metrics scheduled__2023-09-06T00:00:00+00:00 [running]> on host Sarita-Thinkpad
[2023-12-27T12:45:35.802+0545] {taskinstance.py:2481} INFO - Exporting env vars: AIRFLOW_CTX_DAG_OWNER='airflow' AIRFLOW_CTX_DAG_ID='metrics_pipeline' AIRFLOW_CTX_TASK_ID='fetch_and_store_metrics' AIRFLOW_CTX_EXECUTION_DATE='2023-09-06T00:00:00+00:00' AIRFLOW_CTX_TRY_NUMBER='1' AIRFLOW_CTX_DAG_RUN_ID='scheduled__2023-09-06T00:00:00+00:00'
[2023-12-27T12:45:35.803+0545] {taxi_metrics_dag.py:62} INFO - Getting Clickhouse Data.......
[2023-12-27T12:45:41.265+0545] {taxi_metrics_dag.py:64} INFO - Inserting Data into SQLite.....
[2023-12-27T12:45:41.302+0545] {taxi_metrics_dag.py:57} INFO - Successfully inserted data into SQLite!!
[2023-12-27T12:45:41.302+0545] {taxi_metrics_dag.py:66} INFO - Task completed successfully!!
[2023-12-27T12:45:41.303+0545] {python.py:201} INFO - Done. Returned value was: None
[2023-12-27T12:45:41.310+0545] {taskinstance.py:1138} INFO - Marking task as SUCCESS. dag_id=metrics_pipeline, task_id=fetch_and_store_metrics, execution_date=20230906T000000, start_date=20231227T070035, end_date=20231227T070041
[2023-12-27T12:45:41.364+0545] {local_task_job_runner.py:234} INFO - Task exited with return code 0
[2023-12-27T12:45:41.374+0545] {taskinstance.py:3281} INFO - 0 downstream tasks scheduled from follow-on schedule check
