[2023-12-26T13:18:12.430+0545] {taskinstance.py:1957} INFO - Dependencies all met for dep_context=non-requeueable deps ti=<TaskInstance: metrics_pipeline.fetch_and_store_metrics scheduled__2023-06-08T00:00:00+00:00 [queued]>
[2023-12-26T13:18:12.434+0545] {taskinstance.py:1957} INFO - Dependencies all met for dep_context=requeueable deps ti=<TaskInstance: metrics_pipeline.fetch_and_store_metrics scheduled__2023-06-08T00:00:00+00:00 [queued]>
[2023-12-26T13:18:12.434+0545] {taskinstance.py:2171} INFO - Starting attempt 1 of 2
[2023-12-26T13:18:12.446+0545] {taskinstance.py:2192} INFO - Executing <Task(PythonOperator): fetch_and_store_metrics> on 2023-06-08 00:00:00+00:00
[2023-12-26T13:18:12.448+0545] {standard_task_runner.py:60} INFO - Started process 27056 to run task
[2023-12-26T13:18:12.450+0545] {standard_task_runner.py:87} INFO - Running: ['airflow', 'tasks', 'run', 'metrics_pipeline', 'fetch_and_store_metrics', 'scheduled__2023-06-08T00:00:00+00:00', '--job-id', '162', '--raw', '--subdir', 'DAGS_FOLDER/taxi_metrics_dag.py', '--cfg-path', '/tmp/tmpw3sz9mlh']
[2023-12-26T13:18:12.451+0545] {standard_task_runner.py:88} INFO - Job 162: Subtask fetch_and_store_metrics
[2023-12-26T13:18:12.486+0545] {task_command.py:423} INFO - Running <TaskInstance: metrics_pipeline.fetch_and_store_metrics scheduled__2023-06-08T00:00:00+00:00 [running]> on host Sarita-Thinkpad
[2023-12-26T13:18:12.540+0545] {taskinstance.py:2481} INFO - Exporting env vars: AIRFLOW_CTX_DAG_OWNER='airflow' AIRFLOW_CTX_DAG_ID='metrics_pipeline' AIRFLOW_CTX_TASK_ID='fetch_and_store_metrics' AIRFLOW_CTX_EXECUTION_DATE='2023-06-08T00:00:00+00:00' AIRFLOW_CTX_TRY_NUMBER='1' AIRFLOW_CTX_DAG_RUN_ID='scheduled__2023-06-08T00:00:00+00:00'
[2023-12-26T13:18:12.554+0545] {python.py:201} INFO - Done. Returned value was: None
[2023-12-26T13:18:12.558+0545] {taskinstance.py:1138} INFO - Marking task as SUCCESS. dag_id=metrics_pipeline, task_id=fetch_and_store_metrics, execution_date=20230608T000000, start_date=20231226T073312, end_date=20231226T073312
[2023-12-26T13:18:12.582+0545] {local_task_job_runner.py:234} INFO - Task exited with return code 0
[2023-12-26T13:18:12.591+0545] {taskinstance.py:3281} INFO - 0 downstream tasks scheduled from follow-on schedule check
[2023-12-27T12:15:20.424+0545] {taskinstance.py:1957} INFO - Dependencies all met for dep_context=non-requeueable deps ti=<TaskInstance: metrics_pipeline.fetch_and_store_metrics scheduled__2023-06-08T00:00:00+00:00 [queued]>
[2023-12-27T12:15:20.432+0545] {taskinstance.py:1957} INFO - Dependencies all met for dep_context=requeueable deps ti=<TaskInstance: metrics_pipeline.fetch_and_store_metrics scheduled__2023-06-08T00:00:00+00:00 [queued]>
[2023-12-27T12:15:20.432+0545] {taskinstance.py:2171} INFO - Starting attempt 1 of 2
[2023-12-27T12:15:20.758+0545] {taskinstance.py:2192} INFO - Executing <Task(PythonOperator): fetch_and_store_metrics> on 2023-06-08 00:00:00+00:00
[2023-12-27T12:15:20.763+0545] {standard_task_runner.py:60} INFO - Started process 12807 to run task
[2023-12-27T12:15:20.766+0545] {standard_task_runner.py:87} INFO - Running: ['airflow', 'tasks', 'run', 'metrics_pipeline', 'fetch_and_store_metrics', 'scheduled__2023-06-08T00:00:00+00:00', '--job-id', '368', '--raw', '--subdir', 'DAGS_FOLDER/taxi_metrics_dag.py', '--cfg-path', '/tmp/tmp6v6z8wv8']
[2023-12-27T12:15:20.766+0545] {standard_task_runner.py:88} INFO - Job 368: Subtask fetch_and_store_metrics
[2023-12-27T12:15:20.914+0545] {task_command.py:423} INFO - Running <TaskInstance: metrics_pipeline.fetch_and_store_metrics scheduled__2023-06-08T00:00:00+00:00 [running]> on host Sarita-Thinkpad
[2023-12-27T12:15:21.119+0545] {taskinstance.py:2481} INFO - Exporting env vars: AIRFLOW_CTX_DAG_OWNER='airflow' AIRFLOW_CTX_DAG_ID='metrics_pipeline' AIRFLOW_CTX_TASK_ID='fetch_and_store_metrics' AIRFLOW_CTX_EXECUTION_DATE='2023-06-08T00:00:00+00:00' AIRFLOW_CTX_TRY_NUMBER='1' AIRFLOW_CTX_DAG_RUN_ID='scheduled__2023-06-08T00:00:00+00:00'
[2023-12-27T12:15:21.120+0545] {taxi_metrics_dag.py:61} INFO - Getting Clickhouse Data.......
[2023-12-27T12:15:27.869+0545] {taxi_metrics_dag.py:67} ERROR - Could not complete the process..:HTTPDriver for https://github.demo.trial.altinity.cloud:8443 returned response code 400)
 Code: 62. DB::Exception: Syntax error (Multi-statements are not allowed): failed at position 1290 (end of query) (line 23, col 11): ;

 FORMAT Native. . (SYNTAX_ERROR) (version 23.10.5.20 (official build))

[2023-12-27T12:15:27.870+0545] {python.py:201} INFO - Done. Returned value was: None
[2023-12-27T12:15:27.877+0545] {taskinstance.py:1138} INFO - Marking task as SUCCESS. dag_id=metrics_pipeline, task_id=fetch_and_store_metrics, execution_date=20230608T000000, start_date=20231227T063020, end_date=20231227T063027
[2023-12-27T12:15:27.910+0545] {local_task_job_runner.py:234} INFO - Task exited with return code 0
[2023-12-27T12:15:27.920+0545] {taskinstance.py:3281} INFO - 0 downstream tasks scheduled from follow-on schedule check
