[2023-12-27T09:36:33.543+0545] {processor.py:161} INFO - Started process (PID=6894) to work on /home/sarita/Documents/apache-airflow-project/.venv/lib/python3.9/site-packages/airflow/example_dags/subdags/subdag.py
[2023-12-27T09:36:33.544+0545] {processor.py:830} INFO - Processing file /home/sarita/Documents/apache-airflow-project/.venv/lib/python3.9/site-packages/airflow/example_dags/subdags/subdag.py for tasks to queue
[2023-12-27T09:36:33.545+0545] {logging_mixin.py:188} INFO - [2023-12-27T09:36:33.545+0545] {dagbag.py:538} INFO - Filling up the DagBag from /home/sarita/Documents/apache-airflow-project/.venv/lib/python3.9/site-packages/airflow/example_dags/subdags/subdag.py
[2023-12-27T09:36:33.547+0545] {processor.py:842} WARNING - No viable dags retrieved from /home/sarita/Documents/apache-airflow-project/.venv/lib/python3.9/site-packages/airflow/example_dags/subdags/subdag.py
[2023-12-27T09:36:33.554+0545] {processor.py:183} INFO - Processing /home/sarita/Documents/apache-airflow-project/.venv/lib/python3.9/site-packages/airflow/example_dags/subdags/subdag.py took 0.013 seconds
[2023-12-27T09:37:22.118+0545] {processor.py:161} INFO - Started process (PID=6952) to work on /home/sarita/Documents/apache-airflow-project/.venv/lib/python3.9/site-packages/airflow/example_dags/subdags/subdag.py
[2023-12-27T09:37:22.120+0545] {processor.py:830} INFO - Processing file /home/sarita/Documents/apache-airflow-project/.venv/lib/python3.9/site-packages/airflow/example_dags/subdags/subdag.py for tasks to queue
[2023-12-27T09:37:22.120+0545] {logging_mixin.py:188} INFO - [2023-12-27T09:37:22.120+0545] {dagbag.py:538} INFO - Filling up the DagBag from /home/sarita/Documents/apache-airflow-project/.venv/lib/python3.9/site-packages/airflow/example_dags/subdags/subdag.py
[2023-12-27T09:37:22.122+0545] {processor.py:842} WARNING - No viable dags retrieved from /home/sarita/Documents/apache-airflow-project/.venv/lib/python3.9/site-packages/airflow/example_dags/subdags/subdag.py
[2023-12-27T09:37:22.129+0545] {processor.py:183} INFO - Processing /home/sarita/Documents/apache-airflow-project/.venv/lib/python3.9/site-packages/airflow/example_dags/subdags/subdag.py took 0.013 seconds
[2023-12-27T09:37:58.448+0545] {processor.py:161} INFO - Started process (PID=6997) to work on /home/sarita/Documents/apache-airflow-project/.venv/lib/python3.9/site-packages/airflow/example_dags/subdags/subdag.py
[2023-12-27T09:37:58.451+0545] {processor.py:830} INFO - Processing file /home/sarita/Documents/apache-airflow-project/.venv/lib/python3.9/site-packages/airflow/example_dags/subdags/subdag.py for tasks to queue
[2023-12-27T09:37:58.451+0545] {logging_mixin.py:188} INFO - [2023-12-27T09:37:58.451+0545] {dagbag.py:538} INFO - Filling up the DagBag from /home/sarita/Documents/apache-airflow-project/.venv/lib/python3.9/site-packages/airflow/example_dags/subdags/subdag.py
[2023-12-27T09:37:58.453+0545] {processor.py:842} WARNING - No viable dags retrieved from /home/sarita/Documents/apache-airflow-project/.venv/lib/python3.9/site-packages/airflow/example_dags/subdags/subdag.py
[2023-12-27T09:37:58.460+0545] {processor.py:183} INFO - Processing /home/sarita/Documents/apache-airflow-project/.venv/lib/python3.9/site-packages/airflow/example_dags/subdags/subdag.py took 0.013 seconds
[2023-12-27T09:38:35.836+0545] {processor.py:161} INFO - Started process (PID=7099) to work on /home/sarita/Documents/apache-airflow-project/.venv/lib/python3.9/site-packages/airflow/example_dags/subdags/subdag.py
[2023-12-27T09:38:35.839+0545] {processor.py:830} INFO - Processing file /home/sarita/Documents/apache-airflow-project/.venv/lib/python3.9/site-packages/airflow/example_dags/subdags/subdag.py for tasks to queue
[2023-12-27T09:38:35.840+0545] {logging_mixin.py:188} INFO - [2023-12-27T09:38:35.839+0545] {dagbag.py:538} INFO - Filling up the DagBag from /home/sarita/Documents/apache-airflow-project/.venv/lib/python3.9/site-packages/airflow/example_dags/subdags/subdag.py
[2023-12-27T09:38:35.842+0545] {processor.py:842} WARNING - No viable dags retrieved from /home/sarita/Documents/apache-airflow-project/.venv/lib/python3.9/site-packages/airflow/example_dags/subdags/subdag.py
[2023-12-27T09:38:35.851+0545] {processor.py:183} INFO - Processing /home/sarita/Documents/apache-airflow-project/.venv/lib/python3.9/site-packages/airflow/example_dags/subdags/subdag.py took 0.018 seconds
[2023-12-27T09:39:13.460+0545] {processor.py:161} INFO - Started process (PID=7139) to work on /home/sarita/Documents/apache-airflow-project/.venv/lib/python3.9/site-packages/airflow/example_dags/subdags/subdag.py
[2023-12-27T09:39:13.462+0545] {processor.py:830} INFO - Processing file /home/sarita/Documents/apache-airflow-project/.venv/lib/python3.9/site-packages/airflow/example_dags/subdags/subdag.py for tasks to queue
[2023-12-27T09:39:13.462+0545] {logging_mixin.py:188} INFO - [2023-12-27T09:39:13.462+0545] {dagbag.py:538} INFO - Filling up the DagBag from /home/sarita/Documents/apache-airflow-project/.venv/lib/python3.9/site-packages/airflow/example_dags/subdags/subdag.py
[2023-12-27T09:39:13.464+0545] {processor.py:842} WARNING - No viable dags retrieved from /home/sarita/Documents/apache-airflow-project/.venv/lib/python3.9/site-packages/airflow/example_dags/subdags/subdag.py
[2023-12-27T09:39:13.471+0545] {processor.py:183} INFO - Processing /home/sarita/Documents/apache-airflow-project/.venv/lib/python3.9/site-packages/airflow/example_dags/subdags/subdag.py took 0.013 seconds
[2023-12-27T09:39:50.246+0545] {processor.py:161} INFO - Started process (PID=7209) to work on /home/sarita/Documents/apache-airflow-project/.venv/lib/python3.9/site-packages/airflow/example_dags/subdags/subdag.py
[2023-12-27T09:39:50.248+0545] {processor.py:830} INFO - Processing file /home/sarita/Documents/apache-airflow-project/.venv/lib/python3.9/site-packages/airflow/example_dags/subdags/subdag.py for tasks to queue
[2023-12-27T09:39:50.249+0545] {logging_mixin.py:188} INFO - [2023-12-27T09:39:50.248+0545] {dagbag.py:538} INFO - Filling up the DagBag from /home/sarita/Documents/apache-airflow-project/.venv/lib/python3.9/site-packages/airflow/example_dags/subdags/subdag.py
[2023-12-27T09:39:50.251+0545] {processor.py:842} WARNING - No viable dags retrieved from /home/sarita/Documents/apache-airflow-project/.venv/lib/python3.9/site-packages/airflow/example_dags/subdags/subdag.py
[2023-12-27T09:39:50.262+0545] {processor.py:183} INFO - Processing /home/sarita/Documents/apache-airflow-project/.venv/lib/python3.9/site-packages/airflow/example_dags/subdags/subdag.py took 0.019 seconds
[2023-12-27T09:40:29.458+0545] {processor.py:161} INFO - Started process (PID=7270) to work on /home/sarita/Documents/apache-airflow-project/.venv/lib/python3.9/site-packages/airflow/example_dags/subdags/subdag.py
[2023-12-27T09:40:29.460+0545] {processor.py:830} INFO - Processing file /home/sarita/Documents/apache-airflow-project/.venv/lib/python3.9/site-packages/airflow/example_dags/subdags/subdag.py for tasks to queue
[2023-12-27T09:40:29.461+0545] {logging_mixin.py:188} INFO - [2023-12-27T09:40:29.461+0545] {dagbag.py:538} INFO - Filling up the DagBag from /home/sarita/Documents/apache-airflow-project/.venv/lib/python3.9/site-packages/airflow/example_dags/subdags/subdag.py
[2023-12-27T09:40:29.463+0545] {processor.py:842} WARNING - No viable dags retrieved from /home/sarita/Documents/apache-airflow-project/.venv/lib/python3.9/site-packages/airflow/example_dags/subdags/subdag.py
[2023-12-27T09:40:29.473+0545] {processor.py:183} INFO - Processing /home/sarita/Documents/apache-airflow-project/.venv/lib/python3.9/site-packages/airflow/example_dags/subdags/subdag.py took 0.019 seconds
[2023-12-27T09:41:03.056+0545] {processor.py:161} INFO - Started process (PID=7464) to work on /home/sarita/Documents/apache-airflow-project/.venv/lib/python3.9/site-packages/airflow/example_dags/subdags/subdag.py
[2023-12-27T09:41:03.060+0545] {processor.py:830} INFO - Processing file /home/sarita/Documents/apache-airflow-project/.venv/lib/python3.9/site-packages/airflow/example_dags/subdags/subdag.py for tasks to queue
[2023-12-27T09:41:03.062+0545] {logging_mixin.py:188} INFO - [2023-12-27T09:41:03.061+0545] {dagbag.py:538} INFO - Filling up the DagBag from /home/sarita/Documents/apache-airflow-project/.venv/lib/python3.9/site-packages/airflow/example_dags/subdags/subdag.py
[2023-12-27T09:41:03.067+0545] {processor.py:842} WARNING - No viable dags retrieved from /home/sarita/Documents/apache-airflow-project/.venv/lib/python3.9/site-packages/airflow/example_dags/subdags/subdag.py
[2023-12-27T09:41:03.081+0545] {processor.py:183} INFO - Processing /home/sarita/Documents/apache-airflow-project/.venv/lib/python3.9/site-packages/airflow/example_dags/subdags/subdag.py took 0.033 seconds
[2023-12-27T09:41:40.943+0545] {processor.py:161} INFO - Started process (PID=7555) to work on /home/sarita/Documents/apache-airflow-project/.venv/lib/python3.9/site-packages/airflow/example_dags/subdags/subdag.py
[2023-12-27T09:41:40.944+0545] {processor.py:830} INFO - Processing file /home/sarita/Documents/apache-airflow-project/.venv/lib/python3.9/site-packages/airflow/example_dags/subdags/subdag.py for tasks to queue
[2023-12-27T09:41:40.945+0545] {logging_mixin.py:188} INFO - [2023-12-27T09:41:40.945+0545] {dagbag.py:538} INFO - Filling up the DagBag from /home/sarita/Documents/apache-airflow-project/.venv/lib/python3.9/site-packages/airflow/example_dags/subdags/subdag.py
[2023-12-27T09:41:40.946+0545] {processor.py:842} WARNING - No viable dags retrieved from /home/sarita/Documents/apache-airflow-project/.venv/lib/python3.9/site-packages/airflow/example_dags/subdags/subdag.py
[2023-12-27T09:41:40.953+0545] {processor.py:183} INFO - Processing /home/sarita/Documents/apache-airflow-project/.venv/lib/python3.9/site-packages/airflow/example_dags/subdags/subdag.py took 0.012 seconds
[2023-12-27T09:42:20.515+0545] {processor.py:161} INFO - Started process (PID=7758) to work on /home/sarita/Documents/apache-airflow-project/.venv/lib/python3.9/site-packages/airflow/example_dags/subdags/subdag.py
[2023-12-27T09:42:20.518+0545] {processor.py:830} INFO - Processing file /home/sarita/Documents/apache-airflow-project/.venv/lib/python3.9/site-packages/airflow/example_dags/subdags/subdag.py for tasks to queue
[2023-12-27T09:42:20.519+0545] {logging_mixin.py:188} INFO - [2023-12-27T09:42:20.519+0545] {dagbag.py:538} INFO - Filling up the DagBag from /home/sarita/Documents/apache-airflow-project/.venv/lib/python3.9/site-packages/airflow/example_dags/subdags/subdag.py
[2023-12-27T09:42:20.522+0545] {processor.py:842} WARNING - No viable dags retrieved from /home/sarita/Documents/apache-airflow-project/.venv/lib/python3.9/site-packages/airflow/example_dags/subdags/subdag.py
[2023-12-27T09:42:20.536+0545] {processor.py:183} INFO - Processing /home/sarita/Documents/apache-airflow-project/.venv/lib/python3.9/site-packages/airflow/example_dags/subdags/subdag.py took 0.024 seconds
[2023-12-27T09:42:55.179+0545] {processor.py:161} INFO - Started process (PID=7828) to work on /home/sarita/Documents/apache-airflow-project/.venv/lib/python3.9/site-packages/airflow/example_dags/subdags/subdag.py
[2023-12-27T09:42:55.181+0545] {processor.py:830} INFO - Processing file /home/sarita/Documents/apache-airflow-project/.venv/lib/python3.9/site-packages/airflow/example_dags/subdags/subdag.py for tasks to queue
[2023-12-27T09:42:55.183+0545] {logging_mixin.py:188} INFO - [2023-12-27T09:42:55.182+0545] {dagbag.py:538} INFO - Filling up the DagBag from /home/sarita/Documents/apache-airflow-project/.venv/lib/python3.9/site-packages/airflow/example_dags/subdags/subdag.py
[2023-12-27T09:42:55.186+0545] {processor.py:842} WARNING - No viable dags retrieved from /home/sarita/Documents/apache-airflow-project/.venv/lib/python3.9/site-packages/airflow/example_dags/subdags/subdag.py
[2023-12-27T09:42:55.201+0545] {processor.py:183} INFO - Processing /home/sarita/Documents/apache-airflow-project/.venv/lib/python3.9/site-packages/airflow/example_dags/subdags/subdag.py took 0.027 seconds
[2023-12-27T09:43:28.473+0545] {processor.py:161} INFO - Started process (PID=7879) to work on /home/sarita/Documents/apache-airflow-project/.venv/lib/python3.9/site-packages/airflow/example_dags/subdags/subdag.py
[2023-12-27T09:43:28.475+0545] {processor.py:830} INFO - Processing file /home/sarita/Documents/apache-airflow-project/.venv/lib/python3.9/site-packages/airflow/example_dags/subdags/subdag.py for tasks to queue
[2023-12-27T09:43:28.476+0545] {logging_mixin.py:188} INFO - [2023-12-27T09:43:28.476+0545] {dagbag.py:538} INFO - Filling up the DagBag from /home/sarita/Documents/apache-airflow-project/.venv/lib/python3.9/site-packages/airflow/example_dags/subdags/subdag.py
[2023-12-27T09:43:28.477+0545] {processor.py:842} WARNING - No viable dags retrieved from /home/sarita/Documents/apache-airflow-project/.venv/lib/python3.9/site-packages/airflow/example_dags/subdags/subdag.py
[2023-12-27T09:43:28.485+0545] {processor.py:183} INFO - Processing /home/sarita/Documents/apache-airflow-project/.venv/lib/python3.9/site-packages/airflow/example_dags/subdags/subdag.py took 0.013 seconds
[2023-12-27T09:44:06.175+0545] {processor.py:161} INFO - Started process (PID=7925) to work on /home/sarita/Documents/apache-airflow-project/.venv/lib/python3.9/site-packages/airflow/example_dags/subdags/subdag.py
[2023-12-27T09:44:06.178+0545] {processor.py:830} INFO - Processing file /home/sarita/Documents/apache-airflow-project/.venv/lib/python3.9/site-packages/airflow/example_dags/subdags/subdag.py for tasks to queue
[2023-12-27T09:44:06.180+0545] {logging_mixin.py:188} INFO - [2023-12-27T09:44:06.179+0545] {dagbag.py:538} INFO - Filling up the DagBag from /home/sarita/Documents/apache-airflow-project/.venv/lib/python3.9/site-packages/airflow/example_dags/subdags/subdag.py
[2023-12-27T09:44:06.185+0545] {processor.py:842} WARNING - No viable dags retrieved from /home/sarita/Documents/apache-airflow-project/.venv/lib/python3.9/site-packages/airflow/example_dags/subdags/subdag.py
[2023-12-27T09:44:06.203+0545] {processor.py:183} INFO - Processing /home/sarita/Documents/apache-airflow-project/.venv/lib/python3.9/site-packages/airflow/example_dags/subdags/subdag.py took 0.031 seconds
[2023-12-27T09:44:44.243+0545] {processor.py:161} INFO - Started process (PID=7975) to work on /home/sarita/Documents/apache-airflow-project/.venv/lib/python3.9/site-packages/airflow/example_dags/subdags/subdag.py
[2023-12-27T09:44:44.245+0545] {processor.py:830} INFO - Processing file /home/sarita/Documents/apache-airflow-project/.venv/lib/python3.9/site-packages/airflow/example_dags/subdags/subdag.py for tasks to queue
[2023-12-27T09:44:44.246+0545] {logging_mixin.py:188} INFO - [2023-12-27T09:44:44.246+0545] {dagbag.py:538} INFO - Filling up the DagBag from /home/sarita/Documents/apache-airflow-project/.venv/lib/python3.9/site-packages/airflow/example_dags/subdags/subdag.py
[2023-12-27T09:44:44.248+0545] {processor.py:842} WARNING - No viable dags retrieved from /home/sarita/Documents/apache-airflow-project/.venv/lib/python3.9/site-packages/airflow/example_dags/subdags/subdag.py
[2023-12-27T09:44:44.256+0545] {processor.py:183} INFO - Processing /home/sarita/Documents/apache-airflow-project/.venv/lib/python3.9/site-packages/airflow/example_dags/subdags/subdag.py took 0.015 seconds
[2023-12-27T09:45:18.796+0545] {processor.py:161} INFO - Started process (PID=8030) to work on /home/sarita/Documents/apache-airflow-project/.venv/lib/python3.9/site-packages/airflow/example_dags/subdags/subdag.py
[2023-12-27T09:45:18.798+0545] {processor.py:830} INFO - Processing file /home/sarita/Documents/apache-airflow-project/.venv/lib/python3.9/site-packages/airflow/example_dags/subdags/subdag.py for tasks to queue
[2023-12-27T09:45:18.799+0545] {logging_mixin.py:188} INFO - [2023-12-27T09:45:18.799+0545] {dagbag.py:538} INFO - Filling up the DagBag from /home/sarita/Documents/apache-airflow-project/.venv/lib/python3.9/site-packages/airflow/example_dags/subdags/subdag.py
[2023-12-27T09:45:18.801+0545] {processor.py:842} WARNING - No viable dags retrieved from /home/sarita/Documents/apache-airflow-project/.venv/lib/python3.9/site-packages/airflow/example_dags/subdags/subdag.py
[2023-12-27T09:45:18.810+0545] {processor.py:183} INFO - Processing /home/sarita/Documents/apache-airflow-project/.venv/lib/python3.9/site-packages/airflow/example_dags/subdags/subdag.py took 0.019 seconds
[2023-12-27T09:45:57.603+0545] {processor.py:161} INFO - Started process (PID=8458) to work on /home/sarita/Documents/apache-airflow-project/.venv/lib/python3.9/site-packages/airflow/example_dags/subdags/subdag.py
[2023-12-27T09:45:57.605+0545] {processor.py:830} INFO - Processing file /home/sarita/Documents/apache-airflow-project/.venv/lib/python3.9/site-packages/airflow/example_dags/subdags/subdag.py for tasks to queue
[2023-12-27T09:45:57.606+0545] {logging_mixin.py:188} INFO - [2023-12-27T09:45:57.606+0545] {dagbag.py:538} INFO - Filling up the DagBag from /home/sarita/Documents/apache-airflow-project/.venv/lib/python3.9/site-packages/airflow/example_dags/subdags/subdag.py
[2023-12-27T09:45:57.608+0545] {processor.py:842} WARNING - No viable dags retrieved from /home/sarita/Documents/apache-airflow-project/.venv/lib/python3.9/site-packages/airflow/example_dags/subdags/subdag.py
[2023-12-27T09:45:57.617+0545] {processor.py:183} INFO - Processing /home/sarita/Documents/apache-airflow-project/.venv/lib/python3.9/site-packages/airflow/example_dags/subdags/subdag.py took 0.016 seconds
[2023-12-27T09:46:31.554+0545] {processor.py:161} INFO - Started process (PID=8504) to work on /home/sarita/Documents/apache-airflow-project/.venv/lib/python3.9/site-packages/airflow/example_dags/subdags/subdag.py
[2023-12-27T09:46:31.556+0545] {processor.py:830} INFO - Processing file /home/sarita/Documents/apache-airflow-project/.venv/lib/python3.9/site-packages/airflow/example_dags/subdags/subdag.py for tasks to queue
[2023-12-27T09:46:31.556+0545] {logging_mixin.py:188} INFO - [2023-12-27T09:46:31.556+0545] {dagbag.py:538} INFO - Filling up the DagBag from /home/sarita/Documents/apache-airflow-project/.venv/lib/python3.9/site-packages/airflow/example_dags/subdags/subdag.py
[2023-12-27T09:46:31.558+0545] {processor.py:842} WARNING - No viable dags retrieved from /home/sarita/Documents/apache-airflow-project/.venv/lib/python3.9/site-packages/airflow/example_dags/subdags/subdag.py
[2023-12-27T09:46:31.565+0545] {processor.py:183} INFO - Processing /home/sarita/Documents/apache-airflow-project/.venv/lib/python3.9/site-packages/airflow/example_dags/subdags/subdag.py took 0.013 seconds
[2023-12-27T09:47:10.127+0545] {processor.py:161} INFO - Started process (PID=8542) to work on /home/sarita/Documents/apache-airflow-project/.venv/lib/python3.9/site-packages/airflow/example_dags/subdags/subdag.py
[2023-12-27T09:47:10.130+0545] {processor.py:830} INFO - Processing file /home/sarita/Documents/apache-airflow-project/.venv/lib/python3.9/site-packages/airflow/example_dags/subdags/subdag.py for tasks to queue
[2023-12-27T09:47:10.133+0545] {logging_mixin.py:188} INFO - [2023-12-27T09:47:10.132+0545] {dagbag.py:538} INFO - Filling up the DagBag from /home/sarita/Documents/apache-airflow-project/.venv/lib/python3.9/site-packages/airflow/example_dags/subdags/subdag.py
[2023-12-27T09:47:10.138+0545] {processor.py:842} WARNING - No viable dags retrieved from /home/sarita/Documents/apache-airflow-project/.venv/lib/python3.9/site-packages/airflow/example_dags/subdags/subdag.py
[2023-12-27T09:47:10.154+0545] {processor.py:183} INFO - Processing /home/sarita/Documents/apache-airflow-project/.venv/lib/python3.9/site-packages/airflow/example_dags/subdags/subdag.py took 0.035 seconds
[2023-12-27T09:47:49.551+0545] {processor.py:161} INFO - Started process (PID=8602) to work on /home/sarita/Documents/apache-airflow-project/.venv/lib/python3.9/site-packages/airflow/example_dags/subdags/subdag.py
[2023-12-27T09:47:49.553+0545] {processor.py:830} INFO - Processing file /home/sarita/Documents/apache-airflow-project/.venv/lib/python3.9/site-packages/airflow/example_dags/subdags/subdag.py for tasks to queue
[2023-12-27T09:47:49.554+0545] {logging_mixin.py:188} INFO - [2023-12-27T09:47:49.554+0545] {dagbag.py:538} INFO - Filling up the DagBag from /home/sarita/Documents/apache-airflow-project/.venv/lib/python3.9/site-packages/airflow/example_dags/subdags/subdag.py
[2023-12-27T09:47:49.557+0545] {processor.py:842} WARNING - No viable dags retrieved from /home/sarita/Documents/apache-airflow-project/.venv/lib/python3.9/site-packages/airflow/example_dags/subdags/subdag.py
[2023-12-27T09:47:49.566+0545] {processor.py:183} INFO - Processing /home/sarita/Documents/apache-airflow-project/.venv/lib/python3.9/site-packages/airflow/example_dags/subdags/subdag.py took 0.019 seconds
[2023-12-27T09:48:29.235+0545] {processor.py:161} INFO - Started process (PID=8649) to work on /home/sarita/Documents/apache-airflow-project/.venv/lib/python3.9/site-packages/airflow/example_dags/subdags/subdag.py
[2023-12-27T09:48:29.237+0545] {processor.py:830} INFO - Processing file /home/sarita/Documents/apache-airflow-project/.venv/lib/python3.9/site-packages/airflow/example_dags/subdags/subdag.py for tasks to queue
[2023-12-27T09:48:29.238+0545] {logging_mixin.py:188} INFO - [2023-12-27T09:48:29.238+0545] {dagbag.py:538} INFO - Filling up the DagBag from /home/sarita/Documents/apache-airflow-project/.venv/lib/python3.9/site-packages/airflow/example_dags/subdags/subdag.py
[2023-12-27T09:48:29.240+0545] {processor.py:842} WARNING - No viable dags retrieved from /home/sarita/Documents/apache-airflow-project/.venv/lib/python3.9/site-packages/airflow/example_dags/subdags/subdag.py
[2023-12-27T09:48:29.250+0545] {processor.py:183} INFO - Processing /home/sarita/Documents/apache-airflow-project/.venv/lib/python3.9/site-packages/airflow/example_dags/subdags/subdag.py took 0.019 seconds
[2023-12-27T09:49:05.188+0545] {processor.py:161} INFO - Started process (PID=8688) to work on /home/sarita/Documents/apache-airflow-project/.venv/lib/python3.9/site-packages/airflow/example_dags/subdags/subdag.py
[2023-12-27T09:49:05.191+0545] {processor.py:830} INFO - Processing file /home/sarita/Documents/apache-airflow-project/.venv/lib/python3.9/site-packages/airflow/example_dags/subdags/subdag.py for tasks to queue
[2023-12-27T09:49:05.193+0545] {logging_mixin.py:188} INFO - [2023-12-27T09:49:05.192+0545] {dagbag.py:538} INFO - Filling up the DagBag from /home/sarita/Documents/apache-airflow-project/.venv/lib/python3.9/site-packages/airflow/example_dags/subdags/subdag.py
[2023-12-27T09:49:05.198+0545] {processor.py:842} WARNING - No viable dags retrieved from /home/sarita/Documents/apache-airflow-project/.venv/lib/python3.9/site-packages/airflow/example_dags/subdags/subdag.py
[2023-12-27T09:49:05.213+0545] {processor.py:183} INFO - Processing /home/sarita/Documents/apache-airflow-project/.venv/lib/python3.9/site-packages/airflow/example_dags/subdags/subdag.py took 0.032 seconds
[2023-12-27T09:49:41.000+0545] {processor.py:161} INFO - Started process (PID=8726) to work on /home/sarita/Documents/apache-airflow-project/.venv/lib/python3.9/site-packages/airflow/example_dags/subdags/subdag.py
[2023-12-27T09:49:41.003+0545] {processor.py:830} INFO - Processing file /home/sarita/Documents/apache-airflow-project/.venv/lib/python3.9/site-packages/airflow/example_dags/subdags/subdag.py for tasks to queue
[2023-12-27T09:49:41.006+0545] {logging_mixin.py:188} INFO - [2023-12-27T09:49:41.005+0545] {dagbag.py:538} INFO - Filling up the DagBag from /home/sarita/Documents/apache-airflow-project/.venv/lib/python3.9/site-packages/airflow/example_dags/subdags/subdag.py
[2023-12-27T09:49:41.011+0545] {processor.py:842} WARNING - No viable dags retrieved from /home/sarita/Documents/apache-airflow-project/.venv/lib/python3.9/site-packages/airflow/example_dags/subdags/subdag.py
[2023-12-27T09:49:41.026+0545] {processor.py:183} INFO - Processing /home/sarita/Documents/apache-airflow-project/.venv/lib/python3.9/site-packages/airflow/example_dags/subdags/subdag.py took 0.033 seconds
[2023-12-27T09:50:19.594+0545] {processor.py:161} INFO - Started process (PID=8776) to work on /home/sarita/Documents/apache-airflow-project/.venv/lib/python3.9/site-packages/airflow/example_dags/subdags/subdag.py
[2023-12-27T09:50:19.596+0545] {processor.py:830} INFO - Processing file /home/sarita/Documents/apache-airflow-project/.venv/lib/python3.9/site-packages/airflow/example_dags/subdags/subdag.py for tasks to queue
[2023-12-27T09:50:19.596+0545] {logging_mixin.py:188} INFO - [2023-12-27T09:50:19.596+0545] {dagbag.py:538} INFO - Filling up the DagBag from /home/sarita/Documents/apache-airflow-project/.venv/lib/python3.9/site-packages/airflow/example_dags/subdags/subdag.py
[2023-12-27T09:50:19.598+0545] {processor.py:842} WARNING - No viable dags retrieved from /home/sarita/Documents/apache-airflow-project/.venv/lib/python3.9/site-packages/airflow/example_dags/subdags/subdag.py
[2023-12-27T09:50:19.605+0545] {processor.py:183} INFO - Processing /home/sarita/Documents/apache-airflow-project/.venv/lib/python3.9/site-packages/airflow/example_dags/subdags/subdag.py took 0.013 seconds
[2023-12-27T09:50:58.334+0545] {processor.py:161} INFO - Started process (PID=8849) to work on /home/sarita/Documents/apache-airflow-project/.venv/lib/python3.9/site-packages/airflow/example_dags/subdags/subdag.py
[2023-12-27T09:50:58.336+0545] {processor.py:830} INFO - Processing file /home/sarita/Documents/apache-airflow-project/.venv/lib/python3.9/site-packages/airflow/example_dags/subdags/subdag.py for tasks to queue
[2023-12-27T09:50:58.337+0545] {logging_mixin.py:188} INFO - [2023-12-27T09:50:58.337+0545] {dagbag.py:538} INFO - Filling up the DagBag from /home/sarita/Documents/apache-airflow-project/.venv/lib/python3.9/site-packages/airflow/example_dags/subdags/subdag.py
[2023-12-27T09:50:58.339+0545] {processor.py:842} WARNING - No viable dags retrieved from /home/sarita/Documents/apache-airflow-project/.venv/lib/python3.9/site-packages/airflow/example_dags/subdags/subdag.py
[2023-12-27T09:50:58.347+0545] {processor.py:183} INFO - Processing /home/sarita/Documents/apache-airflow-project/.venv/lib/python3.9/site-packages/airflow/example_dags/subdags/subdag.py took 0.016 seconds
[2023-12-27T09:51:37.735+0545] {processor.py:161} INFO - Started process (PID=8899) to work on /home/sarita/Documents/apache-airflow-project/.venv/lib/python3.9/site-packages/airflow/example_dags/subdags/subdag.py
[2023-12-27T09:51:37.737+0545] {processor.py:830} INFO - Processing file /home/sarita/Documents/apache-airflow-project/.venv/lib/python3.9/site-packages/airflow/example_dags/subdags/subdag.py for tasks to queue
[2023-12-27T09:51:37.738+0545] {logging_mixin.py:188} INFO - [2023-12-27T09:51:37.738+0545] {dagbag.py:538} INFO - Filling up the DagBag from /home/sarita/Documents/apache-airflow-project/.venv/lib/python3.9/site-packages/airflow/example_dags/subdags/subdag.py
[2023-12-27T09:51:37.740+0545] {processor.py:842} WARNING - No viable dags retrieved from /home/sarita/Documents/apache-airflow-project/.venv/lib/python3.9/site-packages/airflow/example_dags/subdags/subdag.py
[2023-12-27T09:51:37.749+0545] {processor.py:183} INFO - Processing /home/sarita/Documents/apache-airflow-project/.venv/lib/python3.9/site-packages/airflow/example_dags/subdags/subdag.py took 0.019 seconds
[2023-12-27T09:52:31.106+0545] {processor.py:161} INFO - Started process (PID=9015) to work on /home/sarita/Documents/apache-airflow-project/.venv/lib/python3.9/site-packages/airflow/example_dags/subdags/subdag.py
[2023-12-27T09:52:31.107+0545] {processor.py:830} INFO - Processing file /home/sarita/Documents/apache-airflow-project/.venv/lib/python3.9/site-packages/airflow/example_dags/subdags/subdag.py for tasks to queue
[2023-12-27T09:52:31.108+0545] {logging_mixin.py:188} INFO - [2023-12-27T09:52:31.108+0545] {dagbag.py:538} INFO - Filling up the DagBag from /home/sarita/Documents/apache-airflow-project/.venv/lib/python3.9/site-packages/airflow/example_dags/subdags/subdag.py
[2023-12-27T09:52:31.110+0545] {processor.py:842} WARNING - No viable dags retrieved from /home/sarita/Documents/apache-airflow-project/.venv/lib/python3.9/site-packages/airflow/example_dags/subdags/subdag.py
[2023-12-27T09:52:31.118+0545] {processor.py:183} INFO - Processing /home/sarita/Documents/apache-airflow-project/.venv/lib/python3.9/site-packages/airflow/example_dags/subdags/subdag.py took 0.014 seconds
[2023-12-27T09:53:51.982+0545] {processor.py:161} INFO - Started process (PID=9133) to work on /home/sarita/Documents/apache-airflow-project/.venv/lib/python3.9/site-packages/airflow/example_dags/subdags/subdag.py
[2023-12-27T09:53:51.982+0545] {processor.py:830} INFO - Processing file /home/sarita/Documents/apache-airflow-project/.venv/lib/python3.9/site-packages/airflow/example_dags/subdags/subdag.py for tasks to queue
[2023-12-27T09:53:51.983+0545] {logging_mixin.py:188} INFO - [2023-12-27T09:53:51.983+0545] {dagbag.py:538} INFO - Filling up the DagBag from /home/sarita/Documents/apache-airflow-project/.venv/lib/python3.9/site-packages/airflow/example_dags/subdags/subdag.py
[2023-12-27T09:53:51.984+0545] {processor.py:842} WARNING - No viable dags retrieved from /home/sarita/Documents/apache-airflow-project/.venv/lib/python3.9/site-packages/airflow/example_dags/subdags/subdag.py
[2023-12-27T09:53:51.990+0545] {processor.py:183} INFO - Processing /home/sarita/Documents/apache-airflow-project/.venv/lib/python3.9/site-packages/airflow/example_dags/subdags/subdag.py took 0.011 seconds
[2023-12-27T12:11:33.320+0545] {processor.py:161} INFO - Started process (PID=12557) to work on /home/sarita/Documents/apache-airflow-project/.venv/lib/python3.9/site-packages/airflow/example_dags/subdags/subdag.py
[2023-12-27T12:11:33.321+0545] {processor.py:830} INFO - Processing file /home/sarita/Documents/apache-airflow-project/.venv/lib/python3.9/site-packages/airflow/example_dags/subdags/subdag.py for tasks to queue
[2023-12-27T12:11:33.321+0545] {logging_mixin.py:188} INFO - [2023-12-27T12:11:33.321+0545] {dagbag.py:538} INFO - Filling up the DagBag from /home/sarita/Documents/apache-airflow-project/.venv/lib/python3.9/site-packages/airflow/example_dags/subdags/subdag.py
[2023-12-27T12:11:33.323+0545] {processor.py:842} WARNING - No viable dags retrieved from /home/sarita/Documents/apache-airflow-project/.venv/lib/python3.9/site-packages/airflow/example_dags/subdags/subdag.py
[2023-12-27T12:11:33.330+0545] {processor.py:183} INFO - Processing /home/sarita/Documents/apache-airflow-project/.venv/lib/python3.9/site-packages/airflow/example_dags/subdags/subdag.py took 0.012 seconds
[2023-12-27T12:14:23.903+0545] {processor.py:161} INFO - Started process (PID=12746) to work on /home/sarita/Documents/apache-airflow-project/.venv/lib/python3.9/site-packages/airflow/example_dags/subdags/subdag.py
[2023-12-27T12:14:23.903+0545] {processor.py:830} INFO - Processing file /home/sarita/Documents/apache-airflow-project/.venv/lib/python3.9/site-packages/airflow/example_dags/subdags/subdag.py for tasks to queue
[2023-12-27T12:14:23.904+0545] {logging_mixin.py:188} INFO - [2023-12-27T12:14:23.904+0545] {dagbag.py:538} INFO - Filling up the DagBag from /home/sarita/Documents/apache-airflow-project/.venv/lib/python3.9/site-packages/airflow/example_dags/subdags/subdag.py
[2023-12-27T12:14:23.905+0545] {processor.py:842} WARNING - No viable dags retrieved from /home/sarita/Documents/apache-airflow-project/.venv/lib/python3.9/site-packages/airflow/example_dags/subdags/subdag.py
[2023-12-27T12:14:23.912+0545] {processor.py:183} INFO - Processing /home/sarita/Documents/apache-airflow-project/.venv/lib/python3.9/site-packages/airflow/example_dags/subdags/subdag.py took 0.011 seconds
[2023-12-27T12:19:54.004+0545] {processor.py:161} INFO - Started process (PID=13729) to work on /home/sarita/Documents/apache-airflow-project/.venv/lib/python3.9/site-packages/airflow/example_dags/subdags/subdag.py
[2023-12-27T12:19:54.005+0545] {processor.py:830} INFO - Processing file /home/sarita/Documents/apache-airflow-project/.venv/lib/python3.9/site-packages/airflow/example_dags/subdags/subdag.py for tasks to queue
[2023-12-27T12:19:54.005+0545] {logging_mixin.py:188} INFO - [2023-12-27T12:19:54.005+0545] {dagbag.py:538} INFO - Filling up the DagBag from /home/sarita/Documents/apache-airflow-project/.venv/lib/python3.9/site-packages/airflow/example_dags/subdags/subdag.py
[2023-12-27T12:19:54.006+0545] {processor.py:842} WARNING - No viable dags retrieved from /home/sarita/Documents/apache-airflow-project/.venv/lib/python3.9/site-packages/airflow/example_dags/subdags/subdag.py
[2023-12-27T12:19:54.013+0545] {processor.py:183} INFO - Processing /home/sarita/Documents/apache-airflow-project/.venv/lib/python3.9/site-packages/airflow/example_dags/subdags/subdag.py took 0.011 seconds
[2023-12-27T12:23:33.915+0545] {processor.py:161} INFO - Started process (PID=13997) to work on /home/sarita/Documents/apache-airflow-project/.venv/lib/python3.9/site-packages/airflow/example_dags/subdags/subdag.py
[2023-12-27T12:23:33.916+0545] {processor.py:830} INFO - Processing file /home/sarita/Documents/apache-airflow-project/.venv/lib/python3.9/site-packages/airflow/example_dags/subdags/subdag.py for tasks to queue
[2023-12-27T12:23:33.917+0545] {logging_mixin.py:188} INFO - [2023-12-27T12:23:33.916+0545] {dagbag.py:538} INFO - Filling up the DagBag from /home/sarita/Documents/apache-airflow-project/.venv/lib/python3.9/site-packages/airflow/example_dags/subdags/subdag.py
[2023-12-27T12:23:33.918+0545] {processor.py:842} WARNING - No viable dags retrieved from /home/sarita/Documents/apache-airflow-project/.venv/lib/python3.9/site-packages/airflow/example_dags/subdags/subdag.py
[2023-12-27T12:23:33.925+0545] {processor.py:183} INFO - Processing /home/sarita/Documents/apache-airflow-project/.venv/lib/python3.9/site-packages/airflow/example_dags/subdags/subdag.py took 0.012 seconds
[2023-12-27T12:36:20.080+0545] {processor.py:161} INFO - Started process (PID=15115) to work on /home/sarita/Documents/apache-airflow-project/.venv/lib/python3.9/site-packages/airflow/example_dags/subdags/subdag.py
[2023-12-27T12:36:20.080+0545] {processor.py:830} INFO - Processing file /home/sarita/Documents/apache-airflow-project/.venv/lib/python3.9/site-packages/airflow/example_dags/subdags/subdag.py for tasks to queue
[2023-12-27T12:36:20.081+0545] {logging_mixin.py:188} INFO - [2023-12-27T12:36:20.081+0545] {dagbag.py:538} INFO - Filling up the DagBag from /home/sarita/Documents/apache-airflow-project/.venv/lib/python3.9/site-packages/airflow/example_dags/subdags/subdag.py
[2023-12-27T12:36:20.082+0545] {processor.py:842} WARNING - No viable dags retrieved from /home/sarita/Documents/apache-airflow-project/.venv/lib/python3.9/site-packages/airflow/example_dags/subdags/subdag.py
[2023-12-27T12:36:20.089+0545] {processor.py:183} INFO - Processing /home/sarita/Documents/apache-airflow-project/.venv/lib/python3.9/site-packages/airflow/example_dags/subdags/subdag.py took 0.011 seconds
[2023-12-27T12:39:07.065+0545] {processor.py:161} INFO - Started process (PID=15339) to work on /home/sarita/Documents/apache-airflow-project/.venv/lib/python3.9/site-packages/airflow/example_dags/subdags/subdag.py
[2023-12-27T12:39:07.069+0545] {processor.py:830} INFO - Processing file /home/sarita/Documents/apache-airflow-project/.venv/lib/python3.9/site-packages/airflow/example_dags/subdags/subdag.py for tasks to queue
[2023-12-27T12:39:07.071+0545] {logging_mixin.py:188} INFO - [2023-12-27T12:39:07.070+0545] {dagbag.py:538} INFO - Filling up the DagBag from /home/sarita/Documents/apache-airflow-project/.venv/lib/python3.9/site-packages/airflow/example_dags/subdags/subdag.py
[2023-12-27T12:39:07.076+0545] {processor.py:842} WARNING - No viable dags retrieved from /home/sarita/Documents/apache-airflow-project/.venv/lib/python3.9/site-packages/airflow/example_dags/subdags/subdag.py
[2023-12-27T12:39:07.088+0545] {processor.py:183} INFO - Processing /home/sarita/Documents/apache-airflow-project/.venv/lib/python3.9/site-packages/airflow/example_dags/subdags/subdag.py took 0.032 seconds
[2023-12-27T12:40:26.585+0545] {processor.py:161} INFO - Started process (PID=15596) to work on /home/sarita/Documents/apache-airflow-project/.venv/lib/python3.9/site-packages/airflow/example_dags/subdags/subdag.py
[2023-12-27T12:40:26.586+0545] {processor.py:830} INFO - Processing file /home/sarita/Documents/apache-airflow-project/.venv/lib/python3.9/site-packages/airflow/example_dags/subdags/subdag.py for tasks to queue
[2023-12-27T12:40:26.587+0545] {logging_mixin.py:188} INFO - [2023-12-27T12:40:26.586+0545] {dagbag.py:538} INFO - Filling up the DagBag from /home/sarita/Documents/apache-airflow-project/.venv/lib/python3.9/site-packages/airflow/example_dags/subdags/subdag.py
[2023-12-27T12:40:26.588+0545] {processor.py:842} WARNING - No viable dags retrieved from /home/sarita/Documents/apache-airflow-project/.venv/lib/python3.9/site-packages/airflow/example_dags/subdags/subdag.py
[2023-12-27T12:40:26.594+0545] {processor.py:183} INFO - Processing /home/sarita/Documents/apache-airflow-project/.venv/lib/python3.9/site-packages/airflow/example_dags/subdags/subdag.py took 0.011 seconds
[2023-12-27T12:42:30.284+0545] {processor.py:161} INFO - Started process (PID=16755) to work on /home/sarita/Documents/apache-airflow-project/.venv/lib/python3.9/site-packages/airflow/example_dags/subdags/subdag.py
[2023-12-27T12:42:30.285+0545] {processor.py:830} INFO - Processing file /home/sarita/Documents/apache-airflow-project/.venv/lib/python3.9/site-packages/airflow/example_dags/subdags/subdag.py for tasks to queue
[2023-12-27T12:42:30.285+0545] {logging_mixin.py:188} INFO - [2023-12-27T12:42:30.285+0545] {dagbag.py:538} INFO - Filling up the DagBag from /home/sarita/Documents/apache-airflow-project/.venv/lib/python3.9/site-packages/airflow/example_dags/subdags/subdag.py
[2023-12-27T12:42:30.287+0545] {processor.py:842} WARNING - No viable dags retrieved from /home/sarita/Documents/apache-airflow-project/.venv/lib/python3.9/site-packages/airflow/example_dags/subdags/subdag.py
[2023-12-27T12:42:30.293+0545] {processor.py:183} INFO - Processing /home/sarita/Documents/apache-airflow-project/.venv/lib/python3.9/site-packages/airflow/example_dags/subdags/subdag.py took 0.011 seconds
[2023-12-27T12:45:16.312+0545] {processor.py:161} INFO - Started process (PID=17042) to work on /home/sarita/Documents/apache-airflow-project/.venv/lib/python3.9/site-packages/airflow/example_dags/subdags/subdag.py
[2023-12-27T12:45:16.312+0545] {processor.py:830} INFO - Processing file /home/sarita/Documents/apache-airflow-project/.venv/lib/python3.9/site-packages/airflow/example_dags/subdags/subdag.py for tasks to queue
[2023-12-27T12:45:16.313+0545] {logging_mixin.py:188} INFO - [2023-12-27T12:45:16.312+0545] {dagbag.py:538} INFO - Filling up the DagBag from /home/sarita/Documents/apache-airflow-project/.venv/lib/python3.9/site-packages/airflow/example_dags/subdags/subdag.py
[2023-12-27T12:45:16.314+0545] {processor.py:842} WARNING - No viable dags retrieved from /home/sarita/Documents/apache-airflow-project/.venv/lib/python3.9/site-packages/airflow/example_dags/subdags/subdag.py
[2023-12-27T12:45:16.320+0545] {processor.py:183} INFO - Processing /home/sarita/Documents/apache-airflow-project/.venv/lib/python3.9/site-packages/airflow/example_dags/subdags/subdag.py took 0.011 seconds
[2023-12-27T12:52:11.352+0545] {processor.py:161} INFO - Started process (PID=17587) to work on /home/sarita/Documents/apache-airflow-project/.venv/lib/python3.9/site-packages/airflow/example_dags/subdags/subdag.py
[2023-12-27T12:52:11.355+0545] {processor.py:830} INFO - Processing file /home/sarita/Documents/apache-airflow-project/.venv/lib/python3.9/site-packages/airflow/example_dags/subdags/subdag.py for tasks to queue
[2023-12-27T12:52:11.355+0545] {logging_mixin.py:188} INFO - [2023-12-27T12:52:11.355+0545] {dagbag.py:538} INFO - Filling up the DagBag from /home/sarita/Documents/apache-airflow-project/.venv/lib/python3.9/site-packages/airflow/example_dags/subdags/subdag.py
[2023-12-27T12:52:11.357+0545] {processor.py:842} WARNING - No viable dags retrieved from /home/sarita/Documents/apache-airflow-project/.venv/lib/python3.9/site-packages/airflow/example_dags/subdags/subdag.py
[2023-12-27T12:52:11.363+0545] {processor.py:183} INFO - Processing /home/sarita/Documents/apache-airflow-project/.venv/lib/python3.9/site-packages/airflow/example_dags/subdags/subdag.py took 0.013 seconds
[2023-12-27T12:53:02.924+0545] {processor.py:161} INFO - Started process (PID=17655) to work on /home/sarita/Documents/apache-airflow-project/.venv/lib/python3.9/site-packages/airflow/example_dags/subdags/subdag.py
[2023-12-27T12:53:02.926+0545] {processor.py:830} INFO - Processing file /home/sarita/Documents/apache-airflow-project/.venv/lib/python3.9/site-packages/airflow/example_dags/subdags/subdag.py for tasks to queue
[2023-12-27T12:53:02.927+0545] {logging_mixin.py:188} INFO - [2023-12-27T12:53:02.926+0545] {dagbag.py:538} INFO - Filling up the DagBag from /home/sarita/Documents/apache-airflow-project/.venv/lib/python3.9/site-packages/airflow/example_dags/subdags/subdag.py
[2023-12-27T12:53:02.928+0545] {processor.py:842} WARNING - No viable dags retrieved from /home/sarita/Documents/apache-airflow-project/.venv/lib/python3.9/site-packages/airflow/example_dags/subdags/subdag.py
[2023-12-27T12:53:02.935+0545] {processor.py:183} INFO - Processing /home/sarita/Documents/apache-airflow-project/.venv/lib/python3.9/site-packages/airflow/example_dags/subdags/subdag.py took 0.014 seconds
[2023-12-27T12:54:18.871+0545] {processor.py:161} INFO - Started process (PID=17844) to work on /home/sarita/Documents/apache-airflow-project/.venv/lib/python3.9/site-packages/airflow/example_dags/subdags/subdag.py
[2023-12-27T12:54:18.871+0545] {processor.py:830} INFO - Processing file /home/sarita/Documents/apache-airflow-project/.venv/lib/python3.9/site-packages/airflow/example_dags/subdags/subdag.py for tasks to queue
[2023-12-27T12:54:18.872+0545] {logging_mixin.py:188} INFO - [2023-12-27T12:54:18.872+0545] {dagbag.py:538} INFO - Filling up the DagBag from /home/sarita/Documents/apache-airflow-project/.venv/lib/python3.9/site-packages/airflow/example_dags/subdags/subdag.py
[2023-12-27T12:54:18.873+0545] {processor.py:842} WARNING - No viable dags retrieved from /home/sarita/Documents/apache-airflow-project/.venv/lib/python3.9/site-packages/airflow/example_dags/subdags/subdag.py
[2023-12-27T12:54:18.880+0545] {processor.py:183} INFO - Processing /home/sarita/Documents/apache-airflow-project/.venv/lib/python3.9/site-packages/airflow/example_dags/subdags/subdag.py took 0.011 seconds
[2023-12-27T12:57:48.948+0545] {processor.py:161} INFO - Started process (PID=18043) to work on /home/sarita/Documents/apache-airflow-project/.venv/lib/python3.9/site-packages/airflow/example_dags/subdags/subdag.py
[2023-12-27T12:57:48.952+0545] {processor.py:830} INFO - Processing file /home/sarita/Documents/apache-airflow-project/.venv/lib/python3.9/site-packages/airflow/example_dags/subdags/subdag.py for tasks to queue
[2023-12-27T12:57:48.954+0545] {logging_mixin.py:188} INFO - [2023-12-27T12:57:48.953+0545] {dagbag.py:538} INFO - Filling up the DagBag from /home/sarita/Documents/apache-airflow-project/.venv/lib/python3.9/site-packages/airflow/example_dags/subdags/subdag.py
[2023-12-27T12:57:48.959+0545] {processor.py:842} WARNING - No viable dags retrieved from /home/sarita/Documents/apache-airflow-project/.venv/lib/python3.9/site-packages/airflow/example_dags/subdags/subdag.py
[2023-12-27T12:57:48.985+0545] {processor.py:183} INFO - Processing /home/sarita/Documents/apache-airflow-project/.venv/lib/python3.9/site-packages/airflow/example_dags/subdags/subdag.py took 0.045 seconds
[2023-12-27T16:15:36.775+0545] {processor.py:161} INFO - Started process (PID=24782) to work on /home/sarita/Documents/apache-airflow-project/.venv/lib/python3.9/site-packages/airflow/example_dags/subdags/subdag.py
[2023-12-27T16:15:36.778+0545] {processor.py:830} INFO - Processing file /home/sarita/Documents/apache-airflow-project/.venv/lib/python3.9/site-packages/airflow/example_dags/subdags/subdag.py for tasks to queue
[2023-12-27T16:15:36.780+0545] {logging_mixin.py:188} INFO - [2023-12-27T16:15:36.779+0545] {dagbag.py:538} INFO - Filling up the DagBag from /home/sarita/Documents/apache-airflow-project/.venv/lib/python3.9/site-packages/airflow/example_dags/subdags/subdag.py
[2023-12-27T16:15:36.786+0545] {processor.py:842} WARNING - No viable dags retrieved from /home/sarita/Documents/apache-airflow-project/.venv/lib/python3.9/site-packages/airflow/example_dags/subdags/subdag.py
[2023-12-27T16:15:36.809+0545] {processor.py:183} INFO - Processing /home/sarita/Documents/apache-airflow-project/.venv/lib/python3.9/site-packages/airflow/example_dags/subdags/subdag.py took 0.038 seconds
