[2023-12-26T13:18:08.602+0545] {taskinstance.py:1957} INFO - Dependencies all met for dep_context=non-requeueable deps ti=<TaskInstance: metrics_pipeline.fetch_and_store_metrics scheduled__2023-06-07T00:00:00+00:00 [queued]>
[2023-12-26T13:18:08.608+0545] {taskinstance.py:1957} INFO - Dependencies all met for dep_context=requeueable deps ti=<TaskInstance: metrics_pipeline.fetch_and_store_metrics scheduled__2023-06-07T00:00:00+00:00 [queued]>
[2023-12-26T13:18:08.608+0545] {taskinstance.py:2171} INFO - Starting attempt 1 of 2
[2023-12-26T13:18:08.752+0545] {taskinstance.py:2192} INFO - Executing <Task(PythonOperator): fetch_and_store_metrics> on 2023-06-07 00:00:00+00:00
[2023-12-26T13:18:08.759+0545] {standard_task_runner.py:60} INFO - Started process 27051 to run task
[2023-12-26T13:18:08.764+0545] {standard_task_runner.py:87} INFO - Running: ['airflow', 'tasks', 'run', 'metrics_pipeline', 'fetch_and_store_metrics', 'scheduled__2023-06-07T00:00:00+00:00', '--job-id', '161', '--raw', '--subdir', 'DAGS_FOLDER/taxi_metrics_dag.py', '--cfg-path', '/tmp/tmpbn3kw5r_']
[2023-12-26T13:18:08.765+0545] {standard_task_runner.py:88} INFO - Job 161: Subtask fetch_and_store_metrics
[2023-12-26T13:18:08.903+0545] {task_command.py:423} INFO - Running <TaskInstance: metrics_pipeline.fetch_and_store_metrics scheduled__2023-06-07T00:00:00+00:00 [running]> on host Sarita-Thinkpad
[2023-12-26T13:18:09.193+0545] {taskinstance.py:2481} INFO - Exporting env vars: AIRFLOW_CTX_DAG_OWNER='airflow' AIRFLOW_CTX_DAG_ID='metrics_pipeline' AIRFLOW_CTX_TASK_ID='fetch_and_store_metrics' AIRFLOW_CTX_EXECUTION_DATE='2023-06-07T00:00:00+00:00' AIRFLOW_CTX_TRY_NUMBER='1' AIRFLOW_CTX_DAG_RUN_ID='scheduled__2023-06-07T00:00:00+00:00'
[2023-12-26T13:18:09.388+0545] {python.py:201} INFO - Done. Returned value was: None
[2023-12-26T13:18:09.394+0545] {taskinstance.py:1138} INFO - Marking task as SUCCESS. dag_id=metrics_pipeline, task_id=fetch_and_store_metrics, execution_date=20230607T000000, start_date=20231226T073308, end_date=20231226T073309
[2023-12-26T13:18:09.578+0545] {local_task_job_runner.py:234} INFO - Task exited with return code 0
[2023-12-26T13:18:09.589+0545] {taskinstance.py:3281} INFO - 0 downstream tasks scheduled from follow-on schedule check
[2023-12-27T12:15:05.241+0545] {taskinstance.py:1957} INFO - Dependencies all met for dep_context=non-requeueable deps ti=<TaskInstance: metrics_pipeline.fetch_and_store_metrics scheduled__2023-06-07T00:00:00+00:00 [queued]>
[2023-12-27T12:15:05.245+0545] {taskinstance.py:1957} INFO - Dependencies all met for dep_context=requeueable deps ti=<TaskInstance: metrics_pipeline.fetch_and_store_metrics scheduled__2023-06-07T00:00:00+00:00 [queued]>
[2023-12-27T12:15:05.246+0545] {taskinstance.py:2171} INFO - Starting attempt 1 of 2
[2023-12-27T12:15:05.258+0545] {taskinstance.py:2192} INFO - Executing <Task(PythonOperator): fetch_and_store_metrics> on 2023-06-07 00:00:00+00:00
[2023-12-27T12:15:05.260+0545] {standard_task_runner.py:60} INFO - Started process 12766 to run task
[2023-12-27T12:15:05.262+0545] {standard_task_runner.py:87} INFO - Running: ['airflow', 'tasks', 'run', 'metrics_pipeline', 'fetch_and_store_metrics', 'scheduled__2023-06-07T00:00:00+00:00', '--job-id', '367', '--raw', '--subdir', 'DAGS_FOLDER/taxi_metrics_dag.py', '--cfg-path', '/tmp/tmpig_ivgnw']
[2023-12-27T12:15:05.262+0545] {standard_task_runner.py:88} INFO - Job 367: Subtask fetch_and_store_metrics
[2023-12-27T12:15:05.287+0545] {task_command.py:423} INFO - Running <TaskInstance: metrics_pipeline.fetch_and_store_metrics scheduled__2023-06-07T00:00:00+00:00 [running]> on host Sarita-Thinkpad
[2023-12-27T12:15:05.330+0545] {taskinstance.py:2481} INFO - Exporting env vars: AIRFLOW_CTX_DAG_OWNER='airflow' AIRFLOW_CTX_DAG_ID='metrics_pipeline' AIRFLOW_CTX_TASK_ID='fetch_and_store_metrics' AIRFLOW_CTX_EXECUTION_DATE='2023-06-07T00:00:00+00:00' AIRFLOW_CTX_TRY_NUMBER='1' AIRFLOW_CTX_DAG_RUN_ID='scheduled__2023-06-07T00:00:00+00:00'
[2023-12-27T12:15:05.331+0545] {taxi_metrics_dag.py:61} INFO - Getting Clickhouse Data.......
[2023-12-27T12:15:15.204+0545] {taxi_metrics_dag.py:67} ERROR - Could not complete the process..:HTTPDriver for https://github.demo.trial.altinity.cloud:8443 returned response code 400)
 Code: 62. DB::Exception: Syntax error (Multi-statements are not allowed): failed at position 1290 (end of query) (line 23, col 11): ;

 FORMAT Native. . (SYNTAX_ERROR) (version 23.10.5.20 (official build))

[2023-12-27T12:15:15.204+0545] {python.py:201} INFO - Done. Returned value was: None
[2023-12-27T12:15:15.207+0545] {taskinstance.py:1138} INFO - Marking task as SUCCESS. dag_id=metrics_pipeline, task_id=fetch_and_store_metrics, execution_date=20230607T000000, start_date=20231227T063005, end_date=20231227T063015
[2023-12-27T12:15:15.262+0545] {local_task_job_runner.py:234} INFO - Task exited with return code 0
[2023-12-27T12:15:15.269+0545] {taskinstance.py:3281} INFO - 0 downstream tasks scheduled from follow-on schedule check
