[2023-12-26T13:21:37.449+0545] {taskinstance.py:1957} INFO - Dependencies all met for dep_context=non-requeueable deps ti=<TaskInstance: metrics_pipeline.fetch_and_store_metrics scheduled__2023-08-16T00:00:00+00:00 [queued]>
[2023-12-26T13:21:37.453+0545] {taskinstance.py:1957} INFO - Dependencies all met for dep_context=requeueable deps ti=<TaskInstance: metrics_pipeline.fetch_and_store_metrics scheduled__2023-08-16T00:00:00+00:00 [queued]>
[2023-12-26T13:21:37.453+0545] {taskinstance.py:2171} INFO - Starting attempt 1 of 2
[2023-12-26T13:21:37.465+0545] {taskinstance.py:2192} INFO - Executing <Task(PythonOperator): fetch_and_store_metrics> on 2023-08-16 00:00:00+00:00
[2023-12-26T13:21:37.468+0545] {standard_task_runner.py:60} INFO - Started process 27582 to run task
[2023-12-26T13:21:37.469+0545] {standard_task_runner.py:87} INFO - Running: ['airflow', 'tasks', 'run', 'metrics_pipeline', 'fetch_and_store_metrics', 'scheduled__2023-08-16T00:00:00+00:00', '--job-id', '231', '--raw', '--subdir', 'DAGS_FOLDER/taxi_metrics_dag.py', '--cfg-path', '/tmp/tmpn8ku_3lu']
[2023-12-26T13:21:37.470+0545] {standard_task_runner.py:88} INFO - Job 231: Subtask fetch_and_store_metrics
[2023-12-26T13:21:37.494+0545] {task_command.py:423} INFO - Running <TaskInstance: metrics_pipeline.fetch_and_store_metrics scheduled__2023-08-16T00:00:00+00:00 [running]> on host Sarita-Thinkpad
[2023-12-26T13:21:37.545+0545] {taskinstance.py:2481} INFO - Exporting env vars: AIRFLOW_CTX_DAG_OWNER='airflow' AIRFLOW_CTX_DAG_ID='metrics_pipeline' AIRFLOW_CTX_TASK_ID='fetch_and_store_metrics' AIRFLOW_CTX_EXECUTION_DATE='2023-08-16T00:00:00+00:00' AIRFLOW_CTX_TRY_NUMBER='1' AIRFLOW_CTX_DAG_RUN_ID='scheduled__2023-08-16T00:00:00+00:00'
[2023-12-26T13:21:37.562+0545] {python.py:201} INFO - Done. Returned value was: None
[2023-12-26T13:21:37.569+0545] {taskinstance.py:1138} INFO - Marking task as SUCCESS. dag_id=metrics_pipeline, task_id=fetch_and_store_metrics, execution_date=20230816T000000, start_date=20231226T073637, end_date=20231226T073637
[2023-12-26T13:21:37.601+0545] {local_task_job_runner.py:234} INFO - Task exited with return code 0
[2023-12-26T13:21:37.611+0545] {taskinstance.py:3281} INFO - 0 downstream tasks scheduled from follow-on schedule check
[2023-12-27T09:53:31.640+0545] {taskinstance.py:1957} INFO - Dependencies all met for dep_context=non-requeueable deps ti=<TaskInstance: metrics_pipeline.fetch_and_store_metrics scheduled__2023-08-16T00:00:00+00:00 [queued]>
[2023-12-27T09:53:31.646+0545] {taskinstance.py:1957} INFO - Dependencies all met for dep_context=requeueable deps ti=<TaskInstance: metrics_pipeline.fetch_and_store_metrics scheduled__2023-08-16T00:00:00+00:00 [queued]>
[2023-12-27T09:53:31.646+0545] {taskinstance.py:2171} INFO - Starting attempt 1 of 2
[2023-12-27T09:53:31.658+0545] {taskinstance.py:2192} INFO - Executing <Task(PythonOperator): fetch_and_store_metrics> on 2023-08-16 00:00:00+00:00
[2023-12-27T09:53:31.661+0545] {standard_task_runner.py:60} INFO - Started process 9103 to run task
[2023-12-27T09:53:31.663+0545] {standard_task_runner.py:87} INFO - Running: ['airflow', 'tasks', 'run', 'metrics_pipeline', 'fetch_and_store_metrics', 'scheduled__2023-08-16T00:00:00+00:00', '--job-id', '332', '--raw', '--subdir', 'DAGS_FOLDER/taxi_metrics_dag.py', '--cfg-path', '/tmp/tmpy6qroe_5']
[2023-12-27T09:53:31.663+0545] {standard_task_runner.py:88} INFO - Job 332: Subtask fetch_and_store_metrics
[2023-12-27T09:53:31.688+0545] {task_command.py:423} INFO - Running <TaskInstance: metrics_pipeline.fetch_and_store_metrics scheduled__2023-08-16T00:00:00+00:00 [running]> on host Sarita-Thinkpad
[2023-12-27T09:53:31.745+0545] {taskinstance.py:2481} INFO - Exporting env vars: AIRFLOW_CTX_DAG_OWNER='airflow' AIRFLOW_CTX_DAG_ID='metrics_pipeline' AIRFLOW_CTX_TASK_ID='fetch_and_store_metrics' AIRFLOW_CTX_EXECUTION_DATE='2023-08-16T00:00:00+00:00' AIRFLOW_CTX_TRY_NUMBER='1' AIRFLOW_CTX_DAG_RUN_ID='scheduled__2023-08-16T00:00:00+00:00'
[2023-12-27T09:53:34.478+0545] {logging_mixin.py:188} INFO - <sqlalchemy.engine.cursor.LegacyCursorResult object at 0x7f2280d28040>
[2023-12-27T09:53:34.516+0545] {logging_mixin.py:188} INFO - <sqlalchemy.engine.cursor.LegacyCursorResult object at 0x7f2280ccdbb0>
[2023-12-27T09:53:34.534+0545] {logging_mixin.py:188} INFO - <sqlalchemy.engine.cursor.LegacyCursorResult object at 0x7f2280d28dc0>
[2023-12-27T09:53:34.548+0545] {logging_mixin.py:188} INFO - <sqlalchemy.engine.cursor.LegacyCursorResult object at 0x7f2280ccda90>
[2023-12-27T09:53:34.563+0545] {logging_mixin.py:188} INFO - <sqlalchemy.engine.cursor.LegacyCursorResult object at 0x7f2280cb1fa0>
[2023-12-27T09:53:34.587+0545] {logging_mixin.py:188} INFO - <sqlalchemy.engine.cursor.LegacyCursorResult object at 0x7f2280d28580>
[2023-12-27T09:53:34.610+0545] {logging_mixin.py:188} INFO - <sqlalchemy.engine.cursor.LegacyCursorResult object at 0x7f2280ca5fa0>
[2023-12-27T09:53:34.633+0545] {logging_mixin.py:188} INFO - <sqlalchemy.engine.cursor.LegacyCursorResult object at 0x7f2280c730d0>
[2023-12-27T09:53:34.655+0545] {logging_mixin.py:188} INFO - <sqlalchemy.engine.cursor.LegacyCursorResult object at 0x7f2280cd9f10>
[2023-12-27T09:53:34.671+0545] {logging_mixin.py:188} INFO - <sqlalchemy.engine.cursor.LegacyCursorResult object at 0x7f2280c73250>
[2023-12-27T09:53:34.685+0545] {logging_mixin.py:188} INFO - <sqlalchemy.engine.cursor.LegacyCursorResult object at 0x7f2280cca280>
[2023-12-27T09:53:34.701+0545] {logging_mixin.py:188} INFO - <sqlalchemy.engine.cursor.LegacyCursorResult object at 0x7f2280c74ee0>
[2023-12-27T09:53:34.716+0545] {logging_mixin.py:188} INFO - <sqlalchemy.engine.cursor.LegacyCursorResult object at 0x7f2280ca8e50>
[2023-12-27T09:53:34.716+0545] {python.py:201} INFO - Done. Returned value was: None
[2023-12-27T09:53:34.719+0545] {taskinstance.py:1138} INFO - Marking task as SUCCESS. dag_id=metrics_pipeline, task_id=fetch_and_store_metrics, execution_date=20230816T000000, start_date=20231227T040831, end_date=20231227T040834
[2023-12-27T09:53:34.766+0545] {local_task_job_runner.py:234} INFO - Task exited with return code 0
[2023-12-27T09:53:34.775+0545] {taskinstance.py:3281} INFO - 0 downstream tasks scheduled from follow-on schedule check
[2023-12-27T12:42:13.842+0545] {taskinstance.py:1957} INFO - Dependencies all met for dep_context=non-requeueable deps ti=<TaskInstance: metrics_pipeline.fetch_and_store_metrics scheduled__2023-08-16T00:00:00+00:00 [queued]>
[2023-12-27T12:42:13.847+0545] {taskinstance.py:1957} INFO - Dependencies all met for dep_context=requeueable deps ti=<TaskInstance: metrics_pipeline.fetch_and_store_metrics scheduled__2023-08-16T00:00:00+00:00 [queued]>
[2023-12-27T12:42:13.847+0545] {taskinstance.py:2171} INFO - Starting attempt 1 of 2
[2023-12-27T12:42:13.859+0545] {taskinstance.py:2192} INFO - Executing <Task(PythonOperator): fetch_and_store_metrics> on 2023-08-16 00:00:00+00:00
[2023-12-27T12:42:13.861+0545] {standard_task_runner.py:60} INFO - Started process 16666 to run task
[2023-12-27T12:42:13.863+0545] {standard_task_runner.py:87} INFO - Running: ['airflow', 'tasks', 'run', 'metrics_pipeline', 'fetch_and_store_metrics', 'scheduled__2023-08-16T00:00:00+00:00', '--job-id', '451', '--raw', '--subdir', 'DAGS_FOLDER/taxi_metrics_dag.py', '--cfg-path', '/tmp/tmpwplejyx7']
[2023-12-27T12:42:13.863+0545] {standard_task_runner.py:88} INFO - Job 451: Subtask fetch_and_store_metrics
[2023-12-27T12:42:13.887+0545] {task_command.py:423} INFO - Running <TaskInstance: metrics_pipeline.fetch_and_store_metrics scheduled__2023-08-16T00:00:00+00:00 [running]> on host Sarita-Thinkpad
[2023-12-27T12:42:13.934+0545] {taskinstance.py:2481} INFO - Exporting env vars: AIRFLOW_CTX_DAG_OWNER='airflow' AIRFLOW_CTX_DAG_ID='metrics_pipeline' AIRFLOW_CTX_TASK_ID='fetch_and_store_metrics' AIRFLOW_CTX_EXECUTION_DATE='2023-08-16T00:00:00+00:00' AIRFLOW_CTX_TRY_NUMBER='1' AIRFLOW_CTX_DAG_RUN_ID='scheduled__2023-08-16T00:00:00+00:00'
[2023-12-27T12:42:13.935+0545] {taxi_metrics_dag.py:61} INFO - Getting Clickhouse Data.......
[2023-12-27T12:42:17.704+0545] {taxi_metrics_dag.py:63} INFO - Inserting Data into SQLite.....
[2023-12-27T12:42:17.735+0545] {taxi_metrics_dag.py:56} INFO - Successfully inserted data into SQLite!!
[2023-12-27T12:42:17.736+0545] {taxi_metrics_dag.py:65} INFO - Task completed successfully!!
[2023-12-27T12:42:17.736+0545] {python.py:201} INFO - Done. Returned value was: None
[2023-12-27T12:42:17.748+0545] {taskinstance.py:1138} INFO - Marking task as SUCCESS. dag_id=metrics_pipeline, task_id=fetch_and_store_metrics, execution_date=20230816T000000, start_date=20231227T065713, end_date=20231227T065717
[2023-12-27T12:42:17.811+0545] {local_task_job_runner.py:234} INFO - Task exited with return code 0
[2023-12-27T12:42:17.834+0545] {taskinstance.py:3281} INFO - 0 downstream tasks scheduled from follow-on schedule check
