[2023-12-26T13:22:14.884+0545] {taskinstance.py:1957} INFO - Dependencies all met for dep_context=non-requeueable deps ti=<TaskInstance: metrics_pipeline.fetch_and_store_metrics scheduled__2023-08-29T00:00:00+00:00 [queued]>
[2023-12-26T13:22:14.889+0545] {taskinstance.py:1957} INFO - Dependencies all met for dep_context=requeueable deps ti=<TaskInstance: metrics_pipeline.fetch_and_store_metrics scheduled__2023-08-29T00:00:00+00:00 [queued]>
[2023-12-26T13:22:14.889+0545] {taskinstance.py:2171} INFO - Starting attempt 1 of 2
[2023-12-26T13:22:14.902+0545] {taskinstance.py:2192} INFO - Executing <Task(PythonOperator): fetch_and_store_metrics> on 2023-08-29 00:00:00+00:00
[2023-12-26T13:22:14.906+0545] {standard_task_runner.py:60} INFO - Started process 27675 to run task
[2023-12-26T13:22:14.910+0545] {standard_task_runner.py:87} INFO - Running: ['airflow', 'tasks', 'run', 'metrics_pipeline', 'fetch_and_store_metrics', 'scheduled__2023-08-29T00:00:00+00:00', '--job-id', '244', '--raw', '--subdir', 'DAGS_FOLDER/taxi_metrics_dag.py', '--cfg-path', '/tmp/tmpdwgkod2t']
[2023-12-26T13:22:14.911+0545] {standard_task_runner.py:88} INFO - Job 244: Subtask fetch_and_store_metrics
[2023-12-26T13:22:14.940+0545] {task_command.py:423} INFO - Running <TaskInstance: metrics_pipeline.fetch_and_store_metrics scheduled__2023-08-29T00:00:00+00:00 [running]> on host Sarita-Thinkpad
[2023-12-26T13:22:14.999+0545] {taskinstance.py:2481} INFO - Exporting env vars: AIRFLOW_CTX_DAG_OWNER='airflow' AIRFLOW_CTX_DAG_ID='metrics_pipeline' AIRFLOW_CTX_TASK_ID='fetch_and_store_metrics' AIRFLOW_CTX_EXECUTION_DATE='2023-08-29T00:00:00+00:00' AIRFLOW_CTX_TRY_NUMBER='1' AIRFLOW_CTX_DAG_RUN_ID='scheduled__2023-08-29T00:00:00+00:00'
[2023-12-26T13:22:15.015+0545] {python.py:201} INFO - Done. Returned value was: None
[2023-12-26T13:22:15.018+0545] {taskinstance.py:1138} INFO - Marking task as SUCCESS. dag_id=metrics_pipeline, task_id=fetch_and_store_metrics, execution_date=20230829T000000, start_date=20231226T073714, end_date=20231226T073715
[2023-12-26T13:22:15.042+0545] {local_task_job_runner.py:234} INFO - Task exited with return code 0
[2023-12-26T13:22:15.050+0545] {taskinstance.py:3281} INFO - 0 downstream tasks scheduled from follow-on schedule check
[2023-12-27T09:54:47.419+0545] {taskinstance.py:1957} INFO - Dependencies all met for dep_context=non-requeueable deps ti=<TaskInstance: metrics_pipeline.fetch_and_store_metrics scheduled__2023-08-29T00:00:00+00:00 [queued]>
[2023-12-27T09:54:47.425+0545] {taskinstance.py:1957} INFO - Dependencies all met for dep_context=requeueable deps ti=<TaskInstance: metrics_pipeline.fetch_and_store_metrics scheduled__2023-08-29T00:00:00+00:00 [queued]>
[2023-12-27T09:54:47.425+0545] {taskinstance.py:2171} INFO - Starting attempt 1 of 2
[2023-12-27T09:54:47.439+0545] {taskinstance.py:2192} INFO - Executing <Task(PythonOperator): fetch_and_store_metrics> on 2023-08-29 00:00:00+00:00
[2023-12-27T09:54:47.441+0545] {standard_task_runner.py:60} INFO - Started process 9265 to run task
[2023-12-27T09:54:47.443+0545] {standard_task_runner.py:87} INFO - Running: ['airflow', 'tasks', 'run', 'metrics_pipeline', 'fetch_and_store_metrics', 'scheduled__2023-08-29T00:00:00+00:00', '--job-id', '345', '--raw', '--subdir', 'DAGS_FOLDER/taxi_metrics_dag.py', '--cfg-path', '/tmp/tmpkhcdhk6b']
[2023-12-27T09:54:47.443+0545] {standard_task_runner.py:88} INFO - Job 345: Subtask fetch_and_store_metrics
[2023-12-27T09:54:47.469+0545] {task_command.py:423} INFO - Running <TaskInstance: metrics_pipeline.fetch_and_store_metrics scheduled__2023-08-29T00:00:00+00:00 [running]> on host Sarita-Thinkpad
[2023-12-27T09:54:47.514+0545] {taskinstance.py:2481} INFO - Exporting env vars: AIRFLOW_CTX_DAG_OWNER='airflow' AIRFLOW_CTX_DAG_ID='metrics_pipeline' AIRFLOW_CTX_TASK_ID='fetch_and_store_metrics' AIRFLOW_CTX_EXECUTION_DATE='2023-08-29T00:00:00+00:00' AIRFLOW_CTX_TRY_NUMBER='1' AIRFLOW_CTX_DAG_RUN_ID='scheduled__2023-08-29T00:00:00+00:00'
[2023-12-27T09:54:50.073+0545] {process_utils.py:131} INFO - Sending Signals.SIGTERM to group 9265. PIDs of all processes in the group: [9265]
[2023-12-27T09:54:50.073+0545] {process_utils.py:86} INFO - Sending the signal Signals.SIGTERM to group 9265
[2023-12-27T09:54:50.074+0545] {taskinstance.py:2451} ERROR - Received SIGTERM. Terminating subprocesses.
[2023-12-27T09:54:50.081+0545] {taskinstance.py:2699} ERROR - Task failed with exception
Traceback (most recent call last):
  File "/home/sarita/Documents/apache-airflow-project/.venv/lib/python3.9/site-packages/airflow/models/taskinstance.py", line 433, in _execute_task
    result = execute_callable(context=context, **execute_callable_kwargs)
  File "/home/sarita/Documents/apache-airflow-project/.venv/lib/python3.9/site-packages/airflow/operators/python.py", line 199, in execute
    return_value = self.execute_callable()
  File "/home/sarita/Documents/apache-airflow-project/.venv/lib/python3.9/site-packages/airflow/operators/python.py", line 216, in execute_callable
    return self.python_callable(*self.op_args, **self.op_kwargs)
  File "//home/sarita/Documents/apache-airflow-project/dags/taxi_metrics_dag.py", line 58, in fetch_and_store_metrics
    clickhouse_data = get_clickhouse_data()
  File "//home/sarita/Documents/apache-airflow-project/dags/taxi_metrics_dag.py", line 33, in get_clickhouse_data
    result = clickhouse_conn.query(query)
  File "/home/sarita/Documents/apache-airflow-project/.venv/lib/python3.9/site-packages/clickhouse_connect/driver/client.py", line 193, in query
    return self._query_with_context(query_context)
  File "/home/sarita/Documents/apache-airflow-project/.venv/lib/python3.9/site-packages/clickhouse_connect/driver/httpclient.py", line 209, in _query_with_context
    response = self._raw_request(body,
  File "/home/sarita/Documents/apache-airflow-project/.venv/lib/python3.9/site-packages/clickhouse_connect/driver/httpclient.py", line 409, in _raw_request
    response = self.http.request(method, url, **kwargs)
  File "/home/sarita/Documents/apache-airflow-project/.venv/lib/python3.9/site-packages/urllib3/request.py", line 81, in request
    return self.request_encode_body(
  File "/home/sarita/Documents/apache-airflow-project/.venv/lib/python3.9/site-packages/urllib3/request.py", line 173, in request_encode_body
    return self.urlopen(method, url, **extra_kw)
  File "/home/sarita/Documents/apache-airflow-project/.venv/lib/python3.9/site-packages/urllib3/poolmanager.py", line 376, in urlopen
    response = conn.urlopen(method, u.request_uri, **kw)
  File "/home/sarita/Documents/apache-airflow-project/.venv/lib/python3.9/site-packages/urllib3/connectionpool.py", line 715, in urlopen
    httplib_response = self._make_request(
  File "/home/sarita/Documents/apache-airflow-project/.venv/lib/python3.9/site-packages/urllib3/connectionpool.py", line 467, in _make_request
    six.raise_from(e, None)
  File "<string>", line 3, in raise_from
  File "/home/sarita/Documents/apache-airflow-project/.venv/lib/python3.9/site-packages/urllib3/connectionpool.py", line 462, in _make_request
    httplib_response = conn.getresponse()
  File "/usr/lib/python3.9/http/client.py", line 1349, in getresponse
    response.begin()
  File "/usr/lib/python3.9/http/client.py", line 316, in begin
    version, status, reason = self._read_status()
  File "/usr/lib/python3.9/http/client.py", line 277, in _read_status
    line = str(self.fp.readline(_MAXLINE + 1), "iso-8859-1")
  File "/usr/lib/python3.9/socket.py", line 704, in readinto
    return self._sock.recv_into(b)
  File "/usr/lib/python3.9/ssl.py", line 1241, in recv_into
    return self.read(nbytes, buffer)
  File "/usr/lib/python3.9/ssl.py", line 1099, in read
    return self._sslobj.read(len, buffer)
  File "/home/sarita/Documents/apache-airflow-project/.venv/lib/python3.9/site-packages/airflow/models/taskinstance.py", line 2453, in signal_handler
    raise AirflowException("Task received SIGTERM signal")
airflow.exceptions.AirflowException: Task received SIGTERM signal
[2023-12-27T09:54:50.119+0545] {taskinstance.py:1138} INFO - Marking task as UP_FOR_RETRY. dag_id=metrics_pipeline, task_id=fetch_and_store_metrics, execution_date=20230829T000000, start_date=20231227T040947, end_date=20231227T040950
[2023-12-27T09:54:50.141+0545] {standard_task_runner.py:107} ERROR - Failed to execute job 345 for task fetch_and_store_metrics (Task received SIGTERM signal; 9265)
[2023-12-27T09:54:50.166+0545] {process_utils.py:79} INFO - Process psutil.Process(pid=9265, status='terminated', exitcode=1, started='09:54:46') (9265) terminated with exit code 1
[2023-12-27T12:43:33.926+0545] {taskinstance.py:1957} INFO - Dependencies all met for dep_context=non-requeueable deps ti=<TaskInstance: metrics_pipeline.fetch_and_store_metrics scheduled__2023-08-29T00:00:00+00:00 [queued]>
[2023-12-27T12:43:33.931+0545] {taskinstance.py:1957} INFO - Dependencies all met for dep_context=requeueable deps ti=<TaskInstance: metrics_pipeline.fetch_and_store_metrics scheduled__2023-08-29T00:00:00+00:00 [queued]>
[2023-12-27T12:43:33.931+0545] {taskinstance.py:2171} INFO - Starting attempt 1 of 2
[2023-12-27T12:43:33.944+0545] {taskinstance.py:2192} INFO - Executing <Task(PythonOperator): fetch_and_store_metrics> on 2023-08-29 00:00:00+00:00
[2023-12-27T12:43:33.946+0545] {standard_task_runner.py:60} INFO - Started process 16850 to run task
[2023-12-27T12:43:33.948+0545] {standard_task_runner.py:87} INFO - Running: ['airflow', 'tasks', 'run', 'metrics_pipeline', 'fetch_and_store_metrics', 'scheduled__2023-08-29T00:00:00+00:00', '--job-id', '464', '--raw', '--subdir', 'DAGS_FOLDER/taxi_metrics_dag.py', '--cfg-path', '/tmp/tmpmrfoyc0o']
[2023-12-27T12:43:33.948+0545] {standard_task_runner.py:88} INFO - Job 464: Subtask fetch_and_store_metrics
[2023-12-27T12:43:33.972+0545] {task_command.py:423} INFO - Running <TaskInstance: metrics_pipeline.fetch_and_store_metrics scheduled__2023-08-29T00:00:00+00:00 [running]> on host Sarita-Thinkpad
[2023-12-27T12:43:34.018+0545] {taskinstance.py:2481} INFO - Exporting env vars: AIRFLOW_CTX_DAG_OWNER='airflow' AIRFLOW_CTX_DAG_ID='metrics_pipeline' AIRFLOW_CTX_TASK_ID='fetch_and_store_metrics' AIRFLOW_CTX_EXECUTION_DATE='2023-08-29T00:00:00+00:00' AIRFLOW_CTX_TRY_NUMBER='1' AIRFLOW_CTX_DAG_RUN_ID='scheduled__2023-08-29T00:00:00+00:00'
[2023-12-27T12:43:34.019+0545] {taxi_metrics_dag.py:61} INFO - Getting Clickhouse Data.......
[2023-12-27T12:43:37.386+0545] {taxi_metrics_dag.py:63} INFO - Inserting Data into SQLite.....
[2023-12-27T12:43:37.415+0545] {taxi_metrics_dag.py:56} INFO - Successfully inserted data into SQLite!!
[2023-12-27T12:43:37.415+0545] {taxi_metrics_dag.py:65} INFO - Task completed successfully!!
[2023-12-27T12:43:37.416+0545] {python.py:201} INFO - Done. Returned value was: None
[2023-12-27T12:43:37.423+0545] {taskinstance.py:1138} INFO - Marking task as SUCCESS. dag_id=metrics_pipeline, task_id=fetch_and_store_metrics, execution_date=20230829T000000, start_date=20231227T065833, end_date=20231227T065837
[2023-12-27T12:43:37.452+0545] {local_task_job_runner.py:234} INFO - Task exited with return code 0
[2023-12-27T12:43:37.460+0545] {taskinstance.py:3281} INFO - 0 downstream tasks scheduled from follow-on schedule check
