[2023-12-26T13:20:51.273+0545] {taskinstance.py:1957} INFO - Dependencies all met for dep_context=non-requeueable deps ti=<TaskInstance: metrics_pipeline.fetch_and_store_metrics scheduled__2023-07-31T00:00:00+00:00 [queued]>
[2023-12-26T13:20:51.278+0545] {taskinstance.py:1957} INFO - Dependencies all met for dep_context=requeueable deps ti=<TaskInstance: metrics_pipeline.fetch_and_store_metrics scheduled__2023-07-31T00:00:00+00:00 [queued]>
[2023-12-26T13:20:51.278+0545] {taskinstance.py:2171} INFO - Starting attempt 1 of 2
[2023-12-26T13:20:51.290+0545] {taskinstance.py:2192} INFO - Executing <Task(PythonOperator): fetch_and_store_metrics> on 2023-07-31 00:00:00+00:00
[2023-12-26T13:20:51.292+0545] {standard_task_runner.py:60} INFO - Started process 27466 to run task
[2023-12-26T13:20:51.294+0545] {standard_task_runner.py:87} INFO - Running: ['airflow', 'tasks', 'run', 'metrics_pipeline', 'fetch_and_store_metrics', 'scheduled__2023-07-31T00:00:00+00:00', '--job-id', '215', '--raw', '--subdir', 'DAGS_FOLDER/taxi_metrics_dag.py', '--cfg-path', '/tmp/tmp92ram52n']
[2023-12-26T13:20:51.294+0545] {standard_task_runner.py:88} INFO - Job 215: Subtask fetch_and_store_metrics
[2023-12-26T13:20:51.318+0545] {task_command.py:423} INFO - Running <TaskInstance: metrics_pipeline.fetch_and_store_metrics scheduled__2023-07-31T00:00:00+00:00 [running]> on host Sarita-Thinkpad
[2023-12-26T13:20:51.372+0545] {taskinstance.py:2481} INFO - Exporting env vars: AIRFLOW_CTX_DAG_OWNER='airflow' AIRFLOW_CTX_DAG_ID='metrics_pipeline' AIRFLOW_CTX_TASK_ID='fetch_and_store_metrics' AIRFLOW_CTX_EXECUTION_DATE='2023-07-31T00:00:00+00:00' AIRFLOW_CTX_TRY_NUMBER='1' AIRFLOW_CTX_DAG_RUN_ID='scheduled__2023-07-31T00:00:00+00:00'
[2023-12-26T13:20:51.386+0545] {python.py:201} INFO - Done. Returned value was: None
[2023-12-26T13:20:51.390+0545] {taskinstance.py:1138} INFO - Marking task as SUCCESS. dag_id=metrics_pipeline, task_id=fetch_and_store_metrics, execution_date=20230731T000000, start_date=20231226T073551, end_date=20231226T073551
[2023-12-26T13:20:51.426+0545] {local_task_job_runner.py:234} INFO - Task exited with return code 0
[2023-12-26T13:20:51.435+0545] {taskinstance.py:3281} INFO - 0 downstream tasks scheduled from follow-on schedule check
[2023-12-27T12:38:52.936+0545] {taskinstance.py:1957} INFO - Dependencies all met for dep_context=non-requeueable deps ti=<TaskInstance: metrics_pipeline.fetch_and_store_metrics scheduled__2023-07-31T00:00:00+00:00 [queued]>
[2023-12-27T12:38:52.941+0545] {taskinstance.py:1957} INFO - Dependencies all met for dep_context=requeueable deps ti=<TaskInstance: metrics_pipeline.fetch_and_store_metrics scheduled__2023-07-31T00:00:00+00:00 [queued]>
[2023-12-27T12:38:52.941+0545] {taskinstance.py:2171} INFO - Starting attempt 1 of 2
[2023-12-27T12:38:52.953+0545] {taskinstance.py:2192} INFO - Executing <Task(PythonOperator): fetch_and_store_metrics> on 2023-07-31 00:00:00+00:00
[2023-12-27T12:38:52.955+0545] {standard_task_runner.py:60} INFO - Started process 15331 to run task
[2023-12-27T12:38:52.957+0545] {standard_task_runner.py:87} INFO - Running: ['airflow', 'tasks', 'run', 'metrics_pipeline', 'fetch_and_store_metrics', 'scheduled__2023-07-31T00:00:00+00:00', '--job-id', '435', '--raw', '--subdir', 'DAGS_FOLDER/taxi_metrics_dag.py', '--cfg-path', '/tmp/tmp4quzipbu']
[2023-12-27T12:38:52.957+0545] {standard_task_runner.py:88} INFO - Job 435: Subtask fetch_and_store_metrics
[2023-12-27T12:38:52.980+0545] {task_command.py:423} INFO - Running <TaskInstance: metrics_pipeline.fetch_and_store_metrics scheduled__2023-07-31T00:00:00+00:00 [running]> on host Sarita-Thinkpad
[2023-12-27T12:38:53.027+0545] {taskinstance.py:2481} INFO - Exporting env vars: AIRFLOW_CTX_DAG_OWNER='airflow' AIRFLOW_CTX_DAG_ID='metrics_pipeline' AIRFLOW_CTX_TASK_ID='fetch_and_store_metrics' AIRFLOW_CTX_EXECUTION_DATE='2023-07-31T00:00:00+00:00' AIRFLOW_CTX_TRY_NUMBER='1' AIRFLOW_CTX_DAG_RUN_ID='scheduled__2023-07-31T00:00:00+00:00'
[2023-12-27T12:38:53.028+0545] {taxi_metrics_dag.py:61} INFO - Getting Clickhouse Data.......
[2023-12-27T12:39:03.476+0545] {taxi_metrics_dag.py:63} INFO - Inserting Data into SQLite.....
[2023-12-27T12:39:03.509+0545] {taxi_metrics_dag.py:56} INFO - Successfully inserted data into SQLite!!
[2023-12-27T12:39:03.509+0545] {taxi_metrics_dag.py:65} INFO - Task completed successfully!!
[2023-12-27T12:39:03.509+0545] {python.py:201} INFO - Done. Returned value was: None
[2023-12-27T12:39:03.515+0545] {taskinstance.py:1138} INFO - Marking task as SUCCESS. dag_id=metrics_pipeline, task_id=fetch_and_store_metrics, execution_date=20230731T000000, start_date=20231227T065352, end_date=20231227T065403
[2023-12-27T12:39:03.534+0545] {local_task_job_runner.py:234} INFO - Task exited with return code 0
[2023-12-27T12:39:03.540+0545] {taskinstance.py:3281} INFO - 0 downstream tasks scheduled from follow-on schedule check
