[2023-12-26T13:10:12.615+0545] {processor.py:161} INFO - Started process (PID=25633) to work on //home/sarita/Documents/apache-airflow-project/dags/taxi_metrics_dag.py
[2023-12-26T13:10:12.615+0545] {processor.py:830} INFO - Processing file //home/sarita/Documents/apache-airflow-project/dags/taxi_metrics_dag.py for tasks to queue
[2023-12-26T13:10:12.616+0545] {logging_mixin.py:188} INFO - [2023-12-26T13:10:12.616+0545] {dagbag.py:538} INFO - Filling up the DagBag from //home/sarita/Documents/apache-airflow-project/dags/taxi_metrics_dag.py
[2023-12-26T13:10:12.623+0545] {processor.py:840} INFO - DAG(s) 'metrics_pipeline' retrieved from //home/sarita/Documents/apache-airflow-project/dags/taxi_metrics_dag.py
[2023-12-26T13:10:12.784+0545] {logging_mixin.py:188} INFO - [2023-12-26T13:10:12.783+0545] {override.py:1769} INFO - Created Permission View: can delete on DAG:metrics_pipeline
[2023-12-26T13:10:12.806+0545] {logging_mixin.py:188} INFO - [2023-12-26T13:10:12.806+0545] {override.py:1769} INFO - Created Permission View: can edit on DAG:metrics_pipeline
[2023-12-26T13:10:12.815+0545] {logging_mixin.py:188} INFO - [2023-12-26T13:10:12.815+0545] {override.py:1769} INFO - Created Permission View: can read on DAG:metrics_pipeline
[2023-12-26T13:10:12.816+0545] {logging_mixin.py:188} INFO - [2023-12-26T13:10:12.816+0545] {dag.py:3033} INFO - Sync 1 DAGs
[2023-12-26T13:10:12.826+0545] {logging_mixin.py:188} INFO - [2023-12-26T13:10:12.826+0545] {dag.py:3055} INFO - Creating ORM DAG for metrics_pipeline
[2023-12-26T13:10:12.832+0545] {logging_mixin.py:188} INFO - [2023-12-26T13:10:12.832+0545] {dag.py:3820} INFO - Setting next_dagrun for metrics_pipeline to 2023-01-01T00:00:00+00:00, run_after=2023-01-02T00:00:00+00:00
[2023-12-26T13:10:12.847+0545] {processor.py:183} INFO - Processing //home/sarita/Documents/apache-airflow-project/dags/taxi_metrics_dag.py took 0.234 seconds
[2023-12-26T13:11:56.905+0545] {processor.py:161} INFO - Started process (PID=26012) to work on //home/sarita/Documents/apache-airflow-project/dags/taxi_metrics_dag.py
[2023-12-26T13:11:56.907+0545] {processor.py:830} INFO - Processing file //home/sarita/Documents/apache-airflow-project/dags/taxi_metrics_dag.py for tasks to queue
[2023-12-26T13:11:56.907+0545] {logging_mixin.py:188} INFO - [2023-12-26T13:11:56.907+0545] {dagbag.py:538} INFO - Filling up the DagBag from //home/sarita/Documents/apache-airflow-project/dags/taxi_metrics_dag.py
[2023-12-26T13:11:56.912+0545] {processor.py:840} INFO - DAG(s) 'metrics_pipeline' retrieved from //home/sarita/Documents/apache-airflow-project/dags/taxi_metrics_dag.py
[2023-12-26T13:11:56.923+0545] {logging_mixin.py:188} INFO - [2023-12-26T13:11:56.923+0545] {dag.py:3033} INFO - Sync 1 DAGs
[2023-12-26T13:11:56.939+0545] {logging_mixin.py:188} INFO - [2023-12-26T13:11:56.939+0545] {dag.py:3820} INFO - Setting next_dagrun for metrics_pipeline to 2023-02-03T00:00:00+00:00, run_after=2023-02-04T00:00:00+00:00
[2023-12-26T13:11:56.965+0545] {processor.py:183} INFO - Processing //home/sarita/Documents/apache-airflow-project/dags/taxi_metrics_dag.py took 0.062 seconds
[2023-12-26T13:13:04.376+0545] {processor.py:161} INFO - Started process (PID=26203) to work on //home/sarita/Documents/apache-airflow-project/dags/taxi_metrics_dag.py
[2023-12-26T13:13:04.379+0545] {processor.py:830} INFO - Processing file //home/sarita/Documents/apache-airflow-project/dags/taxi_metrics_dag.py for tasks to queue
[2023-12-26T13:13:04.382+0545] {logging_mixin.py:188} INFO - [2023-12-26T13:13:04.381+0545] {dagbag.py:538} INFO - Filling up the DagBag from //home/sarita/Documents/apache-airflow-project/dags/taxi_metrics_dag.py
[2023-12-26T13:13:04.392+0545] {processor.py:840} INFO - DAG(s) 'metrics_pipeline' retrieved from //home/sarita/Documents/apache-airflow-project/dags/taxi_metrics_dag.py
[2023-12-26T13:13:04.407+0545] {logging_mixin.py:188} INFO - [2023-12-26T13:13:04.407+0545] {dag.py:3033} INFO - Sync 1 DAGs
[2023-12-26T13:13:04.423+0545] {logging_mixin.py:188} INFO - [2023-12-26T13:13:04.423+0545] {dag.py:3820} INFO - Setting next_dagrun for metrics_pipeline to 2023-02-26T00:00:00+00:00, run_after=2023-02-27T00:00:00+00:00
[2023-12-26T13:13:04.443+0545] {processor.py:183} INFO - Processing //home/sarita/Documents/apache-airflow-project/dags/taxi_metrics_dag.py took 0.074 seconds
[2023-12-26T13:14:10.521+0545] {processor.py:161} INFO - Started process (PID=26373) to work on //home/sarita/Documents/apache-airflow-project/dags/taxi_metrics_dag.py
[2023-12-26T13:14:10.524+0545] {processor.py:830} INFO - Processing file //home/sarita/Documents/apache-airflow-project/dags/taxi_metrics_dag.py for tasks to queue
[2023-12-26T13:14:10.526+0545] {logging_mixin.py:188} INFO - [2023-12-26T13:14:10.525+0545] {dagbag.py:538} INFO - Filling up the DagBag from //home/sarita/Documents/apache-airflow-project/dags/taxi_metrics_dag.py
[2023-12-26T13:14:10.535+0545] {processor.py:840} INFO - DAG(s) 'metrics_pipeline' retrieved from //home/sarita/Documents/apache-airflow-project/dags/taxi_metrics_dag.py
[2023-12-26T13:14:10.554+0545] {logging_mixin.py:188} INFO - [2023-12-26T13:14:10.554+0545] {dag.py:3033} INFO - Sync 1 DAGs
[2023-12-26T13:14:10.571+0545] {logging_mixin.py:188} INFO - [2023-12-26T13:14:10.571+0545] {dag.py:3820} INFO - Setting next_dagrun for metrics_pipeline to 2023-03-20T00:00:00+00:00, run_after=2023-03-21T00:00:00+00:00
[2023-12-26T13:14:10.597+0545] {processor.py:183} INFO - Processing //home/sarita/Documents/apache-airflow-project/dags/taxi_metrics_dag.py took 0.081 seconds
[2023-12-26T13:15:18.154+0545] {processor.py:161} INFO - Started process (PID=26563) to work on //home/sarita/Documents/apache-airflow-project/dags/taxi_metrics_dag.py
[2023-12-26T13:15:18.156+0545] {processor.py:830} INFO - Processing file //home/sarita/Documents/apache-airflow-project/dags/taxi_metrics_dag.py for tasks to queue
[2023-12-26T13:15:18.157+0545] {logging_mixin.py:188} INFO - [2023-12-26T13:15:18.156+0545] {dagbag.py:538} INFO - Filling up the DagBag from //home/sarita/Documents/apache-airflow-project/dags/taxi_metrics_dag.py
[2023-12-26T13:15:18.161+0545] {processor.py:840} INFO - DAG(s) 'metrics_pipeline' retrieved from //home/sarita/Documents/apache-airflow-project/dags/taxi_metrics_dag.py
[2023-12-26T13:15:18.170+0545] {logging_mixin.py:188} INFO - [2023-12-26T13:15:18.170+0545] {dag.py:3033} INFO - Sync 1 DAGs
[2023-12-26T13:15:18.186+0545] {logging_mixin.py:188} INFO - [2023-12-26T13:15:18.186+0545] {dag.py:3820} INFO - Setting next_dagrun for metrics_pipeline to 2023-04-12T00:00:00+00:00, run_after=2023-04-13T00:00:00+00:00
[2023-12-26T13:15:18.203+0545] {processor.py:183} INFO - Processing //home/sarita/Documents/apache-airflow-project/dags/taxi_metrics_dag.py took 0.051 seconds
[2023-12-26T13:16:26.647+0545] {processor.py:161} INFO - Started process (PID=26750) to work on //home/sarita/Documents/apache-airflow-project/dags/taxi_metrics_dag.py
[2023-12-26T13:16:26.650+0545] {processor.py:830} INFO - Processing file //home/sarita/Documents/apache-airflow-project/dags/taxi_metrics_dag.py for tasks to queue
[2023-12-26T13:16:26.652+0545] {logging_mixin.py:188} INFO - [2023-12-26T13:16:26.651+0545] {dagbag.py:538} INFO - Filling up the DagBag from //home/sarita/Documents/apache-airflow-project/dags/taxi_metrics_dag.py
[2023-12-26T13:16:26.660+0545] {processor.py:840} INFO - DAG(s) 'metrics_pipeline' retrieved from //home/sarita/Documents/apache-airflow-project/dags/taxi_metrics_dag.py
[2023-12-26T13:16:26.674+0545] {logging_mixin.py:188} INFO - [2023-12-26T13:16:26.674+0545] {dag.py:3033} INFO - Sync 1 DAGs
[2023-12-26T13:16:26.689+0545] {logging_mixin.py:188} INFO - [2023-12-26T13:16:26.689+0545] {dag.py:3820} INFO - Setting next_dagrun for metrics_pipeline to 2023-05-05T00:00:00+00:00, run_after=2023-05-06T00:00:00+00:00
[2023-12-26T13:16:26.707+0545] {processor.py:183} INFO - Processing //home/sarita/Documents/apache-airflow-project/dags/taxi_metrics_dag.py took 0.066 seconds
[2023-12-26T13:17:35.908+0545] {processor.py:161} INFO - Started process (PID=26971) to work on //home/sarita/Documents/apache-airflow-project/dags/taxi_metrics_dag.py
[2023-12-26T13:17:35.911+0545] {processor.py:830} INFO - Processing file //home/sarita/Documents/apache-airflow-project/dags/taxi_metrics_dag.py for tasks to queue
[2023-12-26T13:17:35.913+0545] {logging_mixin.py:188} INFO - [2023-12-26T13:17:35.913+0545] {dagbag.py:538} INFO - Filling up the DagBag from //home/sarita/Documents/apache-airflow-project/dags/taxi_metrics_dag.py
[2023-12-26T13:17:35.926+0545] {processor.py:840} INFO - DAG(s) 'metrics_pipeline' retrieved from //home/sarita/Documents/apache-airflow-project/dags/taxi_metrics_dag.py
[2023-12-26T13:17:35.942+0545] {logging_mixin.py:188} INFO - [2023-12-26T13:17:35.942+0545] {dag.py:3033} INFO - Sync 1 DAGs
[2023-12-26T13:17:35.959+0545] {logging_mixin.py:188} INFO - [2023-12-26T13:17:35.959+0545] {dag.py:3820} INFO - Setting next_dagrun for metrics_pipeline to 2023-05-28T00:00:00+00:00, run_after=2023-05-29T00:00:00+00:00
[2023-12-26T13:17:35.977+0545] {processor.py:183} INFO - Processing //home/sarita/Documents/apache-airflow-project/dags/taxi_metrics_dag.py took 0.076 seconds
[2023-12-26T13:18:47.438+0545] {processor.py:161} INFO - Started process (PID=27146) to work on //home/sarita/Documents/apache-airflow-project/dags/taxi_metrics_dag.py
[2023-12-26T13:18:47.438+0545] {processor.py:830} INFO - Processing file //home/sarita/Documents/apache-airflow-project/dags/taxi_metrics_dag.py for tasks to queue
[2023-12-26T13:18:47.439+0545] {logging_mixin.py:188} INFO - [2023-12-26T13:18:47.439+0545] {dagbag.py:538} INFO - Filling up the DagBag from //home/sarita/Documents/apache-airflow-project/dags/taxi_metrics_dag.py
[2023-12-26T13:18:47.443+0545] {processor.py:840} INFO - DAG(s) 'metrics_pipeline' retrieved from //home/sarita/Documents/apache-airflow-project/dags/taxi_metrics_dag.py
[2023-12-26T13:18:47.454+0545] {logging_mixin.py:188} INFO - [2023-12-26T13:18:47.454+0545] {dag.py:3033} INFO - Sync 1 DAGs
[2023-12-26T13:18:47.470+0545] {logging_mixin.py:188} INFO - [2023-12-26T13:18:47.469+0545] {dag.py:3820} INFO - Setting next_dagrun for metrics_pipeline to 2023-06-20T00:00:00+00:00, run_after=2023-06-21T00:00:00+00:00
[2023-12-26T13:18:47.486+0545] {processor.py:183} INFO - Processing //home/sarita/Documents/apache-airflow-project/dags/taxi_metrics_dag.py took 0.051 seconds
[2023-12-26T13:19:54.771+0545] {processor.py:161} INFO - Started process (PID=27322) to work on //home/sarita/Documents/apache-airflow-project/dags/taxi_metrics_dag.py
[2023-12-26T13:19:54.774+0545] {processor.py:830} INFO - Processing file //home/sarita/Documents/apache-airflow-project/dags/taxi_metrics_dag.py for tasks to queue
[2023-12-26T13:19:54.775+0545] {logging_mixin.py:188} INFO - [2023-12-26T13:19:54.775+0545] {dagbag.py:538} INFO - Filling up the DagBag from //home/sarita/Documents/apache-airflow-project/dags/taxi_metrics_dag.py
[2023-12-26T13:19:54.781+0545] {processor.py:840} INFO - DAG(s) 'metrics_pipeline' retrieved from //home/sarita/Documents/apache-airflow-project/dags/taxi_metrics_dag.py
[2023-12-26T13:19:54.793+0545] {logging_mixin.py:188} INFO - [2023-12-26T13:19:54.793+0545] {dag.py:3033} INFO - Sync 1 DAGs
[2023-12-26T13:19:54.809+0545] {logging_mixin.py:188} INFO - [2023-12-26T13:19:54.809+0545] {dag.py:3820} INFO - Setting next_dagrun for metrics_pipeline to 2023-07-13T00:00:00+00:00, run_after=2023-07-14T00:00:00+00:00
[2023-12-26T13:19:54.827+0545] {processor.py:183} INFO - Processing //home/sarita/Documents/apache-airflow-project/dags/taxi_metrics_dag.py took 0.060 seconds
[2023-12-26T13:21:00.592+0545] {processor.py:161} INFO - Started process (PID=27496) to work on //home/sarita/Documents/apache-airflow-project/dags/taxi_metrics_dag.py
[2023-12-26T13:21:00.596+0545] {processor.py:830} INFO - Processing file //home/sarita/Documents/apache-airflow-project/dags/taxi_metrics_dag.py for tasks to queue
[2023-12-26T13:21:00.598+0545] {logging_mixin.py:188} INFO - [2023-12-26T13:21:00.597+0545] {dagbag.py:538} INFO - Filling up the DagBag from //home/sarita/Documents/apache-airflow-project/dags/taxi_metrics_dag.py
[2023-12-26T13:21:00.611+0545] {processor.py:840} INFO - DAG(s) 'metrics_pipeline' retrieved from //home/sarita/Documents/apache-airflow-project/dags/taxi_metrics_dag.py
[2023-12-26T13:21:00.628+0545] {logging_mixin.py:188} INFO - [2023-12-26T13:21:00.627+0545] {dag.py:3033} INFO - Sync 1 DAGs
[2023-12-26T13:21:00.645+0545] {logging_mixin.py:188} INFO - [2023-12-26T13:21:00.645+0545] {dag.py:3820} INFO - Setting next_dagrun for metrics_pipeline to 2023-08-04T00:00:00+00:00, run_after=2023-08-05T00:00:00+00:00
[2023-12-26T13:21:00.665+0545] {processor.py:183} INFO - Processing //home/sarita/Documents/apache-airflow-project/dags/taxi_metrics_dag.py took 0.081 seconds
[2023-12-26T13:22:07.576+0545] {processor.py:161} INFO - Started process (PID=27660) to work on //home/sarita/Documents/apache-airflow-project/dags/taxi_metrics_dag.py
[2023-12-26T13:22:07.576+0545] {processor.py:830} INFO - Processing file //home/sarita/Documents/apache-airflow-project/dags/taxi_metrics_dag.py for tasks to queue
[2023-12-26T13:22:07.577+0545] {logging_mixin.py:188} INFO - [2023-12-26T13:22:07.577+0545] {dagbag.py:538} INFO - Filling up the DagBag from //home/sarita/Documents/apache-airflow-project/dags/taxi_metrics_dag.py
[2023-12-26T13:22:07.581+0545] {processor.py:840} INFO - DAG(s) 'metrics_pipeline' retrieved from //home/sarita/Documents/apache-airflow-project/dags/taxi_metrics_dag.py
[2023-12-26T13:22:07.591+0545] {logging_mixin.py:188} INFO - [2023-12-26T13:22:07.591+0545] {dag.py:3033} INFO - Sync 1 DAGs
[2023-12-26T13:22:07.608+0545] {logging_mixin.py:188} INFO - [2023-12-26T13:22:07.607+0545] {dag.py:3820} INFO - Setting next_dagrun for metrics_pipeline to 2023-08-27T00:00:00+00:00, run_after=2023-08-28T00:00:00+00:00
[2023-12-26T13:22:07.625+0545] {processor.py:183} INFO - Processing //home/sarita/Documents/apache-airflow-project/dags/taxi_metrics_dag.py took 0.051 seconds
[2023-12-26T13:23:15.462+0545] {processor.py:161} INFO - Started process (PID=27831) to work on //home/sarita/Documents/apache-airflow-project/dags/taxi_metrics_dag.py
[2023-12-26T13:23:15.464+0545] {processor.py:830} INFO - Processing file //home/sarita/Documents/apache-airflow-project/dags/taxi_metrics_dag.py for tasks to queue
[2023-12-26T13:23:15.465+0545] {logging_mixin.py:188} INFO - [2023-12-26T13:23:15.465+0545] {dagbag.py:538} INFO - Filling up the DagBag from //home/sarita/Documents/apache-airflow-project/dags/taxi_metrics_dag.py
[2023-12-26T13:23:15.470+0545] {processor.py:840} INFO - DAG(s) 'metrics_pipeline' retrieved from //home/sarita/Documents/apache-airflow-project/dags/taxi_metrics_dag.py
[2023-12-26T13:23:15.482+0545] {logging_mixin.py:188} INFO - [2023-12-26T13:23:15.482+0545] {dag.py:3033} INFO - Sync 1 DAGs
[2023-12-26T13:23:15.499+0545] {logging_mixin.py:188} INFO - [2023-12-26T13:23:15.499+0545] {dag.py:3820} INFO - Setting next_dagrun for metrics_pipeline to 2023-09-19T00:00:00+00:00, run_after=2023-09-20T00:00:00+00:00
[2023-12-26T13:23:15.517+0545] {processor.py:183} INFO - Processing //home/sarita/Documents/apache-airflow-project/dags/taxi_metrics_dag.py took 0.057 seconds
[2023-12-26T13:24:23.031+0545] {processor.py:161} INFO - Started process (PID=28003) to work on //home/sarita/Documents/apache-airflow-project/dags/taxi_metrics_dag.py
[2023-12-26T13:24:23.034+0545] {processor.py:830} INFO - Processing file //home/sarita/Documents/apache-airflow-project/dags/taxi_metrics_dag.py for tasks to queue
[2023-12-26T13:24:23.036+0545] {logging_mixin.py:188} INFO - [2023-12-26T13:24:23.036+0545] {dagbag.py:538} INFO - Filling up the DagBag from //home/sarita/Documents/apache-airflow-project/dags/taxi_metrics_dag.py
[2023-12-26T13:24:23.048+0545] {processor.py:840} INFO - DAG(s) 'metrics_pipeline' retrieved from //home/sarita/Documents/apache-airflow-project/dags/taxi_metrics_dag.py
[2023-12-26T13:24:23.065+0545] {logging_mixin.py:188} INFO - [2023-12-26T13:24:23.064+0545] {dag.py:3033} INFO - Sync 1 DAGs
[2023-12-26T13:24:23.081+0545] {logging_mixin.py:188} INFO - [2023-12-26T13:24:23.081+0545] {dag.py:3820} INFO - Setting next_dagrun for metrics_pipeline to 2023-10-12T00:00:00+00:00, run_after=2023-10-13T00:00:00+00:00
[2023-12-26T13:24:23.100+0545] {processor.py:183} INFO - Processing //home/sarita/Documents/apache-airflow-project/dags/taxi_metrics_dag.py took 0.077 seconds
[2023-12-26T13:25:30.163+0545] {processor.py:161} INFO - Started process (PID=28192) to work on //home/sarita/Documents/apache-airflow-project/dags/taxi_metrics_dag.py
[2023-12-26T13:25:30.167+0545] {processor.py:830} INFO - Processing file //home/sarita/Documents/apache-airflow-project/dags/taxi_metrics_dag.py for tasks to queue
[2023-12-26T13:25:30.169+0545] {logging_mixin.py:188} INFO - [2023-12-26T13:25:30.168+0545] {dagbag.py:538} INFO - Filling up the DagBag from //home/sarita/Documents/apache-airflow-project/dags/taxi_metrics_dag.py
[2023-12-26T13:25:30.181+0545] {processor.py:840} INFO - DAG(s) 'metrics_pipeline' retrieved from //home/sarita/Documents/apache-airflow-project/dags/taxi_metrics_dag.py
[2023-12-26T13:25:30.197+0545] {logging_mixin.py:188} INFO - [2023-12-26T13:25:30.197+0545] {dag.py:3033} INFO - Sync 1 DAGs
[2023-12-26T13:25:30.214+0545] {logging_mixin.py:188} INFO - [2023-12-26T13:25:30.214+0545] {dag.py:3820} INFO - Setting next_dagrun for metrics_pipeline to 2023-11-03T00:00:00+00:00, run_after=2023-11-04T00:00:00+00:00
[2023-12-26T13:25:30.232+0545] {processor.py:183} INFO - Processing //home/sarita/Documents/apache-airflow-project/dags/taxi_metrics_dag.py took 0.077 seconds
