[2023-12-26T13:21:26.296+0545] {taskinstance.py:1957} INFO - Dependencies all met for dep_context=non-requeueable deps ti=<TaskInstance: metrics_pipeline.fetch_and_store_metrics scheduled__2023-08-12T00:00:00+00:00 [queued]>
[2023-12-26T13:21:26.301+0545] {taskinstance.py:1957} INFO - Dependencies all met for dep_context=requeueable deps ti=<TaskInstance: metrics_pipeline.fetch_and_store_metrics scheduled__2023-08-12T00:00:00+00:00 [queued]>
[2023-12-26T13:21:26.301+0545] {taskinstance.py:2171} INFO - Starting attempt 1 of 2
[2023-12-26T13:21:26.313+0545] {taskinstance.py:2192} INFO - Executing <Task(PythonOperator): fetch_and_store_metrics> on 2023-08-12 00:00:00+00:00
[2023-12-26T13:21:26.315+0545] {standard_task_runner.py:60} INFO - Started process 27554 to run task
[2023-12-26T13:21:26.317+0545] {standard_task_runner.py:87} INFO - Running: ['airflow', 'tasks', 'run', 'metrics_pipeline', 'fetch_and_store_metrics', 'scheduled__2023-08-12T00:00:00+00:00', '--job-id', '227', '--raw', '--subdir', 'DAGS_FOLDER/taxi_metrics_dag.py', '--cfg-path', '/tmp/tmp_b7e3zus']
[2023-12-26T13:21:26.318+0545] {standard_task_runner.py:88} INFO - Job 227: Subtask fetch_and_store_metrics
[2023-12-26T13:21:26.342+0545] {task_command.py:423} INFO - Running <TaskInstance: metrics_pipeline.fetch_and_store_metrics scheduled__2023-08-12T00:00:00+00:00 [running]> on host Sarita-Thinkpad
[2023-12-26T13:21:26.392+0545] {taskinstance.py:2481} INFO - Exporting env vars: AIRFLOW_CTX_DAG_OWNER='airflow' AIRFLOW_CTX_DAG_ID='metrics_pipeline' AIRFLOW_CTX_TASK_ID='fetch_and_store_metrics' AIRFLOW_CTX_EXECUTION_DATE='2023-08-12T00:00:00+00:00' AIRFLOW_CTX_TRY_NUMBER='1' AIRFLOW_CTX_DAG_RUN_ID='scheduled__2023-08-12T00:00:00+00:00'
[2023-12-26T13:21:26.408+0545] {python.py:201} INFO - Done. Returned value was: None
[2023-12-26T13:21:26.411+0545] {taskinstance.py:1138} INFO - Marking task as SUCCESS. dag_id=metrics_pipeline, task_id=fetch_and_store_metrics, execution_date=20230812T000000, start_date=20231226T073626, end_date=20231226T073626
[2023-12-26T13:21:26.449+0545] {local_task_job_runner.py:234} INFO - Task exited with return code 0
[2023-12-26T13:21:26.457+0545] {taskinstance.py:3281} INFO - 0 downstream tasks scheduled from follow-on schedule check
[2023-12-27T09:53:07.889+0545] {taskinstance.py:1957} INFO - Dependencies all met for dep_context=non-requeueable deps ti=<TaskInstance: metrics_pipeline.fetch_and_store_metrics scheduled__2023-08-12T00:00:00+00:00 [queued]>
[2023-12-27T09:53:07.894+0545] {taskinstance.py:1957} INFO - Dependencies all met for dep_context=requeueable deps ti=<TaskInstance: metrics_pipeline.fetch_and_store_metrics scheduled__2023-08-12T00:00:00+00:00 [queued]>
[2023-12-27T09:53:07.894+0545] {taskinstance.py:2171} INFO - Starting attempt 1 of 2
[2023-12-27T09:53:07.906+0545] {taskinstance.py:2192} INFO - Executing <Task(PythonOperator): fetch_and_store_metrics> on 2023-08-12 00:00:00+00:00
[2023-12-27T09:53:07.909+0545] {standard_task_runner.py:60} INFO - Started process 9073 to run task
[2023-12-27T09:53:07.911+0545] {standard_task_runner.py:87} INFO - Running: ['airflow', 'tasks', 'run', 'metrics_pipeline', 'fetch_and_store_metrics', 'scheduled__2023-08-12T00:00:00+00:00', '--job-id', '328', '--raw', '--subdir', 'DAGS_FOLDER/taxi_metrics_dag.py', '--cfg-path', '/tmp/tmpvdymjwpl']
[2023-12-27T09:53:07.911+0545] {standard_task_runner.py:88} INFO - Job 328: Subtask fetch_and_store_metrics
[2023-12-27T09:53:07.935+0545] {task_command.py:423} INFO - Running <TaskInstance: metrics_pipeline.fetch_and_store_metrics scheduled__2023-08-12T00:00:00+00:00 [running]> on host Sarita-Thinkpad
[2023-12-27T09:53:07.979+0545] {taskinstance.py:2481} INFO - Exporting env vars: AIRFLOW_CTX_DAG_OWNER='airflow' AIRFLOW_CTX_DAG_ID='metrics_pipeline' AIRFLOW_CTX_TASK_ID='fetch_and_store_metrics' AIRFLOW_CTX_EXECUTION_DATE='2023-08-12T00:00:00+00:00' AIRFLOW_CTX_TRY_NUMBER='1' AIRFLOW_CTX_DAG_RUN_ID='scheduled__2023-08-12T00:00:00+00:00'
[2023-12-27T09:53:10.787+0545] {logging_mixin.py:188} INFO - <sqlalchemy.engine.cursor.LegacyCursorResult object at 0x7fbdbedb7040>
[2023-12-27T09:53:10.813+0545] {logging_mixin.py:188} INFO - <sqlalchemy.engine.cursor.LegacyCursorResult object at 0x7fbdbed33cd0>
[2023-12-27T09:53:10.828+0545] {logging_mixin.py:188} INFO - <sqlalchemy.engine.cursor.LegacyCursorResult object at 0x7fbdbedb7c70>
[2023-12-27T09:53:10.843+0545] {logging_mixin.py:188} INFO - <sqlalchemy.engine.cursor.LegacyCursorResult object at 0x7fbdbedb7220>
[2023-12-27T09:53:10.857+0545] {logging_mixin.py:188} INFO - <sqlalchemy.engine.cursor.LegacyCursorResult object at 0x7fbdbed40f40>
[2023-12-27T09:53:10.872+0545] {logging_mixin.py:188} INFO - <sqlalchemy.engine.cursor.LegacyCursorResult object at 0x7fbdbecf6f10>
[2023-12-27T09:53:10.886+0545] {logging_mixin.py:188} INFO - <sqlalchemy.engine.cursor.LegacyCursorResult object at 0x7fbdbed18fd0>
[2023-12-27T09:53:10.911+0545] {logging_mixin.py:188} INFO - <sqlalchemy.engine.cursor.LegacyCursorResult object at 0x7fbdbed081c0>
[2023-12-27T09:53:10.928+0545] {logging_mixin.py:188} INFO - <sqlalchemy.engine.cursor.LegacyCursorResult object at 0x7fbdbed08370>
[2023-12-27T09:53:10.943+0545] {logging_mixin.py:188} INFO - <sqlalchemy.engine.cursor.LegacyCursorResult object at 0x7fbdbed02d90>
[2023-12-27T09:53:10.958+0545] {logging_mixin.py:188} INFO - <sqlalchemy.engine.cursor.LegacyCursorResult object at 0x7fbdbed66370>
[2023-12-27T09:53:10.973+0545] {logging_mixin.py:188} INFO - <sqlalchemy.engine.cursor.LegacyCursorResult object at 0x7fbdbed33bb0>
[2023-12-27T09:53:10.988+0545] {logging_mixin.py:188} INFO - <sqlalchemy.engine.cursor.LegacyCursorResult object at 0x7fbdbed5ed60>
[2023-12-27T09:53:10.988+0545] {python.py:201} INFO - Done. Returned value was: None
[2023-12-27T09:53:10.991+0545] {taskinstance.py:1138} INFO - Marking task as SUCCESS. dag_id=metrics_pipeline, task_id=fetch_and_store_metrics, execution_date=20230812T000000, start_date=20231227T040807, end_date=20231227T040810
[2023-12-27T09:53:11.013+0545] {local_task_job_runner.py:234} INFO - Task exited with return code 0
[2023-12-27T09:53:11.027+0545] {taskinstance.py:3281} INFO - 0 downstream tasks scheduled from follow-on schedule check
[2023-12-27T12:41:49.146+0545] {taskinstance.py:1957} INFO - Dependencies all met for dep_context=non-requeueable deps ti=<TaskInstance: metrics_pipeline.fetch_and_store_metrics scheduled__2023-08-12T00:00:00+00:00 [queued]>
[2023-12-27T12:41:49.150+0545] {taskinstance.py:1957} INFO - Dependencies all met for dep_context=requeueable deps ti=<TaskInstance: metrics_pipeline.fetch_and_store_metrics scheduled__2023-08-12T00:00:00+00:00 [queued]>
[2023-12-27T12:41:49.150+0545] {taskinstance.py:2171} INFO - Starting attempt 1 of 2
[2023-12-27T12:41:49.163+0545] {taskinstance.py:2192} INFO - Executing <Task(PythonOperator): fetch_and_store_metrics> on 2023-08-12 00:00:00+00:00
[2023-12-27T12:41:49.167+0545] {standard_task_runner.py:60} INFO - Started process 16084 to run task
[2023-12-27T12:41:49.171+0545] {standard_task_runner.py:87} INFO - Running: ['airflow', 'tasks', 'run', 'metrics_pipeline', 'fetch_and_store_metrics', 'scheduled__2023-08-12T00:00:00+00:00', '--job-id', '447', '--raw', '--subdir', 'DAGS_FOLDER/taxi_metrics_dag.py', '--cfg-path', '/tmp/tmprknlbqdb']
[2023-12-27T12:41:49.171+0545] {standard_task_runner.py:88} INFO - Job 447: Subtask fetch_and_store_metrics
[2023-12-27T12:41:49.202+0545] {task_command.py:423} INFO - Running <TaskInstance: metrics_pipeline.fetch_and_store_metrics scheduled__2023-08-12T00:00:00+00:00 [running]> on host Sarita-Thinkpad
[2023-12-27T12:41:49.252+0545] {taskinstance.py:2481} INFO - Exporting env vars: AIRFLOW_CTX_DAG_OWNER='airflow' AIRFLOW_CTX_DAG_ID='metrics_pipeline' AIRFLOW_CTX_TASK_ID='fetch_and_store_metrics' AIRFLOW_CTX_EXECUTION_DATE='2023-08-12T00:00:00+00:00' AIRFLOW_CTX_TRY_NUMBER='1' AIRFLOW_CTX_DAG_RUN_ID='scheduled__2023-08-12T00:00:00+00:00'
[2023-12-27T12:41:49.254+0545] {taxi_metrics_dag.py:61} INFO - Getting Clickhouse Data.......
[2023-12-27T12:41:52.811+0545] {taxi_metrics_dag.py:63} INFO - Inserting Data into SQLite.....
[2023-12-27T12:41:52.841+0545] {taxi_metrics_dag.py:56} INFO - Successfully inserted data into SQLite!!
[2023-12-27T12:41:52.842+0545] {taxi_metrics_dag.py:65} INFO - Task completed successfully!!
[2023-12-27T12:41:52.842+0545] {python.py:201} INFO - Done. Returned value was: None
[2023-12-27T12:41:52.853+0545] {taskinstance.py:1138} INFO - Marking task as SUCCESS. dag_id=metrics_pipeline, task_id=fetch_and_store_metrics, execution_date=20230812T000000, start_date=20231227T065649, end_date=20231227T065652
[2023-12-27T12:41:52.874+0545] {local_task_job_runner.py:234} INFO - Task exited with return code 0
[2023-12-27T12:41:52.883+0545] {taskinstance.py:3281} INFO - 0 downstream tasks scheduled from follow-on schedule check
