[2023-12-26T13:20:53.779+0545] {taskinstance.py:1957} INFO - Dependencies all met for dep_context=non-requeueable deps ti=<TaskInstance: metrics_pipeline.fetch_and_store_metrics scheduled__2023-08-01T00:00:00+00:00 [queued]>
[2023-12-26T13:20:53.784+0545] {taskinstance.py:1957} INFO - Dependencies all met for dep_context=requeueable deps ti=<TaskInstance: metrics_pipeline.fetch_and_store_metrics scheduled__2023-08-01T00:00:00+00:00 [queued]>
[2023-12-26T13:20:53.784+0545] {taskinstance.py:2171} INFO - Starting attempt 1 of 2
[2023-12-26T13:20:53.795+0545] {taskinstance.py:2192} INFO - Executing <Task(PythonOperator): fetch_and_store_metrics> on 2023-08-01 00:00:00+00:00
[2023-12-26T13:20:53.798+0545] {standard_task_runner.py:60} INFO - Started process 27475 to run task
[2023-12-26T13:20:53.800+0545] {standard_task_runner.py:87} INFO - Running: ['airflow', 'tasks', 'run', 'metrics_pipeline', 'fetch_and_store_metrics', 'scheduled__2023-08-01T00:00:00+00:00', '--job-id', '216', '--raw', '--subdir', 'DAGS_FOLDER/taxi_metrics_dag.py', '--cfg-path', '/tmp/tmpyrigse6c']
[2023-12-26T13:20:53.800+0545] {standard_task_runner.py:88} INFO - Job 216: Subtask fetch_and_store_metrics
[2023-12-26T13:20:53.838+0545] {task_command.py:423} INFO - Running <TaskInstance: metrics_pipeline.fetch_and_store_metrics scheduled__2023-08-01T00:00:00+00:00 [running]> on host Sarita-Thinkpad
[2023-12-26T13:20:53.898+0545] {taskinstance.py:2481} INFO - Exporting env vars: AIRFLOW_CTX_DAG_OWNER='airflow' AIRFLOW_CTX_DAG_ID='metrics_pipeline' AIRFLOW_CTX_TASK_ID='fetch_and_store_metrics' AIRFLOW_CTX_EXECUTION_DATE='2023-08-01T00:00:00+00:00' AIRFLOW_CTX_TRY_NUMBER='1' AIRFLOW_CTX_DAG_RUN_ID='scheduled__2023-08-01T00:00:00+00:00'
[2023-12-26T13:20:53.913+0545] {python.py:201} INFO - Done. Returned value was: None
[2023-12-26T13:20:53.917+0545] {taskinstance.py:1138} INFO - Marking task as SUCCESS. dag_id=metrics_pipeline, task_id=fetch_and_store_metrics, execution_date=20230801T000000, start_date=20231226T073553, end_date=20231226T073553
[2023-12-26T13:20:53.931+0545] {local_task_job_runner.py:234} INFO - Task exited with return code 0
[2023-12-26T13:20:53.940+0545] {taskinstance.py:3281} INFO - 0 downstream tasks scheduled from follow-on schedule check
[2023-12-27T12:39:58.824+0545] {taskinstance.py:1957} INFO - Dependencies all met for dep_context=non-requeueable deps ti=<TaskInstance: metrics_pipeline.fetch_and_store_metrics scheduled__2023-08-01T00:00:00+00:00 [queued]>
[2023-12-27T12:39:58.828+0545] {taskinstance.py:1957} INFO - Dependencies all met for dep_context=requeueable deps ti=<TaskInstance: metrics_pipeline.fetch_and_store_metrics scheduled__2023-08-01T00:00:00+00:00 [queued]>
[2023-12-27T12:39:58.829+0545] {taskinstance.py:2171} INFO - Starting attempt 1 of 2
[2023-12-27T12:39:58.841+0545] {taskinstance.py:2192} INFO - Executing <Task(PythonOperator): fetch_and_store_metrics> on 2023-08-01 00:00:00+00:00
[2023-12-27T12:39:58.843+0545] {standard_task_runner.py:60} INFO - Started process 15567 to run task
[2023-12-27T12:39:58.845+0545] {standard_task_runner.py:87} INFO - Running: ['airflow', 'tasks', 'run', 'metrics_pipeline', 'fetch_and_store_metrics', 'scheduled__2023-08-01T00:00:00+00:00', '--job-id', '436', '--raw', '--subdir', 'DAGS_FOLDER/taxi_metrics_dag.py', '--cfg-path', '/tmp/tmpfwd08bni']
[2023-12-27T12:39:58.845+0545] {standard_task_runner.py:88} INFO - Job 436: Subtask fetch_and_store_metrics
[2023-12-27T12:39:58.872+0545] {task_command.py:423} INFO - Running <TaskInstance: metrics_pipeline.fetch_and_store_metrics scheduled__2023-08-01T00:00:00+00:00 [running]> on host Sarita-Thinkpad
[2023-12-27T12:39:58.927+0545] {taskinstance.py:2481} INFO - Exporting env vars: AIRFLOW_CTX_DAG_OWNER='airflow' AIRFLOW_CTX_DAG_ID='metrics_pipeline' AIRFLOW_CTX_TASK_ID='fetch_and_store_metrics' AIRFLOW_CTX_EXECUTION_DATE='2023-08-01T00:00:00+00:00' AIRFLOW_CTX_TRY_NUMBER='1' AIRFLOW_CTX_DAG_RUN_ID='scheduled__2023-08-01T00:00:00+00:00'
[2023-12-27T12:39:58.928+0545] {taxi_metrics_dag.py:61} INFO - Getting Clickhouse Data.......
[2023-12-27T12:40:04.214+0545] {taxi_metrics_dag.py:63} INFO - Inserting Data into SQLite.....
[2023-12-27T12:40:04.246+0545] {taxi_metrics_dag.py:56} INFO - Successfully inserted data into SQLite!!
[2023-12-27T12:40:04.247+0545] {taxi_metrics_dag.py:65} INFO - Task completed successfully!!
[2023-12-27T12:40:04.247+0545] {python.py:201} INFO - Done. Returned value was: None
[2023-12-27T12:40:04.253+0545] {taskinstance.py:1138} INFO - Marking task as SUCCESS. dag_id=metrics_pipeline, task_id=fetch_and_store_metrics, execution_date=20230801T000000, start_date=20231227T065458, end_date=20231227T065504
[2023-12-27T12:40:04.268+0545] {local_task_job_runner.py:234} INFO - Task exited with return code 0
[2023-12-27T12:40:04.276+0545] {taskinstance.py:3281} INFO - 0 downstream tasks scheduled from follow-on schedule check
