[2023-12-26T13:22:03.460+0545] {taskinstance.py:1957} INFO - Dependencies all met for dep_context=non-requeueable deps ti=<TaskInstance: metrics_pipeline.fetch_and_store_metrics scheduled__2023-08-25T00:00:00+00:00 [queued]>
[2023-12-26T13:22:03.465+0545] {taskinstance.py:1957} INFO - Dependencies all met for dep_context=requeueable deps ti=<TaskInstance: metrics_pipeline.fetch_and_store_metrics scheduled__2023-08-25T00:00:00+00:00 [queued]>
[2023-12-26T13:22:03.465+0545] {taskinstance.py:2171} INFO - Starting attempt 1 of 2
[2023-12-26T13:22:03.478+0545] {taskinstance.py:2192} INFO - Executing <Task(PythonOperator): fetch_and_store_metrics> on 2023-08-25 00:00:00+00:00
[2023-12-26T13:22:03.481+0545] {standard_task_runner.py:60} INFO - Started process 27647 to run task
[2023-12-26T13:22:03.483+0545] {standard_task_runner.py:87} INFO - Running: ['airflow', 'tasks', 'run', 'metrics_pipeline', 'fetch_and_store_metrics', 'scheduled__2023-08-25T00:00:00+00:00', '--job-id', '240', '--raw', '--subdir', 'DAGS_FOLDER/taxi_metrics_dag.py', '--cfg-path', '/tmp/tmpklrvarex']
[2023-12-26T13:22:03.483+0545] {standard_task_runner.py:88} INFO - Job 240: Subtask fetch_and_store_metrics
[2023-12-26T13:22:03.508+0545] {task_command.py:423} INFO - Running <TaskInstance: metrics_pipeline.fetch_and_store_metrics scheduled__2023-08-25T00:00:00+00:00 [running]> on host Sarita-Thinkpad
[2023-12-26T13:22:03.560+0545] {taskinstance.py:2481} INFO - Exporting env vars: AIRFLOW_CTX_DAG_OWNER='airflow' AIRFLOW_CTX_DAG_ID='metrics_pipeline' AIRFLOW_CTX_TASK_ID='fetch_and_store_metrics' AIRFLOW_CTX_EXECUTION_DATE='2023-08-25T00:00:00+00:00' AIRFLOW_CTX_TRY_NUMBER='1' AIRFLOW_CTX_DAG_RUN_ID='scheduled__2023-08-25T00:00:00+00:00'
[2023-12-26T13:22:03.576+0545] {python.py:201} INFO - Done. Returned value was: None
[2023-12-26T13:22:03.583+0545] {taskinstance.py:1138} INFO - Marking task as SUCCESS. dag_id=metrics_pipeline, task_id=fetch_and_store_metrics, execution_date=20230825T000000, start_date=20231226T073703, end_date=20231226T073703
[2023-12-26T13:22:03.614+0545] {local_task_job_runner.py:234} INFO - Task exited with return code 0
[2023-12-26T13:22:03.624+0545] {taskinstance.py:3281} INFO - 0 downstream tasks scheduled from follow-on schedule check
[2023-12-27T09:54:23.451+0545] {taskinstance.py:1957} INFO - Dependencies all met for dep_context=non-requeueable deps ti=<TaskInstance: metrics_pipeline.fetch_and_store_metrics scheduled__2023-08-25T00:00:00+00:00 [queued]>
[2023-12-27T09:54:23.456+0545] {taskinstance.py:1957} INFO - Dependencies all met for dep_context=requeueable deps ti=<TaskInstance: metrics_pipeline.fetch_and_store_metrics scheduled__2023-08-25T00:00:00+00:00 [queued]>
[2023-12-27T09:54:23.456+0545] {taskinstance.py:2171} INFO - Starting attempt 1 of 2
[2023-12-27T09:54:23.468+0545] {taskinstance.py:2192} INFO - Executing <Task(PythonOperator): fetch_and_store_metrics> on 2023-08-25 00:00:00+00:00
[2023-12-27T09:54:23.471+0545] {standard_task_runner.py:60} INFO - Started process 9220 to run task
[2023-12-27T09:54:23.473+0545] {standard_task_runner.py:87} INFO - Running: ['airflow', 'tasks', 'run', 'metrics_pipeline', 'fetch_and_store_metrics', 'scheduled__2023-08-25T00:00:00+00:00', '--job-id', '341', '--raw', '--subdir', 'DAGS_FOLDER/taxi_metrics_dag.py', '--cfg-path', '/tmp/tmpkpd7m0ll']
[2023-12-27T09:54:23.474+0545] {standard_task_runner.py:88} INFO - Job 341: Subtask fetch_and_store_metrics
[2023-12-27T09:54:23.499+0545] {task_command.py:423} INFO - Running <TaskInstance: metrics_pipeline.fetch_and_store_metrics scheduled__2023-08-25T00:00:00+00:00 [running]> on host Sarita-Thinkpad
[2023-12-27T09:54:23.543+0545] {taskinstance.py:2481} INFO - Exporting env vars: AIRFLOW_CTX_DAG_OWNER='airflow' AIRFLOW_CTX_DAG_ID='metrics_pipeline' AIRFLOW_CTX_TASK_ID='fetch_and_store_metrics' AIRFLOW_CTX_EXECUTION_DATE='2023-08-25T00:00:00+00:00' AIRFLOW_CTX_TRY_NUMBER='1' AIRFLOW_CTX_DAG_RUN_ID='scheduled__2023-08-25T00:00:00+00:00'
[2023-12-27T09:54:26.427+0545] {logging_mixin.py:188} INFO - <sqlalchemy.engine.cursor.LegacyCursorResult object at 0x7fb5c6bc80d0>
[2023-12-27T09:54:26.445+0545] {logging_mixin.py:188} INFO - <sqlalchemy.engine.cursor.LegacyCursorResult object at 0x7fb5c6bb16a0>
[2023-12-27T09:54:26.459+0545] {logging_mixin.py:188} INFO - <sqlalchemy.engine.cursor.LegacyCursorResult object at 0x7fb5c6bc8e50>
[2023-12-27T09:54:26.476+0545] {logging_mixin.py:188} INFO - <sqlalchemy.engine.cursor.LegacyCursorResult object at 0x7fb5c6b6dac0>
[2023-12-27T09:54:26.491+0545] {logging_mixin.py:188} INFO - <sqlalchemy.engine.cursor.LegacyCursorResult object at 0x7fb5c6b4ef70>
[2023-12-27T09:54:26.505+0545] {logging_mixin.py:188} INFO - <sqlalchemy.engine.cursor.LegacyCursorResult object at 0x7fb5c6b07fa0>
[2023-12-27T09:54:26.520+0545] {logging_mixin.py:188} INFO - <sqlalchemy.engine.cursor.LegacyCursorResult object at 0x7fb5c6b46f70>
[2023-12-27T09:54:26.535+0545] {logging_mixin.py:188} INFO - <sqlalchemy.engine.cursor.LegacyCursorResult object at 0x7fb5c6b1c130>
[2023-12-27T09:54:26.552+0545] {logging_mixin.py:188} INFO - <sqlalchemy.engine.cursor.LegacyCursorResult object at 0x7fb5c6b4ce50>
[2023-12-27T09:54:26.567+0545] {logging_mixin.py:188} INFO - <sqlalchemy.engine.cursor.LegacyCursorResult object at 0x7fb5c6b02e50>
[2023-12-27T09:54:26.582+0545] {logging_mixin.py:188} INFO - <sqlalchemy.engine.cursor.LegacyCursorResult object at 0x7fb5c68982e0>
[2023-12-27T09:54:26.597+0545] {logging_mixin.py:188} INFO - <sqlalchemy.engine.cursor.LegacyCursorResult object at 0x7fb5c6b460d0>
[2023-12-27T09:54:26.611+0545] {logging_mixin.py:188} INFO - <sqlalchemy.engine.cursor.LegacyCursorResult object at 0x7fb5c6b1cdf0>
[2023-12-27T09:54:26.611+0545] {python.py:201} INFO - Done. Returned value was: None
[2023-12-27T09:54:26.615+0545] {taskinstance.py:1138} INFO - Marking task as SUCCESS. dag_id=metrics_pipeline, task_id=fetch_and_store_metrics, execution_date=20230825T000000, start_date=20231227T040923, end_date=20231227T040926
[2023-12-27T09:54:26.656+0545] {local_task_job_runner.py:234} INFO - Task exited with return code 0
[2023-12-27T09:54:26.665+0545] {taskinstance.py:3281} INFO - 0 downstream tasks scheduled from follow-on schedule check
[2023-12-27T12:43:10.184+0545] {taskinstance.py:1957} INFO - Dependencies all met for dep_context=non-requeueable deps ti=<TaskInstance: metrics_pipeline.fetch_and_store_metrics scheduled__2023-08-25T00:00:00+00:00 [queued]>
[2023-12-27T12:43:10.190+0545] {taskinstance.py:1957} INFO - Dependencies all met for dep_context=requeueable deps ti=<TaskInstance: metrics_pipeline.fetch_and_store_metrics scheduled__2023-08-25T00:00:00+00:00 [queued]>
[2023-12-27T12:43:10.190+0545] {taskinstance.py:2171} INFO - Starting attempt 1 of 2
[2023-12-27T12:43:10.203+0545] {taskinstance.py:2192} INFO - Executing <Task(PythonOperator): fetch_and_store_metrics> on 2023-08-25 00:00:00+00:00
[2023-12-27T12:43:10.206+0545] {standard_task_runner.py:60} INFO - Started process 16817 to run task
[2023-12-27T12:43:10.208+0545] {standard_task_runner.py:87} INFO - Running: ['airflow', 'tasks', 'run', 'metrics_pipeline', 'fetch_and_store_metrics', 'scheduled__2023-08-25T00:00:00+00:00', '--job-id', '460', '--raw', '--subdir', 'DAGS_FOLDER/taxi_metrics_dag.py', '--cfg-path', '/tmp/tmppd0o8cad']
[2023-12-27T12:43:10.208+0545] {standard_task_runner.py:88} INFO - Job 460: Subtask fetch_and_store_metrics
[2023-12-27T12:43:10.234+0545] {task_command.py:423} INFO - Running <TaskInstance: metrics_pipeline.fetch_and_store_metrics scheduled__2023-08-25T00:00:00+00:00 [running]> on host Sarita-Thinkpad
[2023-12-27T12:43:10.281+0545] {taskinstance.py:2481} INFO - Exporting env vars: AIRFLOW_CTX_DAG_OWNER='airflow' AIRFLOW_CTX_DAG_ID='metrics_pipeline' AIRFLOW_CTX_TASK_ID='fetch_and_store_metrics' AIRFLOW_CTX_EXECUTION_DATE='2023-08-25T00:00:00+00:00' AIRFLOW_CTX_TRY_NUMBER='1' AIRFLOW_CTX_DAG_RUN_ID='scheduled__2023-08-25T00:00:00+00:00'
[2023-12-27T12:43:10.282+0545] {taxi_metrics_dag.py:61} INFO - Getting Clickhouse Data.......
[2023-12-27T12:43:13.224+0545] {taxi_metrics_dag.py:63} INFO - Inserting Data into SQLite.....
[2023-12-27T12:43:13.237+0545] {taxi_metrics_dag.py:56} INFO - Successfully inserted data into SQLite!!
[2023-12-27T12:43:13.237+0545] {taxi_metrics_dag.py:65} INFO - Task completed successfully!!
[2023-12-27T12:43:13.237+0545] {python.py:201} INFO - Done. Returned value was: None
[2023-12-27T12:43:13.240+0545] {taskinstance.py:1138} INFO - Marking task as SUCCESS. dag_id=metrics_pipeline, task_id=fetch_and_store_metrics, execution_date=20230825T000000, start_date=20231227T065810, end_date=20231227T065813
[2023-12-27T12:43:13.272+0545] {local_task_job_runner.py:234} INFO - Task exited with return code 0
[2023-12-27T12:43:13.281+0545] {taskinstance.py:3281} INFO - 0 downstream tasks scheduled from follow-on schedule check
