[2023-12-26T13:18:43.158+0545] {taskinstance.py:1957} INFO - Dependencies all met for dep_context=non-requeueable deps ti=<TaskInstance: metrics_pipeline.fetch_and_store_metrics scheduled__2023-06-18T00:00:00+00:00 [queued]>
[2023-12-26T13:18:43.163+0545] {taskinstance.py:1957} INFO - Dependencies all met for dep_context=requeueable deps ti=<TaskInstance: metrics_pipeline.fetch_and_store_metrics scheduled__2023-06-18T00:00:00+00:00 [queued]>
[2023-12-26T13:18:43.163+0545] {taskinstance.py:2171} INFO - Starting attempt 1 of 2
[2023-12-26T13:18:43.175+0545] {taskinstance.py:2192} INFO - Executing <Task(PythonOperator): fetch_and_store_metrics> on 2023-06-18 00:00:00+00:00
[2023-12-26T13:18:43.177+0545] {standard_task_runner.py:60} INFO - Started process 27133 to run task
[2023-12-26T13:18:43.179+0545] {standard_task_runner.py:87} INFO - Running: ['airflow', 'tasks', 'run', 'metrics_pipeline', 'fetch_and_store_metrics', 'scheduled__2023-06-18T00:00:00+00:00', '--job-id', '172', '--raw', '--subdir', 'DAGS_FOLDER/taxi_metrics_dag.py', '--cfg-path', '/tmp/tmp0ms5e3ah']
[2023-12-26T13:18:43.180+0545] {standard_task_runner.py:88} INFO - Job 172: Subtask fetch_and_store_metrics
[2023-12-26T13:18:43.204+0545] {task_command.py:423} INFO - Running <TaskInstance: metrics_pipeline.fetch_and_store_metrics scheduled__2023-06-18T00:00:00+00:00 [running]> on host Sarita-Thinkpad
[2023-12-26T13:18:43.267+0545] {taskinstance.py:2481} INFO - Exporting env vars: AIRFLOW_CTX_DAG_OWNER='airflow' AIRFLOW_CTX_DAG_ID='metrics_pipeline' AIRFLOW_CTX_TASK_ID='fetch_and_store_metrics' AIRFLOW_CTX_EXECUTION_DATE='2023-06-18T00:00:00+00:00' AIRFLOW_CTX_TRY_NUMBER='1' AIRFLOW_CTX_DAG_RUN_ID='scheduled__2023-06-18T00:00:00+00:00'
[2023-12-26T13:18:43.282+0545] {python.py:201} INFO - Done. Returned value was: None
[2023-12-26T13:18:43.292+0545] {taskinstance.py:1138} INFO - Marking task as SUCCESS. dag_id=metrics_pipeline, task_id=fetch_and_store_metrics, execution_date=20230618T000000, start_date=20231226T073343, end_date=20231226T073343
[2023-12-26T13:18:43.311+0545] {local_task_job_runner.py:234} INFO - Task exited with return code 0
[2023-12-26T13:18:43.321+0545] {taskinstance.py:3281} INFO - 0 downstream tasks scheduled from follow-on schedule check
[2023-12-27T12:17:00.710+0545] {taskinstance.py:1957} INFO - Dependencies all met for dep_context=non-requeueable deps ti=<TaskInstance: metrics_pipeline.fetch_and_store_metrics scheduled__2023-06-18T00:00:00+00:00 [queued]>
[2023-12-27T12:17:00.716+0545] {taskinstance.py:1957} INFO - Dependencies all met for dep_context=requeueable deps ti=<TaskInstance: metrics_pipeline.fetch_and_store_metrics scheduled__2023-06-18T00:00:00+00:00 [queued]>
[2023-12-27T12:17:00.716+0545] {taskinstance.py:2171} INFO - Starting attempt 1 of 2
[2023-12-27T12:17:00.728+0545] {taskinstance.py:2192} INFO - Executing <Task(PythonOperator): fetch_and_store_metrics> on 2023-06-18 00:00:00+00:00
[2023-12-27T12:17:00.730+0545] {standard_task_runner.py:60} INFO - Started process 13368 to run task
[2023-12-27T12:17:00.732+0545] {standard_task_runner.py:87} INFO - Running: ['airflow', 'tasks', 'run', 'metrics_pipeline', 'fetch_and_store_metrics', 'scheduled__2023-06-18T00:00:00+00:00', '--job-id', '378', '--raw', '--subdir', 'DAGS_FOLDER/taxi_metrics_dag.py', '--cfg-path', '/tmp/tmppcxa422u']
[2023-12-27T12:17:00.732+0545] {standard_task_runner.py:88} INFO - Job 378: Subtask fetch_and_store_metrics
[2023-12-27T12:17:00.758+0545] {task_command.py:423} INFO - Running <TaskInstance: metrics_pipeline.fetch_and_store_metrics scheduled__2023-06-18T00:00:00+00:00 [running]> on host Sarita-Thinkpad
[2023-12-27T12:17:00.803+0545] {taskinstance.py:2481} INFO - Exporting env vars: AIRFLOW_CTX_DAG_OWNER='airflow' AIRFLOW_CTX_DAG_ID='metrics_pipeline' AIRFLOW_CTX_TASK_ID='fetch_and_store_metrics' AIRFLOW_CTX_EXECUTION_DATE='2023-06-18T00:00:00+00:00' AIRFLOW_CTX_TRY_NUMBER='1' AIRFLOW_CTX_DAG_RUN_ID='scheduled__2023-06-18T00:00:00+00:00'
[2023-12-27T12:17:00.804+0545] {taxi_metrics_dag.py:61} INFO - Getting Clickhouse Data.......
[2023-12-27T12:17:07.911+0545] {taxi_metrics_dag.py:67} ERROR - Could not complete the process..:HTTPDriver for https://github.demo.trial.altinity.cloud:8443 returned response code 400)
 Code: 62. DB::Exception: Syntax error (Multi-statements are not allowed): failed at position 1290 (end of query) (line 23, col 11): ;

 FORMAT Native. . (SYNTAX_ERROR) (version 23.10.5.20 (official build))

[2023-12-27T12:17:07.912+0545] {python.py:201} INFO - Done. Returned value was: None
[2023-12-27T12:17:07.924+0545] {taskinstance.py:1138} INFO - Marking task as SUCCESS. dag_id=metrics_pipeline, task_id=fetch_and_store_metrics, execution_date=20230618T000000, start_date=20231227T063200, end_date=20231227T063207
[2023-12-27T12:17:07.984+0545] {local_task_job_runner.py:234} INFO - Task exited with return code 0
[2023-12-27T12:17:07.997+0545] {taskinstance.py:3281} INFO - 0 downstream tasks scheduled from follow-on schedule check
