[2023-12-26T13:17:43.114+0545] {taskinstance.py:1957} INFO - Dependencies all met for dep_context=non-requeueable deps ti=<TaskInstance: metrics_pipeline.fetch_and_store_metrics scheduled__2023-05-30T00:00:00+00:00 [queued]>
[2023-12-26T13:17:43.119+0545] {taskinstance.py:1957} INFO - Dependencies all met for dep_context=requeueable deps ti=<TaskInstance: metrics_pipeline.fetch_and_store_metrics scheduled__2023-05-30T00:00:00+00:00 [queued]>
[2023-12-26T13:17:43.120+0545] {taskinstance.py:2171} INFO - Starting attempt 1 of 2
[2023-12-26T13:17:43.131+0545] {taskinstance.py:2192} INFO - Executing <Task(PythonOperator): fetch_and_store_metrics> on 2023-05-30 00:00:00+00:00
[2023-12-26T13:17:43.134+0545] {standard_task_runner.py:60} INFO - Started process 26988 to run task
[2023-12-26T13:17:43.136+0545] {standard_task_runner.py:87} INFO - Running: ['airflow', 'tasks', 'run', 'metrics_pipeline', 'fetch_and_store_metrics', 'scheduled__2023-05-30T00:00:00+00:00', '--job-id', '153', '--raw', '--subdir', 'DAGS_FOLDER/taxi_metrics_dag.py', '--cfg-path', '/tmp/tmpnwn79qdg']
[2023-12-26T13:17:43.136+0545] {standard_task_runner.py:88} INFO - Job 153: Subtask fetch_and_store_metrics
[2023-12-26T13:17:43.160+0545] {task_command.py:423} INFO - Running <TaskInstance: metrics_pipeline.fetch_and_store_metrics scheduled__2023-05-30T00:00:00+00:00 [running]> on host Sarita-Thinkpad
[2023-12-26T13:17:43.220+0545] {taskinstance.py:2481} INFO - Exporting env vars: AIRFLOW_CTX_DAG_OWNER='airflow' AIRFLOW_CTX_DAG_ID='metrics_pipeline' AIRFLOW_CTX_TASK_ID='fetch_and_store_metrics' AIRFLOW_CTX_EXECUTION_DATE='2023-05-30T00:00:00+00:00' AIRFLOW_CTX_TRY_NUMBER='1' AIRFLOW_CTX_DAG_RUN_ID='scheduled__2023-05-30T00:00:00+00:00'
[2023-12-26T13:17:43.247+0545] {python.py:201} INFO - Done. Returned value was: None
[2023-12-26T13:17:43.258+0545] {taskinstance.py:1138} INFO - Marking task as SUCCESS. dag_id=metrics_pipeline, task_id=fetch_and_store_metrics, execution_date=20230530T000000, start_date=20231226T073243, end_date=20231226T073243
[2023-12-26T13:17:43.307+0545] {local_task_job_runner.py:234} INFO - Task exited with return code 0
[2023-12-26T13:17:43.317+0545] {taskinstance.py:3281} INFO - 0 downstream tasks scheduled from follow-on schedule check
[2023-12-27T12:12:09.993+0545] {taskinstance.py:1957} INFO - Dependencies all met for dep_context=non-requeueable deps ti=<TaskInstance: metrics_pipeline.fetch_and_store_metrics scheduled__2023-05-30T00:00:00+00:00 [queued]>
[2023-12-27T12:12:09.997+0545] {taskinstance.py:1957} INFO - Dependencies all met for dep_context=requeueable deps ti=<TaskInstance: metrics_pipeline.fetch_and_store_metrics scheduled__2023-05-30T00:00:00+00:00 [queued]>
[2023-12-27T12:12:09.998+0545] {taskinstance.py:2171} INFO - Starting attempt 1 of 2
[2023-12-27T12:12:10.011+0545] {taskinstance.py:2192} INFO - Executing <Task(PythonOperator): fetch_and_store_metrics> on 2023-05-30 00:00:00+00:00
[2023-12-27T12:12:10.016+0545] {standard_task_runner.py:60} INFO - Started process 12579 to run task
[2023-12-27T12:12:10.019+0545] {standard_task_runner.py:87} INFO - Running: ['airflow', 'tasks', 'run', 'metrics_pipeline', 'fetch_and_store_metrics', 'scheduled__2023-05-30T00:00:00+00:00', '--job-id', '358', '--raw', '--subdir', 'DAGS_FOLDER/taxi_metrics_dag.py', '--cfg-path', '/tmp/tmp0o1pyrel']
[2023-12-27T12:12:10.020+0545] {standard_task_runner.py:88} INFO - Job 358: Subtask fetch_and_store_metrics
[2023-12-27T12:12:10.047+0545] {task_command.py:423} INFO - Running <TaskInstance: metrics_pipeline.fetch_and_store_metrics scheduled__2023-05-30T00:00:00+00:00 [running]> on host Sarita-Thinkpad
[2023-12-27T12:12:10.116+0545] {taskinstance.py:2481} INFO - Exporting env vars: AIRFLOW_CTX_DAG_OWNER='airflow' AIRFLOW_CTX_DAG_ID='metrics_pipeline' AIRFLOW_CTX_TASK_ID='fetch_and_store_metrics' AIRFLOW_CTX_EXECUTION_DATE='2023-05-30T00:00:00+00:00' AIRFLOW_CTX_TRY_NUMBER='1' AIRFLOW_CTX_DAG_RUN_ID='scheduled__2023-05-30T00:00:00+00:00'
[2023-12-27T12:12:10.117+0545] {taxi_metrics_dag.py:61} INFO - Getting Clickhouse Data.......
[2023-12-27T12:12:19.718+0545] {taxi_metrics_dag.py:67} ERROR - Could not complete the process..:HTTPDriver for https://github.demo.trial.altinity.cloud:8443 returned response code 400)
 Code: 62. DB::Exception: Syntax error (Multi-statements are not allowed): failed at position 1290 (end of query) (line 23, col 11): ;

 FORMAT Native. . (SYNTAX_ERROR) (version 23.10.5.20 (official build))

[2023-12-27T12:12:19.718+0545] {python.py:201} INFO - Done. Returned value was: None
[2023-12-27T12:12:19.733+0545] {taskinstance.py:1138} INFO - Marking task as SUCCESS. dag_id=metrics_pipeline, task_id=fetch_and_store_metrics, execution_date=20230530T000000, start_date=20231227T062709, end_date=20231227T062719
[2023-12-27T12:12:19.788+0545] {local_task_job_runner.py:234} INFO - Task exited with return code 0
[2023-12-27T12:12:19.799+0545] {taskinstance.py:3281} INFO - 0 downstream tasks scheduled from follow-on schedule check
