[2023-12-26T13:19:27.872+0545] {taskinstance.py:1957} INFO - Dependencies all met for dep_context=non-requeueable deps ti=<TaskInstance: metrics_pipeline.fetch_and_store_metrics scheduled__2023-07-03T00:00:00+00:00 [queued]>
[2023-12-26T13:19:27.877+0545] {taskinstance.py:1957} INFO - Dependencies all met for dep_context=requeueable deps ti=<TaskInstance: metrics_pipeline.fetch_and_store_metrics scheduled__2023-07-03T00:00:00+00:00 [queued]>
[2023-12-26T13:19:27.878+0545] {taskinstance.py:2171} INFO - Starting attempt 1 of 2
[2023-12-26T13:19:27.889+0545] {taskinstance.py:2192} INFO - Executing <Task(PythonOperator): fetch_and_store_metrics> on 2023-07-03 00:00:00+00:00
[2023-12-26T13:19:27.892+0545] {standard_task_runner.py:60} INFO - Started process 27245 to run task
[2023-12-26T13:19:27.894+0545] {standard_task_runner.py:87} INFO - Running: ['airflow', 'tasks', 'run', 'metrics_pipeline', 'fetch_and_store_metrics', 'scheduled__2023-07-03T00:00:00+00:00', '--job-id', '187', '--raw', '--subdir', 'DAGS_FOLDER/taxi_metrics_dag.py', '--cfg-path', '/tmp/tmpl5isnflu']
[2023-12-26T13:19:27.894+0545] {standard_task_runner.py:88} INFO - Job 187: Subtask fetch_and_store_metrics
[2023-12-26T13:19:27.918+0545] {task_command.py:423} INFO - Running <TaskInstance: metrics_pipeline.fetch_and_store_metrics scheduled__2023-07-03T00:00:00+00:00 [running]> on host Sarita-Thinkpad
[2023-12-26T13:19:27.974+0545] {taskinstance.py:2481} INFO - Exporting env vars: AIRFLOW_CTX_DAG_OWNER='airflow' AIRFLOW_CTX_DAG_ID='metrics_pipeline' AIRFLOW_CTX_TASK_ID='fetch_and_store_metrics' AIRFLOW_CTX_EXECUTION_DATE='2023-07-03T00:00:00+00:00' AIRFLOW_CTX_TRY_NUMBER='1' AIRFLOW_CTX_DAG_RUN_ID='scheduled__2023-07-03T00:00:00+00:00'
[2023-12-26T13:19:27.990+0545] {python.py:201} INFO - Done. Returned value was: None
[2023-12-26T13:19:28.000+0545] {taskinstance.py:1138} INFO - Marking task as SUCCESS. dag_id=metrics_pipeline, task_id=fetch_and_store_metrics, execution_date=20230703T000000, start_date=20231226T073427, end_date=20231226T073428
[2023-12-26T13:19:28.026+0545] {local_task_job_runner.py:234} INFO - Task exited with return code 0
[2023-12-26T13:19:28.037+0545] {taskinstance.py:3281} INFO - 0 downstream tasks scheduled from follow-on schedule check
[2023-12-27T12:19:20.337+0545] {taskinstance.py:1957} INFO - Dependencies all met for dep_context=non-requeueable deps ti=<TaskInstance: metrics_pipeline.fetch_and_store_metrics scheduled__2023-07-03T00:00:00+00:00 [queued]>
[2023-12-27T12:19:20.341+0545] {taskinstance.py:1957} INFO - Dependencies all met for dep_context=requeueable deps ti=<TaskInstance: metrics_pipeline.fetch_and_store_metrics scheduled__2023-07-03T00:00:00+00:00 [queued]>
[2023-12-27T12:19:20.342+0545] {taskinstance.py:2171} INFO - Starting attempt 1 of 2
[2023-12-27T12:19:20.354+0545] {taskinstance.py:2192} INFO - Executing <Task(PythonOperator): fetch_and_store_metrics> on 2023-07-03 00:00:00+00:00
[2023-12-27T12:19:20.360+0545] {standard_task_runner.py:60} INFO - Started process 13629 to run task
[2023-12-27T12:19:20.364+0545] {standard_task_runner.py:87} INFO - Running: ['airflow', 'tasks', 'run', 'metrics_pipeline', 'fetch_and_store_metrics', 'scheduled__2023-07-03T00:00:00+00:00', '--job-id', '393', '--raw', '--subdir', 'DAGS_FOLDER/taxi_metrics_dag.py', '--cfg-path', '/tmp/tmpxoy7nqf8']
[2023-12-27T12:19:20.364+0545] {standard_task_runner.py:88} INFO - Job 393: Subtask fetch_and_store_metrics
[2023-12-27T12:19:20.388+0545] {task_command.py:423} INFO - Running <TaskInstance: metrics_pipeline.fetch_and_store_metrics scheduled__2023-07-03T00:00:00+00:00 [running]> on host Sarita-Thinkpad
[2023-12-27T12:19:20.435+0545] {taskinstance.py:2481} INFO - Exporting env vars: AIRFLOW_CTX_DAG_OWNER='airflow' AIRFLOW_CTX_DAG_ID='metrics_pipeline' AIRFLOW_CTX_TASK_ID='fetch_and_store_metrics' AIRFLOW_CTX_EXECUTION_DATE='2023-07-03T00:00:00+00:00' AIRFLOW_CTX_TRY_NUMBER='1' AIRFLOW_CTX_DAG_RUN_ID='scheduled__2023-07-03T00:00:00+00:00'
[2023-12-27T12:19:20.436+0545] {taxi_metrics_dag.py:61} INFO - Getting Clickhouse Data.......
[2023-12-27T12:19:26.246+0545] {taxi_metrics_dag.py:67} ERROR - Could not complete the process..:HTTPDriver for https://github.demo.trial.altinity.cloud:8443 returned response code 400)
 Code: 62. DB::Exception: Syntax error (Multi-statements are not allowed): failed at position 1290 (end of query) (line 23, col 11): ;

 FORMAT Native. . (SYNTAX_ERROR) (version 23.10.5.20 (official build))

[2023-12-27T12:19:26.246+0545] {python.py:201} INFO - Done. Returned value was: None
[2023-12-27T12:19:26.259+0545] {taskinstance.py:1138} INFO - Marking task as SUCCESS. dag_id=metrics_pipeline, task_id=fetch_and_store_metrics, execution_date=20230703T000000, start_date=20231227T063420, end_date=20231227T063426
[2023-12-27T12:19:26.296+0545] {local_task_job_runner.py:234} INFO - Task exited with return code 0
[2023-12-27T12:19:26.308+0545] {taskinstance.py:3281} INFO - 0 downstream tasks scheduled from follow-on schedule check
