[2023-12-26T13:21:57.393+0545] {taskinstance.py:1957} INFO - Dependencies all met for dep_context=non-requeueable deps ti=<TaskInstance: metrics_pipeline.fetch_and_store_metrics scheduled__2023-08-23T00:00:00+00:00 [queued]>
[2023-12-26T13:21:57.397+0545] {taskinstance.py:1957} INFO - Dependencies all met for dep_context=requeueable deps ti=<TaskInstance: metrics_pipeline.fetch_and_store_metrics scheduled__2023-08-23T00:00:00+00:00 [queued]>
[2023-12-26T13:21:57.397+0545] {taskinstance.py:2171} INFO - Starting attempt 1 of 2
[2023-12-26T13:21:57.410+0545] {taskinstance.py:2192} INFO - Executing <Task(PythonOperator): fetch_and_store_metrics> on 2023-08-23 00:00:00+00:00
[2023-12-26T13:21:57.412+0545] {standard_task_runner.py:60} INFO - Started process 27630 to run task
[2023-12-26T13:21:57.414+0545] {standard_task_runner.py:87} INFO - Running: ['airflow', 'tasks', 'run', 'metrics_pipeline', 'fetch_and_store_metrics', 'scheduled__2023-08-23T00:00:00+00:00', '--job-id', '238', '--raw', '--subdir', 'DAGS_FOLDER/taxi_metrics_dag.py', '--cfg-path', '/tmp/tmpx0_qsbmt']
[2023-12-26T13:21:57.414+0545] {standard_task_runner.py:88} INFO - Job 238: Subtask fetch_and_store_metrics
[2023-12-26T13:21:57.437+0545] {task_command.py:423} INFO - Running <TaskInstance: metrics_pipeline.fetch_and_store_metrics scheduled__2023-08-23T00:00:00+00:00 [running]> on host Sarita-Thinkpad
[2023-12-26T13:21:57.492+0545] {taskinstance.py:2481} INFO - Exporting env vars: AIRFLOW_CTX_DAG_OWNER='airflow' AIRFLOW_CTX_DAG_ID='metrics_pipeline' AIRFLOW_CTX_TASK_ID='fetch_and_store_metrics' AIRFLOW_CTX_EXECUTION_DATE='2023-08-23T00:00:00+00:00' AIRFLOW_CTX_TRY_NUMBER='1' AIRFLOW_CTX_DAG_RUN_ID='scheduled__2023-08-23T00:00:00+00:00'
[2023-12-26T13:21:57.513+0545] {python.py:201} INFO - Done. Returned value was: None
[2023-12-26T13:21:57.521+0545] {taskinstance.py:1138} INFO - Marking task as SUCCESS. dag_id=metrics_pipeline, task_id=fetch_and_store_metrics, execution_date=20230823T000000, start_date=20231226T073657, end_date=20231226T073657
[2023-12-26T13:21:57.546+0545] {local_task_job_runner.py:234} INFO - Task exited with return code 0
[2023-12-26T13:21:57.558+0545] {taskinstance.py:3281} INFO - 0 downstream tasks scheduled from follow-on schedule check
[2023-12-27T09:54:11.771+0545] {taskinstance.py:1957} INFO - Dependencies all met for dep_context=non-requeueable deps ti=<TaskInstance: metrics_pipeline.fetch_and_store_metrics scheduled__2023-08-23T00:00:00+00:00 [queued]>
[2023-12-27T09:54:11.775+0545] {taskinstance.py:1957} INFO - Dependencies all met for dep_context=requeueable deps ti=<TaskInstance: metrics_pipeline.fetch_and_store_metrics scheduled__2023-08-23T00:00:00+00:00 [queued]>
[2023-12-27T09:54:11.776+0545] {taskinstance.py:2171} INFO - Starting attempt 1 of 2
[2023-12-27T09:54:11.788+0545] {taskinstance.py:2192} INFO - Executing <Task(PythonOperator): fetch_and_store_metrics> on 2023-08-23 00:00:00+00:00
[2023-12-27T09:54:11.790+0545] {standard_task_runner.py:60} INFO - Started process 9197 to run task
[2023-12-27T09:54:11.792+0545] {standard_task_runner.py:87} INFO - Running: ['airflow', 'tasks', 'run', 'metrics_pipeline', 'fetch_and_store_metrics', 'scheduled__2023-08-23T00:00:00+00:00', '--job-id', '339', '--raw', '--subdir', 'DAGS_FOLDER/taxi_metrics_dag.py', '--cfg-path', '/tmp/tmp4po5fap4']
[2023-12-27T09:54:11.792+0545] {standard_task_runner.py:88} INFO - Job 339: Subtask fetch_and_store_metrics
[2023-12-27T09:54:11.816+0545] {task_command.py:423} INFO - Running <TaskInstance: metrics_pipeline.fetch_and_store_metrics scheduled__2023-08-23T00:00:00+00:00 [running]> on host Sarita-Thinkpad
[2023-12-27T09:54:11.861+0545] {taskinstance.py:2481} INFO - Exporting env vars: AIRFLOW_CTX_DAG_OWNER='airflow' AIRFLOW_CTX_DAG_ID='metrics_pipeline' AIRFLOW_CTX_TASK_ID='fetch_and_store_metrics' AIRFLOW_CTX_EXECUTION_DATE='2023-08-23T00:00:00+00:00' AIRFLOW_CTX_TRY_NUMBER='1' AIRFLOW_CTX_DAG_RUN_ID='scheduled__2023-08-23T00:00:00+00:00'
[2023-12-27T09:54:14.586+0545] {logging_mixin.py:188} INFO - <sqlalchemy.engine.cursor.LegacyCursorResult object at 0x7f005170a5e0>
[2023-12-27T09:54:14.629+0545] {logging_mixin.py:188} INFO - <sqlalchemy.engine.cursor.LegacyCursorResult object at 0x7f005170a6a0>
[2023-12-27T09:54:14.646+0545] {logging_mixin.py:188} INFO - <sqlalchemy.engine.cursor.LegacyCursorResult object at 0x7f005170ac70>
[2023-12-27T09:54:14.661+0545] {logging_mixin.py:188} INFO - <sqlalchemy.engine.cursor.LegacyCursorResult object at 0x7f005166ce80>
[2023-12-27T09:54:14.675+0545] {logging_mixin.py:188} INFO - <sqlalchemy.engine.cursor.LegacyCursorResult object at 0x7f00516a9f70>
[2023-12-27T09:54:14.693+0545] {logging_mixin.py:188} INFO - <sqlalchemy.engine.cursor.LegacyCursorResult object at 0x7f005166ce20>
[2023-12-27T09:54:14.718+0545] {logging_mixin.py:188} INFO - <sqlalchemy.engine.cursor.LegacyCursorResult object at 0x7f005169dfa0>
[2023-12-27T09:54:14.741+0545] {logging_mixin.py:188} INFO - <sqlalchemy.engine.cursor.LegacyCursorResult object at 0x7f005165ff40>
[2023-12-27T09:54:14.764+0545] {logging_mixin.py:188} INFO - <sqlalchemy.engine.cursor.LegacyCursorResult object at 0x7f00516a0f40>
[2023-12-27T09:54:14.788+0545] {logging_mixin.py:188} INFO - <sqlalchemy.engine.cursor.LegacyCursorResult object at 0x7f0051675220>
[2023-12-27T09:54:14.812+0545] {logging_mixin.py:188} INFO - <sqlalchemy.engine.cursor.LegacyCursorResult object at 0x7f00516c7220>
[2023-12-27T09:54:14.828+0545] {logging_mixin.py:188} INFO - <sqlalchemy.engine.cursor.LegacyCursorResult object at 0x7f0051677fa0>
[2023-12-27T09:54:14.850+0545] {logging_mixin.py:188} INFO - <sqlalchemy.engine.cursor.LegacyCursorResult object at 0x7f00516a6ee0>
[2023-12-27T09:54:14.850+0545] {python.py:201} INFO - Done. Returned value was: None
[2023-12-27T09:54:14.856+0545] {taskinstance.py:1138} INFO - Marking task as SUCCESS. dag_id=metrics_pipeline, task_id=fetch_and_store_metrics, execution_date=20230823T000000, start_date=20231227T040911, end_date=20231227T040914
[2023-12-27T09:54:14.893+0545] {local_task_job_runner.py:234} INFO - Task exited with return code 0
[2023-12-27T09:54:14.903+0545] {taskinstance.py:3281} INFO - 0 downstream tasks scheduled from follow-on schedule check
[2023-12-27T12:42:59.291+0545] {taskinstance.py:1957} INFO - Dependencies all met for dep_context=non-requeueable deps ti=<TaskInstance: metrics_pipeline.fetch_and_store_metrics scheduled__2023-08-23T00:00:00+00:00 [queued]>
[2023-12-27T12:42:59.295+0545] {taskinstance.py:1957} INFO - Dependencies all met for dep_context=requeueable deps ti=<TaskInstance: metrics_pipeline.fetch_and_store_metrics scheduled__2023-08-23T00:00:00+00:00 [queued]>
[2023-12-27T12:42:59.295+0545] {taskinstance.py:2171} INFO - Starting attempt 1 of 2
[2023-12-27T12:42:59.308+0545] {taskinstance.py:2192} INFO - Executing <Task(PythonOperator): fetch_and_store_metrics> on 2023-08-23 00:00:00+00:00
[2023-12-27T12:42:59.310+0545] {standard_task_runner.py:60} INFO - Started process 16793 to run task
[2023-12-27T12:42:59.312+0545] {standard_task_runner.py:87} INFO - Running: ['airflow', 'tasks', 'run', 'metrics_pipeline', 'fetch_and_store_metrics', 'scheduled__2023-08-23T00:00:00+00:00', '--job-id', '458', '--raw', '--subdir', 'DAGS_FOLDER/taxi_metrics_dag.py', '--cfg-path', '/tmp/tmpohzw9bpm']
[2023-12-27T12:42:59.312+0545] {standard_task_runner.py:88} INFO - Job 458: Subtask fetch_and_store_metrics
[2023-12-27T12:42:59.337+0545] {task_command.py:423} INFO - Running <TaskInstance: metrics_pipeline.fetch_and_store_metrics scheduled__2023-08-23T00:00:00+00:00 [running]> on host Sarita-Thinkpad
[2023-12-27T12:42:59.388+0545] {taskinstance.py:2481} INFO - Exporting env vars: AIRFLOW_CTX_DAG_OWNER='airflow' AIRFLOW_CTX_DAG_ID='metrics_pipeline' AIRFLOW_CTX_TASK_ID='fetch_and_store_metrics' AIRFLOW_CTX_EXECUTION_DATE='2023-08-23T00:00:00+00:00' AIRFLOW_CTX_TRY_NUMBER='1' AIRFLOW_CTX_DAG_RUN_ID='scheduled__2023-08-23T00:00:00+00:00'
[2023-12-27T12:42:59.389+0545] {taxi_metrics_dag.py:61} INFO - Getting Clickhouse Data.......
[2023-12-27T12:43:01.665+0545] {taxi_metrics_dag.py:63} INFO - Inserting Data into SQLite.....
[2023-12-27T12:43:01.691+0545] {taxi_metrics_dag.py:56} INFO - Successfully inserted data into SQLite!!
[2023-12-27T12:43:01.691+0545] {taxi_metrics_dag.py:65} INFO - Task completed successfully!!
[2023-12-27T12:43:01.692+0545] {python.py:201} INFO - Done. Returned value was: None
[2023-12-27T12:43:01.701+0545] {taskinstance.py:1138} INFO - Marking task as SUCCESS. dag_id=metrics_pipeline, task_id=fetch_and_store_metrics, execution_date=20230823T000000, start_date=20231227T065759, end_date=20231227T065801
[2023-12-27T12:43:01.733+0545] {local_task_job_runner.py:234} INFO - Task exited with return code 0
[2023-12-27T12:43:01.746+0545] {taskinstance.py:3281} INFO - 0 downstream tasks scheduled from follow-on schedule check
