[2023-12-26T13:21:02.561+0545] {taskinstance.py:1957} INFO - Dependencies all met for dep_context=non-requeueable deps ti=<TaskInstance: metrics_pipeline.fetch_and_store_metrics scheduled__2023-08-04T00:00:00+00:00 [queued]>
[2023-12-26T13:21:02.566+0545] {taskinstance.py:1957} INFO - Dependencies all met for dep_context=requeueable deps ti=<TaskInstance: metrics_pipeline.fetch_and_store_metrics scheduled__2023-08-04T00:00:00+00:00 [queued]>
[2023-12-26T13:21:02.566+0545] {taskinstance.py:2171} INFO - Starting attempt 1 of 2
[2023-12-26T13:21:02.578+0545] {taskinstance.py:2192} INFO - Executing <Task(PythonOperator): fetch_and_store_metrics> on 2023-08-04 00:00:00+00:00
[2023-12-26T13:21:02.583+0545] {standard_task_runner.py:60} INFO - Started process 27499 to run task
[2023-12-26T13:21:02.586+0545] {standard_task_runner.py:87} INFO - Running: ['airflow', 'tasks', 'run', 'metrics_pipeline', 'fetch_and_store_metrics', 'scheduled__2023-08-04T00:00:00+00:00', '--job-id', '219', '--raw', '--subdir', 'DAGS_FOLDER/taxi_metrics_dag.py', '--cfg-path', '/tmp/tmpiklerqrr']
[2023-12-26T13:21:02.587+0545] {standard_task_runner.py:88} INFO - Job 219: Subtask fetch_and_store_metrics
[2023-12-26T13:21:02.610+0545] {task_command.py:423} INFO - Running <TaskInstance: metrics_pipeline.fetch_and_store_metrics scheduled__2023-08-04T00:00:00+00:00 [running]> on host Sarita-Thinkpad
[2023-12-26T13:21:02.668+0545] {taskinstance.py:2481} INFO - Exporting env vars: AIRFLOW_CTX_DAG_OWNER='airflow' AIRFLOW_CTX_DAG_ID='metrics_pipeline' AIRFLOW_CTX_TASK_ID='fetch_and_store_metrics' AIRFLOW_CTX_EXECUTION_DATE='2023-08-04T00:00:00+00:00' AIRFLOW_CTX_TRY_NUMBER='1' AIRFLOW_CTX_DAG_RUN_ID='scheduled__2023-08-04T00:00:00+00:00'
[2023-12-26T13:21:02.684+0545] {python.py:201} INFO - Done. Returned value was: None
[2023-12-26T13:21:02.688+0545] {taskinstance.py:1138} INFO - Marking task as SUCCESS. dag_id=metrics_pipeline, task_id=fetch_and_store_metrics, execution_date=20230804T000000, start_date=20231226T073602, end_date=20231226T073602
[2023-12-26T13:21:02.718+0545] {local_task_job_runner.py:234} INFO - Task exited with return code 0
[2023-12-26T13:21:02.727+0545] {taskinstance.py:3281} INFO - 0 downstream tasks scheduled from follow-on schedule check
[2023-12-27T09:52:20.822+0545] {taskinstance.py:1957} INFO - Dependencies all met for dep_context=non-requeueable deps ti=<TaskInstance: metrics_pipeline.fetch_and_store_metrics scheduled__2023-08-04T00:00:00+00:00 [queued]>
[2023-12-27T09:52:20.827+0545] {taskinstance.py:1957} INFO - Dependencies all met for dep_context=requeueable deps ti=<TaskInstance: metrics_pipeline.fetch_and_store_metrics scheduled__2023-08-04T00:00:00+00:00 [queued]>
[2023-12-27T09:52:20.827+0545] {taskinstance.py:2171} INFO - Starting attempt 1 of 2
[2023-12-27T09:52:20.840+0545] {taskinstance.py:2192} INFO - Executing <Task(PythonOperator): fetch_and_store_metrics> on 2023-08-04 00:00:00+00:00
[2023-12-27T09:52:20.845+0545] {standard_task_runner.py:60} INFO - Started process 8994 to run task
[2023-12-27T09:52:20.849+0545] {standard_task_runner.py:87} INFO - Running: ['airflow', 'tasks', 'run', 'metrics_pipeline', 'fetch_and_store_metrics', 'scheduled__2023-08-04T00:00:00+00:00', '--job-id', '320', '--raw', '--subdir', 'DAGS_FOLDER/taxi_metrics_dag.py', '--cfg-path', '/tmp/tmpxfxkx07a']
[2023-12-27T09:52:20.850+0545] {standard_task_runner.py:88} INFO - Job 320: Subtask fetch_and_store_metrics
[2023-12-27T09:52:20.883+0545] {task_command.py:423} INFO - Running <TaskInstance: metrics_pipeline.fetch_and_store_metrics scheduled__2023-08-04T00:00:00+00:00 [running]> on host Sarita-Thinkpad
[2023-12-27T09:52:20.937+0545] {taskinstance.py:2481} INFO - Exporting env vars: AIRFLOW_CTX_DAG_OWNER='airflow' AIRFLOW_CTX_DAG_ID='metrics_pipeline' AIRFLOW_CTX_TASK_ID='fetch_and_store_metrics' AIRFLOW_CTX_EXECUTION_DATE='2023-08-04T00:00:00+00:00' AIRFLOW_CTX_TRY_NUMBER='1' AIRFLOW_CTX_DAG_RUN_ID='scheduled__2023-08-04T00:00:00+00:00'
[2023-12-27T09:52:23.679+0545] {logging_mixin.py:188} INFO - <sqlalchemy.engine.cursor.LegacyCursorResult object at 0x7f1e721030d0>
[2023-12-27T09:52:23.696+0545] {logging_mixin.py:188} INFO - <sqlalchemy.engine.cursor.LegacyCursorResult object at 0x7f1e720ec6a0>
[2023-12-27T09:52:23.712+0545] {logging_mixin.py:188} INFO - <sqlalchemy.engine.cursor.LegacyCursorResult object at 0x7f1e72103e50>
[2023-12-27T09:52:23.729+0545] {logging_mixin.py:188} INFO - <sqlalchemy.engine.cursor.LegacyCursorResult object at 0x7f1e720a8ac0>
[2023-12-27T09:52:23.745+0545] {logging_mixin.py:188} INFO - <sqlalchemy.engine.cursor.LegacyCursorResult object at 0x7f1e720640a0>
[2023-12-27T09:52:23.761+0545] {logging_mixin.py:188} INFO - <sqlalchemy.engine.cursor.LegacyCursorResult object at 0x7f1e72041fa0>
[2023-12-27T09:52:23.786+0545] {logging_mixin.py:188} INFO - <sqlalchemy.engine.cursor.LegacyCursorResult object at 0x7f1e7207ef70>
[2023-12-27T09:52:23.805+0545] {logging_mixin.py:188} INFO - <sqlalchemy.engine.cursor.LegacyCursorResult object at 0x7f1e72054130>
[2023-12-27T09:52:23.821+0545] {logging_mixin.py:188} INFO - <sqlalchemy.engine.cursor.LegacyCursorResult object at 0x7f1e72080e50>
[2023-12-27T09:52:23.847+0545] {logging_mixin.py:188} INFO - <sqlalchemy.engine.cursor.LegacyCursorResult object at 0x7f1e7203ce50>
[2023-12-27T09:52:23.871+0545] {logging_mixin.py:188} INFO - <sqlalchemy.engine.cursor.LegacyCursorResult object at 0x7f1e720b42e0>
[2023-12-27T09:52:23.888+0545] {logging_mixin.py:188} INFO - <sqlalchemy.engine.cursor.LegacyCursorResult object at 0x7f1e7207e0d0>
[2023-12-27T09:52:23.906+0545] {logging_mixin.py:188} INFO - <sqlalchemy.engine.cursor.LegacyCursorResult object at 0x7f1e72054df0>
[2023-12-27T09:52:23.906+0545] {python.py:201} INFO - Done. Returned value was: None
[2023-12-27T09:52:23.910+0545] {taskinstance.py:1138} INFO - Marking task as SUCCESS. dag_id=metrics_pipeline, task_id=fetch_and_store_metrics, execution_date=20230804T000000, start_date=20231227T040720, end_date=20231227T040723
[2023-12-27T09:52:23.951+0545] {local_task_job_runner.py:234} INFO - Task exited with return code 0
[2023-12-27T09:52:23.961+0545] {taskinstance.py:3281} INFO - 0 downstream tasks scheduled from follow-on schedule check
[2023-12-27T12:40:28.465+0545] {taskinstance.py:1957} INFO - Dependencies all met for dep_context=non-requeueable deps ti=<TaskInstance: metrics_pipeline.fetch_and_store_metrics scheduled__2023-08-04T00:00:00+00:00 [queued]>
[2023-12-27T12:40:28.470+0545] {taskinstance.py:1957} INFO - Dependencies all met for dep_context=requeueable deps ti=<TaskInstance: metrics_pipeline.fetch_and_store_metrics scheduled__2023-08-04T00:00:00+00:00 [queued]>
[2023-12-27T12:40:28.470+0545] {taskinstance.py:2171} INFO - Starting attempt 1 of 2
[2023-12-27T12:40:28.482+0545] {taskinstance.py:2192} INFO - Executing <Task(PythonOperator): fetch_and_store_metrics> on 2023-08-04 00:00:00+00:00
[2023-12-27T12:40:28.485+0545] {standard_task_runner.py:60} INFO - Started process 15598 to run task
[2023-12-27T12:40:28.486+0545] {standard_task_runner.py:87} INFO - Running: ['airflow', 'tasks', 'run', 'metrics_pipeline', 'fetch_and_store_metrics', 'scheduled__2023-08-04T00:00:00+00:00', '--job-id', '439', '--raw', '--subdir', 'DAGS_FOLDER/taxi_metrics_dag.py', '--cfg-path', '/tmp/tmpru90vdsa']
[2023-12-27T12:40:28.487+0545] {standard_task_runner.py:88} INFO - Job 439: Subtask fetch_and_store_metrics
[2023-12-27T12:40:28.511+0545] {task_command.py:423} INFO - Running <TaskInstance: metrics_pipeline.fetch_and_store_metrics scheduled__2023-08-04T00:00:00+00:00 [running]> on host Sarita-Thinkpad
[2023-12-27T12:40:28.565+0545] {taskinstance.py:2481} INFO - Exporting env vars: AIRFLOW_CTX_DAG_OWNER='airflow' AIRFLOW_CTX_DAG_ID='metrics_pipeline' AIRFLOW_CTX_TASK_ID='fetch_and_store_metrics' AIRFLOW_CTX_EXECUTION_DATE='2023-08-04T00:00:00+00:00' AIRFLOW_CTX_TRY_NUMBER='1' AIRFLOW_CTX_DAG_RUN_ID='scheduled__2023-08-04T00:00:00+00:00'
[2023-12-27T12:40:28.566+0545] {taxi_metrics_dag.py:61} INFO - Getting Clickhouse Data.......
[2023-12-27T12:40:34.629+0545] {taxi_metrics_dag.py:63} INFO - Inserting Data into SQLite.....
[2023-12-27T12:40:34.664+0545] {taxi_metrics_dag.py:56} INFO - Successfully inserted data into SQLite!!
[2023-12-27T12:40:34.665+0545] {taxi_metrics_dag.py:65} INFO - Task completed successfully!!
[2023-12-27T12:40:34.665+0545] {python.py:201} INFO - Done. Returned value was: None
[2023-12-27T12:40:34.678+0545] {taskinstance.py:1138} INFO - Marking task as SUCCESS. dag_id=metrics_pipeline, task_id=fetch_and_store_metrics, execution_date=20230804T000000, start_date=20231227T065528, end_date=20231227T065534
[2023-12-27T12:40:34.705+0545] {local_task_job_runner.py:234} INFO - Task exited with return code 0
[2023-12-27T12:40:34.715+0545] {taskinstance.py:3281} INFO - 0 downstream tasks scheduled from follow-on schedule check
