[2023-12-26T13:22:12.402+0545] {taskinstance.py:1957} INFO - Dependencies all met for dep_context=non-requeueable deps ti=<TaskInstance: metrics_pipeline.fetch_and_store_metrics scheduled__2023-08-28T00:00:00+00:00 [queued]>
[2023-12-26T13:22:12.407+0545] {taskinstance.py:1957} INFO - Dependencies all met for dep_context=requeueable deps ti=<TaskInstance: metrics_pipeline.fetch_and_store_metrics scheduled__2023-08-28T00:00:00+00:00 [queued]>
[2023-12-26T13:22:12.408+0545] {taskinstance.py:2171} INFO - Starting attempt 1 of 2
[2023-12-26T13:22:12.420+0545] {taskinstance.py:2192} INFO - Executing <Task(PythonOperator): fetch_and_store_metrics> on 2023-08-28 00:00:00+00:00
[2023-12-26T13:22:12.422+0545] {standard_task_runner.py:60} INFO - Started process 27670 to run task
[2023-12-26T13:22:12.424+0545] {standard_task_runner.py:87} INFO - Running: ['airflow', 'tasks', 'run', 'metrics_pipeline', 'fetch_and_store_metrics', 'scheduled__2023-08-28T00:00:00+00:00', '--job-id', '243', '--raw', '--subdir', 'DAGS_FOLDER/taxi_metrics_dag.py', '--cfg-path', '/tmp/tmpria9ufb5']
[2023-12-26T13:22:12.424+0545] {standard_task_runner.py:88} INFO - Job 243: Subtask fetch_and_store_metrics
[2023-12-26T13:22:12.448+0545] {task_command.py:423} INFO - Running <TaskInstance: metrics_pipeline.fetch_and_store_metrics scheduled__2023-08-28T00:00:00+00:00 [running]> on host Sarita-Thinkpad
[2023-12-26T13:22:12.502+0545] {taskinstance.py:2481} INFO - Exporting env vars: AIRFLOW_CTX_DAG_OWNER='airflow' AIRFLOW_CTX_DAG_ID='metrics_pipeline' AIRFLOW_CTX_TASK_ID='fetch_and_store_metrics' AIRFLOW_CTX_EXECUTION_DATE='2023-08-28T00:00:00+00:00' AIRFLOW_CTX_TRY_NUMBER='1' AIRFLOW_CTX_DAG_RUN_ID='scheduled__2023-08-28T00:00:00+00:00'
[2023-12-26T13:22:12.517+0545] {python.py:201} INFO - Done. Returned value was: None
[2023-12-26T13:22:12.521+0545] {taskinstance.py:1138} INFO - Marking task as SUCCESS. dag_id=metrics_pipeline, task_id=fetch_and_store_metrics, execution_date=20230828T000000, start_date=20231226T073712, end_date=20231226T073712
[2023-12-26T13:22:12.556+0545] {local_task_job_runner.py:234} INFO - Task exited with return code 0
[2023-12-26T13:22:12.565+0545] {taskinstance.py:3281} INFO - 0 downstream tasks scheduled from follow-on schedule check
[2023-12-27T09:54:41.702+0545] {taskinstance.py:1957} INFO - Dependencies all met for dep_context=non-requeueable deps ti=<TaskInstance: metrics_pipeline.fetch_and_store_metrics scheduled__2023-08-28T00:00:00+00:00 [queued]>
[2023-12-27T09:54:41.707+0545] {taskinstance.py:1957} INFO - Dependencies all met for dep_context=requeueable deps ti=<TaskInstance: metrics_pipeline.fetch_and_store_metrics scheduled__2023-08-28T00:00:00+00:00 [queued]>
[2023-12-27T09:54:41.707+0545] {taskinstance.py:2171} INFO - Starting attempt 1 of 2
[2023-12-27T09:54:41.720+0545] {taskinstance.py:2192} INFO - Executing <Task(PythonOperator): fetch_and_store_metrics> on 2023-08-28 00:00:00+00:00
[2023-12-27T09:54:41.722+0545] {standard_task_runner.py:60} INFO - Started process 9252 to run task
[2023-12-27T09:54:41.724+0545] {standard_task_runner.py:87} INFO - Running: ['airflow', 'tasks', 'run', 'metrics_pipeline', 'fetch_and_store_metrics', 'scheduled__2023-08-28T00:00:00+00:00', '--job-id', '344', '--raw', '--subdir', 'DAGS_FOLDER/taxi_metrics_dag.py', '--cfg-path', '/tmp/tmpqauh08b6']
[2023-12-27T09:54:41.724+0545] {standard_task_runner.py:88} INFO - Job 344: Subtask fetch_and_store_metrics
[2023-12-27T09:54:41.748+0545] {task_command.py:423} INFO - Running <TaskInstance: metrics_pipeline.fetch_and_store_metrics scheduled__2023-08-28T00:00:00+00:00 [running]> on host Sarita-Thinkpad
[2023-12-27T09:54:41.795+0545] {taskinstance.py:2481} INFO - Exporting env vars: AIRFLOW_CTX_DAG_OWNER='airflow' AIRFLOW_CTX_DAG_ID='metrics_pipeline' AIRFLOW_CTX_TASK_ID='fetch_and_store_metrics' AIRFLOW_CTX_EXECUTION_DATE='2023-08-28T00:00:00+00:00' AIRFLOW_CTX_TRY_NUMBER='1' AIRFLOW_CTX_DAG_RUN_ID='scheduled__2023-08-28T00:00:00+00:00'
[2023-12-27T09:54:44.487+0545] {logging_mixin.py:188} INFO - <sqlalchemy.engine.cursor.LegacyCursorResult object at 0x7fa88e572040>
[2023-12-27T09:54:44.503+0545] {logging_mixin.py:188} INFO - <sqlalchemy.engine.cursor.LegacyCursorResult object at 0x7fa88e55b490>
[2023-12-27T09:54:44.519+0545] {logging_mixin.py:188} INFO - <sqlalchemy.engine.cursor.LegacyCursorResult object at 0x7fa88e4f2d90>
[2023-12-27T09:54:44.534+0545] {logging_mixin.py:188} INFO - <sqlalchemy.engine.cursor.LegacyCursorResult object at 0x7fa88e4d30a0>
[2023-12-27T09:54:44.549+0545] {logging_mixin.py:188} INFO - <sqlalchemy.engine.cursor.LegacyCursorResult object at 0x7fa88e4fbfa0>
[2023-12-27T09:54:44.564+0545] {logging_mixin.py:188} INFO - <sqlalchemy.engine.cursor.LegacyCursorResult object at 0x7fa88e517b80>
[2023-12-27T09:54:44.579+0545] {logging_mixin.py:188} INFO - <sqlalchemy.engine.cursor.LegacyCursorResult object at 0x7fa88e4f2d90>
[2023-12-27T09:54:44.596+0545] {logging_mixin.py:188} INFO - <sqlalchemy.engine.cursor.LegacyCursorResult object at 0x7fa88e4bdfd0>
[2023-12-27T09:54:44.614+0545] {logging_mixin.py:188} INFO - <sqlalchemy.engine.cursor.LegacyCursorResult object at 0x7fa88e572040>
[2023-12-27T09:54:44.637+0545] {logging_mixin.py:188} INFO - <sqlalchemy.engine.cursor.LegacyCursorResult object at 0x7fa88e4ace20>
[2023-12-27T09:54:44.654+0545] {logging_mixin.py:188} INFO - <sqlalchemy.engine.cursor.LegacyCursorResult object at 0x7fa88e518310>
[2023-12-27T09:54:44.669+0545] {logging_mixin.py:188} INFO - <sqlalchemy.engine.cursor.LegacyCursorResult object at 0x7fa88e517b20>
[2023-12-27T09:54:44.684+0545] {logging_mixin.py:188} INFO - <sqlalchemy.engine.cursor.LegacyCursorResult object at 0x7fa88e4f0dc0>
[2023-12-27T09:54:44.685+0545] {python.py:201} INFO - Done. Returned value was: None
[2023-12-27T09:54:44.688+0545] {taskinstance.py:1138} INFO - Marking task as SUCCESS. dag_id=metrics_pipeline, task_id=fetch_and_store_metrics, execution_date=20230828T000000, start_date=20231227T040941, end_date=20231227T040944
[2023-12-27T09:54:44.704+0545] {local_task_job_runner.py:234} INFO - Task exited with return code 0
[2023-12-27T09:54:44.715+0545] {taskinstance.py:3281} INFO - 0 downstream tasks scheduled from follow-on schedule check
[2023-12-27T12:43:27.291+0545] {taskinstance.py:1957} INFO - Dependencies all met for dep_context=non-requeueable deps ti=<TaskInstance: metrics_pipeline.fetch_and_store_metrics scheduled__2023-08-28T00:00:00+00:00 [queued]>
[2023-12-27T12:43:27.295+0545] {taskinstance.py:1957} INFO - Dependencies all met for dep_context=requeueable deps ti=<TaskInstance: metrics_pipeline.fetch_and_store_metrics scheduled__2023-08-28T00:00:00+00:00 [queued]>
[2023-12-27T12:43:27.295+0545] {taskinstance.py:2171} INFO - Starting attempt 1 of 2
[2023-12-27T12:43:27.307+0545] {taskinstance.py:2192} INFO - Executing <Task(PythonOperator): fetch_and_store_metrics> on 2023-08-28 00:00:00+00:00
[2023-12-27T12:43:27.310+0545] {standard_task_runner.py:60} INFO - Started process 16840 to run task
[2023-12-27T12:43:27.312+0545] {standard_task_runner.py:87} INFO - Running: ['airflow', 'tasks', 'run', 'metrics_pipeline', 'fetch_and_store_metrics', 'scheduled__2023-08-28T00:00:00+00:00', '--job-id', '463', '--raw', '--subdir', 'DAGS_FOLDER/taxi_metrics_dag.py', '--cfg-path', '/tmp/tmpbjj0bvpl']
[2023-12-27T12:43:27.312+0545] {standard_task_runner.py:88} INFO - Job 463: Subtask fetch_and_store_metrics
[2023-12-27T12:43:27.337+0545] {task_command.py:423} INFO - Running <TaskInstance: metrics_pipeline.fetch_and_store_metrics scheduled__2023-08-28T00:00:00+00:00 [running]> on host Sarita-Thinkpad
[2023-12-27T12:43:27.387+0545] {taskinstance.py:2481} INFO - Exporting env vars: AIRFLOW_CTX_DAG_OWNER='airflow' AIRFLOW_CTX_DAG_ID='metrics_pipeline' AIRFLOW_CTX_TASK_ID='fetch_and_store_metrics' AIRFLOW_CTX_EXECUTION_DATE='2023-08-28T00:00:00+00:00' AIRFLOW_CTX_TRY_NUMBER='1' AIRFLOW_CTX_DAG_RUN_ID='scheduled__2023-08-28T00:00:00+00:00'
[2023-12-27T12:43:27.388+0545] {taxi_metrics_dag.py:61} INFO - Getting Clickhouse Data.......
[2023-12-27T12:43:30.437+0545] {taxi_metrics_dag.py:63} INFO - Inserting Data into SQLite.....
[2023-12-27T12:43:30.448+0545] {taxi_metrics_dag.py:56} INFO - Successfully inserted data into SQLite!!
[2023-12-27T12:43:30.448+0545] {taxi_metrics_dag.py:65} INFO - Task completed successfully!!
[2023-12-27T12:43:30.448+0545] {python.py:201} INFO - Done. Returned value was: None
[2023-12-27T12:43:30.451+0545] {taskinstance.py:1138} INFO - Marking task as SUCCESS. dag_id=metrics_pipeline, task_id=fetch_and_store_metrics, execution_date=20230828T000000, start_date=20231227T065827, end_date=20231227T065830
[2023-12-27T12:43:30.495+0545] {local_task_job_runner.py:234} INFO - Task exited with return code 0
[2023-12-27T12:43:30.503+0545] {taskinstance.py:3281} INFO - 0 downstream tasks scheduled from follow-on schedule check
