[2023-12-26T13:23:20.367+0545] {taskinstance.py:1957} INFO - Dependencies all met for dep_context=non-requeueable deps ti=<TaskInstance: metrics_pipeline.fetch_and_store_metrics scheduled__2023-09-20T00:00:00+00:00 [queued]>
[2023-12-26T13:23:20.372+0545] {taskinstance.py:1957} INFO - Dependencies all met for dep_context=requeueable deps ti=<TaskInstance: metrics_pipeline.fetch_and_store_metrics scheduled__2023-09-20T00:00:00+00:00 [queued]>
[2023-12-26T13:23:20.372+0545] {taskinstance.py:2171} INFO - Starting attempt 1 of 2
[2023-12-26T13:23:20.384+0545] {taskinstance.py:2192} INFO - Executing <Task(PythonOperator): fetch_and_store_metrics> on 2023-09-20 00:00:00+00:00
[2023-12-26T13:23:20.386+0545] {standard_task_runner.py:60} INFO - Started process 27840 to run task
[2023-12-26T13:23:20.388+0545] {standard_task_runner.py:87} INFO - Running: ['airflow', 'tasks', 'run', 'metrics_pipeline', 'fetch_and_store_metrics', 'scheduled__2023-09-20T00:00:00+00:00', '--job-id', '266', '--raw', '--subdir', 'DAGS_FOLDER/taxi_metrics_dag.py', '--cfg-path', '/tmp/tmpy2x6h49h']
[2023-12-26T13:23:20.389+0545] {standard_task_runner.py:88} INFO - Job 266: Subtask fetch_and_store_metrics
[2023-12-26T13:23:20.412+0545] {task_command.py:423} INFO - Running <TaskInstance: metrics_pipeline.fetch_and_store_metrics scheduled__2023-09-20T00:00:00+00:00 [running]> on host Sarita-Thinkpad
[2023-12-26T13:23:20.463+0545] {taskinstance.py:2481} INFO - Exporting env vars: AIRFLOW_CTX_DAG_OWNER='airflow' AIRFLOW_CTX_DAG_ID='metrics_pipeline' AIRFLOW_CTX_TASK_ID='fetch_and_store_metrics' AIRFLOW_CTX_EXECUTION_DATE='2023-09-20T00:00:00+00:00' AIRFLOW_CTX_TRY_NUMBER='1' AIRFLOW_CTX_DAG_RUN_ID='scheduled__2023-09-20T00:00:00+00:00'
[2023-12-26T13:23:20.479+0545] {python.py:201} INFO - Done. Returned value was: None
[2023-12-26T13:23:20.487+0545] {taskinstance.py:1138} INFO - Marking task as SUCCESS. dag_id=metrics_pipeline, task_id=fetch_and_store_metrics, execution_date=20230920T000000, start_date=20231226T073820, end_date=20231226T073820
[2023-12-26T13:23:20.520+0545] {local_task_job_runner.py:234} INFO - Task exited with return code 0
[2023-12-26T13:23:20.530+0545] {taskinstance.py:3281} INFO - 0 downstream tasks scheduled from follow-on schedule check
[2023-12-27T12:47:37.967+0545] {taskinstance.py:1957} INFO - Dependencies all met for dep_context=non-requeueable deps ti=<TaskInstance: metrics_pipeline.fetch_and_store_metrics scheduled__2023-09-20T00:00:00+00:00 [queued]>
[2023-12-27T12:47:37.971+0545] {taskinstance.py:1957} INFO - Dependencies all met for dep_context=requeueable deps ti=<TaskInstance: metrics_pipeline.fetch_and_store_metrics scheduled__2023-09-20T00:00:00+00:00 [queued]>
[2023-12-27T12:47:37.971+0545] {taskinstance.py:2171} INFO - Starting attempt 1 of 2
[2023-12-27T12:47:37.984+0545] {taskinstance.py:2192} INFO - Executing <Task(PythonOperator): fetch_and_store_metrics> on 2023-09-20 00:00:00+00:00
[2023-12-27T12:47:37.986+0545] {standard_task_runner.py:60} INFO - Started process 17248 to run task
[2023-12-27T12:47:37.988+0545] {standard_task_runner.py:87} INFO - Running: ['airflow', 'tasks', 'run', 'metrics_pipeline', 'fetch_and_store_metrics', 'scheduled__2023-09-20T00:00:00+00:00', '--job-id', '488', '--raw', '--subdir', 'DAGS_FOLDER/taxi_metrics_dag.py', '--cfg-path', '/tmp/tmpxtjfx40w']
[2023-12-27T12:47:37.989+0545] {standard_task_runner.py:88} INFO - Job 488: Subtask fetch_and_store_metrics
[2023-12-27T12:47:38.013+0545] {task_command.py:423} INFO - Running <TaskInstance: metrics_pipeline.fetch_and_store_metrics scheduled__2023-09-20T00:00:00+00:00 [running]> on host Sarita-Thinkpad
[2023-12-27T12:47:38.065+0545] {taskinstance.py:2481} INFO - Exporting env vars: AIRFLOW_CTX_DAG_OWNER='airflow' AIRFLOW_CTX_DAG_ID='metrics_pipeline' AIRFLOW_CTX_TASK_ID='fetch_and_store_metrics' AIRFLOW_CTX_EXECUTION_DATE='2023-09-20T00:00:00+00:00' AIRFLOW_CTX_TRY_NUMBER='1' AIRFLOW_CTX_DAG_RUN_ID='scheduled__2023-09-20T00:00:00+00:00'
[2023-12-27T12:47:38.066+0545] {taxi_metrics_dag.py:62} INFO - Getting Clickhouse Data.......
[2023-12-27T12:47:44.417+0545] {taxi_metrics_dag.py:64} INFO - Inserting Data into SQLite.....
[2023-12-27T12:47:44.430+0545] {taxi_metrics_dag.py:57} INFO - Successfully inserted data into SQLite!!
[2023-12-27T12:47:44.431+0545] {taxi_metrics_dag.py:66} INFO - Task completed successfully!!
[2023-12-27T12:47:44.431+0545] {python.py:201} INFO - Done. Returned value was: None
[2023-12-27T12:47:44.438+0545] {taskinstance.py:1138} INFO - Marking task as SUCCESS. dag_id=metrics_pipeline, task_id=fetch_and_store_metrics, execution_date=20230920T000000, start_date=20231227T070237, end_date=20231227T070244
[2023-12-27T12:47:44.456+0545] {local_task_job_runner.py:234} INFO - Task exited with return code 0
[2023-12-27T12:47:44.463+0545] {taskinstance.py:3281} INFO - 0 downstream tasks scheduled from follow-on schedule check
