[2023-12-26T13:23:12.430+0545] {taskinstance.py:1957} INFO - Dependencies all met for dep_context=non-requeueable deps ti=<TaskInstance: metrics_pipeline.fetch_and_store_metrics scheduled__2023-09-17T00:00:00+00:00 [queued]>
[2023-12-26T13:23:12.435+0545] {taskinstance.py:1957} INFO - Dependencies all met for dep_context=requeueable deps ti=<TaskInstance: metrics_pipeline.fetch_and_store_metrics scheduled__2023-09-17T00:00:00+00:00 [queued]>
[2023-12-26T13:23:12.435+0545] {taskinstance.py:2171} INFO - Starting attempt 1 of 2
[2023-12-26T13:23:12.447+0545] {taskinstance.py:2192} INFO - Executing <Task(PythonOperator): fetch_and_store_metrics> on 2023-09-17 00:00:00+00:00
[2023-12-26T13:23:12.449+0545] {standard_task_runner.py:60} INFO - Started process 27819 to run task
[2023-12-26T13:23:12.451+0545] {standard_task_runner.py:87} INFO - Running: ['airflow', 'tasks', 'run', 'metrics_pipeline', 'fetch_and_store_metrics', 'scheduled__2023-09-17T00:00:00+00:00', '--job-id', '263', '--raw', '--subdir', 'DAGS_FOLDER/taxi_metrics_dag.py', '--cfg-path', '/tmp/tmp1v9znirh']
[2023-12-26T13:23:12.451+0545] {standard_task_runner.py:88} INFO - Job 263: Subtask fetch_and_store_metrics
[2023-12-26T13:23:12.476+0545] {task_command.py:423} INFO - Running <TaskInstance: metrics_pipeline.fetch_and_store_metrics scheduled__2023-09-17T00:00:00+00:00 [running]> on host Sarita-Thinkpad
[2023-12-26T13:23:12.530+0545] {taskinstance.py:2481} INFO - Exporting env vars: AIRFLOW_CTX_DAG_OWNER='airflow' AIRFLOW_CTX_DAG_ID='metrics_pipeline' AIRFLOW_CTX_TASK_ID='fetch_and_store_metrics' AIRFLOW_CTX_EXECUTION_DATE='2023-09-17T00:00:00+00:00' AIRFLOW_CTX_TRY_NUMBER='1' AIRFLOW_CTX_DAG_RUN_ID='scheduled__2023-09-17T00:00:00+00:00'
[2023-12-26T13:23:12.551+0545] {python.py:201} INFO - Done. Returned value was: None
[2023-12-26T13:23:12.562+0545] {taskinstance.py:1138} INFO - Marking task as SUCCESS. dag_id=metrics_pipeline, task_id=fetch_and_store_metrics, execution_date=20230917T000000, start_date=20231226T073812, end_date=20231226T073812
[2023-12-26T13:23:12.623+0545] {local_task_job_runner.py:234} INFO - Task exited with return code 0
[2023-12-26T13:23:12.640+0545] {taskinstance.py:3281} INFO - 0 downstream tasks scheduled from follow-on schedule check
[2023-12-27T12:47:10.125+0545] {taskinstance.py:1957} INFO - Dependencies all met for dep_context=non-requeueable deps ti=<TaskInstance: metrics_pipeline.fetch_and_store_metrics scheduled__2023-09-17T00:00:00+00:00 [queued]>
[2023-12-27T12:47:10.130+0545] {taskinstance.py:1957} INFO - Dependencies all met for dep_context=requeueable deps ti=<TaskInstance: metrics_pipeline.fetch_and_store_metrics scheduled__2023-09-17T00:00:00+00:00 [queued]>
[2023-12-27T12:47:10.130+0545] {taskinstance.py:2171} INFO - Starting attempt 1 of 2
[2023-12-27T12:47:10.143+0545] {taskinstance.py:2192} INFO - Executing <Task(PythonOperator): fetch_and_store_metrics> on 2023-09-17 00:00:00+00:00
[2023-12-27T12:47:10.145+0545] {standard_task_runner.py:60} INFO - Started process 17192 to run task
[2023-12-27T12:47:10.147+0545] {standard_task_runner.py:87} INFO - Running: ['airflow', 'tasks', 'run', 'metrics_pipeline', 'fetch_and_store_metrics', 'scheduled__2023-09-17T00:00:00+00:00', '--job-id', '485', '--raw', '--subdir', 'DAGS_FOLDER/taxi_metrics_dag.py', '--cfg-path', '/tmp/tmpnvhv7dq4']
[2023-12-27T12:47:10.148+0545] {standard_task_runner.py:88} INFO - Job 485: Subtask fetch_and_store_metrics
[2023-12-27T12:47:10.171+0545] {task_command.py:423} INFO - Running <TaskInstance: metrics_pipeline.fetch_and_store_metrics scheduled__2023-09-17T00:00:00+00:00 [running]> on host Sarita-Thinkpad
[2023-12-27T12:47:10.232+0545] {taskinstance.py:2481} INFO - Exporting env vars: AIRFLOW_CTX_DAG_OWNER='airflow' AIRFLOW_CTX_DAG_ID='metrics_pipeline' AIRFLOW_CTX_TASK_ID='fetch_and_store_metrics' AIRFLOW_CTX_EXECUTION_DATE='2023-09-17T00:00:00+00:00' AIRFLOW_CTX_TRY_NUMBER='1' AIRFLOW_CTX_DAG_RUN_ID='scheduled__2023-09-17T00:00:00+00:00'
[2023-12-27T12:47:10.236+0545] {taxi_metrics_dag.py:62} INFO - Getting Clickhouse Data.......
[2023-12-27T12:47:16.271+0545] {taxi_metrics_dag.py:64} INFO - Inserting Data into SQLite.....
[2023-12-27T12:47:16.304+0545] {taxi_metrics_dag.py:57} INFO - Successfully inserted data into SQLite!!
[2023-12-27T12:47:16.305+0545] {taxi_metrics_dag.py:66} INFO - Task completed successfully!!
[2023-12-27T12:47:16.305+0545] {python.py:201} INFO - Done. Returned value was: None
[2023-12-27T12:47:16.312+0545] {taskinstance.py:1138} INFO - Marking task as SUCCESS. dag_id=metrics_pipeline, task_id=fetch_and_store_metrics, execution_date=20230917T000000, start_date=20231227T070210, end_date=20231227T070216
[2023-12-27T12:47:16.338+0545] {local_task_job_runner.py:234} INFO - Task exited with return code 0
[2023-12-27T12:47:16.349+0545] {taskinstance.py:3281} INFO - 0 downstream tasks scheduled from follow-on schedule check
