[2023-12-26T13:21:14.776+0545] {taskinstance.py:1957} INFO - Dependencies all met for dep_context=non-requeueable deps ti=<TaskInstance: metrics_pipeline.fetch_and_store_metrics scheduled__2023-08-08T00:00:00+00:00 [queued]>
[2023-12-26T13:21:14.781+0545] {taskinstance.py:1957} INFO - Dependencies all met for dep_context=requeueable deps ti=<TaskInstance: metrics_pipeline.fetch_and_store_metrics scheduled__2023-08-08T00:00:00+00:00 [queued]>
[2023-12-26T13:21:14.781+0545] {taskinstance.py:2171} INFO - Starting attempt 1 of 2
[2023-12-26T13:21:14.792+0545] {taskinstance.py:2192} INFO - Executing <Task(PythonOperator): fetch_and_store_metrics> on 2023-08-08 00:00:00+00:00
[2023-12-26T13:21:14.795+0545] {standard_task_runner.py:60} INFO - Started process 27526 to run task
[2023-12-26T13:21:14.797+0545] {standard_task_runner.py:87} INFO - Running: ['airflow', 'tasks', 'run', 'metrics_pipeline', 'fetch_and_store_metrics', 'scheduled__2023-08-08T00:00:00+00:00', '--job-id', '223', '--raw', '--subdir', 'DAGS_FOLDER/taxi_metrics_dag.py', '--cfg-path', '/tmp/tmp3gbs82yt']
[2023-12-26T13:21:14.797+0545] {standard_task_runner.py:88} INFO - Job 223: Subtask fetch_and_store_metrics
[2023-12-26T13:21:14.822+0545] {task_command.py:423} INFO - Running <TaskInstance: metrics_pipeline.fetch_and_store_metrics scheduled__2023-08-08T00:00:00+00:00 [running]> on host Sarita-Thinkpad
[2023-12-26T13:21:14.885+0545] {taskinstance.py:2481} INFO - Exporting env vars: AIRFLOW_CTX_DAG_OWNER='airflow' AIRFLOW_CTX_DAG_ID='metrics_pipeline' AIRFLOW_CTX_TASK_ID='fetch_and_store_metrics' AIRFLOW_CTX_EXECUTION_DATE='2023-08-08T00:00:00+00:00' AIRFLOW_CTX_TRY_NUMBER='1' AIRFLOW_CTX_DAG_RUN_ID='scheduled__2023-08-08T00:00:00+00:00'
[2023-12-26T13:21:14.907+0545] {python.py:201} INFO - Done. Returned value was: None
[2023-12-26T13:21:14.914+0545] {taskinstance.py:1138} INFO - Marking task as SUCCESS. dag_id=metrics_pipeline, task_id=fetch_and_store_metrics, execution_date=20230808T000000, start_date=20231226T073614, end_date=20231226T073614
[2023-12-26T13:21:14.929+0545] {local_task_job_runner.py:234} INFO - Task exited with return code 0
[2023-12-26T13:21:14.937+0545] {taskinstance.py:3281} INFO - 0 downstream tasks scheduled from follow-on schedule check
[2023-12-27T09:52:44.669+0545] {taskinstance.py:1957} INFO - Dependencies all met for dep_context=non-requeueable deps ti=<TaskInstance: metrics_pipeline.fetch_and_store_metrics scheduled__2023-08-08T00:00:00+00:00 [queued]>
[2023-12-27T09:52:44.674+0545] {taskinstance.py:1957} INFO - Dependencies all met for dep_context=requeueable deps ti=<TaskInstance: metrics_pipeline.fetch_and_store_metrics scheduled__2023-08-08T00:00:00+00:00 [queued]>
[2023-12-27T09:52:44.674+0545] {taskinstance.py:2171} INFO - Starting attempt 1 of 2
[2023-12-27T09:52:44.686+0545] {taskinstance.py:2192} INFO - Executing <Task(PythonOperator): fetch_and_store_metrics> on 2023-08-08 00:00:00+00:00
[2023-12-27T09:52:44.688+0545] {standard_task_runner.py:60} INFO - Started process 9032 to run task
[2023-12-27T09:52:44.690+0545] {standard_task_runner.py:87} INFO - Running: ['airflow', 'tasks', 'run', 'metrics_pipeline', 'fetch_and_store_metrics', 'scheduled__2023-08-08T00:00:00+00:00', '--job-id', '324', '--raw', '--subdir', 'DAGS_FOLDER/taxi_metrics_dag.py', '--cfg-path', '/tmp/tmp0qlogw4w']
[2023-12-27T09:52:44.691+0545] {standard_task_runner.py:88} INFO - Job 324: Subtask fetch_and_store_metrics
[2023-12-27T09:52:44.715+0545] {task_command.py:423} INFO - Running <TaskInstance: metrics_pipeline.fetch_and_store_metrics scheduled__2023-08-08T00:00:00+00:00 [running]> on host Sarita-Thinkpad
[2023-12-27T09:52:44.758+0545] {taskinstance.py:2481} INFO - Exporting env vars: AIRFLOW_CTX_DAG_OWNER='airflow' AIRFLOW_CTX_DAG_ID='metrics_pipeline' AIRFLOW_CTX_TASK_ID='fetch_and_store_metrics' AIRFLOW_CTX_EXECUTION_DATE='2023-08-08T00:00:00+00:00' AIRFLOW_CTX_TRY_NUMBER='1' AIRFLOW_CTX_DAG_RUN_ID='scheduled__2023-08-08T00:00:00+00:00'
[2023-12-27T09:52:47.131+0545] {logging_mixin.py:188} INFO - <sqlalchemy.engine.cursor.LegacyCursorResult object at 0x7f0c83c3f0d0>
[2023-12-27T09:52:47.151+0545] {logging_mixin.py:188} INFO - <sqlalchemy.engine.cursor.LegacyCursorResult object at 0x7f0c83c276a0>
[2023-12-27T09:52:47.177+0545] {logging_mixin.py:188} INFO - <sqlalchemy.engine.cursor.LegacyCursorResult object at 0x7f0c83c3fe50>
[2023-12-27T09:52:47.207+0545] {logging_mixin.py:188} INFO - <sqlalchemy.engine.cursor.LegacyCursorResult object at 0x7f0c83be4ac0>
[2023-12-27T09:52:47.229+0545] {logging_mixin.py:188} INFO - <sqlalchemy.engine.cursor.LegacyCursorResult object at 0x7f0c83bc7f70>
[2023-12-27T09:52:47.255+0545] {logging_mixin.py:188} INFO - <sqlalchemy.engine.cursor.LegacyCursorResult object at 0x7f0c83b7dfa0>
[2023-12-27T09:52:47.293+0545] {logging_mixin.py:188} INFO - <sqlalchemy.engine.cursor.LegacyCursorResult object at 0x7f0c83bbbf70>
[2023-12-27T09:52:47.317+0545] {logging_mixin.py:188} INFO - <sqlalchemy.engine.cursor.LegacyCursorResult object at 0x7f0c83b8f130>
[2023-12-27T09:52:47.346+0545] {logging_mixin.py:188} INFO - <sqlalchemy.engine.cursor.LegacyCursorResult object at 0x7f0c83bbee50>
[2023-12-27T09:52:47.387+0545] {logging_mixin.py:188} INFO - <sqlalchemy.engine.cursor.LegacyCursorResult object at 0x7f0c83b79e50>
[2023-12-27T09:52:47.405+0545] {logging_mixin.py:188} INFO - <sqlalchemy.engine.cursor.LegacyCursorResult object at 0x7f0c83bc12e0>
[2023-12-27T09:52:47.427+0545] {logging_mixin.py:188} INFO - <sqlalchemy.engine.cursor.LegacyCursorResult object at 0x7f0c83bbb0d0>
[2023-12-27T09:52:47.444+0545] {logging_mixin.py:188} INFO - <sqlalchemy.engine.cursor.LegacyCursorResult object at 0x7f0c83b8fdf0>
[2023-12-27T09:52:47.444+0545] {python.py:201} INFO - Done. Returned value was: None
[2023-12-27T09:52:47.449+0545] {taskinstance.py:1138} INFO - Marking task as SUCCESS. dag_id=metrics_pipeline, task_id=fetch_and_store_metrics, execution_date=20230808T000000, start_date=20231227T040744, end_date=20231227T040747
[2023-12-27T09:52:47.512+0545] {local_task_job_runner.py:234} INFO - Task exited with return code 0
[2023-12-27T09:52:47.523+0545] {taskinstance.py:3281} INFO - 0 downstream tasks scheduled from follow-on schedule check
[2023-12-27T12:41:08.525+0545] {taskinstance.py:1957} INFO - Dependencies all met for dep_context=non-requeueable deps ti=<TaskInstance: metrics_pipeline.fetch_and_store_metrics scheduled__2023-08-08T00:00:00+00:00 [queued]>
[2023-12-27T12:41:08.530+0545] {taskinstance.py:1957} INFO - Dependencies all met for dep_context=requeueable deps ti=<TaskInstance: metrics_pipeline.fetch_and_store_metrics scheduled__2023-08-08T00:00:00+00:00 [queued]>
[2023-12-27T12:41:08.530+0545] {taskinstance.py:2171} INFO - Starting attempt 1 of 2
[2023-12-27T12:41:08.542+0545] {taskinstance.py:2192} INFO - Executing <Task(PythonOperator): fetch_and_store_metrics> on 2023-08-08 00:00:00+00:00
[2023-12-27T12:41:08.544+0545] {standard_task_runner.py:60} INFO - Started process 15634 to run task
[2023-12-27T12:41:08.546+0545] {standard_task_runner.py:87} INFO - Running: ['airflow', 'tasks', 'run', 'metrics_pipeline', 'fetch_and_store_metrics', 'scheduled__2023-08-08T00:00:00+00:00', '--job-id', '443', '--raw', '--subdir', 'DAGS_FOLDER/taxi_metrics_dag.py', '--cfg-path', '/tmp/tmps25oxt86']
[2023-12-27T12:41:08.547+0545] {standard_task_runner.py:88} INFO - Job 443: Subtask fetch_and_store_metrics
[2023-12-27T12:41:08.571+0545] {task_command.py:423} INFO - Running <TaskInstance: metrics_pipeline.fetch_and_store_metrics scheduled__2023-08-08T00:00:00+00:00 [running]> on host Sarita-Thinkpad
[2023-12-27T12:41:08.617+0545] {taskinstance.py:2481} INFO - Exporting env vars: AIRFLOW_CTX_DAG_OWNER='airflow' AIRFLOW_CTX_DAG_ID='metrics_pipeline' AIRFLOW_CTX_TASK_ID='fetch_and_store_metrics' AIRFLOW_CTX_EXECUTION_DATE='2023-08-08T00:00:00+00:00' AIRFLOW_CTX_TRY_NUMBER='1' AIRFLOW_CTX_DAG_RUN_ID='scheduled__2023-08-08T00:00:00+00:00'
[2023-12-27T12:41:08.618+0545] {taxi_metrics_dag.py:61} INFO - Getting Clickhouse Data.......
[2023-12-27T12:41:15.619+0545] {taxi_metrics_dag.py:63} INFO - Inserting Data into SQLite.....
[2023-12-27T12:41:15.648+0545] {taxi_metrics_dag.py:56} INFO - Successfully inserted data into SQLite!!
[2023-12-27T12:41:15.648+0545] {taxi_metrics_dag.py:65} INFO - Task completed successfully!!
[2023-12-27T12:41:15.648+0545] {python.py:201} INFO - Done. Returned value was: None
[2023-12-27T12:41:15.653+0545] {taskinstance.py:1138} INFO - Marking task as SUCCESS. dag_id=metrics_pipeline, task_id=fetch_and_store_metrics, execution_date=20230808T000000, start_date=20231227T065608, end_date=20231227T065615
[2023-12-27T12:41:15.690+0545] {local_task_job_runner.py:234} INFO - Task exited with return code 0
[2023-12-27T12:41:15.699+0545] {taskinstance.py:3281} INFO - 0 downstream tasks scheduled from follow-on schedule check
