[2023-12-26T13:23:26.495+0545] {taskinstance.py:1957} INFO - Dependencies all met for dep_context=non-requeueable deps ti=<TaskInstance: metrics_pipeline.fetch_and_store_metrics scheduled__2023-09-22T00:00:00+00:00 [queued]>
[2023-12-26T13:23:26.500+0545] {taskinstance.py:1957} INFO - Dependencies all met for dep_context=requeueable deps ti=<TaskInstance: metrics_pipeline.fetch_and_store_metrics scheduled__2023-09-22T00:00:00+00:00 [queued]>
[2023-12-26T13:23:26.500+0545] {taskinstance.py:2171} INFO - Starting attempt 1 of 2
[2023-12-26T13:23:26.512+0545] {taskinstance.py:2192} INFO - Executing <Task(PythonOperator): fetch_and_store_metrics> on 2023-09-22 00:00:00+00:00
[2023-12-26T13:23:26.515+0545] {standard_task_runner.py:60} INFO - Started process 27856 to run task
[2023-12-26T13:23:26.516+0545] {standard_task_runner.py:87} INFO - Running: ['airflow', 'tasks', 'run', 'metrics_pipeline', 'fetch_and_store_metrics', 'scheduled__2023-09-22T00:00:00+00:00', '--job-id', '268', '--raw', '--subdir', 'DAGS_FOLDER/taxi_metrics_dag.py', '--cfg-path', '/tmp/tmps2szfzr0']
[2023-12-26T13:23:26.517+0545] {standard_task_runner.py:88} INFO - Job 268: Subtask fetch_and_store_metrics
[2023-12-26T13:23:26.540+0545] {task_command.py:423} INFO - Running <TaskInstance: metrics_pipeline.fetch_and_store_metrics scheduled__2023-09-22T00:00:00+00:00 [running]> on host Sarita-Thinkpad
[2023-12-26T13:23:26.591+0545] {taskinstance.py:2481} INFO - Exporting env vars: AIRFLOW_CTX_DAG_OWNER='airflow' AIRFLOW_CTX_DAG_ID='metrics_pipeline' AIRFLOW_CTX_TASK_ID='fetch_and_store_metrics' AIRFLOW_CTX_EXECUTION_DATE='2023-09-22T00:00:00+00:00' AIRFLOW_CTX_TRY_NUMBER='1' AIRFLOW_CTX_DAG_RUN_ID='scheduled__2023-09-22T00:00:00+00:00'
[2023-12-26T13:23:26.607+0545] {python.py:201} INFO - Done. Returned value was: None
[2023-12-26T13:23:26.610+0545] {taskinstance.py:1138} INFO - Marking task as SUCCESS. dag_id=metrics_pipeline, task_id=fetch_and_store_metrics, execution_date=20230922T000000, start_date=20231226T073826, end_date=20231226T073826
[2023-12-26T13:23:26.648+0545] {local_task_job_runner.py:234} INFO - Task exited with return code 0
[2023-12-26T13:23:26.675+0545] {taskinstance.py:3281} INFO - 0 downstream tasks scheduled from follow-on schedule check
[2023-12-27T12:53:40.616+0545] {taskinstance.py:1957} INFO - Dependencies all met for dep_context=non-requeueable deps ti=<TaskInstance: metrics_pipeline.fetch_and_store_metrics scheduled__2023-09-22T00:00:00+00:00 [queued]>
[2023-12-27T12:53:40.620+0545] {taskinstance.py:1957} INFO - Dependencies all met for dep_context=requeueable deps ti=<TaskInstance: metrics_pipeline.fetch_and_store_metrics scheduled__2023-09-22T00:00:00+00:00 [queued]>
[2023-12-27T12:53:40.620+0545] {taskinstance.py:2171} INFO - Starting attempt 1 of 2
[2023-12-27T12:53:40.633+0545] {taskinstance.py:2192} INFO - Executing <Task(PythonOperator): fetch_and_store_metrics> on 2023-09-22 00:00:00+00:00
[2023-12-27T12:53:40.634+0545] {standard_task_runner.py:60} INFO - Started process 17770 to run task
[2023-12-27T12:53:40.636+0545] {standard_task_runner.py:87} INFO - Running: ['airflow', 'tasks', 'run', 'metrics_pipeline', 'fetch_and_store_metrics', 'scheduled__2023-09-22T00:00:00+00:00', '--job-id', '491', '--raw', '--subdir', 'DAGS_FOLDER/taxi_metrics_dag.py', '--cfg-path', '/tmp/tmp1z77990q']
[2023-12-27T12:53:40.637+0545] {standard_task_runner.py:88} INFO - Job 491: Subtask fetch_and_store_metrics
[2023-12-27T12:53:40.661+0545] {task_command.py:423} INFO - Running <TaskInstance: metrics_pipeline.fetch_and_store_metrics scheduled__2023-09-22T00:00:00+00:00 [running]> on host Sarita-Thinkpad
[2023-12-27T12:53:40.707+0545] {taskinstance.py:2481} INFO - Exporting env vars: AIRFLOW_CTX_DAG_OWNER='airflow' AIRFLOW_CTX_DAG_ID='metrics_pipeline' AIRFLOW_CTX_TASK_ID='fetch_and_store_metrics' AIRFLOW_CTX_EXECUTION_DATE='2023-09-22T00:00:00+00:00' AIRFLOW_CTX_TRY_NUMBER='1' AIRFLOW_CTX_DAG_RUN_ID='scheduled__2023-09-22T00:00:00+00:00'
[2023-12-27T12:53:40.708+0545] {taxi_metrics_dag.py:62} INFO - Getting Clickhouse Data.......
[2023-12-27T12:53:51.975+0545] {taxi_metrics_dag.py:64} INFO - Inserting Data into SQLite.....
[2023-12-27T12:53:52.011+0545] {taxi_metrics_dag.py:57} INFO - Successfully inserted data into SQLite!!
[2023-12-27T12:53:52.012+0545] {taxi_metrics_dag.py:66} INFO - Task completed successfully!!
[2023-12-27T12:53:52.012+0545] {python.py:201} INFO - Done. Returned value was: None
[2023-12-27T12:53:52.022+0545] {taskinstance.py:1138} INFO - Marking task as SUCCESS. dag_id=metrics_pipeline, task_id=fetch_and_store_metrics, execution_date=20230922T000000, start_date=20231227T070840, end_date=20231227T070852
