[2023-12-26T13:22:50.293+0545] {taskinstance.py:1957} INFO - Dependencies all met for dep_context=non-requeueable deps ti=<TaskInstance: metrics_pipeline.fetch_and_store_metrics scheduled__2023-09-10T00:00:00+00:00 [queued]>
[2023-12-26T13:22:50.299+0545] {taskinstance.py:1957} INFO - Dependencies all met for dep_context=requeueable deps ti=<TaskInstance: metrics_pipeline.fetch_and_store_metrics scheduled__2023-09-10T00:00:00+00:00 [queued]>
[2023-12-26T13:22:50.299+0545] {taskinstance.py:2171} INFO - Starting attempt 1 of 2
[2023-12-26T13:22:50.311+0545] {taskinstance.py:2192} INFO - Executing <Task(PythonOperator): fetch_and_store_metrics> on 2023-09-10 00:00:00+00:00
[2023-12-26T13:22:50.314+0545] {standard_task_runner.py:60} INFO - Started process 27763 to run task
[2023-12-26T13:22:50.316+0545] {standard_task_runner.py:87} INFO - Running: ['airflow', 'tasks', 'run', 'metrics_pipeline', 'fetch_and_store_metrics', 'scheduled__2023-09-10T00:00:00+00:00', '--job-id', '256', '--raw', '--subdir', 'DAGS_FOLDER/taxi_metrics_dag.py', '--cfg-path', '/tmp/tmpi7x2is6r']
[2023-12-26T13:22:50.316+0545] {standard_task_runner.py:88} INFO - Job 256: Subtask fetch_and_store_metrics
[2023-12-26T13:22:50.340+0545] {task_command.py:423} INFO - Running <TaskInstance: metrics_pipeline.fetch_and_store_metrics scheduled__2023-09-10T00:00:00+00:00 [running]> on host Sarita-Thinkpad
[2023-12-26T13:22:50.395+0545] {taskinstance.py:2481} INFO - Exporting env vars: AIRFLOW_CTX_DAG_OWNER='airflow' AIRFLOW_CTX_DAG_ID='metrics_pipeline' AIRFLOW_CTX_TASK_ID='fetch_and_store_metrics' AIRFLOW_CTX_EXECUTION_DATE='2023-09-10T00:00:00+00:00' AIRFLOW_CTX_TRY_NUMBER='1' AIRFLOW_CTX_DAG_RUN_ID='scheduled__2023-09-10T00:00:00+00:00'
[2023-12-26T13:22:50.410+0545] {python.py:201} INFO - Done. Returned value was: None
[2023-12-26T13:22:50.413+0545] {taskinstance.py:1138} INFO - Marking task as SUCCESS. dag_id=metrics_pipeline, task_id=fetch_and_store_metrics, execution_date=20230910T000000, start_date=20231226T073750, end_date=20231226T073750
[2023-12-26T13:22:50.448+0545] {local_task_job_runner.py:234} INFO - Task exited with return code 0
[2023-12-26T13:22:50.460+0545] {taskinstance.py:3281} INFO - 0 downstream tasks scheduled from follow-on schedule check
[2023-12-27T12:46:08.661+0545] {taskinstance.py:1957} INFO - Dependencies all met for dep_context=non-requeueable deps ti=<TaskInstance: metrics_pipeline.fetch_and_store_metrics scheduled__2023-09-10T00:00:00+00:00 [queued]>
[2023-12-27T12:46:08.666+0545] {taskinstance.py:1957} INFO - Dependencies all met for dep_context=requeueable deps ti=<TaskInstance: metrics_pipeline.fetch_and_store_metrics scheduled__2023-09-10T00:00:00+00:00 [queued]>
[2023-12-27T12:46:08.666+0545] {taskinstance.py:2171} INFO - Starting attempt 1 of 2
[2023-12-27T12:46:08.678+0545] {taskinstance.py:2192} INFO - Executing <Task(PythonOperator): fetch_and_store_metrics> on 2023-09-10 00:00:00+00:00
[2023-12-27T12:46:08.680+0545] {standard_task_runner.py:60} INFO - Started process 17130 to run task
[2023-12-27T12:46:08.682+0545] {standard_task_runner.py:87} INFO - Running: ['airflow', 'tasks', 'run', 'metrics_pipeline', 'fetch_and_store_metrics', 'scheduled__2023-09-10T00:00:00+00:00', '--job-id', '478', '--raw', '--subdir', 'DAGS_FOLDER/taxi_metrics_dag.py', '--cfg-path', '/tmp/tmpxxrq7tq2']
[2023-12-27T12:46:08.682+0545] {standard_task_runner.py:88} INFO - Job 478: Subtask fetch_and_store_metrics
[2023-12-27T12:46:08.707+0545] {task_command.py:423} INFO - Running <TaskInstance: metrics_pipeline.fetch_and_store_metrics scheduled__2023-09-10T00:00:00+00:00 [running]> on host Sarita-Thinkpad
[2023-12-27T12:46:08.761+0545] {taskinstance.py:2481} INFO - Exporting env vars: AIRFLOW_CTX_DAG_OWNER='airflow' AIRFLOW_CTX_DAG_ID='metrics_pipeline' AIRFLOW_CTX_TASK_ID='fetch_and_store_metrics' AIRFLOW_CTX_EXECUTION_DATE='2023-09-10T00:00:00+00:00' AIRFLOW_CTX_TRY_NUMBER='1' AIRFLOW_CTX_DAG_RUN_ID='scheduled__2023-09-10T00:00:00+00:00'
[2023-12-27T12:46:08.764+0545] {taxi_metrics_dag.py:62} INFO - Getting Clickhouse Data.......
[2023-12-27T12:46:13.481+0545] {taxi_metrics_dag.py:64} INFO - Inserting Data into SQLite.....
[2023-12-27T12:46:13.531+0545] {taxi_metrics_dag.py:57} INFO - Successfully inserted data into SQLite!!
[2023-12-27T12:46:13.531+0545] {taxi_metrics_dag.py:66} INFO - Task completed successfully!!
[2023-12-27T12:46:13.531+0545] {python.py:201} INFO - Done. Returned value was: None
[2023-12-27T12:46:13.534+0545] {taskinstance.py:1138} INFO - Marking task as SUCCESS. dag_id=metrics_pipeline, task_id=fetch_and_store_metrics, execution_date=20230910T000000, start_date=20231227T070108, end_date=20231227T070113
[2023-12-27T12:46:13.554+0545] {local_task_job_runner.py:234} INFO - Task exited with return code 0
[2023-12-27T12:46:13.563+0545] {taskinstance.py:3281} INFO - 0 downstream tasks scheduled from follow-on schedule check
