[2024-03-18T11:12:25.566+0545] {processor.py:161} INFO - Started process (PID=12283) to work on /home/sarita/Documents/ETLapp/pythonProject/.venv/lib/python3.9/site-packages/airflow/example_dags/subdags/subdag.py
[2024-03-18T11:12:25.567+0545] {processor.py:830} INFO - Processing file /home/sarita/Documents/ETLapp/pythonProject/.venv/lib/python3.9/site-packages/airflow/example_dags/subdags/subdag.py for tasks to queue
[2024-03-18T11:12:25.567+0545] {logging_mixin.py:188} INFO - [2024-03-18T11:12:25.567+0545] {dagbag.py:540} INFO - Filling up the DagBag from /home/sarita/Documents/ETLapp/pythonProject/.venv/lib/python3.9/site-packages/airflow/example_dags/subdags/subdag.py
[2024-03-18T11:12:25.569+0545] {processor.py:842} WARNING - No viable dags retrieved from /home/sarita/Documents/ETLapp/pythonProject/.venv/lib/python3.9/site-packages/airflow/example_dags/subdags/subdag.py
[2024-03-18T11:12:25.575+0545] {processor.py:183} INFO - Processing /home/sarita/Documents/ETLapp/pythonProject/.venv/lib/python3.9/site-packages/airflow/example_dags/subdags/subdag.py took 0.011 seconds
[2024-03-18T11:13:17.886+0545] {processor.py:161} INFO - Started process (PID=12404) to work on /home/sarita/Documents/ETLapp/pythonProject/.venv/lib/python3.9/site-packages/airflow/example_dags/subdags/subdag.py
[2024-03-18T11:13:17.890+0545] {processor.py:830} INFO - Processing file /home/sarita/Documents/ETLapp/pythonProject/.venv/lib/python3.9/site-packages/airflow/example_dags/subdags/subdag.py for tasks to queue
[2024-03-18T11:13:17.892+0545] {logging_mixin.py:188} INFO - [2024-03-18T11:13:17.891+0545] {dagbag.py:540} INFO - Filling up the DagBag from /home/sarita/Documents/ETLapp/pythonProject/.venv/lib/python3.9/site-packages/airflow/example_dags/subdags/subdag.py
[2024-03-18T11:13:17.898+0545] {processor.py:842} WARNING - No viable dags retrieved from /home/sarita/Documents/ETLapp/pythonProject/.venv/lib/python3.9/site-packages/airflow/example_dags/subdags/subdag.py
[2024-03-18T11:13:17.913+0545] {processor.py:183} INFO - Processing /home/sarita/Documents/ETLapp/pythonProject/.venv/lib/python3.9/site-packages/airflow/example_dags/subdags/subdag.py took 0.034 seconds
[2024-03-18T11:14:10.457+0545] {processor.py:161} INFO - Started process (PID=12486) to work on /home/sarita/Documents/ETLapp/pythonProject/.venv/lib/python3.9/site-packages/airflow/example_dags/subdags/subdag.py
[2024-03-18T11:14:10.459+0545] {processor.py:830} INFO - Processing file /home/sarita/Documents/ETLapp/pythonProject/.venv/lib/python3.9/site-packages/airflow/example_dags/subdags/subdag.py for tasks to queue
[2024-03-18T11:14:10.460+0545] {logging_mixin.py:188} INFO - [2024-03-18T11:14:10.460+0545] {dagbag.py:540} INFO - Filling up the DagBag from /home/sarita/Documents/ETLapp/pythonProject/.venv/lib/python3.9/site-packages/airflow/example_dags/subdags/subdag.py
[2024-03-18T11:14:10.462+0545] {processor.py:842} WARNING - No viable dags retrieved from /home/sarita/Documents/ETLapp/pythonProject/.venv/lib/python3.9/site-packages/airflow/example_dags/subdags/subdag.py
[2024-03-18T11:14:10.470+0545] {processor.py:183} INFO - Processing /home/sarita/Documents/ETLapp/pythonProject/.venv/lib/python3.9/site-packages/airflow/example_dags/subdags/subdag.py took 0.016 seconds
[2024-03-18T11:14:51.799+0545] {processor.py:161} INFO - Started process (PID=12564) to work on /home/sarita/Documents/ETLapp/pythonProject/.venv/lib/python3.9/site-packages/airflow/example_dags/subdags/subdag.py
[2024-03-18T11:14:51.803+0545] {processor.py:830} INFO - Processing file /home/sarita/Documents/ETLapp/pythonProject/.venv/lib/python3.9/site-packages/airflow/example_dags/subdags/subdag.py for tasks to queue
[2024-03-18T11:14:51.806+0545] {logging_mixin.py:188} INFO - [2024-03-18T11:14:51.804+0545] {dagbag.py:540} INFO - Filling up the DagBag from /home/sarita/Documents/ETLapp/pythonProject/.venv/lib/python3.9/site-packages/airflow/example_dags/subdags/subdag.py
[2024-03-18T11:14:51.812+0545] {processor.py:842} WARNING - No viable dags retrieved from /home/sarita/Documents/ETLapp/pythonProject/.venv/lib/python3.9/site-packages/airflow/example_dags/subdags/subdag.py
[2024-03-18T11:14:51.828+0545] {processor.py:183} INFO - Processing /home/sarita/Documents/ETLapp/pythonProject/.venv/lib/python3.9/site-packages/airflow/example_dags/subdags/subdag.py took 0.036 seconds
[2024-03-18T11:15:42.412+0545] {processor.py:161} INFO - Started process (PID=12817) to work on /home/sarita/Documents/ETLapp/pythonProject/.venv/lib/python3.9/site-packages/airflow/example_dags/subdags/subdag.py
[2024-03-18T11:15:42.414+0545] {processor.py:830} INFO - Processing file /home/sarita/Documents/ETLapp/pythonProject/.venv/lib/python3.9/site-packages/airflow/example_dags/subdags/subdag.py for tasks to queue
[2024-03-18T11:15:42.415+0545] {logging_mixin.py:188} INFO - [2024-03-18T11:15:42.415+0545] {dagbag.py:540} INFO - Filling up the DagBag from /home/sarita/Documents/ETLapp/pythonProject/.venv/lib/python3.9/site-packages/airflow/example_dags/subdags/subdag.py
[2024-03-18T11:15:42.417+0545] {processor.py:842} WARNING - No viable dags retrieved from /home/sarita/Documents/ETLapp/pythonProject/.venv/lib/python3.9/site-packages/airflow/example_dags/subdags/subdag.py
[2024-03-18T11:15:42.426+0545] {processor.py:183} INFO - Processing /home/sarita/Documents/ETLapp/pythonProject/.venv/lib/python3.9/site-packages/airflow/example_dags/subdags/subdag.py took 0.017 seconds
[2024-03-18T11:16:35.620+0545] {processor.py:161} INFO - Started process (PID=12877) to work on /home/sarita/Documents/ETLapp/pythonProject/.venv/lib/python3.9/site-packages/airflow/example_dags/subdags/subdag.py
[2024-03-18T11:16:35.624+0545] {processor.py:830} INFO - Processing file /home/sarita/Documents/ETLapp/pythonProject/.venv/lib/python3.9/site-packages/airflow/example_dags/subdags/subdag.py for tasks to queue
[2024-03-18T11:16:35.627+0545] {logging_mixin.py:188} INFO - [2024-03-18T11:16:35.626+0545] {dagbag.py:540} INFO - Filling up the DagBag from /home/sarita/Documents/ETLapp/pythonProject/.venv/lib/python3.9/site-packages/airflow/example_dags/subdags/subdag.py
[2024-03-18T11:16:35.633+0545] {processor.py:842} WARNING - No viable dags retrieved from /home/sarita/Documents/ETLapp/pythonProject/.venv/lib/python3.9/site-packages/airflow/example_dags/subdags/subdag.py
[2024-03-18T11:16:35.648+0545] {processor.py:183} INFO - Processing /home/sarita/Documents/ETLapp/pythonProject/.venv/lib/python3.9/site-packages/airflow/example_dags/subdags/subdag.py took 0.036 seconds
[2024-03-18T11:17:18.452+0545] {processor.py:161} INFO - Started process (PID=12951) to work on /home/sarita/Documents/ETLapp/pythonProject/.venv/lib/python3.9/site-packages/airflow/example_dags/subdags/subdag.py
[2024-03-18T11:17:18.454+0545] {processor.py:830} INFO - Processing file /home/sarita/Documents/ETLapp/pythonProject/.venv/lib/python3.9/site-packages/airflow/example_dags/subdags/subdag.py for tasks to queue
[2024-03-18T11:17:18.455+0545] {logging_mixin.py:188} INFO - [2024-03-18T11:17:18.454+0545] {dagbag.py:540} INFO - Filling up the DagBag from /home/sarita/Documents/ETLapp/pythonProject/.venv/lib/python3.9/site-packages/airflow/example_dags/subdags/subdag.py
[2024-03-18T11:17:18.456+0545] {processor.py:842} WARNING - No viable dags retrieved from /home/sarita/Documents/ETLapp/pythonProject/.venv/lib/python3.9/site-packages/airflow/example_dags/subdags/subdag.py
[2024-03-18T11:17:18.463+0545] {processor.py:183} INFO - Processing /home/sarita/Documents/ETLapp/pythonProject/.venv/lib/python3.9/site-packages/airflow/example_dags/subdags/subdag.py took 0.013 seconds
[2024-03-18T11:18:10.736+0545] {processor.py:161} INFO - Started process (PID=13011) to work on /home/sarita/Documents/ETLapp/pythonProject/.venv/lib/python3.9/site-packages/airflow/example_dags/subdags/subdag.py
[2024-03-18T11:18:10.738+0545] {processor.py:830} INFO - Processing file /home/sarita/Documents/ETLapp/pythonProject/.venv/lib/python3.9/site-packages/airflow/example_dags/subdags/subdag.py for tasks to queue
[2024-03-18T11:18:10.739+0545] {logging_mixin.py:188} INFO - [2024-03-18T11:18:10.739+0545] {dagbag.py:540} INFO - Filling up the DagBag from /home/sarita/Documents/ETLapp/pythonProject/.venv/lib/python3.9/site-packages/airflow/example_dags/subdags/subdag.py
[2024-03-18T11:18:10.741+0545] {processor.py:842} WARNING - No viable dags retrieved from /home/sarita/Documents/ETLapp/pythonProject/.venv/lib/python3.9/site-packages/airflow/example_dags/subdags/subdag.py
[2024-03-18T11:18:10.748+0545] {processor.py:183} INFO - Processing /home/sarita/Documents/ETLapp/pythonProject/.venv/lib/python3.9/site-packages/airflow/example_dags/subdags/subdag.py took 0.014 seconds
[2024-03-18T11:19:06.985+0545] {processor.py:161} INFO - Started process (PID=13083) to work on /home/sarita/Documents/ETLapp/pythonProject/.venv/lib/python3.9/site-packages/airflow/example_dags/subdags/subdag.py
[2024-03-18T11:19:06.989+0545] {processor.py:830} INFO - Processing file /home/sarita/Documents/ETLapp/pythonProject/.venv/lib/python3.9/site-packages/airflow/example_dags/subdags/subdag.py for tasks to queue
[2024-03-18T11:19:06.991+0545] {logging_mixin.py:188} INFO - [2024-03-18T11:19:06.990+0545] {dagbag.py:540} INFO - Filling up the DagBag from /home/sarita/Documents/ETLapp/pythonProject/.venv/lib/python3.9/site-packages/airflow/example_dags/subdags/subdag.py
[2024-03-18T11:19:06.997+0545] {processor.py:842} WARNING - No viable dags retrieved from /home/sarita/Documents/ETLapp/pythonProject/.venv/lib/python3.9/site-packages/airflow/example_dags/subdags/subdag.py
[2024-03-18T11:19:07.014+0545] {processor.py:183} INFO - Processing /home/sarita/Documents/ETLapp/pythonProject/.venv/lib/python3.9/site-packages/airflow/example_dags/subdags/subdag.py took 0.037 seconds
[2024-03-18T11:19:52.593+0545] {processor.py:161} INFO - Started process (PID=13133) to work on /home/sarita/Documents/ETLapp/pythonProject/.venv/lib/python3.9/site-packages/airflow/example_dags/subdags/subdag.py
[2024-03-18T11:19:52.595+0545] {processor.py:830} INFO - Processing file /home/sarita/Documents/ETLapp/pythonProject/.venv/lib/python3.9/site-packages/airflow/example_dags/subdags/subdag.py for tasks to queue
[2024-03-18T11:19:52.596+0545] {logging_mixin.py:188} INFO - [2024-03-18T11:19:52.596+0545] {dagbag.py:540} INFO - Filling up the DagBag from /home/sarita/Documents/ETLapp/pythonProject/.venv/lib/python3.9/site-packages/airflow/example_dags/subdags/subdag.py
[2024-03-18T11:19:52.597+0545] {processor.py:842} WARNING - No viable dags retrieved from /home/sarita/Documents/ETLapp/pythonProject/.venv/lib/python3.9/site-packages/airflow/example_dags/subdags/subdag.py
[2024-03-18T11:19:52.604+0545] {processor.py:183} INFO - Processing /home/sarita/Documents/ETLapp/pythonProject/.venv/lib/python3.9/site-packages/airflow/example_dags/subdags/subdag.py took 0.013 seconds
[2024-03-18T11:20:42.721+0545] {processor.py:161} INFO - Started process (PID=13206) to work on /home/sarita/Documents/ETLapp/pythonProject/.venv/lib/python3.9/site-packages/airflow/example_dags/subdags/subdag.py
[2024-03-18T11:20:42.724+0545] {processor.py:830} INFO - Processing file /home/sarita/Documents/ETLapp/pythonProject/.venv/lib/python3.9/site-packages/airflow/example_dags/subdags/subdag.py for tasks to queue
[2024-03-18T11:20:42.725+0545] {logging_mixin.py:188} INFO - [2024-03-18T11:20:42.724+0545] {dagbag.py:540} INFO - Filling up the DagBag from /home/sarita/Documents/ETLapp/pythonProject/.venv/lib/python3.9/site-packages/airflow/example_dags/subdags/subdag.py
[2024-03-18T11:20:42.728+0545] {processor.py:842} WARNING - No viable dags retrieved from /home/sarita/Documents/ETLapp/pythonProject/.venv/lib/python3.9/site-packages/airflow/example_dags/subdags/subdag.py
[2024-03-18T11:20:42.745+0545] {processor.py:183} INFO - Processing /home/sarita/Documents/ETLapp/pythonProject/.venv/lib/python3.9/site-packages/airflow/example_dags/subdags/subdag.py took 0.028 seconds
[2024-03-18T11:21:34.492+0545] {processor.py:161} INFO - Started process (PID=13299) to work on /home/sarita/Documents/ETLapp/pythonProject/.venv/lib/python3.9/site-packages/airflow/example_dags/subdags/subdag.py
[2024-03-18T11:21:34.495+0545] {processor.py:830} INFO - Processing file /home/sarita/Documents/ETLapp/pythonProject/.venv/lib/python3.9/site-packages/airflow/example_dags/subdags/subdag.py for tasks to queue
[2024-03-18T11:21:34.497+0545] {logging_mixin.py:188} INFO - [2024-03-18T11:21:34.496+0545] {dagbag.py:540} INFO - Filling up the DagBag from /home/sarita/Documents/ETLapp/pythonProject/.venv/lib/python3.9/site-packages/airflow/example_dags/subdags/subdag.py
[2024-03-18T11:21:34.501+0545] {processor.py:842} WARNING - No viable dags retrieved from /home/sarita/Documents/ETLapp/pythonProject/.venv/lib/python3.9/site-packages/airflow/example_dags/subdags/subdag.py
[2024-03-18T11:21:34.516+0545] {processor.py:183} INFO - Processing /home/sarita/Documents/ETLapp/pythonProject/.venv/lib/python3.9/site-packages/airflow/example_dags/subdags/subdag.py took 0.029 seconds
[2024-03-18T11:22:16.274+0545] {processor.py:161} INFO - Started process (PID=13347) to work on /home/sarita/Documents/ETLapp/pythonProject/.venv/lib/python3.9/site-packages/airflow/example_dags/subdags/subdag.py
[2024-03-18T11:22:16.276+0545] {processor.py:830} INFO - Processing file /home/sarita/Documents/ETLapp/pythonProject/.venv/lib/python3.9/site-packages/airflow/example_dags/subdags/subdag.py for tasks to queue
[2024-03-18T11:22:16.277+0545] {logging_mixin.py:188} INFO - [2024-03-18T11:22:16.277+0545] {dagbag.py:540} INFO - Filling up the DagBag from /home/sarita/Documents/ETLapp/pythonProject/.venv/lib/python3.9/site-packages/airflow/example_dags/subdags/subdag.py
[2024-03-18T11:22:16.280+0545] {processor.py:842} WARNING - No viable dags retrieved from /home/sarita/Documents/ETLapp/pythonProject/.venv/lib/python3.9/site-packages/airflow/example_dags/subdags/subdag.py
[2024-03-18T11:22:16.290+0545] {processor.py:183} INFO - Processing /home/sarita/Documents/ETLapp/pythonProject/.venv/lib/python3.9/site-packages/airflow/example_dags/subdags/subdag.py took 0.018 seconds
[2024-03-18T11:23:09.053+0545] {processor.py:161} INFO - Started process (PID=13422) to work on /home/sarita/Documents/ETLapp/pythonProject/.venv/lib/python3.9/site-packages/airflow/example_dags/subdags/subdag.py
[2024-03-18T11:23:09.056+0545] {processor.py:830} INFO - Processing file /home/sarita/Documents/ETLapp/pythonProject/.venv/lib/python3.9/site-packages/airflow/example_dags/subdags/subdag.py for tasks to queue
[2024-03-18T11:23:09.057+0545] {logging_mixin.py:188} INFO - [2024-03-18T11:23:09.057+0545] {dagbag.py:540} INFO - Filling up the DagBag from /home/sarita/Documents/ETLapp/pythonProject/.venv/lib/python3.9/site-packages/airflow/example_dags/subdags/subdag.py
[2024-03-18T11:23:09.060+0545] {processor.py:842} WARNING - No viable dags retrieved from /home/sarita/Documents/ETLapp/pythonProject/.venv/lib/python3.9/site-packages/airflow/example_dags/subdags/subdag.py
[2024-03-18T11:23:09.070+0545] {processor.py:183} INFO - Processing /home/sarita/Documents/ETLapp/pythonProject/.venv/lib/python3.9/site-packages/airflow/example_dags/subdags/subdag.py took 0.023 seconds
[2024-03-18T11:24:05.497+0545] {processor.py:161} INFO - Started process (PID=13498) to work on /home/sarita/Documents/ETLapp/pythonProject/.venv/lib/python3.9/site-packages/airflow/example_dags/subdags/subdag.py
[2024-03-18T11:24:05.500+0545] {processor.py:830} INFO - Processing file /home/sarita/Documents/ETLapp/pythonProject/.venv/lib/python3.9/site-packages/airflow/example_dags/subdags/subdag.py for tasks to queue
[2024-03-18T11:24:05.503+0545] {logging_mixin.py:188} INFO - [2024-03-18T11:24:05.502+0545] {dagbag.py:540} INFO - Filling up the DagBag from /home/sarita/Documents/ETLapp/pythonProject/.venv/lib/python3.9/site-packages/airflow/example_dags/subdags/subdag.py
[2024-03-18T11:24:05.509+0545] {processor.py:842} WARNING - No viable dags retrieved from /home/sarita/Documents/ETLapp/pythonProject/.venv/lib/python3.9/site-packages/airflow/example_dags/subdags/subdag.py
[2024-03-18T11:24:05.525+0545] {processor.py:183} INFO - Processing /home/sarita/Documents/ETLapp/pythonProject/.venv/lib/python3.9/site-packages/airflow/example_dags/subdags/subdag.py took 0.036 seconds
[2024-03-18T11:24:57.278+0545] {processor.py:161} INFO - Started process (PID=13659) to work on /home/sarita/Documents/ETLapp/pythonProject/.venv/lib/python3.9/site-packages/airflow/example_dags/subdags/subdag.py
[2024-03-18T11:24:57.280+0545] {processor.py:830} INFO - Processing file /home/sarita/Documents/ETLapp/pythonProject/.venv/lib/python3.9/site-packages/airflow/example_dags/subdags/subdag.py for tasks to queue
[2024-03-18T11:24:57.281+0545] {logging_mixin.py:188} INFO - [2024-03-18T11:24:57.281+0545] {dagbag.py:540} INFO - Filling up the DagBag from /home/sarita/Documents/ETLapp/pythonProject/.venv/lib/python3.9/site-packages/airflow/example_dags/subdags/subdag.py
[2024-03-18T11:24:57.283+0545] {processor.py:842} WARNING - No viable dags retrieved from /home/sarita/Documents/ETLapp/pythonProject/.venv/lib/python3.9/site-packages/airflow/example_dags/subdags/subdag.py
[2024-03-18T11:24:57.291+0545] {processor.py:183} INFO - Processing /home/sarita/Documents/ETLapp/pythonProject/.venv/lib/python3.9/site-packages/airflow/example_dags/subdags/subdag.py took 0.015 seconds
[2024-03-18T11:25:50.323+0545] {processor.py:161} INFO - Started process (PID=13736) to work on /home/sarita/Documents/ETLapp/pythonProject/.venv/lib/python3.9/site-packages/airflow/example_dags/subdags/subdag.py
[2024-03-18T11:25:50.327+0545] {processor.py:830} INFO - Processing file /home/sarita/Documents/ETLapp/pythonProject/.venv/lib/python3.9/site-packages/airflow/example_dags/subdags/subdag.py for tasks to queue
[2024-03-18T11:25:50.328+0545] {logging_mixin.py:188} INFO - [2024-03-18T11:25:50.327+0545] {dagbag.py:540} INFO - Filling up the DagBag from /home/sarita/Documents/ETLapp/pythonProject/.venv/lib/python3.9/site-packages/airflow/example_dags/subdags/subdag.py
[2024-03-18T11:25:50.329+0545] {processor.py:842} WARNING - No viable dags retrieved from /home/sarita/Documents/ETLapp/pythonProject/.venv/lib/python3.9/site-packages/airflow/example_dags/subdags/subdag.py
[2024-03-18T11:25:50.336+0545] {processor.py:183} INFO - Processing /home/sarita/Documents/ETLapp/pythonProject/.venv/lib/python3.9/site-packages/airflow/example_dags/subdags/subdag.py took 0.014 seconds
[2024-03-18T11:26:47.087+0545] {processor.py:161} INFO - Started process (PID=14279) to work on /home/sarita/Documents/ETLapp/pythonProject/.venv/lib/python3.9/site-packages/airflow/example_dags/subdags/subdag.py
[2024-03-18T11:26:47.091+0545] {processor.py:830} INFO - Processing file /home/sarita/Documents/ETLapp/pythonProject/.venv/lib/python3.9/site-packages/airflow/example_dags/subdags/subdag.py for tasks to queue
[2024-03-18T11:26:47.094+0545] {logging_mixin.py:188} INFO - [2024-03-18T11:26:47.093+0545] {dagbag.py:540} INFO - Filling up the DagBag from /home/sarita/Documents/ETLapp/pythonProject/.venv/lib/python3.9/site-packages/airflow/example_dags/subdags/subdag.py
[2024-03-18T11:26:47.099+0545] {processor.py:842} WARNING - No viable dags retrieved from /home/sarita/Documents/ETLapp/pythonProject/.venv/lib/python3.9/site-packages/airflow/example_dags/subdags/subdag.py
[2024-03-18T11:26:47.114+0545] {processor.py:183} INFO - Processing /home/sarita/Documents/ETLapp/pythonProject/.venv/lib/python3.9/site-packages/airflow/example_dags/subdags/subdag.py took 0.035 seconds
[2024-03-18T11:27:41.869+0545] {processor.py:161} INFO - Started process (PID=14421) to work on /home/sarita/Documents/ETLapp/pythonProject/.venv/lib/python3.9/site-packages/airflow/example_dags/subdags/subdag.py
[2024-03-18T11:27:41.873+0545] {processor.py:830} INFO - Processing file /home/sarita/Documents/ETLapp/pythonProject/.venv/lib/python3.9/site-packages/airflow/example_dags/subdags/subdag.py for tasks to queue
[2024-03-18T11:27:41.875+0545] {logging_mixin.py:188} INFO - [2024-03-18T11:27:41.874+0545] {dagbag.py:540} INFO - Filling up the DagBag from /home/sarita/Documents/ETLapp/pythonProject/.venv/lib/python3.9/site-packages/airflow/example_dags/subdags/subdag.py
[2024-03-18T11:27:41.878+0545] {processor.py:842} WARNING - No viable dags retrieved from /home/sarita/Documents/ETLapp/pythonProject/.venv/lib/python3.9/site-packages/airflow/example_dags/subdags/subdag.py
[2024-03-18T11:27:41.894+0545] {processor.py:183} INFO - Processing /home/sarita/Documents/ETLapp/pythonProject/.venv/lib/python3.9/site-packages/airflow/example_dags/subdags/subdag.py took 0.033 seconds
[2024-03-18T11:28:37.077+0545] {processor.py:161} INFO - Started process (PID=14635) to work on /home/sarita/Documents/ETLapp/pythonProject/.venv/lib/python3.9/site-packages/airflow/example_dags/subdags/subdag.py
[2024-03-18T11:28:37.080+0545] {processor.py:830} INFO - Processing file /home/sarita/Documents/ETLapp/pythonProject/.venv/lib/python3.9/site-packages/airflow/example_dags/subdags/subdag.py for tasks to queue
[2024-03-18T11:28:37.082+0545] {logging_mixin.py:188} INFO - [2024-03-18T11:28:37.081+0545] {dagbag.py:540} INFO - Filling up the DagBag from /home/sarita/Documents/ETLapp/pythonProject/.venv/lib/python3.9/site-packages/airflow/example_dags/subdags/subdag.py
[2024-03-18T11:28:37.085+0545] {processor.py:842} WARNING - No viable dags retrieved from /home/sarita/Documents/ETLapp/pythonProject/.venv/lib/python3.9/site-packages/airflow/example_dags/subdags/subdag.py
[2024-03-18T11:28:37.102+0545] {processor.py:183} INFO - Processing /home/sarita/Documents/ETLapp/pythonProject/.venv/lib/python3.9/site-packages/airflow/example_dags/subdags/subdag.py took 0.030 seconds
[2024-03-18T11:29:32.690+0545] {processor.py:161} INFO - Started process (PID=14699) to work on /home/sarita/Documents/ETLapp/pythonProject/.venv/lib/python3.9/site-packages/airflow/example_dags/subdags/subdag.py
[2024-03-18T11:29:32.692+0545] {processor.py:830} INFO - Processing file /home/sarita/Documents/ETLapp/pythonProject/.venv/lib/python3.9/site-packages/airflow/example_dags/subdags/subdag.py for tasks to queue
[2024-03-18T11:29:32.692+0545] {logging_mixin.py:188} INFO - [2024-03-18T11:29:32.692+0545] {dagbag.py:540} INFO - Filling up the DagBag from /home/sarita/Documents/ETLapp/pythonProject/.venv/lib/python3.9/site-packages/airflow/example_dags/subdags/subdag.py
[2024-03-18T11:29:32.694+0545] {processor.py:842} WARNING - No viable dags retrieved from /home/sarita/Documents/ETLapp/pythonProject/.venv/lib/python3.9/site-packages/airflow/example_dags/subdags/subdag.py
[2024-03-18T11:29:32.700+0545] {processor.py:183} INFO - Processing /home/sarita/Documents/ETLapp/pythonProject/.venv/lib/python3.9/site-packages/airflow/example_dags/subdags/subdag.py took 0.012 seconds
[2024-03-18T11:30:29.458+0545] {processor.py:161} INFO - Started process (PID=14780) to work on /home/sarita/Documents/ETLapp/pythonProject/.venv/lib/python3.9/site-packages/airflow/example_dags/subdags/subdag.py
[2024-03-18T11:30:29.460+0545] {processor.py:830} INFO - Processing file /home/sarita/Documents/ETLapp/pythonProject/.venv/lib/python3.9/site-packages/airflow/example_dags/subdags/subdag.py for tasks to queue
[2024-03-18T11:30:29.461+0545] {logging_mixin.py:188} INFO - [2024-03-18T11:30:29.461+0545] {dagbag.py:540} INFO - Filling up the DagBag from /home/sarita/Documents/ETLapp/pythonProject/.venv/lib/python3.9/site-packages/airflow/example_dags/subdags/subdag.py
[2024-03-18T11:30:29.462+0545] {processor.py:842} WARNING - No viable dags retrieved from /home/sarita/Documents/ETLapp/pythonProject/.venv/lib/python3.9/site-packages/airflow/example_dags/subdags/subdag.py
[2024-03-18T11:30:29.470+0545] {processor.py:183} INFO - Processing /home/sarita/Documents/ETLapp/pythonProject/.venv/lib/python3.9/site-packages/airflow/example_dags/subdags/subdag.py took 0.014 seconds
[2024-03-18T11:31:22.803+0545] {processor.py:161} INFO - Started process (PID=14922) to work on /home/sarita/Documents/ETLapp/pythonProject/.venv/lib/python3.9/site-packages/airflow/example_dags/subdags/subdag.py
[2024-03-18T11:31:22.805+0545] {processor.py:830} INFO - Processing file /home/sarita/Documents/ETLapp/pythonProject/.venv/lib/python3.9/site-packages/airflow/example_dags/subdags/subdag.py for tasks to queue
[2024-03-18T11:31:22.806+0545] {logging_mixin.py:188} INFO - [2024-03-18T11:31:22.806+0545] {dagbag.py:540} INFO - Filling up the DagBag from /home/sarita/Documents/ETLapp/pythonProject/.venv/lib/python3.9/site-packages/airflow/example_dags/subdags/subdag.py
[2024-03-18T11:31:22.807+0545] {processor.py:842} WARNING - No viable dags retrieved from /home/sarita/Documents/ETLapp/pythonProject/.venv/lib/python3.9/site-packages/airflow/example_dags/subdags/subdag.py
[2024-03-18T11:31:22.814+0545] {processor.py:183} INFO - Processing /home/sarita/Documents/ETLapp/pythonProject/.venv/lib/python3.9/site-packages/airflow/example_dags/subdags/subdag.py took 0.012 seconds
[2024-03-18T11:32:20.283+0545] {processor.py:161} INFO - Started process (PID=15035) to work on /home/sarita/Documents/ETLapp/pythonProject/.venv/lib/python3.9/site-packages/airflow/example_dags/subdags/subdag.py
[2024-03-18T11:32:20.285+0545] {processor.py:830} INFO - Processing file /home/sarita/Documents/ETLapp/pythonProject/.venv/lib/python3.9/site-packages/airflow/example_dags/subdags/subdag.py for tasks to queue
[2024-03-18T11:32:20.286+0545] {logging_mixin.py:188} INFO - [2024-03-18T11:32:20.286+0545] {dagbag.py:540} INFO - Filling up the DagBag from /home/sarita/Documents/ETLapp/pythonProject/.venv/lib/python3.9/site-packages/airflow/example_dags/subdags/subdag.py
[2024-03-18T11:32:20.288+0545] {processor.py:842} WARNING - No viable dags retrieved from /home/sarita/Documents/ETLapp/pythonProject/.venv/lib/python3.9/site-packages/airflow/example_dags/subdags/subdag.py
[2024-03-18T11:32:20.294+0545] {processor.py:183} INFO - Processing /home/sarita/Documents/ETLapp/pythonProject/.venv/lib/python3.9/site-packages/airflow/example_dags/subdags/subdag.py took 0.014 seconds
[2024-03-18T11:33:12.542+0545] {processor.py:161} INFO - Started process (PID=15140) to work on /home/sarita/Documents/ETLapp/pythonProject/.venv/lib/python3.9/site-packages/airflow/example_dags/subdags/subdag.py
[2024-03-18T11:33:12.544+0545] {processor.py:830} INFO - Processing file /home/sarita/Documents/ETLapp/pythonProject/.venv/lib/python3.9/site-packages/airflow/example_dags/subdags/subdag.py for tasks to queue
[2024-03-18T11:33:12.547+0545] {logging_mixin.py:188} INFO - [2024-03-18T11:33:12.546+0545] {dagbag.py:540} INFO - Filling up the DagBag from /home/sarita/Documents/ETLapp/pythonProject/.venv/lib/python3.9/site-packages/airflow/example_dags/subdags/subdag.py
[2024-03-18T11:33:12.552+0545] {processor.py:842} WARNING - No viable dags retrieved from /home/sarita/Documents/ETLapp/pythonProject/.venv/lib/python3.9/site-packages/airflow/example_dags/subdags/subdag.py
[2024-03-18T11:33:12.574+0545] {processor.py:183} INFO - Processing /home/sarita/Documents/ETLapp/pythonProject/.venv/lib/python3.9/site-packages/airflow/example_dags/subdags/subdag.py took 0.034 seconds
[2024-03-18T11:33:45.872+0545] {processor.py:161} INFO - Started process (PID=15186) to work on /home/sarita/Documents/ETLapp/pythonProject/.venv/lib/python3.9/site-packages/airflow/example_dags/subdags/subdag.py
[2024-03-18T11:33:45.874+0545] {processor.py:830} INFO - Processing file /home/sarita/Documents/ETLapp/pythonProject/.venv/lib/python3.9/site-packages/airflow/example_dags/subdags/subdag.py for tasks to queue
[2024-03-18T11:33:45.875+0545] {logging_mixin.py:188} INFO - [2024-03-18T11:33:45.875+0545] {dagbag.py:540} INFO - Filling up the DagBag from /home/sarita/Documents/ETLapp/pythonProject/.venv/lib/python3.9/site-packages/airflow/example_dags/subdags/subdag.py
[2024-03-18T11:33:45.876+0545] {processor.py:842} WARNING - No viable dags retrieved from /home/sarita/Documents/ETLapp/pythonProject/.venv/lib/python3.9/site-packages/airflow/example_dags/subdags/subdag.py
[2024-03-18T11:33:45.883+0545] {processor.py:183} INFO - Processing /home/sarita/Documents/ETLapp/pythonProject/.venv/lib/python3.9/site-packages/airflow/example_dags/subdags/subdag.py took 0.013 seconds
[2024-03-18T11:34:34.354+0545] {processor.py:161} INFO - Started process (PID=15255) to work on /home/sarita/Documents/ETLapp/pythonProject/.venv/lib/python3.9/site-packages/airflow/example_dags/subdags/subdag.py
[2024-03-18T11:34:34.356+0545] {processor.py:830} INFO - Processing file /home/sarita/Documents/ETLapp/pythonProject/.venv/lib/python3.9/site-packages/airflow/example_dags/subdags/subdag.py for tasks to queue
[2024-03-18T11:34:34.356+0545] {logging_mixin.py:188} INFO - [2024-03-18T11:34:34.356+0545] {dagbag.py:540} INFO - Filling up the DagBag from /home/sarita/Documents/ETLapp/pythonProject/.venv/lib/python3.9/site-packages/airflow/example_dags/subdags/subdag.py
[2024-03-18T11:34:34.358+0545] {processor.py:842} WARNING - No viable dags retrieved from /home/sarita/Documents/ETLapp/pythonProject/.venv/lib/python3.9/site-packages/airflow/example_dags/subdags/subdag.py
[2024-03-18T11:34:34.365+0545] {processor.py:183} INFO - Processing /home/sarita/Documents/ETLapp/pythonProject/.venv/lib/python3.9/site-packages/airflow/example_dags/subdags/subdag.py took 0.013 seconds
[2024-03-18T11:35:26.461+0545] {processor.py:161} INFO - Started process (PID=15392) to work on /home/sarita/Documents/ETLapp/pythonProject/.venv/lib/python3.9/site-packages/airflow/example_dags/subdags/subdag.py
[2024-03-18T11:35:26.464+0545] {processor.py:830} INFO - Processing file /home/sarita/Documents/ETLapp/pythonProject/.venv/lib/python3.9/site-packages/airflow/example_dags/subdags/subdag.py for tasks to queue
[2024-03-18T11:35:26.464+0545] {logging_mixin.py:188} INFO - [2024-03-18T11:35:26.464+0545] {dagbag.py:540} INFO - Filling up the DagBag from /home/sarita/Documents/ETLapp/pythonProject/.venv/lib/python3.9/site-packages/airflow/example_dags/subdags/subdag.py
[2024-03-18T11:35:26.466+0545] {processor.py:842} WARNING - No viable dags retrieved from /home/sarita/Documents/ETLapp/pythonProject/.venv/lib/python3.9/site-packages/airflow/example_dags/subdags/subdag.py
[2024-03-18T11:35:26.473+0545] {processor.py:183} INFO - Processing /home/sarita/Documents/ETLapp/pythonProject/.venv/lib/python3.9/site-packages/airflow/example_dags/subdags/subdag.py took 0.014 seconds
[2024-03-18T11:36:24.731+0545] {processor.py:161} INFO - Started process (PID=15469) to work on /home/sarita/Documents/ETLapp/pythonProject/.venv/lib/python3.9/site-packages/airflow/example_dags/subdags/subdag.py
[2024-03-18T11:36:24.732+0545] {processor.py:830} INFO - Processing file /home/sarita/Documents/ETLapp/pythonProject/.venv/lib/python3.9/site-packages/airflow/example_dags/subdags/subdag.py for tasks to queue
[2024-03-18T11:36:24.733+0545] {logging_mixin.py:188} INFO - [2024-03-18T11:36:24.733+0545] {dagbag.py:540} INFO - Filling up the DagBag from /home/sarita/Documents/ETLapp/pythonProject/.venv/lib/python3.9/site-packages/airflow/example_dags/subdags/subdag.py
[2024-03-18T11:36:24.734+0545] {processor.py:842} WARNING - No viable dags retrieved from /home/sarita/Documents/ETLapp/pythonProject/.venv/lib/python3.9/site-packages/airflow/example_dags/subdags/subdag.py
[2024-03-18T11:36:24.741+0545] {processor.py:183} INFO - Processing /home/sarita/Documents/ETLapp/pythonProject/.venv/lib/python3.9/site-packages/airflow/example_dags/subdags/subdag.py took 0.013 seconds
[2024-03-18T11:37:06.196+0545] {processor.py:161} INFO - Started process (PID=15513) to work on /home/sarita/Documents/ETLapp/pythonProject/.venv/lib/python3.9/site-packages/airflow/example_dags/subdags/subdag.py
[2024-03-18T11:37:06.207+0545] {processor.py:830} INFO - Processing file /home/sarita/Documents/ETLapp/pythonProject/.venv/lib/python3.9/site-packages/airflow/example_dags/subdags/subdag.py for tasks to queue
[2024-03-18T11:37:06.210+0545] {logging_mixin.py:188} INFO - [2024-03-18T11:37:06.209+0545] {dagbag.py:540} INFO - Filling up the DagBag from /home/sarita/Documents/ETLapp/pythonProject/.venv/lib/python3.9/site-packages/airflow/example_dags/subdags/subdag.py
[2024-03-18T11:37:06.215+0545] {processor.py:842} WARNING - No viable dags retrieved from /home/sarita/Documents/ETLapp/pythonProject/.venv/lib/python3.9/site-packages/airflow/example_dags/subdags/subdag.py
[2024-03-18T11:37:06.235+0545] {processor.py:183} INFO - Processing /home/sarita/Documents/ETLapp/pythonProject/.venv/lib/python3.9/site-packages/airflow/example_dags/subdags/subdag.py took 0.047 seconds
[2024-03-18T11:38:00.990+0545] {processor.py:161} INFO - Started process (PID=15592) to work on /home/sarita/Documents/ETLapp/pythonProject/.venv/lib/python3.9/site-packages/airflow/example_dags/subdags/subdag.py
[2024-03-18T11:38:00.994+0545] {processor.py:830} INFO - Processing file /home/sarita/Documents/ETLapp/pythonProject/.venv/lib/python3.9/site-packages/airflow/example_dags/subdags/subdag.py for tasks to queue
[2024-03-18T11:38:00.997+0545] {logging_mixin.py:188} INFO - [2024-03-18T11:38:00.996+0545] {dagbag.py:540} INFO - Filling up the DagBag from /home/sarita/Documents/ETLapp/pythonProject/.venv/lib/python3.9/site-packages/airflow/example_dags/subdags/subdag.py
[2024-03-18T11:38:01.003+0545] {processor.py:842} WARNING - No viable dags retrieved from /home/sarita/Documents/ETLapp/pythonProject/.venv/lib/python3.9/site-packages/airflow/example_dags/subdags/subdag.py
[2024-03-18T11:38:01.028+0545] {processor.py:183} INFO - Processing /home/sarita/Documents/ETLapp/pythonProject/.venv/lib/python3.9/site-packages/airflow/example_dags/subdags/subdag.py took 0.046 seconds
[2024-03-18T11:38:54.939+0545] {processor.py:161} INFO - Started process (PID=15698) to work on /home/sarita/Documents/ETLapp/pythonProject/.venv/lib/python3.9/site-packages/airflow/example_dags/subdags/subdag.py
[2024-03-18T11:38:54.941+0545] {processor.py:830} INFO - Processing file /home/sarita/Documents/ETLapp/pythonProject/.venv/lib/python3.9/site-packages/airflow/example_dags/subdags/subdag.py for tasks to queue
[2024-03-18T11:38:54.941+0545] {logging_mixin.py:188} INFO - [2024-03-18T11:38:54.941+0545] {dagbag.py:540} INFO - Filling up the DagBag from /home/sarita/Documents/ETLapp/pythonProject/.venv/lib/python3.9/site-packages/airflow/example_dags/subdags/subdag.py
[2024-03-18T11:38:54.943+0545] {processor.py:842} WARNING - No viable dags retrieved from /home/sarita/Documents/ETLapp/pythonProject/.venv/lib/python3.9/site-packages/airflow/example_dags/subdags/subdag.py
[2024-03-18T11:38:54.950+0545] {processor.py:183} INFO - Processing /home/sarita/Documents/ETLapp/pythonProject/.venv/lib/python3.9/site-packages/airflow/example_dags/subdags/subdag.py took 0.014 seconds
[2024-03-18T11:39:48.852+0545] {processor.py:161} INFO - Started process (PID=15764) to work on /home/sarita/Documents/ETLapp/pythonProject/.venv/lib/python3.9/site-packages/airflow/example_dags/subdags/subdag.py
[2024-03-18T11:39:48.856+0545] {processor.py:830} INFO - Processing file /home/sarita/Documents/ETLapp/pythonProject/.venv/lib/python3.9/site-packages/airflow/example_dags/subdags/subdag.py for tasks to queue
[2024-03-18T11:39:48.859+0545] {logging_mixin.py:188} INFO - [2024-03-18T11:39:48.857+0545] {dagbag.py:540} INFO - Filling up the DagBag from /home/sarita/Documents/ETLapp/pythonProject/.venv/lib/python3.9/site-packages/airflow/example_dags/subdags/subdag.py
[2024-03-18T11:39:48.865+0545] {processor.py:842} WARNING - No viable dags retrieved from /home/sarita/Documents/ETLapp/pythonProject/.venv/lib/python3.9/site-packages/airflow/example_dags/subdags/subdag.py
[2024-03-18T11:39:48.882+0545] {processor.py:183} INFO - Processing /home/sarita/Documents/ETLapp/pythonProject/.venv/lib/python3.9/site-packages/airflow/example_dags/subdags/subdag.py took 0.038 seconds
[2024-03-18T11:40:43.209+0545] {processor.py:161} INFO - Started process (PID=15840) to work on /home/sarita/Documents/ETLapp/pythonProject/.venv/lib/python3.9/site-packages/airflow/example_dags/subdags/subdag.py
[2024-03-18T11:40:43.212+0545] {processor.py:830} INFO - Processing file /home/sarita/Documents/ETLapp/pythonProject/.venv/lib/python3.9/site-packages/airflow/example_dags/subdags/subdag.py for tasks to queue
[2024-03-18T11:40:43.214+0545] {logging_mixin.py:188} INFO - [2024-03-18T11:40:43.213+0545] {dagbag.py:540} INFO - Filling up the DagBag from /home/sarita/Documents/ETLapp/pythonProject/.venv/lib/python3.9/site-packages/airflow/example_dags/subdags/subdag.py
[2024-03-18T11:40:43.220+0545] {processor.py:842} WARNING - No viable dags retrieved from /home/sarita/Documents/ETLapp/pythonProject/.venv/lib/python3.9/site-packages/airflow/example_dags/subdags/subdag.py
[2024-03-18T11:40:43.242+0545] {processor.py:183} INFO - Processing /home/sarita/Documents/ETLapp/pythonProject/.venv/lib/python3.9/site-packages/airflow/example_dags/subdags/subdag.py took 0.036 seconds
[2024-03-18T11:41:39.979+0545] {processor.py:161} INFO - Started process (PID=15936) to work on /home/sarita/Documents/ETLapp/pythonProject/.venv/lib/python3.9/site-packages/airflow/example_dags/subdags/subdag.py
[2024-03-18T11:41:39.982+0545] {processor.py:830} INFO - Processing file /home/sarita/Documents/ETLapp/pythonProject/.venv/lib/python3.9/site-packages/airflow/example_dags/subdags/subdag.py for tasks to queue
[2024-03-18T11:41:39.983+0545] {logging_mixin.py:188} INFO - [2024-03-18T11:41:39.982+0545] {dagbag.py:540} INFO - Filling up the DagBag from /home/sarita/Documents/ETLapp/pythonProject/.venv/lib/python3.9/site-packages/airflow/example_dags/subdags/subdag.py
[2024-03-18T11:41:39.986+0545] {processor.py:842} WARNING - No viable dags retrieved from /home/sarita/Documents/ETLapp/pythonProject/.venv/lib/python3.9/site-packages/airflow/example_dags/subdags/subdag.py
[2024-03-18T11:41:40.000+0545] {processor.py:183} INFO - Processing /home/sarita/Documents/ETLapp/pythonProject/.venv/lib/python3.9/site-packages/airflow/example_dags/subdags/subdag.py took 0.024 seconds
[2024-03-18T11:42:36.968+0545] {processor.py:161} INFO - Started process (PID=16006) to work on /home/sarita/Documents/ETLapp/pythonProject/.venv/lib/python3.9/site-packages/airflow/example_dags/subdags/subdag.py
[2024-03-18T11:42:36.972+0545] {processor.py:830} INFO - Processing file /home/sarita/Documents/ETLapp/pythonProject/.venv/lib/python3.9/site-packages/airflow/example_dags/subdags/subdag.py for tasks to queue
[2024-03-18T11:42:36.975+0545] {logging_mixin.py:188} INFO - [2024-03-18T11:42:36.974+0545] {dagbag.py:540} INFO - Filling up the DagBag from /home/sarita/Documents/ETLapp/pythonProject/.venv/lib/python3.9/site-packages/airflow/example_dags/subdags/subdag.py
[2024-03-18T11:42:36.981+0545] {processor.py:842} WARNING - No viable dags retrieved from /home/sarita/Documents/ETLapp/pythonProject/.venv/lib/python3.9/site-packages/airflow/example_dags/subdags/subdag.py
[2024-03-18T11:42:36.996+0545] {processor.py:183} INFO - Processing /home/sarita/Documents/ETLapp/pythonProject/.venv/lib/python3.9/site-packages/airflow/example_dags/subdags/subdag.py took 0.036 seconds
[2024-03-18T11:43:18.274+0545] {processor.py:161} INFO - Started process (PID=16056) to work on /home/sarita/Documents/ETLapp/pythonProject/.venv/lib/python3.9/site-packages/airflow/example_dags/subdags/subdag.py
[2024-03-18T11:43:18.277+0545] {processor.py:830} INFO - Processing file /home/sarita/Documents/ETLapp/pythonProject/.venv/lib/python3.9/site-packages/airflow/example_dags/subdags/subdag.py for tasks to queue
[2024-03-18T11:43:18.280+0545] {logging_mixin.py:188} INFO - [2024-03-18T11:43:18.279+0545] {dagbag.py:540} INFO - Filling up the DagBag from /home/sarita/Documents/ETLapp/pythonProject/.venv/lib/python3.9/site-packages/airflow/example_dags/subdags/subdag.py
[2024-03-18T11:43:18.285+0545] {processor.py:842} WARNING - No viable dags retrieved from /home/sarita/Documents/ETLapp/pythonProject/.venv/lib/python3.9/site-packages/airflow/example_dags/subdags/subdag.py
[2024-03-18T11:43:18.302+0545] {processor.py:183} INFO - Processing /home/sarita/Documents/ETLapp/pythonProject/.venv/lib/python3.9/site-packages/airflow/example_dags/subdags/subdag.py took 0.036 seconds
[2024-03-18T11:44:13.396+0545] {processor.py:161} INFO - Started process (PID=16139) to work on /home/sarita/Documents/ETLapp/pythonProject/.venv/lib/python3.9/site-packages/airflow/example_dags/subdags/subdag.py
[2024-03-18T11:44:13.399+0545] {processor.py:830} INFO - Processing file /home/sarita/Documents/ETLapp/pythonProject/.venv/lib/python3.9/site-packages/airflow/example_dags/subdags/subdag.py for tasks to queue
[2024-03-18T11:44:13.399+0545] {logging_mixin.py:188} INFO - [2024-03-18T11:44:13.399+0545] {dagbag.py:540} INFO - Filling up the DagBag from /home/sarita/Documents/ETLapp/pythonProject/.venv/lib/python3.9/site-packages/airflow/example_dags/subdags/subdag.py
[2024-03-18T11:44:13.401+0545] {processor.py:842} WARNING - No viable dags retrieved from /home/sarita/Documents/ETLapp/pythonProject/.venv/lib/python3.9/site-packages/airflow/example_dags/subdags/subdag.py
[2024-03-18T11:44:13.408+0545] {processor.py:183} INFO - Processing /home/sarita/Documents/ETLapp/pythonProject/.venv/lib/python3.9/site-packages/airflow/example_dags/subdags/subdag.py took 0.014 seconds
[2024-03-18T11:45:11.280+0545] {processor.py:161} INFO - Started process (PID=16208) to work on /home/sarita/Documents/ETLapp/pythonProject/.venv/lib/python3.9/site-packages/airflow/example_dags/subdags/subdag.py
[2024-03-18T11:45:11.283+0545] {processor.py:830} INFO - Processing file /home/sarita/Documents/ETLapp/pythonProject/.venv/lib/python3.9/site-packages/airflow/example_dags/subdags/subdag.py for tasks to queue
[2024-03-18T11:45:11.286+0545] {logging_mixin.py:188} INFO - [2024-03-18T11:45:11.285+0545] {dagbag.py:540} INFO - Filling up the DagBag from /home/sarita/Documents/ETLapp/pythonProject/.venv/lib/python3.9/site-packages/airflow/example_dags/subdags/subdag.py
[2024-03-18T11:45:11.290+0545] {processor.py:842} WARNING - No viable dags retrieved from /home/sarita/Documents/ETLapp/pythonProject/.venv/lib/python3.9/site-packages/airflow/example_dags/subdags/subdag.py
[2024-03-18T11:45:11.304+0545] {processor.py:183} INFO - Processing /home/sarita/Documents/ETLapp/pythonProject/.venv/lib/python3.9/site-packages/airflow/example_dags/subdags/subdag.py took 0.033 seconds
[2024-03-18T11:46:10.152+0545] {processor.py:161} INFO - Started process (PID=16312) to work on /home/sarita/Documents/ETLapp/pythonProject/.venv/lib/python3.9/site-packages/airflow/example_dags/subdags/subdag.py
[2024-03-18T11:46:10.154+0545] {processor.py:830} INFO - Processing file /home/sarita/Documents/ETLapp/pythonProject/.venv/lib/python3.9/site-packages/airflow/example_dags/subdags/subdag.py for tasks to queue
[2024-03-18T11:46:10.155+0545] {logging_mixin.py:188} INFO - [2024-03-18T11:46:10.155+0545] {dagbag.py:540} INFO - Filling up the DagBag from /home/sarita/Documents/ETLapp/pythonProject/.venv/lib/python3.9/site-packages/airflow/example_dags/subdags/subdag.py
[2024-03-18T11:46:10.157+0545] {processor.py:842} WARNING - No viable dags retrieved from /home/sarita/Documents/ETLapp/pythonProject/.venv/lib/python3.9/site-packages/airflow/example_dags/subdags/subdag.py
[2024-03-18T11:46:10.167+0545] {processor.py:183} INFO - Processing /home/sarita/Documents/ETLapp/pythonProject/.venv/lib/python3.9/site-packages/airflow/example_dags/subdags/subdag.py took 0.019 seconds
[2024-03-18T11:47:05.769+0545] {processor.py:161} INFO - Started process (PID=16394) to work on /home/sarita/Documents/ETLapp/pythonProject/.venv/lib/python3.9/site-packages/airflow/example_dags/subdags/subdag.py
[2024-03-18T11:47:05.773+0545] {processor.py:830} INFO - Processing file /home/sarita/Documents/ETLapp/pythonProject/.venv/lib/python3.9/site-packages/airflow/example_dags/subdags/subdag.py for tasks to queue
[2024-03-18T11:47:05.775+0545] {logging_mixin.py:188} INFO - [2024-03-18T11:47:05.774+0545] {dagbag.py:540} INFO - Filling up the DagBag from /home/sarita/Documents/ETLapp/pythonProject/.venv/lib/python3.9/site-packages/airflow/example_dags/subdags/subdag.py
[2024-03-18T11:47:05.781+0545] {processor.py:842} WARNING - No viable dags retrieved from /home/sarita/Documents/ETLapp/pythonProject/.venv/lib/python3.9/site-packages/airflow/example_dags/subdags/subdag.py
[2024-03-18T11:47:05.797+0545] {processor.py:183} INFO - Processing /home/sarita/Documents/ETLapp/pythonProject/.venv/lib/python3.9/site-packages/airflow/example_dags/subdags/subdag.py took 0.036 seconds
[2024-03-18T11:48:00.186+0545] {processor.py:161} INFO - Started process (PID=16524) to work on /home/sarita/Documents/ETLapp/pythonProject/.venv/lib/python3.9/site-packages/airflow/example_dags/subdags/subdag.py
[2024-03-18T11:48:00.189+0545] {processor.py:830} INFO - Processing file /home/sarita/Documents/ETLapp/pythonProject/.venv/lib/python3.9/site-packages/airflow/example_dags/subdags/subdag.py for tasks to queue
[2024-03-18T11:48:00.190+0545] {logging_mixin.py:188} INFO - [2024-03-18T11:48:00.190+0545] {dagbag.py:540} INFO - Filling up the DagBag from /home/sarita/Documents/ETLapp/pythonProject/.venv/lib/python3.9/site-packages/airflow/example_dags/subdags/subdag.py
[2024-03-18T11:48:00.192+0545] {processor.py:842} WARNING - No viable dags retrieved from /home/sarita/Documents/ETLapp/pythonProject/.venv/lib/python3.9/site-packages/airflow/example_dags/subdags/subdag.py
[2024-03-18T11:48:00.203+0545] {processor.py:183} INFO - Processing /home/sarita/Documents/ETLapp/pythonProject/.venv/lib/python3.9/site-packages/airflow/example_dags/subdags/subdag.py took 0.019 seconds
[2024-03-18T11:48:58.836+0545] {processor.py:161} INFO - Started process (PID=16645) to work on /home/sarita/Documents/ETLapp/pythonProject/.venv/lib/python3.9/site-packages/airflow/example_dags/subdags/subdag.py
[2024-03-18T11:48:58.839+0545] {processor.py:830} INFO - Processing file /home/sarita/Documents/ETLapp/pythonProject/.venv/lib/python3.9/site-packages/airflow/example_dags/subdags/subdag.py for tasks to queue
[2024-03-18T11:48:58.840+0545] {logging_mixin.py:188} INFO - [2024-03-18T11:48:58.839+0545] {dagbag.py:540} INFO - Filling up the DagBag from /home/sarita/Documents/ETLapp/pythonProject/.venv/lib/python3.9/site-packages/airflow/example_dags/subdags/subdag.py
[2024-03-18T11:48:58.842+0545] {processor.py:842} WARNING - No viable dags retrieved from /home/sarita/Documents/ETLapp/pythonProject/.venv/lib/python3.9/site-packages/airflow/example_dags/subdags/subdag.py
[2024-03-18T11:48:58.851+0545] {processor.py:183} INFO - Processing /home/sarita/Documents/ETLapp/pythonProject/.venv/lib/python3.9/site-packages/airflow/example_dags/subdags/subdag.py took 0.020 seconds
[2024-03-18T11:49:54.630+0545] {processor.py:161} INFO - Started process (PID=16709) to work on /home/sarita/Documents/ETLapp/pythonProject/.venv/lib/python3.9/site-packages/airflow/example_dags/subdags/subdag.py
[2024-03-18T11:49:54.632+0545] {processor.py:830} INFO - Processing file /home/sarita/Documents/ETLapp/pythonProject/.venv/lib/python3.9/site-packages/airflow/example_dags/subdags/subdag.py for tasks to queue
[2024-03-18T11:49:54.632+0545] {logging_mixin.py:188} INFO - [2024-03-18T11:49:54.632+0545] {dagbag.py:540} INFO - Filling up the DagBag from /home/sarita/Documents/ETLapp/pythonProject/.venv/lib/python3.9/site-packages/airflow/example_dags/subdags/subdag.py
[2024-03-18T11:49:54.634+0545] {processor.py:842} WARNING - No viable dags retrieved from /home/sarita/Documents/ETLapp/pythonProject/.venv/lib/python3.9/site-packages/airflow/example_dags/subdags/subdag.py
[2024-03-18T11:49:54.641+0545] {processor.py:183} INFO - Processing /home/sarita/Documents/ETLapp/pythonProject/.venv/lib/python3.9/site-packages/airflow/example_dags/subdags/subdag.py took 0.013 seconds
[2024-03-18T11:50:49.524+0545] {processor.py:161} INFO - Started process (PID=16780) to work on /home/sarita/Documents/ETLapp/pythonProject/.venv/lib/python3.9/site-packages/airflow/example_dags/subdags/subdag.py
[2024-03-18T11:50:49.528+0545] {processor.py:830} INFO - Processing file /home/sarita/Documents/ETLapp/pythonProject/.venv/lib/python3.9/site-packages/airflow/example_dags/subdags/subdag.py for tasks to queue
[2024-03-18T11:50:49.530+0545] {logging_mixin.py:188} INFO - [2024-03-18T11:50:49.529+0545] {dagbag.py:540} INFO - Filling up the DagBag from /home/sarita/Documents/ETLapp/pythonProject/.venv/lib/python3.9/site-packages/airflow/example_dags/subdags/subdag.py
[2024-03-18T11:50:49.535+0545] {processor.py:842} WARNING - No viable dags retrieved from /home/sarita/Documents/ETLapp/pythonProject/.venv/lib/python3.9/site-packages/airflow/example_dags/subdags/subdag.py
[2024-03-18T11:50:49.553+0545] {processor.py:183} INFO - Processing /home/sarita/Documents/ETLapp/pythonProject/.venv/lib/python3.9/site-packages/airflow/example_dags/subdags/subdag.py took 0.035 seconds
[2024-03-18T11:51:31.091+0545] {processor.py:161} INFO - Started process (PID=16911) to work on /home/sarita/Documents/ETLapp/pythonProject/.venv/lib/python3.9/site-packages/airflow/example_dags/subdags/subdag.py
[2024-03-18T11:51:31.095+0545] {processor.py:830} INFO - Processing file /home/sarita/Documents/ETLapp/pythonProject/.venv/lib/python3.9/site-packages/airflow/example_dags/subdags/subdag.py for tasks to queue
[2024-03-18T11:51:31.097+0545] {logging_mixin.py:188} INFO - [2024-03-18T11:51:31.096+0545] {dagbag.py:540} INFO - Filling up the DagBag from /home/sarita/Documents/ETLapp/pythonProject/.venv/lib/python3.9/site-packages/airflow/example_dags/subdags/subdag.py
[2024-03-18T11:51:31.102+0545] {processor.py:842} WARNING - No viable dags retrieved from /home/sarita/Documents/ETLapp/pythonProject/.venv/lib/python3.9/site-packages/airflow/example_dags/subdags/subdag.py
[2024-03-18T11:51:31.121+0545] {processor.py:183} INFO - Processing /home/sarita/Documents/ETLapp/pythonProject/.venv/lib/python3.9/site-packages/airflow/example_dags/subdags/subdag.py took 0.036 seconds
[2024-03-18T11:52:11.613+0545] {processor.py:161} INFO - Started process (PID=17027) to work on /home/sarita/Documents/ETLapp/pythonProject/.venv/lib/python3.9/site-packages/airflow/example_dags/subdags/subdag.py
[2024-03-18T11:52:11.615+0545] {processor.py:830} INFO - Processing file /home/sarita/Documents/ETLapp/pythonProject/.venv/lib/python3.9/site-packages/airflow/example_dags/subdags/subdag.py for tasks to queue
[2024-03-18T11:52:11.615+0545] {logging_mixin.py:188} INFO - [2024-03-18T11:52:11.615+0545] {dagbag.py:540} INFO - Filling up the DagBag from /home/sarita/Documents/ETLapp/pythonProject/.venv/lib/python3.9/site-packages/airflow/example_dags/subdags/subdag.py
[2024-03-18T11:52:11.617+0545] {processor.py:842} WARNING - No viable dags retrieved from /home/sarita/Documents/ETLapp/pythonProject/.venv/lib/python3.9/site-packages/airflow/example_dags/subdags/subdag.py
[2024-03-18T11:52:11.624+0545] {processor.py:183} INFO - Processing /home/sarita/Documents/ETLapp/pythonProject/.venv/lib/python3.9/site-packages/airflow/example_dags/subdags/subdag.py took 0.013 seconds
[2024-03-18T11:53:12.124+0545] {processor.py:161} INFO - Started process (PID=17209) to work on /home/sarita/Documents/ETLapp/pythonProject/.venv/lib/python3.9/site-packages/airflow/example_dags/subdags/subdag.py
[2024-03-18T11:53:12.128+0545] {processor.py:830} INFO - Processing file /home/sarita/Documents/ETLapp/pythonProject/.venv/lib/python3.9/site-packages/airflow/example_dags/subdags/subdag.py for tasks to queue
[2024-03-18T11:53:12.130+0545] {logging_mixin.py:188} INFO - [2024-03-18T11:53:12.129+0545] {dagbag.py:540} INFO - Filling up the DagBag from /home/sarita/Documents/ETLapp/pythonProject/.venv/lib/python3.9/site-packages/airflow/example_dags/subdags/subdag.py
[2024-03-18T11:53:12.136+0545] {processor.py:842} WARNING - No viable dags retrieved from /home/sarita/Documents/ETLapp/pythonProject/.venv/lib/python3.9/site-packages/airflow/example_dags/subdags/subdag.py
[2024-03-18T11:53:12.152+0545] {processor.py:183} INFO - Processing /home/sarita/Documents/ETLapp/pythonProject/.venv/lib/python3.9/site-packages/airflow/example_dags/subdags/subdag.py took 0.036 seconds
[2024-03-18T11:54:07.404+0545] {processor.py:161} INFO - Started process (PID=17348) to work on /home/sarita/Documents/ETLapp/pythonProject/.venv/lib/python3.9/site-packages/airflow/example_dags/subdags/subdag.py
[2024-03-18T11:54:07.406+0545] {processor.py:830} INFO - Processing file /home/sarita/Documents/ETLapp/pythonProject/.venv/lib/python3.9/site-packages/airflow/example_dags/subdags/subdag.py for tasks to queue
[2024-03-18T11:54:07.407+0545] {logging_mixin.py:188} INFO - [2024-03-18T11:54:07.407+0545] {dagbag.py:540} INFO - Filling up the DagBag from /home/sarita/Documents/ETLapp/pythonProject/.venv/lib/python3.9/site-packages/airflow/example_dags/subdags/subdag.py
[2024-03-18T11:54:07.409+0545] {processor.py:842} WARNING - No viable dags retrieved from /home/sarita/Documents/ETLapp/pythonProject/.venv/lib/python3.9/site-packages/airflow/example_dags/subdags/subdag.py
[2024-03-18T11:54:07.418+0545] {processor.py:183} INFO - Processing /home/sarita/Documents/ETLapp/pythonProject/.venv/lib/python3.9/site-packages/airflow/example_dags/subdags/subdag.py took 0.017 seconds
[2024-03-18T11:54:47.895+0545] {processor.py:161} INFO - Started process (PID=17396) to work on /home/sarita/Documents/ETLapp/pythonProject/.venv/lib/python3.9/site-packages/airflow/example_dags/subdags/subdag.py
[2024-03-18T11:54:47.898+0545] {processor.py:830} INFO - Processing file /home/sarita/Documents/ETLapp/pythonProject/.venv/lib/python3.9/site-packages/airflow/example_dags/subdags/subdag.py for tasks to queue
[2024-03-18T11:54:47.898+0545] {logging_mixin.py:188} INFO - [2024-03-18T11:54:47.898+0545] {dagbag.py:540} INFO - Filling up the DagBag from /home/sarita/Documents/ETLapp/pythonProject/.venv/lib/python3.9/site-packages/airflow/example_dags/subdags/subdag.py
[2024-03-18T11:54:47.900+0545] {processor.py:842} WARNING - No viable dags retrieved from /home/sarita/Documents/ETLapp/pythonProject/.venv/lib/python3.9/site-packages/airflow/example_dags/subdags/subdag.py
[2024-03-18T11:54:47.909+0545] {processor.py:183} INFO - Processing /home/sarita/Documents/ETLapp/pythonProject/.venv/lib/python3.9/site-packages/airflow/example_dags/subdags/subdag.py took 0.015 seconds
[2024-03-18T11:55:46.871+0545] {processor.py:161} INFO - Started process (PID=17534) to work on /home/sarita/Documents/ETLapp/pythonProject/.venv/lib/python3.9/site-packages/airflow/example_dags/subdags/subdag.py
[2024-03-18T11:55:46.873+0545] {processor.py:830} INFO - Processing file /home/sarita/Documents/ETLapp/pythonProject/.venv/lib/python3.9/site-packages/airflow/example_dags/subdags/subdag.py for tasks to queue
[2024-03-18T11:55:46.873+0545] {logging_mixin.py:188} INFO - [2024-03-18T11:55:46.873+0545] {dagbag.py:540} INFO - Filling up the DagBag from /home/sarita/Documents/ETLapp/pythonProject/.venv/lib/python3.9/site-packages/airflow/example_dags/subdags/subdag.py
[2024-03-18T11:55:46.875+0545] {processor.py:842} WARNING - No viable dags retrieved from /home/sarita/Documents/ETLapp/pythonProject/.venv/lib/python3.9/site-packages/airflow/example_dags/subdags/subdag.py
[2024-03-18T11:55:46.883+0545] {processor.py:183} INFO - Processing /home/sarita/Documents/ETLapp/pythonProject/.venv/lib/python3.9/site-packages/airflow/example_dags/subdags/subdag.py took 0.014 seconds
[2024-03-18T11:56:27.496+0545] {processor.py:161} INFO - Started process (PID=17653) to work on /home/sarita/Documents/ETLapp/pythonProject/.venv/lib/python3.9/site-packages/airflow/example_dags/subdags/subdag.py
[2024-03-18T11:56:27.500+0545] {processor.py:830} INFO - Processing file /home/sarita/Documents/ETLapp/pythonProject/.venv/lib/python3.9/site-packages/airflow/example_dags/subdags/subdag.py for tasks to queue
[2024-03-18T11:56:27.503+0545] {logging_mixin.py:188} INFO - [2024-03-18T11:56:27.502+0545] {dagbag.py:540} INFO - Filling up the DagBag from /home/sarita/Documents/ETLapp/pythonProject/.venv/lib/python3.9/site-packages/airflow/example_dags/subdags/subdag.py
[2024-03-18T11:56:27.508+0545] {processor.py:842} WARNING - No viable dags retrieved from /home/sarita/Documents/ETLapp/pythonProject/.venv/lib/python3.9/site-packages/airflow/example_dags/subdags/subdag.py
[2024-03-18T11:56:27.525+0545] {processor.py:183} INFO - Processing /home/sarita/Documents/ETLapp/pythonProject/.venv/lib/python3.9/site-packages/airflow/example_dags/subdags/subdag.py took 0.037 seconds
[2024-03-18T11:57:24.253+0545] {processor.py:161} INFO - Started process (PID=17746) to work on /home/sarita/Documents/ETLapp/pythonProject/.venv/lib/python3.9/site-packages/airflow/example_dags/subdags/subdag.py
[2024-03-18T11:57:24.255+0545] {processor.py:830} INFO - Processing file /home/sarita/Documents/ETLapp/pythonProject/.venv/lib/python3.9/site-packages/airflow/example_dags/subdags/subdag.py for tasks to queue
[2024-03-18T11:57:24.258+0545] {logging_mixin.py:188} INFO - [2024-03-18T11:57:24.257+0545] {dagbag.py:540} INFO - Filling up the DagBag from /home/sarita/Documents/ETLapp/pythonProject/.venv/lib/python3.9/site-packages/airflow/example_dags/subdags/subdag.py
[2024-03-18T11:57:24.263+0545] {processor.py:842} WARNING - No viable dags retrieved from /home/sarita/Documents/ETLapp/pythonProject/.venv/lib/python3.9/site-packages/airflow/example_dags/subdags/subdag.py
[2024-03-18T11:57:24.278+0545] {processor.py:183} INFO - Processing /home/sarita/Documents/ETLapp/pythonProject/.venv/lib/python3.9/site-packages/airflow/example_dags/subdags/subdag.py took 0.033 seconds
[2024-03-18T11:58:16.721+0545] {processor.py:161} INFO - Started process (PID=17811) to work on /home/sarita/Documents/ETLapp/pythonProject/.venv/lib/python3.9/site-packages/airflow/example_dags/subdags/subdag.py
[2024-03-18T11:58:16.723+0545] {processor.py:830} INFO - Processing file /home/sarita/Documents/ETLapp/pythonProject/.venv/lib/python3.9/site-packages/airflow/example_dags/subdags/subdag.py for tasks to queue
[2024-03-18T11:58:16.724+0545] {logging_mixin.py:188} INFO - [2024-03-18T11:58:16.724+0545] {dagbag.py:540} INFO - Filling up the DagBag from /home/sarita/Documents/ETLapp/pythonProject/.venv/lib/python3.9/site-packages/airflow/example_dags/subdags/subdag.py
[2024-03-18T11:58:16.726+0545] {processor.py:842} WARNING - No viable dags retrieved from /home/sarita/Documents/ETLapp/pythonProject/.venv/lib/python3.9/site-packages/airflow/example_dags/subdags/subdag.py
[2024-03-18T11:58:16.734+0545] {processor.py:183} INFO - Processing /home/sarita/Documents/ETLapp/pythonProject/.venv/lib/python3.9/site-packages/airflow/example_dags/subdags/subdag.py took 0.014 seconds
[2024-03-18T11:59:13.608+0545] {processor.py:161} INFO - Started process (PID=17907) to work on /home/sarita/Documents/ETLapp/pythonProject/.venv/lib/python3.9/site-packages/airflow/example_dags/subdags/subdag.py
[2024-03-18T11:59:13.611+0545] {processor.py:830} INFO - Processing file /home/sarita/Documents/ETLapp/pythonProject/.venv/lib/python3.9/site-packages/airflow/example_dags/subdags/subdag.py for tasks to queue
[2024-03-18T11:59:13.613+0545] {logging_mixin.py:188} INFO - [2024-03-18T11:59:13.612+0545] {dagbag.py:540} INFO - Filling up the DagBag from /home/sarita/Documents/ETLapp/pythonProject/.venv/lib/python3.9/site-packages/airflow/example_dags/subdags/subdag.py
[2024-03-18T11:59:13.618+0545] {processor.py:842} WARNING - No viable dags retrieved from /home/sarita/Documents/ETLapp/pythonProject/.venv/lib/python3.9/site-packages/airflow/example_dags/subdags/subdag.py
[2024-03-18T11:59:13.637+0545] {processor.py:183} INFO - Processing /home/sarita/Documents/ETLapp/pythonProject/.venv/lib/python3.9/site-packages/airflow/example_dags/subdags/subdag.py took 0.035 seconds
[2024-03-18T12:00:07.844+0545] {processor.py:161} INFO - Started process (PID=17988) to work on /home/sarita/Documents/ETLapp/pythonProject/.venv/lib/python3.9/site-packages/airflow/example_dags/subdags/subdag.py
[2024-03-18T12:00:07.848+0545] {processor.py:830} INFO - Processing file /home/sarita/Documents/ETLapp/pythonProject/.venv/lib/python3.9/site-packages/airflow/example_dags/subdags/subdag.py for tasks to queue
[2024-03-18T12:00:07.851+0545] {logging_mixin.py:188} INFO - [2024-03-18T12:00:07.850+0545] {dagbag.py:540} INFO - Filling up the DagBag from /home/sarita/Documents/ETLapp/pythonProject/.venv/lib/python3.9/site-packages/airflow/example_dags/subdags/subdag.py
[2024-03-18T12:00:07.857+0545] {processor.py:842} WARNING - No viable dags retrieved from /home/sarita/Documents/ETLapp/pythonProject/.venv/lib/python3.9/site-packages/airflow/example_dags/subdags/subdag.py
[2024-03-18T12:00:07.873+0545] {processor.py:183} INFO - Processing /home/sarita/Documents/ETLapp/pythonProject/.venv/lib/python3.9/site-packages/airflow/example_dags/subdags/subdag.py took 0.037 seconds
[2024-03-18T12:01:01.279+0545] {processor.py:161} INFO - Started process (PID=18057) to work on /home/sarita/Documents/ETLapp/pythonProject/.venv/lib/python3.9/site-packages/airflow/example_dags/subdags/subdag.py
[2024-03-18T12:01:01.283+0545] {processor.py:830} INFO - Processing file /home/sarita/Documents/ETLapp/pythonProject/.venv/lib/python3.9/site-packages/airflow/example_dags/subdags/subdag.py for tasks to queue
[2024-03-18T12:01:01.286+0545] {logging_mixin.py:188} INFO - [2024-03-18T12:01:01.284+0545] {dagbag.py:540} INFO - Filling up the DagBag from /home/sarita/Documents/ETLapp/pythonProject/.venv/lib/python3.9/site-packages/airflow/example_dags/subdags/subdag.py
[2024-03-18T12:01:01.294+0545] {processor.py:842} WARNING - No viable dags retrieved from /home/sarita/Documents/ETLapp/pythonProject/.venv/lib/python3.9/site-packages/airflow/example_dags/subdags/subdag.py
[2024-03-18T12:01:01.313+0545] {processor.py:183} INFO - Processing /home/sarita/Documents/ETLapp/pythonProject/.venv/lib/python3.9/site-packages/airflow/example_dags/subdags/subdag.py took 0.043 seconds
[2024-03-18T12:01:59.922+0545] {processor.py:161} INFO - Started process (PID=18135) to work on /home/sarita/Documents/ETLapp/pythonProject/.venv/lib/python3.9/site-packages/airflow/example_dags/subdags/subdag.py
[2024-03-18T12:01:59.926+0545] {processor.py:830} INFO - Processing file /home/sarita/Documents/ETLapp/pythonProject/.venv/lib/python3.9/site-packages/airflow/example_dags/subdags/subdag.py for tasks to queue
[2024-03-18T12:01:59.929+0545] {logging_mixin.py:188} INFO - [2024-03-18T12:01:59.927+0545] {dagbag.py:540} INFO - Filling up the DagBag from /home/sarita/Documents/ETLapp/pythonProject/.venv/lib/python3.9/site-packages/airflow/example_dags/subdags/subdag.py
[2024-03-18T12:01:59.934+0545] {processor.py:842} WARNING - No viable dags retrieved from /home/sarita/Documents/ETLapp/pythonProject/.venv/lib/python3.9/site-packages/airflow/example_dags/subdags/subdag.py
[2024-03-18T12:01:59.949+0545] {processor.py:183} INFO - Processing /home/sarita/Documents/ETLapp/pythonProject/.venv/lib/python3.9/site-packages/airflow/example_dags/subdags/subdag.py took 0.035 seconds
[2024-03-18T12:02:55.384+0545] {processor.py:161} INFO - Started process (PID=18206) to work on /home/sarita/Documents/ETLapp/pythonProject/.venv/lib/python3.9/site-packages/airflow/example_dags/subdags/subdag.py
[2024-03-18T12:02:55.387+0545] {processor.py:830} INFO - Processing file /home/sarita/Documents/ETLapp/pythonProject/.venv/lib/python3.9/site-packages/airflow/example_dags/subdags/subdag.py for tasks to queue
[2024-03-18T12:02:55.388+0545] {logging_mixin.py:188} INFO - [2024-03-18T12:02:55.388+0545] {dagbag.py:540} INFO - Filling up the DagBag from /home/sarita/Documents/ETLapp/pythonProject/.venv/lib/python3.9/site-packages/airflow/example_dags/subdags/subdag.py
[2024-03-18T12:02:55.391+0545] {processor.py:842} WARNING - No viable dags retrieved from /home/sarita/Documents/ETLapp/pythonProject/.venv/lib/python3.9/site-packages/airflow/example_dags/subdags/subdag.py
[2024-03-18T12:02:55.402+0545] {processor.py:183} INFO - Processing /home/sarita/Documents/ETLapp/pythonProject/.venv/lib/python3.9/site-packages/airflow/example_dags/subdags/subdag.py took 0.025 seconds
[2024-03-18T12:03:51.946+0545] {processor.py:161} INFO - Started process (PID=18305) to work on /home/sarita/Documents/ETLapp/pythonProject/.venv/lib/python3.9/site-packages/airflow/example_dags/subdags/subdag.py
[2024-03-18T12:03:51.948+0545] {processor.py:830} INFO - Processing file /home/sarita/Documents/ETLapp/pythonProject/.venv/lib/python3.9/site-packages/airflow/example_dags/subdags/subdag.py for tasks to queue
[2024-03-18T12:03:51.949+0545] {logging_mixin.py:188} INFO - [2024-03-18T12:03:51.949+0545] {dagbag.py:540} INFO - Filling up the DagBag from /home/sarita/Documents/ETLapp/pythonProject/.venv/lib/python3.9/site-packages/airflow/example_dags/subdags/subdag.py
[2024-03-18T12:03:51.951+0545] {processor.py:842} WARNING - No viable dags retrieved from /home/sarita/Documents/ETLapp/pythonProject/.venv/lib/python3.9/site-packages/airflow/example_dags/subdags/subdag.py
[2024-03-18T12:03:51.958+0545] {processor.py:183} INFO - Processing /home/sarita/Documents/ETLapp/pythonProject/.venv/lib/python3.9/site-packages/airflow/example_dags/subdags/subdag.py took 0.013 seconds
[2024-03-18T12:04:47.031+0545] {processor.py:161} INFO - Started process (PID=18370) to work on /home/sarita/Documents/ETLapp/pythonProject/.venv/lib/python3.9/site-packages/airflow/example_dags/subdags/subdag.py
[2024-03-18T12:04:47.033+0545] {processor.py:830} INFO - Processing file /home/sarita/Documents/ETLapp/pythonProject/.venv/lib/python3.9/site-packages/airflow/example_dags/subdags/subdag.py for tasks to queue
[2024-03-18T12:04:47.034+0545] {logging_mixin.py:188} INFO - [2024-03-18T12:04:47.034+0545] {dagbag.py:540} INFO - Filling up the DagBag from /home/sarita/Documents/ETLapp/pythonProject/.venv/lib/python3.9/site-packages/airflow/example_dags/subdags/subdag.py
[2024-03-18T12:04:47.036+0545] {processor.py:842} WARNING - No viable dags retrieved from /home/sarita/Documents/ETLapp/pythonProject/.venv/lib/python3.9/site-packages/airflow/example_dags/subdags/subdag.py
[2024-03-18T12:04:47.042+0545] {processor.py:183} INFO - Processing /home/sarita/Documents/ETLapp/pythonProject/.venv/lib/python3.9/site-packages/airflow/example_dags/subdags/subdag.py took 0.013 seconds
[2024-03-18T12:05:42.522+0545] {processor.py:161} INFO - Started process (PID=18433) to work on /home/sarita/Documents/ETLapp/pythonProject/.venv/lib/python3.9/site-packages/airflow/example_dags/subdags/subdag.py
[2024-03-18T12:05:42.524+0545] {processor.py:830} INFO - Processing file /home/sarita/Documents/ETLapp/pythonProject/.venv/lib/python3.9/site-packages/airflow/example_dags/subdags/subdag.py for tasks to queue
[2024-03-18T12:05:42.525+0545] {logging_mixin.py:188} INFO - [2024-03-18T12:05:42.524+0545] {dagbag.py:540} INFO - Filling up the DagBag from /home/sarita/Documents/ETLapp/pythonProject/.venv/lib/python3.9/site-packages/airflow/example_dags/subdags/subdag.py
[2024-03-18T12:05:42.526+0545] {processor.py:842} WARNING - No viable dags retrieved from /home/sarita/Documents/ETLapp/pythonProject/.venv/lib/python3.9/site-packages/airflow/example_dags/subdags/subdag.py
[2024-03-18T12:05:42.533+0545] {processor.py:183} INFO - Processing /home/sarita/Documents/ETLapp/pythonProject/.venv/lib/python3.9/site-packages/airflow/example_dags/subdags/subdag.py took 0.013 seconds
[2024-03-18T12:06:40.231+0545] {processor.py:161} INFO - Started process (PID=18495) to work on /home/sarita/Documents/ETLapp/pythonProject/.venv/lib/python3.9/site-packages/airflow/example_dags/subdags/subdag.py
[2024-03-18T12:06:40.233+0545] {processor.py:830} INFO - Processing file /home/sarita/Documents/ETLapp/pythonProject/.venv/lib/python3.9/site-packages/airflow/example_dags/subdags/subdag.py for tasks to queue
[2024-03-18T12:06:40.236+0545] {logging_mixin.py:188} INFO - [2024-03-18T12:06:40.235+0545] {dagbag.py:540} INFO - Filling up the DagBag from /home/sarita/Documents/ETLapp/pythonProject/.venv/lib/python3.9/site-packages/airflow/example_dags/subdags/subdag.py
[2024-03-18T12:06:40.241+0545] {processor.py:842} WARNING - No viable dags retrieved from /home/sarita/Documents/ETLapp/pythonProject/.venv/lib/python3.9/site-packages/airflow/example_dags/subdags/subdag.py
[2024-03-18T12:06:40.265+0545] {processor.py:183} INFO - Processing /home/sarita/Documents/ETLapp/pythonProject/.venv/lib/python3.9/site-packages/airflow/example_dags/subdags/subdag.py took 0.036 seconds
[2024-03-18T12:07:35.483+0545] {processor.py:161} INFO - Started process (PID=18554) to work on /home/sarita/Documents/ETLapp/pythonProject/.venv/lib/python3.9/site-packages/airflow/example_dags/subdags/subdag.py
[2024-03-18T12:07:35.485+0545] {processor.py:830} INFO - Processing file /home/sarita/Documents/ETLapp/pythonProject/.venv/lib/python3.9/site-packages/airflow/example_dags/subdags/subdag.py for tasks to queue
[2024-03-18T12:07:35.486+0545] {logging_mixin.py:188} INFO - [2024-03-18T12:07:35.485+0545] {dagbag.py:540} INFO - Filling up the DagBag from /home/sarita/Documents/ETLapp/pythonProject/.venv/lib/python3.9/site-packages/airflow/example_dags/subdags/subdag.py
[2024-03-18T12:07:35.487+0545] {processor.py:842} WARNING - No viable dags retrieved from /home/sarita/Documents/ETLapp/pythonProject/.venv/lib/python3.9/site-packages/airflow/example_dags/subdags/subdag.py
[2024-03-18T12:07:35.496+0545] {processor.py:183} INFO - Processing /home/sarita/Documents/ETLapp/pythonProject/.venv/lib/python3.9/site-packages/airflow/example_dags/subdags/subdag.py took 0.014 seconds
[2024-03-18T12:08:29.967+0545] {processor.py:161} INFO - Started process (PID=18617) to work on /home/sarita/Documents/ETLapp/pythonProject/.venv/lib/python3.9/site-packages/airflow/example_dags/subdags/subdag.py
[2024-03-18T12:08:29.969+0545] {processor.py:830} INFO - Processing file /home/sarita/Documents/ETLapp/pythonProject/.venv/lib/python3.9/site-packages/airflow/example_dags/subdags/subdag.py for tasks to queue
[2024-03-18T12:08:29.970+0545] {logging_mixin.py:188} INFO - [2024-03-18T12:08:29.969+0545] {dagbag.py:540} INFO - Filling up the DagBag from /home/sarita/Documents/ETLapp/pythonProject/.venv/lib/python3.9/site-packages/airflow/example_dags/subdags/subdag.py
[2024-03-18T12:08:29.971+0545] {processor.py:842} WARNING - No viable dags retrieved from /home/sarita/Documents/ETLapp/pythonProject/.venv/lib/python3.9/site-packages/airflow/example_dags/subdags/subdag.py
[2024-03-18T12:08:29.979+0545] {processor.py:183} INFO - Processing /home/sarita/Documents/ETLapp/pythonProject/.venv/lib/python3.9/site-packages/airflow/example_dags/subdags/subdag.py took 0.015 seconds
[2024-03-18T12:09:22.464+0545] {processor.py:161} INFO - Started process (PID=18672) to work on /home/sarita/Documents/ETLapp/pythonProject/.venv/lib/python3.9/site-packages/airflow/example_dags/subdags/subdag.py
[2024-03-18T12:09:22.466+0545] {processor.py:830} INFO - Processing file /home/sarita/Documents/ETLapp/pythonProject/.venv/lib/python3.9/site-packages/airflow/example_dags/subdags/subdag.py for tasks to queue
[2024-03-18T12:09:22.466+0545] {logging_mixin.py:188} INFO - [2024-03-18T12:09:22.466+0545] {dagbag.py:540} INFO - Filling up the DagBag from /home/sarita/Documents/ETLapp/pythonProject/.venv/lib/python3.9/site-packages/airflow/example_dags/subdags/subdag.py
[2024-03-18T12:09:22.468+0545] {processor.py:842} WARNING - No viable dags retrieved from /home/sarita/Documents/ETLapp/pythonProject/.venv/lib/python3.9/site-packages/airflow/example_dags/subdags/subdag.py
[2024-03-18T12:09:22.475+0545] {processor.py:183} INFO - Processing /home/sarita/Documents/ETLapp/pythonProject/.venv/lib/python3.9/site-packages/airflow/example_dags/subdags/subdag.py took 0.013 seconds
[2024-03-18T12:10:15.732+0545] {processor.py:161} INFO - Started process (PID=18731) to work on /home/sarita/Documents/ETLapp/pythonProject/.venv/lib/python3.9/site-packages/airflow/example_dags/subdags/subdag.py
[2024-03-18T12:10:15.734+0545] {processor.py:830} INFO - Processing file /home/sarita/Documents/ETLapp/pythonProject/.venv/lib/python3.9/site-packages/airflow/example_dags/subdags/subdag.py for tasks to queue
[2024-03-18T12:10:15.735+0545] {logging_mixin.py:188} INFO - [2024-03-18T12:10:15.734+0545] {dagbag.py:540} INFO - Filling up the DagBag from /home/sarita/Documents/ETLapp/pythonProject/.venv/lib/python3.9/site-packages/airflow/example_dags/subdags/subdag.py
[2024-03-18T12:10:15.736+0545] {processor.py:842} WARNING - No viable dags retrieved from /home/sarita/Documents/ETLapp/pythonProject/.venv/lib/python3.9/site-packages/airflow/example_dags/subdags/subdag.py
[2024-03-18T12:10:15.744+0545] {processor.py:183} INFO - Processing /home/sarita/Documents/ETLapp/pythonProject/.venv/lib/python3.9/site-packages/airflow/example_dags/subdags/subdag.py took 0.014 seconds
[2024-03-18T12:11:11.939+0545] {processor.py:161} INFO - Started process (PID=18793) to work on /home/sarita/Documents/ETLapp/pythonProject/.venv/lib/python3.9/site-packages/airflow/example_dags/subdags/subdag.py
[2024-03-18T12:11:11.941+0545] {processor.py:830} INFO - Processing file /home/sarita/Documents/ETLapp/pythonProject/.venv/lib/python3.9/site-packages/airflow/example_dags/subdags/subdag.py for tasks to queue
[2024-03-18T12:11:11.944+0545] {logging_mixin.py:188} INFO - [2024-03-18T12:11:11.943+0545] {dagbag.py:540} INFO - Filling up the DagBag from /home/sarita/Documents/ETLapp/pythonProject/.venv/lib/python3.9/site-packages/airflow/example_dags/subdags/subdag.py
[2024-03-18T12:11:11.949+0545] {processor.py:842} WARNING - No viable dags retrieved from /home/sarita/Documents/ETLapp/pythonProject/.venv/lib/python3.9/site-packages/airflow/example_dags/subdags/subdag.py
[2024-03-18T12:11:11.970+0545] {processor.py:183} INFO - Processing /home/sarita/Documents/ETLapp/pythonProject/.venv/lib/python3.9/site-packages/airflow/example_dags/subdags/subdag.py took 0.033 seconds
[2024-03-18T12:12:09.467+0545] {processor.py:161} INFO - Started process (PID=18855) to work on /home/sarita/Documents/ETLapp/pythonProject/.venv/lib/python3.9/site-packages/airflow/example_dags/subdags/subdag.py
[2024-03-18T12:12:09.471+0545] {processor.py:830} INFO - Processing file /home/sarita/Documents/ETLapp/pythonProject/.venv/lib/python3.9/site-packages/airflow/example_dags/subdags/subdag.py for tasks to queue
[2024-03-18T12:12:09.474+0545] {logging_mixin.py:188} INFO - [2024-03-18T12:12:09.472+0545] {dagbag.py:540} INFO - Filling up the DagBag from /home/sarita/Documents/ETLapp/pythonProject/.venv/lib/python3.9/site-packages/airflow/example_dags/subdags/subdag.py
[2024-03-18T12:12:09.479+0545] {processor.py:842} WARNING - No viable dags retrieved from /home/sarita/Documents/ETLapp/pythonProject/.venv/lib/python3.9/site-packages/airflow/example_dags/subdags/subdag.py
[2024-03-18T12:12:09.497+0545] {processor.py:183} INFO - Processing /home/sarita/Documents/ETLapp/pythonProject/.venv/lib/python3.9/site-packages/airflow/example_dags/subdags/subdag.py took 0.036 seconds
[2024-03-18T12:13:05.615+0545] {processor.py:161} INFO - Started process (PID=18914) to work on /home/sarita/Documents/ETLapp/pythonProject/.venv/lib/python3.9/site-packages/airflow/example_dags/subdags/subdag.py
[2024-03-18T12:13:05.617+0545] {processor.py:830} INFO - Processing file /home/sarita/Documents/ETLapp/pythonProject/.venv/lib/python3.9/site-packages/airflow/example_dags/subdags/subdag.py for tasks to queue
[2024-03-18T12:13:05.617+0545] {logging_mixin.py:188} INFO - [2024-03-18T12:13:05.617+0545] {dagbag.py:540} INFO - Filling up the DagBag from /home/sarita/Documents/ETLapp/pythonProject/.venv/lib/python3.9/site-packages/airflow/example_dags/subdags/subdag.py
[2024-03-18T12:13:05.619+0545] {processor.py:842} WARNING - No viable dags retrieved from /home/sarita/Documents/ETLapp/pythonProject/.venv/lib/python3.9/site-packages/airflow/example_dags/subdags/subdag.py
[2024-03-18T12:13:05.625+0545] {processor.py:183} INFO - Processing /home/sarita/Documents/ETLapp/pythonProject/.venv/lib/python3.9/site-packages/airflow/example_dags/subdags/subdag.py took 0.013 seconds
[2024-03-18T12:14:01.199+0545] {processor.py:161} INFO - Started process (PID=18980) to work on /home/sarita/Documents/ETLapp/pythonProject/.venv/lib/python3.9/site-packages/airflow/example_dags/subdags/subdag.py
[2024-03-18T12:14:01.203+0545] {processor.py:830} INFO - Processing file /home/sarita/Documents/ETLapp/pythonProject/.venv/lib/python3.9/site-packages/airflow/example_dags/subdags/subdag.py for tasks to queue
[2024-03-18T12:14:01.205+0545] {logging_mixin.py:188} INFO - [2024-03-18T12:14:01.204+0545] {dagbag.py:540} INFO - Filling up the DagBag from /home/sarita/Documents/ETLapp/pythonProject/.venv/lib/python3.9/site-packages/airflow/example_dags/subdags/subdag.py
[2024-03-18T12:14:01.209+0545] {processor.py:842} WARNING - No viable dags retrieved from /home/sarita/Documents/ETLapp/pythonProject/.venv/lib/python3.9/site-packages/airflow/example_dags/subdags/subdag.py
[2024-03-18T12:14:01.228+0545] {processor.py:183} INFO - Processing /home/sarita/Documents/ETLapp/pythonProject/.venv/lib/python3.9/site-packages/airflow/example_dags/subdags/subdag.py took 0.034 seconds
[2024-03-18T12:14:58.851+0545] {processor.py:161} INFO - Started process (PID=19112) to work on /home/sarita/Documents/ETLapp/pythonProject/.venv/lib/python3.9/site-packages/airflow/example_dags/subdags/subdag.py
[2024-03-18T12:14:58.855+0545] {processor.py:830} INFO - Processing file /home/sarita/Documents/ETLapp/pythonProject/.venv/lib/python3.9/site-packages/airflow/example_dags/subdags/subdag.py for tasks to queue
[2024-03-18T12:14:58.858+0545] {logging_mixin.py:188} INFO - [2024-03-18T12:14:58.857+0545] {dagbag.py:540} INFO - Filling up the DagBag from /home/sarita/Documents/ETLapp/pythonProject/.venv/lib/python3.9/site-packages/airflow/example_dags/subdags/subdag.py
[2024-03-18T12:14:58.864+0545] {processor.py:842} WARNING - No viable dags retrieved from /home/sarita/Documents/ETLapp/pythonProject/.venv/lib/python3.9/site-packages/airflow/example_dags/subdags/subdag.py
[2024-03-18T12:14:58.879+0545] {processor.py:183} INFO - Processing /home/sarita/Documents/ETLapp/pythonProject/.venv/lib/python3.9/site-packages/airflow/example_dags/subdags/subdag.py took 0.036 seconds
[2024-03-18T12:15:51.408+0545] {processor.py:161} INFO - Started process (PID=19182) to work on /home/sarita/Documents/ETLapp/pythonProject/.venv/lib/python3.9/site-packages/airflow/example_dags/subdags/subdag.py
[2024-03-18T12:15:51.409+0545] {processor.py:830} INFO - Processing file /home/sarita/Documents/ETLapp/pythonProject/.venv/lib/python3.9/site-packages/airflow/example_dags/subdags/subdag.py for tasks to queue
[2024-03-18T12:15:51.410+0545] {logging_mixin.py:188} INFO - [2024-03-18T12:15:51.410+0545] {dagbag.py:540} INFO - Filling up the DagBag from /home/sarita/Documents/ETLapp/pythonProject/.venv/lib/python3.9/site-packages/airflow/example_dags/subdags/subdag.py
[2024-03-18T12:15:51.411+0545] {processor.py:842} WARNING - No viable dags retrieved from /home/sarita/Documents/ETLapp/pythonProject/.venv/lib/python3.9/site-packages/airflow/example_dags/subdags/subdag.py
[2024-03-18T12:15:51.417+0545] {processor.py:183} INFO - Processing /home/sarita/Documents/ETLapp/pythonProject/.venv/lib/python3.9/site-packages/airflow/example_dags/subdags/subdag.py took 0.012 seconds
[2024-03-18T12:16:48.019+0545] {processor.py:161} INFO - Started process (PID=19501) to work on /home/sarita/Documents/ETLapp/pythonProject/.venv/lib/python3.9/site-packages/airflow/example_dags/subdags/subdag.py
[2024-03-18T12:16:48.022+0545] {processor.py:830} INFO - Processing file /home/sarita/Documents/ETLapp/pythonProject/.venv/lib/python3.9/site-packages/airflow/example_dags/subdags/subdag.py for tasks to queue
[2024-03-18T12:16:48.023+0545] {logging_mixin.py:188} INFO - [2024-03-18T12:16:48.023+0545] {dagbag.py:540} INFO - Filling up the DagBag from /home/sarita/Documents/ETLapp/pythonProject/.venv/lib/python3.9/site-packages/airflow/example_dags/subdags/subdag.py
[2024-03-18T12:16:48.026+0545] {processor.py:842} WARNING - No viable dags retrieved from /home/sarita/Documents/ETLapp/pythonProject/.venv/lib/python3.9/site-packages/airflow/example_dags/subdags/subdag.py
[2024-03-18T12:16:48.037+0545] {processor.py:183} INFO - Processing /home/sarita/Documents/ETLapp/pythonProject/.venv/lib/python3.9/site-packages/airflow/example_dags/subdags/subdag.py took 0.022 seconds
[2024-03-18T12:17:27.918+0545] {processor.py:161} INFO - Started process (PID=19589) to work on /home/sarita/Documents/ETLapp/pythonProject/.venv/lib/python3.9/site-packages/airflow/example_dags/subdags/subdag.py
[2024-03-18T12:17:27.921+0545] {processor.py:830} INFO - Processing file /home/sarita/Documents/ETLapp/pythonProject/.venv/lib/python3.9/site-packages/airflow/example_dags/subdags/subdag.py for tasks to queue
[2024-03-18T12:17:27.922+0545] {logging_mixin.py:188} INFO - [2024-03-18T12:17:27.921+0545] {dagbag.py:540} INFO - Filling up the DagBag from /home/sarita/Documents/ETLapp/pythonProject/.venv/lib/python3.9/site-packages/airflow/example_dags/subdags/subdag.py
[2024-03-18T12:17:27.924+0545] {processor.py:842} WARNING - No viable dags retrieved from /home/sarita/Documents/ETLapp/pythonProject/.venv/lib/python3.9/site-packages/airflow/example_dags/subdags/subdag.py
[2024-03-18T12:17:27.936+0545] {processor.py:183} INFO - Processing /home/sarita/Documents/ETLapp/pythonProject/.venv/lib/python3.9/site-packages/airflow/example_dags/subdags/subdag.py took 0.023 seconds
[2024-03-18T12:18:09.294+0545] {processor.py:161} INFO - Started process (PID=19663) to work on /home/sarita/Documents/ETLapp/pythonProject/.venv/lib/python3.9/site-packages/airflow/example_dags/subdags/subdag.py
[2024-03-18T12:18:09.295+0545] {processor.py:830} INFO - Processing file /home/sarita/Documents/ETLapp/pythonProject/.venv/lib/python3.9/site-packages/airflow/example_dags/subdags/subdag.py for tasks to queue
[2024-03-18T12:18:09.296+0545] {logging_mixin.py:188} INFO - [2024-03-18T12:18:09.296+0545] {dagbag.py:540} INFO - Filling up the DagBag from /home/sarita/Documents/ETLapp/pythonProject/.venv/lib/python3.9/site-packages/airflow/example_dags/subdags/subdag.py
[2024-03-18T12:18:09.298+0545] {processor.py:842} WARNING - No viable dags retrieved from /home/sarita/Documents/ETLapp/pythonProject/.venv/lib/python3.9/site-packages/airflow/example_dags/subdags/subdag.py
[2024-03-18T12:18:09.305+0545] {processor.py:183} INFO - Processing /home/sarita/Documents/ETLapp/pythonProject/.venv/lib/python3.9/site-packages/airflow/example_dags/subdags/subdag.py took 0.013 seconds
[2024-03-18T12:19:04.129+0545] {processor.py:161} INFO - Started process (PID=19728) to work on /home/sarita/Documents/ETLapp/pythonProject/.venv/lib/python3.9/site-packages/airflow/example_dags/subdags/subdag.py
[2024-03-18T12:19:04.133+0545] {processor.py:830} INFO - Processing file /home/sarita/Documents/ETLapp/pythonProject/.venv/lib/python3.9/site-packages/airflow/example_dags/subdags/subdag.py for tasks to queue
[2024-03-18T12:19:04.136+0545] {logging_mixin.py:188} INFO - [2024-03-18T12:19:04.135+0545] {dagbag.py:540} INFO - Filling up the DagBag from /home/sarita/Documents/ETLapp/pythonProject/.venv/lib/python3.9/site-packages/airflow/example_dags/subdags/subdag.py
[2024-03-18T12:19:04.142+0545] {processor.py:842} WARNING - No viable dags retrieved from /home/sarita/Documents/ETLapp/pythonProject/.venv/lib/python3.9/site-packages/airflow/example_dags/subdags/subdag.py
[2024-03-18T12:19:04.157+0545] {processor.py:183} INFO - Processing /home/sarita/Documents/ETLapp/pythonProject/.venv/lib/python3.9/site-packages/airflow/example_dags/subdags/subdag.py took 0.035 seconds
[2024-03-18T12:19:56.844+0545] {processor.py:161} INFO - Started process (PID=19792) to work on /home/sarita/Documents/ETLapp/pythonProject/.venv/lib/python3.9/site-packages/airflow/example_dags/subdags/subdag.py
[2024-03-18T12:19:56.847+0545] {processor.py:830} INFO - Processing file /home/sarita/Documents/ETLapp/pythonProject/.venv/lib/python3.9/site-packages/airflow/example_dags/subdags/subdag.py for tasks to queue
[2024-03-18T12:19:56.850+0545] {logging_mixin.py:188} INFO - [2024-03-18T12:19:56.849+0545] {dagbag.py:540} INFO - Filling up the DagBag from /home/sarita/Documents/ETLapp/pythonProject/.venv/lib/python3.9/site-packages/airflow/example_dags/subdags/subdag.py
[2024-03-18T12:19:56.855+0545] {processor.py:842} WARNING - No viable dags retrieved from /home/sarita/Documents/ETLapp/pythonProject/.venv/lib/python3.9/site-packages/airflow/example_dags/subdags/subdag.py
[2024-03-18T12:19:56.873+0545] {processor.py:183} INFO - Processing /home/sarita/Documents/ETLapp/pythonProject/.venv/lib/python3.9/site-packages/airflow/example_dags/subdags/subdag.py took 0.035 seconds
[2024-03-18T12:20:53.808+0545] {processor.py:161} INFO - Started process (PID=19857) to work on /home/sarita/Documents/ETLapp/pythonProject/.venv/lib/python3.9/site-packages/airflow/example_dags/subdags/subdag.py
[2024-03-18T12:20:53.810+0545] {processor.py:830} INFO - Processing file /home/sarita/Documents/ETLapp/pythonProject/.venv/lib/python3.9/site-packages/airflow/example_dags/subdags/subdag.py for tasks to queue
[2024-03-18T12:20:53.811+0545] {logging_mixin.py:188} INFO - [2024-03-18T12:20:53.810+0545] {dagbag.py:540} INFO - Filling up the DagBag from /home/sarita/Documents/ETLapp/pythonProject/.venv/lib/python3.9/site-packages/airflow/example_dags/subdags/subdag.py
[2024-03-18T12:20:53.812+0545] {processor.py:842} WARNING - No viable dags retrieved from /home/sarita/Documents/ETLapp/pythonProject/.venv/lib/python3.9/site-packages/airflow/example_dags/subdags/subdag.py
[2024-03-18T12:20:53.819+0545] {processor.py:183} INFO - Processing /home/sarita/Documents/ETLapp/pythonProject/.venv/lib/python3.9/site-packages/airflow/example_dags/subdags/subdag.py took 0.013 seconds
[2024-03-18T12:21:46.623+0545] {processor.py:161} INFO - Started process (PID=19926) to work on /home/sarita/Documents/ETLapp/pythonProject/.venv/lib/python3.9/site-packages/airflow/example_dags/subdags/subdag.py
[2024-03-18T12:21:46.627+0545] {processor.py:830} INFO - Processing file /home/sarita/Documents/ETLapp/pythonProject/.venv/lib/python3.9/site-packages/airflow/example_dags/subdags/subdag.py for tasks to queue
[2024-03-18T12:21:46.630+0545] {logging_mixin.py:188} INFO - [2024-03-18T12:21:46.629+0545] {dagbag.py:540} INFO - Filling up the DagBag from /home/sarita/Documents/ETLapp/pythonProject/.venv/lib/python3.9/site-packages/airflow/example_dags/subdags/subdag.py
[2024-03-18T12:21:46.635+0545] {processor.py:842} WARNING - No viable dags retrieved from /home/sarita/Documents/ETLapp/pythonProject/.venv/lib/python3.9/site-packages/airflow/example_dags/subdags/subdag.py
[2024-03-18T12:21:46.653+0545] {processor.py:183} INFO - Processing /home/sarita/Documents/ETLapp/pythonProject/.venv/lib/python3.9/site-packages/airflow/example_dags/subdags/subdag.py took 0.037 seconds
[2024-03-18T12:22:42.351+0545] {processor.py:161} INFO - Started process (PID=20002) to work on /home/sarita/Documents/ETLapp/pythonProject/.venv/lib/python3.9/site-packages/airflow/example_dags/subdags/subdag.py
[2024-03-18T12:22:42.355+0545] {processor.py:830} INFO - Processing file /home/sarita/Documents/ETLapp/pythonProject/.venv/lib/python3.9/site-packages/airflow/example_dags/subdags/subdag.py for tasks to queue
[2024-03-18T12:22:42.357+0545] {logging_mixin.py:188} INFO - [2024-03-18T12:22:42.356+0545] {dagbag.py:540} INFO - Filling up the DagBag from /home/sarita/Documents/ETLapp/pythonProject/.venv/lib/python3.9/site-packages/airflow/example_dags/subdags/subdag.py
[2024-03-18T12:22:42.363+0545] {processor.py:842} WARNING - No viable dags retrieved from /home/sarita/Documents/ETLapp/pythonProject/.venv/lib/python3.9/site-packages/airflow/example_dags/subdags/subdag.py
[2024-03-18T12:22:42.379+0545] {processor.py:183} INFO - Processing /home/sarita/Documents/ETLapp/pythonProject/.venv/lib/python3.9/site-packages/airflow/example_dags/subdags/subdag.py took 0.037 seconds
[2024-03-18T12:23:41.218+0545] {processor.py:161} INFO - Started process (PID=20096) to work on /home/sarita/Documents/ETLapp/pythonProject/.venv/lib/python3.9/site-packages/airflow/example_dags/subdags/subdag.py
[2024-03-18T12:23:41.220+0545] {processor.py:830} INFO - Processing file /home/sarita/Documents/ETLapp/pythonProject/.venv/lib/python3.9/site-packages/airflow/example_dags/subdags/subdag.py for tasks to queue
[2024-03-18T12:23:41.221+0545] {logging_mixin.py:188} INFO - [2024-03-18T12:23:41.221+0545] {dagbag.py:540} INFO - Filling up the DagBag from /home/sarita/Documents/ETLapp/pythonProject/.venv/lib/python3.9/site-packages/airflow/example_dags/subdags/subdag.py
[2024-03-18T12:23:41.222+0545] {processor.py:842} WARNING - No viable dags retrieved from /home/sarita/Documents/ETLapp/pythonProject/.venv/lib/python3.9/site-packages/airflow/example_dags/subdags/subdag.py
[2024-03-18T12:23:41.230+0545] {processor.py:183} INFO - Processing /home/sarita/Documents/ETLapp/pythonProject/.venv/lib/python3.9/site-packages/airflow/example_dags/subdags/subdag.py took 0.014 seconds
[2024-03-18T12:24:39.356+0545] {processor.py:161} INFO - Started process (PID=20182) to work on /home/sarita/Documents/ETLapp/pythonProject/.venv/lib/python3.9/site-packages/airflow/example_dags/subdags/subdag.py
[2024-03-18T12:24:39.358+0545] {processor.py:830} INFO - Processing file /home/sarita/Documents/ETLapp/pythonProject/.venv/lib/python3.9/site-packages/airflow/example_dags/subdags/subdag.py for tasks to queue
[2024-03-18T12:24:39.358+0545] {logging_mixin.py:188} INFO - [2024-03-18T12:24:39.358+0545] {dagbag.py:540} INFO - Filling up the DagBag from /home/sarita/Documents/ETLapp/pythonProject/.venv/lib/python3.9/site-packages/airflow/example_dags/subdags/subdag.py
[2024-03-18T12:24:39.360+0545] {processor.py:842} WARNING - No viable dags retrieved from /home/sarita/Documents/ETLapp/pythonProject/.venv/lib/python3.9/site-packages/airflow/example_dags/subdags/subdag.py
[2024-03-18T12:24:39.369+0545] {processor.py:183} INFO - Processing /home/sarita/Documents/ETLapp/pythonProject/.venv/lib/python3.9/site-packages/airflow/example_dags/subdags/subdag.py took 0.015 seconds
[2024-03-18T12:25:33.189+0545] {processor.py:161} INFO - Started process (PID=20459) to work on /home/sarita/Documents/ETLapp/pythonProject/.venv/lib/python3.9/site-packages/airflow/example_dags/subdags/subdag.py
[2024-03-18T12:25:33.191+0545] {processor.py:830} INFO - Processing file /home/sarita/Documents/ETLapp/pythonProject/.venv/lib/python3.9/site-packages/airflow/example_dags/subdags/subdag.py for tasks to queue
[2024-03-18T12:25:33.192+0545] {logging_mixin.py:188} INFO - [2024-03-18T12:25:33.191+0545] {dagbag.py:540} INFO - Filling up the DagBag from /home/sarita/Documents/ETLapp/pythonProject/.venv/lib/python3.9/site-packages/airflow/example_dags/subdags/subdag.py
[2024-03-18T12:25:33.193+0545] {processor.py:842} WARNING - No viable dags retrieved from /home/sarita/Documents/ETLapp/pythonProject/.venv/lib/python3.9/site-packages/airflow/example_dags/subdags/subdag.py
[2024-03-18T12:25:33.201+0545] {processor.py:183} INFO - Processing /home/sarita/Documents/ETLapp/pythonProject/.venv/lib/python3.9/site-packages/airflow/example_dags/subdags/subdag.py took 0.015 seconds
[2024-03-18T12:26:14.539+0545] {processor.py:161} INFO - Started process (PID=21999) to work on /home/sarita/Documents/ETLapp/pythonProject/.venv/lib/python3.9/site-packages/airflow/example_dags/subdags/subdag.py
[2024-03-18T12:26:14.541+0545] {processor.py:830} INFO - Processing file /home/sarita/Documents/ETLapp/pythonProject/.venv/lib/python3.9/site-packages/airflow/example_dags/subdags/subdag.py for tasks to queue
[2024-03-18T12:26:14.542+0545] {logging_mixin.py:188} INFO - [2024-03-18T12:26:14.541+0545] {dagbag.py:540} INFO - Filling up the DagBag from /home/sarita/Documents/ETLapp/pythonProject/.venv/lib/python3.9/site-packages/airflow/example_dags/subdags/subdag.py
[2024-03-18T12:26:14.543+0545] {processor.py:842} WARNING - No viable dags retrieved from /home/sarita/Documents/ETLapp/pythonProject/.venv/lib/python3.9/site-packages/airflow/example_dags/subdags/subdag.py
[2024-03-18T12:26:14.552+0545] {processor.py:183} INFO - Processing /home/sarita/Documents/ETLapp/pythonProject/.venv/lib/python3.9/site-packages/airflow/example_dags/subdags/subdag.py took 0.015 seconds
[2024-03-18T12:27:13.065+0545] {processor.py:161} INFO - Started process (PID=23596) to work on /home/sarita/Documents/ETLapp/pythonProject/.venv/lib/python3.9/site-packages/airflow/example_dags/subdags/subdag.py
[2024-03-18T12:27:13.069+0545] {processor.py:830} INFO - Processing file /home/sarita/Documents/ETLapp/pythonProject/.venv/lib/python3.9/site-packages/airflow/example_dags/subdags/subdag.py for tasks to queue
[2024-03-18T12:27:13.070+0545] {logging_mixin.py:188} INFO - [2024-03-18T12:27:13.070+0545] {dagbag.py:540} INFO - Filling up the DagBag from /home/sarita/Documents/ETLapp/pythonProject/.venv/lib/python3.9/site-packages/airflow/example_dags/subdags/subdag.py
[2024-03-18T12:27:13.074+0545] {processor.py:842} WARNING - No viable dags retrieved from /home/sarita/Documents/ETLapp/pythonProject/.venv/lib/python3.9/site-packages/airflow/example_dags/subdags/subdag.py
[2024-03-18T12:27:13.088+0545] {processor.py:183} INFO - Processing /home/sarita/Documents/ETLapp/pythonProject/.venv/lib/python3.9/site-packages/airflow/example_dags/subdags/subdag.py took 0.028 seconds
[2024-03-18T12:27:53.564+0545] {processor.py:161} INFO - Started process (PID=24691) to work on /home/sarita/Documents/ETLapp/pythonProject/.venv/lib/python3.9/site-packages/airflow/example_dags/subdags/subdag.py
[2024-03-18T12:27:53.567+0545] {processor.py:830} INFO - Processing file /home/sarita/Documents/ETLapp/pythonProject/.venv/lib/python3.9/site-packages/airflow/example_dags/subdags/subdag.py for tasks to queue
[2024-03-18T12:27:53.569+0545] {logging_mixin.py:188} INFO - [2024-03-18T12:27:53.568+0545] {dagbag.py:540} INFO - Filling up the DagBag from /home/sarita/Documents/ETLapp/pythonProject/.venv/lib/python3.9/site-packages/airflow/example_dags/subdags/subdag.py
[2024-03-18T12:27:53.573+0545] {processor.py:842} WARNING - No viable dags retrieved from /home/sarita/Documents/ETLapp/pythonProject/.venv/lib/python3.9/site-packages/airflow/example_dags/subdags/subdag.py
[2024-03-18T12:27:53.589+0545] {processor.py:183} INFO - Processing /home/sarita/Documents/ETLapp/pythonProject/.venv/lib/python3.9/site-packages/airflow/example_dags/subdags/subdag.py took 0.030 seconds
[2024-03-18T12:28:33.167+0545] {processor.py:161} INFO - Started process (PID=24811) to work on /home/sarita/Documents/ETLapp/pythonProject/.venv/lib/python3.9/site-packages/airflow/example_dags/subdags/subdag.py
[2024-03-18T12:28:33.169+0545] {processor.py:830} INFO - Processing file /home/sarita/Documents/ETLapp/pythonProject/.venv/lib/python3.9/site-packages/airflow/example_dags/subdags/subdag.py for tasks to queue
[2024-03-18T12:28:33.170+0545] {logging_mixin.py:188} INFO - [2024-03-18T12:28:33.170+0545] {dagbag.py:540} INFO - Filling up the DagBag from /home/sarita/Documents/ETLapp/pythonProject/.venv/lib/python3.9/site-packages/airflow/example_dags/subdags/subdag.py
[2024-03-18T12:28:33.172+0545] {processor.py:842} WARNING - No viable dags retrieved from /home/sarita/Documents/ETLapp/pythonProject/.venv/lib/python3.9/site-packages/airflow/example_dags/subdags/subdag.py
[2024-03-18T12:28:33.179+0545] {processor.py:183} INFO - Processing /home/sarita/Documents/ETLapp/pythonProject/.venv/lib/python3.9/site-packages/airflow/example_dags/subdags/subdag.py took 0.014 seconds
[2024-03-18T12:29:32.652+0545] {processor.py:161} INFO - Started process (PID=26094) to work on /home/sarita/Documents/ETLapp/pythonProject/.venv/lib/python3.9/site-packages/airflow/example_dags/subdags/subdag.py
[2024-03-18T12:29:32.656+0545] {processor.py:830} INFO - Processing file /home/sarita/Documents/ETLapp/pythonProject/.venv/lib/python3.9/site-packages/airflow/example_dags/subdags/subdag.py for tasks to queue
[2024-03-18T12:29:32.659+0545] {logging_mixin.py:188} INFO - [2024-03-18T12:29:32.658+0545] {dagbag.py:540} INFO - Filling up the DagBag from /home/sarita/Documents/ETLapp/pythonProject/.venv/lib/python3.9/site-packages/airflow/example_dags/subdags/subdag.py
[2024-03-18T12:29:32.665+0545] {processor.py:842} WARNING - No viable dags retrieved from /home/sarita/Documents/ETLapp/pythonProject/.venv/lib/python3.9/site-packages/airflow/example_dags/subdags/subdag.py
[2024-03-18T12:29:32.679+0545] {processor.py:183} INFO - Processing /home/sarita/Documents/ETLapp/pythonProject/.venv/lib/python3.9/site-packages/airflow/example_dags/subdags/subdag.py took 0.035 seconds
[2024-03-18T12:30:26.894+0545] {processor.py:161} INFO - Started process (PID=27037) to work on /home/sarita/Documents/ETLapp/pythonProject/.venv/lib/python3.9/site-packages/airflow/example_dags/subdags/subdag.py
[2024-03-18T12:30:26.895+0545] {processor.py:830} INFO - Processing file /home/sarita/Documents/ETLapp/pythonProject/.venv/lib/python3.9/site-packages/airflow/example_dags/subdags/subdag.py for tasks to queue
[2024-03-18T12:30:26.896+0545] {logging_mixin.py:188} INFO - [2024-03-18T12:30:26.895+0545] {dagbag.py:540} INFO - Filling up the DagBag from /home/sarita/Documents/ETLapp/pythonProject/.venv/lib/python3.9/site-packages/airflow/example_dags/subdags/subdag.py
[2024-03-18T12:30:26.897+0545] {processor.py:842} WARNING - No viable dags retrieved from /home/sarita/Documents/ETLapp/pythonProject/.venv/lib/python3.9/site-packages/airflow/example_dags/subdags/subdag.py
[2024-03-18T12:30:26.905+0545] {processor.py:183} INFO - Processing /home/sarita/Documents/ETLapp/pythonProject/.venv/lib/python3.9/site-packages/airflow/example_dags/subdags/subdag.py took 0.012 seconds
[2024-03-18T12:31:07.780+0545] {processor.py:161} INFO - Started process (PID=28014) to work on /home/sarita/Documents/ETLapp/pythonProject/.venv/lib/python3.9/site-packages/airflow/example_dags/subdags/subdag.py
[2024-03-18T12:31:07.782+0545] {processor.py:830} INFO - Processing file /home/sarita/Documents/ETLapp/pythonProject/.venv/lib/python3.9/site-packages/airflow/example_dags/subdags/subdag.py for tasks to queue
[2024-03-18T12:31:07.783+0545] {logging_mixin.py:188} INFO - [2024-03-18T12:31:07.783+0545] {dagbag.py:540} INFO - Filling up the DagBag from /home/sarita/Documents/ETLapp/pythonProject/.venv/lib/python3.9/site-packages/airflow/example_dags/subdags/subdag.py
[2024-03-18T12:31:07.784+0545] {processor.py:842} WARNING - No viable dags retrieved from /home/sarita/Documents/ETLapp/pythonProject/.venv/lib/python3.9/site-packages/airflow/example_dags/subdags/subdag.py
[2024-03-18T12:31:07.791+0545] {processor.py:183} INFO - Processing /home/sarita/Documents/ETLapp/pythonProject/.venv/lib/python3.9/site-packages/airflow/example_dags/subdags/subdag.py took 0.013 seconds
