[2023-12-26T13:18:18.496+0545] {taskinstance.py:1957} INFO - Dependencies all met for dep_context=non-requeueable deps ti=<TaskInstance: metrics_pipeline.fetch_and_store_metrics scheduled__2023-06-10T00:00:00+00:00 [queued]>
[2023-12-26T13:18:18.500+0545] {taskinstance.py:1957} INFO - Dependencies all met for dep_context=requeueable deps ti=<TaskInstance: metrics_pipeline.fetch_and_store_metrics scheduled__2023-06-10T00:00:00+00:00 [queued]>
[2023-12-26T13:18:18.500+0545] {taskinstance.py:2171} INFO - Starting attempt 1 of 2
[2023-12-26T13:18:18.513+0545] {taskinstance.py:2192} INFO - Executing <Task(PythonOperator): fetch_and_store_metrics> on 2023-06-10 00:00:00+00:00
[2023-12-26T13:18:18.515+0545] {standard_task_runner.py:60} INFO - Started process 27073 to run task
[2023-12-26T13:18:18.517+0545] {standard_task_runner.py:87} INFO - Running: ['airflow', 'tasks', 'run', 'metrics_pipeline', 'fetch_and_store_metrics', 'scheduled__2023-06-10T00:00:00+00:00', '--job-id', '164', '--raw', '--subdir', 'DAGS_FOLDER/taxi_metrics_dag.py', '--cfg-path', '/tmp/tmpmk3_11pc']
[2023-12-26T13:18:18.518+0545] {standard_task_runner.py:88} INFO - Job 164: Subtask fetch_and_store_metrics
[2023-12-26T13:18:18.542+0545] {task_command.py:423} INFO - Running <TaskInstance: metrics_pipeline.fetch_and_store_metrics scheduled__2023-06-10T00:00:00+00:00 [running]> on host Sarita-Thinkpad
[2023-12-26T13:18:18.594+0545] {taskinstance.py:2481} INFO - Exporting env vars: AIRFLOW_CTX_DAG_OWNER='airflow' AIRFLOW_CTX_DAG_ID='metrics_pipeline' AIRFLOW_CTX_TASK_ID='fetch_and_store_metrics' AIRFLOW_CTX_EXECUTION_DATE='2023-06-10T00:00:00+00:00' AIRFLOW_CTX_TRY_NUMBER='1' AIRFLOW_CTX_DAG_RUN_ID='scheduled__2023-06-10T00:00:00+00:00'
[2023-12-26T13:18:18.609+0545] {python.py:201} INFO - Done. Returned value was: None
[2023-12-26T13:18:18.618+0545] {taskinstance.py:1138} INFO - Marking task as SUCCESS. dag_id=metrics_pipeline, task_id=fetch_and_store_metrics, execution_date=20230610T000000, start_date=20231226T073318, end_date=20231226T073318
[2023-12-26T13:18:18.649+0545] {local_task_job_runner.py:234} INFO - Task exited with return code 0
[2023-12-26T13:18:18.658+0545] {taskinstance.py:3281} INFO - 0 downstream tasks scheduled from follow-on schedule check
[2023-12-27T12:15:40.218+0545] {taskinstance.py:1957} INFO - Dependencies all met for dep_context=non-requeueable deps ti=<TaskInstance: metrics_pipeline.fetch_and_store_metrics scheduled__2023-06-10T00:00:00+00:00 [queued]>
[2023-12-27T12:15:40.227+0545] {taskinstance.py:1957} INFO - Dependencies all met for dep_context=requeueable deps ti=<TaskInstance: metrics_pipeline.fetch_and_store_metrics scheduled__2023-06-10T00:00:00+00:00 [queued]>
[2023-12-27T12:15:40.227+0545] {taskinstance.py:2171} INFO - Starting attempt 1 of 2
[2023-12-27T12:15:40.245+0545] {taskinstance.py:2192} INFO - Executing <Task(PythonOperator): fetch_and_store_metrics> on 2023-06-10 00:00:00+00:00
[2023-12-27T12:15:40.249+0545] {standard_task_runner.py:60} INFO - Started process 12870 to run task
[2023-12-27T12:15:40.251+0545] {standard_task_runner.py:87} INFO - Running: ['airflow', 'tasks', 'run', 'metrics_pipeline', 'fetch_and_store_metrics', 'scheduled__2023-06-10T00:00:00+00:00', '--job-id', '370', '--raw', '--subdir', 'DAGS_FOLDER/taxi_metrics_dag.py', '--cfg-path', '/tmp/tmpzlpm85r8']
[2023-12-27T12:15:40.252+0545] {standard_task_runner.py:88} INFO - Job 370: Subtask fetch_and_store_metrics
[2023-12-27T12:15:40.285+0545] {task_command.py:423} INFO - Running <TaskInstance: metrics_pipeline.fetch_and_store_metrics scheduled__2023-06-10T00:00:00+00:00 [running]> on host Sarita-Thinkpad
[2023-12-27T12:15:40.331+0545] {taskinstance.py:2481} INFO - Exporting env vars: AIRFLOW_CTX_DAG_OWNER='airflow' AIRFLOW_CTX_DAG_ID='metrics_pipeline' AIRFLOW_CTX_TASK_ID='fetch_and_store_metrics' AIRFLOW_CTX_EXECUTION_DATE='2023-06-10T00:00:00+00:00' AIRFLOW_CTX_TRY_NUMBER='1' AIRFLOW_CTX_DAG_RUN_ID='scheduled__2023-06-10T00:00:00+00:00'
[2023-12-27T12:15:40.332+0545] {taxi_metrics_dag.py:61} INFO - Getting Clickhouse Data.......
[2023-12-27T12:15:46.214+0545] {taxi_metrics_dag.py:67} ERROR - Could not complete the process..:HTTPDriver for https://github.demo.trial.altinity.cloud:8443 returned response code 400)
 Code: 62. DB::Exception: Syntax error (Multi-statements are not allowed): failed at position 1290 (end of query) (line 23, col 11): ;

 FORMAT Native. . (SYNTAX_ERROR) (version 23.10.5.20 (official build))

[2023-12-27T12:15:46.215+0545] {python.py:201} INFO - Done. Returned value was: None
[2023-12-27T12:15:46.236+0545] {taskinstance.py:1138} INFO - Marking task as SUCCESS. dag_id=metrics_pipeline, task_id=fetch_and_store_metrics, execution_date=20230610T000000, start_date=20231227T063040, end_date=20231227T063046
[2023-12-27T12:15:46.266+0545] {local_task_job_runner.py:234} INFO - Task exited with return code 0
[2023-12-27T12:15:46.275+0545] {taskinstance.py:3281} INFO - 0 downstream tasks scheduled from follow-on schedule check
