[2023-12-26T13:21:20.014+0545] {taskinstance.py:1957} INFO - Dependencies all met for dep_context=non-requeueable deps ti=<TaskInstance: metrics_pipeline.fetch_and_store_metrics scheduled__2023-08-10T00:00:00+00:00 [queued]>
[2023-12-26T13:21:20.019+0545] {taskinstance.py:1957} INFO - Dependencies all met for dep_context=requeueable deps ti=<TaskInstance: metrics_pipeline.fetch_and_store_metrics scheduled__2023-08-10T00:00:00+00:00 [queued]>
[2023-12-26T13:21:20.019+0545] {taskinstance.py:2171} INFO - Starting attempt 1 of 2
[2023-12-26T13:21:20.031+0545] {taskinstance.py:2192} INFO - Executing <Task(PythonOperator): fetch_and_store_metrics> on 2023-08-10 00:00:00+00:00
[2023-12-26T13:21:20.033+0545] {standard_task_runner.py:60} INFO - Started process 27539 to run task
[2023-12-26T13:21:20.035+0545] {standard_task_runner.py:87} INFO - Running: ['airflow', 'tasks', 'run', 'metrics_pipeline', 'fetch_and_store_metrics', 'scheduled__2023-08-10T00:00:00+00:00', '--job-id', '225', '--raw', '--subdir', 'DAGS_FOLDER/taxi_metrics_dag.py', '--cfg-path', '/tmp/tmpm7n4p2oc']
[2023-12-26T13:21:20.035+0545] {standard_task_runner.py:88} INFO - Job 225: Subtask fetch_and_store_metrics
[2023-12-26T13:21:20.059+0545] {task_command.py:423} INFO - Running <TaskInstance: metrics_pipeline.fetch_and_store_metrics scheduled__2023-08-10T00:00:00+00:00 [running]> on host Sarita-Thinkpad
[2023-12-26T13:21:20.110+0545] {taskinstance.py:2481} INFO - Exporting env vars: AIRFLOW_CTX_DAG_OWNER='airflow' AIRFLOW_CTX_DAG_ID='metrics_pipeline' AIRFLOW_CTX_TASK_ID='fetch_and_store_metrics' AIRFLOW_CTX_EXECUTION_DATE='2023-08-10T00:00:00+00:00' AIRFLOW_CTX_TRY_NUMBER='1' AIRFLOW_CTX_DAG_RUN_ID='scheduled__2023-08-10T00:00:00+00:00'
[2023-12-26T13:21:20.133+0545] {python.py:201} INFO - Done. Returned value was: None
[2023-12-26T13:21:20.136+0545] {taskinstance.py:1138} INFO - Marking task as SUCCESS. dag_id=metrics_pipeline, task_id=fetch_and_store_metrics, execution_date=20230810T000000, start_date=20231226T073620, end_date=20231226T073620
[2023-12-26T13:21:20.167+0545] {local_task_job_runner.py:234} INFO - Task exited with return code 0
[2023-12-26T13:21:20.176+0545] {taskinstance.py:3281} INFO - 0 downstream tasks scheduled from follow-on schedule check
[2023-12-27T09:52:56.151+0545] {taskinstance.py:1957} INFO - Dependencies all met for dep_context=non-requeueable deps ti=<TaskInstance: metrics_pipeline.fetch_and_store_metrics scheduled__2023-08-10T00:00:00+00:00 [queued]>
[2023-12-27T09:52:56.156+0545] {taskinstance.py:1957} INFO - Dependencies all met for dep_context=requeueable deps ti=<TaskInstance: metrics_pipeline.fetch_and_store_metrics scheduled__2023-08-10T00:00:00+00:00 [queued]>
[2023-12-27T09:52:56.156+0545] {taskinstance.py:2171} INFO - Starting attempt 1 of 2
[2023-12-27T09:52:56.168+0545] {taskinstance.py:2192} INFO - Executing <Task(PythonOperator): fetch_and_store_metrics> on 2023-08-10 00:00:00+00:00
[2023-12-27T09:52:56.170+0545] {standard_task_runner.py:60} INFO - Started process 9054 to run task
[2023-12-27T09:52:56.172+0545] {standard_task_runner.py:87} INFO - Running: ['airflow', 'tasks', 'run', 'metrics_pipeline', 'fetch_and_store_metrics', 'scheduled__2023-08-10T00:00:00+00:00', '--job-id', '326', '--raw', '--subdir', 'DAGS_FOLDER/taxi_metrics_dag.py', '--cfg-path', '/tmp/tmp0d3vl950']
[2023-12-27T09:52:56.173+0545] {standard_task_runner.py:88} INFO - Job 326: Subtask fetch_and_store_metrics
[2023-12-27T09:52:56.198+0545] {task_command.py:423} INFO - Running <TaskInstance: metrics_pipeline.fetch_and_store_metrics scheduled__2023-08-10T00:00:00+00:00 [running]> on host Sarita-Thinkpad
[2023-12-27T09:52:56.243+0545] {taskinstance.py:2481} INFO - Exporting env vars: AIRFLOW_CTX_DAG_OWNER='airflow' AIRFLOW_CTX_DAG_ID='metrics_pipeline' AIRFLOW_CTX_TASK_ID='fetch_and_store_metrics' AIRFLOW_CTX_EXECUTION_DATE='2023-08-10T00:00:00+00:00' AIRFLOW_CTX_TRY_NUMBER='1' AIRFLOW_CTX_DAG_RUN_ID='scheduled__2023-08-10T00:00:00+00:00'
[2023-12-27T09:52:58.932+0545] {logging_mixin.py:188} INFO - <sqlalchemy.engine.cursor.LegacyCursorResult object at 0x7f0cf3632070>
[2023-12-27T09:52:58.965+0545] {logging_mixin.py:188} INFO - <sqlalchemy.engine.cursor.LegacyCursorResult object at 0x7f0cf361b550>
[2023-12-27T09:52:58.981+0545] {logging_mixin.py:188} INFO - <sqlalchemy.engine.cursor.LegacyCursorResult object at 0x7f0cf3632e50>
[2023-12-27T09:52:58.997+0545] {logging_mixin.py:188} INFO - <sqlalchemy.engine.cursor.LegacyCursorResult object at 0x7f0cf35930a0>
[2023-12-27T09:52:59.012+0545] {logging_mixin.py:188} INFO - <sqlalchemy.engine.cursor.LegacyCursorResult object at 0x7f0cf35bea90>
[2023-12-27T09:52:59.028+0545] {logging_mixin.py:188} INFO - <sqlalchemy.engine.cursor.LegacyCursorResult object at 0x7f0cf35bebb0>
[2023-12-27T09:52:59.044+0545] {logging_mixin.py:188} INFO - <sqlalchemy.engine.cursor.LegacyCursorResult object at 0x7f0cf35d7f70>
[2023-12-27T09:52:59.059+0545] {logging_mixin.py:188} INFO - <sqlalchemy.engine.cursor.LegacyCursorResult object at 0x7f0cf3580160>
[2023-12-27T09:52:59.075+0545] {logging_mixin.py:188} INFO - <sqlalchemy.engine.cursor.LegacyCursorResult object at 0x7f0cf35b1eb0>
[2023-12-27T09:52:59.090+0545] {logging_mixin.py:188} INFO - <sqlalchemy.engine.cursor.LegacyCursorResult object at 0x7f0cf3574df0>
[2023-12-27T09:52:59.105+0545] {logging_mixin.py:188} INFO - <sqlalchemy.engine.cursor.LegacyCursorResult object at 0x7f0cf35d4310>
[2023-12-27T09:52:59.120+0545] {logging_mixin.py:188} INFO - <sqlalchemy.engine.cursor.LegacyCursorResult object at 0x7f0cf3572e50>
[2023-12-27T09:52:59.136+0545] {logging_mixin.py:188} INFO - <sqlalchemy.engine.cursor.LegacyCursorResult object at 0x7f0cf35b9dc0>
[2023-12-27T09:52:59.136+0545] {python.py:201} INFO - Done. Returned value was: None
[2023-12-27T09:52:59.140+0545] {taskinstance.py:1138} INFO - Marking task as SUCCESS. dag_id=metrics_pipeline, task_id=fetch_and_store_metrics, execution_date=20230810T000000, start_date=20231227T040756, end_date=20231227T040759
[2023-12-27T09:52:59.155+0545] {local_task_job_runner.py:234} INFO - Task exited with return code 0
[2023-12-27T09:52:59.165+0545] {taskinstance.py:3281} INFO - 0 downstream tasks scheduled from follow-on schedule check
[2023-12-27T12:41:28.031+0545] {taskinstance.py:1957} INFO - Dependencies all met for dep_context=non-requeueable deps ti=<TaskInstance: metrics_pipeline.fetch_and_store_metrics scheduled__2023-08-10T00:00:00+00:00 [queued]>
[2023-12-27T12:41:28.035+0545] {taskinstance.py:1957} INFO - Dependencies all met for dep_context=requeueable deps ti=<TaskInstance: metrics_pipeline.fetch_and_store_metrics scheduled__2023-08-10T00:00:00+00:00 [queued]>
[2023-12-27T12:41:28.035+0545] {taskinstance.py:2171} INFO - Starting attempt 1 of 2
[2023-12-27T12:41:28.048+0545] {taskinstance.py:2192} INFO - Executing <Task(PythonOperator): fetch_and_store_metrics> on 2023-08-10 00:00:00+00:00
[2023-12-27T12:41:28.050+0545] {standard_task_runner.py:60} INFO - Started process 15741 to run task
[2023-12-27T12:41:28.052+0545] {standard_task_runner.py:87} INFO - Running: ['airflow', 'tasks', 'run', 'metrics_pipeline', 'fetch_and_store_metrics', 'scheduled__2023-08-10T00:00:00+00:00', '--job-id', '445', '--raw', '--subdir', 'DAGS_FOLDER/taxi_metrics_dag.py', '--cfg-path', '/tmp/tmpp8j0caai']
[2023-12-27T12:41:28.052+0545] {standard_task_runner.py:88} INFO - Job 445: Subtask fetch_and_store_metrics
[2023-12-27T12:41:28.076+0545] {task_command.py:423} INFO - Running <TaskInstance: metrics_pipeline.fetch_and_store_metrics scheduled__2023-08-10T00:00:00+00:00 [running]> on host Sarita-Thinkpad
[2023-12-27T12:41:28.128+0545] {taskinstance.py:2481} INFO - Exporting env vars: AIRFLOW_CTX_DAG_OWNER='airflow' AIRFLOW_CTX_DAG_ID='metrics_pipeline' AIRFLOW_CTX_TASK_ID='fetch_and_store_metrics' AIRFLOW_CTX_EXECUTION_DATE='2023-08-10T00:00:00+00:00' AIRFLOW_CTX_TRY_NUMBER='1' AIRFLOW_CTX_DAG_RUN_ID='scheduled__2023-08-10T00:00:00+00:00'
[2023-12-27T12:41:28.130+0545] {taxi_metrics_dag.py:61} INFO - Getting Clickhouse Data.......
[2023-12-27T12:41:37.926+0545] {taxi_metrics_dag.py:63} INFO - Inserting Data into SQLite.....
[2023-12-27T12:41:37.943+0545] {taxi_metrics_dag.py:56} INFO - Successfully inserted data into SQLite!!
[2023-12-27T12:41:37.943+0545] {taxi_metrics_dag.py:65} INFO - Task completed successfully!!
[2023-12-27T12:41:37.943+0545] {python.py:201} INFO - Done. Returned value was: None
[2023-12-27T12:41:37.947+0545] {taskinstance.py:1138} INFO - Marking task as SUCCESS. dag_id=metrics_pipeline, task_id=fetch_and_store_metrics, execution_date=20230810T000000, start_date=20231227T065628, end_date=20231227T065637
[2023-12-27T12:41:37.994+0545] {local_task_job_runner.py:234} INFO - Task exited with return code 0
[2023-12-27T12:41:38.002+0545] {taskinstance.py:3281} INFO - 0 downstream tasks scheduled from follow-on schedule check
