[2023-12-26T13:23:22.797+0545] {taskinstance.py:1957} INFO - Dependencies all met for dep_context=non-requeueable deps ti=<TaskInstance: metrics_pipeline.fetch_and_store_metrics scheduled__2023-09-21T00:00:00+00:00 [queued]>
[2023-12-26T13:23:22.802+0545] {taskinstance.py:1957} INFO - Dependencies all met for dep_context=requeueable deps ti=<TaskInstance: metrics_pipeline.fetch_and_store_metrics scheduled__2023-09-21T00:00:00+00:00 [queued]>
[2023-12-26T13:23:22.802+0545] {taskinstance.py:2171} INFO - Starting attempt 1 of 2
[2023-12-26T13:23:22.813+0545] {taskinstance.py:2192} INFO - Executing <Task(PythonOperator): fetch_and_store_metrics> on 2023-09-21 00:00:00+00:00
[2023-12-26T13:23:22.816+0545] {standard_task_runner.py:60} INFO - Started process 27847 to run task
[2023-12-26T13:23:22.817+0545] {standard_task_runner.py:87} INFO - Running: ['airflow', 'tasks', 'run', 'metrics_pipeline', 'fetch_and_store_metrics', 'scheduled__2023-09-21T00:00:00+00:00', '--job-id', '267', '--raw', '--subdir', 'DAGS_FOLDER/taxi_metrics_dag.py', '--cfg-path', '/tmp/tmpwt618t8c']
[2023-12-26T13:23:22.818+0545] {standard_task_runner.py:88} INFO - Job 267: Subtask fetch_and_store_metrics
[2023-12-26T13:23:22.843+0545] {task_command.py:423} INFO - Running <TaskInstance: metrics_pipeline.fetch_and_store_metrics scheduled__2023-09-21T00:00:00+00:00 [running]> on host Sarita-Thinkpad
[2023-12-26T13:23:22.894+0545] {taskinstance.py:2481} INFO - Exporting env vars: AIRFLOW_CTX_DAG_OWNER='airflow' AIRFLOW_CTX_DAG_ID='metrics_pipeline' AIRFLOW_CTX_TASK_ID='fetch_and_store_metrics' AIRFLOW_CTX_EXECUTION_DATE='2023-09-21T00:00:00+00:00' AIRFLOW_CTX_TRY_NUMBER='1' AIRFLOW_CTX_DAG_RUN_ID='scheduled__2023-09-21T00:00:00+00:00'
[2023-12-26T13:23:22.911+0545] {python.py:201} INFO - Done. Returned value was: None
[2023-12-26T13:23:22.921+0545] {taskinstance.py:1138} INFO - Marking task as SUCCESS. dag_id=metrics_pipeline, task_id=fetch_and_store_metrics, execution_date=20230921T000000, start_date=20231226T073822, end_date=20231226T073822
[2023-12-26T13:23:22.949+0545] {local_task_job_runner.py:234} INFO - Task exited with return code 0
[2023-12-26T13:23:22.960+0545] {taskinstance.py:3281} INFO - 0 downstream tasks scheduled from follow-on schedule check
[2023-12-27T12:47:46.863+0545] {taskinstance.py:1957} INFO - Dependencies all met for dep_context=non-requeueable deps ti=<TaskInstance: metrics_pipeline.fetch_and_store_metrics scheduled__2023-09-21T00:00:00+00:00 [queued]>
[2023-12-27T12:47:46.869+0545] {taskinstance.py:1957} INFO - Dependencies all met for dep_context=requeueable deps ti=<TaskInstance: metrics_pipeline.fetch_and_store_metrics scheduled__2023-09-21T00:00:00+00:00 [queued]>
[2023-12-27T12:47:46.869+0545] {taskinstance.py:2171} INFO - Starting attempt 1 of 2
[2023-12-27T12:47:46.881+0545] {taskinstance.py:2192} INFO - Executing <Task(PythonOperator): fetch_and_store_metrics> on 2023-09-21 00:00:00+00:00
[2023-12-27T12:47:46.884+0545] {standard_task_runner.py:60} INFO - Started process 17255 to run task
[2023-12-27T12:47:46.886+0545] {standard_task_runner.py:87} INFO - Running: ['airflow', 'tasks', 'run', 'metrics_pipeline', 'fetch_and_store_metrics', 'scheduled__2023-09-21T00:00:00+00:00', '--job-id', '489', '--raw', '--subdir', 'DAGS_FOLDER/taxi_metrics_dag.py', '--cfg-path', '/tmp/tmpyps60scl']
[2023-12-27T12:47:46.886+0545] {standard_task_runner.py:88} INFO - Job 489: Subtask fetch_and_store_metrics
[2023-12-27T12:47:46.911+0545] {task_command.py:423} INFO - Running <TaskInstance: metrics_pipeline.fetch_and_store_metrics scheduled__2023-09-21T00:00:00+00:00 [running]> on host Sarita-Thinkpad
[2023-12-27T12:47:46.959+0545] {taskinstance.py:2481} INFO - Exporting env vars: AIRFLOW_CTX_DAG_OWNER='airflow' AIRFLOW_CTX_DAG_ID='metrics_pipeline' AIRFLOW_CTX_TASK_ID='fetch_and_store_metrics' AIRFLOW_CTX_EXECUTION_DATE='2023-09-21T00:00:00+00:00' AIRFLOW_CTX_TRY_NUMBER='1' AIRFLOW_CTX_DAG_RUN_ID='scheduled__2023-09-21T00:00:00+00:00'
[2023-12-27T12:47:46.960+0545] {taxi_metrics_dag.py:62} INFO - Getting Clickhouse Data.......
[2023-12-27T12:47:54.760+0545] {taxi_metrics_dag.py:64} INFO - Inserting Data into SQLite.....
[2023-12-27T12:47:54.790+0545] {taxi_metrics_dag.py:57} INFO - Successfully inserted data into SQLite!!
[2023-12-27T12:47:54.791+0545] {taxi_metrics_dag.py:66} INFO - Task completed successfully!!
[2023-12-27T12:47:54.791+0545] {python.py:201} INFO - Done. Returned value was: None
[2023-12-27T12:47:54.806+0545] {taskinstance.py:1138} INFO - Marking task as SUCCESS. dag_id=metrics_pipeline, task_id=fetch_and_store_metrics, execution_date=20230921T000000, start_date=20231227T070246, end_date=20231227T070254
