[2023-12-26T13:21:22.487+0545] {taskinstance.py:1957} INFO - Dependencies all met for dep_context=non-requeueable deps ti=<TaskInstance: metrics_pipeline.fetch_and_store_metrics scheduled__2023-08-11T00:00:00+00:00 [queued]>
[2023-12-26T13:21:22.493+0545] {taskinstance.py:1957} INFO - Dependencies all met for dep_context=requeueable deps ti=<TaskInstance: metrics_pipeline.fetch_and_store_metrics scheduled__2023-08-11T00:00:00+00:00 [queued]>
[2023-12-26T13:21:22.493+0545] {taskinstance.py:2171} INFO - Starting attempt 1 of 2
[2023-12-26T13:21:22.505+0545] {taskinstance.py:2192} INFO - Executing <Task(PythonOperator): fetch_and_store_metrics> on 2023-08-11 00:00:00+00:00
[2023-12-26T13:21:22.507+0545] {standard_task_runner.py:60} INFO - Started process 27545 to run task
[2023-12-26T13:21:22.509+0545] {standard_task_runner.py:87} INFO - Running: ['airflow', 'tasks', 'run', 'metrics_pipeline', 'fetch_and_store_metrics', 'scheduled__2023-08-11T00:00:00+00:00', '--job-id', '226', '--raw', '--subdir', 'DAGS_FOLDER/taxi_metrics_dag.py', '--cfg-path', '/tmp/tmpp1ne1csu']
[2023-12-26T13:21:22.510+0545] {standard_task_runner.py:88} INFO - Job 226: Subtask fetch_and_store_metrics
[2023-12-26T13:21:22.533+0545] {task_command.py:423} INFO - Running <TaskInstance: metrics_pipeline.fetch_and_store_metrics scheduled__2023-08-11T00:00:00+00:00 [running]> on host Sarita-Thinkpad
[2023-12-26T13:21:22.584+0545] {taskinstance.py:2481} INFO - Exporting env vars: AIRFLOW_CTX_DAG_OWNER='airflow' AIRFLOW_CTX_DAG_ID='metrics_pipeline' AIRFLOW_CTX_TASK_ID='fetch_and_store_metrics' AIRFLOW_CTX_EXECUTION_DATE='2023-08-11T00:00:00+00:00' AIRFLOW_CTX_TRY_NUMBER='1' AIRFLOW_CTX_DAG_RUN_ID='scheduled__2023-08-11T00:00:00+00:00'
[2023-12-26T13:21:22.601+0545] {python.py:201} INFO - Done. Returned value was: None
[2023-12-26T13:21:22.611+0545] {taskinstance.py:1138} INFO - Marking task as SUCCESS. dag_id=metrics_pipeline, task_id=fetch_and_store_metrics, execution_date=20230811T000000, start_date=20231226T073622, end_date=20231226T073622
[2023-12-26T13:21:22.641+0545] {local_task_job_runner.py:234} INFO - Task exited with return code 0
[2023-12-26T13:21:22.651+0545] {taskinstance.py:3281} INFO - 0 downstream tasks scheduled from follow-on schedule check
[2023-12-27T09:53:02.586+0545] {taskinstance.py:1957} INFO - Dependencies all met for dep_context=non-requeueable deps ti=<TaskInstance: metrics_pipeline.fetch_and_store_metrics scheduled__2023-08-11T00:00:00+00:00 [queued]>
[2023-12-27T09:53:02.591+0545] {taskinstance.py:1957} INFO - Dependencies all met for dep_context=requeueable deps ti=<TaskInstance: metrics_pipeline.fetch_and_store_metrics scheduled__2023-08-11T00:00:00+00:00 [queued]>
[2023-12-27T09:53:02.591+0545] {taskinstance.py:2171} INFO - Starting attempt 1 of 2
[2023-12-27T09:53:02.604+0545] {taskinstance.py:2192} INFO - Executing <Task(PythonOperator): fetch_and_store_metrics> on 2023-08-11 00:00:00+00:00
[2023-12-27T09:53:02.606+0545] {standard_task_runner.py:60} INFO - Started process 9064 to run task
[2023-12-27T09:53:02.608+0545] {standard_task_runner.py:87} INFO - Running: ['airflow', 'tasks', 'run', 'metrics_pipeline', 'fetch_and_store_metrics', 'scheduled__2023-08-11T00:00:00+00:00', '--job-id', '327', '--raw', '--subdir', 'DAGS_FOLDER/taxi_metrics_dag.py', '--cfg-path', '/tmp/tmpynx_zrvb']
[2023-12-27T09:53:02.608+0545] {standard_task_runner.py:88} INFO - Job 327: Subtask fetch_and_store_metrics
[2023-12-27T09:53:02.633+0545] {task_command.py:423} INFO - Running <TaskInstance: metrics_pipeline.fetch_and_store_metrics scheduled__2023-08-11T00:00:00+00:00 [running]> on host Sarita-Thinkpad
[2023-12-27T09:53:02.678+0545] {taskinstance.py:2481} INFO - Exporting env vars: AIRFLOW_CTX_DAG_OWNER='airflow' AIRFLOW_CTX_DAG_ID='metrics_pipeline' AIRFLOW_CTX_TASK_ID='fetch_and_store_metrics' AIRFLOW_CTX_EXECUTION_DATE='2023-08-11T00:00:00+00:00' AIRFLOW_CTX_TRY_NUMBER='1' AIRFLOW_CTX_DAG_RUN_ID='scheduled__2023-08-11T00:00:00+00:00'
[2023-12-27T09:53:05.435+0545] {logging_mixin.py:188} INFO - <sqlalchemy.engine.cursor.LegacyCursorResult object at 0x7f803dd20070>
[2023-12-27T09:53:05.461+0545] {logging_mixin.py:188} INFO - <sqlalchemy.engine.cursor.LegacyCursorResult object at 0x7f803dcabb80>
[2023-12-27T09:53:05.476+0545] {logging_mixin.py:188} INFO - <sqlalchemy.engine.cursor.LegacyCursorResult object at 0x7f803dd20d90>
[2023-12-27T09:53:05.492+0545] {logging_mixin.py:188} INFO - <sqlalchemy.engine.cursor.LegacyCursorResult object at 0x7f803dcaba60>
[2023-12-27T09:53:05.516+0545] {logging_mixin.py:188} INFO - <sqlalchemy.engine.cursor.LegacyCursorResult object at 0x7f803dccffd0>
[2023-12-27T09:53:05.531+0545] {logging_mixin.py:188} INFO - <sqlalchemy.engine.cursor.LegacyCursorResult object at 0x7f803dd20ee0>
[2023-12-27T09:53:05.547+0545] {logging_mixin.py:188} INFO - <sqlalchemy.engine.cursor.LegacyCursorResult object at 0x7f803dcc4fd0>
[2023-12-27T09:53:05.562+0545] {logging_mixin.py:188} INFO - <sqlalchemy.engine.cursor.LegacyCursorResult object at 0x7f803dc6d0a0>
[2023-12-27T09:53:05.577+0545] {logging_mixin.py:188} INFO - <sqlalchemy.engine.cursor.LegacyCursorResult object at 0x7f803dc6d250>
[2023-12-27T09:53:05.592+0545] {logging_mixin.py:188} INFO - <sqlalchemy.engine.cursor.LegacyCursorResult object at 0x7f803dc6d220>
[2023-12-27T09:53:05.607+0545] {logging_mixin.py:188} INFO - <sqlalchemy.engine.cursor.LegacyCursorResult object at 0x7f803dc9d250>
[2023-12-27T09:53:05.622+0545] {logging_mixin.py:188} INFO - <sqlalchemy.engine.cursor.LegacyCursorResult object at 0x7f803dc70f40>
[2023-12-27T09:53:05.637+0545] {logging_mixin.py:188} INFO - <sqlalchemy.engine.cursor.LegacyCursorResult object at 0x7f803dca0e80>
[2023-12-27T09:53:05.637+0545] {python.py:201} INFO - Done. Returned value was: None
[2023-12-27T09:53:05.641+0545] {taskinstance.py:1138} INFO - Marking task as SUCCESS. dag_id=metrics_pipeline, task_id=fetch_and_store_metrics, execution_date=20230811T000000, start_date=20231227T040802, end_date=20231227T040805
[2023-12-27T09:53:05.670+0545] {local_task_job_runner.py:234} INFO - Task exited with return code 0
[2023-12-27T09:53:05.678+0545] {taskinstance.py:3281} INFO - 0 downstream tasks scheduled from follow-on schedule check
[2023-12-27T12:41:41.655+0545] {taskinstance.py:1957} INFO - Dependencies all met for dep_context=non-requeueable deps ti=<TaskInstance: metrics_pipeline.fetch_and_store_metrics scheduled__2023-08-11T00:00:00+00:00 [queued]>
[2023-12-27T12:41:41.662+0545] {taskinstance.py:1957} INFO - Dependencies all met for dep_context=requeueable deps ti=<TaskInstance: metrics_pipeline.fetch_and_store_metrics scheduled__2023-08-11T00:00:00+00:00 [queued]>
[2023-12-27T12:41:41.662+0545] {taskinstance.py:2171} INFO - Starting attempt 1 of 2
[2023-12-27T12:41:41.676+0545] {taskinstance.py:2192} INFO - Executing <Task(PythonOperator): fetch_and_store_metrics> on 2023-08-11 00:00:00+00:00
[2023-12-27T12:41:41.678+0545] {standard_task_runner.py:60} INFO - Started process 16070 to run task
[2023-12-27T12:41:41.681+0545] {standard_task_runner.py:87} INFO - Running: ['airflow', 'tasks', 'run', 'metrics_pipeline', 'fetch_and_store_metrics', 'scheduled__2023-08-11T00:00:00+00:00', '--job-id', '446', '--raw', '--subdir', 'DAGS_FOLDER/taxi_metrics_dag.py', '--cfg-path', '/tmp/tmpndzscyp0']
[2023-12-27T12:41:41.681+0545] {standard_task_runner.py:88} INFO - Job 446: Subtask fetch_and_store_metrics
[2023-12-27T12:41:41.707+0545] {task_command.py:423} INFO - Running <TaskInstance: metrics_pipeline.fetch_and_store_metrics scheduled__2023-08-11T00:00:00+00:00 [running]> on host Sarita-Thinkpad
[2023-12-27T12:41:41.767+0545] {taskinstance.py:2481} INFO - Exporting env vars: AIRFLOW_CTX_DAG_OWNER='airflow' AIRFLOW_CTX_DAG_ID='metrics_pipeline' AIRFLOW_CTX_TASK_ID='fetch_and_store_metrics' AIRFLOW_CTX_EXECUTION_DATE='2023-08-11T00:00:00+00:00' AIRFLOW_CTX_TRY_NUMBER='1' AIRFLOW_CTX_DAG_RUN_ID='scheduled__2023-08-11T00:00:00+00:00'
[2023-12-27T12:41:41.768+0545] {taxi_metrics_dag.py:61} INFO - Getting Clickhouse Data.......
[2023-12-27T12:41:46.635+0545] {taxi_metrics_dag.py:63} INFO - Inserting Data into SQLite.....
[2023-12-27T12:41:46.650+0545] {taxi_metrics_dag.py:56} INFO - Successfully inserted data into SQLite!!
[2023-12-27T12:41:46.651+0545] {taxi_metrics_dag.py:65} INFO - Task completed successfully!!
[2023-12-27T12:41:46.651+0545] {python.py:201} INFO - Done. Returned value was: None
[2023-12-27T12:41:46.665+0545] {taskinstance.py:1138} INFO - Marking task as SUCCESS. dag_id=metrics_pipeline, task_id=fetch_and_store_metrics, execution_date=20230811T000000, start_date=20231227T065641, end_date=20231227T065646
[2023-12-27T12:41:46.706+0545] {local_task_job_runner.py:234} INFO - Task exited with return code 0
[2023-12-27T12:41:46.738+0545] {taskinstance.py:3281} INFO - 0 downstream tasks scheduled from follow-on schedule check
