[2023-12-26T13:17:37.752+0545] {taskinstance.py:1957} INFO - Dependencies all met for dep_context=non-requeueable deps ti=<TaskInstance: metrics_pipeline.fetch_and_store_metrics scheduled__2023-05-28T00:00:00+00:00 [queued]>
[2023-12-26T13:17:37.757+0545] {taskinstance.py:1957} INFO - Dependencies all met for dep_context=requeueable deps ti=<TaskInstance: metrics_pipeline.fetch_and_store_metrics scheduled__2023-05-28T00:00:00+00:00 [queued]>
[2023-12-26T13:17:37.757+0545] {taskinstance.py:2171} INFO - Starting attempt 1 of 2
[2023-12-26T13:17:37.769+0545] {taskinstance.py:2192} INFO - Executing <Task(PythonOperator): fetch_and_store_metrics> on 2023-05-28 00:00:00+00:00
[2023-12-26T13:17:37.771+0545] {standard_task_runner.py:60} INFO - Started process 26975 to run task
[2023-12-26T13:17:37.773+0545] {standard_task_runner.py:87} INFO - Running: ['airflow', 'tasks', 'run', 'metrics_pipeline', 'fetch_and_store_metrics', 'scheduled__2023-05-28T00:00:00+00:00', '--job-id', '151', '--raw', '--subdir', 'DAGS_FOLDER/taxi_metrics_dag.py', '--cfg-path', '/tmp/tmp6agpzwzi']
[2023-12-26T13:17:37.774+0545] {standard_task_runner.py:88} INFO - Job 151: Subtask fetch_and_store_metrics
[2023-12-26T13:17:37.797+0545] {task_command.py:423} INFO - Running <TaskInstance: metrics_pipeline.fetch_and_store_metrics scheduled__2023-05-28T00:00:00+00:00 [running]> on host Sarita-Thinkpad
[2023-12-26T13:17:37.848+0545] {taskinstance.py:2481} INFO - Exporting env vars: AIRFLOW_CTX_DAG_OWNER='airflow' AIRFLOW_CTX_DAG_ID='metrics_pipeline' AIRFLOW_CTX_TASK_ID='fetch_and_store_metrics' AIRFLOW_CTX_EXECUTION_DATE='2023-05-28T00:00:00+00:00' AIRFLOW_CTX_TRY_NUMBER='1' AIRFLOW_CTX_DAG_RUN_ID='scheduled__2023-05-28T00:00:00+00:00'
[2023-12-26T13:17:37.863+0545] {python.py:201} INFO - Done. Returned value was: None
[2023-12-26T13:17:37.867+0545] {taskinstance.py:1138} INFO - Marking task as SUCCESS. dag_id=metrics_pipeline, task_id=fetch_and_store_metrics, execution_date=20230528T000000, start_date=20231226T073237, end_date=20231226T073237
[2023-12-26T13:17:37.905+0545] {local_task_job_runner.py:234} INFO - Task exited with return code 0
[2023-12-26T13:17:37.914+0545] {taskinstance.py:3281} INFO - 0 downstream tasks scheduled from follow-on schedule check
[2023-12-27T12:11:45.284+0545] {taskinstance.py:1957} INFO - Dependencies all met for dep_context=non-requeueable deps ti=<TaskInstance: metrics_pipeline.fetch_and_store_metrics scheduled__2023-05-28T00:00:00+00:00 [queued]>
[2023-12-27T12:11:45.288+0545] {taskinstance.py:1957} INFO - Dependencies all met for dep_context=requeueable deps ti=<TaskInstance: metrics_pipeline.fetch_and_store_metrics scheduled__2023-05-28T00:00:00+00:00 [queued]>
[2023-12-27T12:11:45.288+0545] {taskinstance.py:2171} INFO - Starting attempt 1 of 2
[2023-12-27T12:11:45.301+0545] {taskinstance.py:2192} INFO - Executing <Task(PythonOperator): fetch_and_store_metrics> on 2023-05-28 00:00:00+00:00
[2023-12-27T12:11:45.303+0545] {standard_task_runner.py:60} INFO - Started process 12569 to run task
[2023-12-27T12:11:45.305+0545] {standard_task_runner.py:87} INFO - Running: ['airflow', 'tasks', 'run', 'metrics_pipeline', 'fetch_and_store_metrics', 'scheduled__2023-05-28T00:00:00+00:00', '--job-id', '356', '--raw', '--subdir', 'DAGS_FOLDER/taxi_metrics_dag.py', '--cfg-path', '/tmp/tmpp2t35iwh']
[2023-12-27T12:11:45.305+0545] {standard_task_runner.py:88} INFO - Job 356: Subtask fetch_and_store_metrics
[2023-12-27T12:11:45.352+0545] {task_command.py:423} INFO - Running <TaskInstance: metrics_pipeline.fetch_and_store_metrics scheduled__2023-05-28T00:00:00+00:00 [running]> on host Sarita-Thinkpad
[2023-12-27T12:11:45.397+0545] {taskinstance.py:2481} INFO - Exporting env vars: AIRFLOW_CTX_DAG_OWNER='airflow' AIRFLOW_CTX_DAG_ID='metrics_pipeline' AIRFLOW_CTX_TASK_ID='fetch_and_store_metrics' AIRFLOW_CTX_EXECUTION_DATE='2023-05-28T00:00:00+00:00' AIRFLOW_CTX_TRY_NUMBER='1' AIRFLOW_CTX_DAG_RUN_ID='scheduled__2023-05-28T00:00:00+00:00'
[2023-12-27T12:11:45.399+0545] {taxi_metrics_dag.py:61} INFO - Getting Clickhouse Data.......
[2023-12-27T12:11:55.155+0545] {taxi_metrics_dag.py:67} ERROR - Could not complete the process..:HTTPDriver for https://github.demo.trial.altinity.cloud:8443 returned response code 400)
 Code: 62. DB::Exception: Syntax error (Multi-statements are not allowed): failed at position 1290 (end of query) (line 23, col 11): ;

 FORMAT Native. . (SYNTAX_ERROR) (version 23.10.5.20 (official build))

[2023-12-27T12:11:55.156+0545] {python.py:201} INFO - Done. Returned value was: None
[2023-12-27T12:11:55.169+0545] {taskinstance.py:1138} INFO - Marking task as SUCCESS. dag_id=metrics_pipeline, task_id=fetch_and_store_metrics, execution_date=20230528T000000, start_date=20231227T062645, end_date=20231227T062655
[2023-12-27T12:11:55.207+0545] {local_task_job_runner.py:234} INFO - Task exited with return code 0
[2023-12-27T12:11:55.217+0545] {taskinstance.py:3281} INFO - 0 downstream tasks scheduled from follow-on schedule check
