[2023-12-26T13:19:01.579+0545] {taskinstance.py:1957} INFO - Dependencies all met for dep_context=non-requeueable deps ti=<TaskInstance: metrics_pipeline.fetch_and_store_metrics scheduled__2023-06-24T00:00:00+00:00 [queued]>
[2023-12-26T13:19:01.583+0545] {taskinstance.py:1957} INFO - Dependencies all met for dep_context=requeueable deps ti=<TaskInstance: metrics_pipeline.fetch_and_store_metrics scheduled__2023-06-24T00:00:00+00:00 [queued]>
[2023-12-26T13:19:01.584+0545] {taskinstance.py:2171} INFO - Starting attempt 1 of 2
[2023-12-26T13:19:01.595+0545] {taskinstance.py:2192} INFO - Executing <Task(PythonOperator): fetch_and_store_metrics> on 2023-06-24 00:00:00+00:00
[2023-12-26T13:19:01.597+0545] {standard_task_runner.py:60} INFO - Started process 27181 to run task
[2023-12-26T13:19:01.599+0545] {standard_task_runner.py:87} INFO - Running: ['airflow', 'tasks', 'run', 'metrics_pipeline', 'fetch_and_store_metrics', 'scheduled__2023-06-24T00:00:00+00:00', '--job-id', '178', '--raw', '--subdir', 'DAGS_FOLDER/taxi_metrics_dag.py', '--cfg-path', '/tmp/tmpj23gvph9']
[2023-12-26T13:19:01.600+0545] {standard_task_runner.py:88} INFO - Job 178: Subtask fetch_and_store_metrics
[2023-12-26T13:19:01.623+0545] {task_command.py:423} INFO - Running <TaskInstance: metrics_pipeline.fetch_and_store_metrics scheduled__2023-06-24T00:00:00+00:00 [running]> on host Sarita-Thinkpad
[2023-12-26T13:19:01.688+0545] {taskinstance.py:2481} INFO - Exporting env vars: AIRFLOW_CTX_DAG_OWNER='airflow' AIRFLOW_CTX_DAG_ID='metrics_pipeline' AIRFLOW_CTX_TASK_ID='fetch_and_store_metrics' AIRFLOW_CTX_EXECUTION_DATE='2023-06-24T00:00:00+00:00' AIRFLOW_CTX_TRY_NUMBER='1' AIRFLOW_CTX_DAG_RUN_ID='scheduled__2023-06-24T00:00:00+00:00'
[2023-12-26T13:19:01.707+0545] {python.py:201} INFO - Done. Returned value was: None
[2023-12-26T13:19:01.712+0545] {taskinstance.py:1138} INFO - Marking task as SUCCESS. dag_id=metrics_pipeline, task_id=fetch_and_store_metrics, execution_date=20230624T000000, start_date=20231226T073401, end_date=20231226T073401
[2023-12-26T13:19:01.731+0545] {local_task_job_runner.py:234} INFO - Task exited with return code 0
[2023-12-26T13:19:01.739+0545] {taskinstance.py:3281} INFO - 0 downstream tasks scheduled from follow-on schedule check
[2023-12-27T12:17:59.624+0545] {taskinstance.py:1957} INFO - Dependencies all met for dep_context=non-requeueable deps ti=<TaskInstance: metrics_pipeline.fetch_and_store_metrics scheduled__2023-06-24T00:00:00+00:00 [queued]>
[2023-12-27T12:17:59.628+0545] {taskinstance.py:1957} INFO - Dependencies all met for dep_context=requeueable deps ti=<TaskInstance: metrics_pipeline.fetch_and_store_metrics scheduled__2023-06-24T00:00:00+00:00 [queued]>
[2023-12-27T12:17:59.628+0545] {taskinstance.py:2171} INFO - Starting attempt 1 of 2
[2023-12-27T12:17:59.640+0545] {taskinstance.py:2192} INFO - Executing <Task(PythonOperator): fetch_and_store_metrics> on 2023-06-24 00:00:00+00:00
[2023-12-27T12:17:59.642+0545] {standard_task_runner.py:60} INFO - Started process 13588 to run task
[2023-12-27T12:17:59.644+0545] {standard_task_runner.py:87} INFO - Running: ['airflow', 'tasks', 'run', 'metrics_pipeline', 'fetch_and_store_metrics', 'scheduled__2023-06-24T00:00:00+00:00', '--job-id', '384', '--raw', '--subdir', 'DAGS_FOLDER/taxi_metrics_dag.py', '--cfg-path', '/tmp/tmp_jvgv04c']
[2023-12-27T12:17:59.645+0545] {standard_task_runner.py:88} INFO - Job 384: Subtask fetch_and_store_metrics
[2023-12-27T12:17:59.668+0545] {task_command.py:423} INFO - Running <TaskInstance: metrics_pipeline.fetch_and_store_metrics scheduled__2023-06-24T00:00:00+00:00 [running]> on host Sarita-Thinkpad
[2023-12-27T12:17:59.716+0545] {taskinstance.py:2481} INFO - Exporting env vars: AIRFLOW_CTX_DAG_OWNER='airflow' AIRFLOW_CTX_DAG_ID='metrics_pipeline' AIRFLOW_CTX_TASK_ID='fetch_and_store_metrics' AIRFLOW_CTX_EXECUTION_DATE='2023-06-24T00:00:00+00:00' AIRFLOW_CTX_TRY_NUMBER='1' AIRFLOW_CTX_DAG_RUN_ID='scheduled__2023-06-24T00:00:00+00:00'
[2023-12-27T12:17:59.719+0545] {taxi_metrics_dag.py:61} INFO - Getting Clickhouse Data.......
[2023-12-27T12:18:03.821+0545] {taxi_metrics_dag.py:67} ERROR - Could not complete the process..:HTTPDriver for https://github.demo.trial.altinity.cloud:8443 returned response code 400)
 Code: 62. DB::Exception: Syntax error (Multi-statements are not allowed): failed at position 1290 (end of query) (line 23, col 11): ;

 FORMAT Native. . (SYNTAX_ERROR) (version 23.10.5.20 (official build))

[2023-12-27T12:18:03.822+0545] {python.py:201} INFO - Done. Returned value was: None
[2023-12-27T12:18:03.834+0545] {taskinstance.py:1138} INFO - Marking task as SUCCESS. dag_id=metrics_pipeline, task_id=fetch_and_store_metrics, execution_date=20230624T000000, start_date=20231227T063259, end_date=20231227T063303
[2023-12-27T12:18:03.877+0545] {local_task_job_runner.py:234} INFO - Task exited with return code 0
[2023-12-27T12:18:03.887+0545] {taskinstance.py:3281} INFO - 0 downstream tasks scheduled from follow-on schedule check
