[2023-12-26T13:17:25.604+0545] {taskinstance.py:1957} INFO - Dependencies all met for dep_context=non-requeueable deps ti=<TaskInstance: metrics_pipeline.fetch_and_store_metrics scheduled__2023-05-24T00:00:00+00:00 [queued]>
[2023-12-26T13:17:25.609+0545] {taskinstance.py:1957} INFO - Dependencies all met for dep_context=requeueable deps ti=<TaskInstance: metrics_pipeline.fetch_and_store_metrics scheduled__2023-05-24T00:00:00+00:00 [queued]>
[2023-12-26T13:17:25.609+0545] {taskinstance.py:2171} INFO - Starting attempt 1 of 2
[2023-12-26T13:17:25.621+0545] {taskinstance.py:2192} INFO - Executing <Task(PythonOperator): fetch_and_store_metrics> on 2023-05-24 00:00:00+00:00
[2023-12-26T13:17:25.624+0545] {standard_task_runner.py:60} INFO - Started process 26937 to run task
[2023-12-26T13:17:25.626+0545] {standard_task_runner.py:87} INFO - Running: ['airflow', 'tasks', 'run', 'metrics_pipeline', 'fetch_and_store_metrics', 'scheduled__2023-05-24T00:00:00+00:00', '--job-id', '147', '--raw', '--subdir', 'DAGS_FOLDER/taxi_metrics_dag.py', '--cfg-path', '/tmp/tmp3flbqbyb']
[2023-12-26T13:17:25.626+0545] {standard_task_runner.py:88} INFO - Job 147: Subtask fetch_and_store_metrics
[2023-12-26T13:17:25.650+0545] {task_command.py:423} INFO - Running <TaskInstance: metrics_pipeline.fetch_and_store_metrics scheduled__2023-05-24T00:00:00+00:00 [running]> on host Sarita-Thinkpad
[2023-12-26T13:17:25.702+0545] {taskinstance.py:2481} INFO - Exporting env vars: AIRFLOW_CTX_DAG_OWNER='airflow' AIRFLOW_CTX_DAG_ID='metrics_pipeline' AIRFLOW_CTX_TASK_ID='fetch_and_store_metrics' AIRFLOW_CTX_EXECUTION_DATE='2023-05-24T00:00:00+00:00' AIRFLOW_CTX_TRY_NUMBER='1' AIRFLOW_CTX_DAG_RUN_ID='scheduled__2023-05-24T00:00:00+00:00'
[2023-12-26T13:17:25.718+0545] {python.py:201} INFO - Done. Returned value was: None
[2023-12-26T13:17:25.724+0545] {taskinstance.py:1138} INFO - Marking task as SUCCESS. dag_id=metrics_pipeline, task_id=fetch_and_store_metrics, execution_date=20230524T000000, start_date=20231226T073225, end_date=20231226T073225
[2023-12-26T13:17:25.758+0545] {local_task_job_runner.py:234} INFO - Task exited with return code 0
[2023-12-26T13:17:25.766+0545] {taskinstance.py:3281} INFO - 0 downstream tasks scheduled from follow-on schedule check
[2023-12-27T12:10:58.268+0545] {taskinstance.py:1957} INFO - Dependencies all met for dep_context=non-requeueable deps ti=<TaskInstance: metrics_pipeline.fetch_and_store_metrics scheduled__2023-05-24T00:00:00+00:00 [queued]>
[2023-12-27T12:10:58.273+0545] {taskinstance.py:1957} INFO - Dependencies all met for dep_context=requeueable deps ti=<TaskInstance: metrics_pipeline.fetch_and_store_metrics scheduled__2023-05-24T00:00:00+00:00 [queued]>
[2023-12-27T12:10:58.274+0545] {taskinstance.py:2171} INFO - Starting attempt 1 of 2
[2023-12-27T12:10:58.287+0545] {taskinstance.py:2192} INFO - Executing <Task(PythonOperator): fetch_and_store_metrics> on 2023-05-24 00:00:00+00:00
[2023-12-27T12:10:58.291+0545] {standard_task_runner.py:60} INFO - Started process 12498 to run task
[2023-12-27T12:10:58.295+0545] {standard_task_runner.py:87} INFO - Running: ['airflow', 'tasks', 'run', 'metrics_pipeline', 'fetch_and_store_metrics', 'scheduled__2023-05-24T00:00:00+00:00', '--job-id', '352', '--raw', '--subdir', 'DAGS_FOLDER/taxi_metrics_dag.py', '--cfg-path', '/tmp/tmpb08x7egi']
[2023-12-27T12:10:58.295+0545] {standard_task_runner.py:88} INFO - Job 352: Subtask fetch_and_store_metrics
[2023-12-27T12:10:58.343+0545] {task_command.py:423} INFO - Running <TaskInstance: metrics_pipeline.fetch_and_store_metrics scheduled__2023-05-24T00:00:00+00:00 [running]> on host Sarita-Thinkpad
[2023-12-27T12:10:58.400+0545] {taskinstance.py:2481} INFO - Exporting env vars: AIRFLOW_CTX_DAG_OWNER='airflow' AIRFLOW_CTX_DAG_ID='metrics_pipeline' AIRFLOW_CTX_TASK_ID='fetch_and_store_metrics' AIRFLOW_CTX_EXECUTION_DATE='2023-05-24T00:00:00+00:00' AIRFLOW_CTX_TRY_NUMBER='1' AIRFLOW_CTX_DAG_RUN_ID='scheduled__2023-05-24T00:00:00+00:00'
[2023-12-27T12:10:58.401+0545] {taxi_metrics_dag.py:61} INFO - Getting Clickhouse Data.......
[2023-12-27T12:11:06.502+0545] {taxi_metrics_dag.py:67} ERROR - Could not complete the process..:HTTPDriver for https://github.demo.trial.altinity.cloud:8443 returned response code 400)
 Code: 62. DB::Exception: Syntax error (Multi-statements are not allowed): failed at position 1290 (end of query) (line 23, col 11): ;

 FORMAT Native. . (SYNTAX_ERROR) (version 23.10.5.20 (official build))

[2023-12-27T12:11:06.503+0545] {python.py:201} INFO - Done. Returned value was: None
[2023-12-27T12:11:06.516+0545] {taskinstance.py:1138} INFO - Marking task as SUCCESS. dag_id=metrics_pipeline, task_id=fetch_and_store_metrics, execution_date=20230524T000000, start_date=20231227T062558, end_date=20231227T062606
[2023-12-27T12:11:06.565+0545] {local_task_job_runner.py:234} INFO - Task exited with return code 0
[2023-12-27T12:11:06.582+0545] {taskinstance.py:3281} INFO - 0 downstream tasks scheduled from follow-on schedule check
