[2023-12-26T13:19:21.772+0545] {taskinstance.py:1957} INFO - Dependencies all met for dep_context=non-requeueable deps ti=<TaskInstance: metrics_pipeline.fetch_and_store_metrics scheduled__2023-07-01T00:00:00+00:00 [queued]>
[2023-12-26T13:19:21.777+0545] {taskinstance.py:1957} INFO - Dependencies all met for dep_context=requeueable deps ti=<TaskInstance: metrics_pipeline.fetch_and_store_metrics scheduled__2023-07-01T00:00:00+00:00 [queued]>
[2023-12-26T13:19:21.777+0545] {taskinstance.py:2171} INFO - Starting attempt 1 of 2
[2023-12-26T13:19:21.789+0545] {taskinstance.py:2192} INFO - Executing <Task(PythonOperator): fetch_and_store_metrics> on 2023-07-01 00:00:00+00:00
[2023-12-26T13:19:21.791+0545] {standard_task_runner.py:60} INFO - Started process 27229 to run task
[2023-12-26T13:19:21.794+0545] {standard_task_runner.py:87} INFO - Running: ['airflow', 'tasks', 'run', 'metrics_pipeline', 'fetch_and_store_metrics', 'scheduled__2023-07-01T00:00:00+00:00', '--job-id', '185', '--raw', '--subdir', 'DAGS_FOLDER/taxi_metrics_dag.py', '--cfg-path', '/tmp/tmpnu_twudu']
[2023-12-26T13:19:21.794+0545] {standard_task_runner.py:88} INFO - Job 185: Subtask fetch_and_store_metrics
[2023-12-26T13:19:21.818+0545] {task_command.py:423} INFO - Running <TaskInstance: metrics_pipeline.fetch_and_store_metrics scheduled__2023-07-01T00:00:00+00:00 [running]> on host Sarita-Thinkpad
[2023-12-26T13:19:21.869+0545] {taskinstance.py:2481} INFO - Exporting env vars: AIRFLOW_CTX_DAG_OWNER='airflow' AIRFLOW_CTX_DAG_ID='metrics_pipeline' AIRFLOW_CTX_TASK_ID='fetch_and_store_metrics' AIRFLOW_CTX_EXECUTION_DATE='2023-07-01T00:00:00+00:00' AIRFLOW_CTX_TRY_NUMBER='1' AIRFLOW_CTX_DAG_RUN_ID='scheduled__2023-07-01T00:00:00+00:00'
[2023-12-26T13:19:21.884+0545] {python.py:201} INFO - Done. Returned value was: None
[2023-12-26T13:19:21.894+0545] {taskinstance.py:1138} INFO - Marking task as SUCCESS. dag_id=metrics_pipeline, task_id=fetch_and_store_metrics, execution_date=20230701T000000, start_date=20231226T073421, end_date=20231226T073421
[2023-12-26T13:19:21.925+0545] {local_task_job_runner.py:234} INFO - Task exited with return code 0
[2023-12-26T13:19:21.934+0545] {taskinstance.py:3281} INFO - 0 downstream tasks scheduled from follow-on schedule check
[2023-12-27T12:19:00.140+0545] {taskinstance.py:1957} INFO - Dependencies all met for dep_context=non-requeueable deps ti=<TaskInstance: metrics_pipeline.fetch_and_store_metrics scheduled__2023-07-01T00:00:00+00:00 [queued]>
[2023-12-27T12:19:00.144+0545] {taskinstance.py:1957} INFO - Dependencies all met for dep_context=requeueable deps ti=<TaskInstance: metrics_pipeline.fetch_and_store_metrics scheduled__2023-07-01T00:00:00+00:00 [queued]>
[2023-12-27T12:19:00.144+0545] {taskinstance.py:2171} INFO - Starting attempt 1 of 2
[2023-12-27T12:19:00.157+0545] {taskinstance.py:2192} INFO - Executing <Task(PythonOperator): fetch_and_store_metrics> on 2023-07-01 00:00:00+00:00
[2023-12-27T12:19:00.162+0545] {standard_task_runner.py:60} INFO - Started process 13618 to run task
[2023-12-27T12:19:00.164+0545] {standard_task_runner.py:87} INFO - Running: ['airflow', 'tasks', 'run', 'metrics_pipeline', 'fetch_and_store_metrics', 'scheduled__2023-07-01T00:00:00+00:00', '--job-id', '391', '--raw', '--subdir', 'DAGS_FOLDER/taxi_metrics_dag.py', '--cfg-path', '/tmp/tmp9gobj4oq']
[2023-12-27T12:19:00.164+0545] {standard_task_runner.py:88} INFO - Job 391: Subtask fetch_and_store_metrics
[2023-12-27T12:19:00.187+0545] {task_command.py:423} INFO - Running <TaskInstance: metrics_pipeline.fetch_and_store_metrics scheduled__2023-07-01T00:00:00+00:00 [running]> on host Sarita-Thinkpad
[2023-12-27T12:19:00.232+0545] {taskinstance.py:2481} INFO - Exporting env vars: AIRFLOW_CTX_DAG_OWNER='airflow' AIRFLOW_CTX_DAG_ID='metrics_pipeline' AIRFLOW_CTX_TASK_ID='fetch_and_store_metrics' AIRFLOW_CTX_EXECUTION_DATE='2023-07-01T00:00:00+00:00' AIRFLOW_CTX_TRY_NUMBER='1' AIRFLOW_CTX_DAG_RUN_ID='scheduled__2023-07-01T00:00:00+00:00'
[2023-12-27T12:19:00.233+0545] {taxi_metrics_dag.py:61} INFO - Getting Clickhouse Data.......
[2023-12-27T12:19:04.809+0545] {taxi_metrics_dag.py:67} ERROR - Could not complete the process..:HTTPDriver for https://github.demo.trial.altinity.cloud:8443 returned response code 400)
 Code: 62. DB::Exception: Syntax error (Multi-statements are not allowed): failed at position 1290 (end of query) (line 23, col 11): ;

 FORMAT Native. . (SYNTAX_ERROR) (version 23.10.5.20 (official build))

[2023-12-27T12:19:04.810+0545] {python.py:201} INFO - Done. Returned value was: None
[2023-12-27T12:19:04.816+0545] {taskinstance.py:1138} INFO - Marking task as SUCCESS. dag_id=metrics_pipeline, task_id=fetch_and_store_metrics, execution_date=20230701T000000, start_date=20231227T063400, end_date=20231227T063404
[2023-12-27T12:19:04.838+0545] {local_task_job_runner.py:234} INFO - Task exited with return code 0
[2023-12-27T12:19:04.847+0545] {taskinstance.py:3281} INFO - 0 downstream tasks scheduled from follow-on schedule check
