[2023-12-26T13:22:00.978+0545] {taskinstance.py:1957} INFO - Dependencies all met for dep_context=non-requeueable deps ti=<TaskInstance: metrics_pipeline.fetch_and_store_metrics scheduled__2023-08-24T00:00:00+00:00 [queued]>
[2023-12-26T13:22:00.983+0545] {taskinstance.py:1957} INFO - Dependencies all met for dep_context=requeueable deps ti=<TaskInstance: metrics_pipeline.fetch_and_store_metrics scheduled__2023-08-24T00:00:00+00:00 [queued]>
[2023-12-26T13:22:00.983+0545] {taskinstance.py:2171} INFO - Starting attempt 1 of 2
[2023-12-26T13:22:00.994+0545] {taskinstance.py:2192} INFO - Executing <Task(PythonOperator): fetch_and_store_metrics> on 2023-08-24 00:00:00+00:00
[2023-12-26T13:22:00.997+0545] {standard_task_runner.py:60} INFO - Started process 27640 to run task
[2023-12-26T13:22:00.998+0545] {standard_task_runner.py:87} INFO - Running: ['airflow', 'tasks', 'run', 'metrics_pipeline', 'fetch_and_store_metrics', 'scheduled__2023-08-24T00:00:00+00:00', '--job-id', '239', '--raw', '--subdir', 'DAGS_FOLDER/taxi_metrics_dag.py', '--cfg-path', '/tmp/tmp1eszkszq']
[2023-12-26T13:22:00.999+0545] {standard_task_runner.py:88} INFO - Job 239: Subtask fetch_and_store_metrics
[2023-12-26T13:22:01.023+0545] {task_command.py:423} INFO - Running <TaskInstance: metrics_pipeline.fetch_and_store_metrics scheduled__2023-08-24T00:00:00+00:00 [running]> on host Sarita-Thinkpad
[2023-12-26T13:22:01.074+0545] {taskinstance.py:2481} INFO - Exporting env vars: AIRFLOW_CTX_DAG_OWNER='airflow' AIRFLOW_CTX_DAG_ID='metrics_pipeline' AIRFLOW_CTX_TASK_ID='fetch_and_store_metrics' AIRFLOW_CTX_EXECUTION_DATE='2023-08-24T00:00:00+00:00' AIRFLOW_CTX_TRY_NUMBER='1' AIRFLOW_CTX_DAG_RUN_ID='scheduled__2023-08-24T00:00:00+00:00'
[2023-12-26T13:22:01.091+0545] {python.py:201} INFO - Done. Returned value was: None
[2023-12-26T13:22:01.095+0545] {taskinstance.py:1138} INFO - Marking task as SUCCESS. dag_id=metrics_pipeline, task_id=fetch_and_store_metrics, execution_date=20230824T000000, start_date=20231226T073700, end_date=20231226T073701
[2023-12-26T13:22:01.130+0545] {local_task_job_runner.py:234} INFO - Task exited with return code 0
[2023-12-26T13:22:01.140+0545] {taskinstance.py:3281} INFO - 0 downstream tasks scheduled from follow-on schedule check
[2023-12-27T09:54:18.570+0545] {taskinstance.py:1957} INFO - Dependencies all met for dep_context=non-requeueable deps ti=<TaskInstance: metrics_pipeline.fetch_and_store_metrics scheduled__2023-08-24T00:00:00+00:00 [queued]>
[2023-12-27T09:54:18.576+0545] {taskinstance.py:1957} INFO - Dependencies all met for dep_context=requeueable deps ti=<TaskInstance: metrics_pipeline.fetch_and_store_metrics scheduled__2023-08-24T00:00:00+00:00 [queued]>
[2023-12-27T09:54:18.576+0545] {taskinstance.py:2171} INFO - Starting attempt 1 of 2
[2023-12-27T09:54:18.593+0545] {taskinstance.py:2192} INFO - Executing <Task(PythonOperator): fetch_and_store_metrics> on 2023-08-24 00:00:00+00:00
[2023-12-27T09:54:18.596+0545] {standard_task_runner.py:60} INFO - Started process 9206 to run task
[2023-12-27T09:54:18.598+0545] {standard_task_runner.py:87} INFO - Running: ['airflow', 'tasks', 'run', 'metrics_pipeline', 'fetch_and_store_metrics', 'scheduled__2023-08-24T00:00:00+00:00', '--job-id', '340', '--raw', '--subdir', 'DAGS_FOLDER/taxi_metrics_dag.py', '--cfg-path', '/tmp/tmpzv51pua2']
[2023-12-27T09:54:18.599+0545] {standard_task_runner.py:88} INFO - Job 340: Subtask fetch_and_store_metrics
[2023-12-27T09:54:18.642+0545] {task_command.py:423} INFO - Running <TaskInstance: metrics_pipeline.fetch_and_store_metrics scheduled__2023-08-24T00:00:00+00:00 [running]> on host Sarita-Thinkpad
[2023-12-27T09:54:18.687+0545] {taskinstance.py:2481} INFO - Exporting env vars: AIRFLOW_CTX_DAG_OWNER='airflow' AIRFLOW_CTX_DAG_ID='metrics_pipeline' AIRFLOW_CTX_TASK_ID='fetch_and_store_metrics' AIRFLOW_CTX_EXECUTION_DATE='2023-08-24T00:00:00+00:00' AIRFLOW_CTX_TRY_NUMBER='1' AIRFLOW_CTX_DAG_RUN_ID='scheduled__2023-08-24T00:00:00+00:00'
[2023-12-27T09:54:20.982+0545] {logging_mixin.py:188} INFO - <sqlalchemy.engine.cursor.LegacyCursorResult object at 0x7fdf03a48070>
[2023-12-27T09:54:20.997+0545] {logging_mixin.py:188} INFO - <sqlalchemy.engine.cursor.LegacyCursorResult object at 0x7fdf039c3b80>
[2023-12-27T09:54:21.011+0545] {logging_mixin.py:188} INFO - <sqlalchemy.engine.cursor.LegacyCursorResult object at 0x7fdf03a48d90>
[2023-12-27T09:54:21.026+0545] {logging_mixin.py:188} INFO - <sqlalchemy.engine.cursor.LegacyCursorResult object at 0x7fdf039c3a60>
[2023-12-27T09:54:21.041+0545] {logging_mixin.py:188} INFO - <sqlalchemy.engine.cursor.LegacyCursorResult object at 0x7fdf039cefd0>
[2023-12-27T09:54:21.055+0545] {logging_mixin.py:188} INFO - <sqlalchemy.engine.cursor.LegacyCursorResult object at 0x7fdf03a48ee0>
[2023-12-27T09:54:21.069+0545] {logging_mixin.py:188} INFO - <sqlalchemy.engine.cursor.LegacyCursorResult object at 0x7fdf039c6fd0>
[2023-12-27T09:54:21.083+0545] {logging_mixin.py:188} INFO - <sqlalchemy.engine.cursor.LegacyCursorResult object at 0x7fdf039980a0>
[2023-12-27T09:54:21.099+0545] {logging_mixin.py:188} INFO - <sqlalchemy.engine.cursor.LegacyCursorResult object at 0x7fdf03998250>
[2023-12-27T09:54:21.114+0545] {logging_mixin.py:188} INFO - <sqlalchemy.engine.cursor.LegacyCursorResult object at 0x7fdf03998220>
[2023-12-27T09:54:21.129+0545] {logging_mixin.py:188} INFO - <sqlalchemy.engine.cursor.LegacyCursorResult object at 0x7fdf039f4250>
[2023-12-27T09:54:21.145+0545] {logging_mixin.py:188} INFO - <sqlalchemy.engine.cursor.LegacyCursorResult object at 0x7fdf03995f40>
[2023-12-27T09:54:21.160+0545] {logging_mixin.py:188} INFO - <sqlalchemy.engine.cursor.LegacyCursorResult object at 0x7fdf039cce80>
[2023-12-27T09:54:21.160+0545] {python.py:201} INFO - Done. Returned value was: None
[2023-12-27T09:54:21.163+0545] {taskinstance.py:1138} INFO - Marking task as SUCCESS. dag_id=metrics_pipeline, task_id=fetch_and_store_metrics, execution_date=20230824T000000, start_date=20231227T040918, end_date=20231227T040921
[2023-12-27T09:54:21.180+0545] {local_task_job_runner.py:234} INFO - Task exited with return code 0
[2023-12-27T09:54:21.189+0545] {taskinstance.py:3281} INFO - 0 downstream tasks scheduled from follow-on schedule check
[2023-12-27T12:43:04.033+0545] {taskinstance.py:1957} INFO - Dependencies all met for dep_context=non-requeueable deps ti=<TaskInstance: metrics_pipeline.fetch_and_store_metrics scheduled__2023-08-24T00:00:00+00:00 [queued]>
[2023-12-27T12:43:04.037+0545] {taskinstance.py:1957} INFO - Dependencies all met for dep_context=requeueable deps ti=<TaskInstance: metrics_pipeline.fetch_and_store_metrics scheduled__2023-08-24T00:00:00+00:00 [queued]>
[2023-12-27T12:43:04.037+0545] {taskinstance.py:2171} INFO - Starting attempt 1 of 2
[2023-12-27T12:43:04.049+0545] {taskinstance.py:2192} INFO - Executing <Task(PythonOperator): fetch_and_store_metrics> on 2023-08-24 00:00:00+00:00
[2023-12-27T12:43:04.052+0545] {standard_task_runner.py:60} INFO - Started process 16807 to run task
[2023-12-27T12:43:04.054+0545] {standard_task_runner.py:87} INFO - Running: ['airflow', 'tasks', 'run', 'metrics_pipeline', 'fetch_and_store_metrics', 'scheduled__2023-08-24T00:00:00+00:00', '--job-id', '459', '--raw', '--subdir', 'DAGS_FOLDER/taxi_metrics_dag.py', '--cfg-path', '/tmp/tmpaat8t60r']
[2023-12-27T12:43:04.054+0545] {standard_task_runner.py:88} INFO - Job 459: Subtask fetch_and_store_metrics
[2023-12-27T12:43:04.101+0545] {task_command.py:423} INFO - Running <TaskInstance: metrics_pipeline.fetch_and_store_metrics scheduled__2023-08-24T00:00:00+00:00 [running]> on host Sarita-Thinkpad
[2023-12-27T12:43:04.155+0545] {taskinstance.py:2481} INFO - Exporting env vars: AIRFLOW_CTX_DAG_OWNER='airflow' AIRFLOW_CTX_DAG_ID='metrics_pipeline' AIRFLOW_CTX_TASK_ID='fetch_and_store_metrics' AIRFLOW_CTX_EXECUTION_DATE='2023-08-24T00:00:00+00:00' AIRFLOW_CTX_TRY_NUMBER='1' AIRFLOW_CTX_DAG_RUN_ID='scheduled__2023-08-24T00:00:00+00:00'
[2023-12-27T12:43:04.157+0545] {taxi_metrics_dag.py:61} INFO - Getting Clickhouse Data.......
[2023-12-27T12:43:06.748+0545] {taxi_metrics_dag.py:63} INFO - Inserting Data into SQLite.....
[2023-12-27T12:43:06.779+0545] {taxi_metrics_dag.py:56} INFO - Successfully inserted data into SQLite!!
[2023-12-27T12:43:06.779+0545] {taxi_metrics_dag.py:65} INFO - Task completed successfully!!
[2023-12-27T12:43:06.779+0545] {python.py:201} INFO - Done. Returned value was: None
[2023-12-27T12:43:06.784+0545] {taskinstance.py:1138} INFO - Marking task as SUCCESS. dag_id=metrics_pipeline, task_id=fetch_and_store_metrics, execution_date=20230824T000000, start_date=20231227T065804, end_date=20231227T065806
[2023-12-27T12:43:06.834+0545] {local_task_job_runner.py:234} INFO - Task exited with return code 0
[2023-12-27T12:43:06.849+0545] {taskinstance.py:3281} INFO - 0 downstream tasks scheduled from follow-on schedule check
