[2023-12-26T13:18:34.664+0545] {taskinstance.py:1957} INFO - Dependencies all met for dep_context=non-requeueable deps ti=<TaskInstance: metrics_pipeline.fetch_and_store_metrics scheduled__2023-06-15T00:00:00+00:00 [queued]>
[2023-12-26T13:18:34.671+0545] {taskinstance.py:1957} INFO - Dependencies all met for dep_context=requeueable deps ti=<TaskInstance: metrics_pipeline.fetch_and_store_metrics scheduled__2023-06-15T00:00:00+00:00 [queued]>
[2023-12-26T13:18:34.671+0545] {taskinstance.py:2171} INFO - Starting attempt 1 of 2
[2023-12-26T13:18:34.684+0545] {taskinstance.py:2192} INFO - Executing <Task(PythonOperator): fetch_and_store_metrics> on 2023-06-15 00:00:00+00:00
[2023-12-26T13:18:34.686+0545] {standard_task_runner.py:60} INFO - Started process 27114 to run task
[2023-12-26T13:18:34.688+0545] {standard_task_runner.py:87} INFO - Running: ['airflow', 'tasks', 'run', 'metrics_pipeline', 'fetch_and_store_metrics', 'scheduled__2023-06-15T00:00:00+00:00', '--job-id', '169', '--raw', '--subdir', 'DAGS_FOLDER/taxi_metrics_dag.py', '--cfg-path', '/tmp/tmpi_hl0fw5']
[2023-12-26T13:18:34.689+0545] {standard_task_runner.py:88} INFO - Job 169: Subtask fetch_and_store_metrics
[2023-12-26T13:18:34.715+0545] {task_command.py:423} INFO - Running <TaskInstance: metrics_pipeline.fetch_and_store_metrics scheduled__2023-06-15T00:00:00+00:00 [running]> on host Sarita-Thinkpad
[2023-12-26T13:18:34.767+0545] {taskinstance.py:2481} INFO - Exporting env vars: AIRFLOW_CTX_DAG_OWNER='airflow' AIRFLOW_CTX_DAG_ID='metrics_pipeline' AIRFLOW_CTX_TASK_ID='fetch_and_store_metrics' AIRFLOW_CTX_EXECUTION_DATE='2023-06-15T00:00:00+00:00' AIRFLOW_CTX_TRY_NUMBER='1' AIRFLOW_CTX_DAG_RUN_ID='scheduled__2023-06-15T00:00:00+00:00'
[2023-12-26T13:18:34.782+0545] {python.py:201} INFO - Done. Returned value was: None
[2023-12-26T13:18:34.786+0545] {taskinstance.py:1138} INFO - Marking task as SUCCESS. dag_id=metrics_pipeline, task_id=fetch_and_store_metrics, execution_date=20230615T000000, start_date=20231226T073334, end_date=20231226T073334
[2023-12-26T13:18:34.820+0545] {local_task_job_runner.py:234} INFO - Task exited with return code 0
[2023-12-26T13:18:34.829+0545] {taskinstance.py:3281} INFO - 0 downstream tasks scheduled from follow-on schedule check
[2023-12-27T12:16:28.712+0545] {taskinstance.py:1957} INFO - Dependencies all met for dep_context=non-requeueable deps ti=<TaskInstance: metrics_pipeline.fetch_and_store_metrics scheduled__2023-06-15T00:00:00+00:00 [queued]>
[2023-12-27T12:16:28.716+0545] {taskinstance.py:1957} INFO - Dependencies all met for dep_context=requeueable deps ti=<TaskInstance: metrics_pipeline.fetch_and_store_metrics scheduled__2023-06-15T00:00:00+00:00 [queued]>
[2023-12-27T12:16:28.716+0545] {taskinstance.py:2171} INFO - Starting attempt 1 of 2
[2023-12-27T12:16:28.728+0545] {taskinstance.py:2192} INFO - Executing <Task(PythonOperator): fetch_and_store_metrics> on 2023-06-15 00:00:00+00:00
[2023-12-27T12:16:28.734+0545] {standard_task_runner.py:60} INFO - Started process 13351 to run task
[2023-12-27T12:16:28.738+0545] {standard_task_runner.py:87} INFO - Running: ['airflow', 'tasks', 'run', 'metrics_pipeline', 'fetch_and_store_metrics', 'scheduled__2023-06-15T00:00:00+00:00', '--job-id', '375', '--raw', '--subdir', 'DAGS_FOLDER/taxi_metrics_dag.py', '--cfg-path', '/tmp/tmplx6qdhgk']
[2023-12-27T12:16:28.738+0545] {standard_task_runner.py:88} INFO - Job 375: Subtask fetch_and_store_metrics
[2023-12-27T12:16:28.782+0545] {task_command.py:423} INFO - Running <TaskInstance: metrics_pipeline.fetch_and_store_metrics scheduled__2023-06-15T00:00:00+00:00 [running]> on host Sarita-Thinkpad
[2023-12-27T12:16:28.836+0545] {taskinstance.py:2481} INFO - Exporting env vars: AIRFLOW_CTX_DAG_OWNER='airflow' AIRFLOW_CTX_DAG_ID='metrics_pipeline' AIRFLOW_CTX_TASK_ID='fetch_and_store_metrics' AIRFLOW_CTX_EXECUTION_DATE='2023-06-15T00:00:00+00:00' AIRFLOW_CTX_TRY_NUMBER='1' AIRFLOW_CTX_DAG_RUN_ID='scheduled__2023-06-15T00:00:00+00:00'
[2023-12-27T12:16:28.837+0545] {taxi_metrics_dag.py:61} INFO - Getting Clickhouse Data.......
[2023-12-27T12:16:35.284+0545] {taxi_metrics_dag.py:67} ERROR - Could not complete the process..:HTTPDriver for https://github.demo.trial.altinity.cloud:8443 returned response code 400)
 Code: 62. DB::Exception: Syntax error (Multi-statements are not allowed): failed at position 1290 (end of query) (line 23, col 11): ;

 FORMAT Native. . (SYNTAX_ERROR) (version 23.10.5.20 (official build))

[2023-12-27T12:16:35.285+0545] {python.py:201} INFO - Done. Returned value was: None
[2023-12-27T12:16:35.297+0545] {taskinstance.py:1138} INFO - Marking task as SUCCESS. dag_id=metrics_pipeline, task_id=fetch_and_store_metrics, execution_date=20230615T000000, start_date=20231227T063128, end_date=20231227T063135
[2023-12-27T12:16:35.360+0545] {local_task_job_runner.py:234} INFO - Task exited with return code 0
[2023-12-27T12:16:35.371+0545] {taskinstance.py:3281} INFO - 0 downstream tasks scheduled from follow-on schedule check
