[2023-12-26T13:23:38.000+0545] {taskinstance.py:1957} INFO - Dependencies all met for dep_context=non-requeueable deps ti=<TaskInstance: metrics_pipeline.fetch_and_store_metrics scheduled__2023-09-26T00:00:00+00:00 [queued]>
[2023-12-26T13:23:38.005+0545] {taskinstance.py:1957} INFO - Dependencies all met for dep_context=requeueable deps ti=<TaskInstance: metrics_pipeline.fetch_and_store_metrics scheduled__2023-09-26T00:00:00+00:00 [queued]>
[2023-12-26T13:23:38.005+0545] {taskinstance.py:2171} INFO - Starting attempt 1 of 2
[2023-12-26T13:23:38.017+0545] {taskinstance.py:2192} INFO - Executing <Task(PythonOperator): fetch_and_store_metrics> on 2023-09-26 00:00:00+00:00
[2023-12-26T13:23:38.019+0545] {standard_task_runner.py:60} INFO - Started process 27889 to run task
[2023-12-26T13:23:38.021+0545] {standard_task_runner.py:87} INFO - Running: ['airflow', 'tasks', 'run', 'metrics_pipeline', 'fetch_and_store_metrics', 'scheduled__2023-09-26T00:00:00+00:00', '--job-id', '272', '--raw', '--subdir', 'DAGS_FOLDER/taxi_metrics_dag.py', '--cfg-path', '/tmp/tmpeemg6ctj']
[2023-12-26T13:23:38.021+0545] {standard_task_runner.py:88} INFO - Job 272: Subtask fetch_and_store_metrics
[2023-12-26T13:23:38.045+0545] {task_command.py:423} INFO - Running <TaskInstance: metrics_pipeline.fetch_and_store_metrics scheduled__2023-09-26T00:00:00+00:00 [running]> on host Sarita-Thinkpad
[2023-12-26T13:23:38.097+0545] {taskinstance.py:2481} INFO - Exporting env vars: AIRFLOW_CTX_DAG_OWNER='airflow' AIRFLOW_CTX_DAG_ID='metrics_pipeline' AIRFLOW_CTX_TASK_ID='fetch_and_store_metrics' AIRFLOW_CTX_EXECUTION_DATE='2023-09-26T00:00:00+00:00' AIRFLOW_CTX_TRY_NUMBER='1' AIRFLOW_CTX_DAG_RUN_ID='scheduled__2023-09-26T00:00:00+00:00'
[2023-12-26T13:23:38.112+0545] {python.py:201} INFO - Done. Returned value was: None
[2023-12-26T13:23:38.115+0545] {taskinstance.py:1138} INFO - Marking task as SUCCESS. dag_id=metrics_pipeline, task_id=fetch_and_store_metrics, execution_date=20230926T000000, start_date=20231226T073838, end_date=20231226T073838
[2023-12-26T13:23:38.153+0545] {local_task_job_runner.py:234} INFO - Task exited with return code 0
[2023-12-26T13:23:38.181+0545] {taskinstance.py:3281} INFO - 0 downstream tasks scheduled from follow-on schedule check
[2023-12-27T16:15:21.290+0545] {taskinstance.py:1957} INFO - Dependencies all met for dep_context=non-requeueable deps ti=<TaskInstance: metrics_pipeline.fetch_and_store_metrics scheduled__2023-09-26T00:00:00+00:00 [queued]>
[2023-12-27T16:15:21.295+0545] {taskinstance.py:1957} INFO - Dependencies all met for dep_context=requeueable deps ti=<TaskInstance: metrics_pipeline.fetch_and_store_metrics scheduled__2023-09-26T00:00:00+00:00 [queued]>
[2023-12-27T16:15:21.295+0545] {taskinstance.py:2171} INFO - Starting attempt 1 of 2
[2023-12-27T16:15:21.307+0545] {taskinstance.py:2192} INFO - Executing <Task(PythonOperator): fetch_and_store_metrics> on 2023-09-26 00:00:00+00:00
[2023-12-27T16:15:21.309+0545] {standard_task_runner.py:60} INFO - Started process 24733 to run task
[2023-12-27T16:15:21.311+0545] {standard_task_runner.py:87} INFO - Running: ['airflow', 'tasks', 'run', 'metrics_pipeline', 'fetch_and_store_metrics', 'scheduled__2023-09-26T00:00:00+00:00', '--job-id', '500', '--raw', '--subdir', 'DAGS_FOLDER/taxi_metrics_dag.py', '--cfg-path', '/tmp/tmplnjw1u26']
[2023-12-27T16:15:21.312+0545] {standard_task_runner.py:88} INFO - Job 500: Subtask fetch_and_store_metrics
[2023-12-27T16:15:21.336+0545] {task_command.py:423} INFO - Running <TaskInstance: metrics_pipeline.fetch_and_store_metrics scheduled__2023-09-26T00:00:00+00:00 [running]> on host Sarita-Thinkpad
[2023-12-27T16:15:21.384+0545] {taskinstance.py:2481} INFO - Exporting env vars: AIRFLOW_CTX_DAG_OWNER='airflow' AIRFLOW_CTX_DAG_ID='metrics_pipeline' AIRFLOW_CTX_TASK_ID='fetch_and_store_metrics' AIRFLOW_CTX_EXECUTION_DATE='2023-09-26T00:00:00+00:00' AIRFLOW_CTX_TRY_NUMBER='1' AIRFLOW_CTX_DAG_RUN_ID='scheduled__2023-09-26T00:00:00+00:00'
[2023-12-27T16:15:21.385+0545] {taxi_metrics_dag.py:64} INFO - Getting Clickhouse Data.......
[2023-12-27T16:15:26.928+0545] {taxi_metrics_dag.py:66} INFO - Inserting Data into SQLite.....
[2023-12-27T16:15:26.962+0545] {taxi_metrics_dag.py:59} INFO - Successfully inserted data into SQLite!!
[2023-12-27T16:15:26.963+0545] {taxi_metrics_dag.py:68} INFO - Task completed successfully!!
[2023-12-27T16:15:26.963+0545] {python.py:201} INFO - Done. Returned value was: None
[2023-12-27T16:15:26.969+0545] {taskinstance.py:1138} INFO - Marking task as SUCCESS. dag_id=metrics_pipeline, task_id=fetch_and_store_metrics, execution_date=20230926T000000, start_date=20231227T103021, end_date=20231227T103026
[2023-12-27T16:15:27.020+0545] {local_task_job_runner.py:234} INFO - Task exited with return code 0
[2023-12-27T16:15:27.030+0545] {taskinstance.py:3281} INFO - 0 downstream tasks scheduled from follow-on schedule check
